[2023-10-30 08:31:01,542] {taskinstance.py:1179} INFO - Dependencies all met for <TaskInstance: predict.predict manual__2023-10-30T06:57:07.758974+00:00 [queued]>
[2023-10-30 08:31:01,555] {taskinstance.py:1179} INFO - Dependencies all met for <TaskInstance: predict.predict manual__2023-10-30T06:57:07.758974+00:00 [queued]>
[2023-10-30 08:31:01,555] {taskinstance.py:1376} INFO - 
--------------------------------------------------------------------------------
[2023-10-30 08:31:01,556] {taskinstance.py:1377} INFO - Starting attempt 8 of 11
[2023-10-30 08:31:01,556] {taskinstance.py:1378} INFO - 
--------------------------------------------------------------------------------
[2023-10-30 08:31:01,574] {taskinstance.py:1397} INFO - Executing <Task(PythonOperator): predict> on 2023-10-30 06:57:07.758974+00:00
[2023-10-30 08:31:01,581] {standard_task_runner.py:52} INFO - Started process 60 to run task
[2023-10-30 08:31:01,585] {standard_task_runner.py:79} INFO - Running: ['***', 'tasks', 'run', 'predict', 'predict', 'manual__2023-10-30T06:57:07.758974+00:00', '--job-id', '150', '--raw', '--subdir', 'DAGS_FOLDER/predict_dag.py', '--cfg-path', '/tmp/tmpo0wcgmnt', '--error-file', '/tmp/tmpqy36ffiv']
[2023-10-30 08:31:01,585] {standard_task_runner.py:80} INFO - Job 150: Subtask predict
[2023-10-30 08:31:01,694] {task_command.py:371} INFO - Running <TaskInstance: predict.predict manual__2023-10-30T06:57:07.758974+00:00 [running]> on host 5447ec3a28c0
[2023-10-30 08:31:01,801] {taskinstance.py:1591} INFO - Exporting the following env vars:
AIRFLOW_CTX_DAG_OWNER=Admin
AIRFLOW_CTX_DAG_ID=predict
AIRFLOW_CTX_TASK_ID=predict
AIRFLOW_CTX_EXECUTION_DATE=2023-10-30T06:57:07.758974+00:00
AIRFLOW_CTX_TRY_NUMBER=8
AIRFLOW_CTX_DAG_RUN_ID=manual__2023-10-30T06:57:07.758974+00:00
[2023-10-30 08:31:01,938] {python.py:173} INFO - Done. Returned value was: None
[2023-10-30 08:31:01,980] {taskinstance.py:1420} INFO - Marking task as SUCCESS. dag_id=predict, task_id=predict, execution_date=20231030T065707, start_date=20231030T083101, end_date=20231030T083101
[2023-10-30 08:31:02,044] {local_task_job.py:156} INFO - Task exited with return code 0
[2023-10-30 08:31:02,090] {local_task_job.py:273} INFO - 0 downstream tasks scheduled from follow-on schedule check
