[2023-10-27 05:19:31,993] {processor.py:153} INFO - Started process (PID=45) to work on /home/airflow/.local/lib/python3.7/site-packages/airflow/example_dags/example_skip_dag.py
[2023-10-27 05:19:31,994] {processor.py:641} INFO - Processing file /home/airflow/.local/lib/python3.7/site-packages/airflow/example_dags/example_skip_dag.py for tasks to queue
[2023-10-27 05:19:31,994] {logging_mixin.py:115} INFO - [2023-10-27 05:19:31,994] {dagbag.py:508} INFO - Filling up the DagBag from /home/airflow/.local/lib/python3.7/site-packages/airflow/example_dags/example_skip_dag.py
[2023-10-27 05:19:32,016] {processor.py:651} INFO - DAG(s) dict_keys(['example_skip_dag']) retrieved from /home/airflow/.local/lib/python3.7/site-packages/airflow/example_dags/example_skip_dag.py
[2023-10-27 05:19:32,153] {logging_mixin.py:115} INFO - [2023-10-27 05:19:32,153] {manager.py:508} INFO - Created Permission View: can delete on DAG:example_skip_dag
[2023-10-27 05:19:32,171] {logging_mixin.py:115} INFO - [2023-10-27 05:19:32,171] {manager.py:508} INFO - Created Permission View: can read on DAG:example_skip_dag
[2023-10-27 05:19:32,182] {logging_mixin.py:115} INFO - [2023-10-27 05:19:32,182] {manager.py:508} INFO - Created Permission View: can edit on DAG:example_skip_dag
[2023-10-27 05:19:32,183] {logging_mixin.py:115} INFO - [2023-10-27 05:19:32,183] {dag.py:2420} INFO - Sync 1 DAGs
[2023-10-27 05:19:32,201] {logging_mixin.py:115} INFO - [2023-10-27 05:19:32,201] {dag.py:2439} INFO - Creating ORM DAG for example_skip_dag
[2023-10-27 05:19:32,235] {logging_mixin.py:115} INFO - [2023-10-27 05:19:32,235] {dag.py:2972} INFO - Setting next_dagrun for example_skip_dag to 2023-10-26T05:19:32.235063+00:00, run_after=2023-10-27T05:19:32.235063+00:00
[2023-10-27 05:19:32,264] {processor.py:161} INFO - Processing /home/airflow/.local/lib/python3.7/site-packages/airflow/example_dags/example_skip_dag.py took 0.280 seconds
[2023-10-27 05:20:02,532] {processor.py:153} INFO - Started process (PID=108) to work on /home/airflow/.local/lib/python3.7/site-packages/airflow/example_dags/example_skip_dag.py
[2023-10-27 05:20:02,532] {processor.py:641} INFO - Processing file /home/airflow/.local/lib/python3.7/site-packages/airflow/example_dags/example_skip_dag.py for tasks to queue
[2023-10-27 05:20:02,533] {logging_mixin.py:115} INFO - [2023-10-27 05:20:02,533] {dagbag.py:508} INFO - Filling up the DagBag from /home/airflow/.local/lib/python3.7/site-packages/airflow/example_dags/example_skip_dag.py
[2023-10-27 05:20:02,539] {processor.py:651} INFO - DAG(s) dict_keys(['example_skip_dag']) retrieved from /home/airflow/.local/lib/python3.7/site-packages/airflow/example_dags/example_skip_dag.py
[2023-10-27 05:20:02,571] {logging_mixin.py:115} INFO - [2023-10-27 05:20:02,571] {dag.py:2420} INFO - Sync 1 DAGs
[2023-10-27 05:20:02,597] {logging_mixin.py:115} INFO - [2023-10-27 05:20:02,597] {dag.py:2972} INFO - Setting next_dagrun for example_skip_dag to 2023-10-26T05:20:02.596777+00:00, run_after=2023-10-27T05:20:02.596777+00:00
[2023-10-27 05:20:02,611] {processor.py:161} INFO - Processing /home/airflow/.local/lib/python3.7/site-packages/airflow/example_dags/example_skip_dag.py took 0.083 seconds
[2023-10-27 05:20:33,114] {processor.py:153} INFO - Started process (PID=160) to work on /home/airflow/.local/lib/python3.7/site-packages/airflow/example_dags/example_skip_dag.py
[2023-10-27 05:20:33,115] {processor.py:641} INFO - Processing file /home/airflow/.local/lib/python3.7/site-packages/airflow/example_dags/example_skip_dag.py for tasks to queue
[2023-10-27 05:20:33,115] {logging_mixin.py:115} INFO - [2023-10-27 05:20:33,115] {dagbag.py:508} INFO - Filling up the DagBag from /home/airflow/.local/lib/python3.7/site-packages/airflow/example_dags/example_skip_dag.py
[2023-10-27 05:20:33,122] {processor.py:651} INFO - DAG(s) dict_keys(['example_skip_dag']) retrieved from /home/airflow/.local/lib/python3.7/site-packages/airflow/example_dags/example_skip_dag.py
[2023-10-27 05:20:33,155] {logging_mixin.py:115} INFO - [2023-10-27 05:20:33,155] {dag.py:2420} INFO - Sync 1 DAGs
[2023-10-27 05:20:33,182] {logging_mixin.py:115} INFO - [2023-10-27 05:20:33,182] {dag.py:2972} INFO - Setting next_dagrun for example_skip_dag to 2023-10-26T05:20:33.182243+00:00, run_after=2023-10-27T05:20:33.182243+00:00
[2023-10-27 05:20:33,196] {processor.py:161} INFO - Processing /home/airflow/.local/lib/python3.7/site-packages/airflow/example_dags/example_skip_dag.py took 0.086 seconds
[2023-10-27 05:21:03,368] {processor.py:153} INFO - Started process (PID=221) to work on /home/airflow/.local/lib/python3.7/site-packages/airflow/example_dags/example_skip_dag.py
[2023-10-27 05:21:03,368] {processor.py:641} INFO - Processing file /home/airflow/.local/lib/python3.7/site-packages/airflow/example_dags/example_skip_dag.py for tasks to queue
[2023-10-27 05:21:03,369] {logging_mixin.py:115} INFO - [2023-10-27 05:21:03,369] {dagbag.py:508} INFO - Filling up the DagBag from /home/airflow/.local/lib/python3.7/site-packages/airflow/example_dags/example_skip_dag.py
[2023-10-27 05:21:03,376] {processor.py:651} INFO - DAG(s) dict_keys(['example_skip_dag']) retrieved from /home/airflow/.local/lib/python3.7/site-packages/airflow/example_dags/example_skip_dag.py
[2023-10-27 05:21:03,408] {logging_mixin.py:115} INFO - [2023-10-27 05:21:03,408] {dag.py:2420} INFO - Sync 1 DAGs
[2023-10-27 05:21:03,436] {logging_mixin.py:115} INFO - [2023-10-27 05:21:03,436] {dag.py:2972} INFO - Setting next_dagrun for example_skip_dag to 2023-10-26T05:21:03.436182+00:00, run_after=2023-10-27T05:21:03.436182+00:00
[2023-10-27 05:21:03,450] {processor.py:161} INFO - Processing /home/airflow/.local/lib/python3.7/site-packages/airflow/example_dags/example_skip_dag.py took 0.086 seconds
[2023-10-27 05:21:33,506] {processor.py:153} INFO - Started process (PID=282) to work on /home/airflow/.local/lib/python3.7/site-packages/airflow/example_dags/example_skip_dag.py
[2023-10-27 05:21:33,507] {processor.py:641} INFO - Processing file /home/airflow/.local/lib/python3.7/site-packages/airflow/example_dags/example_skip_dag.py for tasks to queue
[2023-10-27 05:21:33,508] {logging_mixin.py:115} INFO - [2023-10-27 05:21:33,508] {dagbag.py:508} INFO - Filling up the DagBag from /home/airflow/.local/lib/python3.7/site-packages/airflow/example_dags/example_skip_dag.py
[2023-10-27 05:21:33,514] {processor.py:651} INFO - DAG(s) dict_keys(['example_skip_dag']) retrieved from /home/airflow/.local/lib/python3.7/site-packages/airflow/example_dags/example_skip_dag.py
[2023-10-27 05:21:33,546] {logging_mixin.py:115} INFO - [2023-10-27 05:21:33,546] {dag.py:2420} INFO - Sync 1 DAGs
[2023-10-27 05:21:33,575] {logging_mixin.py:115} INFO - [2023-10-27 05:21:33,575] {dag.py:2972} INFO - Setting next_dagrun for example_skip_dag to 2023-10-26T05:21:33.575225+00:00, run_after=2023-10-27T05:21:33.575225+00:00
[2023-10-27 05:21:33,588] {processor.py:161} INFO - Processing /home/airflow/.local/lib/python3.7/site-packages/airflow/example_dags/example_skip_dag.py took 0.086 seconds
[2023-10-27 05:22:03,739] {processor.py:153} INFO - Started process (PID=335) to work on /home/airflow/.local/lib/python3.7/site-packages/airflow/example_dags/example_skip_dag.py
[2023-10-27 05:22:03,740] {processor.py:641} INFO - Processing file /home/airflow/.local/lib/python3.7/site-packages/airflow/example_dags/example_skip_dag.py for tasks to queue
[2023-10-27 05:22:03,740] {logging_mixin.py:115} INFO - [2023-10-27 05:22:03,740] {dagbag.py:508} INFO - Filling up the DagBag from /home/airflow/.local/lib/python3.7/site-packages/airflow/example_dags/example_skip_dag.py
[2023-10-27 05:22:03,747] {processor.py:651} INFO - DAG(s) dict_keys(['example_skip_dag']) retrieved from /home/airflow/.local/lib/python3.7/site-packages/airflow/example_dags/example_skip_dag.py
[2023-10-27 05:22:03,779] {logging_mixin.py:115} INFO - [2023-10-27 05:22:03,779] {dag.py:2420} INFO - Sync 1 DAGs
[2023-10-27 05:22:03,806] {logging_mixin.py:115} INFO - [2023-10-27 05:22:03,806] {dag.py:2972} INFO - Setting next_dagrun for example_skip_dag to 2023-10-26T05:22:03.805957+00:00, run_after=2023-10-27T05:22:03.805957+00:00
[2023-10-27 05:22:03,819] {processor.py:161} INFO - Processing /home/airflow/.local/lib/python3.7/site-packages/airflow/example_dags/example_skip_dag.py took 0.084 seconds
[2023-10-27 05:22:33,992] {processor.py:153} INFO - Started process (PID=387) to work on /home/airflow/.local/lib/python3.7/site-packages/airflow/example_dags/example_skip_dag.py
[2023-10-27 05:22:33,993] {processor.py:641} INFO - Processing file /home/airflow/.local/lib/python3.7/site-packages/airflow/example_dags/example_skip_dag.py for tasks to queue
[2023-10-27 05:22:33,994] {logging_mixin.py:115} INFO - [2023-10-27 05:22:33,994] {dagbag.py:508} INFO - Filling up the DagBag from /home/airflow/.local/lib/python3.7/site-packages/airflow/example_dags/example_skip_dag.py
[2023-10-27 05:22:34,000] {processor.py:651} INFO - DAG(s) dict_keys(['example_skip_dag']) retrieved from /home/airflow/.local/lib/python3.7/site-packages/airflow/example_dags/example_skip_dag.py
[2023-10-27 05:22:34,033] {logging_mixin.py:115} INFO - [2023-10-27 05:22:34,033] {dag.py:2420} INFO - Sync 1 DAGs
[2023-10-27 05:22:34,059] {logging_mixin.py:115} INFO - [2023-10-27 05:22:34,059] {dag.py:2972} INFO - Setting next_dagrun for example_skip_dag to 2023-10-26T05:22:34.059164+00:00, run_after=2023-10-27T05:22:34.059164+00:00
[2023-10-27 05:22:34,072] {processor.py:161} INFO - Processing /home/airflow/.local/lib/python3.7/site-packages/airflow/example_dags/example_skip_dag.py took 0.084 seconds
[2023-10-27 05:23:04,182] {processor.py:153} INFO - Started process (PID=447) to work on /home/airflow/.local/lib/python3.7/site-packages/airflow/example_dags/example_skip_dag.py
[2023-10-27 05:23:04,183] {processor.py:641} INFO - Processing file /home/airflow/.local/lib/python3.7/site-packages/airflow/example_dags/example_skip_dag.py for tasks to queue
[2023-10-27 05:23:04,183] {logging_mixin.py:115} INFO - [2023-10-27 05:23:04,183] {dagbag.py:508} INFO - Filling up the DagBag from /home/airflow/.local/lib/python3.7/site-packages/airflow/example_dags/example_skip_dag.py
[2023-10-27 05:23:04,190] {processor.py:651} INFO - DAG(s) dict_keys(['example_skip_dag']) retrieved from /home/airflow/.local/lib/python3.7/site-packages/airflow/example_dags/example_skip_dag.py
[2023-10-27 05:23:04,222] {logging_mixin.py:115} INFO - [2023-10-27 05:23:04,222] {dag.py:2420} INFO - Sync 1 DAGs
[2023-10-27 05:23:04,247] {logging_mixin.py:115} INFO - [2023-10-27 05:23:04,247] {dag.py:2972} INFO - Setting next_dagrun for example_skip_dag to 2023-10-26T05:23:04.247480+00:00, run_after=2023-10-27T05:23:04.247480+00:00
[2023-10-27 05:23:04,260] {processor.py:161} INFO - Processing /home/airflow/.local/lib/python3.7/site-packages/airflow/example_dags/example_skip_dag.py took 0.082 seconds
[2023-10-27 05:23:34,306] {processor.py:153} INFO - Started process (PID=499) to work on /home/airflow/.local/lib/python3.7/site-packages/airflow/example_dags/example_skip_dag.py
[2023-10-27 05:23:34,307] {processor.py:641} INFO - Processing file /home/airflow/.local/lib/python3.7/site-packages/airflow/example_dags/example_skip_dag.py for tasks to queue
[2023-10-27 05:23:34,307] {logging_mixin.py:115} INFO - [2023-10-27 05:23:34,307] {dagbag.py:508} INFO - Filling up the DagBag from /home/airflow/.local/lib/python3.7/site-packages/airflow/example_dags/example_skip_dag.py
[2023-10-27 05:23:34,316] {processor.py:651} INFO - DAG(s) dict_keys(['example_skip_dag']) retrieved from /home/airflow/.local/lib/python3.7/site-packages/airflow/example_dags/example_skip_dag.py
[2023-10-27 05:23:34,351] {logging_mixin.py:115} INFO - [2023-10-27 05:23:34,351] {dag.py:2420} INFO - Sync 1 DAGs
[2023-10-27 05:23:34,393] {logging_mixin.py:115} INFO - [2023-10-27 05:23:34,393] {dag.py:2972} INFO - Setting next_dagrun for example_skip_dag to 2023-10-26T05:23:34.393237+00:00, run_after=2023-10-27T05:23:34.393237+00:00
[2023-10-27 05:23:34,414] {processor.py:161} INFO - Processing /home/airflow/.local/lib/python3.7/site-packages/airflow/example_dags/example_skip_dag.py took 0.113 seconds
[2023-10-27 05:24:56,145] {processor.py:153} INFO - Started process (PID=36) to work on /home/airflow/.local/lib/python3.7/site-packages/airflow/example_dags/example_skip_dag.py
[2023-10-27 05:24:56,159] {processor.py:641} INFO - Processing file /home/airflow/.local/lib/python3.7/site-packages/airflow/example_dags/example_skip_dag.py for tasks to queue
[2023-10-27 05:24:56,159] {logging_mixin.py:115} INFO - [2023-10-27 05:24:56,159] {dagbag.py:508} INFO - Filling up the DagBag from /home/airflow/.local/lib/python3.7/site-packages/airflow/example_dags/example_skip_dag.py
[2023-10-27 05:24:56,177] {processor.py:651} INFO - DAG(s) dict_keys(['example_skip_dag']) retrieved from /home/airflow/.local/lib/python3.7/site-packages/airflow/example_dags/example_skip_dag.py
[2023-10-27 05:24:56,209] {logging_mixin.py:115} INFO - [2023-10-27 05:24:56,209] {dag.py:2420} INFO - Sync 1 DAGs
[2023-10-27 05:24:56,412] {logging_mixin.py:115} INFO - [2023-10-27 05:24:56,412] {dag.py:2972} INFO - Setting next_dagrun for example_skip_dag to 2023-10-26T05:24:56.412072+00:00, run_after=2023-10-27T05:24:56.412072+00:00
[2023-10-27 05:24:56,428] {processor.py:161} INFO - Processing /home/airflow/.local/lib/python3.7/site-packages/airflow/example_dags/example_skip_dag.py took 0.288 seconds
[2023-10-27 05:25:26,689] {processor.py:153} INFO - Started process (PID=97) to work on /home/airflow/.local/lib/python3.7/site-packages/airflow/example_dags/example_skip_dag.py
[2023-10-27 05:25:26,689] {processor.py:641} INFO - Processing file /home/airflow/.local/lib/python3.7/site-packages/airflow/example_dags/example_skip_dag.py for tasks to queue
[2023-10-27 05:25:26,690] {logging_mixin.py:115} INFO - [2023-10-27 05:25:26,690] {dagbag.py:508} INFO - Filling up the DagBag from /home/airflow/.local/lib/python3.7/site-packages/airflow/example_dags/example_skip_dag.py
[2023-10-27 05:25:26,696] {processor.py:651} INFO - DAG(s) dict_keys(['example_skip_dag']) retrieved from /home/airflow/.local/lib/python3.7/site-packages/airflow/example_dags/example_skip_dag.py
[2023-10-27 05:25:26,728] {logging_mixin.py:115} INFO - [2023-10-27 05:25:26,728] {dag.py:2420} INFO - Sync 1 DAGs
[2023-10-27 05:25:26,905] {logging_mixin.py:115} INFO - [2023-10-27 05:25:26,905] {dag.py:2972} INFO - Setting next_dagrun for example_skip_dag to 2023-10-26T05:25:26.905258+00:00, run_after=2023-10-27T05:25:26.905258+00:00
[2023-10-27 05:25:26,922] {processor.py:161} INFO - Processing /home/airflow/.local/lib/python3.7/site-packages/airflow/example_dags/example_skip_dag.py took 0.237 seconds
[2023-10-27 05:25:57,705] {processor.py:153} INFO - Started process (PID=158) to work on /home/airflow/.local/lib/python3.7/site-packages/airflow/example_dags/example_skip_dag.py
[2023-10-27 05:25:57,706] {processor.py:641} INFO - Processing file /home/airflow/.local/lib/python3.7/site-packages/airflow/example_dags/example_skip_dag.py for tasks to queue
[2023-10-27 05:25:57,706] {logging_mixin.py:115} INFO - [2023-10-27 05:25:57,706] {dagbag.py:508} INFO - Filling up the DagBag from /home/airflow/.local/lib/python3.7/site-packages/airflow/example_dags/example_skip_dag.py
[2023-10-27 05:25:57,713] {processor.py:651} INFO - DAG(s) dict_keys(['example_skip_dag']) retrieved from /home/airflow/.local/lib/python3.7/site-packages/airflow/example_dags/example_skip_dag.py
[2023-10-27 05:25:57,750] {logging_mixin.py:115} INFO - [2023-10-27 05:25:57,750] {dag.py:2420} INFO - Sync 1 DAGs
[2023-10-27 05:25:57,939] {logging_mixin.py:115} INFO - [2023-10-27 05:25:57,939] {dag.py:2972} INFO - Setting next_dagrun for example_skip_dag to 2023-10-26T05:25:57.939148+00:00, run_after=2023-10-27T05:25:57.939148+00:00
[2023-10-27 05:25:57,952] {processor.py:161} INFO - Processing /home/airflow/.local/lib/python3.7/site-packages/airflow/example_dags/example_skip_dag.py took 0.252 seconds
[2023-10-27 05:26:28,553] {processor.py:153} INFO - Started process (PID=208) to work on /home/airflow/.local/lib/python3.7/site-packages/airflow/example_dags/example_skip_dag.py
[2023-10-27 05:26:28,553] {processor.py:641} INFO - Processing file /home/airflow/.local/lib/python3.7/site-packages/airflow/example_dags/example_skip_dag.py for tasks to queue
[2023-10-27 05:26:28,554] {logging_mixin.py:115} INFO - [2023-10-27 05:26:28,554] {dagbag.py:508} INFO - Filling up the DagBag from /home/airflow/.local/lib/python3.7/site-packages/airflow/example_dags/example_skip_dag.py
[2023-10-27 05:26:28,561] {processor.py:651} INFO - DAG(s) dict_keys(['example_skip_dag']) retrieved from /home/airflow/.local/lib/python3.7/site-packages/airflow/example_dags/example_skip_dag.py
[2023-10-27 05:26:28,592] {logging_mixin.py:115} INFO - [2023-10-27 05:26:28,592] {dag.py:2420} INFO - Sync 1 DAGs
[2023-10-27 05:26:28,770] {logging_mixin.py:115} INFO - [2023-10-27 05:26:28,770] {dag.py:2972} INFO - Setting next_dagrun for example_skip_dag to 2023-10-26T05:26:28.770555+00:00, run_after=2023-10-27T05:26:28.770555+00:00
[2023-10-27 05:26:28,783] {processor.py:161} INFO - Processing /home/airflow/.local/lib/python3.7/site-packages/airflow/example_dags/example_skip_dag.py took 0.234 seconds
[2023-10-27 05:26:59,523] {processor.py:153} INFO - Started process (PID=269) to work on /home/airflow/.local/lib/python3.7/site-packages/airflow/example_dags/example_skip_dag.py
[2023-10-27 05:26:59,524] {processor.py:641} INFO - Processing file /home/airflow/.local/lib/python3.7/site-packages/airflow/example_dags/example_skip_dag.py for tasks to queue
[2023-10-27 05:26:59,525] {logging_mixin.py:115} INFO - [2023-10-27 05:26:59,525] {dagbag.py:508} INFO - Filling up the DagBag from /home/airflow/.local/lib/python3.7/site-packages/airflow/example_dags/example_skip_dag.py
[2023-10-27 05:26:59,531] {processor.py:651} INFO - DAG(s) dict_keys(['example_skip_dag']) retrieved from /home/airflow/.local/lib/python3.7/site-packages/airflow/example_dags/example_skip_dag.py
[2023-10-27 05:26:59,592] {logging_mixin.py:115} INFO - [2023-10-27 05:26:59,592] {dag.py:2420} INFO - Sync 1 DAGs
[2023-10-27 05:26:59,795] {logging_mixin.py:115} INFO - [2023-10-27 05:26:59,795] {dag.py:2972} INFO - Setting next_dagrun for example_skip_dag to 2023-10-26T05:26:59.795456+00:00, run_after=2023-10-27T05:26:59.795456+00:00
[2023-10-27 05:26:59,808] {processor.py:161} INFO - Processing /home/airflow/.local/lib/python3.7/site-packages/airflow/example_dags/example_skip_dag.py took 0.289 seconds
[2023-10-27 05:28:13,154] {processor.py:153} INFO - Started process (PID=36) to work on /home/airflow/.local/lib/python3.7/site-packages/airflow/example_dags/example_skip_dag.py
[2023-10-27 05:28:13,156] {processor.py:641} INFO - Processing file /home/airflow/.local/lib/python3.7/site-packages/airflow/example_dags/example_skip_dag.py for tasks to queue
[2023-10-27 05:28:13,157] {logging_mixin.py:115} INFO - [2023-10-27 05:28:13,157] {dagbag.py:508} INFO - Filling up the DagBag from /home/airflow/.local/lib/python3.7/site-packages/airflow/example_dags/example_skip_dag.py
[2023-10-27 05:28:13,165] {processor.py:651} INFO - DAG(s) dict_keys(['example_skip_dag']) retrieved from /home/airflow/.local/lib/python3.7/site-packages/airflow/example_dags/example_skip_dag.py
[2023-10-27 05:28:13,205] {logging_mixin.py:115} INFO - [2023-10-27 05:28:13,205] {dag.py:2420} INFO - Sync 1 DAGs
[2023-10-27 05:28:13,415] {logging_mixin.py:115} INFO - [2023-10-27 05:28:13,415] {dag.py:2972} INFO - Setting next_dagrun for example_skip_dag to 2023-10-26T05:28:13.415289+00:00, run_after=2023-10-27T05:28:13.415289+00:00
[2023-10-27 05:28:13,432] {processor.py:161} INFO - Processing /home/airflow/.local/lib/python3.7/site-packages/airflow/example_dags/example_skip_dag.py took 0.281 seconds
[2023-10-27 05:28:43,473] {processor.py:153} INFO - Started process (PID=98) to work on /home/airflow/.local/lib/python3.7/site-packages/airflow/example_dags/example_skip_dag.py
[2023-10-27 05:28:43,474] {processor.py:641} INFO - Processing file /home/airflow/.local/lib/python3.7/site-packages/airflow/example_dags/example_skip_dag.py for tasks to queue
[2023-10-27 05:28:43,474] {logging_mixin.py:115} INFO - [2023-10-27 05:28:43,474] {dagbag.py:508} INFO - Filling up the DagBag from /home/airflow/.local/lib/python3.7/site-packages/airflow/example_dags/example_skip_dag.py
[2023-10-27 05:28:43,480] {processor.py:651} INFO - DAG(s) dict_keys(['example_skip_dag']) retrieved from /home/airflow/.local/lib/python3.7/site-packages/airflow/example_dags/example_skip_dag.py
[2023-10-27 05:28:43,513] {logging_mixin.py:115} INFO - [2023-10-27 05:28:43,513] {dag.py:2420} INFO - Sync 1 DAGs
[2023-10-27 05:28:43,691] {logging_mixin.py:115} INFO - [2023-10-27 05:28:43,691] {dag.py:2972} INFO - Setting next_dagrun for example_skip_dag to 2023-10-26T05:28:43.691102+00:00, run_after=2023-10-27T05:28:43.691102+00:00
[2023-10-27 05:28:43,703] {processor.py:161} INFO - Processing /home/airflow/.local/lib/python3.7/site-packages/airflow/example_dags/example_skip_dag.py took 0.234 seconds
[2023-10-27 05:29:13,797] {processor.py:153} INFO - Started process (PID=149) to work on /home/airflow/.local/lib/python3.7/site-packages/airflow/example_dags/example_skip_dag.py
[2023-10-27 05:29:13,798] {processor.py:641} INFO - Processing file /home/airflow/.local/lib/python3.7/site-packages/airflow/example_dags/example_skip_dag.py for tasks to queue
[2023-10-27 05:29:13,799] {logging_mixin.py:115} INFO - [2023-10-27 05:29:13,799] {dagbag.py:508} INFO - Filling up the DagBag from /home/airflow/.local/lib/python3.7/site-packages/airflow/example_dags/example_skip_dag.py
[2023-10-27 05:29:13,805] {processor.py:651} INFO - DAG(s) dict_keys(['example_skip_dag']) retrieved from /home/airflow/.local/lib/python3.7/site-packages/airflow/example_dags/example_skip_dag.py
[2023-10-27 05:29:13,838] {logging_mixin.py:115} INFO - [2023-10-27 05:29:13,838] {dag.py:2420} INFO - Sync 1 DAGs
[2023-10-27 05:29:14,019] {logging_mixin.py:115} INFO - [2023-10-27 05:29:14,019] {dag.py:2972} INFO - Setting next_dagrun for example_skip_dag to 2023-10-26T05:29:14.018964+00:00, run_after=2023-10-27T05:29:14.018964+00:00
[2023-10-27 05:29:14,031] {processor.py:161} INFO - Processing /home/airflow/.local/lib/python3.7/site-packages/airflow/example_dags/example_skip_dag.py took 0.238 seconds
[2023-10-27 05:29:44,280] {processor.py:153} INFO - Started process (PID=209) to work on /home/airflow/.local/lib/python3.7/site-packages/airflow/example_dags/example_skip_dag.py
[2023-10-27 05:29:44,280] {processor.py:641} INFO - Processing file /home/airflow/.local/lib/python3.7/site-packages/airflow/example_dags/example_skip_dag.py for tasks to queue
[2023-10-27 05:29:44,281] {logging_mixin.py:115} INFO - [2023-10-27 05:29:44,281] {dagbag.py:508} INFO - Filling up the DagBag from /home/airflow/.local/lib/python3.7/site-packages/airflow/example_dags/example_skip_dag.py
[2023-10-27 05:29:44,287] {processor.py:651} INFO - DAG(s) dict_keys(['example_skip_dag']) retrieved from /home/airflow/.local/lib/python3.7/site-packages/airflow/example_dags/example_skip_dag.py
[2023-10-27 05:29:44,319] {logging_mixin.py:115} INFO - [2023-10-27 05:29:44,319] {dag.py:2420} INFO - Sync 1 DAGs
[2023-10-27 05:29:44,505] {logging_mixin.py:115} INFO - [2023-10-27 05:29:44,505] {dag.py:2972} INFO - Setting next_dagrun for example_skip_dag to 2023-10-26T05:29:44.505420+00:00, run_after=2023-10-27T05:29:44.505420+00:00
[2023-10-27 05:29:44,518] {processor.py:161} INFO - Processing /home/airflow/.local/lib/python3.7/site-packages/airflow/example_dags/example_skip_dag.py took 0.243 seconds
[2023-10-27 05:30:14,759] {processor.py:153} INFO - Started process (PID=269) to work on /home/airflow/.local/lib/python3.7/site-packages/airflow/example_dags/example_skip_dag.py
[2023-10-27 05:30:14,760] {processor.py:641} INFO - Processing file /home/airflow/.local/lib/python3.7/site-packages/airflow/example_dags/example_skip_dag.py for tasks to queue
[2023-10-27 05:30:14,760] {logging_mixin.py:115} INFO - [2023-10-27 05:30:14,760] {dagbag.py:508} INFO - Filling up the DagBag from /home/airflow/.local/lib/python3.7/site-packages/airflow/example_dags/example_skip_dag.py
[2023-10-27 05:30:14,767] {processor.py:651} INFO - DAG(s) dict_keys(['example_skip_dag']) retrieved from /home/airflow/.local/lib/python3.7/site-packages/airflow/example_dags/example_skip_dag.py
[2023-10-27 05:30:14,799] {logging_mixin.py:115} INFO - [2023-10-27 05:30:14,799] {dag.py:2420} INFO - Sync 1 DAGs
[2023-10-27 05:30:14,985] {logging_mixin.py:115} INFO - [2023-10-27 05:30:14,985] {dag.py:2972} INFO - Setting next_dagrun for example_skip_dag to 2023-10-26T05:30:14.985373+00:00, run_after=2023-10-27T05:30:14.985373+00:00
[2023-10-27 05:30:14,999] {processor.py:161} INFO - Processing /home/airflow/.local/lib/python3.7/site-packages/airflow/example_dags/example_skip_dag.py took 0.245 seconds
[2023-10-27 05:30:45,041] {processor.py:153} INFO - Started process (PID=321) to work on /home/airflow/.local/lib/python3.7/site-packages/airflow/example_dags/example_skip_dag.py
[2023-10-27 05:30:45,041] {processor.py:641} INFO - Processing file /home/airflow/.local/lib/python3.7/site-packages/airflow/example_dags/example_skip_dag.py for tasks to queue
[2023-10-27 05:30:45,042] {logging_mixin.py:115} INFO - [2023-10-27 05:30:45,042] {dagbag.py:508} INFO - Filling up the DagBag from /home/airflow/.local/lib/python3.7/site-packages/airflow/example_dags/example_skip_dag.py
[2023-10-27 05:30:45,048] {processor.py:651} INFO - DAG(s) dict_keys(['example_skip_dag']) retrieved from /home/airflow/.local/lib/python3.7/site-packages/airflow/example_dags/example_skip_dag.py
[2023-10-27 05:30:45,081] {logging_mixin.py:115} INFO - [2023-10-27 05:30:45,081] {dag.py:2420} INFO - Sync 1 DAGs
[2023-10-27 05:30:45,263] {logging_mixin.py:115} INFO - [2023-10-27 05:30:45,263] {dag.py:2972} INFO - Setting next_dagrun for example_skip_dag to 2023-10-26T05:30:45.263468+00:00, run_after=2023-10-27T05:30:45.263468+00:00
[2023-10-27 05:30:45,276] {processor.py:161} INFO - Processing /home/airflow/.local/lib/python3.7/site-packages/airflow/example_dags/example_skip_dag.py took 0.240 seconds
[2023-10-27 05:31:15,372] {processor.py:153} INFO - Started process (PID=384) to work on /home/airflow/.local/lib/python3.7/site-packages/airflow/example_dags/example_skip_dag.py
[2023-10-27 05:31:15,373] {processor.py:641} INFO - Processing file /home/airflow/.local/lib/python3.7/site-packages/airflow/example_dags/example_skip_dag.py for tasks to queue
[2023-10-27 05:31:15,374] {logging_mixin.py:115} INFO - [2023-10-27 05:31:15,374] {dagbag.py:508} INFO - Filling up the DagBag from /home/airflow/.local/lib/python3.7/site-packages/airflow/example_dags/example_skip_dag.py
[2023-10-27 05:31:15,380] {processor.py:651} INFO - DAG(s) dict_keys(['example_skip_dag']) retrieved from /home/airflow/.local/lib/python3.7/site-packages/airflow/example_dags/example_skip_dag.py
[2023-10-27 05:31:15,414] {logging_mixin.py:115} INFO - [2023-10-27 05:31:15,414] {dag.py:2420} INFO - Sync 1 DAGs
[2023-10-27 05:31:15,595] {logging_mixin.py:115} INFO - [2023-10-27 05:31:15,595] {dag.py:2972} INFO - Setting next_dagrun for example_skip_dag to 2023-10-26T05:31:15.595350+00:00, run_after=2023-10-27T05:31:15.595350+00:00
[2023-10-27 05:31:15,607] {processor.py:161} INFO - Processing /home/airflow/.local/lib/python3.7/site-packages/airflow/example_dags/example_skip_dag.py took 0.239 seconds
[2023-10-27 05:31:46,028] {processor.py:153} INFO - Started process (PID=436) to work on /home/airflow/.local/lib/python3.7/site-packages/airflow/example_dags/example_skip_dag.py
[2023-10-27 05:31:46,029] {processor.py:641} INFO - Processing file /home/airflow/.local/lib/python3.7/site-packages/airflow/example_dags/example_skip_dag.py for tasks to queue
[2023-10-27 05:31:46,029] {logging_mixin.py:115} INFO - [2023-10-27 05:31:46,029] {dagbag.py:508} INFO - Filling up the DagBag from /home/airflow/.local/lib/python3.7/site-packages/airflow/example_dags/example_skip_dag.py
[2023-10-27 05:31:46,036] {processor.py:651} INFO - DAG(s) dict_keys(['example_skip_dag']) retrieved from /home/airflow/.local/lib/python3.7/site-packages/airflow/example_dags/example_skip_dag.py
[2023-10-27 05:31:46,067] {logging_mixin.py:115} INFO - [2023-10-27 05:31:46,067] {dag.py:2420} INFO - Sync 1 DAGs
[2023-10-27 05:31:46,251] {logging_mixin.py:115} INFO - [2023-10-27 05:31:46,250] {dag.py:2972} INFO - Setting next_dagrun for example_skip_dag to 2023-10-26T05:31:46.250642+00:00, run_after=2023-10-27T05:31:46.250642+00:00
[2023-10-27 05:31:46,263] {processor.py:161} INFO - Processing /home/airflow/.local/lib/python3.7/site-packages/airflow/example_dags/example_skip_dag.py took 0.239 seconds
[2023-10-27 05:32:16,361] {processor.py:153} INFO - Started process (PID=497) to work on /home/airflow/.local/lib/python3.7/site-packages/airflow/example_dags/example_skip_dag.py
[2023-10-27 05:32:16,362] {processor.py:641} INFO - Processing file /home/airflow/.local/lib/python3.7/site-packages/airflow/example_dags/example_skip_dag.py for tasks to queue
[2023-10-27 05:32:16,363] {logging_mixin.py:115} INFO - [2023-10-27 05:32:16,362] {dagbag.py:508} INFO - Filling up the DagBag from /home/airflow/.local/lib/python3.7/site-packages/airflow/example_dags/example_skip_dag.py
[2023-10-27 05:32:16,369] {processor.py:651} INFO - DAG(s) dict_keys(['example_skip_dag']) retrieved from /home/airflow/.local/lib/python3.7/site-packages/airflow/example_dags/example_skip_dag.py
[2023-10-27 05:32:16,398] {logging_mixin.py:115} INFO - [2023-10-27 05:32:16,398] {dag.py:2420} INFO - Sync 1 DAGs
[2023-10-27 05:32:16,584] {logging_mixin.py:115} INFO - [2023-10-27 05:32:16,584] {dag.py:2972} INFO - Setting next_dagrun for example_skip_dag to 2023-10-26T05:32:16.584109+00:00, run_after=2023-10-27T05:32:16.584109+00:00
[2023-10-27 05:32:16,596] {processor.py:161} INFO - Processing /home/airflow/.local/lib/python3.7/site-packages/airflow/example_dags/example_skip_dag.py took 0.239 seconds
[2023-10-27 05:32:46,764] {processor.py:153} INFO - Started process (PID=558) to work on /home/airflow/.local/lib/python3.7/site-packages/airflow/example_dags/example_skip_dag.py
[2023-10-27 05:32:46,764] {processor.py:641} INFO - Processing file /home/airflow/.local/lib/python3.7/site-packages/airflow/example_dags/example_skip_dag.py for tasks to queue
[2023-10-27 05:32:46,765] {logging_mixin.py:115} INFO - [2023-10-27 05:32:46,765] {dagbag.py:508} INFO - Filling up the DagBag from /home/airflow/.local/lib/python3.7/site-packages/airflow/example_dags/example_skip_dag.py
[2023-10-27 05:32:46,774] {processor.py:651} INFO - DAG(s) dict_keys(['example_skip_dag']) retrieved from /home/airflow/.local/lib/python3.7/site-packages/airflow/example_dags/example_skip_dag.py
[2023-10-27 05:32:46,813] {logging_mixin.py:115} INFO - [2023-10-27 05:32:46,812] {dag.py:2420} INFO - Sync 1 DAGs
[2023-10-27 05:32:47,013] {logging_mixin.py:115} INFO - [2023-10-27 05:32:47,013] {dag.py:2972} INFO - Setting next_dagrun for example_skip_dag to 2023-10-26T05:32:47.013242+00:00, run_after=2023-10-27T05:32:47.013242+00:00
[2023-10-27 05:32:47,027] {processor.py:161} INFO - Processing /home/airflow/.local/lib/python3.7/site-packages/airflow/example_dags/example_skip_dag.py took 0.270 seconds
[2023-10-27 05:33:17,087] {processor.py:153} INFO - Started process (PID=610) to work on /home/airflow/.local/lib/python3.7/site-packages/airflow/example_dags/example_skip_dag.py
[2023-10-27 05:33:17,088] {processor.py:641} INFO - Processing file /home/airflow/.local/lib/python3.7/site-packages/airflow/example_dags/example_skip_dag.py for tasks to queue
[2023-10-27 05:33:17,089] {logging_mixin.py:115} INFO - [2023-10-27 05:33:17,089] {dagbag.py:508} INFO - Filling up the DagBag from /home/airflow/.local/lib/python3.7/site-packages/airflow/example_dags/example_skip_dag.py
[2023-10-27 05:33:17,095] {processor.py:651} INFO - DAG(s) dict_keys(['example_skip_dag']) retrieved from /home/airflow/.local/lib/python3.7/site-packages/airflow/example_dags/example_skip_dag.py
[2023-10-27 05:33:17,127] {logging_mixin.py:115} INFO - [2023-10-27 05:33:17,127] {dag.py:2420} INFO - Sync 1 DAGs
[2023-10-27 05:33:17,304] {logging_mixin.py:115} INFO - [2023-10-27 05:33:17,304] {dag.py:2972} INFO - Setting next_dagrun for example_skip_dag to 2023-10-26T05:33:17.303765+00:00, run_after=2023-10-27T05:33:17.303765+00:00
[2023-10-27 05:33:17,317] {processor.py:161} INFO - Processing /home/airflow/.local/lib/python3.7/site-packages/airflow/example_dags/example_skip_dag.py took 0.234 seconds
[2023-10-27 05:33:47,889] {processor.py:153} INFO - Started process (PID=671) to work on /home/airflow/.local/lib/python3.7/site-packages/airflow/example_dags/example_skip_dag.py
[2023-10-27 05:33:47,889] {processor.py:641} INFO - Processing file /home/airflow/.local/lib/python3.7/site-packages/airflow/example_dags/example_skip_dag.py for tasks to queue
[2023-10-27 05:33:47,890] {logging_mixin.py:115} INFO - [2023-10-27 05:33:47,890] {dagbag.py:508} INFO - Filling up the DagBag from /home/airflow/.local/lib/python3.7/site-packages/airflow/example_dags/example_skip_dag.py
[2023-10-27 05:33:47,897] {processor.py:651} INFO - DAG(s) dict_keys(['example_skip_dag']) retrieved from /home/airflow/.local/lib/python3.7/site-packages/airflow/example_dags/example_skip_dag.py
[2023-10-27 05:33:47,936] {logging_mixin.py:115} INFO - [2023-10-27 05:33:47,936] {dag.py:2420} INFO - Sync 1 DAGs
[2023-10-27 05:33:48,112] {logging_mixin.py:115} INFO - [2023-10-27 05:33:48,112] {dag.py:2972} INFO - Setting next_dagrun for example_skip_dag to 2023-10-26T05:33:48.112221+00:00, run_after=2023-10-27T05:33:48.112221+00:00
[2023-10-27 05:33:48,125] {processor.py:161} INFO - Processing /home/airflow/.local/lib/python3.7/site-packages/airflow/example_dags/example_skip_dag.py took 0.241 seconds
[2023-10-27 05:34:18,706] {processor.py:153} INFO - Started process (PID=724) to work on /home/airflow/.local/lib/python3.7/site-packages/airflow/example_dags/example_skip_dag.py
[2023-10-27 05:34:18,707] {processor.py:641} INFO - Processing file /home/airflow/.local/lib/python3.7/site-packages/airflow/example_dags/example_skip_dag.py for tasks to queue
[2023-10-27 05:34:18,708] {logging_mixin.py:115} INFO - [2023-10-27 05:34:18,708] {dagbag.py:508} INFO - Filling up the DagBag from /home/airflow/.local/lib/python3.7/site-packages/airflow/example_dags/example_skip_dag.py
[2023-10-27 05:34:18,714] {processor.py:651} INFO - DAG(s) dict_keys(['example_skip_dag']) retrieved from /home/airflow/.local/lib/python3.7/site-packages/airflow/example_dags/example_skip_dag.py
[2023-10-27 05:34:18,748] {logging_mixin.py:115} INFO - [2023-10-27 05:34:18,748] {dag.py:2420} INFO - Sync 1 DAGs
[2023-10-27 05:34:18,929] {logging_mixin.py:115} INFO - [2023-10-27 05:34:18,929] {dag.py:2972} INFO - Setting next_dagrun for example_skip_dag to 2023-10-26T05:34:18.929467+00:00, run_after=2023-10-27T05:34:18.929467+00:00
[2023-10-27 05:34:18,942] {processor.py:161} INFO - Processing /home/airflow/.local/lib/python3.7/site-packages/airflow/example_dags/example_skip_dag.py took 0.240 seconds
[2023-10-27 05:34:49,652] {processor.py:153} INFO - Started process (PID=785) to work on /home/airflow/.local/lib/python3.7/site-packages/airflow/example_dags/example_skip_dag.py
[2023-10-27 05:34:49,653] {processor.py:641} INFO - Processing file /home/airflow/.local/lib/python3.7/site-packages/airflow/example_dags/example_skip_dag.py for tasks to queue
[2023-10-27 05:34:49,653] {logging_mixin.py:115} INFO - [2023-10-27 05:34:49,653] {dagbag.py:508} INFO - Filling up the DagBag from /home/airflow/.local/lib/python3.7/site-packages/airflow/example_dags/example_skip_dag.py
[2023-10-27 05:34:49,659] {processor.py:651} INFO - DAG(s) dict_keys(['example_skip_dag']) retrieved from /home/airflow/.local/lib/python3.7/site-packages/airflow/example_dags/example_skip_dag.py
[2023-10-27 05:34:49,692] {logging_mixin.py:115} INFO - [2023-10-27 05:34:49,692] {dag.py:2420} INFO - Sync 1 DAGs
[2023-10-27 05:34:49,866] {logging_mixin.py:115} INFO - [2023-10-27 05:34:49,866] {dag.py:2972} INFO - Setting next_dagrun for example_skip_dag to 2023-10-26T05:34:49.866417+00:00, run_after=2023-10-27T05:34:49.866417+00:00
[2023-10-27 05:34:49,878] {processor.py:161} INFO - Processing /home/airflow/.local/lib/python3.7/site-packages/airflow/example_dags/example_skip_dag.py took 0.230 seconds
[2023-10-27 05:35:19,966] {processor.py:153} INFO - Started process (PID=846) to work on /home/airflow/.local/lib/python3.7/site-packages/airflow/example_dags/example_skip_dag.py
[2023-10-27 05:35:19,967] {processor.py:641} INFO - Processing file /home/airflow/.local/lib/python3.7/site-packages/airflow/example_dags/example_skip_dag.py for tasks to queue
[2023-10-27 05:35:19,968] {logging_mixin.py:115} INFO - [2023-10-27 05:35:19,968] {dagbag.py:508} INFO - Filling up the DagBag from /home/airflow/.local/lib/python3.7/site-packages/airflow/example_dags/example_skip_dag.py
[2023-10-27 05:35:19,974] {processor.py:651} INFO - DAG(s) dict_keys(['example_skip_dag']) retrieved from /home/airflow/.local/lib/python3.7/site-packages/airflow/example_dags/example_skip_dag.py
[2023-10-27 05:35:20,009] {logging_mixin.py:115} INFO - [2023-10-27 05:35:20,009] {dag.py:2420} INFO - Sync 1 DAGs
[2023-10-27 05:35:20,189] {logging_mixin.py:115} INFO - [2023-10-27 05:35:20,189] {dag.py:2972} INFO - Setting next_dagrun for example_skip_dag to 2023-10-26T05:35:20.188882+00:00, run_after=2023-10-27T05:35:20.188882+00:00
[2023-10-27 05:35:20,204] {processor.py:161} INFO - Processing /home/airflow/.local/lib/python3.7/site-packages/airflow/example_dags/example_skip_dag.py took 0.242 seconds
[2023-10-27 05:35:50,258] {processor.py:153} INFO - Started process (PID=898) to work on /home/airflow/.local/lib/python3.7/site-packages/airflow/example_dags/example_skip_dag.py
[2023-10-27 05:35:50,259] {processor.py:641} INFO - Processing file /home/airflow/.local/lib/python3.7/site-packages/airflow/example_dags/example_skip_dag.py for tasks to queue
[2023-10-27 05:35:50,260] {logging_mixin.py:115} INFO - [2023-10-27 05:35:50,260] {dagbag.py:508} INFO - Filling up the DagBag from /home/airflow/.local/lib/python3.7/site-packages/airflow/example_dags/example_skip_dag.py
[2023-10-27 05:35:50,266] {processor.py:651} INFO - DAG(s) dict_keys(['example_skip_dag']) retrieved from /home/airflow/.local/lib/python3.7/site-packages/airflow/example_dags/example_skip_dag.py
[2023-10-27 05:35:50,300] {logging_mixin.py:115} INFO - [2023-10-27 05:35:50,300] {dag.py:2420} INFO - Sync 1 DAGs
[2023-10-27 05:35:50,478] {logging_mixin.py:115} INFO - [2023-10-27 05:35:50,478] {dag.py:2972} INFO - Setting next_dagrun for example_skip_dag to 2023-10-26T05:35:50.478572+00:00, run_after=2023-10-27T05:35:50.478572+00:00
[2023-10-27 05:35:50,491] {processor.py:161} INFO - Processing /home/airflow/.local/lib/python3.7/site-packages/airflow/example_dags/example_skip_dag.py took 0.240 seconds
[2023-10-27 05:36:20,595] {processor.py:153} INFO - Started process (PID=959) to work on /home/airflow/.local/lib/python3.7/site-packages/airflow/example_dags/example_skip_dag.py
[2023-10-27 05:36:20,596] {processor.py:641} INFO - Processing file /home/airflow/.local/lib/python3.7/site-packages/airflow/example_dags/example_skip_dag.py for tasks to queue
[2023-10-27 05:36:20,597] {logging_mixin.py:115} INFO - [2023-10-27 05:36:20,597] {dagbag.py:508} INFO - Filling up the DagBag from /home/airflow/.local/lib/python3.7/site-packages/airflow/example_dags/example_skip_dag.py
[2023-10-27 05:36:20,603] {processor.py:651} INFO - DAG(s) dict_keys(['example_skip_dag']) retrieved from /home/airflow/.local/lib/python3.7/site-packages/airflow/example_dags/example_skip_dag.py
[2023-10-27 05:36:20,639] {logging_mixin.py:115} INFO - [2023-10-27 05:36:20,639] {dag.py:2420} INFO - Sync 1 DAGs
[2023-10-27 05:36:20,818] {logging_mixin.py:115} INFO - [2023-10-27 05:36:20,818] {dag.py:2972} INFO - Setting next_dagrun for example_skip_dag to 2023-10-26T05:36:20.818185+00:00, run_after=2023-10-27T05:36:20.818185+00:00
[2023-10-27 05:36:20,830] {processor.py:161} INFO - Processing /home/airflow/.local/lib/python3.7/site-packages/airflow/example_dags/example_skip_dag.py took 0.239 seconds
[2023-10-27 05:36:51,247] {processor.py:153} INFO - Started process (PID=1009) to work on /home/airflow/.local/lib/python3.7/site-packages/airflow/example_dags/example_skip_dag.py
[2023-10-27 05:36:51,247] {processor.py:641} INFO - Processing file /home/airflow/.local/lib/python3.7/site-packages/airflow/example_dags/example_skip_dag.py for tasks to queue
[2023-10-27 05:36:51,248] {logging_mixin.py:115} INFO - [2023-10-27 05:36:51,248] {dagbag.py:508} INFO - Filling up the DagBag from /home/airflow/.local/lib/python3.7/site-packages/airflow/example_dags/example_skip_dag.py
[2023-10-27 05:36:51,254] {processor.py:651} INFO - DAG(s) dict_keys(['example_skip_dag']) retrieved from /home/airflow/.local/lib/python3.7/site-packages/airflow/example_dags/example_skip_dag.py
[2023-10-27 05:36:51,291] {logging_mixin.py:115} INFO - [2023-10-27 05:36:51,290] {dag.py:2420} INFO - Sync 1 DAGs
[2023-10-27 05:36:51,470] {logging_mixin.py:115} INFO - [2023-10-27 05:36:51,470] {dag.py:2972} INFO - Setting next_dagrun for example_skip_dag to 2023-10-26T05:36:51.469838+00:00, run_after=2023-10-27T05:36:51.469838+00:00
[2023-10-27 05:36:51,481] {processor.py:161} INFO - Processing /home/airflow/.local/lib/python3.7/site-packages/airflow/example_dags/example_skip_dag.py took 0.239 seconds
[2023-10-27 05:37:21,545] {processor.py:153} INFO - Started process (PID=1069) to work on /home/airflow/.local/lib/python3.7/site-packages/airflow/example_dags/example_skip_dag.py
[2023-10-27 05:37:21,546] {processor.py:641} INFO - Processing file /home/airflow/.local/lib/python3.7/site-packages/airflow/example_dags/example_skip_dag.py for tasks to queue
[2023-10-27 05:37:21,546] {logging_mixin.py:115} INFO - [2023-10-27 05:37:21,546] {dagbag.py:508} INFO - Filling up the DagBag from /home/airflow/.local/lib/python3.7/site-packages/airflow/example_dags/example_skip_dag.py
[2023-10-27 05:37:21,553] {processor.py:651} INFO - DAG(s) dict_keys(['example_skip_dag']) retrieved from /home/airflow/.local/lib/python3.7/site-packages/airflow/example_dags/example_skip_dag.py
[2023-10-27 05:37:21,588] {logging_mixin.py:115} INFO - [2023-10-27 05:37:21,588] {dag.py:2420} INFO - Sync 1 DAGs
[2023-10-27 05:37:21,767] {logging_mixin.py:115} INFO - [2023-10-27 05:37:21,767] {dag.py:2972} INFO - Setting next_dagrun for example_skip_dag to 2023-10-26T05:37:21.766774+00:00, run_after=2023-10-27T05:37:21.766774+00:00
[2023-10-27 05:37:21,779] {processor.py:161} INFO - Processing /home/airflow/.local/lib/python3.7/site-packages/airflow/example_dags/example_skip_dag.py took 0.238 seconds
[2023-10-27 05:37:52,491] {processor.py:153} INFO - Started process (PID=1130) to work on /home/airflow/.local/lib/python3.7/site-packages/airflow/example_dags/example_skip_dag.py
[2023-10-27 05:37:52,492] {processor.py:641} INFO - Processing file /home/airflow/.local/lib/python3.7/site-packages/airflow/example_dags/example_skip_dag.py for tasks to queue
[2023-10-27 05:37:52,492] {logging_mixin.py:115} INFO - [2023-10-27 05:37:52,492] {dagbag.py:508} INFO - Filling up the DagBag from /home/airflow/.local/lib/python3.7/site-packages/airflow/example_dags/example_skip_dag.py
[2023-10-27 05:37:52,499] {processor.py:651} INFO - DAG(s) dict_keys(['example_skip_dag']) retrieved from /home/airflow/.local/lib/python3.7/site-packages/airflow/example_dags/example_skip_dag.py
[2023-10-27 05:37:52,535] {logging_mixin.py:115} INFO - [2023-10-27 05:37:52,535] {dag.py:2420} INFO - Sync 1 DAGs
[2023-10-27 05:37:52,716] {logging_mixin.py:115} INFO - [2023-10-27 05:37:52,716] {dag.py:2972} INFO - Setting next_dagrun for example_skip_dag to 2023-10-26T05:37:52.715796+00:00, run_after=2023-10-27T05:37:52.715796+00:00
[2023-10-27 05:37:52,728] {processor.py:161} INFO - Processing /home/airflow/.local/lib/python3.7/site-packages/airflow/example_dags/example_skip_dag.py took 0.241 seconds
[2023-10-27 05:38:22,932] {processor.py:153} INFO - Started process (PID=1183) to work on /home/airflow/.local/lib/python3.7/site-packages/airflow/example_dags/example_skip_dag.py
[2023-10-27 05:38:22,933] {processor.py:641} INFO - Processing file /home/airflow/.local/lib/python3.7/site-packages/airflow/example_dags/example_skip_dag.py for tasks to queue
[2023-10-27 05:38:22,934] {logging_mixin.py:115} INFO - [2023-10-27 05:38:22,934] {dagbag.py:508} INFO - Filling up the DagBag from /home/airflow/.local/lib/python3.7/site-packages/airflow/example_dags/example_skip_dag.py
[2023-10-27 05:38:22,947] {processor.py:651} INFO - DAG(s) dict_keys(['example_skip_dag']) retrieved from /home/airflow/.local/lib/python3.7/site-packages/airflow/example_dags/example_skip_dag.py
[2023-10-27 05:38:22,996] {logging_mixin.py:115} INFO - [2023-10-27 05:38:22,995] {dag.py:2420} INFO - Sync 1 DAGs
[2023-10-27 05:38:23,186] {logging_mixin.py:115} INFO - [2023-10-27 05:38:23,186] {dag.py:2972} INFO - Setting next_dagrun for example_skip_dag to 2023-10-26T05:38:23.185866+00:00, run_after=2023-10-27T05:38:23.185866+00:00
[2023-10-27 05:38:23,198] {processor.py:161} INFO - Processing /home/airflow/.local/lib/python3.7/site-packages/airflow/example_dags/example_skip_dag.py took 0.270 seconds
[2023-10-27 05:38:53,317] {processor.py:153} INFO - Started process (PID=1244) to work on /home/airflow/.local/lib/python3.7/site-packages/airflow/example_dags/example_skip_dag.py
[2023-10-27 05:38:53,318] {processor.py:641} INFO - Processing file /home/airflow/.local/lib/python3.7/site-packages/airflow/example_dags/example_skip_dag.py for tasks to queue
[2023-10-27 05:38:53,318] {logging_mixin.py:115} INFO - [2023-10-27 05:38:53,318] {dagbag.py:508} INFO - Filling up the DagBag from /home/airflow/.local/lib/python3.7/site-packages/airflow/example_dags/example_skip_dag.py
[2023-10-27 05:38:53,325] {processor.py:651} INFO - DAG(s) dict_keys(['example_skip_dag']) retrieved from /home/airflow/.local/lib/python3.7/site-packages/airflow/example_dags/example_skip_dag.py
[2023-10-27 05:38:53,359] {logging_mixin.py:115} INFO - [2023-10-27 05:38:53,359] {dag.py:2420} INFO - Sync 1 DAGs
[2023-10-27 05:38:53,533] {logging_mixin.py:115} INFO - [2023-10-27 05:38:53,533] {dag.py:2972} INFO - Setting next_dagrun for example_skip_dag to 2023-10-26T05:38:53.533104+00:00, run_after=2023-10-27T05:38:53.533104+00:00
[2023-10-27 05:38:53,545] {processor.py:161} INFO - Processing /home/airflow/.local/lib/python3.7/site-packages/airflow/example_dags/example_skip_dag.py took 0.232 seconds
[2023-10-27 05:39:23,730] {processor.py:153} INFO - Started process (PID=1305) to work on /home/airflow/.local/lib/python3.7/site-packages/airflow/example_dags/example_skip_dag.py
[2023-10-27 05:39:23,731] {processor.py:641} INFO - Processing file /home/airflow/.local/lib/python3.7/site-packages/airflow/example_dags/example_skip_dag.py for tasks to queue
[2023-10-27 05:39:23,732] {logging_mixin.py:115} INFO - [2023-10-27 05:39:23,731] {dagbag.py:508} INFO - Filling up the DagBag from /home/airflow/.local/lib/python3.7/site-packages/airflow/example_dags/example_skip_dag.py
[2023-10-27 05:39:23,738] {processor.py:651} INFO - DAG(s) dict_keys(['example_skip_dag']) retrieved from /home/airflow/.local/lib/python3.7/site-packages/airflow/example_dags/example_skip_dag.py
[2023-10-27 05:39:23,773] {logging_mixin.py:115} INFO - [2023-10-27 05:39:23,773] {dag.py:2420} INFO - Sync 1 DAGs
[2023-10-27 05:39:23,948] {logging_mixin.py:115} INFO - [2023-10-27 05:39:23,947] {dag.py:2972} INFO - Setting next_dagrun for example_skip_dag to 2023-10-26T05:39:23.947676+00:00, run_after=2023-10-27T05:39:23.947676+00:00
[2023-10-27 05:39:23,959] {processor.py:161} INFO - Processing /home/airflow/.local/lib/python3.7/site-packages/airflow/example_dags/example_skip_dag.py took 0.234 seconds
[2023-10-27 05:39:54,179] {processor.py:153} INFO - Started process (PID=1356) to work on /home/airflow/.local/lib/python3.7/site-packages/airflow/example_dags/example_skip_dag.py
[2023-10-27 05:39:54,180] {processor.py:641} INFO - Processing file /home/airflow/.local/lib/python3.7/site-packages/airflow/example_dags/example_skip_dag.py for tasks to queue
[2023-10-27 05:39:54,180] {logging_mixin.py:115} INFO - [2023-10-27 05:39:54,180] {dagbag.py:508} INFO - Filling up the DagBag from /home/airflow/.local/lib/python3.7/site-packages/airflow/example_dags/example_skip_dag.py
[2023-10-27 05:39:54,187] {processor.py:651} INFO - DAG(s) dict_keys(['example_skip_dag']) retrieved from /home/airflow/.local/lib/python3.7/site-packages/airflow/example_dags/example_skip_dag.py
[2023-10-27 05:39:54,222] {logging_mixin.py:115} INFO - [2023-10-27 05:39:54,222] {dag.py:2420} INFO - Sync 1 DAGs
[2023-10-27 05:39:54,406] {logging_mixin.py:115} INFO - [2023-10-27 05:39:54,405] {dag.py:2972} INFO - Setting next_dagrun for example_skip_dag to 2023-10-26T05:39:54.405735+00:00, run_after=2023-10-27T05:39:54.405735+00:00
[2023-10-27 05:39:54,418] {processor.py:161} INFO - Processing /home/airflow/.local/lib/python3.7/site-packages/airflow/example_dags/example_skip_dag.py took 0.243 seconds
[2023-10-27 05:40:24,766] {processor.py:153} INFO - Started process (PID=1418) to work on /home/airflow/.local/lib/python3.7/site-packages/airflow/example_dags/example_skip_dag.py
[2023-10-27 05:40:24,767] {processor.py:641} INFO - Processing file /home/airflow/.local/lib/python3.7/site-packages/airflow/example_dags/example_skip_dag.py for tasks to queue
[2023-10-27 05:40:24,768] {logging_mixin.py:115} INFO - [2023-10-27 05:40:24,768] {dagbag.py:508} INFO - Filling up the DagBag from /home/airflow/.local/lib/python3.7/site-packages/airflow/example_dags/example_skip_dag.py
[2023-10-27 05:40:24,775] {processor.py:651} INFO - DAG(s) dict_keys(['example_skip_dag']) retrieved from /home/airflow/.local/lib/python3.7/site-packages/airflow/example_dags/example_skip_dag.py
[2023-10-27 05:40:24,810] {logging_mixin.py:115} INFO - [2023-10-27 05:40:24,810] {dag.py:2420} INFO - Sync 1 DAGs
[2023-10-27 05:40:24,991] {logging_mixin.py:115} INFO - [2023-10-27 05:40:24,991] {dag.py:2972} INFO - Setting next_dagrun for example_skip_dag to 2023-10-26T05:40:24.990848+00:00, run_after=2023-10-27T05:40:24.990848+00:00
[2023-10-27 05:40:25,003] {processor.py:161} INFO - Processing /home/airflow/.local/lib/python3.7/site-packages/airflow/example_dags/example_skip_dag.py took 0.241 seconds
[2023-10-27 05:40:55,163] {processor.py:153} INFO - Started process (PID=1470) to work on /home/airflow/.local/lib/python3.7/site-packages/airflow/example_dags/example_skip_dag.py
[2023-10-27 05:40:55,164] {processor.py:641} INFO - Processing file /home/airflow/.local/lib/python3.7/site-packages/airflow/example_dags/example_skip_dag.py for tasks to queue
[2023-10-27 05:40:55,165] {logging_mixin.py:115} INFO - [2023-10-27 05:40:55,164] {dagbag.py:508} INFO - Filling up the DagBag from /home/airflow/.local/lib/python3.7/site-packages/airflow/example_dags/example_skip_dag.py
[2023-10-27 05:40:55,171] {processor.py:651} INFO - DAG(s) dict_keys(['example_skip_dag']) retrieved from /home/airflow/.local/lib/python3.7/site-packages/airflow/example_dags/example_skip_dag.py
[2023-10-27 05:40:55,208] {logging_mixin.py:115} INFO - [2023-10-27 05:40:55,208] {dag.py:2420} INFO - Sync 1 DAGs
[2023-10-27 05:40:55,386] {logging_mixin.py:115} INFO - [2023-10-27 05:40:55,386] {dag.py:2972} INFO - Setting next_dagrun for example_skip_dag to 2023-10-26T05:40:55.386009+00:00, run_after=2023-10-27T05:40:55.386009+00:00
[2023-10-27 05:40:55,398] {processor.py:161} INFO - Processing /home/airflow/.local/lib/python3.7/site-packages/airflow/example_dags/example_skip_dag.py took 0.238 seconds
[2023-10-27 05:41:25,720] {processor.py:153} INFO - Started process (PID=1531) to work on /home/airflow/.local/lib/python3.7/site-packages/airflow/example_dags/example_skip_dag.py
[2023-10-27 05:41:25,721] {processor.py:641} INFO - Processing file /home/airflow/.local/lib/python3.7/site-packages/airflow/example_dags/example_skip_dag.py for tasks to queue
[2023-10-27 05:41:25,721] {logging_mixin.py:115} INFO - [2023-10-27 05:41:25,721] {dagbag.py:508} INFO - Filling up the DagBag from /home/airflow/.local/lib/python3.7/site-packages/airflow/example_dags/example_skip_dag.py
[2023-10-27 05:41:25,728] {processor.py:651} INFO - DAG(s) dict_keys(['example_skip_dag']) retrieved from /home/airflow/.local/lib/python3.7/site-packages/airflow/example_dags/example_skip_dag.py
[2023-10-27 05:41:25,763] {logging_mixin.py:115} INFO - [2023-10-27 05:41:25,763] {dag.py:2420} INFO - Sync 1 DAGs
[2023-10-27 05:41:25,946] {logging_mixin.py:115} INFO - [2023-10-27 05:41:25,946] {dag.py:2972} INFO - Setting next_dagrun for example_skip_dag to 2023-10-26T05:41:25.946557+00:00, run_after=2023-10-27T05:41:25.946557+00:00
[2023-10-27 05:41:25,959] {processor.py:161} INFO - Processing /home/airflow/.local/lib/python3.7/site-packages/airflow/example_dags/example_skip_dag.py took 0.243 seconds
[2023-10-27 05:41:56,491] {processor.py:153} INFO - Started process (PID=1583) to work on /home/airflow/.local/lib/python3.7/site-packages/airflow/example_dags/example_skip_dag.py
[2023-10-27 05:41:56,491] {processor.py:641} INFO - Processing file /home/airflow/.local/lib/python3.7/site-packages/airflow/example_dags/example_skip_dag.py for tasks to queue
[2023-10-27 05:41:56,492] {logging_mixin.py:115} INFO - [2023-10-27 05:41:56,492] {dagbag.py:508} INFO - Filling up the DagBag from /home/airflow/.local/lib/python3.7/site-packages/airflow/example_dags/example_skip_dag.py
[2023-10-27 05:41:56,499] {processor.py:651} INFO - DAG(s) dict_keys(['example_skip_dag']) retrieved from /home/airflow/.local/lib/python3.7/site-packages/airflow/example_dags/example_skip_dag.py
[2023-10-27 05:41:56,534] {logging_mixin.py:115} INFO - [2023-10-27 05:41:56,534] {dag.py:2420} INFO - Sync 1 DAGs
[2023-10-27 05:41:56,712] {logging_mixin.py:115} INFO - [2023-10-27 05:41:56,712] {dag.py:2972} INFO - Setting next_dagrun for example_skip_dag to 2023-10-26T05:41:56.712285+00:00, run_after=2023-10-27T05:41:56.712285+00:00
[2023-10-27 05:41:56,725] {processor.py:161} INFO - Processing /home/airflow/.local/lib/python3.7/site-packages/airflow/example_dags/example_skip_dag.py took 0.238 seconds
[2023-10-27 05:42:27,494] {processor.py:153} INFO - Started process (PID=1644) to work on /home/airflow/.local/lib/python3.7/site-packages/airflow/example_dags/example_skip_dag.py
[2023-10-27 05:42:27,495] {processor.py:641} INFO - Processing file /home/airflow/.local/lib/python3.7/site-packages/airflow/example_dags/example_skip_dag.py for tasks to queue
[2023-10-27 05:42:27,495] {logging_mixin.py:115} INFO - [2023-10-27 05:42:27,495] {dagbag.py:508} INFO - Filling up the DagBag from /home/airflow/.local/lib/python3.7/site-packages/airflow/example_dags/example_skip_dag.py
[2023-10-27 05:42:27,502] {processor.py:651} INFO - DAG(s) dict_keys(['example_skip_dag']) retrieved from /home/airflow/.local/lib/python3.7/site-packages/airflow/example_dags/example_skip_dag.py
[2023-10-27 05:42:27,537] {logging_mixin.py:115} INFO - [2023-10-27 05:42:27,537] {dag.py:2420} INFO - Sync 1 DAGs
[2023-10-27 05:42:27,711] {logging_mixin.py:115} INFO - [2023-10-27 05:42:27,711] {dag.py:2972} INFO - Setting next_dagrun for example_skip_dag to 2023-10-26T05:42:27.710922+00:00, run_after=2023-10-27T05:42:27.710922+00:00
[2023-10-27 05:42:27,722] {processor.py:161} INFO - Processing /home/airflow/.local/lib/python3.7/site-packages/airflow/example_dags/example_skip_dag.py took 0.233 seconds
[2023-10-27 05:42:57,896] {processor.py:153} INFO - Started process (PID=1695) to work on /home/airflow/.local/lib/python3.7/site-packages/airflow/example_dags/example_skip_dag.py
[2023-10-27 05:42:57,897] {processor.py:641} INFO - Processing file /home/airflow/.local/lib/python3.7/site-packages/airflow/example_dags/example_skip_dag.py for tasks to queue
[2023-10-27 05:42:57,897] {logging_mixin.py:115} INFO - [2023-10-27 05:42:57,897] {dagbag.py:508} INFO - Filling up the DagBag from /home/airflow/.local/lib/python3.7/site-packages/airflow/example_dags/example_skip_dag.py
[2023-10-27 05:42:57,904] {processor.py:651} INFO - DAG(s) dict_keys(['example_skip_dag']) retrieved from /home/airflow/.local/lib/python3.7/site-packages/airflow/example_dags/example_skip_dag.py
[2023-10-27 05:42:57,943] {logging_mixin.py:115} INFO - [2023-10-27 05:42:57,943] {dag.py:2420} INFO - Sync 1 DAGs
[2023-10-27 05:42:58,122] {logging_mixin.py:115} INFO - [2023-10-27 05:42:58,122] {dag.py:2972} INFO - Setting next_dagrun for example_skip_dag to 2023-10-26T05:42:58.122315+00:00, run_after=2023-10-27T05:42:58.122315+00:00
[2023-10-27 05:42:58,134] {processor.py:161} INFO - Processing /home/airflow/.local/lib/python3.7/site-packages/airflow/example_dags/example_skip_dag.py took 0.243 seconds
[2023-10-27 05:43:28,842] {processor.py:153} INFO - Started process (PID=1756) to work on /home/airflow/.local/lib/python3.7/site-packages/airflow/example_dags/example_skip_dag.py
[2023-10-27 05:43:28,843] {processor.py:641} INFO - Processing file /home/airflow/.local/lib/python3.7/site-packages/airflow/example_dags/example_skip_dag.py for tasks to queue
[2023-10-27 05:43:28,843] {logging_mixin.py:115} INFO - [2023-10-27 05:43:28,843] {dagbag.py:508} INFO - Filling up the DagBag from /home/airflow/.local/lib/python3.7/site-packages/airflow/example_dags/example_skip_dag.py
[2023-10-27 05:43:28,850] {processor.py:651} INFO - DAG(s) dict_keys(['example_skip_dag']) retrieved from /home/airflow/.local/lib/python3.7/site-packages/airflow/example_dags/example_skip_dag.py
[2023-10-27 05:43:29,060] {logging_mixin.py:115} INFO - [2023-10-27 05:43:29,059] {dag.py:2420} INFO - Sync 1 DAGs
[2023-10-27 05:43:29,082] {logging_mixin.py:115} INFO - [2023-10-27 05:43:29,082] {dag.py:2972} INFO - Setting next_dagrun for example_skip_dag to 2023-10-26T05:43:29.082036+00:00, run_after=2023-10-27T05:43:29.082036+00:00
[2023-10-27 05:43:29,094] {processor.py:161} INFO - Processing /home/airflow/.local/lib/python3.7/site-packages/airflow/example_dags/example_skip_dag.py took 0.257 seconds
[2023-10-27 05:43:59,257] {processor.py:153} INFO - Started process (PID=1816) to work on /home/airflow/.local/lib/python3.7/site-packages/airflow/example_dags/example_skip_dag.py
[2023-10-27 05:43:59,257] {processor.py:641} INFO - Processing file /home/airflow/.local/lib/python3.7/site-packages/airflow/example_dags/example_skip_dag.py for tasks to queue
[2023-10-27 05:43:59,258] {logging_mixin.py:115} INFO - [2023-10-27 05:43:59,258] {dagbag.py:508} INFO - Filling up the DagBag from /home/airflow/.local/lib/python3.7/site-packages/airflow/example_dags/example_skip_dag.py
[2023-10-27 05:43:59,264] {processor.py:651} INFO - DAG(s) dict_keys(['example_skip_dag']) retrieved from /home/airflow/.local/lib/python3.7/site-packages/airflow/example_dags/example_skip_dag.py
[2023-10-27 05:43:59,449] {logging_mixin.py:115} INFO - [2023-10-27 05:43:59,449] {dag.py:2420} INFO - Sync 1 DAGs
[2023-10-27 05:43:59,471] {logging_mixin.py:115} INFO - [2023-10-27 05:43:59,471] {dag.py:2972} INFO - Setting next_dagrun for example_skip_dag to 2023-10-26T05:43:59.471097+00:00, run_after=2023-10-27T05:43:59.471097+00:00
[2023-10-27 05:43:59,483] {processor.py:161} INFO - Processing /home/airflow/.local/lib/python3.7/site-packages/airflow/example_dags/example_skip_dag.py took 0.230 seconds
[2023-10-27 05:44:29,645] {processor.py:153} INFO - Started process (PID=1868) to work on /home/airflow/.local/lib/python3.7/site-packages/airflow/example_dags/example_skip_dag.py
[2023-10-27 05:44:29,646] {processor.py:641} INFO - Processing file /home/airflow/.local/lib/python3.7/site-packages/airflow/example_dags/example_skip_dag.py for tasks to queue
[2023-10-27 05:44:29,647] {logging_mixin.py:115} INFO - [2023-10-27 05:44:29,647] {dagbag.py:508} INFO - Filling up the DagBag from /home/airflow/.local/lib/python3.7/site-packages/airflow/example_dags/example_skip_dag.py
[2023-10-27 05:44:29,653] {processor.py:651} INFO - DAG(s) dict_keys(['example_skip_dag']) retrieved from /home/airflow/.local/lib/python3.7/site-packages/airflow/example_dags/example_skip_dag.py
[2023-10-27 05:44:29,847] {logging_mixin.py:115} INFO - [2023-10-27 05:44:29,847] {dag.py:2420} INFO - Sync 1 DAGs
[2023-10-27 05:44:29,869] {logging_mixin.py:115} INFO - [2023-10-27 05:44:29,869] {dag.py:2972} INFO - Setting next_dagrun for example_skip_dag to 2023-10-26T05:44:29.869530+00:00, run_after=2023-10-27T05:44:29.869530+00:00
[2023-10-27 05:44:29,882] {processor.py:161} INFO - Processing /home/airflow/.local/lib/python3.7/site-packages/airflow/example_dags/example_skip_dag.py took 0.241 seconds
[2023-10-27 05:45:00,066] {processor.py:153} INFO - Started process (PID=1929) to work on /home/airflow/.local/lib/python3.7/site-packages/airflow/example_dags/example_skip_dag.py
[2023-10-27 05:45:00,067] {processor.py:641} INFO - Processing file /home/airflow/.local/lib/python3.7/site-packages/airflow/example_dags/example_skip_dag.py for tasks to queue
[2023-10-27 05:45:00,067] {logging_mixin.py:115} INFO - [2023-10-27 05:45:00,067] {dagbag.py:508} INFO - Filling up the DagBag from /home/airflow/.local/lib/python3.7/site-packages/airflow/example_dags/example_skip_dag.py
[2023-10-27 05:45:00,073] {processor.py:651} INFO - DAG(s) dict_keys(['example_skip_dag']) retrieved from /home/airflow/.local/lib/python3.7/site-packages/airflow/example_dags/example_skip_dag.py
[2023-10-27 05:45:00,269] {logging_mixin.py:115} INFO - [2023-10-27 05:45:00,269] {dag.py:2420} INFO - Sync 1 DAGs
[2023-10-27 05:45:00,293] {logging_mixin.py:115} INFO - [2023-10-27 05:45:00,292] {dag.py:2972} INFO - Setting next_dagrun for example_skip_dag to 2023-10-26T05:45:00.292619+00:00, run_after=2023-10-27T05:45:00.292619+00:00
[2023-10-27 05:45:00,305] {processor.py:161} INFO - Processing /home/airflow/.local/lib/python3.7/site-packages/airflow/example_dags/example_skip_dag.py took 0.243 seconds
[2023-10-27 05:45:30,786] {processor.py:153} INFO - Started process (PID=1982) to work on /home/airflow/.local/lib/python3.7/site-packages/airflow/example_dags/example_skip_dag.py
[2023-10-27 05:45:30,787] {processor.py:641} INFO - Processing file /home/airflow/.local/lib/python3.7/site-packages/airflow/example_dags/example_skip_dag.py for tasks to queue
[2023-10-27 05:45:30,788] {logging_mixin.py:115} INFO - [2023-10-27 05:45:30,788] {dagbag.py:508} INFO - Filling up the DagBag from /home/airflow/.local/lib/python3.7/site-packages/airflow/example_dags/example_skip_dag.py
[2023-10-27 05:45:30,794] {processor.py:651} INFO - DAG(s) dict_keys(['example_skip_dag']) retrieved from /home/airflow/.local/lib/python3.7/site-packages/airflow/example_dags/example_skip_dag.py
[2023-10-27 05:45:30,990] {logging_mixin.py:115} INFO - [2023-10-27 05:45:30,989] {dag.py:2420} INFO - Sync 1 DAGs
[2023-10-27 05:45:31,011] {logging_mixin.py:115} INFO - [2023-10-27 05:45:31,011] {dag.py:2972} INFO - Setting next_dagrun for example_skip_dag to 2023-10-26T05:45:31.011329+00:00, run_after=2023-10-27T05:45:31.011329+00:00
[2023-10-27 05:45:31,024] {processor.py:161} INFO - Processing /home/airflow/.local/lib/python3.7/site-packages/airflow/example_dags/example_skip_dag.py took 0.242 seconds
[2023-10-27 05:46:01,281] {processor.py:153} INFO - Started process (PID=2044) to work on /home/airflow/.local/lib/python3.7/site-packages/airflow/example_dags/example_skip_dag.py
[2023-10-27 05:46:01,281] {processor.py:641} INFO - Processing file /home/airflow/.local/lib/python3.7/site-packages/airflow/example_dags/example_skip_dag.py for tasks to queue
[2023-10-27 05:46:01,282] {logging_mixin.py:115} INFO - [2023-10-27 05:46:01,282] {dagbag.py:508} INFO - Filling up the DagBag from /home/airflow/.local/lib/python3.7/site-packages/airflow/example_dags/example_skip_dag.py
[2023-10-27 05:46:01,288] {processor.py:651} INFO - DAG(s) dict_keys(['example_skip_dag']) retrieved from /home/airflow/.local/lib/python3.7/site-packages/airflow/example_dags/example_skip_dag.py
[2023-10-27 05:46:01,479] {logging_mixin.py:115} INFO - [2023-10-27 05:46:01,479] {dag.py:2420} INFO - Sync 1 DAGs
[2023-10-27 05:46:01,502] {logging_mixin.py:115} INFO - [2023-10-27 05:46:01,501] {dag.py:2972} INFO - Setting next_dagrun for example_skip_dag to 2023-10-26T05:46:01.501626+00:00, run_after=2023-10-27T05:46:01.501626+00:00
[2023-10-27 05:46:01,515] {processor.py:161} INFO - Processing /home/airflow/.local/lib/python3.7/site-packages/airflow/example_dags/example_skip_dag.py took 0.238 seconds
[2023-10-27 05:46:31,708] {processor.py:153} INFO - Started process (PID=2098) to work on /home/airflow/.local/lib/python3.7/site-packages/airflow/example_dags/example_skip_dag.py
[2023-10-27 05:46:31,710] {processor.py:641} INFO - Processing file /home/airflow/.local/lib/python3.7/site-packages/airflow/example_dags/example_skip_dag.py for tasks to queue
[2023-10-27 05:46:31,710] {logging_mixin.py:115} INFO - [2023-10-27 05:46:31,710] {dagbag.py:508} INFO - Filling up the DagBag from /home/airflow/.local/lib/python3.7/site-packages/airflow/example_dags/example_skip_dag.py
[2023-10-27 05:46:31,717] {processor.py:651} INFO - DAG(s) dict_keys(['example_skip_dag']) retrieved from /home/airflow/.local/lib/python3.7/site-packages/airflow/example_dags/example_skip_dag.py
[2023-10-27 05:46:31,909] {logging_mixin.py:115} INFO - [2023-10-27 05:46:31,908] {dag.py:2420} INFO - Sync 1 DAGs
[2023-10-27 05:46:31,931] {logging_mixin.py:115} INFO - [2023-10-27 05:46:31,931] {dag.py:2972} INFO - Setting next_dagrun for example_skip_dag to 2023-10-26T05:46:31.931542+00:00, run_after=2023-10-27T05:46:31.931542+00:00
[2023-10-27 05:46:31,945] {processor.py:161} INFO - Processing /home/airflow/.local/lib/python3.7/site-packages/airflow/example_dags/example_skip_dag.py took 0.241 seconds
[2023-10-27 05:47:02,088] {processor.py:153} INFO - Started process (PID=2161) to work on /home/airflow/.local/lib/python3.7/site-packages/airflow/example_dags/example_skip_dag.py
[2023-10-27 05:47:02,089] {processor.py:641} INFO - Processing file /home/airflow/.local/lib/python3.7/site-packages/airflow/example_dags/example_skip_dag.py for tasks to queue
[2023-10-27 05:47:02,089] {logging_mixin.py:115} INFO - [2023-10-27 05:47:02,089] {dagbag.py:508} INFO - Filling up the DagBag from /home/airflow/.local/lib/python3.7/site-packages/airflow/example_dags/example_skip_dag.py
[2023-10-27 05:47:02,095] {processor.py:651} INFO - DAG(s) dict_keys(['example_skip_dag']) retrieved from /home/airflow/.local/lib/python3.7/site-packages/airflow/example_dags/example_skip_dag.py
[2023-10-27 05:47:02,278] {logging_mixin.py:115} INFO - [2023-10-27 05:47:02,278] {dag.py:2420} INFO - Sync 1 DAGs
[2023-10-27 05:47:02,300] {logging_mixin.py:115} INFO - [2023-10-27 05:47:02,300] {dag.py:2972} INFO - Setting next_dagrun for example_skip_dag to 2023-10-26T05:47:02.300504+00:00, run_after=2023-10-27T05:47:02.300504+00:00
[2023-10-27 05:47:02,312] {processor.py:161} INFO - Processing /home/airflow/.local/lib/python3.7/site-packages/airflow/example_dags/example_skip_dag.py took 0.228 seconds
[2023-10-27 05:47:32,568] {processor.py:153} INFO - Started process (PID=2220) to work on /home/airflow/.local/lib/python3.7/site-packages/airflow/example_dags/example_skip_dag.py
[2023-10-27 05:47:32,569] {processor.py:641} INFO - Processing file /home/airflow/.local/lib/python3.7/site-packages/airflow/example_dags/example_skip_dag.py for tasks to queue
[2023-10-27 05:47:32,569] {logging_mixin.py:115} INFO - [2023-10-27 05:47:32,569] {dagbag.py:508} INFO - Filling up the DagBag from /home/airflow/.local/lib/python3.7/site-packages/airflow/example_dags/example_skip_dag.py
[2023-10-27 05:47:32,576] {processor.py:651} INFO - DAG(s) dict_keys(['example_skip_dag']) retrieved from /home/airflow/.local/lib/python3.7/site-packages/airflow/example_dags/example_skip_dag.py
[2023-10-27 05:47:32,785] {logging_mixin.py:115} INFO - [2023-10-27 05:47:32,785] {dag.py:2420} INFO - Sync 1 DAGs
[2023-10-27 05:47:32,825] {logging_mixin.py:115} INFO - [2023-10-27 05:47:32,825] {dag.py:2972} INFO - Setting next_dagrun for example_skip_dag to 2023-10-26T05:47:32.824904+00:00, run_after=2023-10-27T05:47:32.824904+00:00
[2023-10-27 05:47:32,849] {processor.py:161} INFO - Processing /home/airflow/.local/lib/python3.7/site-packages/airflow/example_dags/example_skip_dag.py took 0.286 seconds
[2023-10-27 05:48:02,966] {processor.py:153} INFO - Started process (PID=2274) to work on /home/airflow/.local/lib/python3.7/site-packages/airflow/example_dags/example_skip_dag.py
[2023-10-27 05:48:02,967] {processor.py:641} INFO - Processing file /home/airflow/.local/lib/python3.7/site-packages/airflow/example_dags/example_skip_dag.py for tasks to queue
[2023-10-27 05:48:02,967] {logging_mixin.py:115} INFO - [2023-10-27 05:48:02,967] {dagbag.py:508} INFO - Filling up the DagBag from /home/airflow/.local/lib/python3.7/site-packages/airflow/example_dags/example_skip_dag.py
[2023-10-27 05:48:02,974] {processor.py:651} INFO - DAG(s) dict_keys(['example_skip_dag']) retrieved from /home/airflow/.local/lib/python3.7/site-packages/airflow/example_dags/example_skip_dag.py
[2023-10-27 05:48:03,176] {logging_mixin.py:115} INFO - [2023-10-27 05:48:03,176] {dag.py:2420} INFO - Sync 1 DAGs
[2023-10-27 05:48:03,200] {logging_mixin.py:115} INFO - [2023-10-27 05:48:03,200] {dag.py:2972} INFO - Setting next_dagrun for example_skip_dag to 2023-10-26T05:48:03.200013+00:00, run_after=2023-10-27T05:48:03.200013+00:00
[2023-10-27 05:48:03,213] {processor.py:161} INFO - Processing /home/airflow/.local/lib/python3.7/site-packages/airflow/example_dags/example_skip_dag.py took 0.250 seconds
[2023-10-27 05:48:33,347] {processor.py:153} INFO - Started process (PID=2336) to work on /home/airflow/.local/lib/python3.7/site-packages/airflow/example_dags/example_skip_dag.py
[2023-10-27 05:48:33,348] {processor.py:641} INFO - Processing file /home/airflow/.local/lib/python3.7/site-packages/airflow/example_dags/example_skip_dag.py for tasks to queue
[2023-10-27 05:48:33,348] {logging_mixin.py:115} INFO - [2023-10-27 05:48:33,348] {dagbag.py:508} INFO - Filling up the DagBag from /home/airflow/.local/lib/python3.7/site-packages/airflow/example_dags/example_skip_dag.py
[2023-10-27 05:48:33,355] {processor.py:651} INFO - DAG(s) dict_keys(['example_skip_dag']) retrieved from /home/airflow/.local/lib/python3.7/site-packages/airflow/example_dags/example_skip_dag.py
[2023-10-27 05:48:33,544] {logging_mixin.py:115} INFO - [2023-10-27 05:48:33,544] {dag.py:2420} INFO - Sync 1 DAGs
[2023-10-27 05:48:33,567] {logging_mixin.py:115} INFO - [2023-10-27 05:48:33,567] {dag.py:2972} INFO - Setting next_dagrun for example_skip_dag to 2023-10-26T05:48:33.566947+00:00, run_after=2023-10-27T05:48:33.566947+00:00
[2023-10-27 05:48:33,580] {processor.py:161} INFO - Processing /home/airflow/.local/lib/python3.7/site-packages/airflow/example_dags/example_skip_dag.py took 0.237 seconds
[2023-10-27 05:49:04,128] {processor.py:153} INFO - Started process (PID=2388) to work on /home/airflow/.local/lib/python3.7/site-packages/airflow/example_dags/example_skip_dag.py
[2023-10-27 05:49:04,129] {processor.py:641} INFO - Processing file /home/airflow/.local/lib/python3.7/site-packages/airflow/example_dags/example_skip_dag.py for tasks to queue
[2023-10-27 05:49:04,129] {logging_mixin.py:115} INFO - [2023-10-27 05:49:04,129] {dagbag.py:508} INFO - Filling up the DagBag from /home/airflow/.local/lib/python3.7/site-packages/airflow/example_dags/example_skip_dag.py
[2023-10-27 05:49:04,135] {processor.py:651} INFO - DAG(s) dict_keys(['example_skip_dag']) retrieved from /home/airflow/.local/lib/python3.7/site-packages/airflow/example_dags/example_skip_dag.py
[2023-10-27 05:49:04,325] {logging_mixin.py:115} INFO - [2023-10-27 05:49:04,325] {dag.py:2420} INFO - Sync 1 DAGs
[2023-10-27 05:49:04,348] {logging_mixin.py:115} INFO - [2023-10-27 05:49:04,348] {dag.py:2972} INFO - Setting next_dagrun for example_skip_dag to 2023-10-26T05:49:04.347887+00:00, run_after=2023-10-27T05:49:04.347887+00:00
[2023-10-27 05:49:04,361] {processor.py:161} INFO - Processing /home/airflow/.local/lib/python3.7/site-packages/airflow/example_dags/example_skip_dag.py took 0.237 seconds
[2023-10-27 05:49:34,643] {processor.py:153} INFO - Started process (PID=2449) to work on /home/airflow/.local/lib/python3.7/site-packages/airflow/example_dags/example_skip_dag.py
[2023-10-27 05:49:34,644] {processor.py:641} INFO - Processing file /home/airflow/.local/lib/python3.7/site-packages/airflow/example_dags/example_skip_dag.py for tasks to queue
[2023-10-27 05:49:34,644] {logging_mixin.py:115} INFO - [2023-10-27 05:49:34,644] {dagbag.py:508} INFO - Filling up the DagBag from /home/airflow/.local/lib/python3.7/site-packages/airflow/example_dags/example_skip_dag.py
[2023-10-27 05:49:34,650] {processor.py:651} INFO - DAG(s) dict_keys(['example_skip_dag']) retrieved from /home/airflow/.local/lib/python3.7/site-packages/airflow/example_dags/example_skip_dag.py
[2023-10-27 05:49:34,842] {logging_mixin.py:115} INFO - [2023-10-27 05:49:34,842] {dag.py:2420} INFO - Sync 1 DAGs
[2023-10-27 05:49:34,865] {logging_mixin.py:115} INFO - [2023-10-27 05:49:34,865] {dag.py:2972} INFO - Setting next_dagrun for example_skip_dag to 2023-10-26T05:49:34.864834+00:00, run_after=2023-10-27T05:49:34.864834+00:00
[2023-10-27 05:49:34,877] {processor.py:161} INFO - Processing /home/airflow/.local/lib/python3.7/site-packages/airflow/example_dags/example_skip_dag.py took 0.239 seconds
[2023-10-27 05:50:04,984] {processor.py:153} INFO - Started process (PID=2510) to work on /home/airflow/.local/lib/python3.7/site-packages/airflow/example_dags/example_skip_dag.py
[2023-10-27 05:50:04,986] {processor.py:641} INFO - Processing file /home/airflow/.local/lib/python3.7/site-packages/airflow/example_dags/example_skip_dag.py for tasks to queue
[2023-10-27 05:50:04,987] {logging_mixin.py:115} INFO - [2023-10-27 05:50:04,987] {dagbag.py:508} INFO - Filling up the DagBag from /home/airflow/.local/lib/python3.7/site-packages/airflow/example_dags/example_skip_dag.py
[2023-10-27 05:50:04,994] {processor.py:651} INFO - DAG(s) dict_keys(['example_skip_dag']) retrieved from /home/airflow/.local/lib/python3.7/site-packages/airflow/example_dags/example_skip_dag.py
[2023-10-27 05:50:05,185] {logging_mixin.py:115} INFO - [2023-10-27 05:50:05,185] {dag.py:2420} INFO - Sync 1 DAGs
[2023-10-27 05:50:05,208] {logging_mixin.py:115} INFO - [2023-10-27 05:50:05,208] {dag.py:2972} INFO - Setting next_dagrun for example_skip_dag to 2023-10-26T05:50:05.207548+00:00, run_after=2023-10-27T05:50:05.207548+00:00
[2023-10-27 05:50:05,220] {processor.py:161} INFO - Processing /home/airflow/.local/lib/python3.7/site-packages/airflow/example_dags/example_skip_dag.py took 0.240 seconds
[2023-10-27 05:50:35,539] {processor.py:153} INFO - Started process (PID=2564) to work on /home/airflow/.local/lib/python3.7/site-packages/airflow/example_dags/example_skip_dag.py
[2023-10-27 05:50:35,540] {processor.py:641} INFO - Processing file /home/airflow/.local/lib/python3.7/site-packages/airflow/example_dags/example_skip_dag.py for tasks to queue
[2023-10-27 05:50:35,541] {logging_mixin.py:115} INFO - [2023-10-27 05:50:35,541] {dagbag.py:508} INFO - Filling up the DagBag from /home/airflow/.local/lib/python3.7/site-packages/airflow/example_dags/example_skip_dag.py
[2023-10-27 05:50:35,548] {processor.py:651} INFO - DAG(s) dict_keys(['example_skip_dag']) retrieved from /home/airflow/.local/lib/python3.7/site-packages/airflow/example_dags/example_skip_dag.py
[2023-10-27 05:50:35,740] {logging_mixin.py:115} INFO - [2023-10-27 05:50:35,740] {dag.py:2420} INFO - Sync 1 DAGs
[2023-10-27 05:50:35,762] {logging_mixin.py:115} INFO - [2023-10-27 05:50:35,762] {dag.py:2972} INFO - Setting next_dagrun for example_skip_dag to 2023-10-26T05:50:35.762378+00:00, run_after=2023-10-27T05:50:35.762378+00:00
[2023-10-27 05:50:35,774] {processor.py:161} INFO - Processing /home/airflow/.local/lib/python3.7/site-packages/airflow/example_dags/example_skip_dag.py took 0.239 seconds
[2023-10-27 05:51:05,812] {processor.py:153} INFO - Started process (PID=2625) to work on /home/airflow/.local/lib/python3.7/site-packages/airflow/example_dags/example_skip_dag.py
[2023-10-27 05:51:05,813] {processor.py:641} INFO - Processing file /home/airflow/.local/lib/python3.7/site-packages/airflow/example_dags/example_skip_dag.py for tasks to queue
[2023-10-27 05:51:05,814] {logging_mixin.py:115} INFO - [2023-10-27 05:51:05,813] {dagbag.py:508} INFO - Filling up the DagBag from /home/airflow/.local/lib/python3.7/site-packages/airflow/example_dags/example_skip_dag.py
[2023-10-27 05:51:05,820] {processor.py:651} INFO - DAG(s) dict_keys(['example_skip_dag']) retrieved from /home/airflow/.local/lib/python3.7/site-packages/airflow/example_dags/example_skip_dag.py
[2023-10-27 05:51:06,009] {logging_mixin.py:115} INFO - [2023-10-27 05:51:06,008] {dag.py:2420} INFO - Sync 1 DAGs
[2023-10-27 05:51:06,030] {logging_mixin.py:115} INFO - [2023-10-27 05:51:06,030] {dag.py:2972} INFO - Setting next_dagrun for example_skip_dag to 2023-10-26T05:51:06.030544+00:00, run_after=2023-10-27T05:51:06.030544+00:00
[2023-10-27 05:51:06,043] {processor.py:161} INFO - Processing /home/airflow/.local/lib/python3.7/site-packages/airflow/example_dags/example_skip_dag.py took 0.234 seconds
[2023-10-27 05:51:36,520] {processor.py:153} INFO - Started process (PID=2677) to work on /home/airflow/.local/lib/python3.7/site-packages/airflow/example_dags/example_skip_dag.py
[2023-10-27 05:51:36,521] {processor.py:641} INFO - Processing file /home/airflow/.local/lib/python3.7/site-packages/airflow/example_dags/example_skip_dag.py for tasks to queue
[2023-10-27 05:51:36,522] {logging_mixin.py:115} INFO - [2023-10-27 05:51:36,522] {dagbag.py:508} INFO - Filling up the DagBag from /home/airflow/.local/lib/python3.7/site-packages/airflow/example_dags/example_skip_dag.py
[2023-10-27 05:51:36,528] {processor.py:651} INFO - DAG(s) dict_keys(['example_skip_dag']) retrieved from /home/airflow/.local/lib/python3.7/site-packages/airflow/example_dags/example_skip_dag.py
[2023-10-27 05:51:36,719] {logging_mixin.py:115} INFO - [2023-10-27 05:51:36,719] {dag.py:2420} INFO - Sync 1 DAGs
[2023-10-27 05:51:36,741] {logging_mixin.py:115} INFO - [2023-10-27 05:51:36,741] {dag.py:2972} INFO - Setting next_dagrun for example_skip_dag to 2023-10-26T05:51:36.741603+00:00, run_after=2023-10-27T05:51:36.741603+00:00
[2023-10-27 05:51:36,754] {processor.py:161} INFO - Processing /home/airflow/.local/lib/python3.7/site-packages/airflow/example_dags/example_skip_dag.py took 0.237 seconds
[2023-10-27 05:52:07,603] {processor.py:153} INFO - Started process (PID=2740) to work on /home/airflow/.local/lib/python3.7/site-packages/airflow/example_dags/example_skip_dag.py
[2023-10-27 05:52:07,604] {processor.py:641} INFO - Processing file /home/airflow/.local/lib/python3.7/site-packages/airflow/example_dags/example_skip_dag.py for tasks to queue
[2023-10-27 05:52:07,604] {logging_mixin.py:115} INFO - [2023-10-27 05:52:07,604] {dagbag.py:508} INFO - Filling up the DagBag from /home/airflow/.local/lib/python3.7/site-packages/airflow/example_dags/example_skip_dag.py
[2023-10-27 05:52:07,610] {processor.py:651} INFO - DAG(s) dict_keys(['example_skip_dag']) retrieved from /home/airflow/.local/lib/python3.7/site-packages/airflow/example_dags/example_skip_dag.py
[2023-10-27 05:52:12,803] {logging_mixin.py:115} INFO - [2023-10-27 05:52:12,803] {dag.py:2420} INFO - Sync 1 DAGs
[2023-10-27 05:52:12,826] {logging_mixin.py:115} INFO - [2023-10-27 05:52:12,825] {dag.py:2972} INFO - Setting next_dagrun for example_skip_dag to 2023-10-26T05:52:12.825658+00:00, run_after=2023-10-27T05:52:12.825658+00:00
[2023-10-27 05:52:12,838] {processor.py:161} INFO - Processing /home/airflow/.local/lib/python3.7/site-packages/airflow/example_dags/example_skip_dag.py took 5.238 seconds
[2023-10-27 05:52:43,573] {processor.py:153} INFO - Started process (PID=2804) to work on /home/airflow/.local/lib/python3.7/site-packages/airflow/example_dags/example_skip_dag.py
[2023-10-27 05:52:43,574] {processor.py:641} INFO - Processing file /home/airflow/.local/lib/python3.7/site-packages/airflow/example_dags/example_skip_dag.py for tasks to queue
[2023-10-27 05:52:43,574] {logging_mixin.py:115} INFO - [2023-10-27 05:52:43,574] {dagbag.py:508} INFO - Filling up the DagBag from /home/airflow/.local/lib/python3.7/site-packages/airflow/example_dags/example_skip_dag.py
[2023-10-27 05:52:43,580] {processor.py:651} INFO - DAG(s) dict_keys(['example_skip_dag']) retrieved from /home/airflow/.local/lib/python3.7/site-packages/airflow/example_dags/example_skip_dag.py
[2023-10-27 05:52:43,767] {logging_mixin.py:115} INFO - [2023-10-27 05:52:43,767] {dag.py:2420} INFO - Sync 1 DAGs
[2023-10-27 05:52:43,790] {logging_mixin.py:115} INFO - [2023-10-27 05:52:43,790] {dag.py:2972} INFO - Setting next_dagrun for example_skip_dag to 2023-10-26T05:52:43.790217+00:00, run_after=2023-10-27T05:52:43.790217+00:00
[2023-10-27 05:52:43,802] {processor.py:161} INFO - Processing /home/airflow/.local/lib/python3.7/site-packages/airflow/example_dags/example_skip_dag.py took 0.233 seconds
[2023-10-27 05:53:13,836] {processor.py:153} INFO - Started process (PID=2865) to work on /home/airflow/.local/lib/python3.7/site-packages/airflow/example_dags/example_skip_dag.py
[2023-10-27 05:53:13,837] {processor.py:641} INFO - Processing file /home/airflow/.local/lib/python3.7/site-packages/airflow/example_dags/example_skip_dag.py for tasks to queue
[2023-10-27 05:53:13,837] {logging_mixin.py:115} INFO - [2023-10-27 05:53:13,837] {dagbag.py:508} INFO - Filling up the DagBag from /home/airflow/.local/lib/python3.7/site-packages/airflow/example_dags/example_skip_dag.py
[2023-10-27 05:53:13,844] {processor.py:651} INFO - DAG(s) dict_keys(['example_skip_dag']) retrieved from /home/airflow/.local/lib/python3.7/site-packages/airflow/example_dags/example_skip_dag.py
[2023-10-27 05:53:14,034] {logging_mixin.py:115} INFO - [2023-10-27 05:53:14,034] {dag.py:2420} INFO - Sync 1 DAGs
[2023-10-27 05:53:14,056] {logging_mixin.py:115} INFO - [2023-10-27 05:53:14,056] {dag.py:2972} INFO - Setting next_dagrun for example_skip_dag to 2023-10-26T05:53:14.056560+00:00, run_after=2023-10-27T05:53:14.056560+00:00
[2023-10-27 05:53:14,068] {processor.py:161} INFO - Processing /home/airflow/.local/lib/python3.7/site-packages/airflow/example_dags/example_skip_dag.py took 0.236 seconds
[2023-10-27 05:53:44,180] {processor.py:153} INFO - Started process (PID=2917) to work on /home/airflow/.local/lib/python3.7/site-packages/airflow/example_dags/example_skip_dag.py
[2023-10-27 05:53:44,180] {processor.py:641} INFO - Processing file /home/airflow/.local/lib/python3.7/site-packages/airflow/example_dags/example_skip_dag.py for tasks to queue
[2023-10-27 05:53:44,181] {logging_mixin.py:115} INFO - [2023-10-27 05:53:44,181] {dagbag.py:508} INFO - Filling up the DagBag from /home/airflow/.local/lib/python3.7/site-packages/airflow/example_dags/example_skip_dag.py
[2023-10-27 05:53:44,187] {processor.py:651} INFO - DAG(s) dict_keys(['example_skip_dag']) retrieved from /home/airflow/.local/lib/python3.7/site-packages/airflow/example_dags/example_skip_dag.py
[2023-10-27 05:53:44,374] {logging_mixin.py:115} INFO - [2023-10-27 05:53:44,374] {dag.py:2420} INFO - Sync 1 DAGs
[2023-10-27 05:53:44,397] {logging_mixin.py:115} INFO - [2023-10-27 05:53:44,397] {dag.py:2972} INFO - Setting next_dagrun for example_skip_dag to 2023-10-26T05:53:44.396784+00:00, run_after=2023-10-27T05:53:44.396784+00:00
[2023-10-27 05:53:44,409] {processor.py:161} INFO - Processing /home/airflow/.local/lib/python3.7/site-packages/airflow/example_dags/example_skip_dag.py took 0.233 seconds
