[2023-10-27 05:19:33,799] {processor.py:153} INFO - Started process (PID=56) to work on /home/airflow/.local/lib/python3.7/site-packages/airflow/example_dags/example_latest_only.py
[2023-10-27 05:19:33,800] {processor.py:641} INFO - Processing file /home/airflow/.local/lib/python3.7/site-packages/airflow/example_dags/example_latest_only.py for tasks to queue
[2023-10-27 05:19:33,801] {logging_mixin.py:115} INFO - [2023-10-27 05:19:33,801] {dagbag.py:508} INFO - Filling up the DagBag from /home/airflow/.local/lib/python3.7/site-packages/airflow/example_dags/example_latest_only.py
[2023-10-27 05:19:33,809] {processor.py:651} INFO - DAG(s) dict_keys(['latest_only']) retrieved from /home/airflow/.local/lib/python3.7/site-packages/airflow/example_dags/example_latest_only.py
[2023-10-27 05:19:33,932] {logging_mixin.py:115} INFO - [2023-10-27 05:19:33,932] {manager.py:508} INFO - Created Permission View: can delete on DAG:latest_only
[2023-10-27 05:19:33,946] {logging_mixin.py:115} INFO - [2023-10-27 05:19:33,946] {manager.py:508} INFO - Created Permission View: can read on DAG:latest_only
[2023-10-27 05:19:33,954] {logging_mixin.py:115} INFO - [2023-10-27 05:19:33,954] {manager.py:508} INFO - Created Permission View: can edit on DAG:latest_only
[2023-10-27 05:19:33,954] {logging_mixin.py:115} INFO - [2023-10-27 05:19:33,954] {dag.py:2420} INFO - Sync 1 DAGs
[2023-10-27 05:19:33,969] {logging_mixin.py:115} INFO - [2023-10-27 05:19:33,969] {dag.py:2439} INFO - Creating ORM DAG for latest_only
[2023-10-27 05:19:33,982] {logging_mixin.py:115} INFO - [2023-10-27 05:19:33,982] {dag.py:2972} INFO - Setting next_dagrun for latest_only to 2023-10-27T01:19:33.982452+00:00, run_after=2023-10-27T05:19:33.982452+00:00
[2023-10-27 05:19:34,003] {processor.py:161} INFO - Processing /home/airflow/.local/lib/python3.7/site-packages/airflow/example_dags/example_latest_only.py took 0.208 seconds
[2023-10-27 05:20:04,706] {processor.py:153} INFO - Started process (PID=119) to work on /home/airflow/.local/lib/python3.7/site-packages/airflow/example_dags/example_latest_only.py
[2023-10-27 05:20:04,707] {processor.py:641} INFO - Processing file /home/airflow/.local/lib/python3.7/site-packages/airflow/example_dags/example_latest_only.py for tasks to queue
[2023-10-27 05:20:04,708] {logging_mixin.py:115} INFO - [2023-10-27 05:20:04,708] {dagbag.py:508} INFO - Filling up the DagBag from /home/airflow/.local/lib/python3.7/site-packages/airflow/example_dags/example_latest_only.py
[2023-10-27 05:20:04,714] {processor.py:651} INFO - DAG(s) dict_keys(['latest_only']) retrieved from /home/airflow/.local/lib/python3.7/site-packages/airflow/example_dags/example_latest_only.py
[2023-10-27 05:20:04,744] {logging_mixin.py:115} INFO - [2023-10-27 05:20:04,744] {dag.py:2420} INFO - Sync 1 DAGs
[2023-10-27 05:20:04,770] {logging_mixin.py:115} INFO - [2023-10-27 05:20:04,770] {dag.py:2972} INFO - Setting next_dagrun for latest_only to 2023-10-27T01:20:04.770510+00:00, run_after=2023-10-27T05:20:04.770510+00:00
[2023-10-27 05:20:04,784] {processor.py:161} INFO - Processing /home/airflow/.local/lib/python3.7/site-packages/airflow/example_dags/example_latest_only.py took 0.082 seconds
[2023-10-27 05:20:34,931] {processor.py:153} INFO - Started process (PID=180) to work on /home/airflow/.local/lib/python3.7/site-packages/airflow/example_dags/example_latest_only.py
[2023-10-27 05:20:34,932] {processor.py:641} INFO - Processing file /home/airflow/.local/lib/python3.7/site-packages/airflow/example_dags/example_latest_only.py for tasks to queue
[2023-10-27 05:20:34,933] {logging_mixin.py:115} INFO - [2023-10-27 05:20:34,933] {dagbag.py:508} INFO - Filling up the DagBag from /home/airflow/.local/lib/python3.7/site-packages/airflow/example_dags/example_latest_only.py
[2023-10-27 05:20:34,940] {processor.py:651} INFO - DAG(s) dict_keys(['latest_only']) retrieved from /home/airflow/.local/lib/python3.7/site-packages/airflow/example_dags/example_latest_only.py
[2023-10-27 05:20:34,975] {logging_mixin.py:115} INFO - [2023-10-27 05:20:34,975] {dag.py:2420} INFO - Sync 1 DAGs
[2023-10-27 05:20:35,006] {logging_mixin.py:115} INFO - [2023-10-27 05:20:35,006] {dag.py:2972} INFO - Setting next_dagrun for latest_only to 2023-10-27T01:20:35.006348+00:00, run_after=2023-10-27T05:20:35.006348+00:00
[2023-10-27 05:20:35,022] {processor.py:161} INFO - Processing /home/airflow/.local/lib/python3.7/site-packages/airflow/example_dags/example_latest_only.py took 0.097 seconds
[2023-10-27 05:21:05,181] {processor.py:153} INFO - Started process (PID=232) to work on /home/airflow/.local/lib/python3.7/site-packages/airflow/example_dags/example_latest_only.py
[2023-10-27 05:21:05,182] {processor.py:641} INFO - Processing file /home/airflow/.local/lib/python3.7/site-packages/airflow/example_dags/example_latest_only.py for tasks to queue
[2023-10-27 05:21:05,182] {logging_mixin.py:115} INFO - [2023-10-27 05:21:05,182] {dagbag.py:508} INFO - Filling up the DagBag from /home/airflow/.local/lib/python3.7/site-packages/airflow/example_dags/example_latest_only.py
[2023-10-27 05:21:05,188] {processor.py:651} INFO - DAG(s) dict_keys(['latest_only']) retrieved from /home/airflow/.local/lib/python3.7/site-packages/airflow/example_dags/example_latest_only.py
[2023-10-27 05:21:05,219] {logging_mixin.py:115} INFO - [2023-10-27 05:21:05,219] {dag.py:2420} INFO - Sync 1 DAGs
[2023-10-27 05:21:05,246] {logging_mixin.py:115} INFO - [2023-10-27 05:21:05,246] {dag.py:2972} INFO - Setting next_dagrun for latest_only to 2023-10-27T01:21:05.246046+00:00, run_after=2023-10-27T05:21:05.246046+00:00
[2023-10-27 05:21:05,260] {processor.py:161} INFO - Processing /home/airflow/.local/lib/python3.7/site-packages/airflow/example_dags/example_latest_only.py took 0.083 seconds
[2023-10-27 05:21:35,386] {processor.py:153} INFO - Started process (PID=293) to work on /home/airflow/.local/lib/python3.7/site-packages/airflow/example_dags/example_latest_only.py
[2023-10-27 05:21:35,386] {processor.py:641} INFO - Processing file /home/airflow/.local/lib/python3.7/site-packages/airflow/example_dags/example_latest_only.py for tasks to queue
[2023-10-27 05:21:35,387] {logging_mixin.py:115} INFO - [2023-10-27 05:21:35,387] {dagbag.py:508} INFO - Filling up the DagBag from /home/airflow/.local/lib/python3.7/site-packages/airflow/example_dags/example_latest_only.py
[2023-10-27 05:21:35,393] {processor.py:651} INFO - DAG(s) dict_keys(['latest_only']) retrieved from /home/airflow/.local/lib/python3.7/site-packages/airflow/example_dags/example_latest_only.py
[2023-10-27 05:21:35,423] {logging_mixin.py:115} INFO - [2023-10-27 05:21:35,423] {dag.py:2420} INFO - Sync 1 DAGs
[2023-10-27 05:21:35,449] {logging_mixin.py:115} INFO - [2023-10-27 05:21:35,449] {dag.py:2972} INFO - Setting next_dagrun for latest_only to 2023-10-27T01:21:35.449278+00:00, run_after=2023-10-27T05:21:35.449278+00:00
[2023-10-27 05:21:35,463] {processor.py:161} INFO - Processing /home/airflow/.local/lib/python3.7/site-packages/airflow/example_dags/example_latest_only.py took 0.081 seconds
[2023-10-27 05:22:05,563] {processor.py:153} INFO - Started process (PID=346) to work on /home/airflow/.local/lib/python3.7/site-packages/airflow/example_dags/example_latest_only.py
[2023-10-27 05:22:05,564] {processor.py:641} INFO - Processing file /home/airflow/.local/lib/python3.7/site-packages/airflow/example_dags/example_latest_only.py for tasks to queue
[2023-10-27 05:22:05,564] {logging_mixin.py:115} INFO - [2023-10-27 05:22:05,564] {dagbag.py:508} INFO - Filling up the DagBag from /home/airflow/.local/lib/python3.7/site-packages/airflow/example_dags/example_latest_only.py
[2023-10-27 05:22:05,571] {processor.py:651} INFO - DAG(s) dict_keys(['latest_only']) retrieved from /home/airflow/.local/lib/python3.7/site-packages/airflow/example_dags/example_latest_only.py
[2023-10-27 05:22:05,602] {logging_mixin.py:115} INFO - [2023-10-27 05:22:05,602] {dag.py:2420} INFO - Sync 1 DAGs
[2023-10-27 05:22:05,628] {logging_mixin.py:115} INFO - [2023-10-27 05:22:05,627] {dag.py:2972} INFO - Setting next_dagrun for latest_only to 2023-10-27T01:22:05.627653+00:00, run_after=2023-10-27T05:22:05.627653+00:00
[2023-10-27 05:22:05,641] {processor.py:161} INFO - Processing /home/airflow/.local/lib/python3.7/site-packages/airflow/example_dags/example_latest_only.py took 0.082 seconds
[2023-10-27 05:22:35,736] {processor.py:153} INFO - Started process (PID=398) to work on /home/airflow/.local/lib/python3.7/site-packages/airflow/example_dags/example_latest_only.py
[2023-10-27 05:22:35,737] {processor.py:641} INFO - Processing file /home/airflow/.local/lib/python3.7/site-packages/airflow/example_dags/example_latest_only.py for tasks to queue
[2023-10-27 05:22:35,737] {logging_mixin.py:115} INFO - [2023-10-27 05:22:35,737] {dagbag.py:508} INFO - Filling up the DagBag from /home/airflow/.local/lib/python3.7/site-packages/airflow/example_dags/example_latest_only.py
[2023-10-27 05:22:35,744] {processor.py:651} INFO - DAG(s) dict_keys(['latest_only']) retrieved from /home/airflow/.local/lib/python3.7/site-packages/airflow/example_dags/example_latest_only.py
[2023-10-27 05:22:35,774] {logging_mixin.py:115} INFO - [2023-10-27 05:22:35,774] {dag.py:2420} INFO - Sync 1 DAGs
[2023-10-27 05:22:35,800] {logging_mixin.py:115} INFO - [2023-10-27 05:22:35,800] {dag.py:2972} INFO - Setting next_dagrun for latest_only to 2023-10-27T01:22:35.800351+00:00, run_after=2023-10-27T05:22:35.800351+00:00
[2023-10-27 05:22:35,813] {processor.py:161} INFO - Processing /home/airflow/.local/lib/python3.7/site-packages/airflow/example_dags/example_latest_only.py took 0.082 seconds
[2023-10-27 05:23:05,948] {processor.py:153} INFO - Started process (PID=458) to work on /home/airflow/.local/lib/python3.7/site-packages/airflow/example_dags/example_latest_only.py
[2023-10-27 05:23:05,949] {processor.py:641} INFO - Processing file /home/airflow/.local/lib/python3.7/site-packages/airflow/example_dags/example_latest_only.py for tasks to queue
[2023-10-27 05:23:05,949] {logging_mixin.py:115} INFO - [2023-10-27 05:23:05,949] {dagbag.py:508} INFO - Filling up the DagBag from /home/airflow/.local/lib/python3.7/site-packages/airflow/example_dags/example_latest_only.py
[2023-10-27 05:23:05,956] {processor.py:651} INFO - DAG(s) dict_keys(['latest_only']) retrieved from /home/airflow/.local/lib/python3.7/site-packages/airflow/example_dags/example_latest_only.py
[2023-10-27 05:23:05,987] {logging_mixin.py:115} INFO - [2023-10-27 05:23:05,987] {dag.py:2420} INFO - Sync 1 DAGs
[2023-10-27 05:23:06,014] {logging_mixin.py:115} INFO - [2023-10-27 05:23:06,013] {dag.py:2972} INFO - Setting next_dagrun for latest_only to 2023-10-27T01:23:06.013630+00:00, run_after=2023-10-27T05:23:06.013630+00:00
[2023-10-27 05:23:06,029] {processor.py:161} INFO - Processing /home/airflow/.local/lib/python3.7/site-packages/airflow/example_dags/example_latest_only.py took 0.085 seconds
[2023-10-27 05:23:36,196] {processor.py:153} INFO - Started process (PID=519) to work on /home/airflow/.local/lib/python3.7/site-packages/airflow/example_dags/example_latest_only.py
[2023-10-27 05:23:36,197] {processor.py:641} INFO - Processing file /home/airflow/.local/lib/python3.7/site-packages/airflow/example_dags/example_latest_only.py for tasks to queue
[2023-10-27 05:23:36,198] {logging_mixin.py:115} INFO - [2023-10-27 05:23:36,198] {dagbag.py:508} INFO - Filling up the DagBag from /home/airflow/.local/lib/python3.7/site-packages/airflow/example_dags/example_latest_only.py
[2023-10-27 05:23:36,205] {processor.py:651} INFO - DAG(s) dict_keys(['latest_only']) retrieved from /home/airflow/.local/lib/python3.7/site-packages/airflow/example_dags/example_latest_only.py
[2023-10-27 05:23:36,265] {logging_mixin.py:115} INFO - [2023-10-27 05:23:36,265] {dag.py:2420} INFO - Sync 1 DAGs
[2023-10-27 05:23:36,328] {logging_mixin.py:115} INFO - [2023-10-27 05:23:36,328] {dag.py:2972} INFO - Setting next_dagrun for latest_only to 2023-10-27T01:23:36.328078+00:00, run_after=2023-10-27T05:23:36.328078+00:00
[2023-10-27 05:23:36,354] {processor.py:161} INFO - Processing /home/airflow/.local/lib/python3.7/site-packages/airflow/example_dags/example_latest_only.py took 0.162 seconds
[2023-10-27 05:24:59,953] {processor.py:153} INFO - Started process (PID=56) to work on /home/airflow/.local/lib/python3.7/site-packages/airflow/example_dags/example_latest_only.py
[2023-10-27 05:24:59,957] {processor.py:641} INFO - Processing file /home/airflow/.local/lib/python3.7/site-packages/airflow/example_dags/example_latest_only.py for tasks to queue
[2023-10-27 05:24:59,965] {logging_mixin.py:115} INFO - [2023-10-27 05:24:59,965] {dagbag.py:508} INFO - Filling up the DagBag from /home/airflow/.local/lib/python3.7/site-packages/airflow/example_dags/example_latest_only.py
[2023-10-27 05:24:59,972] {processor.py:651} INFO - DAG(s) dict_keys(['latest_only']) retrieved from /home/airflow/.local/lib/python3.7/site-packages/airflow/example_dags/example_latest_only.py
[2023-10-27 05:25:00,032] {logging_mixin.py:115} INFO - [2023-10-27 05:25:00,032] {dag.py:2420} INFO - Sync 1 DAGs
[2023-10-27 05:25:00,392] {logging_mixin.py:115} INFO - [2023-10-27 05:25:00,392] {dag.py:2972} INFO - Setting next_dagrun for latest_only to 2023-10-27T01:25:00.392004+00:00, run_after=2023-10-27T05:25:00.392004+00:00
[2023-10-27 05:25:00,408] {processor.py:161} INFO - Processing /home/airflow/.local/lib/python3.7/site-packages/airflow/example_dags/example_latest_only.py took 0.459 seconds
[2023-10-27 05:25:30,585] {processor.py:153} INFO - Started process (PID=108) to work on /home/airflow/.local/lib/python3.7/site-packages/airflow/example_dags/example_latest_only.py
[2023-10-27 05:25:30,586] {processor.py:641} INFO - Processing file /home/airflow/.local/lib/python3.7/site-packages/airflow/example_dags/example_latest_only.py for tasks to queue
[2023-10-27 05:25:30,586] {logging_mixin.py:115} INFO - [2023-10-27 05:25:30,586] {dagbag.py:508} INFO - Filling up the DagBag from /home/airflow/.local/lib/python3.7/site-packages/airflow/example_dags/example_latest_only.py
[2023-10-27 05:25:30,593] {processor.py:651} INFO - DAG(s) dict_keys(['latest_only']) retrieved from /home/airflow/.local/lib/python3.7/site-packages/airflow/example_dags/example_latest_only.py
[2023-10-27 05:25:30,624] {logging_mixin.py:115} INFO - [2023-10-27 05:25:30,624] {dag.py:2420} INFO - Sync 1 DAGs
[2023-10-27 05:25:30,810] {logging_mixin.py:115} INFO - [2023-10-27 05:25:30,810] {dag.py:2972} INFO - Setting next_dagrun for latest_only to 2023-10-27T01:25:30.810486+00:00, run_after=2023-10-27T05:25:30.810486+00:00
[2023-10-27 05:25:30,822] {processor.py:161} INFO - Processing /home/airflow/.local/lib/python3.7/site-packages/airflow/example_dags/example_latest_only.py took 0.241 seconds
[2023-10-27 05:26:01,568] {processor.py:153} INFO - Started process (PID=169) to work on /home/airflow/.local/lib/python3.7/site-packages/airflow/example_dags/example_latest_only.py
[2023-10-27 05:26:01,569] {processor.py:641} INFO - Processing file /home/airflow/.local/lib/python3.7/site-packages/airflow/example_dags/example_latest_only.py for tasks to queue
[2023-10-27 05:26:01,570] {logging_mixin.py:115} INFO - [2023-10-27 05:26:01,570] {dagbag.py:508} INFO - Filling up the DagBag from /home/airflow/.local/lib/python3.7/site-packages/airflow/example_dags/example_latest_only.py
[2023-10-27 05:26:01,576] {processor.py:651} INFO - DAG(s) dict_keys(['latest_only']) retrieved from /home/airflow/.local/lib/python3.7/site-packages/airflow/example_dags/example_latest_only.py
[2023-10-27 05:26:01,610] {logging_mixin.py:115} INFO - [2023-10-27 05:26:01,610] {dag.py:2420} INFO - Sync 1 DAGs
[2023-10-27 05:26:01,799] {logging_mixin.py:115} INFO - [2023-10-27 05:26:01,799] {dag.py:2972} INFO - Setting next_dagrun for latest_only to 2023-10-27T01:26:01.799465+00:00, run_after=2023-10-27T05:26:01.799465+00:00
[2023-10-27 05:26:01,812] {processor.py:161} INFO - Processing /home/airflow/.local/lib/python3.7/site-packages/airflow/example_dags/example_latest_only.py took 0.248 seconds
[2023-10-27 05:26:32,802] {processor.py:153} INFO - Started process (PID=229) to work on /home/airflow/.local/lib/python3.7/site-packages/airflow/example_dags/example_latest_only.py
[2023-10-27 05:26:32,802] {processor.py:641} INFO - Processing file /home/airflow/.local/lib/python3.7/site-packages/airflow/example_dags/example_latest_only.py for tasks to queue
[2023-10-27 05:26:32,803] {logging_mixin.py:115} INFO - [2023-10-27 05:26:32,803] {dagbag.py:508} INFO - Filling up the DagBag from /home/airflow/.local/lib/python3.7/site-packages/airflow/example_dags/example_latest_only.py
[2023-10-27 05:26:32,809] {processor.py:651} INFO - DAG(s) dict_keys(['latest_only']) retrieved from /home/airflow/.local/lib/python3.7/site-packages/airflow/example_dags/example_latest_only.py
[2023-10-27 05:26:32,839] {logging_mixin.py:115} INFO - [2023-10-27 05:26:32,839] {dag.py:2420} INFO - Sync 1 DAGs
[2023-10-27 05:26:33,025] {logging_mixin.py:115} INFO - [2023-10-27 05:26:33,025] {dag.py:2972} INFO - Setting next_dagrun for latest_only to 2023-10-27T01:26:33.025551+00:00, run_after=2023-10-27T05:26:33.025551+00:00
[2023-10-27 05:26:33,039] {processor.py:161} INFO - Processing /home/airflow/.local/lib/python3.7/site-packages/airflow/example_dags/example_latest_only.py took 0.241 seconds
[2023-10-27 05:27:03,329] {processor.py:153} INFO - Started process (PID=281) to work on /home/airflow/.local/lib/python3.7/site-packages/airflow/example_dags/example_latest_only.py
[2023-10-27 05:27:03,330] {processor.py:641} INFO - Processing file /home/airflow/.local/lib/python3.7/site-packages/airflow/example_dags/example_latest_only.py for tasks to queue
[2023-10-27 05:27:03,330] {logging_mixin.py:115} INFO - [2023-10-27 05:27:03,330] {dagbag.py:508} INFO - Filling up the DagBag from /home/airflow/.local/lib/python3.7/site-packages/airflow/example_dags/example_latest_only.py
[2023-10-27 05:27:03,337] {processor.py:651} INFO - DAG(s) dict_keys(['latest_only']) retrieved from /home/airflow/.local/lib/python3.7/site-packages/airflow/example_dags/example_latest_only.py
[2023-10-27 05:27:03,367] {logging_mixin.py:115} INFO - [2023-10-27 05:27:03,366] {dag.py:2420} INFO - Sync 1 DAGs
[2023-10-27 05:27:03,550] {logging_mixin.py:115} INFO - [2023-10-27 05:27:03,550] {dag.py:2972} INFO - Setting next_dagrun for latest_only to 2023-10-27T01:27:03.550281+00:00, run_after=2023-10-27T05:27:03.550281+00:00
[2023-10-27 05:27:03,563] {processor.py:161} INFO - Processing /home/airflow/.local/lib/python3.7/site-packages/airflow/example_dags/example_latest_only.py took 0.238 seconds
[2023-10-27 05:28:16,399] {processor.py:153} INFO - Started process (PID=56) to work on /home/airflow/.local/lib/python3.7/site-packages/airflow/example_dags/example_latest_only.py
[2023-10-27 05:28:16,412] {processor.py:641} INFO - Processing file /home/airflow/.local/lib/python3.7/site-packages/airflow/example_dags/example_latest_only.py for tasks to queue
[2023-10-27 05:28:16,413] {logging_mixin.py:115} INFO - [2023-10-27 05:28:16,413] {dagbag.py:508} INFO - Filling up the DagBag from /home/airflow/.local/lib/python3.7/site-packages/airflow/example_dags/example_latest_only.py
[2023-10-27 05:28:16,434] {processor.py:651} INFO - DAG(s) dict_keys(['latest_only']) retrieved from /home/airflow/.local/lib/python3.7/site-packages/airflow/example_dags/example_latest_only.py
[2023-10-27 05:28:16,548] {logging_mixin.py:115} INFO - [2023-10-27 05:28:16,543] {dag.py:2420} INFO - Sync 1 DAGs
[2023-10-27 05:28:17,018] {logging_mixin.py:115} INFO - [2023-10-27 05:28:17,018] {dag.py:2972} INFO - Setting next_dagrun for latest_only to 2023-10-27T01:28:17.018460+00:00, run_after=2023-10-27T05:28:17.018460+00:00
[2023-10-27 05:28:17,039] {processor.py:161} INFO - Processing /home/airflow/.local/lib/python3.7/site-packages/airflow/example_dags/example_latest_only.py took 0.661 seconds
[2023-10-27 05:28:50,430] {processor.py:153} INFO - Started process (PID=109) to work on /home/airflow/.local/lib/python3.7/site-packages/airflow/example_dags/example_latest_only.py
[2023-10-27 05:28:50,431] {processor.py:641} INFO - Processing file /home/airflow/.local/lib/python3.7/site-packages/airflow/example_dags/example_latest_only.py for tasks to queue
[2023-10-27 05:28:50,432] {logging_mixin.py:115} INFO - [2023-10-27 05:28:50,432] {dagbag.py:508} INFO - Filling up the DagBag from /home/airflow/.local/lib/python3.7/site-packages/airflow/example_dags/example_latest_only.py
[2023-10-27 05:28:50,439] {processor.py:651} INFO - DAG(s) dict_keys(['latest_only']) retrieved from /home/airflow/.local/lib/python3.7/site-packages/airflow/example_dags/example_latest_only.py
[2023-10-27 05:28:50,472] {logging_mixin.py:115} INFO - [2023-10-27 05:28:50,472] {dag.py:2420} INFO - Sync 1 DAGs
[2023-10-27 05:28:50,685] {logging_mixin.py:115} INFO - [2023-10-27 05:28:50,685] {dag.py:2972} INFO - Setting next_dagrun for latest_only to 2023-10-27T01:28:50.685214+00:00, run_after=2023-10-27T05:28:50.685214+00:00
[2023-10-27 05:28:50,709] {processor.py:161} INFO - Processing /home/airflow/.local/lib/python3.7/site-packages/airflow/example_dags/example_latest_only.py took 0.283 seconds
[2023-10-27 05:29:20,846] {processor.py:153} INFO - Started process (PID=170) to work on /home/airflow/.local/lib/python3.7/site-packages/airflow/example_dags/example_latest_only.py
[2023-10-27 05:29:20,846] {processor.py:641} INFO - Processing file /home/airflow/.local/lib/python3.7/site-packages/airflow/example_dags/example_latest_only.py for tasks to queue
[2023-10-27 05:29:20,847] {logging_mixin.py:115} INFO - [2023-10-27 05:29:20,847] {dagbag.py:508} INFO - Filling up the DagBag from /home/airflow/.local/lib/python3.7/site-packages/airflow/example_dags/example_latest_only.py
[2023-10-27 05:29:20,853] {processor.py:651} INFO - DAG(s) dict_keys(['latest_only']) retrieved from /home/airflow/.local/lib/python3.7/site-packages/airflow/example_dags/example_latest_only.py
[2023-10-27 05:29:20,885] {logging_mixin.py:115} INFO - [2023-10-27 05:29:20,885] {dag.py:2420} INFO - Sync 1 DAGs
[2023-10-27 05:29:21,072] {logging_mixin.py:115} INFO - [2023-10-27 05:29:21,072] {dag.py:2972} INFO - Setting next_dagrun for latest_only to 2023-10-27T01:29:21.071851+00:00, run_after=2023-10-27T05:29:21.071851+00:00
[2023-10-27 05:29:21,084] {processor.py:161} INFO - Processing /home/airflow/.local/lib/python3.7/site-packages/airflow/example_dags/example_latest_only.py took 0.243 seconds
[2023-10-27 05:29:51,334] {processor.py:153} INFO - Started process (PID=231) to work on /home/airflow/.local/lib/python3.7/site-packages/airflow/example_dags/example_latest_only.py
[2023-10-27 05:29:51,335] {processor.py:641} INFO - Processing file /home/airflow/.local/lib/python3.7/site-packages/airflow/example_dags/example_latest_only.py for tasks to queue
[2023-10-27 05:29:51,335] {logging_mixin.py:115} INFO - [2023-10-27 05:29:51,335] {dagbag.py:508} INFO - Filling up the DagBag from /home/airflow/.local/lib/python3.7/site-packages/airflow/example_dags/example_latest_only.py
[2023-10-27 05:29:51,342] {processor.py:651} INFO - DAG(s) dict_keys(['latest_only']) retrieved from /home/airflow/.local/lib/python3.7/site-packages/airflow/example_dags/example_latest_only.py
[2023-10-27 05:29:51,376] {logging_mixin.py:115} INFO - [2023-10-27 05:29:51,376] {dag.py:2420} INFO - Sync 1 DAGs
[2023-10-27 05:29:51,567] {logging_mixin.py:115} INFO - [2023-10-27 05:29:51,567] {dag.py:2972} INFO - Setting next_dagrun for latest_only to 2023-10-27T01:29:51.566753+00:00, run_after=2023-10-27T05:29:51.566753+00:00
[2023-10-27 05:29:51,586] {processor.py:161} INFO - Processing /home/airflow/.local/lib/python3.7/site-packages/airflow/example_dags/example_latest_only.py took 0.256 seconds
[2023-10-27 05:30:22,193] {processor.py:153} INFO - Started process (PID=282) to work on /home/airflow/.local/lib/python3.7/site-packages/airflow/example_dags/example_latest_only.py
[2023-10-27 05:30:22,194] {processor.py:641} INFO - Processing file /home/airflow/.local/lib/python3.7/site-packages/airflow/example_dags/example_latest_only.py for tasks to queue
[2023-10-27 05:30:22,195] {logging_mixin.py:115} INFO - [2023-10-27 05:30:22,195] {dagbag.py:508} INFO - Filling up the DagBag from /home/airflow/.local/lib/python3.7/site-packages/airflow/example_dags/example_latest_only.py
[2023-10-27 05:30:22,201] {processor.py:651} INFO - DAG(s) dict_keys(['latest_only']) retrieved from /home/airflow/.local/lib/python3.7/site-packages/airflow/example_dags/example_latest_only.py
[2023-10-27 05:30:22,231] {logging_mixin.py:115} INFO - [2023-10-27 05:30:22,231] {dag.py:2420} INFO - Sync 1 DAGs
[2023-10-27 05:30:22,409] {logging_mixin.py:115} INFO - [2023-10-27 05:30:22,409] {dag.py:2972} INFO - Setting next_dagrun for latest_only to 2023-10-27T01:30:22.409622+00:00, run_after=2023-10-27T05:30:22.409622+00:00
[2023-10-27 05:30:22,422] {processor.py:161} INFO - Processing /home/airflow/.local/lib/python3.7/site-packages/airflow/example_dags/example_latest_only.py took 0.233 seconds
[2023-10-27 05:30:52,481] {processor.py:153} INFO - Started process (PID=343) to work on /home/airflow/.local/lib/python3.7/site-packages/airflow/example_dags/example_latest_only.py
[2023-10-27 05:30:52,481] {processor.py:641} INFO - Processing file /home/airflow/.local/lib/python3.7/site-packages/airflow/example_dags/example_latest_only.py for tasks to queue
[2023-10-27 05:30:52,482] {logging_mixin.py:115} INFO - [2023-10-27 05:30:52,482] {dagbag.py:508} INFO - Filling up the DagBag from /home/airflow/.local/lib/python3.7/site-packages/airflow/example_dags/example_latest_only.py
[2023-10-27 05:30:52,488] {processor.py:651} INFO - DAG(s) dict_keys(['latest_only']) retrieved from /home/airflow/.local/lib/python3.7/site-packages/airflow/example_dags/example_latest_only.py
[2023-10-27 05:30:52,518] {logging_mixin.py:115} INFO - [2023-10-27 05:30:52,518] {dag.py:2420} INFO - Sync 1 DAGs
[2023-10-27 05:30:52,700] {logging_mixin.py:115} INFO - [2023-10-27 05:30:52,700] {dag.py:2972} INFO - Setting next_dagrun for latest_only to 2023-10-27T01:30:52.699792+00:00, run_after=2023-10-27T05:30:52.699792+00:00
[2023-10-27 05:30:52,713] {processor.py:161} INFO - Processing /home/airflow/.local/lib/python3.7/site-packages/airflow/example_dags/example_latest_only.py took 0.236 seconds
[2023-10-27 05:31:22,824] {processor.py:153} INFO - Started process (PID=396) to work on /home/airflow/.local/lib/python3.7/site-packages/airflow/example_dags/example_latest_only.py
[2023-10-27 05:31:22,825] {processor.py:641} INFO - Processing file /home/airflow/.local/lib/python3.7/site-packages/airflow/example_dags/example_latest_only.py for tasks to queue
[2023-10-27 05:31:22,825] {logging_mixin.py:115} INFO - [2023-10-27 05:31:22,825] {dagbag.py:508} INFO - Filling up the DagBag from /home/airflow/.local/lib/python3.7/site-packages/airflow/example_dags/example_latest_only.py
[2023-10-27 05:31:22,832] {processor.py:651} INFO - DAG(s) dict_keys(['latest_only']) retrieved from /home/airflow/.local/lib/python3.7/site-packages/airflow/example_dags/example_latest_only.py
[2023-10-27 05:31:22,862] {logging_mixin.py:115} INFO - [2023-10-27 05:31:22,862] {dag.py:2420} INFO - Sync 1 DAGs
[2023-10-27 05:31:23,043] {logging_mixin.py:115} INFO - [2023-10-27 05:31:23,043] {dag.py:2972} INFO - Setting next_dagrun for latest_only to 2023-10-27T01:31:23.043587+00:00, run_after=2023-10-27T05:31:23.043587+00:00
[2023-10-27 05:31:23,056] {processor.py:161} INFO - Processing /home/airflow/.local/lib/python3.7/site-packages/airflow/example_dags/example_latest_only.py took 0.236 seconds
[2023-10-27 05:31:53,122] {processor.py:153} INFO - Started process (PID=457) to work on /home/airflow/.local/lib/python3.7/site-packages/airflow/example_dags/example_latest_only.py
[2023-10-27 05:31:53,123] {processor.py:641} INFO - Processing file /home/airflow/.local/lib/python3.7/site-packages/airflow/example_dags/example_latest_only.py for tasks to queue
[2023-10-27 05:31:53,123] {logging_mixin.py:115} INFO - [2023-10-27 05:31:53,123] {dagbag.py:508} INFO - Filling up the DagBag from /home/airflow/.local/lib/python3.7/site-packages/airflow/example_dags/example_latest_only.py
[2023-10-27 05:31:53,129] {processor.py:651} INFO - DAG(s) dict_keys(['latest_only']) retrieved from /home/airflow/.local/lib/python3.7/site-packages/airflow/example_dags/example_latest_only.py
[2023-10-27 05:31:53,160] {logging_mixin.py:115} INFO - [2023-10-27 05:31:53,160] {dag.py:2420} INFO - Sync 1 DAGs
[2023-10-27 05:31:53,340] {logging_mixin.py:115} INFO - [2023-10-27 05:31:53,340] {dag.py:2972} INFO - Setting next_dagrun for latest_only to 2023-10-27T01:31:53.339862+00:00, run_after=2023-10-27T05:31:53.339862+00:00
[2023-10-27 05:31:53,352] {processor.py:161} INFO - Processing /home/airflow/.local/lib/python3.7/site-packages/airflow/example_dags/example_latest_only.py took 0.234 seconds
[2023-10-27 05:32:23,514] {processor.py:153} INFO - Started process (PID=518) to work on /home/airflow/.local/lib/python3.7/site-packages/airflow/example_dags/example_latest_only.py
[2023-10-27 05:32:23,514] {processor.py:641} INFO - Processing file /home/airflow/.local/lib/python3.7/site-packages/airflow/example_dags/example_latest_only.py for tasks to queue
[2023-10-27 05:32:23,515] {logging_mixin.py:115} INFO - [2023-10-27 05:32:23,515] {dagbag.py:508} INFO - Filling up the DagBag from /home/airflow/.local/lib/python3.7/site-packages/airflow/example_dags/example_latest_only.py
[2023-10-27 05:32:23,521] {processor.py:651} INFO - DAG(s) dict_keys(['latest_only']) retrieved from /home/airflow/.local/lib/python3.7/site-packages/airflow/example_dags/example_latest_only.py
[2023-10-27 05:32:23,553] {logging_mixin.py:115} INFO - [2023-10-27 05:32:23,553] {dag.py:2420} INFO - Sync 1 DAGs
[2023-10-27 05:32:23,747] {logging_mixin.py:115} INFO - [2023-10-27 05:32:23,747] {dag.py:2972} INFO - Setting next_dagrun for latest_only to 2023-10-27T01:32:23.746990+00:00, run_after=2023-10-27T05:32:23.746990+00:00
[2023-10-27 05:32:23,759] {processor.py:161} INFO - Processing /home/airflow/.local/lib/python3.7/site-packages/airflow/example_dags/example_latest_only.py took 0.250 seconds
[2023-10-27 05:32:53,948] {processor.py:153} INFO - Started process (PID=570) to work on /home/airflow/.local/lib/python3.7/site-packages/airflow/example_dags/example_latest_only.py
[2023-10-27 05:32:53,949] {processor.py:641} INFO - Processing file /home/airflow/.local/lib/python3.7/site-packages/airflow/example_dags/example_latest_only.py for tasks to queue
[2023-10-27 05:32:53,950] {logging_mixin.py:115} INFO - [2023-10-27 05:32:53,950] {dagbag.py:508} INFO - Filling up the DagBag from /home/airflow/.local/lib/python3.7/site-packages/airflow/example_dags/example_latest_only.py
[2023-10-27 05:32:53,956] {processor.py:651} INFO - DAG(s) dict_keys(['latest_only']) retrieved from /home/airflow/.local/lib/python3.7/site-packages/airflow/example_dags/example_latest_only.py
[2023-10-27 05:32:53,987] {logging_mixin.py:115} INFO - [2023-10-27 05:32:53,987] {dag.py:2420} INFO - Sync 1 DAGs
[2023-10-27 05:32:54,165] {logging_mixin.py:115} INFO - [2023-10-27 05:32:54,165] {dag.py:2972} INFO - Setting next_dagrun for latest_only to 2023-10-27T01:32:54.165626+00:00, run_after=2023-10-27T05:32:54.165626+00:00
[2023-10-27 05:32:54,180] {processor.py:161} INFO - Processing /home/airflow/.local/lib/python3.7/site-packages/airflow/example_dags/example_latest_only.py took 0.236 seconds
[2023-10-27 05:33:24,750] {processor.py:153} INFO - Started process (PID=631) to work on /home/airflow/.local/lib/python3.7/site-packages/airflow/example_dags/example_latest_only.py
[2023-10-27 05:33:24,751] {processor.py:641} INFO - Processing file /home/airflow/.local/lib/python3.7/site-packages/airflow/example_dags/example_latest_only.py for tasks to queue
[2023-10-27 05:33:24,751] {logging_mixin.py:115} INFO - [2023-10-27 05:33:24,751] {dagbag.py:508} INFO - Filling up the DagBag from /home/airflow/.local/lib/python3.7/site-packages/airflow/example_dags/example_latest_only.py
[2023-10-27 05:33:24,757] {processor.py:651} INFO - DAG(s) dict_keys(['latest_only']) retrieved from /home/airflow/.local/lib/python3.7/site-packages/airflow/example_dags/example_latest_only.py
[2023-10-27 05:33:24,791] {logging_mixin.py:115} INFO - [2023-10-27 05:33:24,791] {dag.py:2420} INFO - Sync 1 DAGs
[2023-10-27 05:33:24,970] {logging_mixin.py:115} INFO - [2023-10-27 05:33:24,970] {dag.py:2972} INFO - Setting next_dagrun for latest_only to 2023-10-27T01:33:24.969873+00:00, run_after=2023-10-27T05:33:24.969873+00:00
[2023-10-27 05:33:24,983] {processor.py:161} INFO - Processing /home/airflow/.local/lib/python3.7/site-packages/airflow/example_dags/example_latest_only.py took 0.237 seconds
[2023-10-27 05:33:56,060] {processor.py:153} INFO - Started process (PID=690) to work on /home/airflow/.local/lib/python3.7/site-packages/airflow/example_dags/example_latest_only.py
[2023-10-27 05:33:56,061] {processor.py:641} INFO - Processing file /home/airflow/.local/lib/python3.7/site-packages/airflow/example_dags/example_latest_only.py for tasks to queue
[2023-10-27 05:33:56,061] {logging_mixin.py:115} INFO - [2023-10-27 05:33:56,061] {dagbag.py:508} INFO - Filling up the DagBag from /home/airflow/.local/lib/python3.7/site-packages/airflow/example_dags/example_latest_only.py
[2023-10-27 05:33:56,068] {processor.py:651} INFO - DAG(s) dict_keys(['latest_only']) retrieved from /home/airflow/.local/lib/python3.7/site-packages/airflow/example_dags/example_latest_only.py
[2023-10-27 05:33:56,105] {logging_mixin.py:115} INFO - [2023-10-27 05:33:56,105] {dag.py:2420} INFO - Sync 1 DAGs
[2023-10-27 05:33:56,293] {logging_mixin.py:115} INFO - [2023-10-27 05:33:56,293] {dag.py:2972} INFO - Setting next_dagrun for latest_only to 2023-10-27T01:33:56.293037+00:00, run_after=2023-10-27T05:33:56.293037+00:00
[2023-10-27 05:33:56,311] {processor.py:161} INFO - Processing /home/airflow/.local/lib/python3.7/site-packages/airflow/example_dags/example_latest_only.py took 0.255 seconds
[2023-10-27 05:34:26,826] {processor.py:153} INFO - Started process (PID=743) to work on /home/airflow/.local/lib/python3.7/site-packages/airflow/example_dags/example_latest_only.py
[2023-10-27 05:34:26,827] {processor.py:641} INFO - Processing file /home/airflow/.local/lib/python3.7/site-packages/airflow/example_dags/example_latest_only.py for tasks to queue
[2023-10-27 05:34:26,827] {logging_mixin.py:115} INFO - [2023-10-27 05:34:26,827] {dagbag.py:508} INFO - Filling up the DagBag from /home/airflow/.local/lib/python3.7/site-packages/airflow/example_dags/example_latest_only.py
[2023-10-27 05:34:26,833] {processor.py:651} INFO - DAG(s) dict_keys(['latest_only']) retrieved from /home/airflow/.local/lib/python3.7/site-packages/airflow/example_dags/example_latest_only.py
[2023-10-27 05:34:26,868] {logging_mixin.py:115} INFO - [2023-10-27 05:34:26,868] {dag.py:2420} INFO - Sync 1 DAGs
[2023-10-27 05:34:27,049] {logging_mixin.py:115} INFO - [2023-10-27 05:34:27,049] {dag.py:2972} INFO - Setting next_dagrun for latest_only to 2023-10-27T01:34:27.048847+00:00, run_after=2023-10-27T05:34:27.048847+00:00
[2023-10-27 05:34:27,061] {processor.py:161} INFO - Processing /home/airflow/.local/lib/python3.7/site-packages/airflow/example_dags/example_latest_only.py took 0.238 seconds
[2023-10-27 05:34:57,481] {processor.py:153} INFO - Started process (PID=804) to work on /home/airflow/.local/lib/python3.7/site-packages/airflow/example_dags/example_latest_only.py
[2023-10-27 05:34:57,482] {processor.py:641} INFO - Processing file /home/airflow/.local/lib/python3.7/site-packages/airflow/example_dags/example_latest_only.py for tasks to queue
[2023-10-27 05:34:57,483] {logging_mixin.py:115} INFO - [2023-10-27 05:34:57,483] {dagbag.py:508} INFO - Filling up the DagBag from /home/airflow/.local/lib/python3.7/site-packages/airflow/example_dags/example_latest_only.py
[2023-10-27 05:34:57,489] {processor.py:651} INFO - DAG(s) dict_keys(['latest_only']) retrieved from /home/airflow/.local/lib/python3.7/site-packages/airflow/example_dags/example_latest_only.py
[2023-10-27 05:34:57,532] {logging_mixin.py:115} INFO - [2023-10-27 05:34:57,532] {dag.py:2420} INFO - Sync 1 DAGs
[2023-10-27 05:34:57,729] {logging_mixin.py:115} INFO - [2023-10-27 05:34:57,728] {dag.py:2972} INFO - Setting next_dagrun for latest_only to 2023-10-27T01:34:57.728720+00:00, run_after=2023-10-27T05:34:57.728720+00:00
[2023-10-27 05:34:57,742] {processor.py:161} INFO - Processing /home/airflow/.local/lib/python3.7/site-packages/airflow/example_dags/example_latest_only.py took 0.265 seconds
[2023-10-27 05:35:28,130] {processor.py:153} INFO - Started process (PID=857) to work on /home/airflow/.local/lib/python3.7/site-packages/airflow/example_dags/example_latest_only.py
[2023-10-27 05:35:28,131] {processor.py:641} INFO - Processing file /home/airflow/.local/lib/python3.7/site-packages/airflow/example_dags/example_latest_only.py for tasks to queue
[2023-10-27 05:35:28,131] {logging_mixin.py:115} INFO - [2023-10-27 05:35:28,131] {dagbag.py:508} INFO - Filling up the DagBag from /home/airflow/.local/lib/python3.7/site-packages/airflow/example_dags/example_latest_only.py
[2023-10-27 05:35:28,137] {processor.py:651} INFO - DAG(s) dict_keys(['latest_only']) retrieved from /home/airflow/.local/lib/python3.7/site-packages/airflow/example_dags/example_latest_only.py
[2023-10-27 05:35:28,179] {logging_mixin.py:115} INFO - [2023-10-27 05:35:28,179] {dag.py:2420} INFO - Sync 1 DAGs
[2023-10-27 05:35:28,363] {logging_mixin.py:115} INFO - [2023-10-27 05:35:28,363] {dag.py:2972} INFO - Setting next_dagrun for latest_only to 2023-10-27T01:35:28.363527+00:00, run_after=2023-10-27T05:35:28.363527+00:00
[2023-10-27 05:35:28,375] {processor.py:161} INFO - Processing /home/airflow/.local/lib/python3.7/site-packages/airflow/example_dags/example_latest_only.py took 0.249 seconds
[2023-10-27 05:35:59,170] {processor.py:153} INFO - Started process (PID=918) to work on /home/airflow/.local/lib/python3.7/site-packages/airflow/example_dags/example_latest_only.py
[2023-10-27 05:35:59,171] {processor.py:641} INFO - Processing file /home/airflow/.local/lib/python3.7/site-packages/airflow/example_dags/example_latest_only.py for tasks to queue
[2023-10-27 05:35:59,172] {logging_mixin.py:115} INFO - [2023-10-27 05:35:59,171] {dagbag.py:508} INFO - Filling up the DagBag from /home/airflow/.local/lib/python3.7/site-packages/airflow/example_dags/example_latest_only.py
[2023-10-27 05:35:59,177] {processor.py:651} INFO - DAG(s) dict_keys(['latest_only']) retrieved from /home/airflow/.local/lib/python3.7/site-packages/airflow/example_dags/example_latest_only.py
[2023-10-27 05:35:59,211] {logging_mixin.py:115} INFO - [2023-10-27 05:35:59,211] {dag.py:2420} INFO - Sync 1 DAGs
[2023-10-27 05:35:59,384] {logging_mixin.py:115} INFO - [2023-10-27 05:35:59,384] {dag.py:2972} INFO - Setting next_dagrun for latest_only to 2023-10-27T01:35:59.384367+00:00, run_after=2023-10-27T05:35:59.384367+00:00
[2023-10-27 05:35:59,396] {processor.py:161} INFO - Processing /home/airflow/.local/lib/python3.7/site-packages/airflow/example_dags/example_latest_only.py took 0.230 seconds
[2023-10-27 05:36:29,541] {processor.py:153} INFO - Started process (PID=977) to work on /home/airflow/.local/lib/python3.7/site-packages/airflow/example_dags/example_latest_only.py
[2023-10-27 05:36:29,541] {processor.py:641} INFO - Processing file /home/airflow/.local/lib/python3.7/site-packages/airflow/example_dags/example_latest_only.py for tasks to queue
[2023-10-27 05:36:29,542] {logging_mixin.py:115} INFO - [2023-10-27 05:36:29,542] {dagbag.py:508} INFO - Filling up the DagBag from /home/airflow/.local/lib/python3.7/site-packages/airflow/example_dags/example_latest_only.py
[2023-10-27 05:36:29,548] {processor.py:651} INFO - DAG(s) dict_keys(['latest_only']) retrieved from /home/airflow/.local/lib/python3.7/site-packages/airflow/example_dags/example_latest_only.py
[2023-10-27 05:36:29,582] {logging_mixin.py:115} INFO - [2023-10-27 05:36:29,582] {dag.py:2420} INFO - Sync 1 DAGs
[2023-10-27 05:36:29,762] {logging_mixin.py:115} INFO - [2023-10-27 05:36:29,761] {dag.py:2972} INFO - Setting next_dagrun for latest_only to 2023-10-27T01:36:29.761659+00:00, run_after=2023-10-27T05:36:29.761659+00:00
[2023-10-27 05:36:29,775] {processor.py:161} INFO - Processing /home/airflow/.local/lib/python3.7/site-packages/airflow/example_dags/example_latest_only.py took 0.239 seconds
[2023-10-27 05:36:59,908] {processor.py:153} INFO - Started process (PID=1027) to work on /home/airflow/.local/lib/python3.7/site-packages/airflow/example_dags/example_latest_only.py
[2023-10-27 05:36:59,909] {processor.py:641} INFO - Processing file /home/airflow/.local/lib/python3.7/site-packages/airflow/example_dags/example_latest_only.py for tasks to queue
[2023-10-27 05:36:59,909] {logging_mixin.py:115} INFO - [2023-10-27 05:36:59,909] {dagbag.py:508} INFO - Filling up the DagBag from /home/airflow/.local/lib/python3.7/site-packages/airflow/example_dags/example_latest_only.py
[2023-10-27 05:36:59,915] {processor.py:651} INFO - DAG(s) dict_keys(['latest_only']) retrieved from /home/airflow/.local/lib/python3.7/site-packages/airflow/example_dags/example_latest_only.py
[2023-10-27 05:36:59,950] {logging_mixin.py:115} INFO - [2023-10-27 05:36:59,949] {dag.py:2420} INFO - Sync 1 DAGs
[2023-10-27 05:37:00,130] {logging_mixin.py:115} INFO - [2023-10-27 05:37:00,130] {dag.py:2972} INFO - Setting next_dagrun for latest_only to 2023-10-27T01:37:00.130321+00:00, run_after=2023-10-27T05:37:00.130321+00:00
[2023-10-27 05:37:00,143] {processor.py:161} INFO - Processing /home/airflow/.local/lib/python3.7/site-packages/airflow/example_dags/example_latest_only.py took 0.239 seconds
[2023-10-27 05:37:30,907] {processor.py:153} INFO - Started process (PID=1088) to work on /home/airflow/.local/lib/python3.7/site-packages/airflow/example_dags/example_latest_only.py
[2023-10-27 05:37:30,908] {processor.py:641} INFO - Processing file /home/airflow/.local/lib/python3.7/site-packages/airflow/example_dags/example_latest_only.py for tasks to queue
[2023-10-27 05:37:30,908] {logging_mixin.py:115} INFO - [2023-10-27 05:37:30,908] {dagbag.py:508} INFO - Filling up the DagBag from /home/airflow/.local/lib/python3.7/site-packages/airflow/example_dags/example_latest_only.py
[2023-10-27 05:37:30,914] {processor.py:651} INFO - DAG(s) dict_keys(['latest_only']) retrieved from /home/airflow/.local/lib/python3.7/site-packages/airflow/example_dags/example_latest_only.py
[2023-10-27 05:37:30,951] {logging_mixin.py:115} INFO - [2023-10-27 05:37:30,951] {dag.py:2420} INFO - Sync 1 DAGs
[2023-10-27 05:37:31,141] {logging_mixin.py:115} INFO - [2023-10-27 05:37:31,141] {dag.py:2972} INFO - Setting next_dagrun for latest_only to 2023-10-27T01:37:31.141297+00:00, run_after=2023-10-27T05:37:31.141297+00:00
[2023-10-27 05:37:31,154] {processor.py:161} INFO - Processing /home/airflow/.local/lib/python3.7/site-packages/airflow/example_dags/example_latest_only.py took 0.251 seconds
[2023-10-27 05:38:01,635] {processor.py:153} INFO - Started process (PID=1148) to work on /home/airflow/.local/lib/python3.7/site-packages/airflow/example_dags/example_latest_only.py
[2023-10-27 05:38:01,636] {processor.py:641} INFO - Processing file /home/airflow/.local/lib/python3.7/site-packages/airflow/example_dags/example_latest_only.py for tasks to queue
[2023-10-27 05:38:01,636] {logging_mixin.py:115} INFO - [2023-10-27 05:38:01,636] {dagbag.py:508} INFO - Filling up the DagBag from /home/airflow/.local/lib/python3.7/site-packages/airflow/example_dags/example_latest_only.py
[2023-10-27 05:38:01,643] {processor.py:651} INFO - DAG(s) dict_keys(['latest_only']) retrieved from /home/airflow/.local/lib/python3.7/site-packages/airflow/example_dags/example_latest_only.py
[2023-10-27 05:38:01,682] {logging_mixin.py:115} INFO - [2023-10-27 05:38:01,682] {dag.py:2420} INFO - Sync 1 DAGs
[2023-10-27 05:38:01,866] {logging_mixin.py:115} INFO - [2023-10-27 05:38:01,866] {dag.py:2972} INFO - Setting next_dagrun for latest_only to 2023-10-27T01:38:01.866205+00:00, run_after=2023-10-27T05:38:01.866205+00:00
[2023-10-27 05:38:01,880] {processor.py:161} INFO - Processing /home/airflow/.local/lib/python3.7/site-packages/airflow/example_dags/example_latest_only.py took 0.249 seconds
[2023-10-27 05:38:32,083] {processor.py:153} INFO - Started process (PID=1202) to work on /home/airflow/.local/lib/python3.7/site-packages/airflow/example_dags/example_latest_only.py
[2023-10-27 05:38:32,083] {processor.py:641} INFO - Processing file /home/airflow/.local/lib/python3.7/site-packages/airflow/example_dags/example_latest_only.py for tasks to queue
[2023-10-27 05:38:32,084] {logging_mixin.py:115} INFO - [2023-10-27 05:38:32,084] {dagbag.py:508} INFO - Filling up the DagBag from /home/airflow/.local/lib/python3.7/site-packages/airflow/example_dags/example_latest_only.py
[2023-10-27 05:38:32,090] {processor.py:651} INFO - DAG(s) dict_keys(['latest_only']) retrieved from /home/airflow/.local/lib/python3.7/site-packages/airflow/example_dags/example_latest_only.py
[2023-10-27 05:38:32,124] {logging_mixin.py:115} INFO - [2023-10-27 05:38:32,124] {dag.py:2420} INFO - Sync 1 DAGs
[2023-10-27 05:38:32,305] {logging_mixin.py:115} INFO - [2023-10-27 05:38:32,305] {dag.py:2972} INFO - Setting next_dagrun for latest_only to 2023-10-27T01:38:32.304650+00:00, run_after=2023-10-27T05:38:32.304650+00:00
[2023-10-27 05:38:32,317] {processor.py:161} INFO - Processing /home/airflow/.local/lib/python3.7/site-packages/airflow/example_dags/example_latest_only.py took 0.238 seconds
[2023-10-27 05:39:02,560] {processor.py:153} INFO - Started process (PID=1264) to work on /home/airflow/.local/lib/python3.7/site-packages/airflow/example_dags/example_latest_only.py
[2023-10-27 05:39:02,561] {processor.py:641} INFO - Processing file /home/airflow/.local/lib/python3.7/site-packages/airflow/example_dags/example_latest_only.py for tasks to queue
[2023-10-27 05:39:02,562] {logging_mixin.py:115} INFO - [2023-10-27 05:39:02,562] {dagbag.py:508} INFO - Filling up the DagBag from /home/airflow/.local/lib/python3.7/site-packages/airflow/example_dags/example_latest_only.py
[2023-10-27 05:39:02,568] {processor.py:651} INFO - DAG(s) dict_keys(['latest_only']) retrieved from /home/airflow/.local/lib/python3.7/site-packages/airflow/example_dags/example_latest_only.py
[2023-10-27 05:39:02,602] {logging_mixin.py:115} INFO - [2023-10-27 05:39:02,602] {dag.py:2420} INFO - Sync 1 DAGs
[2023-10-27 05:39:02,784] {logging_mixin.py:115} INFO - [2023-10-27 05:39:02,783] {dag.py:2972} INFO - Setting next_dagrun for latest_only to 2023-10-27T01:39:02.783543+00:00, run_after=2023-10-27T05:39:02.783543+00:00
[2023-10-27 05:39:02,796] {processor.py:161} INFO - Processing /home/airflow/.local/lib/python3.7/site-packages/airflow/example_dags/example_latest_only.py took 0.240 seconds
[2023-10-27 05:39:33,183] {processor.py:153} INFO - Started process (PID=1315) to work on /home/airflow/.local/lib/python3.7/site-packages/airflow/example_dags/example_latest_only.py
[2023-10-27 05:39:33,184] {processor.py:641} INFO - Processing file /home/airflow/.local/lib/python3.7/site-packages/airflow/example_dags/example_latest_only.py for tasks to queue
[2023-10-27 05:39:33,184] {logging_mixin.py:115} INFO - [2023-10-27 05:39:33,184] {dagbag.py:508} INFO - Filling up the DagBag from /home/airflow/.local/lib/python3.7/site-packages/airflow/example_dags/example_latest_only.py
[2023-10-27 05:39:33,191] {processor.py:651} INFO - DAG(s) dict_keys(['latest_only']) retrieved from /home/airflow/.local/lib/python3.7/site-packages/airflow/example_dags/example_latest_only.py
[2023-10-27 05:39:33,230] {logging_mixin.py:115} INFO - [2023-10-27 05:39:33,229] {dag.py:2420} INFO - Sync 1 DAGs
[2023-10-27 05:39:33,413] {logging_mixin.py:115} INFO - [2023-10-27 05:39:33,413] {dag.py:2972} INFO - Setting next_dagrun for latest_only to 2023-10-27T01:39:33.413113+00:00, run_after=2023-10-27T05:39:33.413113+00:00
[2023-10-27 05:39:33,427] {processor.py:161} INFO - Processing /home/airflow/.local/lib/python3.7/site-packages/airflow/example_dags/example_latest_only.py took 0.248 seconds
[2023-10-27 05:40:03,595] {processor.py:153} INFO - Started process (PID=1375) to work on /home/airflow/.local/lib/python3.7/site-packages/airflow/example_dags/example_latest_only.py
[2023-10-27 05:40:03,596] {processor.py:641} INFO - Processing file /home/airflow/.local/lib/python3.7/site-packages/airflow/example_dags/example_latest_only.py for tasks to queue
[2023-10-27 05:40:03,596] {logging_mixin.py:115} INFO - [2023-10-27 05:40:03,596] {dagbag.py:508} INFO - Filling up the DagBag from /home/airflow/.local/lib/python3.7/site-packages/airflow/example_dags/example_latest_only.py
[2023-10-27 05:40:03,603] {processor.py:651} INFO - DAG(s) dict_keys(['latest_only']) retrieved from /home/airflow/.local/lib/python3.7/site-packages/airflow/example_dags/example_latest_only.py
[2023-10-27 05:40:03,636] {logging_mixin.py:115} INFO - [2023-10-27 05:40:03,636] {dag.py:2420} INFO - Sync 1 DAGs
[2023-10-27 05:40:03,810] {logging_mixin.py:115} INFO - [2023-10-27 05:40:03,810] {dag.py:2972} INFO - Setting next_dagrun for latest_only to 2023-10-27T01:40:03.809915+00:00, run_after=2023-10-27T05:40:03.809915+00:00
[2023-10-27 05:40:03,822] {processor.py:161} INFO - Processing /home/airflow/.local/lib/python3.7/site-packages/airflow/example_dags/example_latest_only.py took 0.231 seconds
[2023-10-27 05:40:33,857] {processor.py:153} INFO - Started process (PID=1436) to work on /home/airflow/.local/lib/python3.7/site-packages/airflow/example_dags/example_latest_only.py
[2023-10-27 05:40:33,858] {processor.py:641} INFO - Processing file /home/airflow/.local/lib/python3.7/site-packages/airflow/example_dags/example_latest_only.py for tasks to queue
[2023-10-27 05:40:33,858] {logging_mixin.py:115} INFO - [2023-10-27 05:40:33,858] {dagbag.py:508} INFO - Filling up the DagBag from /home/airflow/.local/lib/python3.7/site-packages/airflow/example_dags/example_latest_only.py
[2023-10-27 05:40:33,865] {processor.py:651} INFO - DAG(s) dict_keys(['latest_only']) retrieved from /home/airflow/.local/lib/python3.7/site-packages/airflow/example_dags/example_latest_only.py
[2023-10-27 05:40:33,899] {logging_mixin.py:115} INFO - [2023-10-27 05:40:33,899] {dag.py:2420} INFO - Sync 1 DAGs
[2023-10-27 05:40:34,083] {logging_mixin.py:115} INFO - [2023-10-27 05:40:34,082] {dag.py:2972} INFO - Setting next_dagrun for latest_only to 2023-10-27T01:40:34.082638+00:00, run_after=2023-10-27T05:40:34.082638+00:00
[2023-10-27 05:40:34,096] {processor.py:161} INFO - Processing /home/airflow/.local/lib/python3.7/site-packages/airflow/example_dags/example_latest_only.py took 0.244 seconds
[2023-10-27 05:41:04,229] {processor.py:153} INFO - Started process (PID=1488) to work on /home/airflow/.local/lib/python3.7/site-packages/airflow/example_dags/example_latest_only.py
[2023-10-27 05:41:04,229] {processor.py:641} INFO - Processing file /home/airflow/.local/lib/python3.7/site-packages/airflow/example_dags/example_latest_only.py for tasks to queue
[2023-10-27 05:41:04,230] {logging_mixin.py:115} INFO - [2023-10-27 05:41:04,230] {dagbag.py:508} INFO - Filling up the DagBag from /home/airflow/.local/lib/python3.7/site-packages/airflow/example_dags/example_latest_only.py
[2023-10-27 05:41:04,236] {processor.py:651} INFO - DAG(s) dict_keys(['latest_only']) retrieved from /home/airflow/.local/lib/python3.7/site-packages/airflow/example_dags/example_latest_only.py
[2023-10-27 05:41:04,270] {logging_mixin.py:115} INFO - [2023-10-27 05:41:04,270] {dag.py:2420} INFO - Sync 1 DAGs
[2023-10-27 05:41:04,453] {logging_mixin.py:115} INFO - [2023-10-27 05:41:04,453] {dag.py:2972} INFO - Setting next_dagrun for latest_only to 2023-10-27T01:41:04.452722+00:00, run_after=2023-10-27T05:41:04.452722+00:00
[2023-10-27 05:41:04,467] {processor.py:161} INFO - Processing /home/airflow/.local/lib/python3.7/site-packages/airflow/example_dags/example_latest_only.py took 0.242 seconds
[2023-10-27 05:41:34,817] {processor.py:153} INFO - Started process (PID=1540) to work on /home/airflow/.local/lib/python3.7/site-packages/airflow/example_dags/example_latest_only.py
[2023-10-27 05:41:34,817] {processor.py:641} INFO - Processing file /home/airflow/.local/lib/python3.7/site-packages/airflow/example_dags/example_latest_only.py for tasks to queue
[2023-10-27 05:41:34,818] {logging_mixin.py:115} INFO - [2023-10-27 05:41:34,818] {dagbag.py:508} INFO - Filling up the DagBag from /home/airflow/.local/lib/python3.7/site-packages/airflow/example_dags/example_latest_only.py
[2023-10-27 05:41:34,825] {processor.py:651} INFO - DAG(s) dict_keys(['latest_only']) retrieved from /home/airflow/.local/lib/python3.7/site-packages/airflow/example_dags/example_latest_only.py
[2023-10-27 05:41:34,858] {logging_mixin.py:115} INFO - [2023-10-27 05:41:34,857] {dag.py:2420} INFO - Sync 1 DAGs
[2023-10-27 05:41:35,037] {logging_mixin.py:115} INFO - [2023-10-27 05:41:35,036] {dag.py:2972} INFO - Setting next_dagrun for latest_only to 2023-10-27T01:41:35.036554+00:00, run_after=2023-10-27T05:41:35.036554+00:00
[2023-10-27 05:41:35,050] {processor.py:161} INFO - Processing /home/airflow/.local/lib/python3.7/site-packages/airflow/example_dags/example_latest_only.py took 0.237 seconds
[2023-10-27 05:42:05,571] {processor.py:153} INFO - Started process (PID=1601) to work on /home/airflow/.local/lib/python3.7/site-packages/airflow/example_dags/example_latest_only.py
[2023-10-27 05:42:05,572] {processor.py:641} INFO - Processing file /home/airflow/.local/lib/python3.7/site-packages/airflow/example_dags/example_latest_only.py for tasks to queue
[2023-10-27 05:42:05,573] {logging_mixin.py:115} INFO - [2023-10-27 05:42:05,573] {dagbag.py:508} INFO - Filling up the DagBag from /home/airflow/.local/lib/python3.7/site-packages/airflow/example_dags/example_latest_only.py
[2023-10-27 05:42:05,582] {processor.py:651} INFO - DAG(s) dict_keys(['latest_only']) retrieved from /home/airflow/.local/lib/python3.7/site-packages/airflow/example_dags/example_latest_only.py
[2023-10-27 05:42:05,623] {logging_mixin.py:115} INFO - [2023-10-27 05:42:05,623] {dag.py:2420} INFO - Sync 1 DAGs
[2023-10-27 05:42:05,813] {logging_mixin.py:115} INFO - [2023-10-27 05:42:05,813] {dag.py:2972} INFO - Setting next_dagrun for latest_only to 2023-10-27T01:42:05.811326+00:00, run_after=2023-10-27T05:42:05.811326+00:00
[2023-10-27 05:42:05,834] {processor.py:161} INFO - Processing /home/airflow/.local/lib/python3.7/site-packages/airflow/example_dags/example_latest_only.py took 0.267 seconds
[2023-10-27 05:42:36,116] {processor.py:153} INFO - Started process (PID=1661) to work on /home/airflow/.local/lib/python3.7/site-packages/airflow/example_dags/example_latest_only.py
[2023-10-27 05:42:36,117] {processor.py:641} INFO - Processing file /home/airflow/.local/lib/python3.7/site-packages/airflow/example_dags/example_latest_only.py for tasks to queue
[2023-10-27 05:42:36,117] {logging_mixin.py:115} INFO - [2023-10-27 05:42:36,117] {dagbag.py:508} INFO - Filling up the DagBag from /home/airflow/.local/lib/python3.7/site-packages/airflow/example_dags/example_latest_only.py
[2023-10-27 05:42:36,124] {processor.py:651} INFO - DAG(s) dict_keys(['latest_only']) retrieved from /home/airflow/.local/lib/python3.7/site-packages/airflow/example_dags/example_latest_only.py
[2023-10-27 05:42:36,162] {logging_mixin.py:115} INFO - [2023-10-27 05:42:36,162] {dag.py:2420} INFO - Sync 1 DAGs
[2023-10-27 05:42:36,345] {logging_mixin.py:115} INFO - [2023-10-27 05:42:36,344] {dag.py:2972} INFO - Setting next_dagrun for latest_only to 2023-10-27T01:42:36.344644+00:00, run_after=2023-10-27T05:42:36.344644+00:00
[2023-10-27 05:42:36,358] {processor.py:161} INFO - Processing /home/airflow/.local/lib/python3.7/site-packages/airflow/example_dags/example_latest_only.py took 0.246 seconds
[2023-10-27 05:43:06,499] {processor.py:153} INFO - Started process (PID=1714) to work on /home/airflow/.local/lib/python3.7/site-packages/airflow/example_dags/example_latest_only.py
[2023-10-27 05:43:06,500] {processor.py:641} INFO - Processing file /home/airflow/.local/lib/python3.7/site-packages/airflow/example_dags/example_latest_only.py for tasks to queue
[2023-10-27 05:43:06,500] {logging_mixin.py:115} INFO - [2023-10-27 05:43:06,500] {dagbag.py:508} INFO - Filling up the DagBag from /home/airflow/.local/lib/python3.7/site-packages/airflow/example_dags/example_latest_only.py
[2023-10-27 05:43:06,507] {processor.py:651} INFO - DAG(s) dict_keys(['latest_only']) retrieved from /home/airflow/.local/lib/python3.7/site-packages/airflow/example_dags/example_latest_only.py
[2023-10-27 05:43:06,542] {logging_mixin.py:115} INFO - [2023-10-27 05:43:06,542] {dag.py:2420} INFO - Sync 1 DAGs
[2023-10-27 05:43:06,727] {logging_mixin.py:115} INFO - [2023-10-27 05:43:06,727] {dag.py:2972} INFO - Setting next_dagrun for latest_only to 2023-10-27T01:43:06.726833+00:00, run_after=2023-10-27T05:43:06.726833+00:00
[2023-10-27 05:43:06,739] {processor.py:161} INFO - Processing /home/airflow/.local/lib/python3.7/site-packages/airflow/example_dags/example_latest_only.py took 0.244 seconds
[2023-10-27 05:43:36,968] {processor.py:153} INFO - Started process (PID=1774) to work on /home/airflow/.local/lib/python3.7/site-packages/airflow/example_dags/example_latest_only.py
[2023-10-27 05:43:36,968] {processor.py:641} INFO - Processing file /home/airflow/.local/lib/python3.7/site-packages/airflow/example_dags/example_latest_only.py for tasks to queue
[2023-10-27 05:43:36,969] {logging_mixin.py:115} INFO - [2023-10-27 05:43:36,969] {dagbag.py:508} INFO - Filling up the DagBag from /home/airflow/.local/lib/python3.7/site-packages/airflow/example_dags/example_latest_only.py
[2023-10-27 05:43:36,975] {processor.py:651} INFO - DAG(s) dict_keys(['latest_only']) retrieved from /home/airflow/.local/lib/python3.7/site-packages/airflow/example_dags/example_latest_only.py
[2023-10-27 05:43:37,164] {logging_mixin.py:115} INFO - [2023-10-27 05:43:37,164] {dag.py:2420} INFO - Sync 1 DAGs
[2023-10-27 05:43:37,187] {logging_mixin.py:115} INFO - [2023-10-27 05:43:37,187] {dag.py:2972} INFO - Setting next_dagrun for latest_only to 2023-10-27T01:43:37.186903+00:00, run_after=2023-10-27T05:43:37.186903+00:00
[2023-10-27 05:43:37,199] {processor.py:161} INFO - Processing /home/airflow/.local/lib/python3.7/site-packages/airflow/example_dags/example_latest_only.py took 0.235 seconds
[2023-10-27 05:44:07,329] {processor.py:153} INFO - Started process (PID=1825) to work on /home/airflow/.local/lib/python3.7/site-packages/airflow/example_dags/example_latest_only.py
[2023-10-27 05:44:07,330] {processor.py:641} INFO - Processing file /home/airflow/.local/lib/python3.7/site-packages/airflow/example_dags/example_latest_only.py for tasks to queue
[2023-10-27 05:44:07,331] {logging_mixin.py:115} INFO - [2023-10-27 05:44:07,331] {dagbag.py:508} INFO - Filling up the DagBag from /home/airflow/.local/lib/python3.7/site-packages/airflow/example_dags/example_latest_only.py
[2023-10-27 05:44:07,337] {processor.py:651} INFO - DAG(s) dict_keys(['latest_only']) retrieved from /home/airflow/.local/lib/python3.7/site-packages/airflow/example_dags/example_latest_only.py
[2023-10-27 05:44:07,536] {logging_mixin.py:115} INFO - [2023-10-27 05:44:07,536] {dag.py:2420} INFO - Sync 1 DAGs
[2023-10-27 05:44:07,558] {logging_mixin.py:115} INFO - [2023-10-27 05:44:07,558] {dag.py:2972} INFO - Setting next_dagrun for latest_only to 2023-10-27T01:44:07.557924+00:00, run_after=2023-10-27T05:44:07.557924+00:00
[2023-10-27 05:44:07,570] {processor.py:161} INFO - Processing /home/airflow/.local/lib/python3.7/site-packages/airflow/example_dags/example_latest_only.py took 0.245 seconds
[2023-10-27 05:44:37,993] {processor.py:153} INFO - Started process (PID=1886) to work on /home/airflow/.local/lib/python3.7/site-packages/airflow/example_dags/example_latest_only.py
[2023-10-27 05:44:37,993] {processor.py:641} INFO - Processing file /home/airflow/.local/lib/python3.7/site-packages/airflow/example_dags/example_latest_only.py for tasks to queue
[2023-10-27 05:44:37,994] {logging_mixin.py:115} INFO - [2023-10-27 05:44:37,994] {dagbag.py:508} INFO - Filling up the DagBag from /home/airflow/.local/lib/python3.7/site-packages/airflow/example_dags/example_latest_only.py
[2023-10-27 05:44:38,000] {processor.py:651} INFO - DAG(s) dict_keys(['latest_only']) retrieved from /home/airflow/.local/lib/python3.7/site-packages/airflow/example_dags/example_latest_only.py
[2023-10-27 05:44:38,191] {logging_mixin.py:115} INFO - [2023-10-27 05:44:38,191] {dag.py:2420} INFO - Sync 1 DAGs
[2023-10-27 05:44:38,214] {logging_mixin.py:115} INFO - [2023-10-27 05:44:38,213] {dag.py:2972} INFO - Setting next_dagrun for latest_only to 2023-10-27T01:44:38.213663+00:00, run_after=2023-10-27T05:44:38.213663+00:00
[2023-10-27 05:44:38,225] {processor.py:161} INFO - Processing /home/airflow/.local/lib/python3.7/site-packages/airflow/example_dags/example_latest_only.py took 0.237 seconds
[2023-10-27 05:45:08,475] {processor.py:153} INFO - Started process (PID=1948) to work on /home/airflow/.local/lib/python3.7/site-packages/airflow/example_dags/example_latest_only.py
[2023-10-27 05:45:08,476] {processor.py:641} INFO - Processing file /home/airflow/.local/lib/python3.7/site-packages/airflow/example_dags/example_latest_only.py for tasks to queue
[2023-10-27 05:45:08,476] {logging_mixin.py:115} INFO - [2023-10-27 05:45:08,476] {dagbag.py:508} INFO - Filling up the DagBag from /home/airflow/.local/lib/python3.7/site-packages/airflow/example_dags/example_latest_only.py
[2023-10-27 05:45:08,482] {processor.py:651} INFO - DAG(s) dict_keys(['latest_only']) retrieved from /home/airflow/.local/lib/python3.7/site-packages/airflow/example_dags/example_latest_only.py
[2023-10-27 05:45:08,673] {logging_mixin.py:115} INFO - [2023-10-27 05:45:08,672] {dag.py:2420} INFO - Sync 1 DAGs
[2023-10-27 05:45:08,694] {logging_mixin.py:115} INFO - [2023-10-27 05:45:08,694] {dag.py:2972} INFO - Setting next_dagrun for latest_only to 2023-10-27T01:45:08.694454+00:00, run_after=2023-10-27T05:45:08.694454+00:00
[2023-10-27 05:45:08,706] {processor.py:161} INFO - Processing /home/airflow/.local/lib/python3.7/site-packages/airflow/example_dags/example_latest_only.py took 0.235 seconds
[2023-10-27 05:45:38,913] {processor.py:153} INFO - Started process (PID=2000) to work on /home/airflow/.local/lib/python3.7/site-packages/airflow/example_dags/example_latest_only.py
[2023-10-27 05:45:38,913] {processor.py:641} INFO - Processing file /home/airflow/.local/lib/python3.7/site-packages/airflow/example_dags/example_latest_only.py for tasks to queue
[2023-10-27 05:45:38,914] {logging_mixin.py:115} INFO - [2023-10-27 05:45:38,914] {dagbag.py:508} INFO - Filling up the DagBag from /home/airflow/.local/lib/python3.7/site-packages/airflow/example_dags/example_latest_only.py
[2023-10-27 05:45:38,920] {processor.py:651} INFO - DAG(s) dict_keys(['latest_only']) retrieved from /home/airflow/.local/lib/python3.7/site-packages/airflow/example_dags/example_latest_only.py
[2023-10-27 05:45:39,110] {logging_mixin.py:115} INFO - [2023-10-27 05:45:39,110] {dag.py:2420} INFO - Sync 1 DAGs
[2023-10-27 05:45:39,134] {logging_mixin.py:115} INFO - [2023-10-27 05:45:39,134] {dag.py:2972} INFO - Setting next_dagrun for latest_only to 2023-10-27T01:45:39.134085+00:00, run_after=2023-10-27T05:45:39.134085+00:00
[2023-10-27 05:45:39,146] {processor.py:161} INFO - Processing /home/airflow/.local/lib/python3.7/site-packages/airflow/example_dags/example_latest_only.py took 0.237 seconds
[2023-10-27 05:46:09,621] {processor.py:153} INFO - Started process (PID=2053) to work on /home/airflow/.local/lib/python3.7/site-packages/airflow/example_dags/example_latest_only.py
[2023-10-27 05:46:09,623] {processor.py:641} INFO - Processing file /home/airflow/.local/lib/python3.7/site-packages/airflow/example_dags/example_latest_only.py for tasks to queue
[2023-10-27 05:46:09,623] {logging_mixin.py:115} INFO - [2023-10-27 05:46:09,623] {dagbag.py:508} INFO - Filling up the DagBag from /home/airflow/.local/lib/python3.7/site-packages/airflow/example_dags/example_latest_only.py
[2023-10-27 05:46:09,629] {processor.py:651} INFO - DAG(s) dict_keys(['latest_only']) retrieved from /home/airflow/.local/lib/python3.7/site-packages/airflow/example_dags/example_latest_only.py
[2023-10-27 05:46:09,825] {logging_mixin.py:115} INFO - [2023-10-27 05:46:09,825] {dag.py:2420} INFO - Sync 1 DAGs
[2023-10-27 05:46:09,847] {logging_mixin.py:115} INFO - [2023-10-27 05:46:09,847] {dag.py:2972} INFO - Setting next_dagrun for latest_only to 2023-10-27T01:46:09.846829+00:00, run_after=2023-10-27T05:46:09.846829+00:00
[2023-10-27 05:46:09,859] {processor.py:161} INFO - Processing /home/airflow/.local/lib/python3.7/site-packages/airflow/example_dags/example_latest_only.py took 0.242 seconds
[2023-10-27 05:46:40,061] {processor.py:153} INFO - Started process (PID=2117) to work on /home/airflow/.local/lib/python3.7/site-packages/airflow/example_dags/example_latest_only.py
[2023-10-27 05:46:40,062] {processor.py:641} INFO - Processing file /home/airflow/.local/lib/python3.7/site-packages/airflow/example_dags/example_latest_only.py for tasks to queue
[2023-10-27 05:46:40,063] {logging_mixin.py:115} INFO - [2023-10-27 05:46:40,063] {dagbag.py:508} INFO - Filling up the DagBag from /home/airflow/.local/lib/python3.7/site-packages/airflow/example_dags/example_latest_only.py
[2023-10-27 05:46:40,069] {processor.py:651} INFO - DAG(s) dict_keys(['latest_only']) retrieved from /home/airflow/.local/lib/python3.7/site-packages/airflow/example_dags/example_latest_only.py
[2023-10-27 05:46:40,256] {logging_mixin.py:115} INFO - [2023-10-27 05:46:40,256] {dag.py:2420} INFO - Sync 1 DAGs
[2023-10-27 05:46:40,290] {logging_mixin.py:115} INFO - [2023-10-27 05:46:40,290] {dag.py:2972} INFO - Setting next_dagrun for latest_only to 2023-10-27T01:46:40.290318+00:00, run_after=2023-10-27T05:46:40.290318+00:00
[2023-10-27 05:46:40,303] {processor.py:161} INFO - Processing /home/airflow/.local/lib/python3.7/site-packages/airflow/example_dags/example_latest_only.py took 0.245 seconds
[2023-10-27 05:47:10,420] {processor.py:153} INFO - Started process (PID=2179) to work on /home/airflow/.local/lib/python3.7/site-packages/airflow/example_dags/example_latest_only.py
[2023-10-27 05:47:10,421] {processor.py:641} INFO - Processing file /home/airflow/.local/lib/python3.7/site-packages/airflow/example_dags/example_latest_only.py for tasks to queue
[2023-10-27 05:47:10,422] {logging_mixin.py:115} INFO - [2023-10-27 05:47:10,422] {dagbag.py:508} INFO - Filling up the DagBag from /home/airflow/.local/lib/python3.7/site-packages/airflow/example_dags/example_latest_only.py
[2023-10-27 05:47:10,429] {processor.py:651} INFO - DAG(s) dict_keys(['latest_only']) retrieved from /home/airflow/.local/lib/python3.7/site-packages/airflow/example_dags/example_latest_only.py
[2023-10-27 05:47:10,632] {logging_mixin.py:115} INFO - [2023-10-27 05:47:10,632] {dag.py:2420} INFO - Sync 1 DAGs
[2023-10-27 05:47:10,674] {logging_mixin.py:115} INFO - [2023-10-27 05:47:10,674] {dag.py:2972} INFO - Setting next_dagrun for latest_only to 2023-10-27T01:47:10.673810+00:00, run_after=2023-10-27T05:47:10.673810+00:00
[2023-10-27 05:47:10,690] {processor.py:161} INFO - Processing /home/airflow/.local/lib/python3.7/site-packages/airflow/example_dags/example_latest_only.py took 0.275 seconds
[2023-10-27 05:47:41,034] {processor.py:153} INFO - Started process (PID=2231) to work on /home/airflow/.local/lib/python3.7/site-packages/airflow/example_dags/example_latest_only.py
[2023-10-27 05:47:41,034] {processor.py:641} INFO - Processing file /home/airflow/.local/lib/python3.7/site-packages/airflow/example_dags/example_latest_only.py for tasks to queue
[2023-10-27 05:47:41,035] {logging_mixin.py:115} INFO - [2023-10-27 05:47:41,035] {dagbag.py:508} INFO - Filling up the DagBag from /home/airflow/.local/lib/python3.7/site-packages/airflow/example_dags/example_latest_only.py
[2023-10-27 05:47:41,041] {processor.py:651} INFO - DAG(s) dict_keys(['latest_only']) retrieved from /home/airflow/.local/lib/python3.7/site-packages/airflow/example_dags/example_latest_only.py
[2023-10-27 05:47:41,225] {logging_mixin.py:115} INFO - [2023-10-27 05:47:41,225] {dag.py:2420} INFO - Sync 1 DAGs
[2023-10-27 05:47:41,247] {logging_mixin.py:115} INFO - [2023-10-27 05:47:41,247] {dag.py:2972} INFO - Setting next_dagrun for latest_only to 2023-10-27T01:47:41.247565+00:00, run_after=2023-10-27T05:47:41.247565+00:00
[2023-10-27 05:47:41,259] {processor.py:161} INFO - Processing /home/airflow/.local/lib/python3.7/site-packages/airflow/example_dags/example_latest_only.py took 0.229 seconds
[2023-10-27 05:48:11,311] {processor.py:153} INFO - Started process (PID=2291) to work on /home/airflow/.local/lib/python3.7/site-packages/airflow/example_dags/example_latest_only.py
[2023-10-27 05:48:11,311] {processor.py:641} INFO - Processing file /home/airflow/.local/lib/python3.7/site-packages/airflow/example_dags/example_latest_only.py for tasks to queue
[2023-10-27 05:48:11,312] {logging_mixin.py:115} INFO - [2023-10-27 05:48:11,312] {dagbag.py:508} INFO - Filling up the DagBag from /home/airflow/.local/lib/python3.7/site-packages/airflow/example_dags/example_latest_only.py
[2023-10-27 05:48:11,318] {processor.py:651} INFO - DAG(s) dict_keys(['latest_only']) retrieved from /home/airflow/.local/lib/python3.7/site-packages/airflow/example_dags/example_latest_only.py
[2023-10-27 05:48:11,503] {logging_mixin.py:115} INFO - [2023-10-27 05:48:11,503] {dag.py:2420} INFO - Sync 1 DAGs
[2023-10-27 05:48:11,526] {logging_mixin.py:115} INFO - [2023-10-27 05:48:11,525] {dag.py:2972} INFO - Setting next_dagrun for latest_only to 2023-10-27T01:48:11.525663+00:00, run_after=2023-10-27T05:48:11.525663+00:00
[2023-10-27 05:48:11,538] {processor.py:161} INFO - Processing /home/airflow/.local/lib/python3.7/site-packages/airflow/example_dags/example_latest_only.py took 0.231 seconds
[2023-10-27 05:48:41,605] {processor.py:153} INFO - Started process (PID=2344) to work on /home/airflow/.local/lib/python3.7/site-packages/airflow/example_dags/example_latest_only.py
[2023-10-27 05:48:41,606] {processor.py:641} INFO - Processing file /home/airflow/.local/lib/python3.7/site-packages/airflow/example_dags/example_latest_only.py for tasks to queue
[2023-10-27 05:48:41,607] {logging_mixin.py:115} INFO - [2023-10-27 05:48:41,607] {dagbag.py:508} INFO - Filling up the DagBag from /home/airflow/.local/lib/python3.7/site-packages/airflow/example_dags/example_latest_only.py
[2023-10-27 05:48:41,617] {processor.py:651} INFO - DAG(s) dict_keys(['latest_only']) retrieved from /home/airflow/.local/lib/python3.7/site-packages/airflow/example_dags/example_latest_only.py
[2023-10-27 05:48:46,807] {logging_mixin.py:115} INFO - [2023-10-27 05:48:46,807] {dag.py:2420} INFO - Sync 1 DAGs
[2023-10-27 05:48:46,829] {logging_mixin.py:115} INFO - [2023-10-27 05:48:46,829] {dag.py:2972} INFO - Setting next_dagrun for latest_only to 2023-10-27T01:48:46.829408+00:00, run_after=2023-10-27T05:48:46.829408+00:00
[2023-10-27 05:48:46,841] {processor.py:161} INFO - Processing /home/airflow/.local/lib/python3.7/site-packages/airflow/example_dags/example_latest_only.py took 5.240 seconds
[2023-10-27 05:49:17,010] {processor.py:153} INFO - Started process (PID=2414) to work on /home/airflow/.local/lib/python3.7/site-packages/airflow/example_dags/example_latest_only.py
[2023-10-27 05:49:17,011] {processor.py:641} INFO - Processing file /home/airflow/.local/lib/python3.7/site-packages/airflow/example_dags/example_latest_only.py for tasks to queue
[2023-10-27 05:49:17,012] {logging_mixin.py:115} INFO - [2023-10-27 05:49:17,012] {dagbag.py:508} INFO - Filling up the DagBag from /home/airflow/.local/lib/python3.7/site-packages/airflow/example_dags/example_latest_only.py
[2023-10-27 05:49:17,023] {processor.py:651} INFO - DAG(s) dict_keys(['latest_only']) retrieved from /home/airflow/.local/lib/python3.7/site-packages/airflow/example_dags/example_latest_only.py
[2023-10-27 05:49:17,218] {logging_mixin.py:115} INFO - [2023-10-27 05:49:17,218] {dag.py:2420} INFO - Sync 1 DAGs
[2023-10-27 05:49:17,242] {logging_mixin.py:115} INFO - [2023-10-27 05:49:17,242] {dag.py:2972} INFO - Setting next_dagrun for latest_only to 2023-10-27T01:49:17.242247+00:00, run_after=2023-10-27T05:49:17.242247+00:00
[2023-10-27 05:49:17,258] {processor.py:161} INFO - Processing /home/airflow/.local/lib/python3.7/site-packages/airflow/example_dags/example_latest_only.py took 0.252 seconds
[2023-10-27 05:49:47,901] {processor.py:153} INFO - Started process (PID=2476) to work on /home/airflow/.local/lib/python3.7/site-packages/airflow/example_dags/example_latest_only.py
[2023-10-27 05:49:47,902] {processor.py:641} INFO - Processing file /home/airflow/.local/lib/python3.7/site-packages/airflow/example_dags/example_latest_only.py for tasks to queue
[2023-10-27 05:49:47,902] {logging_mixin.py:115} INFO - [2023-10-27 05:49:47,902] {dagbag.py:508} INFO - Filling up the DagBag from /home/airflow/.local/lib/python3.7/site-packages/airflow/example_dags/example_latest_only.py
[2023-10-27 05:49:47,913] {processor.py:651} INFO - DAG(s) dict_keys(['latest_only']) retrieved from /home/airflow/.local/lib/python3.7/site-packages/airflow/example_dags/example_latest_only.py
[2023-10-27 05:49:48,097] {logging_mixin.py:115} INFO - [2023-10-27 05:49:48,097] {dag.py:2420} INFO - Sync 1 DAGs
[2023-10-27 05:49:48,119] {logging_mixin.py:115} INFO - [2023-10-27 05:49:48,119] {dag.py:2972} INFO - Setting next_dagrun for latest_only to 2023-10-27T01:49:48.119573+00:00, run_after=2023-10-27T05:49:48.119573+00:00
[2023-10-27 05:49:48,131] {processor.py:161} INFO - Processing /home/airflow/.local/lib/python3.7/site-packages/airflow/example_dags/example_latest_only.py took 0.235 seconds
[2023-10-27 05:50:18,232] {processor.py:153} INFO - Started process (PID=2537) to work on /home/airflow/.local/lib/python3.7/site-packages/airflow/example_dags/example_latest_only.py
[2023-10-27 05:50:18,232] {processor.py:641} INFO - Processing file /home/airflow/.local/lib/python3.7/site-packages/airflow/example_dags/example_latest_only.py for tasks to queue
[2023-10-27 05:50:18,233] {logging_mixin.py:115} INFO - [2023-10-27 05:50:18,233] {dagbag.py:508} INFO - Filling up the DagBag from /home/airflow/.local/lib/python3.7/site-packages/airflow/example_dags/example_latest_only.py
[2023-10-27 05:50:18,243] {processor.py:651} INFO - DAG(s) dict_keys(['latest_only']) retrieved from /home/airflow/.local/lib/python3.7/site-packages/airflow/example_dags/example_latest_only.py
[2023-10-27 05:50:18,425] {logging_mixin.py:115} INFO - [2023-10-27 05:50:18,425] {dag.py:2420} INFO - Sync 1 DAGs
[2023-10-27 05:50:18,447] {logging_mixin.py:115} INFO - [2023-10-27 05:50:18,447] {dag.py:2972} INFO - Setting next_dagrun for latest_only to 2023-10-27T01:50:18.447525+00:00, run_after=2023-10-27T05:50:18.447525+00:00
[2023-10-27 05:50:18,459] {processor.py:161} INFO - Processing /home/airflow/.local/lib/python3.7/site-packages/airflow/example_dags/example_latest_only.py took 0.231 seconds
[2023-10-27 05:50:48,525] {processor.py:153} INFO - Started process (PID=2589) to work on /home/airflow/.local/lib/python3.7/site-packages/airflow/example_dags/example_latest_only.py
[2023-10-27 05:50:48,526] {processor.py:641} INFO - Processing file /home/airflow/.local/lib/python3.7/site-packages/airflow/example_dags/example_latest_only.py for tasks to queue
[2023-10-27 05:50:48,526] {logging_mixin.py:115} INFO - [2023-10-27 05:50:48,526] {dagbag.py:508} INFO - Filling up the DagBag from /home/airflow/.local/lib/python3.7/site-packages/airflow/example_dags/example_latest_only.py
[2023-10-27 05:50:48,537] {processor.py:651} INFO - DAG(s) dict_keys(['latest_only']) retrieved from /home/airflow/.local/lib/python3.7/site-packages/airflow/example_dags/example_latest_only.py
[2023-10-27 05:50:48,720] {logging_mixin.py:115} INFO - [2023-10-27 05:50:48,719] {dag.py:2420} INFO - Sync 1 DAGs
[2023-10-27 05:50:48,742] {logging_mixin.py:115} INFO - [2023-10-27 05:50:48,742] {dag.py:2972} INFO - Setting next_dagrun for latest_only to 2023-10-27T01:50:48.741784+00:00, run_after=2023-10-27T05:50:48.741784+00:00
[2023-10-27 05:50:48,755] {processor.py:161} INFO - Processing /home/airflow/.local/lib/python3.7/site-packages/airflow/example_dags/example_latest_only.py took 0.234 seconds
[2023-10-27 05:51:19,345] {processor.py:153} INFO - Started process (PID=2650) to work on /home/airflow/.local/lib/python3.7/site-packages/airflow/example_dags/example_latest_only.py
[2023-10-27 05:51:19,346] {processor.py:641} INFO - Processing file /home/airflow/.local/lib/python3.7/site-packages/airflow/example_dags/example_latest_only.py for tasks to queue
[2023-10-27 05:51:19,347] {logging_mixin.py:115} INFO - [2023-10-27 05:51:19,346] {dagbag.py:508} INFO - Filling up the DagBag from /home/airflow/.local/lib/python3.7/site-packages/airflow/example_dags/example_latest_only.py
[2023-10-27 05:51:19,357] {processor.py:651} INFO - DAG(s) dict_keys(['latest_only']) retrieved from /home/airflow/.local/lib/python3.7/site-packages/airflow/example_dags/example_latest_only.py
[2023-10-27 05:51:19,540] {logging_mixin.py:115} INFO - [2023-10-27 05:51:19,540] {dag.py:2420} INFO - Sync 1 DAGs
[2023-10-27 05:51:19,563] {logging_mixin.py:115} INFO - [2023-10-27 05:51:19,563] {dag.py:2972} INFO - Setting next_dagrun for latest_only to 2023-10-27T01:51:19.563063+00:00, run_after=2023-10-27T05:51:19.563063+00:00
[2023-10-27 05:51:19,575] {processor.py:161} INFO - Processing /home/airflow/.local/lib/python3.7/site-packages/airflow/example_dags/example_latest_only.py took 0.234 seconds
[2023-10-27 05:51:49,748] {processor.py:153} INFO - Started process (PID=2701) to work on /home/airflow/.local/lib/python3.7/site-packages/airflow/example_dags/example_latest_only.py
[2023-10-27 05:51:49,748] {processor.py:641} INFO - Processing file /home/airflow/.local/lib/python3.7/site-packages/airflow/example_dags/example_latest_only.py for tasks to queue
[2023-10-27 05:51:49,749] {logging_mixin.py:115} INFO - [2023-10-27 05:51:49,749] {dagbag.py:508} INFO - Filling up the DagBag from /home/airflow/.local/lib/python3.7/site-packages/airflow/example_dags/example_latest_only.py
[2023-10-27 05:51:49,771] {processor.py:651} INFO - DAG(s) dict_keys(['latest_only']) retrieved from /home/airflow/.local/lib/python3.7/site-packages/airflow/example_dags/example_latest_only.py
[2023-10-27 05:51:49,967] {logging_mixin.py:115} INFO - [2023-10-27 05:51:49,967] {dag.py:2420} INFO - Sync 1 DAGs
[2023-10-27 05:51:49,989] {logging_mixin.py:115} INFO - [2023-10-27 05:51:49,989] {dag.py:2972} INFO - Setting next_dagrun for latest_only to 2023-10-27T01:51:49.989606+00:00, run_after=2023-10-27T05:51:49.989606+00:00
[2023-10-27 05:51:50,002] {processor.py:161} INFO - Processing /home/airflow/.local/lib/python3.7/site-packages/airflow/example_dags/example_latest_only.py took 0.259 seconds
[2023-10-27 05:52:20,263] {processor.py:153} INFO - Started process (PID=2764) to work on /home/airflow/.local/lib/python3.7/site-packages/airflow/example_dags/example_latest_only.py
[2023-10-27 05:52:20,264] {processor.py:641} INFO - Processing file /home/airflow/.local/lib/python3.7/site-packages/airflow/example_dags/example_latest_only.py for tasks to queue
[2023-10-27 05:52:20,264] {logging_mixin.py:115} INFO - [2023-10-27 05:52:20,264] {dagbag.py:508} INFO - Filling up the DagBag from /home/airflow/.local/lib/python3.7/site-packages/airflow/example_dags/example_latest_only.py
[2023-10-27 05:52:20,275] {processor.py:651} INFO - DAG(s) dict_keys(['latest_only']) retrieved from /home/airflow/.local/lib/python3.7/site-packages/airflow/example_dags/example_latest_only.py
[2023-10-27 05:52:20,451] {logging_mixin.py:115} INFO - [2023-10-27 05:52:20,451] {dag.py:2420} INFO - Sync 1 DAGs
[2023-10-27 05:52:20,473] {logging_mixin.py:115} INFO - [2023-10-27 05:52:20,473] {dag.py:2972} INFO - Setting next_dagrun for latest_only to 2023-10-27T01:52:20.473551+00:00, run_after=2023-10-27T05:52:20.473551+00:00
[2023-10-27 05:52:20,485] {processor.py:161} INFO - Processing /home/airflow/.local/lib/python3.7/site-packages/airflow/example_dags/example_latest_only.py took 0.226 seconds
[2023-10-27 05:52:51,084] {processor.py:153} INFO - Started process (PID=2824) to work on /home/airflow/.local/lib/python3.7/site-packages/airflow/example_dags/example_latest_only.py
[2023-10-27 05:52:51,084] {processor.py:641} INFO - Processing file /home/airflow/.local/lib/python3.7/site-packages/airflow/example_dags/example_latest_only.py for tasks to queue
[2023-10-27 05:52:51,085] {logging_mixin.py:115} INFO - [2023-10-27 05:52:51,085] {dagbag.py:508} INFO - Filling up the DagBag from /home/airflow/.local/lib/python3.7/site-packages/airflow/example_dags/example_latest_only.py
[2023-10-27 05:52:51,095] {processor.py:651} INFO - DAG(s) dict_keys(['latest_only']) retrieved from /home/airflow/.local/lib/python3.7/site-packages/airflow/example_dags/example_latest_only.py
[2023-10-27 05:52:51,285] {logging_mixin.py:115} INFO - [2023-10-27 05:52:51,285] {dag.py:2420} INFO - Sync 1 DAGs
[2023-10-27 05:52:51,310] {logging_mixin.py:115} INFO - [2023-10-27 05:52:51,310] {dag.py:2972} INFO - Setting next_dagrun for latest_only to 2023-10-27T01:52:51.309974+00:00, run_after=2023-10-27T05:52:51.309974+00:00
[2023-10-27 05:52:51,323] {processor.py:161} INFO - Processing /home/airflow/.local/lib/python3.7/site-packages/airflow/example_dags/example_latest_only.py took 0.243 seconds
[2023-10-27 05:53:21,491] {processor.py:153} INFO - Started process (PID=2876) to work on /home/airflow/.local/lib/python3.7/site-packages/airflow/example_dags/example_latest_only.py
[2023-10-27 05:53:21,492] {processor.py:641} INFO - Processing file /home/airflow/.local/lib/python3.7/site-packages/airflow/example_dags/example_latest_only.py for tasks to queue
[2023-10-27 05:53:21,493] {logging_mixin.py:115} INFO - [2023-10-27 05:53:21,493] {dagbag.py:508} INFO - Filling up the DagBag from /home/airflow/.local/lib/python3.7/site-packages/airflow/example_dags/example_latest_only.py
[2023-10-27 05:53:21,499] {processor.py:651} INFO - DAG(s) dict_keys(['latest_only']) retrieved from /home/airflow/.local/lib/python3.7/site-packages/airflow/example_dags/example_latest_only.py
[2023-10-27 05:53:21,681] {logging_mixin.py:115} INFO - [2023-10-27 05:53:21,681] {dag.py:2420} INFO - Sync 1 DAGs
[2023-10-27 05:53:21,703] {logging_mixin.py:115} INFO - [2023-10-27 05:53:21,703] {dag.py:2972} INFO - Setting next_dagrun for latest_only to 2023-10-27T01:53:21.703138+00:00, run_after=2023-10-27T05:53:21.703138+00:00
[2023-10-27 05:53:21,715] {processor.py:161} INFO - Processing /home/airflow/.local/lib/python3.7/site-packages/airflow/example_dags/example_latest_only.py took 0.228 seconds
[2023-10-27 05:53:52,090] {processor.py:153} INFO - Started process (PID=2937) to work on /home/airflow/.local/lib/python3.7/site-packages/airflow/example_dags/example_latest_only.py
[2023-10-27 05:53:52,091] {processor.py:641} INFO - Processing file /home/airflow/.local/lib/python3.7/site-packages/airflow/example_dags/example_latest_only.py for tasks to queue
[2023-10-27 05:53:52,091] {logging_mixin.py:115} INFO - [2023-10-27 05:53:52,091] {dagbag.py:508} INFO - Filling up the DagBag from /home/airflow/.local/lib/python3.7/site-packages/airflow/example_dags/example_latest_only.py
[2023-10-27 05:53:52,097] {processor.py:651} INFO - DAG(s) dict_keys(['latest_only']) retrieved from /home/airflow/.local/lib/python3.7/site-packages/airflow/example_dags/example_latest_only.py
[2023-10-27 05:53:52,280] {logging_mixin.py:115} INFO - [2023-10-27 05:53:52,279] {dag.py:2420} INFO - Sync 1 DAGs
[2023-10-27 05:53:52,301] {logging_mixin.py:115} INFO - [2023-10-27 05:53:52,301] {dag.py:2972} INFO - Setting next_dagrun for latest_only to 2023-10-27T01:53:52.301602+00:00, run_after=2023-10-27T05:53:52.301602+00:00
[2023-10-27 05:53:52,313] {processor.py:161} INFO - Processing /home/airflow/.local/lib/python3.7/site-packages/airflow/example_dags/example_latest_only.py took 0.227 seconds
