[2023-10-27 05:19:34,036] {processor.py:153} INFO - Started process (PID=57) to work on /home/airflow/.local/lib/python3.7/site-packages/airflow/example_dags/example_nested_branch_dag.py
[2023-10-27 05:19:34,037] {processor.py:641} INFO - Processing file /home/airflow/.local/lib/python3.7/site-packages/airflow/example_dags/example_nested_branch_dag.py for tasks to queue
[2023-10-27 05:19:34,037] {logging_mixin.py:115} INFO - [2023-10-27 05:19:34,037] {dagbag.py:508} INFO - Filling up the DagBag from /home/airflow/.local/lib/python3.7/site-packages/airflow/example_dags/example_nested_branch_dag.py
[2023-10-27 05:19:34,063] {processor.py:651} INFO - DAG(s) dict_keys(['example_nested_branch_dag']) retrieved from /home/airflow/.local/lib/python3.7/site-packages/airflow/example_dags/example_nested_branch_dag.py
[2023-10-27 05:19:34,206] {logging_mixin.py:115} INFO - [2023-10-27 05:19:34,206] {manager.py:508} INFO - Created Permission View: can delete on DAG:example_nested_branch_dag
[2023-10-27 05:19:34,222] {logging_mixin.py:115} INFO - [2023-10-27 05:19:34,221] {manager.py:508} INFO - Created Permission View: can read on DAG:example_nested_branch_dag
[2023-10-27 05:19:34,231] {logging_mixin.py:115} INFO - [2023-10-27 05:19:34,231] {manager.py:508} INFO - Created Permission View: can edit on DAG:example_nested_branch_dag
[2023-10-27 05:19:34,231] {logging_mixin.py:115} INFO - [2023-10-27 05:19:34,231] {dag.py:2420} INFO - Sync 1 DAGs
[2023-10-27 05:19:34,243] {logging_mixin.py:115} INFO - [2023-10-27 05:19:34,242] {dag.py:2439} INFO - Creating ORM DAG for example_nested_branch_dag
[2023-10-27 05:19:34,259] {logging_mixin.py:115} INFO - [2023-10-27 05:19:34,259] {dag.py:2972} INFO - Setting next_dagrun for example_nested_branch_dag to 2023-10-26T00:00:00+00:00, run_after=2023-10-27T00:00:00+00:00
[2023-10-27 05:19:34,275] {processor.py:161} INFO - Processing /home/airflow/.local/lib/python3.7/site-packages/airflow/example_dags/example_nested_branch_dag.py took 0.250 seconds
[2023-10-27 05:20:04,801] {processor.py:153} INFO - Started process (PID=120) to work on /home/airflow/.local/lib/python3.7/site-packages/airflow/example_dags/example_nested_branch_dag.py
[2023-10-27 05:20:04,802] {processor.py:641} INFO - Processing file /home/airflow/.local/lib/python3.7/site-packages/airflow/example_dags/example_nested_branch_dag.py for tasks to queue
[2023-10-27 05:20:04,802] {logging_mixin.py:115} INFO - [2023-10-27 05:20:04,802] {dagbag.py:508} INFO - Filling up the DagBag from /home/airflow/.local/lib/python3.7/site-packages/airflow/example_dags/example_nested_branch_dag.py
[2023-10-27 05:20:04,816] {processor.py:651} INFO - DAG(s) dict_keys(['example_nested_branch_dag']) retrieved from /home/airflow/.local/lib/python3.7/site-packages/airflow/example_dags/example_nested_branch_dag.py
[2023-10-27 05:20:04,846] {logging_mixin.py:115} INFO - [2023-10-27 05:20:04,846] {dag.py:2420} INFO - Sync 1 DAGs
[2023-10-27 05:20:04,874] {logging_mixin.py:115} INFO - [2023-10-27 05:20:04,874] {dag.py:2972} INFO - Setting next_dagrun for example_nested_branch_dag to 2023-10-26T00:00:00+00:00, run_after=2023-10-27T00:00:00+00:00
[2023-10-27 05:20:04,887] {processor.py:161} INFO - Processing /home/airflow/.local/lib/python3.7/site-packages/airflow/example_dags/example_nested_branch_dag.py took 0.090 seconds
[2023-10-27 05:20:35,041] {processor.py:153} INFO - Started process (PID=181) to work on /home/airflow/.local/lib/python3.7/site-packages/airflow/example_dags/example_nested_branch_dag.py
[2023-10-27 05:20:35,042] {processor.py:641} INFO - Processing file /home/airflow/.local/lib/python3.7/site-packages/airflow/example_dags/example_nested_branch_dag.py for tasks to queue
[2023-10-27 05:20:35,043] {logging_mixin.py:115} INFO - [2023-10-27 05:20:35,043] {dagbag.py:508} INFO - Filling up the DagBag from /home/airflow/.local/lib/python3.7/site-packages/airflow/example_dags/example_nested_branch_dag.py
[2023-10-27 05:20:35,058] {processor.py:651} INFO - DAG(s) dict_keys(['example_nested_branch_dag']) retrieved from /home/airflow/.local/lib/python3.7/site-packages/airflow/example_dags/example_nested_branch_dag.py
[2023-10-27 05:20:35,101] {logging_mixin.py:115} INFO - [2023-10-27 05:20:35,101] {dag.py:2420} INFO - Sync 1 DAGs
[2023-10-27 05:20:35,133] {logging_mixin.py:115} INFO - [2023-10-27 05:20:35,133] {dag.py:2972} INFO - Setting next_dagrun for example_nested_branch_dag to 2023-10-26T00:00:00+00:00, run_after=2023-10-27T00:00:00+00:00
[2023-10-27 05:20:35,148] {processor.py:161} INFO - Processing /home/airflow/.local/lib/python3.7/site-packages/airflow/example_dags/example_nested_branch_dag.py took 0.111 seconds
[2023-10-27 05:21:05,277] {processor.py:153} INFO - Started process (PID=233) to work on /home/airflow/.local/lib/python3.7/site-packages/airflow/example_dags/example_nested_branch_dag.py
[2023-10-27 05:21:05,278] {processor.py:641} INFO - Processing file /home/airflow/.local/lib/python3.7/site-packages/airflow/example_dags/example_nested_branch_dag.py for tasks to queue
[2023-10-27 05:21:05,279] {logging_mixin.py:115} INFO - [2023-10-27 05:21:05,278] {dagbag.py:508} INFO - Filling up the DagBag from /home/airflow/.local/lib/python3.7/site-packages/airflow/example_dags/example_nested_branch_dag.py
[2023-10-27 05:21:05,291] {processor.py:651} INFO - DAG(s) dict_keys(['example_nested_branch_dag']) retrieved from /home/airflow/.local/lib/python3.7/site-packages/airflow/example_dags/example_nested_branch_dag.py
[2023-10-27 05:21:05,323] {logging_mixin.py:115} INFO - [2023-10-27 05:21:05,323] {dag.py:2420} INFO - Sync 1 DAGs
[2023-10-27 05:21:05,351] {logging_mixin.py:115} INFO - [2023-10-27 05:21:05,350] {dag.py:2972} INFO - Setting next_dagrun for example_nested_branch_dag to 2023-10-26T00:00:00+00:00, run_after=2023-10-27T00:00:00+00:00
[2023-10-27 05:21:05,364] {processor.py:161} INFO - Processing /home/airflow/.local/lib/python3.7/site-packages/airflow/example_dags/example_nested_branch_dag.py took 0.091 seconds
[2023-10-27 05:21:35,481] {processor.py:153} INFO - Started process (PID=294) to work on /home/airflow/.local/lib/python3.7/site-packages/airflow/example_dags/example_nested_branch_dag.py
[2023-10-27 05:21:35,482] {processor.py:641} INFO - Processing file /home/airflow/.local/lib/python3.7/site-packages/airflow/example_dags/example_nested_branch_dag.py for tasks to queue
[2023-10-27 05:21:35,482] {logging_mixin.py:115} INFO - [2023-10-27 05:21:35,482] {dagbag.py:508} INFO - Filling up the DagBag from /home/airflow/.local/lib/python3.7/site-packages/airflow/example_dags/example_nested_branch_dag.py
[2023-10-27 05:21:35,495] {processor.py:651} INFO - DAG(s) dict_keys(['example_nested_branch_dag']) retrieved from /home/airflow/.local/lib/python3.7/site-packages/airflow/example_dags/example_nested_branch_dag.py
[2023-10-27 05:21:35,528] {logging_mixin.py:115} INFO - [2023-10-27 05:21:35,528] {dag.py:2420} INFO - Sync 1 DAGs
[2023-10-27 05:21:35,559] {logging_mixin.py:115} INFO - [2023-10-27 05:21:35,559] {dag.py:2972} INFO - Setting next_dagrun for example_nested_branch_dag to 2023-10-26T00:00:00+00:00, run_after=2023-10-27T00:00:00+00:00
[2023-10-27 05:21:35,572] {processor.py:161} INFO - Processing /home/airflow/.local/lib/python3.7/site-packages/airflow/example_dags/example_nested_branch_dag.py took 0.095 seconds
[2023-10-27 05:22:05,659] {processor.py:153} INFO - Started process (PID=347) to work on /home/airflow/.local/lib/python3.7/site-packages/airflow/example_dags/example_nested_branch_dag.py
[2023-10-27 05:22:05,659] {processor.py:641} INFO - Processing file /home/airflow/.local/lib/python3.7/site-packages/airflow/example_dags/example_nested_branch_dag.py for tasks to queue
[2023-10-27 05:22:05,660] {logging_mixin.py:115} INFO - [2023-10-27 05:22:05,660] {dagbag.py:508} INFO - Filling up the DagBag from /home/airflow/.local/lib/python3.7/site-packages/airflow/example_dags/example_nested_branch_dag.py
[2023-10-27 05:22:05,673] {processor.py:651} INFO - DAG(s) dict_keys(['example_nested_branch_dag']) retrieved from /home/airflow/.local/lib/python3.7/site-packages/airflow/example_dags/example_nested_branch_dag.py
[2023-10-27 05:22:05,711] {logging_mixin.py:115} INFO - [2023-10-27 05:22:05,711] {dag.py:2420} INFO - Sync 1 DAGs
[2023-10-27 05:22:05,741] {logging_mixin.py:115} INFO - [2023-10-27 05:22:05,740] {dag.py:2972} INFO - Setting next_dagrun for example_nested_branch_dag to 2023-10-26T00:00:00+00:00, run_after=2023-10-27T00:00:00+00:00
[2023-10-27 05:22:05,754] {processor.py:161} INFO - Processing /home/airflow/.local/lib/python3.7/site-packages/airflow/example_dags/example_nested_branch_dag.py took 0.099 seconds
[2023-10-27 05:22:35,831] {processor.py:153} INFO - Started process (PID=399) to work on /home/airflow/.local/lib/python3.7/site-packages/airflow/example_dags/example_nested_branch_dag.py
[2023-10-27 05:22:35,832] {processor.py:641} INFO - Processing file /home/airflow/.local/lib/python3.7/site-packages/airflow/example_dags/example_nested_branch_dag.py for tasks to queue
[2023-10-27 05:22:35,832] {logging_mixin.py:115} INFO - [2023-10-27 05:22:35,832] {dagbag.py:508} INFO - Filling up the DagBag from /home/airflow/.local/lib/python3.7/site-packages/airflow/example_dags/example_nested_branch_dag.py
[2023-10-27 05:22:35,845] {processor.py:651} INFO - DAG(s) dict_keys(['example_nested_branch_dag']) retrieved from /home/airflow/.local/lib/python3.7/site-packages/airflow/example_dags/example_nested_branch_dag.py
[2023-10-27 05:22:35,874] {logging_mixin.py:115} INFO - [2023-10-27 05:22:35,874] {dag.py:2420} INFO - Sync 1 DAGs
[2023-10-27 05:22:35,901] {logging_mixin.py:115} INFO - [2023-10-27 05:22:35,901] {dag.py:2972} INFO - Setting next_dagrun for example_nested_branch_dag to 2023-10-26T00:00:00+00:00, run_after=2023-10-27T00:00:00+00:00
[2023-10-27 05:22:35,914] {processor.py:161} INFO - Processing /home/airflow/.local/lib/python3.7/site-packages/airflow/example_dags/example_nested_branch_dag.py took 0.087 seconds
[2023-10-27 05:23:06,047] {processor.py:153} INFO - Started process (PID=459) to work on /home/airflow/.local/lib/python3.7/site-packages/airflow/example_dags/example_nested_branch_dag.py
[2023-10-27 05:23:06,047] {processor.py:641} INFO - Processing file /home/airflow/.local/lib/python3.7/site-packages/airflow/example_dags/example_nested_branch_dag.py for tasks to queue
[2023-10-27 05:23:06,048] {logging_mixin.py:115} INFO - [2023-10-27 05:23:06,048] {dagbag.py:508} INFO - Filling up the DagBag from /home/airflow/.local/lib/python3.7/site-packages/airflow/example_dags/example_nested_branch_dag.py
[2023-10-27 05:23:06,061] {processor.py:651} INFO - DAG(s) dict_keys(['example_nested_branch_dag']) retrieved from /home/airflow/.local/lib/python3.7/site-packages/airflow/example_dags/example_nested_branch_dag.py
[2023-10-27 05:23:06,093] {logging_mixin.py:115} INFO - [2023-10-27 05:23:06,093] {dag.py:2420} INFO - Sync 1 DAGs
[2023-10-27 05:23:06,122] {logging_mixin.py:115} INFO - [2023-10-27 05:23:06,122] {dag.py:2972} INFO - Setting next_dagrun for example_nested_branch_dag to 2023-10-26T00:00:00+00:00, run_after=2023-10-27T00:00:00+00:00
[2023-10-27 05:23:06,137] {processor.py:161} INFO - Processing /home/airflow/.local/lib/python3.7/site-packages/airflow/example_dags/example_nested_branch_dag.py took 0.094 seconds
[2023-10-27 05:23:36,313] {processor.py:153} INFO - Started process (PID=520) to work on /home/airflow/.local/lib/python3.7/site-packages/airflow/example_dags/example_nested_branch_dag.py
[2023-10-27 05:23:36,317] {processor.py:641} INFO - Processing file /home/airflow/.local/lib/python3.7/site-packages/airflow/example_dags/example_nested_branch_dag.py for tasks to queue
[2023-10-27 05:23:36,318] {logging_mixin.py:115} INFO - [2023-10-27 05:23:36,318] {dagbag.py:508} INFO - Filling up the DagBag from /home/airflow/.local/lib/python3.7/site-packages/airflow/example_dags/example_nested_branch_dag.py
[2023-10-27 05:23:36,342] {processor.py:651} INFO - DAG(s) dict_keys(['example_nested_branch_dag']) retrieved from /home/airflow/.local/lib/python3.7/site-packages/airflow/example_dags/example_nested_branch_dag.py
[2023-10-27 05:23:36,398] {logging_mixin.py:115} INFO - [2023-10-27 05:23:36,398] {dag.py:2420} INFO - Sync 1 DAGs
[2023-10-27 05:23:36,446] {logging_mixin.py:115} INFO - [2023-10-27 05:23:36,445] {dag.py:2972} INFO - Setting next_dagrun for example_nested_branch_dag to 2023-10-26T00:00:00+00:00, run_after=2023-10-27T00:00:00+00:00
[2023-10-27 05:23:36,463] {processor.py:161} INFO - Processing /home/airflow/.local/lib/python3.7/site-packages/airflow/example_dags/example_nested_branch_dag.py took 0.165 seconds
[2023-10-27 05:25:00,198] {processor.py:153} INFO - Started process (PID=57) to work on /home/airflow/.local/lib/python3.7/site-packages/airflow/example_dags/example_nested_branch_dag.py
[2023-10-27 05:25:00,203] {processor.py:641} INFO - Processing file /home/airflow/.local/lib/python3.7/site-packages/airflow/example_dags/example_nested_branch_dag.py for tasks to queue
[2023-10-27 05:25:00,204] {logging_mixin.py:115} INFO - [2023-10-27 05:25:00,204] {dagbag.py:508} INFO - Filling up the DagBag from /home/airflow/.local/lib/python3.7/site-packages/airflow/example_dags/example_nested_branch_dag.py
[2023-10-27 05:25:00,238] {processor.py:651} INFO - DAG(s) dict_keys(['example_nested_branch_dag']) retrieved from /home/airflow/.local/lib/python3.7/site-packages/airflow/example_dags/example_nested_branch_dag.py
[2023-10-27 05:25:00,314] {logging_mixin.py:115} INFO - [2023-10-27 05:25:00,314] {dag.py:2420} INFO - Sync 1 DAGs
[2023-10-27 05:25:00,569] {logging_mixin.py:115} INFO - [2023-10-27 05:25:00,569] {dag.py:2972} INFO - Setting next_dagrun for example_nested_branch_dag to 2023-10-26T00:00:00+00:00, run_after=2023-10-27T00:00:00+00:00
[2023-10-27 05:25:00,585] {processor.py:161} INFO - Processing /home/airflow/.local/lib/python3.7/site-packages/airflow/example_dags/example_nested_branch_dag.py took 0.391 seconds
[2023-10-27 05:25:30,845] {processor.py:153} INFO - Started process (PID=109) to work on /home/airflow/.local/lib/python3.7/site-packages/airflow/example_dags/example_nested_branch_dag.py
[2023-10-27 05:25:30,845] {processor.py:641} INFO - Processing file /home/airflow/.local/lib/python3.7/site-packages/airflow/example_dags/example_nested_branch_dag.py for tasks to queue
[2023-10-27 05:25:30,846] {logging_mixin.py:115} INFO - [2023-10-27 05:25:30,846] {dagbag.py:508} INFO - Filling up the DagBag from /home/airflow/.local/lib/python3.7/site-packages/airflow/example_dags/example_nested_branch_dag.py
[2023-10-27 05:25:30,858] {processor.py:651} INFO - DAG(s) dict_keys(['example_nested_branch_dag']) retrieved from /home/airflow/.local/lib/python3.7/site-packages/airflow/example_dags/example_nested_branch_dag.py
[2023-10-27 05:25:30,893] {logging_mixin.py:115} INFO - [2023-10-27 05:25:30,893] {dag.py:2420} INFO - Sync 1 DAGs
[2023-10-27 05:25:31,066] {logging_mixin.py:115} INFO - [2023-10-27 05:25:31,066] {dag.py:2972} INFO - Setting next_dagrun for example_nested_branch_dag to 2023-10-26T00:00:00+00:00, run_after=2023-10-27T00:00:00+00:00
[2023-10-27 05:25:31,078] {processor.py:161} INFO - Processing /home/airflow/.local/lib/python3.7/site-packages/airflow/example_dags/example_nested_branch_dag.py took 0.238 seconds
[2023-10-27 05:26:01,834] {processor.py:153} INFO - Started process (PID=170) to work on /home/airflow/.local/lib/python3.7/site-packages/airflow/example_dags/example_nested_branch_dag.py
[2023-10-27 05:26:01,835] {processor.py:641} INFO - Processing file /home/airflow/.local/lib/python3.7/site-packages/airflow/example_dags/example_nested_branch_dag.py for tasks to queue
[2023-10-27 05:26:01,835] {logging_mixin.py:115} INFO - [2023-10-27 05:26:01,835] {dagbag.py:508} INFO - Filling up the DagBag from /home/airflow/.local/lib/python3.7/site-packages/airflow/example_dags/example_nested_branch_dag.py
[2023-10-27 05:26:01,849] {processor.py:651} INFO - DAG(s) dict_keys(['example_nested_branch_dag']) retrieved from /home/airflow/.local/lib/python3.7/site-packages/airflow/example_dags/example_nested_branch_dag.py
[2023-10-27 05:26:01,883] {logging_mixin.py:115} INFO - [2023-10-27 05:26:01,883] {dag.py:2420} INFO - Sync 1 DAGs
[2023-10-27 05:26:02,071] {logging_mixin.py:115} INFO - [2023-10-27 05:26:02,071] {dag.py:2972} INFO - Setting next_dagrun for example_nested_branch_dag to 2023-10-26T00:00:00+00:00, run_after=2023-10-27T00:00:00+00:00
[2023-10-27 05:26:02,085] {processor.py:161} INFO - Processing /home/airflow/.local/lib/python3.7/site-packages/airflow/example_dags/example_nested_branch_dag.py took 0.256 seconds
[2023-10-27 05:26:32,806] {processor.py:153} INFO - Started process (PID=230) to work on /home/airflow/.local/lib/python3.7/site-packages/airflow/example_dags/example_nested_branch_dag.py
[2023-10-27 05:26:32,807] {processor.py:641} INFO - Processing file /home/airflow/.local/lib/python3.7/site-packages/airflow/example_dags/example_nested_branch_dag.py for tasks to queue
[2023-10-27 05:26:32,807] {logging_mixin.py:115} INFO - [2023-10-27 05:26:32,807] {dagbag.py:508} INFO - Filling up the DagBag from /home/airflow/.local/lib/python3.7/site-packages/airflow/example_dags/example_nested_branch_dag.py
[2023-10-27 05:26:32,820] {processor.py:651} INFO - DAG(s) dict_keys(['example_nested_branch_dag']) retrieved from /home/airflow/.local/lib/python3.7/site-packages/airflow/example_dags/example_nested_branch_dag.py
[2023-10-27 05:26:32,854] {logging_mixin.py:115} INFO - [2023-10-27 05:26:32,854] {dag.py:2420} INFO - Sync 1 DAGs
[2023-10-27 05:26:33,038] {logging_mixin.py:115} INFO - [2023-10-27 05:26:33,038] {dag.py:2972} INFO - Setting next_dagrun for example_nested_branch_dag to 2023-10-26T00:00:00+00:00, run_after=2023-10-27T00:00:00+00:00
[2023-10-27 05:26:33,051] {processor.py:161} INFO - Processing /home/airflow/.local/lib/python3.7/site-packages/airflow/example_dags/example_nested_branch_dag.py took 0.249 seconds
[2023-10-27 05:27:03,332] {processor.py:153} INFO - Started process (PID=282) to work on /home/airflow/.local/lib/python3.7/site-packages/airflow/example_dags/example_nested_branch_dag.py
[2023-10-27 05:27:03,333] {processor.py:641} INFO - Processing file /home/airflow/.local/lib/python3.7/site-packages/airflow/example_dags/example_nested_branch_dag.py for tasks to queue
[2023-10-27 05:27:03,334] {logging_mixin.py:115} INFO - [2023-10-27 05:27:03,334] {dagbag.py:508} INFO - Filling up the DagBag from /home/airflow/.local/lib/python3.7/site-packages/airflow/example_dags/example_nested_branch_dag.py
[2023-10-27 05:27:03,346] {processor.py:651} INFO - DAG(s) dict_keys(['example_nested_branch_dag']) retrieved from /home/airflow/.local/lib/python3.7/site-packages/airflow/example_dags/example_nested_branch_dag.py
[2023-10-27 05:27:03,380] {logging_mixin.py:115} INFO - [2023-10-27 05:27:03,380] {dag.py:2420} INFO - Sync 1 DAGs
[2023-10-27 05:27:03,555] {logging_mixin.py:115} INFO - [2023-10-27 05:27:03,555] {dag.py:2972} INFO - Setting next_dagrun for example_nested_branch_dag to 2023-10-26T00:00:00+00:00, run_after=2023-10-27T00:00:00+00:00
[2023-10-27 05:27:03,566] {processor.py:161} INFO - Processing /home/airflow/.local/lib/python3.7/site-packages/airflow/example_dags/example_nested_branch_dag.py took 0.238 seconds
[2023-10-27 05:28:16,576] {processor.py:153} INFO - Started process (PID=57) to work on /home/airflow/.local/lib/python3.7/site-packages/airflow/example_dags/example_nested_branch_dag.py
[2023-10-27 05:28:16,591] {processor.py:641} INFO - Processing file /home/airflow/.local/lib/python3.7/site-packages/airflow/example_dags/example_nested_branch_dag.py for tasks to queue
[2023-10-27 05:28:16,592] {logging_mixin.py:115} INFO - [2023-10-27 05:28:16,592] {dagbag.py:508} INFO - Filling up the DagBag from /home/airflow/.local/lib/python3.7/site-packages/airflow/example_dags/example_nested_branch_dag.py
[2023-10-27 05:28:16,639] {processor.py:651} INFO - DAG(s) dict_keys(['example_nested_branch_dag']) retrieved from /home/airflow/.local/lib/python3.7/site-packages/airflow/example_dags/example_nested_branch_dag.py
[2023-10-27 05:28:16,698] {logging_mixin.py:115} INFO - [2023-10-27 05:28:16,698] {dag.py:2420} INFO - Sync 1 DAGs
[2023-10-27 05:28:16,890] {logging_mixin.py:115} INFO - [2023-10-27 05:28:16,890] {dag.py:2972} INFO - Setting next_dagrun for example_nested_branch_dag to 2023-10-26T00:00:00+00:00, run_after=2023-10-27T00:00:00+00:00
[2023-10-27 05:28:16,913] {processor.py:161} INFO - Processing /home/airflow/.local/lib/python3.7/site-packages/airflow/example_dags/example_nested_branch_dag.py took 0.359 seconds
[2023-10-27 05:28:50,703] {processor.py:153} INFO - Started process (PID=110) to work on /home/airflow/.local/lib/python3.7/site-packages/airflow/example_dags/example_nested_branch_dag.py
[2023-10-27 05:28:50,705] {processor.py:641} INFO - Processing file /home/airflow/.local/lib/python3.7/site-packages/airflow/example_dags/example_nested_branch_dag.py for tasks to queue
[2023-10-27 05:28:50,706] {logging_mixin.py:115} INFO - [2023-10-27 05:28:50,706] {dagbag.py:508} INFO - Filling up the DagBag from /home/airflow/.local/lib/python3.7/site-packages/airflow/example_dags/example_nested_branch_dag.py
[2023-10-27 05:28:50,722] {processor.py:651} INFO - DAG(s) dict_keys(['example_nested_branch_dag']) retrieved from /home/airflow/.local/lib/python3.7/site-packages/airflow/example_dags/example_nested_branch_dag.py
[2023-10-27 05:28:50,772] {logging_mixin.py:115} INFO - [2023-10-27 05:28:50,771] {dag.py:2420} INFO - Sync 1 DAGs
[2023-10-27 05:28:50,976] {logging_mixin.py:115} INFO - [2023-10-27 05:28:50,976] {dag.py:2972} INFO - Setting next_dagrun for example_nested_branch_dag to 2023-10-26T00:00:00+00:00, run_after=2023-10-27T00:00:00+00:00
[2023-10-27 05:28:50,988] {processor.py:161} INFO - Processing /home/airflow/.local/lib/python3.7/site-packages/airflow/example_dags/example_nested_branch_dag.py took 0.291 seconds
[2023-10-27 05:29:21,022] {processor.py:153} INFO - Started process (PID=171) to work on /home/airflow/.local/lib/python3.7/site-packages/airflow/example_dags/example_nested_branch_dag.py
[2023-10-27 05:29:21,022] {processor.py:641} INFO - Processing file /home/airflow/.local/lib/python3.7/site-packages/airflow/example_dags/example_nested_branch_dag.py for tasks to queue
[2023-10-27 05:29:21,023] {logging_mixin.py:115} INFO - [2023-10-27 05:29:21,023] {dagbag.py:508} INFO - Filling up the DagBag from /home/airflow/.local/lib/python3.7/site-packages/airflow/example_dags/example_nested_branch_dag.py
[2023-10-27 05:29:21,036] {processor.py:651} INFO - DAG(s) dict_keys(['example_nested_branch_dag']) retrieved from /home/airflow/.local/lib/python3.7/site-packages/airflow/example_dags/example_nested_branch_dag.py
[2023-10-27 05:29:21,070] {logging_mixin.py:115} INFO - [2023-10-27 05:29:21,070] {dag.py:2420} INFO - Sync 1 DAGs
[2023-10-27 05:29:21,256] {logging_mixin.py:115} INFO - [2023-10-27 05:29:21,255] {dag.py:2972} INFO - Setting next_dagrun for example_nested_branch_dag to 2023-10-26T00:00:00+00:00, run_after=2023-10-27T00:00:00+00:00
[2023-10-27 05:29:21,268] {processor.py:161} INFO - Processing /home/airflow/.local/lib/python3.7/site-packages/airflow/example_dags/example_nested_branch_dag.py took 0.251 seconds
[2023-10-27 05:29:51,555] {processor.py:153} INFO - Started process (PID=232) to work on /home/airflow/.local/lib/python3.7/site-packages/airflow/example_dags/example_nested_branch_dag.py
[2023-10-27 05:29:51,556] {processor.py:641} INFO - Processing file /home/airflow/.local/lib/python3.7/site-packages/airflow/example_dags/example_nested_branch_dag.py for tasks to queue
[2023-10-27 05:29:51,556] {logging_mixin.py:115} INFO - [2023-10-27 05:29:51,556] {dagbag.py:508} INFO - Filling up the DagBag from /home/airflow/.local/lib/python3.7/site-packages/airflow/example_dags/example_nested_branch_dag.py
[2023-10-27 05:29:51,569] {processor.py:651} INFO - DAG(s) dict_keys(['example_nested_branch_dag']) retrieved from /home/airflow/.local/lib/python3.7/site-packages/airflow/example_dags/example_nested_branch_dag.py
[2023-10-27 05:29:51,605] {logging_mixin.py:115} INFO - [2023-10-27 05:29:51,605] {dag.py:2420} INFO - Sync 1 DAGs
[2023-10-27 05:29:51,795] {logging_mixin.py:115} INFO - [2023-10-27 05:29:51,795] {dag.py:2972} INFO - Setting next_dagrun for example_nested_branch_dag to 2023-10-26T00:00:00+00:00, run_after=2023-10-27T00:00:00+00:00
[2023-10-27 05:29:51,807] {processor.py:161} INFO - Processing /home/airflow/.local/lib/python3.7/site-packages/airflow/example_dags/example_nested_branch_dag.py took 0.256 seconds
[2023-10-27 05:30:22,443] {processor.py:153} INFO - Started process (PID=283) to work on /home/airflow/.local/lib/python3.7/site-packages/airflow/example_dags/example_nested_branch_dag.py
[2023-10-27 05:30:22,444] {processor.py:641} INFO - Processing file /home/airflow/.local/lib/python3.7/site-packages/airflow/example_dags/example_nested_branch_dag.py for tasks to queue
[2023-10-27 05:30:22,445] {logging_mixin.py:115} INFO - [2023-10-27 05:30:22,444] {dagbag.py:508} INFO - Filling up the DagBag from /home/airflow/.local/lib/python3.7/site-packages/airflow/example_dags/example_nested_branch_dag.py
[2023-10-27 05:30:22,457] {processor.py:651} INFO - DAG(s) dict_keys(['example_nested_branch_dag']) retrieved from /home/airflow/.local/lib/python3.7/site-packages/airflow/example_dags/example_nested_branch_dag.py
[2023-10-27 05:30:22,491] {logging_mixin.py:115} INFO - [2023-10-27 05:30:22,491] {dag.py:2420} INFO - Sync 1 DAGs
[2023-10-27 05:30:22,668] {logging_mixin.py:115} INFO - [2023-10-27 05:30:22,668] {dag.py:2972} INFO - Setting next_dagrun for example_nested_branch_dag to 2023-10-26T00:00:00+00:00, run_after=2023-10-27T00:00:00+00:00
[2023-10-27 05:30:22,680] {processor.py:161} INFO - Processing /home/airflow/.local/lib/python3.7/site-packages/airflow/example_dags/example_nested_branch_dag.py took 0.242 seconds
[2023-10-27 05:30:52,736] {processor.py:153} INFO - Started process (PID=344) to work on /home/airflow/.local/lib/python3.7/site-packages/airflow/example_dags/example_nested_branch_dag.py
[2023-10-27 05:30:52,737] {processor.py:641} INFO - Processing file /home/airflow/.local/lib/python3.7/site-packages/airflow/example_dags/example_nested_branch_dag.py for tasks to queue
[2023-10-27 05:30:52,738] {logging_mixin.py:115} INFO - [2023-10-27 05:30:52,738] {dagbag.py:508} INFO - Filling up the DagBag from /home/airflow/.local/lib/python3.7/site-packages/airflow/example_dags/example_nested_branch_dag.py
[2023-10-27 05:30:52,750] {processor.py:651} INFO - DAG(s) dict_keys(['example_nested_branch_dag']) retrieved from /home/airflow/.local/lib/python3.7/site-packages/airflow/example_dags/example_nested_branch_dag.py
[2023-10-27 05:30:52,786] {logging_mixin.py:115} INFO - [2023-10-27 05:30:52,785] {dag.py:2420} INFO - Sync 1 DAGs
[2023-10-27 05:30:52,968] {logging_mixin.py:115} INFO - [2023-10-27 05:30:52,968] {dag.py:2972} INFO - Setting next_dagrun for example_nested_branch_dag to 2023-10-26T00:00:00+00:00, run_after=2023-10-27T00:00:00+00:00
[2023-10-27 05:30:52,980] {processor.py:161} INFO - Processing /home/airflow/.local/lib/python3.7/site-packages/airflow/example_dags/example_nested_branch_dag.py took 0.248 seconds
[2023-10-27 05:31:23,078] {processor.py:153} INFO - Started process (PID=397) to work on /home/airflow/.local/lib/python3.7/site-packages/airflow/example_dags/example_nested_branch_dag.py
[2023-10-27 05:31:23,079] {processor.py:641} INFO - Processing file /home/airflow/.local/lib/python3.7/site-packages/airflow/example_dags/example_nested_branch_dag.py for tasks to queue
[2023-10-27 05:31:23,080] {logging_mixin.py:115} INFO - [2023-10-27 05:31:23,080] {dagbag.py:508} INFO - Filling up the DagBag from /home/airflow/.local/lib/python3.7/site-packages/airflow/example_dags/example_nested_branch_dag.py
[2023-10-27 05:31:23,092] {processor.py:651} INFO - DAG(s) dict_keys(['example_nested_branch_dag']) retrieved from /home/airflow/.local/lib/python3.7/site-packages/airflow/example_dags/example_nested_branch_dag.py
[2023-10-27 05:31:23,128] {logging_mixin.py:115} INFO - [2023-10-27 05:31:23,127] {dag.py:2420} INFO - Sync 1 DAGs
[2023-10-27 05:31:23,308] {logging_mixin.py:115} INFO - [2023-10-27 05:31:23,308] {dag.py:2972} INFO - Setting next_dagrun for example_nested_branch_dag to 2023-10-26T00:00:00+00:00, run_after=2023-10-27T00:00:00+00:00
[2023-10-27 05:31:23,320] {processor.py:161} INFO - Processing /home/airflow/.local/lib/python3.7/site-packages/airflow/example_dags/example_nested_branch_dag.py took 0.245 seconds
[2023-10-27 05:31:53,374] {processor.py:153} INFO - Started process (PID=458) to work on /home/airflow/.local/lib/python3.7/site-packages/airflow/example_dags/example_nested_branch_dag.py
[2023-10-27 05:31:53,374] {processor.py:641} INFO - Processing file /home/airflow/.local/lib/python3.7/site-packages/airflow/example_dags/example_nested_branch_dag.py for tasks to queue
[2023-10-27 05:31:53,375] {logging_mixin.py:115} INFO - [2023-10-27 05:31:53,375] {dagbag.py:508} INFO - Filling up the DagBag from /home/airflow/.local/lib/python3.7/site-packages/airflow/example_dags/example_nested_branch_dag.py
[2023-10-27 05:31:53,387] {processor.py:651} INFO - DAG(s) dict_keys(['example_nested_branch_dag']) retrieved from /home/airflow/.local/lib/python3.7/site-packages/airflow/example_dags/example_nested_branch_dag.py
[2023-10-27 05:31:53,420] {logging_mixin.py:115} INFO - [2023-10-27 05:31:53,420] {dag.py:2420} INFO - Sync 1 DAGs
[2023-10-27 05:31:53,597] {logging_mixin.py:115} INFO - [2023-10-27 05:31:53,597] {dag.py:2972} INFO - Setting next_dagrun for example_nested_branch_dag to 2023-10-26T00:00:00+00:00, run_after=2023-10-27T00:00:00+00:00
[2023-10-27 05:31:53,609] {processor.py:161} INFO - Processing /home/airflow/.local/lib/python3.7/site-packages/airflow/example_dags/example_nested_branch_dag.py took 0.240 seconds
[2023-10-27 05:32:23,785] {processor.py:153} INFO - Started process (PID=519) to work on /home/airflow/.local/lib/python3.7/site-packages/airflow/example_dags/example_nested_branch_dag.py
[2023-10-27 05:32:23,786] {processor.py:641} INFO - Processing file /home/airflow/.local/lib/python3.7/site-packages/airflow/example_dags/example_nested_branch_dag.py for tasks to queue
[2023-10-27 05:32:23,786] {logging_mixin.py:115} INFO - [2023-10-27 05:32:23,786] {dagbag.py:508} INFO - Filling up the DagBag from /home/airflow/.local/lib/python3.7/site-packages/airflow/example_dags/example_nested_branch_dag.py
[2023-10-27 05:32:23,799] {processor.py:651} INFO - DAG(s) dict_keys(['example_nested_branch_dag']) retrieved from /home/airflow/.local/lib/python3.7/site-packages/airflow/example_dags/example_nested_branch_dag.py
[2023-10-27 05:32:23,835] {logging_mixin.py:115} INFO - [2023-10-27 05:32:23,835] {dag.py:2420} INFO - Sync 1 DAGs
[2023-10-27 05:32:24,029] {logging_mixin.py:115} INFO - [2023-10-27 05:32:24,029] {dag.py:2972} INFO - Setting next_dagrun for example_nested_branch_dag to 2023-10-26T00:00:00+00:00, run_after=2023-10-27T00:00:00+00:00
[2023-10-27 05:32:24,045] {processor.py:161} INFO - Processing /home/airflow/.local/lib/python3.7/site-packages/airflow/example_dags/example_nested_branch_dag.py took 0.264 seconds
[2023-10-27 05:32:54,214] {processor.py:153} INFO - Started process (PID=571) to work on /home/airflow/.local/lib/python3.7/site-packages/airflow/example_dags/example_nested_branch_dag.py
[2023-10-27 05:32:54,214] {processor.py:641} INFO - Processing file /home/airflow/.local/lib/python3.7/site-packages/airflow/example_dags/example_nested_branch_dag.py for tasks to queue
[2023-10-27 05:32:54,215] {logging_mixin.py:115} INFO - [2023-10-27 05:32:54,215] {dagbag.py:508} INFO - Filling up the DagBag from /home/airflow/.local/lib/python3.7/site-packages/airflow/example_dags/example_nested_branch_dag.py
[2023-10-27 05:32:54,230] {processor.py:651} INFO - DAG(s) dict_keys(['example_nested_branch_dag']) retrieved from /home/airflow/.local/lib/python3.7/site-packages/airflow/example_dags/example_nested_branch_dag.py
[2023-10-27 05:32:54,266] {logging_mixin.py:115} INFO - [2023-10-27 05:32:54,266] {dag.py:2420} INFO - Sync 1 DAGs
[2023-10-27 05:32:54,446] {logging_mixin.py:115} INFO - [2023-10-27 05:32:54,446] {dag.py:2972} INFO - Setting next_dagrun for example_nested_branch_dag to 2023-10-26T00:00:00+00:00, run_after=2023-10-27T00:00:00+00:00
[2023-10-27 05:32:54,459] {processor.py:161} INFO - Processing /home/airflow/.local/lib/python3.7/site-packages/airflow/example_dags/example_nested_branch_dag.py took 0.257 seconds
[2023-10-27 05:33:25,006] {processor.py:153} INFO - Started process (PID=632) to work on /home/airflow/.local/lib/python3.7/site-packages/airflow/example_dags/example_nested_branch_dag.py
[2023-10-27 05:33:25,007] {processor.py:641} INFO - Processing file /home/airflow/.local/lib/python3.7/site-packages/airflow/example_dags/example_nested_branch_dag.py for tasks to queue
[2023-10-27 05:33:25,008] {logging_mixin.py:115} INFO - [2023-10-27 05:33:25,008] {dagbag.py:508} INFO - Filling up the DagBag from /home/airflow/.local/lib/python3.7/site-packages/airflow/example_dags/example_nested_branch_dag.py
[2023-10-27 05:33:25,020] {processor.py:651} INFO - DAG(s) dict_keys(['example_nested_branch_dag']) retrieved from /home/airflow/.local/lib/python3.7/site-packages/airflow/example_dags/example_nested_branch_dag.py
[2023-10-27 05:33:25,054] {logging_mixin.py:115} INFO - [2023-10-27 05:33:25,054] {dag.py:2420} INFO - Sync 1 DAGs
[2023-10-27 05:33:25,233] {logging_mixin.py:115} INFO - [2023-10-27 05:33:25,233] {dag.py:2972} INFO - Setting next_dagrun for example_nested_branch_dag to 2023-10-26T00:00:00+00:00, run_after=2023-10-27T00:00:00+00:00
[2023-10-27 05:33:25,245] {processor.py:161} INFO - Processing /home/airflow/.local/lib/python3.7/site-packages/airflow/example_dags/example_nested_branch_dag.py took 0.243 seconds
[2023-10-27 05:33:56,344] {processor.py:153} INFO - Started process (PID=693) to work on /home/airflow/.local/lib/python3.7/site-packages/airflow/example_dags/example_nested_branch_dag.py
[2023-10-27 05:33:56,345] {processor.py:641} INFO - Processing file /home/airflow/.local/lib/python3.7/site-packages/airflow/example_dags/example_nested_branch_dag.py for tasks to queue
[2023-10-27 05:33:56,346] {logging_mixin.py:115} INFO - [2023-10-27 05:33:56,346] {dagbag.py:508} INFO - Filling up the DagBag from /home/airflow/.local/lib/python3.7/site-packages/airflow/example_dags/example_nested_branch_dag.py
[2023-10-27 05:33:56,359] {processor.py:651} INFO - DAG(s) dict_keys(['example_nested_branch_dag']) retrieved from /home/airflow/.local/lib/python3.7/site-packages/airflow/example_dags/example_nested_branch_dag.py
[2023-10-27 05:33:56,396] {logging_mixin.py:115} INFO - [2023-10-27 05:33:56,395] {dag.py:2420} INFO - Sync 1 DAGs
[2023-10-27 05:33:56,598] {logging_mixin.py:115} INFO - [2023-10-27 05:33:56,598] {dag.py:2972} INFO - Setting next_dagrun for example_nested_branch_dag to 2023-10-26T00:00:00+00:00, run_after=2023-10-27T00:00:00+00:00
[2023-10-27 05:33:56,613] {processor.py:161} INFO - Processing /home/airflow/.local/lib/python3.7/site-packages/airflow/example_dags/example_nested_branch_dag.py took 0.273 seconds
[2023-10-27 05:34:27,088] {processor.py:153} INFO - Started process (PID=744) to work on /home/airflow/.local/lib/python3.7/site-packages/airflow/example_dags/example_nested_branch_dag.py
[2023-10-27 05:34:27,089] {processor.py:641} INFO - Processing file /home/airflow/.local/lib/python3.7/site-packages/airflow/example_dags/example_nested_branch_dag.py for tasks to queue
[2023-10-27 05:34:27,089] {logging_mixin.py:115} INFO - [2023-10-27 05:34:27,089] {dagbag.py:508} INFO - Filling up the DagBag from /home/airflow/.local/lib/python3.7/site-packages/airflow/example_dags/example_nested_branch_dag.py
[2023-10-27 05:34:27,102] {processor.py:651} INFO - DAG(s) dict_keys(['example_nested_branch_dag']) retrieved from /home/airflow/.local/lib/python3.7/site-packages/airflow/example_dags/example_nested_branch_dag.py
[2023-10-27 05:34:27,143] {logging_mixin.py:115} INFO - [2023-10-27 05:34:27,143] {dag.py:2420} INFO - Sync 1 DAGs
[2023-10-27 05:34:27,322] {logging_mixin.py:115} INFO - [2023-10-27 05:34:27,322] {dag.py:2972} INFO - Setting next_dagrun for example_nested_branch_dag to 2023-10-26T00:00:00+00:00, run_after=2023-10-27T00:00:00+00:00
[2023-10-27 05:34:27,334] {processor.py:161} INFO - Processing /home/airflow/.local/lib/python3.7/site-packages/airflow/example_dags/example_nested_branch_dag.py took 0.251 seconds
[2023-10-27 05:34:57,761] {processor.py:153} INFO - Started process (PID=805) to work on /home/airflow/.local/lib/python3.7/site-packages/airflow/example_dags/example_nested_branch_dag.py
[2023-10-27 05:34:57,761] {processor.py:641} INFO - Processing file /home/airflow/.local/lib/python3.7/site-packages/airflow/example_dags/example_nested_branch_dag.py for tasks to queue
[2023-10-27 05:34:57,762] {logging_mixin.py:115} INFO - [2023-10-27 05:34:57,762] {dagbag.py:508} INFO - Filling up the DagBag from /home/airflow/.local/lib/python3.7/site-packages/airflow/example_dags/example_nested_branch_dag.py
[2023-10-27 05:34:57,774] {processor.py:651} INFO - DAG(s) dict_keys(['example_nested_branch_dag']) retrieved from /home/airflow/.local/lib/python3.7/site-packages/airflow/example_dags/example_nested_branch_dag.py
[2023-10-27 05:34:57,808] {logging_mixin.py:115} INFO - [2023-10-27 05:34:57,808] {dag.py:2420} INFO - Sync 1 DAGs
[2023-10-27 05:34:57,999] {logging_mixin.py:115} INFO - [2023-10-27 05:34:57,999] {dag.py:2972} INFO - Setting next_dagrun for example_nested_branch_dag to 2023-10-26T00:00:00+00:00, run_after=2023-10-27T00:00:00+00:00
[2023-10-27 05:34:58,011] {processor.py:161} INFO - Processing /home/airflow/.local/lib/python3.7/site-packages/airflow/example_dags/example_nested_branch_dag.py took 0.255 seconds
[2023-10-27 05:35:28,396] {processor.py:153} INFO - Started process (PID=858) to work on /home/airflow/.local/lib/python3.7/site-packages/airflow/example_dags/example_nested_branch_dag.py
[2023-10-27 05:35:28,397] {processor.py:641} INFO - Processing file /home/airflow/.local/lib/python3.7/site-packages/airflow/example_dags/example_nested_branch_dag.py for tasks to queue
[2023-10-27 05:35:28,397] {logging_mixin.py:115} INFO - [2023-10-27 05:35:28,397] {dagbag.py:508} INFO - Filling up the DagBag from /home/airflow/.local/lib/python3.7/site-packages/airflow/example_dags/example_nested_branch_dag.py
[2023-10-27 05:35:28,410] {processor.py:651} INFO - DAG(s) dict_keys(['example_nested_branch_dag']) retrieved from /home/airflow/.local/lib/python3.7/site-packages/airflow/example_dags/example_nested_branch_dag.py
[2023-10-27 05:35:28,444] {logging_mixin.py:115} INFO - [2023-10-27 05:35:28,444] {dag.py:2420} INFO - Sync 1 DAGs
[2023-10-27 05:35:28,622] {logging_mixin.py:115} INFO - [2023-10-27 05:35:28,622] {dag.py:2972} INFO - Setting next_dagrun for example_nested_branch_dag to 2023-10-26T00:00:00+00:00, run_after=2023-10-27T00:00:00+00:00
[2023-10-27 05:35:28,634] {processor.py:161} INFO - Processing /home/airflow/.local/lib/python3.7/site-packages/airflow/example_dags/example_nested_branch_dag.py took 0.242 seconds
[2023-10-27 05:35:59,417] {processor.py:153} INFO - Started process (PID=919) to work on /home/airflow/.local/lib/python3.7/site-packages/airflow/example_dags/example_nested_branch_dag.py
[2023-10-27 05:35:59,418] {processor.py:641} INFO - Processing file /home/airflow/.local/lib/python3.7/site-packages/airflow/example_dags/example_nested_branch_dag.py for tasks to queue
[2023-10-27 05:35:59,418] {logging_mixin.py:115} INFO - [2023-10-27 05:35:59,418] {dagbag.py:508} INFO - Filling up the DagBag from /home/airflow/.local/lib/python3.7/site-packages/airflow/example_dags/example_nested_branch_dag.py
[2023-10-27 05:35:59,431] {processor.py:651} INFO - DAG(s) dict_keys(['example_nested_branch_dag']) retrieved from /home/airflow/.local/lib/python3.7/site-packages/airflow/example_dags/example_nested_branch_dag.py
[2023-10-27 05:35:59,470] {logging_mixin.py:115} INFO - [2023-10-27 05:35:59,470] {dag.py:2420} INFO - Sync 1 DAGs
[2023-10-27 05:35:59,645] {logging_mixin.py:115} INFO - [2023-10-27 05:35:59,645] {dag.py:2972} INFO - Setting next_dagrun for example_nested_branch_dag to 2023-10-26T00:00:00+00:00, run_after=2023-10-27T00:00:00+00:00
[2023-10-27 05:35:59,657] {processor.py:161} INFO - Processing /home/airflow/.local/lib/python3.7/site-packages/airflow/example_dags/example_nested_branch_dag.py took 0.244 seconds
[2023-10-27 05:36:29,798] {processor.py:153} INFO - Started process (PID=978) to work on /home/airflow/.local/lib/python3.7/site-packages/airflow/example_dags/example_nested_branch_dag.py
[2023-10-27 05:36:29,799] {processor.py:641} INFO - Processing file /home/airflow/.local/lib/python3.7/site-packages/airflow/example_dags/example_nested_branch_dag.py for tasks to queue
[2023-10-27 05:36:29,800] {logging_mixin.py:115} INFO - [2023-10-27 05:36:29,800] {dagbag.py:508} INFO - Filling up the DagBag from /home/airflow/.local/lib/python3.7/site-packages/airflow/example_dags/example_nested_branch_dag.py
[2023-10-27 05:36:29,813] {processor.py:651} INFO - DAG(s) dict_keys(['example_nested_branch_dag']) retrieved from /home/airflow/.local/lib/python3.7/site-packages/airflow/example_dags/example_nested_branch_dag.py
[2023-10-27 05:36:29,847] {logging_mixin.py:115} INFO - [2023-10-27 05:36:29,847] {dag.py:2420} INFO - Sync 1 DAGs
[2023-10-27 05:36:30,028] {logging_mixin.py:115} INFO - [2023-10-27 05:36:30,028] {dag.py:2972} INFO - Setting next_dagrun for example_nested_branch_dag to 2023-10-26T00:00:00+00:00, run_after=2023-10-27T00:00:00+00:00
[2023-10-27 05:36:30,040] {processor.py:161} INFO - Processing /home/airflow/.local/lib/python3.7/site-packages/airflow/example_dags/example_nested_branch_dag.py took 0.246 seconds
[2023-10-27 05:37:00,166] {processor.py:153} INFO - Started process (PID=1028) to work on /home/airflow/.local/lib/python3.7/site-packages/airflow/example_dags/example_nested_branch_dag.py
[2023-10-27 05:37:00,166] {processor.py:641} INFO - Processing file /home/airflow/.local/lib/python3.7/site-packages/airflow/example_dags/example_nested_branch_dag.py for tasks to queue
[2023-10-27 05:37:00,167] {logging_mixin.py:115} INFO - [2023-10-27 05:37:00,167] {dagbag.py:508} INFO - Filling up the DagBag from /home/airflow/.local/lib/python3.7/site-packages/airflow/example_dags/example_nested_branch_dag.py
[2023-10-27 05:37:00,180] {processor.py:651} INFO - DAG(s) dict_keys(['example_nested_branch_dag']) retrieved from /home/airflow/.local/lib/python3.7/site-packages/airflow/example_dags/example_nested_branch_dag.py
[2023-10-27 05:37:00,214] {logging_mixin.py:115} INFO - [2023-10-27 05:37:00,214] {dag.py:2420} INFO - Sync 1 DAGs
[2023-10-27 05:37:00,395] {logging_mixin.py:115} INFO - [2023-10-27 05:37:00,395] {dag.py:2972} INFO - Setting next_dagrun for example_nested_branch_dag to 2023-10-26T00:00:00+00:00, run_after=2023-10-27T00:00:00+00:00
[2023-10-27 05:37:00,407] {processor.py:161} INFO - Processing /home/airflow/.local/lib/python3.7/site-packages/airflow/example_dags/example_nested_branch_dag.py took 0.245 seconds
[2023-10-27 05:37:30,914] {processor.py:153} INFO - Started process (PID=1089) to work on /home/airflow/.local/lib/python3.7/site-packages/airflow/example_dags/example_nested_branch_dag.py
[2023-10-27 05:37:30,915] {processor.py:641} INFO - Processing file /home/airflow/.local/lib/python3.7/site-packages/airflow/example_dags/example_nested_branch_dag.py for tasks to queue
[2023-10-27 05:37:30,916] {logging_mixin.py:115} INFO - [2023-10-27 05:37:30,915] {dagbag.py:508} INFO - Filling up the DagBag from /home/airflow/.local/lib/python3.7/site-packages/airflow/example_dags/example_nested_branch_dag.py
[2023-10-27 05:37:30,933] {processor.py:651} INFO - DAG(s) dict_keys(['example_nested_branch_dag']) retrieved from /home/airflow/.local/lib/python3.7/site-packages/airflow/example_dags/example_nested_branch_dag.py
[2023-10-27 05:37:30,970] {logging_mixin.py:115} INFO - [2023-10-27 05:37:30,970] {dag.py:2420} INFO - Sync 1 DAGs
[2023-10-27 05:37:31,154] {logging_mixin.py:115} INFO - [2023-10-27 05:37:31,154] {dag.py:2972} INFO - Setting next_dagrun for example_nested_branch_dag to 2023-10-26T00:00:00+00:00, run_after=2023-10-27T00:00:00+00:00
[2023-10-27 05:37:31,167] {processor.py:161} INFO - Processing /home/airflow/.local/lib/python3.7/site-packages/airflow/example_dags/example_nested_branch_dag.py took 0.257 seconds
[2023-10-27 05:38:01,639] {processor.py:153} INFO - Started process (PID=1149) to work on /home/airflow/.local/lib/python3.7/site-packages/airflow/example_dags/example_nested_branch_dag.py
[2023-10-27 05:38:01,640] {processor.py:641} INFO - Processing file /home/airflow/.local/lib/python3.7/site-packages/airflow/example_dags/example_nested_branch_dag.py for tasks to queue
[2023-10-27 05:38:01,640] {logging_mixin.py:115} INFO - [2023-10-27 05:38:01,640] {dagbag.py:508} INFO - Filling up the DagBag from /home/airflow/.local/lib/python3.7/site-packages/airflow/example_dags/example_nested_branch_dag.py
[2023-10-27 05:38:01,653] {processor.py:651} INFO - DAG(s) dict_keys(['example_nested_branch_dag']) retrieved from /home/airflow/.local/lib/python3.7/site-packages/airflow/example_dags/example_nested_branch_dag.py
[2023-10-27 05:38:01,686] {logging_mixin.py:115} INFO - [2023-10-27 05:38:01,686] {dag.py:2420} INFO - Sync 1 DAGs
[2023-10-27 05:38:01,868] {logging_mixin.py:115} INFO - [2023-10-27 05:38:01,868] {dag.py:2972} INFO - Setting next_dagrun for example_nested_branch_dag to 2023-10-26T00:00:00+00:00, run_after=2023-10-27T00:00:00+00:00
[2023-10-27 05:38:01,883] {processor.py:161} INFO - Processing /home/airflow/.local/lib/python3.7/site-packages/airflow/example_dags/example_nested_branch_dag.py took 0.248 seconds
[2023-10-27 05:38:32,087] {processor.py:153} INFO - Started process (PID=1203) to work on /home/airflow/.local/lib/python3.7/site-packages/airflow/example_dags/example_nested_branch_dag.py
[2023-10-27 05:38:32,087] {processor.py:641} INFO - Processing file /home/airflow/.local/lib/python3.7/site-packages/airflow/example_dags/example_nested_branch_dag.py for tasks to queue
[2023-10-27 05:38:32,088] {logging_mixin.py:115} INFO - [2023-10-27 05:38:32,088] {dagbag.py:508} INFO - Filling up the DagBag from /home/airflow/.local/lib/python3.7/site-packages/airflow/example_dags/example_nested_branch_dag.py
[2023-10-27 05:38:32,101] {processor.py:651} INFO - DAG(s) dict_keys(['example_nested_branch_dag']) retrieved from /home/airflow/.local/lib/python3.7/site-packages/airflow/example_dags/example_nested_branch_dag.py
[2023-10-27 05:38:32,134] {logging_mixin.py:115} INFO - [2023-10-27 05:38:32,134] {dag.py:2420} INFO - Sync 1 DAGs
[2023-10-27 05:38:32,312] {logging_mixin.py:115} INFO - [2023-10-27 05:38:32,312] {dag.py:2972} INFO - Setting next_dagrun for example_nested_branch_dag to 2023-10-26T00:00:00+00:00, run_after=2023-10-27T00:00:00+00:00
[2023-10-27 05:38:32,324] {processor.py:161} INFO - Processing /home/airflow/.local/lib/python3.7/site-packages/airflow/example_dags/example_nested_branch_dag.py took 0.242 seconds
[2023-10-27 05:39:02,565] {processor.py:153} INFO - Started process (PID=1265) to work on /home/airflow/.local/lib/python3.7/site-packages/airflow/example_dags/example_nested_branch_dag.py
[2023-10-27 05:39:02,565] {processor.py:641} INFO - Processing file /home/airflow/.local/lib/python3.7/site-packages/airflow/example_dags/example_nested_branch_dag.py for tasks to queue
[2023-10-27 05:39:02,566] {logging_mixin.py:115} INFO - [2023-10-27 05:39:02,566] {dagbag.py:508} INFO - Filling up the DagBag from /home/airflow/.local/lib/python3.7/site-packages/airflow/example_dags/example_nested_branch_dag.py
[2023-10-27 05:39:02,579] {processor.py:651} INFO - DAG(s) dict_keys(['example_nested_branch_dag']) retrieved from /home/airflow/.local/lib/python3.7/site-packages/airflow/example_dags/example_nested_branch_dag.py
[2023-10-27 05:39:02,614] {logging_mixin.py:115} INFO - [2023-10-27 05:39:02,614] {dag.py:2420} INFO - Sync 1 DAGs
[2023-10-27 05:39:02,794] {logging_mixin.py:115} INFO - [2023-10-27 05:39:02,794] {dag.py:2972} INFO - Setting next_dagrun for example_nested_branch_dag to 2023-10-26T00:00:00+00:00, run_after=2023-10-27T00:00:00+00:00
[2023-10-27 05:39:02,809] {processor.py:161} INFO - Processing /home/airflow/.local/lib/python3.7/site-packages/airflow/example_dags/example_nested_branch_dag.py took 0.248 seconds
[2023-10-27 05:39:33,188] {processor.py:153} INFO - Started process (PID=1316) to work on /home/airflow/.local/lib/python3.7/site-packages/airflow/example_dags/example_nested_branch_dag.py
[2023-10-27 05:39:33,188] {processor.py:641} INFO - Processing file /home/airflow/.local/lib/python3.7/site-packages/airflow/example_dags/example_nested_branch_dag.py for tasks to queue
[2023-10-27 05:39:33,189] {logging_mixin.py:115} INFO - [2023-10-27 05:39:33,189] {dagbag.py:508} INFO - Filling up the DagBag from /home/airflow/.local/lib/python3.7/site-packages/airflow/example_dags/example_nested_branch_dag.py
[2023-10-27 05:39:33,208] {processor.py:651} INFO - DAG(s) dict_keys(['example_nested_branch_dag']) retrieved from /home/airflow/.local/lib/python3.7/site-packages/airflow/example_dags/example_nested_branch_dag.py
[2023-10-27 05:39:33,244] {logging_mixin.py:115} INFO - [2023-10-27 05:39:33,244] {dag.py:2420} INFO - Sync 1 DAGs
[2023-10-27 05:39:33,445] {logging_mixin.py:115} INFO - [2023-10-27 05:39:33,445] {dag.py:2972} INFO - Setting next_dagrun for example_nested_branch_dag to 2023-10-26T00:00:00+00:00, run_after=2023-10-27T00:00:00+00:00
[2023-10-27 05:39:33,459] {processor.py:161} INFO - Processing /home/airflow/.local/lib/python3.7/site-packages/airflow/example_dags/example_nested_branch_dag.py took 0.276 seconds
[2023-10-27 05:40:03,844] {processor.py:153} INFO - Started process (PID=1376) to work on /home/airflow/.local/lib/python3.7/site-packages/airflow/example_dags/example_nested_branch_dag.py
[2023-10-27 05:40:03,845] {processor.py:641} INFO - Processing file /home/airflow/.local/lib/python3.7/site-packages/airflow/example_dags/example_nested_branch_dag.py for tasks to queue
[2023-10-27 05:40:03,845] {logging_mixin.py:115} INFO - [2023-10-27 05:40:03,845] {dagbag.py:508} INFO - Filling up the DagBag from /home/airflow/.local/lib/python3.7/site-packages/airflow/example_dags/example_nested_branch_dag.py
[2023-10-27 05:40:03,858] {processor.py:651} INFO - DAG(s) dict_keys(['example_nested_branch_dag']) retrieved from /home/airflow/.local/lib/python3.7/site-packages/airflow/example_dags/example_nested_branch_dag.py
[2023-10-27 05:40:03,892] {logging_mixin.py:115} INFO - [2023-10-27 05:40:03,891] {dag.py:2420} INFO - Sync 1 DAGs
[2023-10-27 05:40:04,071] {logging_mixin.py:115} INFO - [2023-10-27 05:40:04,071] {dag.py:2972} INFO - Setting next_dagrun for example_nested_branch_dag to 2023-10-26T00:00:00+00:00, run_after=2023-10-27T00:00:00+00:00
[2023-10-27 05:40:04,083] {processor.py:161} INFO - Processing /home/airflow/.local/lib/python3.7/site-packages/airflow/example_dags/example_nested_branch_dag.py took 0.243 seconds
[2023-10-27 05:40:34,120] {processor.py:153} INFO - Started process (PID=1437) to work on /home/airflow/.local/lib/python3.7/site-packages/airflow/example_dags/example_nested_branch_dag.py
[2023-10-27 05:40:34,121] {processor.py:641} INFO - Processing file /home/airflow/.local/lib/python3.7/site-packages/airflow/example_dags/example_nested_branch_dag.py for tasks to queue
[2023-10-27 05:40:34,122] {logging_mixin.py:115} INFO - [2023-10-27 05:40:34,122] {dagbag.py:508} INFO - Filling up the DagBag from /home/airflow/.local/lib/python3.7/site-packages/airflow/example_dags/example_nested_branch_dag.py
[2023-10-27 05:40:34,135] {processor.py:651} INFO - DAG(s) dict_keys(['example_nested_branch_dag']) retrieved from /home/airflow/.local/lib/python3.7/site-packages/airflow/example_dags/example_nested_branch_dag.py
[2023-10-27 05:40:34,168] {logging_mixin.py:115} INFO - [2023-10-27 05:40:34,168] {dag.py:2420} INFO - Sync 1 DAGs
[2023-10-27 05:40:34,346] {logging_mixin.py:115} INFO - [2023-10-27 05:40:34,346] {dag.py:2972} INFO - Setting next_dagrun for example_nested_branch_dag to 2023-10-26T00:00:00+00:00, run_after=2023-10-27T00:00:00+00:00
[2023-10-27 05:40:34,360] {processor.py:161} INFO - Processing /home/airflow/.local/lib/python3.7/site-packages/airflow/example_dags/example_nested_branch_dag.py took 0.243 seconds
[2023-10-27 05:41:04,490] {processor.py:153} INFO - Started process (PID=1489) to work on /home/airflow/.local/lib/python3.7/site-packages/airflow/example_dags/example_nested_branch_dag.py
[2023-10-27 05:41:04,490] {processor.py:641} INFO - Processing file /home/airflow/.local/lib/python3.7/site-packages/airflow/example_dags/example_nested_branch_dag.py for tasks to queue
[2023-10-27 05:41:04,491] {logging_mixin.py:115} INFO - [2023-10-27 05:41:04,491] {dagbag.py:508} INFO - Filling up the DagBag from /home/airflow/.local/lib/python3.7/site-packages/airflow/example_dags/example_nested_branch_dag.py
[2023-10-27 05:41:04,504] {processor.py:651} INFO - DAG(s) dict_keys(['example_nested_branch_dag']) retrieved from /home/airflow/.local/lib/python3.7/site-packages/airflow/example_dags/example_nested_branch_dag.py
[2023-10-27 05:41:04,540] {logging_mixin.py:115} INFO - [2023-10-27 05:41:04,539] {dag.py:2420} INFO - Sync 1 DAGs
[2023-10-27 05:41:04,722] {logging_mixin.py:115} INFO - [2023-10-27 05:41:04,721] {dag.py:2972} INFO - Setting next_dagrun for example_nested_branch_dag to 2023-10-26T00:00:00+00:00, run_after=2023-10-27T00:00:00+00:00
[2023-10-27 05:41:04,734] {processor.py:161} INFO - Processing /home/airflow/.local/lib/python3.7/site-packages/airflow/example_dags/example_nested_branch_dag.py took 0.248 seconds
[2023-10-27 05:41:34,820] {processor.py:153} INFO - Started process (PID=1541) to work on /home/airflow/.local/lib/python3.7/site-packages/airflow/example_dags/example_nested_branch_dag.py
[2023-10-27 05:41:34,820] {processor.py:641} INFO - Processing file /home/airflow/.local/lib/python3.7/site-packages/airflow/example_dags/example_nested_branch_dag.py for tasks to queue
[2023-10-27 05:41:34,821] {logging_mixin.py:115} INFO - [2023-10-27 05:41:34,821] {dagbag.py:508} INFO - Filling up the DagBag from /home/airflow/.local/lib/python3.7/site-packages/airflow/example_dags/example_nested_branch_dag.py
[2023-10-27 05:41:34,833] {processor.py:651} INFO - DAG(s) dict_keys(['example_nested_branch_dag']) retrieved from /home/airflow/.local/lib/python3.7/site-packages/airflow/example_dags/example_nested_branch_dag.py
[2023-10-27 05:41:34,867] {logging_mixin.py:115} INFO - [2023-10-27 05:41:34,867] {dag.py:2420} INFO - Sync 1 DAGs
[2023-10-27 05:41:35,052] {logging_mixin.py:115} INFO - [2023-10-27 05:41:35,052] {dag.py:2972} INFO - Setting next_dagrun for example_nested_branch_dag to 2023-10-26T00:00:00+00:00, run_after=2023-10-27T00:00:00+00:00
[2023-10-27 05:41:35,081] {processor.py:161} INFO - Processing /home/airflow/.local/lib/python3.7/site-packages/airflow/example_dags/example_nested_branch_dag.py took 0.265 seconds
[2023-10-27 05:42:05,589] {processor.py:153} INFO - Started process (PID=1602) to work on /home/airflow/.local/lib/python3.7/site-packages/airflow/example_dags/example_nested_branch_dag.py
[2023-10-27 05:42:05,589] {processor.py:641} INFO - Processing file /home/airflow/.local/lib/python3.7/site-packages/airflow/example_dags/example_nested_branch_dag.py for tasks to queue
[2023-10-27 05:42:05,590] {logging_mixin.py:115} INFO - [2023-10-27 05:42:05,590] {dagbag.py:508} INFO - Filling up the DagBag from /home/airflow/.local/lib/python3.7/site-packages/airflow/example_dags/example_nested_branch_dag.py
[2023-10-27 05:42:05,604] {processor.py:651} INFO - DAG(s) dict_keys(['example_nested_branch_dag']) retrieved from /home/airflow/.local/lib/python3.7/site-packages/airflow/example_dags/example_nested_branch_dag.py
[2023-10-27 05:42:05,640] {logging_mixin.py:115} INFO - [2023-10-27 05:42:05,639] {dag.py:2420} INFO - Sync 1 DAGs
[2023-10-27 05:42:05,829] {logging_mixin.py:115} INFO - [2023-10-27 05:42:05,829] {dag.py:2972} INFO - Setting next_dagrun for example_nested_branch_dag to 2023-10-26T00:00:00+00:00, run_after=2023-10-27T00:00:00+00:00
[2023-10-27 05:42:05,842] {processor.py:161} INFO - Processing /home/airflow/.local/lib/python3.7/site-packages/airflow/example_dags/example_nested_branch_dag.py took 0.259 seconds
[2023-10-27 05:42:36,124] {processor.py:153} INFO - Started process (PID=1662) to work on /home/airflow/.local/lib/python3.7/site-packages/airflow/example_dags/example_nested_branch_dag.py
[2023-10-27 05:42:36,125] {processor.py:641} INFO - Processing file /home/airflow/.local/lib/python3.7/site-packages/airflow/example_dags/example_nested_branch_dag.py for tasks to queue
[2023-10-27 05:42:36,126] {logging_mixin.py:115} INFO - [2023-10-27 05:42:36,125] {dagbag.py:508} INFO - Filling up the DagBag from /home/airflow/.local/lib/python3.7/site-packages/airflow/example_dags/example_nested_branch_dag.py
[2023-10-27 05:42:36,138] {processor.py:651} INFO - DAG(s) dict_keys(['example_nested_branch_dag']) retrieved from /home/airflow/.local/lib/python3.7/site-packages/airflow/example_dags/example_nested_branch_dag.py
[2023-10-27 05:42:36,171] {logging_mixin.py:115} INFO - [2023-10-27 05:42:36,171] {dag.py:2420} INFO - Sync 1 DAGs
[2023-10-27 05:42:36,347] {logging_mixin.py:115} INFO - [2023-10-27 05:42:36,346] {dag.py:2972} INFO - Setting next_dagrun for example_nested_branch_dag to 2023-10-26T00:00:00+00:00, run_after=2023-10-27T00:00:00+00:00
[2023-10-27 05:42:36,359] {processor.py:161} INFO - Processing /home/airflow/.local/lib/python3.7/site-packages/airflow/example_dags/example_nested_branch_dag.py took 0.238 seconds
[2023-10-27 05:43:06,503] {processor.py:153} INFO - Started process (PID=1715) to work on /home/airflow/.local/lib/python3.7/site-packages/airflow/example_dags/example_nested_branch_dag.py
[2023-10-27 05:43:06,503] {processor.py:641} INFO - Processing file /home/airflow/.local/lib/python3.7/site-packages/airflow/example_dags/example_nested_branch_dag.py for tasks to queue
[2023-10-27 05:43:06,504] {logging_mixin.py:115} INFO - [2023-10-27 05:43:06,504] {dagbag.py:508} INFO - Filling up the DagBag from /home/airflow/.local/lib/python3.7/site-packages/airflow/example_dags/example_nested_branch_dag.py
[2023-10-27 05:43:06,516] {processor.py:651} INFO - DAG(s) dict_keys(['example_nested_branch_dag']) retrieved from /home/airflow/.local/lib/python3.7/site-packages/airflow/example_dags/example_nested_branch_dag.py
[2023-10-27 05:43:06,553] {logging_mixin.py:115} INFO - [2023-10-27 05:43:06,553] {dag.py:2420} INFO - Sync 1 DAGs
[2023-10-27 05:43:06,735] {logging_mixin.py:115} INFO - [2023-10-27 05:43:06,734] {dag.py:2972} INFO - Setting next_dagrun for example_nested_branch_dag to 2023-10-26T00:00:00+00:00, run_after=2023-10-27T00:00:00+00:00
[2023-10-27 05:43:06,748] {processor.py:161} INFO - Processing /home/airflow/.local/lib/python3.7/site-packages/airflow/example_dags/example_nested_branch_dag.py took 0.249 seconds
[2023-10-27 05:43:36,972] {processor.py:153} INFO - Started process (PID=1775) to work on /home/airflow/.local/lib/python3.7/site-packages/airflow/example_dags/example_nested_branch_dag.py
[2023-10-27 05:43:36,973] {processor.py:641} INFO - Processing file /home/airflow/.local/lib/python3.7/site-packages/airflow/example_dags/example_nested_branch_dag.py for tasks to queue
[2023-10-27 05:43:36,973] {logging_mixin.py:115} INFO - [2023-10-27 05:43:36,973] {dagbag.py:508} INFO - Filling up the DagBag from /home/airflow/.local/lib/python3.7/site-packages/airflow/example_dags/example_nested_branch_dag.py
[2023-10-27 05:43:36,990] {processor.py:651} INFO - DAG(s) dict_keys(['example_nested_branch_dag']) retrieved from /home/airflow/.local/lib/python3.7/site-packages/airflow/example_dags/example_nested_branch_dag.py
[2023-10-27 05:43:37,167] {logging_mixin.py:115} INFO - [2023-10-27 05:43:37,167] {dag.py:2420} INFO - Sync 1 DAGs
[2023-10-27 05:43:37,190] {logging_mixin.py:115} INFO - [2023-10-27 05:43:37,190] {dag.py:2972} INFO - Setting next_dagrun for example_nested_branch_dag to 2023-10-26T00:00:00+00:00, run_after=2023-10-27T00:00:00+00:00
[2023-10-27 05:43:37,203] {processor.py:161} INFO - Processing /home/airflow/.local/lib/python3.7/site-packages/airflow/example_dags/example_nested_branch_dag.py took 0.235 seconds
[2023-10-27 05:44:07,333] {processor.py:153} INFO - Started process (PID=1826) to work on /home/airflow/.local/lib/python3.7/site-packages/airflow/example_dags/example_nested_branch_dag.py
[2023-10-27 05:44:07,334] {processor.py:641} INFO - Processing file /home/airflow/.local/lib/python3.7/site-packages/airflow/example_dags/example_nested_branch_dag.py for tasks to queue
[2023-10-27 05:44:07,335] {logging_mixin.py:115} INFO - [2023-10-27 05:44:07,334] {dagbag.py:508} INFO - Filling up the DagBag from /home/airflow/.local/lib/python3.7/site-packages/airflow/example_dags/example_nested_branch_dag.py
[2023-10-27 05:44:07,351] {processor.py:651} INFO - DAG(s) dict_keys(['example_nested_branch_dag']) retrieved from /home/airflow/.local/lib/python3.7/site-packages/airflow/example_dags/example_nested_branch_dag.py
[2023-10-27 05:44:07,548] {logging_mixin.py:115} INFO - [2023-10-27 05:44:07,548] {dag.py:2420} INFO - Sync 1 DAGs
[2023-10-27 05:44:07,571] {logging_mixin.py:115} INFO - [2023-10-27 05:44:07,571] {dag.py:2972} INFO - Setting next_dagrun for example_nested_branch_dag to 2023-10-26T00:00:00+00:00, run_after=2023-10-27T00:00:00+00:00
[2023-10-27 05:44:07,583] {processor.py:161} INFO - Processing /home/airflow/.local/lib/python3.7/site-packages/airflow/example_dags/example_nested_branch_dag.py took 0.253 seconds
[2023-10-27 05:44:37,996] {processor.py:153} INFO - Started process (PID=1887) to work on /home/airflow/.local/lib/python3.7/site-packages/airflow/example_dags/example_nested_branch_dag.py
[2023-10-27 05:44:37,997] {processor.py:641} INFO - Processing file /home/airflow/.local/lib/python3.7/site-packages/airflow/example_dags/example_nested_branch_dag.py for tasks to queue
[2023-10-27 05:44:37,998] {logging_mixin.py:115} INFO - [2023-10-27 05:44:37,997] {dagbag.py:508} INFO - Filling up the DagBag from /home/airflow/.local/lib/python3.7/site-packages/airflow/example_dags/example_nested_branch_dag.py
[2023-10-27 05:44:38,014] {processor.py:651} INFO - DAG(s) dict_keys(['example_nested_branch_dag']) retrieved from /home/airflow/.local/lib/python3.7/site-packages/airflow/example_dags/example_nested_branch_dag.py
[2023-10-27 05:44:38,194] {logging_mixin.py:115} INFO - [2023-10-27 05:44:38,194] {dag.py:2420} INFO - Sync 1 DAGs
[2023-10-27 05:44:38,218] {logging_mixin.py:115} INFO - [2023-10-27 05:44:38,218] {dag.py:2972} INFO - Setting next_dagrun for example_nested_branch_dag to 2023-10-26T00:00:00+00:00, run_after=2023-10-27T00:00:00+00:00
[2023-10-27 05:44:38,232] {processor.py:161} INFO - Processing /home/airflow/.local/lib/python3.7/site-packages/airflow/example_dags/example_nested_branch_dag.py took 0.239 seconds
[2023-10-27 05:45:08,480] {processor.py:153} INFO - Started process (PID=1949) to work on /home/airflow/.local/lib/python3.7/site-packages/airflow/example_dags/example_nested_branch_dag.py
[2023-10-27 05:45:08,481] {processor.py:641} INFO - Processing file /home/airflow/.local/lib/python3.7/site-packages/airflow/example_dags/example_nested_branch_dag.py for tasks to queue
[2023-10-27 05:45:08,481] {logging_mixin.py:115} INFO - [2023-10-27 05:45:08,481] {dagbag.py:508} INFO - Filling up the DagBag from /home/airflow/.local/lib/python3.7/site-packages/airflow/example_dags/example_nested_branch_dag.py
[2023-10-27 05:45:08,498] {processor.py:651} INFO - DAG(s) dict_keys(['example_nested_branch_dag']) retrieved from /home/airflow/.local/lib/python3.7/site-packages/airflow/example_dags/example_nested_branch_dag.py
[2023-10-27 05:45:08,678] {logging_mixin.py:115} INFO - [2023-10-27 05:45:08,678] {dag.py:2420} INFO - Sync 1 DAGs
[2023-10-27 05:45:08,701] {logging_mixin.py:115} INFO - [2023-10-27 05:45:08,701] {dag.py:2972} INFO - Setting next_dagrun for example_nested_branch_dag to 2023-10-26T00:00:00+00:00, run_after=2023-10-27T00:00:00+00:00
[2023-10-27 05:45:08,712] {processor.py:161} INFO - Processing /home/airflow/.local/lib/python3.7/site-packages/airflow/example_dags/example_nested_branch_dag.py took 0.236 seconds
[2023-10-27 05:45:38,916] {processor.py:153} INFO - Started process (PID=2001) to work on /home/airflow/.local/lib/python3.7/site-packages/airflow/example_dags/example_nested_branch_dag.py
[2023-10-27 05:45:38,917] {processor.py:641} INFO - Processing file /home/airflow/.local/lib/python3.7/site-packages/airflow/example_dags/example_nested_branch_dag.py for tasks to queue
[2023-10-27 05:45:38,918] {logging_mixin.py:115} INFO - [2023-10-27 05:45:38,917] {dagbag.py:508} INFO - Filling up the DagBag from /home/airflow/.local/lib/python3.7/site-packages/airflow/example_dags/example_nested_branch_dag.py
[2023-10-27 05:45:38,934] {processor.py:651} INFO - DAG(s) dict_keys(['example_nested_branch_dag']) retrieved from /home/airflow/.local/lib/python3.7/site-packages/airflow/example_dags/example_nested_branch_dag.py
[2023-10-27 05:45:39,121] {logging_mixin.py:115} INFO - [2023-10-27 05:45:39,121] {dag.py:2420} INFO - Sync 1 DAGs
[2023-10-27 05:45:39,145] {logging_mixin.py:115} INFO - [2023-10-27 05:45:39,145] {dag.py:2972} INFO - Setting next_dagrun for example_nested_branch_dag to 2023-10-26T00:00:00+00:00, run_after=2023-10-27T00:00:00+00:00
[2023-10-27 05:45:39,157] {processor.py:161} INFO - Processing /home/airflow/.local/lib/python3.7/site-packages/airflow/example_dags/example_nested_branch_dag.py took 0.245 seconds
[2023-10-27 05:46:09,626] {processor.py:153} INFO - Started process (PID=2054) to work on /home/airflow/.local/lib/python3.7/site-packages/airflow/example_dags/example_nested_branch_dag.py
[2023-10-27 05:46:09,627] {processor.py:641} INFO - Processing file /home/airflow/.local/lib/python3.7/site-packages/airflow/example_dags/example_nested_branch_dag.py for tasks to queue
[2023-10-27 05:46:09,627] {logging_mixin.py:115} INFO - [2023-10-27 05:46:09,627] {dagbag.py:508} INFO - Filling up the DagBag from /home/airflow/.local/lib/python3.7/site-packages/airflow/example_dags/example_nested_branch_dag.py
[2023-10-27 05:46:09,644] {processor.py:651} INFO - DAG(s) dict_keys(['example_nested_branch_dag']) retrieved from /home/airflow/.local/lib/python3.7/site-packages/airflow/example_dags/example_nested_branch_dag.py
[2023-10-27 05:46:09,828] {logging_mixin.py:115} INFO - [2023-10-27 05:46:09,828] {dag.py:2420} INFO - Sync 1 DAGs
[2023-10-27 05:46:09,851] {logging_mixin.py:115} INFO - [2023-10-27 05:46:09,851] {dag.py:2972} INFO - Setting next_dagrun for example_nested_branch_dag to 2023-10-26T00:00:00+00:00, run_after=2023-10-27T00:00:00+00:00
[2023-10-27 05:46:09,862] {processor.py:161} INFO - Processing /home/airflow/.local/lib/python3.7/site-packages/airflow/example_dags/example_nested_branch_dag.py took 0.240 seconds
[2023-10-27 05:46:40,328] {processor.py:153} INFO - Started process (PID=2118) to work on /home/airflow/.local/lib/python3.7/site-packages/airflow/example_dags/example_nested_branch_dag.py
[2023-10-27 05:46:40,329] {processor.py:641} INFO - Processing file /home/airflow/.local/lib/python3.7/site-packages/airflow/example_dags/example_nested_branch_dag.py for tasks to queue
[2023-10-27 05:46:40,330] {logging_mixin.py:115} INFO - [2023-10-27 05:46:40,329] {dagbag.py:508} INFO - Filling up the DagBag from /home/airflow/.local/lib/python3.7/site-packages/airflow/example_dags/example_nested_branch_dag.py
[2023-10-27 05:46:40,347] {processor.py:651} INFO - DAG(s) dict_keys(['example_nested_branch_dag']) retrieved from /home/airflow/.local/lib/python3.7/site-packages/airflow/example_dags/example_nested_branch_dag.py
[2023-10-27 05:46:40,532] {logging_mixin.py:115} INFO - [2023-10-27 05:46:40,532] {dag.py:2420} INFO - Sync 1 DAGs
[2023-10-27 05:46:40,556] {logging_mixin.py:115} INFO - [2023-10-27 05:46:40,556] {dag.py:2972} INFO - Setting next_dagrun for example_nested_branch_dag to 2023-10-26T00:00:00+00:00, run_after=2023-10-27T00:00:00+00:00
[2023-10-27 05:46:40,568] {processor.py:161} INFO - Processing /home/airflow/.local/lib/python3.7/site-packages/airflow/example_dags/example_nested_branch_dag.py took 0.244 seconds
[2023-10-27 05:47:10,713] {processor.py:153} INFO - Started process (PID=2180) to work on /home/airflow/.local/lib/python3.7/site-packages/airflow/example_dags/example_nested_branch_dag.py
[2023-10-27 05:47:10,713] {processor.py:641} INFO - Processing file /home/airflow/.local/lib/python3.7/site-packages/airflow/example_dags/example_nested_branch_dag.py for tasks to queue
[2023-10-27 05:47:10,714] {logging_mixin.py:115} INFO - [2023-10-27 05:47:10,714] {dagbag.py:508} INFO - Filling up the DagBag from /home/airflow/.local/lib/python3.7/site-packages/airflow/example_dags/example_nested_branch_dag.py
[2023-10-27 05:47:10,732] {processor.py:651} INFO - DAG(s) dict_keys(['example_nested_branch_dag']) retrieved from /home/airflow/.local/lib/python3.7/site-packages/airflow/example_dags/example_nested_branch_dag.py
[2023-10-27 05:47:10,927] {logging_mixin.py:115} INFO - [2023-10-27 05:47:10,927] {dag.py:2420} INFO - Sync 1 DAGs
[2023-10-27 05:47:10,952] {logging_mixin.py:115} INFO - [2023-10-27 05:47:10,952] {dag.py:2972} INFO - Setting next_dagrun for example_nested_branch_dag to 2023-10-26T00:00:00+00:00, run_after=2023-10-27T00:00:00+00:00
[2023-10-27 05:47:10,965] {processor.py:161} INFO - Processing /home/airflow/.local/lib/python3.7/site-packages/airflow/example_dags/example_nested_branch_dag.py took 0.256 seconds
[2023-10-27 05:47:41,281] {processor.py:153} INFO - Started process (PID=2232) to work on /home/airflow/.local/lib/python3.7/site-packages/airflow/example_dags/example_nested_branch_dag.py
[2023-10-27 05:47:41,281] {processor.py:641} INFO - Processing file /home/airflow/.local/lib/python3.7/site-packages/airflow/example_dags/example_nested_branch_dag.py for tasks to queue
[2023-10-27 05:47:41,282] {logging_mixin.py:115} INFO - [2023-10-27 05:47:41,282] {dagbag.py:508} INFO - Filling up the DagBag from /home/airflow/.local/lib/python3.7/site-packages/airflow/example_dags/example_nested_branch_dag.py
[2023-10-27 05:47:41,299] {processor.py:651} INFO - DAG(s) dict_keys(['example_nested_branch_dag']) retrieved from /home/airflow/.local/lib/python3.7/site-packages/airflow/example_dags/example_nested_branch_dag.py
[2023-10-27 05:47:41,480] {logging_mixin.py:115} INFO - [2023-10-27 05:47:41,480] {dag.py:2420} INFO - Sync 1 DAGs
[2023-10-27 05:47:41,504] {logging_mixin.py:115} INFO - [2023-10-27 05:47:41,504] {dag.py:2972} INFO - Setting next_dagrun for example_nested_branch_dag to 2023-10-26T00:00:00+00:00, run_after=2023-10-27T00:00:00+00:00
[2023-10-27 05:47:41,516] {processor.py:161} INFO - Processing /home/airflow/.local/lib/python3.7/site-packages/airflow/example_dags/example_nested_branch_dag.py took 0.240 seconds
[2023-10-27 05:48:11,560] {processor.py:153} INFO - Started process (PID=2292) to work on /home/airflow/.local/lib/python3.7/site-packages/airflow/example_dags/example_nested_branch_dag.py
[2023-10-27 05:48:11,561] {processor.py:641} INFO - Processing file /home/airflow/.local/lib/python3.7/site-packages/airflow/example_dags/example_nested_branch_dag.py for tasks to queue
[2023-10-27 05:48:11,562] {logging_mixin.py:115} INFO - [2023-10-27 05:48:11,561] {dagbag.py:508} INFO - Filling up the DagBag from /home/airflow/.local/lib/python3.7/site-packages/airflow/example_dags/example_nested_branch_dag.py
[2023-10-27 05:48:11,579] {processor.py:651} INFO - DAG(s) dict_keys(['example_nested_branch_dag']) retrieved from /home/airflow/.local/lib/python3.7/site-packages/airflow/example_dags/example_nested_branch_dag.py
[2023-10-27 05:48:11,767] {logging_mixin.py:115} INFO - [2023-10-27 05:48:11,767] {dag.py:2420} INFO - Sync 1 DAGs
[2023-10-27 05:48:11,792] {logging_mixin.py:115} INFO - [2023-10-27 05:48:11,792] {dag.py:2972} INFO - Setting next_dagrun for example_nested_branch_dag to 2023-10-26T00:00:00+00:00, run_after=2023-10-27T00:00:00+00:00
[2023-10-27 05:48:11,804] {processor.py:161} INFO - Processing /home/airflow/.local/lib/python3.7/site-packages/airflow/example_dags/example_nested_branch_dag.py took 0.248 seconds
[2023-10-27 05:48:42,484] {processor.py:153} INFO - Started process (PID=2345) to work on /home/airflow/.local/lib/python3.7/site-packages/airflow/example_dags/example_nested_branch_dag.py
[2023-10-27 05:48:42,485] {processor.py:641} INFO - Processing file /home/airflow/.local/lib/python3.7/site-packages/airflow/example_dags/example_nested_branch_dag.py for tasks to queue
[2023-10-27 05:48:42,486] {logging_mixin.py:115} INFO - [2023-10-27 05:48:42,486] {dagbag.py:508} INFO - Filling up the DagBag from /home/airflow/.local/lib/python3.7/site-packages/airflow/example_dags/example_nested_branch_dag.py
[2023-10-27 05:48:42,503] {processor.py:651} INFO - DAG(s) dict_keys(['example_nested_branch_dag']) retrieved from /home/airflow/.local/lib/python3.7/site-packages/airflow/example_dags/example_nested_branch_dag.py
[2023-10-27 05:48:42,687] {logging_mixin.py:115} INFO - [2023-10-27 05:48:42,686] {dag.py:2420} INFO - Sync 1 DAGs
[2023-10-27 05:48:42,711] {logging_mixin.py:115} INFO - [2023-10-27 05:48:42,711] {dag.py:2972} INFO - Setting next_dagrun for example_nested_branch_dag to 2023-10-26T00:00:00+00:00, run_after=2023-10-27T00:00:00+00:00
[2023-10-27 05:48:42,723] {processor.py:161} INFO - Processing /home/airflow/.local/lib/python3.7/site-packages/airflow/example_dags/example_nested_branch_dag.py took 0.243 seconds
[2023-10-27 05:49:12,959] {processor.py:153} INFO - Started process (PID=2406) to work on /home/airflow/.local/lib/python3.7/site-packages/airflow/example_dags/example_nested_branch_dag.py
[2023-10-27 05:49:12,960] {processor.py:641} INFO - Processing file /home/airflow/.local/lib/python3.7/site-packages/airflow/example_dags/example_nested_branch_dag.py for tasks to queue
[2023-10-27 05:49:12,960] {logging_mixin.py:115} INFO - [2023-10-27 05:49:12,960] {dagbag.py:508} INFO - Filling up the DagBag from /home/airflow/.local/lib/python3.7/site-packages/airflow/example_dags/example_nested_branch_dag.py
[2023-10-27 05:49:12,977] {processor.py:651} INFO - DAG(s) dict_keys(['example_nested_branch_dag']) retrieved from /home/airflow/.local/lib/python3.7/site-packages/airflow/example_dags/example_nested_branch_dag.py
[2023-10-27 05:49:13,154] {logging_mixin.py:115} INFO - [2023-10-27 05:49:13,154] {dag.py:2420} INFO - Sync 1 DAGs
[2023-10-27 05:49:13,178] {logging_mixin.py:115} INFO - [2023-10-27 05:49:13,178] {dag.py:2972} INFO - Setting next_dagrun for example_nested_branch_dag to 2023-10-26T00:00:00+00:00, run_after=2023-10-27T00:00:00+00:00
[2023-10-27 05:49:13,190] {processor.py:161} INFO - Processing /home/airflow/.local/lib/python3.7/site-packages/airflow/example_dags/example_nested_branch_dag.py took 0.235 seconds
[2023-10-27 05:49:43,828] {processor.py:153} INFO - Started process (PID=2468) to work on /home/airflow/.local/lib/python3.7/site-packages/airflow/example_dags/example_nested_branch_dag.py
[2023-10-27 05:49:43,829] {processor.py:641} INFO - Processing file /home/airflow/.local/lib/python3.7/site-packages/airflow/example_dags/example_nested_branch_dag.py for tasks to queue
[2023-10-27 05:49:43,829] {logging_mixin.py:115} INFO - [2023-10-27 05:49:43,829] {dagbag.py:508} INFO - Filling up the DagBag from /home/airflow/.local/lib/python3.7/site-packages/airflow/example_dags/example_nested_branch_dag.py
[2023-10-27 05:49:43,846] {processor.py:651} INFO - DAG(s) dict_keys(['example_nested_branch_dag']) retrieved from /home/airflow/.local/lib/python3.7/site-packages/airflow/example_dags/example_nested_branch_dag.py
[2023-10-27 05:49:49,058] {logging_mixin.py:115} INFO - [2023-10-27 05:49:49,058] {dag.py:2420} INFO - Sync 1 DAGs
[2023-10-27 05:49:49,082] {logging_mixin.py:115} INFO - [2023-10-27 05:49:49,082] {dag.py:2972} INFO - Setting next_dagrun for example_nested_branch_dag to 2023-10-26T00:00:00+00:00, run_after=2023-10-27T00:00:00+00:00
[2023-10-27 05:49:49,094] {processor.py:161} INFO - Processing /home/airflow/.local/lib/python3.7/site-packages/airflow/example_dags/example_nested_branch_dag.py took 5.271 seconds
[2023-10-27 05:50:19,247] {processor.py:153} INFO - Started process (PID=2539) to work on /home/airflow/.local/lib/python3.7/site-packages/airflow/example_dags/example_nested_branch_dag.py
[2023-10-27 05:50:19,248] {processor.py:641} INFO - Processing file /home/airflow/.local/lib/python3.7/site-packages/airflow/example_dags/example_nested_branch_dag.py for tasks to queue
[2023-10-27 05:50:19,249] {logging_mixin.py:115} INFO - [2023-10-27 05:50:19,249] {dagbag.py:508} INFO - Filling up the DagBag from /home/airflow/.local/lib/python3.7/site-packages/airflow/example_dags/example_nested_branch_dag.py
[2023-10-27 05:50:19,265] {processor.py:651} INFO - DAG(s) dict_keys(['example_nested_branch_dag']) retrieved from /home/airflow/.local/lib/python3.7/site-packages/airflow/example_dags/example_nested_branch_dag.py
[2023-10-27 05:50:19,446] {logging_mixin.py:115} INFO - [2023-10-27 05:50:19,446] {dag.py:2420} INFO - Sync 1 DAGs
[2023-10-27 05:50:19,470] {logging_mixin.py:115} INFO - [2023-10-27 05:50:19,470] {dag.py:2972} INFO - Setting next_dagrun for example_nested_branch_dag to 2023-10-26T00:00:00+00:00, run_after=2023-10-27T00:00:00+00:00
[2023-10-27 05:50:19,482] {processor.py:161} INFO - Processing /home/airflow/.local/lib/python3.7/site-packages/airflow/example_dags/example_nested_branch_dag.py took 0.239 seconds
[2023-10-27 05:50:49,788] {processor.py:153} INFO - Started process (PID=2591) to work on /home/airflow/.local/lib/python3.7/site-packages/airflow/example_dags/example_nested_branch_dag.py
[2023-10-27 05:50:49,789] {processor.py:641} INFO - Processing file /home/airflow/.local/lib/python3.7/site-packages/airflow/example_dags/example_nested_branch_dag.py for tasks to queue
[2023-10-27 05:50:49,789] {logging_mixin.py:115} INFO - [2023-10-27 05:50:49,789] {dagbag.py:508} INFO - Filling up the DagBag from /home/airflow/.local/lib/python3.7/site-packages/airflow/example_dags/example_nested_branch_dag.py
[2023-10-27 05:50:49,806] {processor.py:651} INFO - DAG(s) dict_keys(['example_nested_branch_dag']) retrieved from /home/airflow/.local/lib/python3.7/site-packages/airflow/example_dags/example_nested_branch_dag.py
[2023-10-27 05:50:49,989] {logging_mixin.py:115} INFO - [2023-10-27 05:50:49,989] {dag.py:2420} INFO - Sync 1 DAGs
[2023-10-27 05:50:50,014] {logging_mixin.py:115} INFO - [2023-10-27 05:50:50,014] {dag.py:2972} INFO - Setting next_dagrun for example_nested_branch_dag to 2023-10-26T00:00:00+00:00, run_after=2023-10-27T00:00:00+00:00
[2023-10-27 05:50:50,027] {processor.py:161} INFO - Processing /home/airflow/.local/lib/python3.7/site-packages/airflow/example_dags/example_nested_branch_dag.py took 0.243 seconds
[2023-10-27 05:51:20,618] {processor.py:153} INFO - Started process (PID=2652) to work on /home/airflow/.local/lib/python3.7/site-packages/airflow/example_dags/example_nested_branch_dag.py
[2023-10-27 05:51:20,619] {processor.py:641} INFO - Processing file /home/airflow/.local/lib/python3.7/site-packages/airflow/example_dags/example_nested_branch_dag.py for tasks to queue
[2023-10-27 05:51:20,620] {logging_mixin.py:115} INFO - [2023-10-27 05:51:20,620] {dagbag.py:508} INFO - Filling up the DagBag from /home/airflow/.local/lib/python3.7/site-packages/airflow/example_dags/example_nested_branch_dag.py
[2023-10-27 05:51:20,637] {processor.py:651} INFO - DAG(s) dict_keys(['example_nested_branch_dag']) retrieved from /home/airflow/.local/lib/python3.7/site-packages/airflow/example_dags/example_nested_branch_dag.py
[2023-10-27 05:51:20,821] {logging_mixin.py:115} INFO - [2023-10-27 05:51:20,821] {dag.py:2420} INFO - Sync 1 DAGs
[2023-10-27 05:51:20,846] {logging_mixin.py:115} INFO - [2023-10-27 05:51:20,846] {dag.py:2972} INFO - Setting next_dagrun for example_nested_branch_dag to 2023-10-26T00:00:00+00:00, run_after=2023-10-27T00:00:00+00:00
[2023-10-27 05:51:20,858] {processor.py:161} INFO - Processing /home/airflow/.local/lib/python3.7/site-packages/airflow/example_dags/example_nested_branch_dag.py took 0.244 seconds
[2023-10-27 05:51:51,053] {processor.py:153} INFO - Started process (PID=2713) to work on /home/airflow/.local/lib/python3.7/site-packages/airflow/example_dags/example_nested_branch_dag.py
[2023-10-27 05:51:51,055] {processor.py:641} INFO - Processing file /home/airflow/.local/lib/python3.7/site-packages/airflow/example_dags/example_nested_branch_dag.py for tasks to queue
[2023-10-27 05:51:51,056] {logging_mixin.py:115} INFO - [2023-10-27 05:51:51,056] {dagbag.py:508} INFO - Filling up the DagBag from /home/airflow/.local/lib/python3.7/site-packages/airflow/example_dags/example_nested_branch_dag.py
[2023-10-27 05:51:51,076] {processor.py:651} INFO - DAG(s) dict_keys(['example_nested_branch_dag']) retrieved from /home/airflow/.local/lib/python3.7/site-packages/airflow/example_dags/example_nested_branch_dag.py
[2023-10-27 05:51:51,261] {logging_mixin.py:115} INFO - [2023-10-27 05:51:51,261] {dag.py:2420} INFO - Sync 1 DAGs
[2023-10-27 05:51:51,285] {logging_mixin.py:115} INFO - [2023-10-27 05:51:51,285] {dag.py:2972} INFO - Setting next_dagrun for example_nested_branch_dag to 2023-10-26T00:00:00+00:00, run_after=2023-10-27T00:00:00+00:00
[2023-10-27 05:51:51,297] {processor.py:161} INFO - Processing /home/airflow/.local/lib/python3.7/site-packages/airflow/example_dags/example_nested_branch_dag.py took 0.248 seconds
[2023-10-27 05:52:21,530] {processor.py:153} INFO - Started process (PID=2766) to work on /home/airflow/.local/lib/python3.7/site-packages/airflow/example_dags/example_nested_branch_dag.py
[2023-10-27 05:52:21,530] {processor.py:641} INFO - Processing file /home/airflow/.local/lib/python3.7/site-packages/airflow/example_dags/example_nested_branch_dag.py for tasks to queue
[2023-10-27 05:52:21,531] {logging_mixin.py:115} INFO - [2023-10-27 05:52:21,531] {dagbag.py:508} INFO - Filling up the DagBag from /home/airflow/.local/lib/python3.7/site-packages/airflow/example_dags/example_nested_branch_dag.py
[2023-10-27 05:52:21,548] {processor.py:651} INFO - DAG(s) dict_keys(['example_nested_branch_dag']) retrieved from /home/airflow/.local/lib/python3.7/site-packages/airflow/example_dags/example_nested_branch_dag.py
[2023-10-27 05:52:21,729] {logging_mixin.py:115} INFO - [2023-10-27 05:52:21,729] {dag.py:2420} INFO - Sync 1 DAGs
[2023-10-27 05:52:21,753] {logging_mixin.py:115} INFO - [2023-10-27 05:52:21,753] {dag.py:2972} INFO - Setting next_dagrun for example_nested_branch_dag to 2023-10-26T00:00:00+00:00, run_after=2023-10-27T00:00:00+00:00
[2023-10-27 05:52:21,765] {processor.py:161} INFO - Processing /home/airflow/.local/lib/python3.7/site-packages/airflow/example_dags/example_nested_branch_dag.py took 0.239 seconds
[2023-10-27 05:52:52,343] {processor.py:153} INFO - Started process (PID=2826) to work on /home/airflow/.local/lib/python3.7/site-packages/airflow/example_dags/example_nested_branch_dag.py
[2023-10-27 05:52:52,344] {processor.py:641} INFO - Processing file /home/airflow/.local/lib/python3.7/site-packages/airflow/example_dags/example_nested_branch_dag.py for tasks to queue
[2023-10-27 05:52:52,344] {logging_mixin.py:115} INFO - [2023-10-27 05:52:52,344] {dagbag.py:508} INFO - Filling up the DagBag from /home/airflow/.local/lib/python3.7/site-packages/airflow/example_dags/example_nested_branch_dag.py
[2023-10-27 05:52:52,364] {processor.py:651} INFO - DAG(s) dict_keys(['example_nested_branch_dag']) retrieved from /home/airflow/.local/lib/python3.7/site-packages/airflow/example_dags/example_nested_branch_dag.py
[2023-10-27 05:52:52,558] {logging_mixin.py:115} INFO - [2023-10-27 05:52:52,558] {dag.py:2420} INFO - Sync 1 DAGs
[2023-10-27 05:52:52,581] {logging_mixin.py:115} INFO - [2023-10-27 05:52:52,581] {dag.py:2972} INFO - Setting next_dagrun for example_nested_branch_dag to 2023-10-26T00:00:00+00:00, run_after=2023-10-27T00:00:00+00:00
[2023-10-27 05:52:52,593] {processor.py:161} INFO - Processing /home/airflow/.local/lib/python3.7/site-packages/airflow/example_dags/example_nested_branch_dag.py took 0.254 seconds
[2023-10-27 05:53:22,744] {processor.py:153} INFO - Started process (PID=2878) to work on /home/airflow/.local/lib/python3.7/site-packages/airflow/example_dags/example_nested_branch_dag.py
[2023-10-27 05:53:22,745] {processor.py:641} INFO - Processing file /home/airflow/.local/lib/python3.7/site-packages/airflow/example_dags/example_nested_branch_dag.py for tasks to queue
[2023-10-27 05:53:22,745] {logging_mixin.py:115} INFO - [2023-10-27 05:53:22,745] {dagbag.py:508} INFO - Filling up the DagBag from /home/airflow/.local/lib/python3.7/site-packages/airflow/example_dags/example_nested_branch_dag.py
[2023-10-27 05:53:22,922] {processor.py:651} INFO - DAG(s) dict_keys(['example_nested_branch_dag']) retrieved from /home/airflow/.local/lib/python3.7/site-packages/airflow/example_dags/example_nested_branch_dag.py
[2023-10-27 05:53:22,949] {logging_mixin.py:115} INFO - [2023-10-27 05:53:22,948] {dag.py:2420} INFO - Sync 1 DAGs
[2023-10-27 05:53:22,973] {logging_mixin.py:115} INFO - [2023-10-27 05:53:22,973] {dag.py:2972} INFO - Setting next_dagrun for example_nested_branch_dag to 2023-10-26T00:00:00+00:00, run_after=2023-10-27T00:00:00+00:00
[2023-10-27 05:53:22,985] {processor.py:161} INFO - Processing /home/airflow/.local/lib/python3.7/site-packages/airflow/example_dags/example_nested_branch_dag.py took 0.245 seconds
[2023-10-27 05:53:53,106] {processor.py:153} INFO - Started process (PID=2939) to work on /home/airflow/.local/lib/python3.7/site-packages/airflow/example_dags/example_nested_branch_dag.py
[2023-10-27 05:53:53,107] {processor.py:641} INFO - Processing file /home/airflow/.local/lib/python3.7/site-packages/airflow/example_dags/example_nested_branch_dag.py for tasks to queue
[2023-10-27 05:53:53,107] {logging_mixin.py:115} INFO - [2023-10-27 05:53:53,107] {dagbag.py:508} INFO - Filling up the DagBag from /home/airflow/.local/lib/python3.7/site-packages/airflow/example_dags/example_nested_branch_dag.py
[2023-10-27 05:53:53,279] {processor.py:651} INFO - DAG(s) dict_keys(['example_nested_branch_dag']) retrieved from /home/airflow/.local/lib/python3.7/site-packages/airflow/example_dags/example_nested_branch_dag.py
[2023-10-27 05:53:53,303] {logging_mixin.py:115} INFO - [2023-10-27 05:53:53,303] {dag.py:2420} INFO - Sync 1 DAGs
[2023-10-27 05:53:53,327] {logging_mixin.py:115} INFO - [2023-10-27 05:53:53,327] {dag.py:2972} INFO - Setting next_dagrun for example_nested_branch_dag to 2023-10-26T00:00:00+00:00, run_after=2023-10-27T00:00:00+00:00
[2023-10-27 05:53:53,339] {processor.py:161} INFO - Processing /home/airflow/.local/lib/python3.7/site-packages/airflow/example_dags/example_nested_branch_dag.py took 0.237 seconds
