[2023-10-27 05:19:34,667] {processor.py:153} INFO - Started process (PID=62) to work on /home/airflow/.local/lib/python3.7/site-packages/airflow/example_dags/example_branch_python_dop_operator_3.py
[2023-10-27 05:19:34,668] {processor.py:641} INFO - Processing file /home/airflow/.local/lib/python3.7/site-packages/airflow/example_dags/example_branch_python_dop_operator_3.py for tasks to queue
[2023-10-27 05:19:34,668] {logging_mixin.py:115} INFO - [2023-10-27 05:19:34,668] {dagbag.py:508} INFO - Filling up the DagBag from /home/airflow/.local/lib/python3.7/site-packages/airflow/example_dags/example_branch_python_dop_operator_3.py
[2023-10-27 05:19:34,683] {processor.py:651} INFO - DAG(s) dict_keys(['example_branch_dop_operator_v3']) retrieved from /home/airflow/.local/lib/python3.7/site-packages/airflow/example_dags/example_branch_python_dop_operator_3.py
[2023-10-27 05:19:34,810] {logging_mixin.py:115} INFO - [2023-10-27 05:19:34,810] {manager.py:508} INFO - Created Permission View: can delete on DAG:example_branch_dop_operator_v3
[2023-10-27 05:19:34,822] {logging_mixin.py:115} INFO - [2023-10-27 05:19:34,822] {manager.py:508} INFO - Created Permission View: can read on DAG:example_branch_dop_operator_v3
[2023-10-27 05:19:34,841] {logging_mixin.py:115} INFO - [2023-10-27 05:19:34,841] {manager.py:508} INFO - Created Permission View: can edit on DAG:example_branch_dop_operator_v3
[2023-10-27 05:19:34,842] {logging_mixin.py:115} INFO - [2023-10-27 05:19:34,842] {dag.py:2420} INFO - Sync 1 DAGs
[2023-10-27 05:19:34,854] {logging_mixin.py:115} INFO - [2023-10-27 05:19:34,854] {dag.py:2439} INFO - Creating ORM DAG for example_branch_dop_operator_v3
[2023-10-27 05:19:34,897] {logging_mixin.py:115} INFO - [2023-10-27 05:19:34,897] {dag.py:2972} INFO - Setting next_dagrun for example_branch_dop_operator_v3 to 2023-10-27T05:18:00+00:00, run_after=2023-10-27T05:19:00+00:00
[2023-10-27 05:19:34,927] {processor.py:161} INFO - Processing /home/airflow/.local/lib/python3.7/site-packages/airflow/example_dags/example_branch_python_dop_operator_3.py took 0.265 seconds
[2023-10-27 05:20:05,090] {processor.py:153} INFO - Started process (PID=125) to work on /home/airflow/.local/lib/python3.7/site-packages/airflow/example_dags/example_branch_python_dop_operator_3.py
[2023-10-27 05:20:05,091] {processor.py:641} INFO - Processing file /home/airflow/.local/lib/python3.7/site-packages/airflow/example_dags/example_branch_python_dop_operator_3.py for tasks to queue
[2023-10-27 05:20:05,091] {logging_mixin.py:115} INFO - [2023-10-27 05:20:05,091] {dagbag.py:508} INFO - Filling up the DagBag from /home/airflow/.local/lib/python3.7/site-packages/airflow/example_dags/example_branch_python_dop_operator_3.py
[2023-10-27 05:20:05,103] {processor.py:651} INFO - DAG(s) dict_keys(['example_branch_dop_operator_v3']) retrieved from /home/airflow/.local/lib/python3.7/site-packages/airflow/example_dags/example_branch_python_dop_operator_3.py
[2023-10-27 05:20:05,133] {logging_mixin.py:115} INFO - [2023-10-27 05:20:05,133] {dag.py:2420} INFO - Sync 1 DAGs
[2023-10-27 05:20:05,164] {logging_mixin.py:115} INFO - [2023-10-27 05:20:05,164] {dag.py:2972} INFO - Setting next_dagrun for example_branch_dop_operator_v3 to 2023-10-27T05:19:00+00:00, run_after=2023-10-27T05:20:00+00:00
[2023-10-27 05:20:05,176] {processor.py:161} INFO - Processing /home/airflow/.local/lib/python3.7/site-packages/airflow/example_dags/example_branch_python_dop_operator_3.py took 0.090 seconds
[2023-10-27 05:20:35,404] {processor.py:153} INFO - Started process (PID=186) to work on /home/airflow/.local/lib/python3.7/site-packages/airflow/example_dags/example_branch_python_dop_operator_3.py
[2023-10-27 05:20:35,405] {processor.py:641} INFO - Processing file /home/airflow/.local/lib/python3.7/site-packages/airflow/example_dags/example_branch_python_dop_operator_3.py for tasks to queue
[2023-10-27 05:20:35,406] {logging_mixin.py:115} INFO - [2023-10-27 05:20:35,406] {dagbag.py:508} INFO - Filling up the DagBag from /home/airflow/.local/lib/python3.7/site-packages/airflow/example_dags/example_branch_python_dop_operator_3.py
[2023-10-27 05:20:35,420] {processor.py:651} INFO - DAG(s) dict_keys(['example_branch_dop_operator_v3']) retrieved from /home/airflow/.local/lib/python3.7/site-packages/airflow/example_dags/example_branch_python_dop_operator_3.py
[2023-10-27 05:20:35,452] {logging_mixin.py:115} INFO - [2023-10-27 05:20:35,452] {dag.py:2420} INFO - Sync 1 DAGs
[2023-10-27 05:20:35,488] {logging_mixin.py:115} INFO - [2023-10-27 05:20:35,487] {dag.py:2972} INFO - Setting next_dagrun for example_branch_dop_operator_v3 to 2023-10-27T05:19:00+00:00, run_after=2023-10-27T05:20:00+00:00
[2023-10-27 05:20:35,504] {processor.py:161} INFO - Processing /home/airflow/.local/lib/python3.7/site-packages/airflow/example_dags/example_branch_python_dop_operator_3.py took 0.104 seconds
[2023-10-27 05:21:05,617] {processor.py:153} INFO - Started process (PID=238) to work on /home/airflow/.local/lib/python3.7/site-packages/airflow/example_dags/example_branch_python_dop_operator_3.py
[2023-10-27 05:21:05,619] {processor.py:641} INFO - Processing file /home/airflow/.local/lib/python3.7/site-packages/airflow/example_dags/example_branch_python_dop_operator_3.py for tasks to queue
[2023-10-27 05:21:05,620] {logging_mixin.py:115} INFO - [2023-10-27 05:21:05,620] {dagbag.py:508} INFO - Filling up the DagBag from /home/airflow/.local/lib/python3.7/site-packages/airflow/example_dags/example_branch_python_dop_operator_3.py
[2023-10-27 05:21:05,632] {processor.py:651} INFO - DAG(s) dict_keys(['example_branch_dop_operator_v3']) retrieved from /home/airflow/.local/lib/python3.7/site-packages/airflow/example_dags/example_branch_python_dop_operator_3.py
[2023-10-27 05:21:05,663] {logging_mixin.py:115} INFO - [2023-10-27 05:21:05,663] {dag.py:2420} INFO - Sync 1 DAGs
[2023-10-27 05:21:05,697] {logging_mixin.py:115} INFO - [2023-10-27 05:21:05,697] {dag.py:2972} INFO - Setting next_dagrun for example_branch_dop_operator_v3 to 2023-10-27T05:20:00+00:00, run_after=2023-10-27T05:21:00+00:00
[2023-10-27 05:21:05,711] {processor.py:161} INFO - Processing /home/airflow/.local/lib/python3.7/site-packages/airflow/example_dags/example_branch_python_dop_operator_3.py took 0.098 seconds
[2023-10-27 05:21:35,824] {processor.py:153} INFO - Started process (PID=299) to work on /home/airflow/.local/lib/python3.7/site-packages/airflow/example_dags/example_branch_python_dop_operator_3.py
[2023-10-27 05:21:35,825] {processor.py:641} INFO - Processing file /home/airflow/.local/lib/python3.7/site-packages/airflow/example_dags/example_branch_python_dop_operator_3.py for tasks to queue
[2023-10-27 05:21:35,825] {logging_mixin.py:115} INFO - [2023-10-27 05:21:35,825] {dagbag.py:508} INFO - Filling up the DagBag from /home/airflow/.local/lib/python3.7/site-packages/airflow/example_dags/example_branch_python_dop_operator_3.py
[2023-10-27 05:21:35,837] {processor.py:651} INFO - DAG(s) dict_keys(['example_branch_dop_operator_v3']) retrieved from /home/airflow/.local/lib/python3.7/site-packages/airflow/example_dags/example_branch_python_dop_operator_3.py
[2023-10-27 05:21:35,867] {logging_mixin.py:115} INFO - [2023-10-27 05:21:35,867] {dag.py:2420} INFO - Sync 1 DAGs
[2023-10-27 05:21:35,899] {logging_mixin.py:115} INFO - [2023-10-27 05:21:35,899] {dag.py:2972} INFO - Setting next_dagrun for example_branch_dop_operator_v3 to 2023-10-27T05:20:00+00:00, run_after=2023-10-27T05:21:00+00:00
[2023-10-27 05:21:35,912] {processor.py:161} INFO - Processing /home/airflow/.local/lib/python3.7/site-packages/airflow/example_dags/example_branch_python_dop_operator_3.py took 0.092 seconds
[2023-10-27 05:22:06,021] {processor.py:153} INFO - Started process (PID=352) to work on /home/airflow/.local/lib/python3.7/site-packages/airflow/example_dags/example_branch_python_dop_operator_3.py
[2023-10-27 05:22:06,022] {processor.py:641} INFO - Processing file /home/airflow/.local/lib/python3.7/site-packages/airflow/example_dags/example_branch_python_dop_operator_3.py for tasks to queue
[2023-10-27 05:22:06,023] {logging_mixin.py:115} INFO - [2023-10-27 05:22:06,022] {dagbag.py:508} INFO - Filling up the DagBag from /home/airflow/.local/lib/python3.7/site-packages/airflow/example_dags/example_branch_python_dop_operator_3.py
[2023-10-27 05:22:06,036] {processor.py:651} INFO - DAG(s) dict_keys(['example_branch_dop_operator_v3']) retrieved from /home/airflow/.local/lib/python3.7/site-packages/airflow/example_dags/example_branch_python_dop_operator_3.py
[2023-10-27 05:22:06,069] {logging_mixin.py:115} INFO - [2023-10-27 05:22:06,068] {dag.py:2420} INFO - Sync 1 DAGs
[2023-10-27 05:22:06,103] {logging_mixin.py:115} INFO - [2023-10-27 05:22:06,103] {dag.py:2972} INFO - Setting next_dagrun for example_branch_dop_operator_v3 to 2023-10-27T05:21:00+00:00, run_after=2023-10-27T05:22:00+00:00
[2023-10-27 05:22:06,117] {processor.py:161} INFO - Processing /home/airflow/.local/lib/python3.7/site-packages/airflow/example_dags/example_branch_python_dop_operator_3.py took 0.100 seconds
[2023-10-27 05:22:36,168] {processor.py:153} INFO - Started process (PID=404) to work on /home/airflow/.local/lib/python3.7/site-packages/airflow/example_dags/example_branch_python_dop_operator_3.py
[2023-10-27 05:22:36,169] {processor.py:641} INFO - Processing file /home/airflow/.local/lib/python3.7/site-packages/airflow/example_dags/example_branch_python_dop_operator_3.py for tasks to queue
[2023-10-27 05:22:36,170] {logging_mixin.py:115} INFO - [2023-10-27 05:22:36,170] {dagbag.py:508} INFO - Filling up the DagBag from /home/airflow/.local/lib/python3.7/site-packages/airflow/example_dags/example_branch_python_dop_operator_3.py
[2023-10-27 05:22:36,181] {processor.py:651} INFO - DAG(s) dict_keys(['example_branch_dop_operator_v3']) retrieved from /home/airflow/.local/lib/python3.7/site-packages/airflow/example_dags/example_branch_python_dop_operator_3.py
[2023-10-27 05:22:36,212] {logging_mixin.py:115} INFO - [2023-10-27 05:22:36,212] {dag.py:2420} INFO - Sync 1 DAGs
[2023-10-27 05:22:36,247] {logging_mixin.py:115} INFO - [2023-10-27 05:22:36,246] {dag.py:2972} INFO - Setting next_dagrun for example_branch_dop_operator_v3 to 2023-10-27T05:21:00+00:00, run_after=2023-10-27T05:22:00+00:00
[2023-10-27 05:22:36,260] {processor.py:161} INFO - Processing /home/airflow/.local/lib/python3.7/site-packages/airflow/example_dags/example_branch_python_dop_operator_3.py took 0.096 seconds
[2023-10-27 05:23:06,296] {processor.py:153} INFO - Started process (PID=463) to work on /home/airflow/.local/lib/python3.7/site-packages/airflow/example_dags/example_branch_python_dop_operator_3.py
[2023-10-27 05:23:06,297] {processor.py:641} INFO - Processing file /home/airflow/.local/lib/python3.7/site-packages/airflow/example_dags/example_branch_python_dop_operator_3.py for tasks to queue
[2023-10-27 05:23:06,298] {logging_mixin.py:115} INFO - [2023-10-27 05:23:06,298] {dagbag.py:508} INFO - Filling up the DagBag from /home/airflow/.local/lib/python3.7/site-packages/airflow/example_dags/example_branch_python_dop_operator_3.py
[2023-10-27 05:23:06,310] {processor.py:651} INFO - DAG(s) dict_keys(['example_branch_dop_operator_v3']) retrieved from /home/airflow/.local/lib/python3.7/site-packages/airflow/example_dags/example_branch_python_dop_operator_3.py
[2023-10-27 05:23:06,340] {logging_mixin.py:115} INFO - [2023-10-27 05:23:06,340] {dag.py:2420} INFO - Sync 1 DAGs
[2023-10-27 05:23:06,373] {logging_mixin.py:115} INFO - [2023-10-27 05:23:06,372] {dag.py:2972} INFO - Setting next_dagrun for example_branch_dop_operator_v3 to 2023-10-27T05:22:00+00:00, run_after=2023-10-27T05:23:00+00:00
[2023-10-27 05:23:06,387] {processor.py:161} INFO - Processing /home/airflow/.local/lib/python3.7/site-packages/airflow/example_dags/example_branch_python_dop_operator_3.py took 0.095 seconds
[2023-10-27 05:23:36,751] {processor.py:153} INFO - Started process (PID=525) to work on /home/airflow/.local/lib/python3.7/site-packages/airflow/example_dags/example_branch_python_dop_operator_3.py
[2023-10-27 05:23:36,752] {processor.py:641} INFO - Processing file /home/airflow/.local/lib/python3.7/site-packages/airflow/example_dags/example_branch_python_dop_operator_3.py for tasks to queue
[2023-10-27 05:23:36,753] {logging_mixin.py:115} INFO - [2023-10-27 05:23:36,753] {dagbag.py:508} INFO - Filling up the DagBag from /home/airflow/.local/lib/python3.7/site-packages/airflow/example_dags/example_branch_python_dop_operator_3.py
[2023-10-27 05:23:36,770] {processor.py:651} INFO - DAG(s) dict_keys(['example_branch_dop_operator_v3']) retrieved from /home/airflow/.local/lib/python3.7/site-packages/airflow/example_dags/example_branch_python_dop_operator_3.py
[2023-10-27 05:23:37,150] {logging_mixin.py:115} INFO - [2023-10-27 05:23:37,150] {process_utils.py:240} INFO - Waiting up to 5 seconds for processes to exit...
[2023-10-27 05:25:01,277] {processor.py:153} INFO - Started process (PID=62) to work on /home/airflow/.local/lib/python3.7/site-packages/airflow/example_dags/example_branch_python_dop_operator_3.py
[2023-10-27 05:25:01,278] {processor.py:641} INFO - Processing file /home/airflow/.local/lib/python3.7/site-packages/airflow/example_dags/example_branch_python_dop_operator_3.py for tasks to queue
[2023-10-27 05:25:01,279] {logging_mixin.py:115} INFO - [2023-10-27 05:25:01,279] {dagbag.py:508} INFO - Filling up the DagBag from /home/airflow/.local/lib/python3.7/site-packages/airflow/example_dags/example_branch_python_dop_operator_3.py
[2023-10-27 05:25:01,291] {processor.py:651} INFO - DAG(s) dict_keys(['example_branch_dop_operator_v3']) retrieved from /home/airflow/.local/lib/python3.7/site-packages/airflow/example_dags/example_branch_python_dop_operator_3.py
[2023-10-27 05:25:01,327] {logging_mixin.py:115} INFO - [2023-10-27 05:25:01,326] {dag.py:2420} INFO - Sync 1 DAGs
[2023-10-27 05:25:01,522] {logging_mixin.py:115} INFO - [2023-10-27 05:25:01,522] {dag.py:2972} INFO - Setting next_dagrun for example_branch_dop_operator_v3 to 2023-10-27T05:24:00+00:00, run_after=2023-10-27T05:25:00+00:00
[2023-10-27 05:25:01,536] {processor.py:161} INFO - Processing /home/airflow/.local/lib/python3.7/site-packages/airflow/example_dags/example_branch_python_dop_operator_3.py took 0.263 seconds
[2023-10-27 05:25:31,647] {processor.py:153} INFO - Started process (PID=114) to work on /home/airflow/.local/lib/python3.7/site-packages/airflow/example_dags/example_branch_python_dop_operator_3.py
[2023-10-27 05:25:31,648] {processor.py:641} INFO - Processing file /home/airflow/.local/lib/python3.7/site-packages/airflow/example_dags/example_branch_python_dop_operator_3.py for tasks to queue
[2023-10-27 05:25:31,649] {logging_mixin.py:115} INFO - [2023-10-27 05:25:31,649] {dagbag.py:508} INFO - Filling up the DagBag from /home/airflow/.local/lib/python3.7/site-packages/airflow/example_dags/example_branch_python_dop_operator_3.py
[2023-10-27 05:25:31,661] {processor.py:651} INFO - DAG(s) dict_keys(['example_branch_dop_operator_v3']) retrieved from /home/airflow/.local/lib/python3.7/site-packages/airflow/example_dags/example_branch_python_dop_operator_3.py
[2023-10-27 05:25:31,694] {logging_mixin.py:115} INFO - [2023-10-27 05:25:31,694] {dag.py:2420} INFO - Sync 1 DAGs
[2023-10-27 05:25:31,876] {logging_mixin.py:115} INFO - [2023-10-27 05:25:31,875] {dag.py:2972} INFO - Setting next_dagrun for example_branch_dop_operator_v3 to 2023-10-27T05:24:00+00:00, run_after=2023-10-27T05:25:00+00:00
[2023-10-27 05:25:31,889] {processor.py:161} INFO - Processing /home/airflow/.local/lib/python3.7/site-packages/airflow/example_dags/example_branch_python_dop_operator_3.py took 0.246 seconds
[2023-10-27 05:26:02,739] {processor.py:153} INFO - Started process (PID=175) to work on /home/airflow/.local/lib/python3.7/site-packages/airflow/example_dags/example_branch_python_dop_operator_3.py
[2023-10-27 05:26:02,741] {processor.py:641} INFO - Processing file /home/airflow/.local/lib/python3.7/site-packages/airflow/example_dags/example_branch_python_dop_operator_3.py for tasks to queue
[2023-10-27 05:26:02,742] {logging_mixin.py:115} INFO - [2023-10-27 05:26:02,741] {dagbag.py:508} INFO - Filling up the DagBag from /home/airflow/.local/lib/python3.7/site-packages/airflow/example_dags/example_branch_python_dop_operator_3.py
[2023-10-27 05:26:02,754] {processor.py:651} INFO - DAG(s) dict_keys(['example_branch_dop_operator_v3']) retrieved from /home/airflow/.local/lib/python3.7/site-packages/airflow/example_dags/example_branch_python_dop_operator_3.py
[2023-10-27 05:26:02,790] {logging_mixin.py:115} INFO - [2023-10-27 05:26:02,790] {dag.py:2420} INFO - Sync 1 DAGs
[2023-10-27 05:26:02,977] {logging_mixin.py:115} INFO - [2023-10-27 05:26:02,977] {dag.py:2972} INFO - Setting next_dagrun for example_branch_dop_operator_v3 to 2023-10-27T05:25:00+00:00, run_after=2023-10-27T05:26:00+00:00
[2023-10-27 05:26:02,990] {processor.py:161} INFO - Processing /home/airflow/.local/lib/python3.7/site-packages/airflow/example_dags/example_branch_python_dop_operator_3.py took 0.255 seconds
[2023-10-27 05:26:33,658] {processor.py:153} INFO - Started process (PID=235) to work on /home/airflow/.local/lib/python3.7/site-packages/airflow/example_dags/example_branch_python_dop_operator_3.py
[2023-10-27 05:26:33,659] {processor.py:641} INFO - Processing file /home/airflow/.local/lib/python3.7/site-packages/airflow/example_dags/example_branch_python_dop_operator_3.py for tasks to queue
[2023-10-27 05:26:33,659] {logging_mixin.py:115} INFO - [2023-10-27 05:26:33,659] {dagbag.py:508} INFO - Filling up the DagBag from /home/airflow/.local/lib/python3.7/site-packages/airflow/example_dags/example_branch_python_dop_operator_3.py
[2023-10-27 05:26:33,674] {processor.py:651} INFO - DAG(s) dict_keys(['example_branch_dop_operator_v3']) retrieved from /home/airflow/.local/lib/python3.7/site-packages/airflow/example_dags/example_branch_python_dop_operator_3.py
[2023-10-27 05:26:33,711] {logging_mixin.py:115} INFO - [2023-10-27 05:26:33,711] {dag.py:2420} INFO - Sync 1 DAGs
[2023-10-27 05:26:33,906] {logging_mixin.py:115} INFO - [2023-10-27 05:26:33,906] {dag.py:2972} INFO - Setting next_dagrun for example_branch_dop_operator_v3 to 2023-10-27T05:25:00+00:00, run_after=2023-10-27T05:26:00+00:00
[2023-10-27 05:26:33,918] {processor.py:161} INFO - Processing /home/airflow/.local/lib/python3.7/site-packages/airflow/example_dags/example_branch_python_dop_operator_3.py took 0.265 seconds
[2023-10-27 05:27:04,391] {processor.py:153} INFO - Started process (PID=287) to work on /home/airflow/.local/lib/python3.7/site-packages/airflow/example_dags/example_branch_python_dop_operator_3.py
[2023-10-27 05:27:04,391] {processor.py:641} INFO - Processing file /home/airflow/.local/lib/python3.7/site-packages/airflow/example_dags/example_branch_python_dop_operator_3.py for tasks to queue
[2023-10-27 05:27:04,392] {logging_mixin.py:115} INFO - [2023-10-27 05:27:04,392] {dagbag.py:508} INFO - Filling up the DagBag from /home/airflow/.local/lib/python3.7/site-packages/airflow/example_dags/example_branch_python_dop_operator_3.py
[2023-10-27 05:27:04,404] {processor.py:651} INFO - DAG(s) dict_keys(['example_branch_dop_operator_v3']) retrieved from /home/airflow/.local/lib/python3.7/site-packages/airflow/example_dags/example_branch_python_dop_operator_3.py
[2023-10-27 05:27:04,438] {logging_mixin.py:115} INFO - [2023-10-27 05:27:04,437] {dag.py:2420} INFO - Sync 1 DAGs
[2023-10-27 05:27:04,619] {logging_mixin.py:115} INFO - [2023-10-27 05:27:04,619] {dag.py:2972} INFO - Setting next_dagrun for example_branch_dop_operator_v3 to 2023-10-27T05:26:00+00:00, run_after=2023-10-27T05:27:00+00:00
[2023-10-27 05:27:04,631] {processor.py:161} INFO - Processing /home/airflow/.local/lib/python3.7/site-packages/airflow/example_dags/example_branch_python_dop_operator_3.py took 0.245 seconds
[2023-10-27 05:28:18,151] {processor.py:153} INFO - Started process (PID=62) to work on /home/airflow/.local/lib/python3.7/site-packages/airflow/example_dags/example_branch_python_dop_operator_3.py
[2023-10-27 05:28:18,152] {processor.py:641} INFO - Processing file /home/airflow/.local/lib/python3.7/site-packages/airflow/example_dags/example_branch_python_dop_operator_3.py for tasks to queue
[2023-10-27 05:28:18,153] {logging_mixin.py:115} INFO - [2023-10-27 05:28:18,153] {dagbag.py:508} INFO - Filling up the DagBag from /home/airflow/.local/lib/python3.7/site-packages/airflow/example_dags/example_branch_python_dop_operator_3.py
[2023-10-27 05:28:18,173] {processor.py:651} INFO - DAG(s) dict_keys(['example_branch_dop_operator_v3']) retrieved from /home/airflow/.local/lib/python3.7/site-packages/airflow/example_dags/example_branch_python_dop_operator_3.py
[2023-10-27 05:28:18,226] {logging_mixin.py:115} INFO - [2023-10-27 05:28:18,226] {dag.py:2420} INFO - Sync 1 DAGs
[2023-10-27 05:28:18,446] {logging_mixin.py:115} INFO - [2023-10-27 05:28:18,446] {dag.py:2972} INFO - Setting next_dagrun for example_branch_dop_operator_v3 to 2023-10-27T05:27:00+00:00, run_after=2023-10-27T05:28:00+00:00
[2023-10-27 05:28:18,463] {processor.py:161} INFO - Processing /home/airflow/.local/lib/python3.7/site-packages/airflow/example_dags/example_branch_python_dop_operator_3.py took 0.324 seconds
[2023-10-27 05:28:51,366] {processor.py:153} INFO - Started process (PID=115) to work on /home/airflow/.local/lib/python3.7/site-packages/airflow/example_dags/example_branch_python_dop_operator_3.py
[2023-10-27 05:28:51,367] {processor.py:641} INFO - Processing file /home/airflow/.local/lib/python3.7/site-packages/airflow/example_dags/example_branch_python_dop_operator_3.py for tasks to queue
[2023-10-27 05:28:51,368] {logging_mixin.py:115} INFO - [2023-10-27 05:28:51,368] {dagbag.py:508} INFO - Filling up the DagBag from /home/airflow/.local/lib/python3.7/site-packages/airflow/example_dags/example_branch_python_dop_operator_3.py
[2023-10-27 05:28:51,380] {processor.py:651} INFO - DAG(s) dict_keys(['example_branch_dop_operator_v3']) retrieved from /home/airflow/.local/lib/python3.7/site-packages/airflow/example_dags/example_branch_python_dop_operator_3.py
[2023-10-27 05:28:51,415] {logging_mixin.py:115} INFO - [2023-10-27 05:28:51,415] {dag.py:2420} INFO - Sync 1 DAGs
[2023-10-27 05:28:51,626] {logging_mixin.py:115} INFO - [2023-10-27 05:28:51,626] {dag.py:2972} INFO - Setting next_dagrun for example_branch_dop_operator_v3 to 2023-10-27T05:27:00+00:00, run_after=2023-10-27T05:28:00+00:00
[2023-10-27 05:28:51,639] {processor.py:161} INFO - Processing /home/airflow/.local/lib/python3.7/site-packages/airflow/example_dags/example_branch_python_dop_operator_3.py took 0.277 seconds
[2023-10-27 05:29:21,704] {processor.py:153} INFO - Started process (PID=176) to work on /home/airflow/.local/lib/python3.7/site-packages/airflow/example_dags/example_branch_python_dop_operator_3.py
[2023-10-27 05:29:21,704] {processor.py:641} INFO - Processing file /home/airflow/.local/lib/python3.7/site-packages/airflow/example_dags/example_branch_python_dop_operator_3.py for tasks to queue
[2023-10-27 05:29:21,705] {logging_mixin.py:115} INFO - [2023-10-27 05:29:21,705] {dagbag.py:508} INFO - Filling up the DagBag from /home/airflow/.local/lib/python3.7/site-packages/airflow/example_dags/example_branch_python_dop_operator_3.py
[2023-10-27 05:29:21,717] {processor.py:651} INFO - DAG(s) dict_keys(['example_branch_dop_operator_v3']) retrieved from /home/airflow/.local/lib/python3.7/site-packages/airflow/example_dags/example_branch_python_dop_operator_3.py
[2023-10-27 05:29:21,750] {logging_mixin.py:115} INFO - [2023-10-27 05:29:21,750] {dag.py:2420} INFO - Sync 1 DAGs
[2023-10-27 05:29:21,928] {logging_mixin.py:115} INFO - [2023-10-27 05:29:21,928] {dag.py:2972} INFO - Setting next_dagrun for example_branch_dop_operator_v3 to 2023-10-27T05:28:00+00:00, run_after=2023-10-27T05:29:00+00:00
[2023-10-27 05:29:21,941] {processor.py:161} INFO - Processing /home/airflow/.local/lib/python3.7/site-packages/airflow/example_dags/example_branch_python_dop_operator_3.py took 0.241 seconds
[2023-10-27 05:29:52,198] {processor.py:153} INFO - Started process (PID=237) to work on /home/airflow/.local/lib/python3.7/site-packages/airflow/example_dags/example_branch_python_dop_operator_3.py
[2023-10-27 05:29:52,199] {processor.py:641} INFO - Processing file /home/airflow/.local/lib/python3.7/site-packages/airflow/example_dags/example_branch_python_dop_operator_3.py for tasks to queue
[2023-10-27 05:29:52,199] {logging_mixin.py:115} INFO - [2023-10-27 05:29:52,199] {dagbag.py:508} INFO - Filling up the DagBag from /home/airflow/.local/lib/python3.7/site-packages/airflow/example_dags/example_branch_python_dop_operator_3.py
[2023-10-27 05:29:52,211] {processor.py:651} INFO - DAG(s) dict_keys(['example_branch_dop_operator_v3']) retrieved from /home/airflow/.local/lib/python3.7/site-packages/airflow/example_dags/example_branch_python_dop_operator_3.py
[2023-10-27 05:29:52,246] {logging_mixin.py:115} INFO - [2023-10-27 05:29:52,245] {dag.py:2420} INFO - Sync 1 DAGs
[2023-10-27 05:29:52,430] {logging_mixin.py:115} INFO - [2023-10-27 05:29:52,430] {dag.py:2972} INFO - Setting next_dagrun for example_branch_dop_operator_v3 to 2023-10-27T05:28:00+00:00, run_after=2023-10-27T05:29:00+00:00
[2023-10-27 05:29:52,443] {processor.py:161} INFO - Processing /home/airflow/.local/lib/python3.7/site-packages/airflow/example_dags/example_branch_python_dop_operator_3.py took 0.249 seconds
[2023-10-27 05:30:23,844] {processor.py:153} INFO - Started process (PID=288) to work on /home/airflow/.local/lib/python3.7/site-packages/airflow/example_dags/example_branch_python_dop_operator_3.py
[2023-10-27 05:30:23,844] {processor.py:641} INFO - Processing file /home/airflow/.local/lib/python3.7/site-packages/airflow/example_dags/example_branch_python_dop_operator_3.py for tasks to queue
[2023-10-27 05:30:23,845] {logging_mixin.py:115} INFO - [2023-10-27 05:30:23,845] {dagbag.py:508} INFO - Filling up the DagBag from /home/airflow/.local/lib/python3.7/site-packages/airflow/example_dags/example_branch_python_dop_operator_3.py
[2023-10-27 05:30:23,857] {processor.py:651} INFO - DAG(s) dict_keys(['example_branch_dop_operator_v3']) retrieved from /home/airflow/.local/lib/python3.7/site-packages/airflow/example_dags/example_branch_python_dop_operator_3.py
[2023-10-27 05:30:23,891] {logging_mixin.py:115} INFO - [2023-10-27 05:30:23,891] {dag.py:2420} INFO - Sync 1 DAGs
[2023-10-27 05:30:24,073] {logging_mixin.py:115} INFO - [2023-10-27 05:30:24,073] {dag.py:2972} INFO - Setting next_dagrun for example_branch_dop_operator_v3 to 2023-10-27T05:29:00+00:00, run_after=2023-10-27T05:30:00+00:00
[2023-10-27 05:30:24,092] {processor.py:161} INFO - Processing /home/airflow/.local/lib/python3.7/site-packages/airflow/example_dags/example_branch_python_dop_operator_3.py took 0.253 seconds
[2023-10-27 05:30:54,616] {processor.py:153} INFO - Started process (PID=349) to work on /home/airflow/.local/lib/python3.7/site-packages/airflow/example_dags/example_branch_python_dop_operator_3.py
[2023-10-27 05:30:54,617] {processor.py:641} INFO - Processing file /home/airflow/.local/lib/python3.7/site-packages/airflow/example_dags/example_branch_python_dop_operator_3.py for tasks to queue
[2023-10-27 05:30:54,618] {logging_mixin.py:115} INFO - [2023-10-27 05:30:54,618] {dagbag.py:508} INFO - Filling up the DagBag from /home/airflow/.local/lib/python3.7/site-packages/airflow/example_dags/example_branch_python_dop_operator_3.py
[2023-10-27 05:30:54,630] {processor.py:651} INFO - DAG(s) dict_keys(['example_branch_dop_operator_v3']) retrieved from /home/airflow/.local/lib/python3.7/site-packages/airflow/example_dags/example_branch_python_dop_operator_3.py
[2023-10-27 05:30:54,666] {logging_mixin.py:115} INFO - [2023-10-27 05:30:54,666] {dag.py:2420} INFO - Sync 1 DAGs
[2023-10-27 05:30:54,850] {logging_mixin.py:115} INFO - [2023-10-27 05:30:54,850] {dag.py:2972} INFO - Setting next_dagrun for example_branch_dop_operator_v3 to 2023-10-27T05:29:00+00:00, run_after=2023-10-27T05:30:00+00:00
[2023-10-27 05:30:54,863] {processor.py:161} INFO - Processing /home/airflow/.local/lib/python3.7/site-packages/airflow/example_dags/example_branch_python_dop_operator_3.py took 0.251 seconds
[2023-10-27 05:31:24,940] {processor.py:153} INFO - Started process (PID=410) to work on /home/airflow/.local/lib/python3.7/site-packages/airflow/example_dags/example_branch_python_dop_operator_3.py
[2023-10-27 05:31:24,940] {processor.py:641} INFO - Processing file /home/airflow/.local/lib/python3.7/site-packages/airflow/example_dags/example_branch_python_dop_operator_3.py for tasks to queue
[2023-10-27 05:31:24,941] {logging_mixin.py:115} INFO - [2023-10-27 05:31:24,941] {dagbag.py:508} INFO - Filling up the DagBag from /home/airflow/.local/lib/python3.7/site-packages/airflow/example_dags/example_branch_python_dop_operator_3.py
[2023-10-27 05:31:24,964] {processor.py:651} INFO - DAG(s) dict_keys(['example_branch_dop_operator_v3']) retrieved from /home/airflow/.local/lib/python3.7/site-packages/airflow/example_dags/example_branch_python_dop_operator_3.py
[2023-10-27 05:31:24,998] {logging_mixin.py:115} INFO - [2023-10-27 05:31:24,998] {dag.py:2420} INFO - Sync 1 DAGs
[2023-10-27 05:31:25,185] {logging_mixin.py:115} INFO - [2023-10-27 05:31:25,185] {dag.py:2972} INFO - Setting next_dagrun for example_branch_dop_operator_v3 to 2023-10-27T05:30:00+00:00, run_after=2023-10-27T05:31:00+00:00
[2023-10-27 05:31:25,197] {processor.py:161} INFO - Processing /home/airflow/.local/lib/python3.7/site-packages/airflow/example_dags/example_branch_python_dop_operator_3.py took 0.274 seconds
[2023-10-27 05:31:55,672] {processor.py:153} INFO - Started process (PID=462) to work on /home/airflow/.local/lib/python3.7/site-packages/airflow/example_dags/example_branch_python_dop_operator_3.py
[2023-10-27 05:31:55,673] {processor.py:641} INFO - Processing file /home/airflow/.local/lib/python3.7/site-packages/airflow/example_dags/example_branch_python_dop_operator_3.py for tasks to queue
[2023-10-27 05:31:55,673] {logging_mixin.py:115} INFO - [2023-10-27 05:31:55,673] {dagbag.py:508} INFO - Filling up the DagBag from /home/airflow/.local/lib/python3.7/site-packages/airflow/example_dags/example_branch_python_dop_operator_3.py
[2023-10-27 05:31:55,685] {processor.py:651} INFO - DAG(s) dict_keys(['example_branch_dop_operator_v3']) retrieved from /home/airflow/.local/lib/python3.7/site-packages/airflow/example_dags/example_branch_python_dop_operator_3.py
[2023-10-27 05:31:55,719] {logging_mixin.py:115} INFO - [2023-10-27 05:31:55,719] {dag.py:2420} INFO - Sync 1 DAGs
[2023-10-27 05:31:55,908] {logging_mixin.py:115} INFO - [2023-10-27 05:31:55,908] {dag.py:2972} INFO - Setting next_dagrun for example_branch_dop_operator_v3 to 2023-10-27T05:30:00+00:00, run_after=2023-10-27T05:31:00+00:00
[2023-10-27 05:31:55,922] {processor.py:161} INFO - Processing /home/airflow/.local/lib/python3.7/site-packages/airflow/example_dags/example_branch_python_dop_operator_3.py took 0.254 seconds
[2023-10-27 05:32:26,082] {processor.py:153} INFO - Started process (PID=523) to work on /home/airflow/.local/lib/python3.7/site-packages/airflow/example_dags/example_branch_python_dop_operator_3.py
[2023-10-27 05:32:26,083] {processor.py:641} INFO - Processing file /home/airflow/.local/lib/python3.7/site-packages/airflow/example_dags/example_branch_python_dop_operator_3.py for tasks to queue
[2023-10-27 05:32:26,083] {logging_mixin.py:115} INFO - [2023-10-27 05:32:26,083] {dagbag.py:508} INFO - Filling up the DagBag from /home/airflow/.local/lib/python3.7/site-packages/airflow/example_dags/example_branch_python_dop_operator_3.py
[2023-10-27 05:32:26,095] {processor.py:651} INFO - DAG(s) dict_keys(['example_branch_dop_operator_v3']) retrieved from /home/airflow/.local/lib/python3.7/site-packages/airflow/example_dags/example_branch_python_dop_operator_3.py
[2023-10-27 05:32:26,134] {logging_mixin.py:115} INFO - [2023-10-27 05:32:26,134] {dag.py:2420} INFO - Sync 1 DAGs
[2023-10-27 05:32:26,318] {logging_mixin.py:115} INFO - [2023-10-27 05:32:26,318] {dag.py:2972} INFO - Setting next_dagrun for example_branch_dop_operator_v3 to 2023-10-27T05:31:00+00:00, run_after=2023-10-27T05:32:00+00:00
[2023-10-27 05:32:26,331] {processor.py:161} INFO - Processing /home/airflow/.local/lib/python3.7/site-packages/airflow/example_dags/example_branch_python_dop_operator_3.py took 0.252 seconds
[2023-10-27 05:32:56,506] {processor.py:153} INFO - Started process (PID=575) to work on /home/airflow/.local/lib/python3.7/site-packages/airflow/example_dags/example_branch_python_dop_operator_3.py
[2023-10-27 05:32:56,507] {processor.py:641} INFO - Processing file /home/airflow/.local/lib/python3.7/site-packages/airflow/example_dags/example_branch_python_dop_operator_3.py for tasks to queue
[2023-10-27 05:32:56,507] {logging_mixin.py:115} INFO - [2023-10-27 05:32:56,507] {dagbag.py:508} INFO - Filling up the DagBag from /home/airflow/.local/lib/python3.7/site-packages/airflow/example_dags/example_branch_python_dop_operator_3.py
[2023-10-27 05:32:56,519] {processor.py:651} INFO - DAG(s) dict_keys(['example_branch_dop_operator_v3']) retrieved from /home/airflow/.local/lib/python3.7/site-packages/airflow/example_dags/example_branch_python_dop_operator_3.py
[2023-10-27 05:32:56,554] {logging_mixin.py:115} INFO - [2023-10-27 05:32:56,554] {dag.py:2420} INFO - Sync 1 DAGs
[2023-10-27 05:32:56,740] {logging_mixin.py:115} INFO - [2023-10-27 05:32:56,740] {dag.py:2972} INFO - Setting next_dagrun for example_branch_dop_operator_v3 to 2023-10-27T05:31:00+00:00, run_after=2023-10-27T05:32:00+00:00
[2023-10-27 05:32:56,753] {processor.py:161} INFO - Processing /home/airflow/.local/lib/python3.7/site-packages/airflow/example_dags/example_branch_python_dop_operator_3.py took 0.251 seconds
[2023-10-27 05:33:27,303] {processor.py:153} INFO - Started process (PID=636) to work on /home/airflow/.local/lib/python3.7/site-packages/airflow/example_dags/example_branch_python_dop_operator_3.py
[2023-10-27 05:33:27,303] {processor.py:641} INFO - Processing file /home/airflow/.local/lib/python3.7/site-packages/airflow/example_dags/example_branch_python_dop_operator_3.py for tasks to queue
[2023-10-27 05:33:27,304] {logging_mixin.py:115} INFO - [2023-10-27 05:33:27,304] {dagbag.py:508} INFO - Filling up the DagBag from /home/airflow/.local/lib/python3.7/site-packages/airflow/example_dags/example_branch_python_dop_operator_3.py
[2023-10-27 05:33:27,316] {processor.py:651} INFO - DAG(s) dict_keys(['example_branch_dop_operator_v3']) retrieved from /home/airflow/.local/lib/python3.7/site-packages/airflow/example_dags/example_branch_python_dop_operator_3.py
[2023-10-27 05:33:27,350] {logging_mixin.py:115} INFO - [2023-10-27 05:33:27,350] {dag.py:2420} INFO - Sync 1 DAGs
[2023-10-27 05:33:27,542] {logging_mixin.py:115} INFO - [2023-10-27 05:33:27,542] {dag.py:2972} INFO - Setting next_dagrun for example_branch_dop_operator_v3 to 2023-10-27T05:32:00+00:00, run_after=2023-10-27T05:33:00+00:00
[2023-10-27 05:33:27,556] {processor.py:161} INFO - Processing /home/airflow/.local/lib/python3.7/site-packages/airflow/example_dags/example_branch_python_dop_operator_3.py took 0.258 seconds
[2023-10-27 05:33:58,307] {processor.py:153} INFO - Started process (PID=697) to work on /home/airflow/.local/lib/python3.7/site-packages/airflow/example_dags/example_branch_python_dop_operator_3.py
[2023-10-27 05:33:58,308] {processor.py:641} INFO - Processing file /home/airflow/.local/lib/python3.7/site-packages/airflow/example_dags/example_branch_python_dop_operator_3.py for tasks to queue
[2023-10-27 05:33:58,308] {logging_mixin.py:115} INFO - [2023-10-27 05:33:58,308] {dagbag.py:508} INFO - Filling up the DagBag from /home/airflow/.local/lib/python3.7/site-packages/airflow/example_dags/example_branch_python_dop_operator_3.py
[2023-10-27 05:33:58,320] {processor.py:651} INFO - DAG(s) dict_keys(['example_branch_dop_operator_v3']) retrieved from /home/airflow/.local/lib/python3.7/site-packages/airflow/example_dags/example_branch_python_dop_operator_3.py
[2023-10-27 05:33:58,353] {logging_mixin.py:115} INFO - [2023-10-27 05:33:58,353] {dag.py:2420} INFO - Sync 1 DAGs
[2023-10-27 05:33:58,537] {logging_mixin.py:115} INFO - [2023-10-27 05:33:58,537] {dag.py:2972} INFO - Setting next_dagrun for example_branch_dop_operator_v3 to 2023-10-27T05:32:00+00:00, run_after=2023-10-27T05:33:00+00:00
[2023-10-27 05:33:58,550] {processor.py:161} INFO - Processing /home/airflow/.local/lib/python3.7/site-packages/airflow/example_dags/example_branch_python_dop_operator_3.py took 0.247 seconds
[2023-10-27 05:34:28,627] {processor.py:153} INFO - Started process (PID=748) to work on /home/airflow/.local/lib/python3.7/site-packages/airflow/example_dags/example_branch_python_dop_operator_3.py
[2023-10-27 05:34:28,628] {processor.py:641} INFO - Processing file /home/airflow/.local/lib/python3.7/site-packages/airflow/example_dags/example_branch_python_dop_operator_3.py for tasks to queue
[2023-10-27 05:34:28,629] {logging_mixin.py:115} INFO - [2023-10-27 05:34:28,629] {dagbag.py:508} INFO - Filling up the DagBag from /home/airflow/.local/lib/python3.7/site-packages/airflow/example_dags/example_branch_python_dop_operator_3.py
[2023-10-27 05:34:28,643] {processor.py:651} INFO - DAG(s) dict_keys(['example_branch_dop_operator_v3']) retrieved from /home/airflow/.local/lib/python3.7/site-packages/airflow/example_dags/example_branch_python_dop_operator_3.py
[2023-10-27 05:34:33,679] {logging_mixin.py:115} INFO - [2023-10-27 05:34:33,679] {dag.py:2420} INFO - Sync 1 DAGs
[2023-10-27 05:34:33,862] {logging_mixin.py:115} INFO - [2023-10-27 05:34:33,862] {dag.py:2972} INFO - Setting next_dagrun for example_branch_dop_operator_v3 to 2023-10-27T05:33:00+00:00, run_after=2023-10-27T05:34:00+00:00
[2023-10-27 05:34:33,875] {processor.py:161} INFO - Processing /home/airflow/.local/lib/python3.7/site-packages/airflow/example_dags/example_branch_python_dop_operator_3.py took 5.252 seconds
[2023-10-27 05:35:03,931] {processor.py:153} INFO - Started process (PID=813) to work on /home/airflow/.local/lib/python3.7/site-packages/airflow/example_dags/example_branch_python_dop_operator_3.py
[2023-10-27 05:35:03,931] {processor.py:641} INFO - Processing file /home/airflow/.local/lib/python3.7/site-packages/airflow/example_dags/example_branch_python_dop_operator_3.py for tasks to queue
[2023-10-27 05:35:03,932] {logging_mixin.py:115} INFO - [2023-10-27 05:35:03,932] {dagbag.py:508} INFO - Filling up the DagBag from /home/airflow/.local/lib/python3.7/site-packages/airflow/example_dags/example_branch_python_dop_operator_3.py
[2023-10-27 05:35:03,944] {processor.py:651} INFO - DAG(s) dict_keys(['example_branch_dop_operator_v3']) retrieved from /home/airflow/.local/lib/python3.7/site-packages/airflow/example_dags/example_branch_python_dop_operator_3.py
[2023-10-27 05:35:03,983] {logging_mixin.py:115} INFO - [2023-10-27 05:35:03,983] {dag.py:2420} INFO - Sync 1 DAGs
[2023-10-27 05:35:04,173] {logging_mixin.py:115} INFO - [2023-10-27 05:35:04,173] {dag.py:2972} INFO - Setting next_dagrun for example_branch_dop_operator_v3 to 2023-10-27T05:34:00+00:00, run_after=2023-10-27T05:35:00+00:00
[2023-10-27 05:35:04,186] {processor.py:161} INFO - Processing /home/airflow/.local/lib/python3.7/site-packages/airflow/example_dags/example_branch_python_dop_operator_3.py took 0.260 seconds
[2023-10-27 05:35:34,268] {processor.py:153} INFO - Started process (PID=875) to work on /home/airflow/.local/lib/python3.7/site-packages/airflow/example_dags/example_branch_python_dop_operator_3.py
[2023-10-27 05:35:34,269] {processor.py:641} INFO - Processing file /home/airflow/.local/lib/python3.7/site-packages/airflow/example_dags/example_branch_python_dop_operator_3.py for tasks to queue
[2023-10-27 05:35:34,269] {logging_mixin.py:115} INFO - [2023-10-27 05:35:34,269] {dagbag.py:508} INFO - Filling up the DagBag from /home/airflow/.local/lib/python3.7/site-packages/airflow/example_dags/example_branch_python_dop_operator_3.py
[2023-10-27 05:35:34,281] {processor.py:651} INFO - DAG(s) dict_keys(['example_branch_dop_operator_v3']) retrieved from /home/airflow/.local/lib/python3.7/site-packages/airflow/example_dags/example_branch_python_dop_operator_3.py
[2023-10-27 05:35:34,315] {logging_mixin.py:115} INFO - [2023-10-27 05:35:34,314] {dag.py:2420} INFO - Sync 1 DAGs
[2023-10-27 05:35:34,500] {logging_mixin.py:115} INFO - [2023-10-27 05:35:34,500] {dag.py:2972} INFO - Setting next_dagrun for example_branch_dop_operator_v3 to 2023-10-27T05:34:00+00:00, run_after=2023-10-27T05:35:00+00:00
[2023-10-27 05:35:34,512] {processor.py:161} INFO - Processing /home/airflow/.local/lib/python3.7/site-packages/airflow/example_dags/example_branch_python_dop_operator_3.py took 0.248 seconds
[2023-10-27 05:36:05,121] {processor.py:153} INFO - Started process (PID=936) to work on /home/airflow/.local/lib/python3.7/site-packages/airflow/example_dags/example_branch_python_dop_operator_3.py
[2023-10-27 05:36:05,122] {processor.py:641} INFO - Processing file /home/airflow/.local/lib/python3.7/site-packages/airflow/example_dags/example_branch_python_dop_operator_3.py for tasks to queue
[2023-10-27 05:36:05,123] {logging_mixin.py:115} INFO - [2023-10-27 05:36:05,123] {dagbag.py:508} INFO - Filling up the DagBag from /home/airflow/.local/lib/python3.7/site-packages/airflow/example_dags/example_branch_python_dop_operator_3.py
[2023-10-27 05:36:05,135] {processor.py:651} INFO - DAG(s) dict_keys(['example_branch_dop_operator_v3']) retrieved from /home/airflow/.local/lib/python3.7/site-packages/airflow/example_dags/example_branch_python_dop_operator_3.py
[2023-10-27 05:36:05,170] {logging_mixin.py:115} INFO - [2023-10-27 05:36:05,170] {dag.py:2420} INFO - Sync 1 DAGs
[2023-10-27 05:36:05,354] {logging_mixin.py:115} INFO - [2023-10-27 05:36:05,354] {dag.py:2972} INFO - Setting next_dagrun for example_branch_dop_operator_v3 to 2023-10-27T05:35:00+00:00, run_after=2023-10-27T05:36:00+00:00
[2023-10-27 05:36:05,366] {processor.py:161} INFO - Processing /home/airflow/.local/lib/python3.7/site-packages/airflow/example_dags/example_branch_python_dop_operator_3.py took 0.250 seconds
[2023-10-27 05:36:35,467] {processor.py:153} INFO - Started process (PID=987) to work on /home/airflow/.local/lib/python3.7/site-packages/airflow/example_dags/example_branch_python_dop_operator_3.py
[2023-10-27 05:36:35,468] {processor.py:641} INFO - Processing file /home/airflow/.local/lib/python3.7/site-packages/airflow/example_dags/example_branch_python_dop_operator_3.py for tasks to queue
[2023-10-27 05:36:35,469] {logging_mixin.py:115} INFO - [2023-10-27 05:36:35,468] {dagbag.py:508} INFO - Filling up the DagBag from /home/airflow/.local/lib/python3.7/site-packages/airflow/example_dags/example_branch_python_dop_operator_3.py
[2023-10-27 05:36:35,480] {processor.py:651} INFO - DAG(s) dict_keys(['example_branch_dop_operator_v3']) retrieved from /home/airflow/.local/lib/python3.7/site-packages/airflow/example_dags/example_branch_python_dop_operator_3.py
[2023-10-27 05:36:35,514] {logging_mixin.py:115} INFO - [2023-10-27 05:36:35,514] {dag.py:2420} INFO - Sync 1 DAGs
[2023-10-27 05:36:35,704] {logging_mixin.py:115} INFO - [2023-10-27 05:36:35,704] {dag.py:2972} INFO - Setting next_dagrun for example_branch_dop_operator_v3 to 2023-10-27T05:35:00+00:00, run_after=2023-10-27T05:36:00+00:00
[2023-10-27 05:36:35,718] {processor.py:161} INFO - Processing /home/airflow/.local/lib/python3.7/site-packages/airflow/example_dags/example_branch_python_dop_operator_3.py took 0.255 seconds
[2023-10-27 05:37:05,860] {processor.py:153} INFO - Started process (PID=1047) to work on /home/airflow/.local/lib/python3.7/site-packages/airflow/example_dags/example_branch_python_dop_operator_3.py
[2023-10-27 05:37:05,861] {processor.py:641} INFO - Processing file /home/airflow/.local/lib/python3.7/site-packages/airflow/example_dags/example_branch_python_dop_operator_3.py for tasks to queue
[2023-10-27 05:37:05,861] {logging_mixin.py:115} INFO - [2023-10-27 05:37:05,861] {dagbag.py:508} INFO - Filling up the DagBag from /home/airflow/.local/lib/python3.7/site-packages/airflow/example_dags/example_branch_python_dop_operator_3.py
[2023-10-27 05:37:05,873] {processor.py:651} INFO - DAG(s) dict_keys(['example_branch_dop_operator_v3']) retrieved from /home/airflow/.local/lib/python3.7/site-packages/airflow/example_dags/example_branch_python_dop_operator_3.py
[2023-10-27 05:37:05,907] {logging_mixin.py:115} INFO - [2023-10-27 05:37:05,907] {dag.py:2420} INFO - Sync 1 DAGs
[2023-10-27 05:37:06,093] {logging_mixin.py:115} INFO - [2023-10-27 05:37:06,093] {dag.py:2972} INFO - Setting next_dagrun for example_branch_dop_operator_v3 to 2023-10-27T05:36:00+00:00, run_after=2023-10-27T05:37:00+00:00
[2023-10-27 05:37:06,108] {processor.py:161} INFO - Processing /home/airflow/.local/lib/python3.7/site-packages/airflow/example_dags/example_branch_python_dop_operator_3.py took 0.252 seconds
[2023-10-27 05:37:36,577] {processor.py:153} INFO - Started process (PID=1099) to work on /home/airflow/.local/lib/python3.7/site-packages/airflow/example_dags/example_branch_python_dop_operator_3.py
[2023-10-27 05:37:36,578] {processor.py:641} INFO - Processing file /home/airflow/.local/lib/python3.7/site-packages/airflow/example_dags/example_branch_python_dop_operator_3.py for tasks to queue
[2023-10-27 05:37:36,579] {logging_mixin.py:115} INFO - [2023-10-27 05:37:36,579] {dagbag.py:508} INFO - Filling up the DagBag from /home/airflow/.local/lib/python3.7/site-packages/airflow/example_dags/example_branch_python_dop_operator_3.py
[2023-10-27 05:37:36,590] {processor.py:651} INFO - DAG(s) dict_keys(['example_branch_dop_operator_v3']) retrieved from /home/airflow/.local/lib/python3.7/site-packages/airflow/example_dags/example_branch_python_dop_operator_3.py
[2023-10-27 05:37:36,624] {logging_mixin.py:115} INFO - [2023-10-27 05:37:36,623] {dag.py:2420} INFO - Sync 1 DAGs
[2023-10-27 05:37:36,805] {logging_mixin.py:115} INFO - [2023-10-27 05:37:36,805] {dag.py:2972} INFO - Setting next_dagrun for example_branch_dop_operator_v3 to 2023-10-27T05:36:00+00:00, run_after=2023-10-27T05:37:00+00:00
[2023-10-27 05:37:36,817] {processor.py:161} INFO - Processing /home/airflow/.local/lib/python3.7/site-packages/airflow/example_dags/example_branch_python_dop_operator_3.py took 0.245 seconds
[2023-10-27 05:38:06,964] {processor.py:153} INFO - Started process (PID=1160) to work on /home/airflow/.local/lib/python3.7/site-packages/airflow/example_dags/example_branch_python_dop_operator_3.py
[2023-10-27 05:38:06,964] {processor.py:641} INFO - Processing file /home/airflow/.local/lib/python3.7/site-packages/airflow/example_dags/example_branch_python_dop_operator_3.py for tasks to queue
[2023-10-27 05:38:06,965] {logging_mixin.py:115} INFO - [2023-10-27 05:38:06,965] {dagbag.py:508} INFO - Filling up the DagBag from /home/airflow/.local/lib/python3.7/site-packages/airflow/example_dags/example_branch_python_dop_operator_3.py
[2023-10-27 05:38:06,976] {processor.py:651} INFO - DAG(s) dict_keys(['example_branch_dop_operator_v3']) retrieved from /home/airflow/.local/lib/python3.7/site-packages/airflow/example_dags/example_branch_python_dop_operator_3.py
[2023-10-27 05:38:07,009] {logging_mixin.py:115} INFO - [2023-10-27 05:38:07,009] {dag.py:2420} INFO - Sync 1 DAGs
[2023-10-27 05:38:07,193] {logging_mixin.py:115} INFO - [2023-10-27 05:38:07,193] {dag.py:2972} INFO - Setting next_dagrun for example_branch_dop_operator_v3 to 2023-10-27T05:37:00+00:00, run_after=2023-10-27T05:38:00+00:00
[2023-10-27 05:38:07,206] {processor.py:161} INFO - Processing /home/airflow/.local/lib/python3.7/site-packages/airflow/example_dags/example_branch_python_dop_operator_3.py took 0.246 seconds
[2023-10-27 05:38:37,244] {processor.py:153} INFO - Started process (PID=1221) to work on /home/airflow/.local/lib/python3.7/site-packages/airflow/example_dags/example_branch_python_dop_operator_3.py
[2023-10-27 05:38:37,244] {processor.py:641} INFO - Processing file /home/airflow/.local/lib/python3.7/site-packages/airflow/example_dags/example_branch_python_dop_operator_3.py for tasks to queue
[2023-10-27 05:38:37,245] {logging_mixin.py:115} INFO - [2023-10-27 05:38:37,245] {dagbag.py:508} INFO - Filling up the DagBag from /home/airflow/.local/lib/python3.7/site-packages/airflow/example_dags/example_branch_python_dop_operator_3.py
[2023-10-27 05:38:37,258] {processor.py:651} INFO - DAG(s) dict_keys(['example_branch_dop_operator_v3']) retrieved from /home/airflow/.local/lib/python3.7/site-packages/airflow/example_dags/example_branch_python_dop_operator_3.py
[2023-10-27 05:38:37,292] {logging_mixin.py:115} INFO - [2023-10-27 05:38:37,292] {dag.py:2420} INFO - Sync 1 DAGs
[2023-10-27 05:38:37,476] {logging_mixin.py:115} INFO - [2023-10-27 05:38:37,476] {dag.py:2972} INFO - Setting next_dagrun for example_branch_dop_operator_v3 to 2023-10-27T05:37:00+00:00, run_after=2023-10-27T05:38:00+00:00
[2023-10-27 05:38:37,489] {processor.py:161} INFO - Processing /home/airflow/.local/lib/python3.7/site-packages/airflow/example_dags/example_branch_python_dop_operator_3.py took 0.250 seconds
[2023-10-27 05:39:07,703] {processor.py:153} INFO - Started process (PID=1274) to work on /home/airflow/.local/lib/python3.7/site-packages/airflow/example_dags/example_branch_python_dop_operator_3.py
[2023-10-27 05:39:07,704] {processor.py:641} INFO - Processing file /home/airflow/.local/lib/python3.7/site-packages/airflow/example_dags/example_branch_python_dop_operator_3.py for tasks to queue
[2023-10-27 05:39:07,704] {logging_mixin.py:115} INFO - [2023-10-27 05:39:07,704] {dagbag.py:508} INFO - Filling up the DagBag from /home/airflow/.local/lib/python3.7/site-packages/airflow/example_dags/example_branch_python_dop_operator_3.py
[2023-10-27 05:39:07,716] {processor.py:651} INFO - DAG(s) dict_keys(['example_branch_dop_operator_v3']) retrieved from /home/airflow/.local/lib/python3.7/site-packages/airflow/example_dags/example_branch_python_dop_operator_3.py
[2023-10-27 05:39:07,751] {logging_mixin.py:115} INFO - [2023-10-27 05:39:07,750] {dag.py:2420} INFO - Sync 1 DAGs
[2023-10-27 05:39:07,944] {logging_mixin.py:115} INFO - [2023-10-27 05:39:07,944] {dag.py:2972} INFO - Setting next_dagrun for example_branch_dop_operator_v3 to 2023-10-27T05:38:00+00:00, run_after=2023-10-27T05:39:00+00:00
[2023-10-27 05:39:07,956] {processor.py:161} INFO - Processing /home/airflow/.local/lib/python3.7/site-packages/airflow/example_dags/example_branch_python_dop_operator_3.py took 0.257 seconds
[2023-10-27 05:39:38,323] {processor.py:153} INFO - Started process (PID=1333) to work on /home/airflow/.local/lib/python3.7/site-packages/airflow/example_dags/example_branch_python_dop_operator_3.py
[2023-10-27 05:39:38,324] {processor.py:641} INFO - Processing file /home/airflow/.local/lib/python3.7/site-packages/airflow/example_dags/example_branch_python_dop_operator_3.py for tasks to queue
[2023-10-27 05:39:38,324] {logging_mixin.py:115} INFO - [2023-10-27 05:39:38,324] {dagbag.py:508} INFO - Filling up the DagBag from /home/airflow/.local/lib/python3.7/site-packages/airflow/example_dags/example_branch_python_dop_operator_3.py
[2023-10-27 05:39:38,336] {processor.py:651} INFO - DAG(s) dict_keys(['example_branch_dop_operator_v3']) retrieved from /home/airflow/.local/lib/python3.7/site-packages/airflow/example_dags/example_branch_python_dop_operator_3.py
[2023-10-27 05:39:38,370] {logging_mixin.py:115} INFO - [2023-10-27 05:39:38,370] {dag.py:2420} INFO - Sync 1 DAGs
[2023-10-27 05:39:38,554] {logging_mixin.py:115} INFO - [2023-10-27 05:39:38,554] {dag.py:2972} INFO - Setting next_dagrun for example_branch_dop_operator_v3 to 2023-10-27T05:38:00+00:00, run_after=2023-10-27T05:39:00+00:00
[2023-10-27 05:39:38,566] {processor.py:161} INFO - Processing /home/airflow/.local/lib/python3.7/site-packages/airflow/example_dags/example_branch_python_dop_operator_3.py took 0.248 seconds
[2023-10-27 05:40:09,182] {processor.py:153} INFO - Started process (PID=1385) to work on /home/airflow/.local/lib/python3.7/site-packages/airflow/example_dags/example_branch_python_dop_operator_3.py
[2023-10-27 05:40:09,183] {processor.py:641} INFO - Processing file /home/airflow/.local/lib/python3.7/site-packages/airflow/example_dags/example_branch_python_dop_operator_3.py for tasks to queue
[2023-10-27 05:40:09,184] {logging_mixin.py:115} INFO - [2023-10-27 05:40:09,183] {dagbag.py:508} INFO - Filling up the DagBag from /home/airflow/.local/lib/python3.7/site-packages/airflow/example_dags/example_branch_python_dop_operator_3.py
[2023-10-27 05:40:09,195] {processor.py:651} INFO - DAG(s) dict_keys(['example_branch_dop_operator_v3']) retrieved from /home/airflow/.local/lib/python3.7/site-packages/airflow/example_dags/example_branch_python_dop_operator_3.py
[2023-10-27 05:40:09,230] {logging_mixin.py:115} INFO - [2023-10-27 05:40:09,230] {dag.py:2420} INFO - Sync 1 DAGs
[2023-10-27 05:40:09,447] {logging_mixin.py:115} INFO - [2023-10-27 05:40:09,447] {dag.py:2972} INFO - Setting next_dagrun for example_branch_dop_operator_v3 to 2023-10-27T05:39:00+00:00, run_after=2023-10-27T05:40:00+00:00
[2023-10-27 05:40:09,460] {processor.py:161} INFO - Processing /home/airflow/.local/lib/python3.7/site-packages/airflow/example_dags/example_branch_python_dop_operator_3.py took 0.281 seconds
[2023-10-27 05:40:39,777] {processor.py:153} INFO - Started process (PID=1447) to work on /home/airflow/.local/lib/python3.7/site-packages/airflow/example_dags/example_branch_python_dop_operator_3.py
[2023-10-27 05:40:39,778] {processor.py:641} INFO - Processing file /home/airflow/.local/lib/python3.7/site-packages/airflow/example_dags/example_branch_python_dop_operator_3.py for tasks to queue
[2023-10-27 05:40:39,778] {logging_mixin.py:115} INFO - [2023-10-27 05:40:39,778] {dagbag.py:508} INFO - Filling up the DagBag from /home/airflow/.local/lib/python3.7/site-packages/airflow/example_dags/example_branch_python_dop_operator_3.py
[2023-10-27 05:40:39,790] {processor.py:651} INFO - DAG(s) dict_keys(['example_branch_dop_operator_v3']) retrieved from /home/airflow/.local/lib/python3.7/site-packages/airflow/example_dags/example_branch_python_dop_operator_3.py
[2023-10-27 05:40:39,824] {logging_mixin.py:115} INFO - [2023-10-27 05:40:39,824] {dag.py:2420} INFO - Sync 1 DAGs
[2023-10-27 05:40:40,006] {logging_mixin.py:115} INFO - [2023-10-27 05:40:40,006] {dag.py:2972} INFO - Setting next_dagrun for example_branch_dop_operator_v3 to 2023-10-27T05:39:00+00:00, run_after=2023-10-27T05:40:00+00:00
[2023-10-27 05:40:40,019] {processor.py:161} INFO - Processing /home/airflow/.local/lib/python3.7/site-packages/airflow/example_dags/example_branch_python_dop_operator_3.py took 0.246 seconds
[2023-10-27 05:41:10,182] {processor.py:153} INFO - Started process (PID=1507) to work on /home/airflow/.local/lib/python3.7/site-packages/airflow/example_dags/example_branch_python_dop_operator_3.py
[2023-10-27 05:41:10,182] {processor.py:641} INFO - Processing file /home/airflow/.local/lib/python3.7/site-packages/airflow/example_dags/example_branch_python_dop_operator_3.py for tasks to queue
[2023-10-27 05:41:10,183] {logging_mixin.py:115} INFO - [2023-10-27 05:41:10,183] {dagbag.py:508} INFO - Filling up the DagBag from /home/airflow/.local/lib/python3.7/site-packages/airflow/example_dags/example_branch_python_dop_operator_3.py
[2023-10-27 05:41:10,194] {processor.py:651} INFO - DAG(s) dict_keys(['example_branch_dop_operator_v3']) retrieved from /home/airflow/.local/lib/python3.7/site-packages/airflow/example_dags/example_branch_python_dop_operator_3.py
[2023-10-27 05:41:10,226] {logging_mixin.py:115} INFO - [2023-10-27 05:41:10,226] {dag.py:2420} INFO - Sync 1 DAGs
[2023-10-27 05:41:10,406] {logging_mixin.py:115} INFO - [2023-10-27 05:41:10,406] {dag.py:2972} INFO - Setting next_dagrun for example_branch_dop_operator_v3 to 2023-10-27T05:40:00+00:00, run_after=2023-10-27T05:41:00+00:00
[2023-10-27 05:41:10,419] {processor.py:161} INFO - Processing /home/airflow/.local/lib/python3.7/site-packages/airflow/example_dags/example_branch_python_dop_operator_3.py took 0.241 seconds
[2023-10-27 05:41:40,923] {processor.py:153} INFO - Started process (PID=1559) to work on /home/airflow/.local/lib/python3.7/site-packages/airflow/example_dags/example_branch_python_dop_operator_3.py
[2023-10-27 05:41:40,924] {processor.py:641} INFO - Processing file /home/airflow/.local/lib/python3.7/site-packages/airflow/example_dags/example_branch_python_dop_operator_3.py for tasks to queue
[2023-10-27 05:41:40,924] {logging_mixin.py:115} INFO - [2023-10-27 05:41:40,924] {dagbag.py:508} INFO - Filling up the DagBag from /home/airflow/.local/lib/python3.7/site-packages/airflow/example_dags/example_branch_python_dop_operator_3.py
[2023-10-27 05:41:40,936] {processor.py:651} INFO - DAG(s) dict_keys(['example_branch_dop_operator_v3']) retrieved from /home/airflow/.local/lib/python3.7/site-packages/airflow/example_dags/example_branch_python_dop_operator_3.py
[2023-10-27 05:41:40,969] {logging_mixin.py:115} INFO - [2023-10-27 05:41:40,969] {dag.py:2420} INFO - Sync 1 DAGs
[2023-10-27 05:41:41,152] {logging_mixin.py:115} INFO - [2023-10-27 05:41:41,152] {dag.py:2972} INFO - Setting next_dagrun for example_branch_dop_operator_v3 to 2023-10-27T05:40:00+00:00, run_after=2023-10-27T05:41:00+00:00
[2023-10-27 05:41:41,163] {processor.py:161} INFO - Processing /home/airflow/.local/lib/python3.7/site-packages/airflow/example_dags/example_branch_python_dop_operator_3.py took 0.244 seconds
[2023-10-27 05:42:11,697] {processor.py:153} INFO - Started process (PID=1611) to work on /home/airflow/.local/lib/python3.7/site-packages/airflow/example_dags/example_branch_python_dop_operator_3.py
[2023-10-27 05:42:11,698] {processor.py:641} INFO - Processing file /home/airflow/.local/lib/python3.7/site-packages/airflow/example_dags/example_branch_python_dop_operator_3.py for tasks to queue
[2023-10-27 05:42:11,698] {logging_mixin.py:115} INFO - [2023-10-27 05:42:11,698] {dagbag.py:508} INFO - Filling up the DagBag from /home/airflow/.local/lib/python3.7/site-packages/airflow/example_dags/example_branch_python_dop_operator_3.py
[2023-10-27 05:42:11,710] {processor.py:651} INFO - DAG(s) dict_keys(['example_branch_dop_operator_v3']) retrieved from /home/airflow/.local/lib/python3.7/site-packages/airflow/example_dags/example_branch_python_dop_operator_3.py
[2023-10-27 05:42:11,744] {logging_mixin.py:115} INFO - [2023-10-27 05:42:11,744] {dag.py:2420} INFO - Sync 1 DAGs
[2023-10-27 05:42:11,943] {logging_mixin.py:115} INFO - [2023-10-27 05:42:11,943] {dag.py:2972} INFO - Setting next_dagrun for example_branch_dop_operator_v3 to 2023-10-27T05:41:00+00:00, run_after=2023-10-27T05:42:00+00:00
[2023-10-27 05:42:11,957] {processor.py:161} INFO - Processing /home/airflow/.local/lib/python3.7/site-packages/airflow/example_dags/example_branch_python_dop_operator_3.py took 0.264 seconds
[2023-10-27 05:42:42,468] {processor.py:153} INFO - Started process (PID=1671) to work on /home/airflow/.local/lib/python3.7/site-packages/airflow/example_dags/example_branch_python_dop_operator_3.py
[2023-10-27 05:42:42,469] {processor.py:641} INFO - Processing file /home/airflow/.local/lib/python3.7/site-packages/airflow/example_dags/example_branch_python_dop_operator_3.py for tasks to queue
[2023-10-27 05:42:42,469] {logging_mixin.py:115} INFO - [2023-10-27 05:42:42,469] {dagbag.py:508} INFO - Filling up the DagBag from /home/airflow/.local/lib/python3.7/site-packages/airflow/example_dags/example_branch_python_dop_operator_3.py
[2023-10-27 05:42:42,481] {processor.py:651} INFO - DAG(s) dict_keys(['example_branch_dop_operator_v3']) retrieved from /home/airflow/.local/lib/python3.7/site-packages/airflow/example_dags/example_branch_python_dop_operator_3.py
[2023-10-27 05:42:42,514] {logging_mixin.py:115} INFO - [2023-10-27 05:42:42,514] {dag.py:2420} INFO - Sync 1 DAGs
[2023-10-27 05:42:42,697] {logging_mixin.py:115} INFO - [2023-10-27 05:42:42,697] {dag.py:2972} INFO - Setting next_dagrun for example_branch_dop_operator_v3 to 2023-10-27T05:41:00+00:00, run_after=2023-10-27T05:42:00+00:00
[2023-10-27 05:42:42,709] {processor.py:161} INFO - Processing /home/airflow/.local/lib/python3.7/site-packages/airflow/example_dags/example_branch_python_dop_operator_3.py took 0.244 seconds
[2023-10-27 05:43:12,826] {processor.py:153} INFO - Started process (PID=1732) to work on /home/airflow/.local/lib/python3.7/site-packages/airflow/example_dags/example_branch_python_dop_operator_3.py
[2023-10-27 05:43:12,826] {processor.py:641} INFO - Processing file /home/airflow/.local/lib/python3.7/site-packages/airflow/example_dags/example_branch_python_dop_operator_3.py for tasks to queue
[2023-10-27 05:43:12,827] {logging_mixin.py:115} INFO - [2023-10-27 05:43:12,827] {dagbag.py:508} INFO - Filling up the DagBag from /home/airflow/.local/lib/python3.7/site-packages/airflow/example_dags/example_branch_python_dop_operator_3.py
[2023-10-27 05:43:12,839] {processor.py:651} INFO - DAG(s) dict_keys(['example_branch_dop_operator_v3']) retrieved from /home/airflow/.local/lib/python3.7/site-packages/airflow/example_dags/example_branch_python_dop_operator_3.py
[2023-10-27 05:43:12,872] {logging_mixin.py:115} INFO - [2023-10-27 05:43:12,872] {dag.py:2420} INFO - Sync 1 DAGs
[2023-10-27 05:43:13,053] {logging_mixin.py:115} INFO - [2023-10-27 05:43:13,053] {dag.py:2972} INFO - Setting next_dagrun for example_branch_dop_operator_v3 to 2023-10-27T05:42:00+00:00, run_after=2023-10-27T05:43:00+00:00
[2023-10-27 05:43:13,065] {processor.py:161} INFO - Processing /home/airflow/.local/lib/python3.7/site-packages/airflow/example_dags/example_branch_python_dop_operator_3.py took 0.243 seconds
[2023-10-27 05:43:43,293] {processor.py:153} INFO - Started process (PID=1784) to work on /home/airflow/.local/lib/python3.7/site-packages/airflow/example_dags/example_branch_python_dop_operator_3.py
[2023-10-27 05:43:43,294] {processor.py:641} INFO - Processing file /home/airflow/.local/lib/python3.7/site-packages/airflow/example_dags/example_branch_python_dop_operator_3.py for tasks to queue
[2023-10-27 05:43:43,295] {logging_mixin.py:115} INFO - [2023-10-27 05:43:43,295] {dagbag.py:508} INFO - Filling up the DagBag from /home/airflow/.local/lib/python3.7/site-packages/airflow/example_dags/example_branch_python_dop_operator_3.py
[2023-10-27 05:43:43,307] {processor.py:651} INFO - DAG(s) dict_keys(['example_branch_dop_operator_v3']) retrieved from /home/airflow/.local/lib/python3.7/site-packages/airflow/example_dags/example_branch_python_dop_operator_3.py
[2023-10-27 05:43:43,508] {logging_mixin.py:115} INFO - [2023-10-27 05:43:43,508] {dag.py:2420} INFO - Sync 1 DAGs
[2023-10-27 05:43:43,537] {logging_mixin.py:115} INFO - [2023-10-27 05:43:43,537] {dag.py:2972} INFO - Setting next_dagrun for example_branch_dop_operator_v3 to 2023-10-27T05:42:00+00:00, run_after=2023-10-27T05:43:00+00:00
[2023-10-27 05:43:43,550] {processor.py:161} INFO - Processing /home/airflow/.local/lib/python3.7/site-packages/airflow/example_dags/example_branch_python_dop_operator_3.py took 0.261 seconds
[2023-10-27 05:44:13,667] {processor.py:153} INFO - Started process (PID=1844) to work on /home/airflow/.local/lib/python3.7/site-packages/airflow/example_dags/example_branch_python_dop_operator_3.py
[2023-10-27 05:44:13,667] {processor.py:641} INFO - Processing file /home/airflow/.local/lib/python3.7/site-packages/airflow/example_dags/example_branch_python_dop_operator_3.py for tasks to queue
[2023-10-27 05:44:13,668] {logging_mixin.py:115} INFO - [2023-10-27 05:44:13,668] {dagbag.py:508} INFO - Filling up the DagBag from /home/airflow/.local/lib/python3.7/site-packages/airflow/example_dags/example_branch_python_dop_operator_3.py
[2023-10-27 05:44:13,679] {processor.py:651} INFO - DAG(s) dict_keys(['example_branch_dop_operator_v3']) retrieved from /home/airflow/.local/lib/python3.7/site-packages/airflow/example_dags/example_branch_python_dop_operator_3.py
[2023-10-27 05:44:13,895] {logging_mixin.py:115} INFO - [2023-10-27 05:44:13,895] {dag.py:2420} INFO - Sync 1 DAGs
[2023-10-27 05:44:13,927] {logging_mixin.py:115} INFO - [2023-10-27 05:44:13,926] {dag.py:2972} INFO - Setting next_dagrun for example_branch_dop_operator_v3 to 2023-10-27T05:43:00+00:00, run_after=2023-10-27T05:44:00+00:00
[2023-10-27 05:44:13,941] {processor.py:161} INFO - Processing /home/airflow/.local/lib/python3.7/site-packages/airflow/example_dags/example_branch_python_dop_operator_3.py took 0.278 seconds
[2023-10-27 05:44:44,076] {processor.py:153} INFO - Started process (PID=1905) to work on /home/airflow/.local/lib/python3.7/site-packages/airflow/example_dags/example_branch_python_dop_operator_3.py
[2023-10-27 05:44:44,077] {processor.py:641} INFO - Processing file /home/airflow/.local/lib/python3.7/site-packages/airflow/example_dags/example_branch_python_dop_operator_3.py for tasks to queue
[2023-10-27 05:44:44,077] {logging_mixin.py:115} INFO - [2023-10-27 05:44:44,077] {dagbag.py:508} INFO - Filling up the DagBag from /home/airflow/.local/lib/python3.7/site-packages/airflow/example_dags/example_branch_python_dop_operator_3.py
[2023-10-27 05:44:44,089] {processor.py:651} INFO - DAG(s) dict_keys(['example_branch_dop_operator_v3']) retrieved from /home/airflow/.local/lib/python3.7/site-packages/airflow/example_dags/example_branch_python_dop_operator_3.py
[2023-10-27 05:44:44,288] {logging_mixin.py:115} INFO - [2023-10-27 05:44:44,288] {dag.py:2420} INFO - Sync 1 DAGs
[2023-10-27 05:44:44,316] {logging_mixin.py:115} INFO - [2023-10-27 05:44:44,316] {dag.py:2972} INFO - Setting next_dagrun for example_branch_dop_operator_v3 to 2023-10-27T05:43:00+00:00, run_after=2023-10-27T05:44:00+00:00
[2023-10-27 05:44:44,329] {processor.py:161} INFO - Processing /home/airflow/.local/lib/python3.7/site-packages/airflow/example_dags/example_branch_python_dop_operator_3.py took 0.257 seconds
[2023-10-27 05:45:14,533] {processor.py:153} INFO - Started process (PID=1958) to work on /home/airflow/.local/lib/python3.7/site-packages/airflow/example_dags/example_branch_python_dop_operator_3.py
[2023-10-27 05:45:14,534] {processor.py:641} INFO - Processing file /home/airflow/.local/lib/python3.7/site-packages/airflow/example_dags/example_branch_python_dop_operator_3.py for tasks to queue
[2023-10-27 05:45:14,534] {logging_mixin.py:115} INFO - [2023-10-27 05:45:14,534] {dagbag.py:508} INFO - Filling up the DagBag from /home/airflow/.local/lib/python3.7/site-packages/airflow/example_dags/example_branch_python_dop_operator_3.py
[2023-10-27 05:45:14,545] {processor.py:651} INFO - DAG(s) dict_keys(['example_branch_dop_operator_v3']) retrieved from /home/airflow/.local/lib/python3.7/site-packages/airflow/example_dags/example_branch_python_dop_operator_3.py
[2023-10-27 05:45:14,739] {logging_mixin.py:115} INFO - [2023-10-27 05:45:14,739] {dag.py:2420} INFO - Sync 1 DAGs
[2023-10-27 05:45:14,768] {logging_mixin.py:115} INFO - [2023-10-27 05:45:14,768] {dag.py:2972} INFO - Setting next_dagrun for example_branch_dop_operator_v3 to 2023-10-27T05:44:00+00:00, run_after=2023-10-27T05:45:00+00:00
[2023-10-27 05:45:14,780] {processor.py:161} INFO - Processing /home/airflow/.local/lib/python3.7/site-packages/airflow/example_dags/example_branch_python_dop_operator_3.py took 0.251 seconds
[2023-10-27 05:45:45,232] {processor.py:153} INFO - Started process (PID=2010) to work on /home/airflow/.local/lib/python3.7/site-packages/airflow/example_dags/example_branch_python_dop_operator_3.py
[2023-10-27 05:45:45,233] {processor.py:641} INFO - Processing file /home/airflow/.local/lib/python3.7/site-packages/airflow/example_dags/example_branch_python_dop_operator_3.py for tasks to queue
[2023-10-27 05:45:45,233] {logging_mixin.py:115} INFO - [2023-10-27 05:45:45,233] {dagbag.py:508} INFO - Filling up the DagBag from /home/airflow/.local/lib/python3.7/site-packages/airflow/example_dags/example_branch_python_dop_operator_3.py
[2023-10-27 05:45:45,244] {processor.py:651} INFO - DAG(s) dict_keys(['example_branch_dop_operator_v3']) retrieved from /home/airflow/.local/lib/python3.7/site-packages/airflow/example_dags/example_branch_python_dop_operator_3.py
[2023-10-27 05:45:45,428] {logging_mixin.py:115} INFO - [2023-10-27 05:45:45,428] {dag.py:2420} INFO - Sync 1 DAGs
[2023-10-27 05:45:45,457] {logging_mixin.py:115} INFO - [2023-10-27 05:45:45,457] {dag.py:2972} INFO - Setting next_dagrun for example_branch_dop_operator_v3 to 2023-10-27T05:44:00+00:00, run_after=2023-10-27T05:45:00+00:00
[2023-10-27 05:45:45,470] {processor.py:161} INFO - Processing /home/airflow/.local/lib/python3.7/site-packages/airflow/example_dags/example_branch_python_dop_operator_3.py took 0.241 seconds
[2023-10-27 05:46:15,703] {processor.py:153} INFO - Started process (PID=2073) to work on /home/airflow/.local/lib/python3.7/site-packages/airflow/example_dags/example_branch_python_dop_operator_3.py
[2023-10-27 05:46:15,703] {processor.py:641} INFO - Processing file /home/airflow/.local/lib/python3.7/site-packages/airflow/example_dags/example_branch_python_dop_operator_3.py for tasks to queue
[2023-10-27 05:46:15,704] {logging_mixin.py:115} INFO - [2023-10-27 05:46:15,704] {dagbag.py:508} INFO - Filling up the DagBag from /home/airflow/.local/lib/python3.7/site-packages/airflow/example_dags/example_branch_python_dop_operator_3.py
[2023-10-27 05:46:15,715] {processor.py:651} INFO - DAG(s) dict_keys(['example_branch_dop_operator_v3']) retrieved from /home/airflow/.local/lib/python3.7/site-packages/airflow/example_dags/example_branch_python_dop_operator_3.py
[2023-10-27 05:46:15,905] {logging_mixin.py:115} INFO - [2023-10-27 05:46:15,905] {dag.py:2420} INFO - Sync 1 DAGs
[2023-10-27 05:46:15,933] {logging_mixin.py:115} INFO - [2023-10-27 05:46:15,933] {dag.py:2972} INFO - Setting next_dagrun for example_branch_dop_operator_v3 to 2023-10-27T05:45:00+00:00, run_after=2023-10-27T05:46:00+00:00
[2023-10-27 05:46:15,946] {processor.py:161} INFO - Processing /home/airflow/.local/lib/python3.7/site-packages/airflow/example_dags/example_branch_python_dop_operator_3.py took 0.247 seconds
[2023-10-27 05:46:46,315] {processor.py:153} INFO - Started process (PID=2137) to work on /home/airflow/.local/lib/python3.7/site-packages/airflow/example_dags/example_branch_python_dop_operator_3.py
[2023-10-27 05:46:46,316] {processor.py:641} INFO - Processing file /home/airflow/.local/lib/python3.7/site-packages/airflow/example_dags/example_branch_python_dop_operator_3.py for tasks to queue
[2023-10-27 05:46:46,316] {logging_mixin.py:115} INFO - [2023-10-27 05:46:46,316] {dagbag.py:508} INFO - Filling up the DagBag from /home/airflow/.local/lib/python3.7/site-packages/airflow/example_dags/example_branch_python_dop_operator_3.py
[2023-10-27 05:46:46,328] {processor.py:651} INFO - DAG(s) dict_keys(['example_branch_dop_operator_v3']) retrieved from /home/airflow/.local/lib/python3.7/site-packages/airflow/example_dags/example_branch_python_dop_operator_3.py
[2023-10-27 05:46:46,516] {logging_mixin.py:115} INFO - [2023-10-27 05:46:46,516] {dag.py:2420} INFO - Sync 1 DAGs
[2023-10-27 05:46:46,546] {logging_mixin.py:115} INFO - [2023-10-27 05:46:46,546] {dag.py:2972} INFO - Setting next_dagrun for example_branch_dop_operator_v3 to 2023-10-27T05:45:00+00:00, run_after=2023-10-27T05:46:00+00:00
[2023-10-27 05:46:46,558] {processor.py:161} INFO - Processing /home/airflow/.local/lib/python3.7/site-packages/airflow/example_dags/example_branch_python_dop_operator_3.py took 0.247 seconds
[2023-10-27 05:47:16,828] {processor.py:153} INFO - Started process (PID=2190) to work on /home/airflow/.local/lib/python3.7/site-packages/airflow/example_dags/example_branch_python_dop_operator_3.py
[2023-10-27 05:47:16,829] {processor.py:641} INFO - Processing file /home/airflow/.local/lib/python3.7/site-packages/airflow/example_dags/example_branch_python_dop_operator_3.py for tasks to queue
[2023-10-27 05:47:16,830] {logging_mixin.py:115} INFO - [2023-10-27 05:47:16,829] {dagbag.py:508} INFO - Filling up the DagBag from /home/airflow/.local/lib/python3.7/site-packages/airflow/example_dags/example_branch_python_dop_operator_3.py
[2023-10-27 05:47:16,841] {processor.py:651} INFO - DAG(s) dict_keys(['example_branch_dop_operator_v3']) retrieved from /home/airflow/.local/lib/python3.7/site-packages/airflow/example_dags/example_branch_python_dop_operator_3.py
[2023-10-27 05:47:17,033] {logging_mixin.py:115} INFO - [2023-10-27 05:47:17,033] {dag.py:2420} INFO - Sync 1 DAGs
[2023-10-27 05:47:17,061] {logging_mixin.py:115} INFO - [2023-10-27 05:47:17,061] {dag.py:2972} INFO - Setting next_dagrun for example_branch_dop_operator_v3 to 2023-10-27T05:46:00+00:00, run_after=2023-10-27T05:47:00+00:00
[2023-10-27 05:47:17,074] {processor.py:161} INFO - Processing /home/airflow/.local/lib/python3.7/site-packages/airflow/example_dags/example_branch_python_dop_operator_3.py took 0.250 seconds
[2023-10-27 05:47:47,421] {processor.py:153} INFO - Started process (PID=2251) to work on /home/airflow/.local/lib/python3.7/site-packages/airflow/example_dags/example_branch_python_dop_operator_3.py
[2023-10-27 05:47:47,422] {processor.py:641} INFO - Processing file /home/airflow/.local/lib/python3.7/site-packages/airflow/example_dags/example_branch_python_dop_operator_3.py for tasks to queue
[2023-10-27 05:47:47,422] {logging_mixin.py:115} INFO - [2023-10-27 05:47:47,422] {dagbag.py:508} INFO - Filling up the DagBag from /home/airflow/.local/lib/python3.7/site-packages/airflow/example_dags/example_branch_python_dop_operator_3.py
[2023-10-27 05:47:47,433] {processor.py:651} INFO - DAG(s) dict_keys(['example_branch_dop_operator_v3']) retrieved from /home/airflow/.local/lib/python3.7/site-packages/airflow/example_dags/example_branch_python_dop_operator_3.py
[2023-10-27 05:47:47,625] {logging_mixin.py:115} INFO - [2023-10-27 05:47:47,625] {dag.py:2420} INFO - Sync 1 DAGs
[2023-10-27 05:47:47,654] {logging_mixin.py:115} INFO - [2023-10-27 05:47:47,653] {dag.py:2972} INFO - Setting next_dagrun for example_branch_dop_operator_v3 to 2023-10-27T05:46:00+00:00, run_after=2023-10-27T05:47:00+00:00
[2023-10-27 05:47:47,666] {processor.py:161} INFO - Processing /home/airflow/.local/lib/python3.7/site-packages/airflow/example_dags/example_branch_python_dop_operator_3.py took 0.249 seconds
[2023-10-27 05:48:18,167] {processor.py:153} INFO - Started process (PID=2303) to work on /home/airflow/.local/lib/python3.7/site-packages/airflow/example_dags/example_branch_python_dop_operator_3.py
[2023-10-27 05:48:18,167] {processor.py:641} INFO - Processing file /home/airflow/.local/lib/python3.7/site-packages/airflow/example_dags/example_branch_python_dop_operator_3.py for tasks to queue
[2023-10-27 05:48:18,168] {logging_mixin.py:115} INFO - [2023-10-27 05:48:18,168] {dagbag.py:508} INFO - Filling up the DagBag from /home/airflow/.local/lib/python3.7/site-packages/airflow/example_dags/example_branch_python_dop_operator_3.py
[2023-10-27 05:48:18,184] {processor.py:651} INFO - DAG(s) dict_keys(['example_branch_dop_operator_v3']) retrieved from /home/airflow/.local/lib/python3.7/site-packages/airflow/example_dags/example_branch_python_dop_operator_3.py
[2023-10-27 05:48:18,375] {logging_mixin.py:115} INFO - [2023-10-27 05:48:18,375] {dag.py:2420} INFO - Sync 1 DAGs
[2023-10-27 05:48:18,404] {logging_mixin.py:115} INFO - [2023-10-27 05:48:18,404] {dag.py:2972} INFO - Setting next_dagrun for example_branch_dop_operator_v3 to 2023-10-27T05:47:00+00:00, run_after=2023-10-27T05:48:00+00:00
[2023-10-27 05:48:18,418] {processor.py:161} INFO - Processing /home/airflow/.local/lib/python3.7/site-packages/airflow/example_dags/example_branch_python_dop_operator_3.py took 0.255 seconds
[2023-10-27 05:48:49,090] {processor.py:153} INFO - Started process (PID=2365) to work on /home/airflow/.local/lib/python3.7/site-packages/airflow/example_dags/example_branch_python_dop_operator_3.py
[2023-10-27 05:48:49,091] {processor.py:641} INFO - Processing file /home/airflow/.local/lib/python3.7/site-packages/airflow/example_dags/example_branch_python_dop_operator_3.py for tasks to queue
[2023-10-27 05:48:49,092] {logging_mixin.py:115} INFO - [2023-10-27 05:48:49,091] {dagbag.py:508} INFO - Filling up the DagBag from /home/airflow/.local/lib/python3.7/site-packages/airflow/example_dags/example_branch_python_dop_operator_3.py
[2023-10-27 05:48:49,108] {processor.py:651} INFO - DAG(s) dict_keys(['example_branch_dop_operator_v3']) retrieved from /home/airflow/.local/lib/python3.7/site-packages/airflow/example_dags/example_branch_python_dop_operator_3.py
[2023-10-27 05:48:49,293] {logging_mixin.py:115} INFO - [2023-10-27 05:48:49,293] {dag.py:2420} INFO - Sync 1 DAGs
[2023-10-27 05:48:49,321] {logging_mixin.py:115} INFO - [2023-10-27 05:48:49,321] {dag.py:2972} INFO - Setting next_dagrun for example_branch_dop_operator_v3 to 2023-10-27T05:47:00+00:00, run_after=2023-10-27T05:48:00+00:00
[2023-10-27 05:48:49,333] {processor.py:161} INFO - Processing /home/airflow/.local/lib/python3.7/site-packages/airflow/example_dags/example_branch_python_dop_operator_3.py took 0.247 seconds
[2023-10-27 05:49:19,552] {processor.py:153} INFO - Started process (PID=2427) to work on /home/airflow/.local/lib/python3.7/site-packages/airflow/example_dags/example_branch_python_dop_operator_3.py
[2023-10-27 05:49:19,553] {processor.py:641} INFO - Processing file /home/airflow/.local/lib/python3.7/site-packages/airflow/example_dags/example_branch_python_dop_operator_3.py for tasks to queue
[2023-10-27 05:49:19,553] {logging_mixin.py:115} INFO - [2023-10-27 05:49:19,553] {dagbag.py:508} INFO - Filling up the DagBag from /home/airflow/.local/lib/python3.7/site-packages/airflow/example_dags/example_branch_python_dop_operator_3.py
[2023-10-27 05:49:19,568] {processor.py:651} INFO - DAG(s) dict_keys(['example_branch_dop_operator_v3']) retrieved from /home/airflow/.local/lib/python3.7/site-packages/airflow/example_dags/example_branch_python_dop_operator_3.py
[2023-10-27 05:49:19,751] {logging_mixin.py:115} INFO - [2023-10-27 05:49:19,751] {dag.py:2420} INFO - Sync 1 DAGs
[2023-10-27 05:49:19,785] {logging_mixin.py:115} INFO - [2023-10-27 05:49:19,785] {dag.py:2972} INFO - Setting next_dagrun for example_branch_dop_operator_v3 to 2023-10-27T05:48:00+00:00, run_after=2023-10-27T05:49:00+00:00
[2023-10-27 05:49:19,798] {processor.py:161} INFO - Processing /home/airflow/.local/lib/python3.7/site-packages/airflow/example_dags/example_branch_python_dop_operator_3.py took 0.250 seconds
[2023-10-27 05:49:50,181] {processor.py:153} INFO - Started process (PID=2480) to work on /home/airflow/.local/lib/python3.7/site-packages/airflow/example_dags/example_branch_python_dop_operator_3.py
[2023-10-27 05:49:50,182] {processor.py:641} INFO - Processing file /home/airflow/.local/lib/python3.7/site-packages/airflow/example_dags/example_branch_python_dop_operator_3.py for tasks to queue
[2023-10-27 05:49:50,182] {logging_mixin.py:115} INFO - [2023-10-27 05:49:50,182] {dagbag.py:508} INFO - Filling up the DagBag from /home/airflow/.local/lib/python3.7/site-packages/airflow/example_dags/example_branch_python_dop_operator_3.py
[2023-10-27 05:49:50,198] {processor.py:651} INFO - DAG(s) dict_keys(['example_branch_dop_operator_v3']) retrieved from /home/airflow/.local/lib/python3.7/site-packages/airflow/example_dags/example_branch_python_dop_operator_3.py
[2023-10-27 05:49:50,385] {logging_mixin.py:115} INFO - [2023-10-27 05:49:50,385] {dag.py:2420} INFO - Sync 1 DAGs
[2023-10-27 05:49:50,414] {logging_mixin.py:115} INFO - [2023-10-27 05:49:50,414] {dag.py:2972} INFO - Setting next_dagrun for example_branch_dop_operator_v3 to 2023-10-27T05:48:00+00:00, run_after=2023-10-27T05:49:00+00:00
[2023-10-27 05:49:50,427] {processor.py:161} INFO - Processing /home/airflow/.local/lib/python3.7/site-packages/airflow/example_dags/example_branch_python_dop_operator_3.py took 0.250 seconds
[2023-10-27 05:50:20,517] {processor.py:153} INFO - Started process (PID=2542) to work on /home/airflow/.local/lib/python3.7/site-packages/airflow/example_dags/example_branch_python_dop_operator_3.py
[2023-10-27 05:50:20,517] {processor.py:641} INFO - Processing file /home/airflow/.local/lib/python3.7/site-packages/airflow/example_dags/example_branch_python_dop_operator_3.py for tasks to queue
[2023-10-27 05:50:20,518] {logging_mixin.py:115} INFO - [2023-10-27 05:50:20,518] {dagbag.py:508} INFO - Filling up the DagBag from /home/airflow/.local/lib/python3.7/site-packages/airflow/example_dags/example_branch_python_dop_operator_3.py
[2023-10-27 05:50:20,534] {processor.py:651} INFO - DAG(s) dict_keys(['example_branch_dop_operator_v3']) retrieved from /home/airflow/.local/lib/python3.7/site-packages/airflow/example_dags/example_branch_python_dop_operator_3.py
[2023-10-27 05:50:20,729] {logging_mixin.py:115} INFO - [2023-10-27 05:50:20,729] {dag.py:2420} INFO - Sync 1 DAGs
[2023-10-27 05:50:20,758] {logging_mixin.py:115} INFO - [2023-10-27 05:50:20,758] {dag.py:2972} INFO - Setting next_dagrun for example_branch_dop_operator_v3 to 2023-10-27T05:49:00+00:00, run_after=2023-10-27T05:50:00+00:00
[2023-10-27 05:50:20,772] {processor.py:161} INFO - Processing /home/airflow/.local/lib/python3.7/site-packages/airflow/example_dags/example_branch_python_dop_operator_3.py took 0.259 seconds
[2023-10-27 05:50:51,066] {processor.py:153} INFO - Started process (PID=2594) to work on /home/airflow/.local/lib/python3.7/site-packages/airflow/example_dags/example_branch_python_dop_operator_3.py
[2023-10-27 05:50:51,066] {processor.py:641} INFO - Processing file /home/airflow/.local/lib/python3.7/site-packages/airflow/example_dags/example_branch_python_dop_operator_3.py for tasks to queue
[2023-10-27 05:50:51,067] {logging_mixin.py:115} INFO - [2023-10-27 05:50:51,067] {dagbag.py:508} INFO - Filling up the DagBag from /home/airflow/.local/lib/python3.7/site-packages/airflow/example_dags/example_branch_python_dop_operator_3.py
[2023-10-27 05:50:51,084] {processor.py:651} INFO - DAG(s) dict_keys(['example_branch_dop_operator_v3']) retrieved from /home/airflow/.local/lib/python3.7/site-packages/airflow/example_dags/example_branch_python_dop_operator_3.py
[2023-10-27 05:50:51,280] {logging_mixin.py:115} INFO - [2023-10-27 05:50:51,280] {dag.py:2420} INFO - Sync 1 DAGs
[2023-10-27 05:50:51,315] {logging_mixin.py:115} INFO - [2023-10-27 05:50:51,315] {dag.py:2972} INFO - Setting next_dagrun for example_branch_dop_operator_v3 to 2023-10-27T05:49:00+00:00, run_after=2023-10-27T05:50:00+00:00
[2023-10-27 05:50:51,329] {processor.py:161} INFO - Processing /home/airflow/.local/lib/python3.7/site-packages/airflow/example_dags/example_branch_python_dop_operator_3.py took 0.267 seconds
[2023-10-27 05:51:22,165] {processor.py:153} INFO - Started process (PID=2655) to work on /home/airflow/.local/lib/python3.7/site-packages/airflow/example_dags/example_branch_python_dop_operator_3.py
[2023-10-27 05:51:22,166] {processor.py:641} INFO - Processing file /home/airflow/.local/lib/python3.7/site-packages/airflow/example_dags/example_branch_python_dop_operator_3.py for tasks to queue
[2023-10-27 05:51:22,166] {logging_mixin.py:115} INFO - [2023-10-27 05:51:22,166] {dagbag.py:508} INFO - Filling up the DagBag from /home/airflow/.local/lib/python3.7/site-packages/airflow/example_dags/example_branch_python_dop_operator_3.py
[2023-10-27 05:51:22,183] {processor.py:651} INFO - DAG(s) dict_keys(['example_branch_dop_operator_v3']) retrieved from /home/airflow/.local/lib/python3.7/site-packages/airflow/example_dags/example_branch_python_dop_operator_3.py
[2023-10-27 05:51:22,362] {logging_mixin.py:115} INFO - [2023-10-27 05:51:22,362] {dag.py:2420} INFO - Sync 1 DAGs
[2023-10-27 05:51:22,390] {logging_mixin.py:115} INFO - [2023-10-27 05:51:22,390] {dag.py:2972} INFO - Setting next_dagrun for example_branch_dop_operator_v3 to 2023-10-27T05:50:00+00:00, run_after=2023-10-27T05:51:00+00:00
[2023-10-27 05:51:22,402] {processor.py:161} INFO - Processing /home/airflow/.local/lib/python3.7/site-packages/airflow/example_dags/example_branch_python_dop_operator_3.py took 0.241 seconds
[2023-10-27 05:51:52,593] {processor.py:153} INFO - Started process (PID=2716) to work on /home/airflow/.local/lib/python3.7/site-packages/airflow/example_dags/example_branch_python_dop_operator_3.py
[2023-10-27 05:51:52,594] {processor.py:641} INFO - Processing file /home/airflow/.local/lib/python3.7/site-packages/airflow/example_dags/example_branch_python_dop_operator_3.py for tasks to queue
[2023-10-27 05:51:52,594] {logging_mixin.py:115} INFO - [2023-10-27 05:51:52,594] {dagbag.py:508} INFO - Filling up the DagBag from /home/airflow/.local/lib/python3.7/site-packages/airflow/example_dags/example_branch_python_dop_operator_3.py
[2023-10-27 05:51:52,611] {processor.py:651} INFO - DAG(s) dict_keys(['example_branch_dop_operator_v3']) retrieved from /home/airflow/.local/lib/python3.7/site-packages/airflow/example_dags/example_branch_python_dop_operator_3.py
[2023-10-27 05:51:52,792] {logging_mixin.py:115} INFO - [2023-10-27 05:51:52,792] {dag.py:2420} INFO - Sync 1 DAGs
[2023-10-27 05:51:52,820] {logging_mixin.py:115} INFO - [2023-10-27 05:51:52,820] {dag.py:2972} INFO - Setting next_dagrun for example_branch_dop_operator_v3 to 2023-10-27T05:50:00+00:00, run_after=2023-10-27T05:51:00+00:00
[2023-10-27 05:51:52,833] {processor.py:161} INFO - Processing /home/airflow/.local/lib/python3.7/site-packages/airflow/example_dags/example_branch_python_dop_operator_3.py took 0.244 seconds
[2023-10-27 05:52:23,066] {processor.py:153} INFO - Started process (PID=2769) to work on /home/airflow/.local/lib/python3.7/site-packages/airflow/example_dags/example_branch_python_dop_operator_3.py
[2023-10-27 05:52:23,067] {processor.py:641} INFO - Processing file /home/airflow/.local/lib/python3.7/site-packages/airflow/example_dags/example_branch_python_dop_operator_3.py for tasks to queue
[2023-10-27 05:52:23,067] {logging_mixin.py:115} INFO - [2023-10-27 05:52:23,067] {dagbag.py:508} INFO - Filling up the DagBag from /home/airflow/.local/lib/python3.7/site-packages/airflow/example_dags/example_branch_python_dop_operator_3.py
[2023-10-27 05:52:23,083] {processor.py:651} INFO - DAG(s) dict_keys(['example_branch_dop_operator_v3']) retrieved from /home/airflow/.local/lib/python3.7/site-packages/airflow/example_dags/example_branch_python_dop_operator_3.py
[2023-10-27 05:52:23,266] {logging_mixin.py:115} INFO - [2023-10-27 05:52:23,266] {dag.py:2420} INFO - Sync 1 DAGs
[2023-10-27 05:52:23,295] {logging_mixin.py:115} INFO - [2023-10-27 05:52:23,295] {dag.py:2972} INFO - Setting next_dagrun for example_branch_dop_operator_v3 to 2023-10-27T05:51:00+00:00, run_after=2023-10-27T05:52:00+00:00
[2023-10-27 05:52:23,308] {processor.py:161} INFO - Processing /home/airflow/.local/lib/python3.7/site-packages/airflow/example_dags/example_branch_python_dop_operator_3.py took 0.246 seconds
[2023-10-27 05:52:53,629] {processor.py:153} INFO - Started process (PID=2829) to work on /home/airflow/.local/lib/python3.7/site-packages/airflow/example_dags/example_branch_python_dop_operator_3.py
[2023-10-27 05:52:53,630] {processor.py:641} INFO - Processing file /home/airflow/.local/lib/python3.7/site-packages/airflow/example_dags/example_branch_python_dop_operator_3.py for tasks to queue
[2023-10-27 05:52:53,630] {logging_mixin.py:115} INFO - [2023-10-27 05:52:53,630] {dagbag.py:508} INFO - Filling up the DagBag from /home/airflow/.local/lib/python3.7/site-packages/airflow/example_dags/example_branch_python_dop_operator_3.py
[2023-10-27 05:52:53,646] {processor.py:651} INFO - DAG(s) dict_keys(['example_branch_dop_operator_v3']) retrieved from /home/airflow/.local/lib/python3.7/site-packages/airflow/example_dags/example_branch_python_dop_operator_3.py
[2023-10-27 05:52:53,827] {logging_mixin.py:115} INFO - [2023-10-27 05:52:53,827] {dag.py:2420} INFO - Sync 1 DAGs
[2023-10-27 05:52:53,855] {logging_mixin.py:115} INFO - [2023-10-27 05:52:53,855] {dag.py:2972} INFO - Setting next_dagrun for example_branch_dop_operator_v3 to 2023-10-27T05:51:00+00:00, run_after=2023-10-27T05:52:00+00:00
[2023-10-27 05:52:53,868] {processor.py:161} INFO - Processing /home/airflow/.local/lib/python3.7/site-packages/airflow/example_dags/example_branch_python_dop_operator_3.py took 0.243 seconds
[2023-10-27 05:53:24,024] {processor.py:153} INFO - Started process (PID=2888) to work on /home/airflow/.local/lib/python3.7/site-packages/airflow/example_dags/example_branch_python_dop_operator_3.py
[2023-10-27 05:53:24,025] {processor.py:641} INFO - Processing file /home/airflow/.local/lib/python3.7/site-packages/airflow/example_dags/example_branch_python_dop_operator_3.py for tasks to queue
[2023-10-27 05:53:24,026] {logging_mixin.py:115} INFO - [2023-10-27 05:53:24,025] {dagbag.py:508} INFO - Filling up the DagBag from /home/airflow/.local/lib/python3.7/site-packages/airflow/example_dags/example_branch_python_dop_operator_3.py
[2023-10-27 05:53:24,037] {processor.py:651} INFO - DAG(s) dict_keys(['example_branch_dop_operator_v3']) retrieved from /home/airflow/.local/lib/python3.7/site-packages/airflow/example_dags/example_branch_python_dop_operator_3.py
[2023-10-27 05:53:24,217] {logging_mixin.py:115} INFO - [2023-10-27 05:53:24,217] {dag.py:2420} INFO - Sync 1 DAGs
[2023-10-27 05:53:24,247] {logging_mixin.py:115} INFO - [2023-10-27 05:53:24,246] {dag.py:2972} INFO - Setting next_dagrun for example_branch_dop_operator_v3 to 2023-10-27T05:52:00+00:00, run_after=2023-10-27T05:53:00+00:00
[2023-10-27 05:53:24,259] {processor.py:161} INFO - Processing /home/airflow/.local/lib/python3.7/site-packages/airflow/example_dags/example_branch_python_dop_operator_3.py took 0.239 seconds
[2023-10-27 05:53:54,375] {processor.py:153} INFO - Started process (PID=2942) to work on /home/airflow/.local/lib/python3.7/site-packages/airflow/example_dags/example_branch_python_dop_operator_3.py
[2023-10-27 05:53:54,376] {processor.py:641} INFO - Processing file /home/airflow/.local/lib/python3.7/site-packages/airflow/example_dags/example_branch_python_dop_operator_3.py for tasks to queue
[2023-10-27 05:53:54,376] {logging_mixin.py:115} INFO - [2023-10-27 05:53:54,376] {dagbag.py:508} INFO - Filling up the DagBag from /home/airflow/.local/lib/python3.7/site-packages/airflow/example_dags/example_branch_python_dop_operator_3.py
[2023-10-27 05:53:54,388] {processor.py:651} INFO - DAG(s) dict_keys(['example_branch_dop_operator_v3']) retrieved from /home/airflow/.local/lib/python3.7/site-packages/airflow/example_dags/example_branch_python_dop_operator_3.py
[2023-10-27 05:53:54,569] {logging_mixin.py:115} INFO - [2023-10-27 05:53:54,569] {dag.py:2420} INFO - Sync 1 DAGs
[2023-10-27 05:53:54,597] {logging_mixin.py:115} INFO - [2023-10-27 05:53:54,597] {dag.py:2972} INFO - Setting next_dagrun for example_branch_dop_operator_v3 to 2023-10-27T05:52:00+00:00, run_after=2023-10-27T05:53:00+00:00
[2023-10-27 05:53:54,611] {processor.py:161} INFO - Processing /home/airflow/.local/lib/python3.7/site-packages/airflow/example_dags/example_branch_python_dop_operator_3.py took 0.241 seconds
