[2023-10-27 05:19:33,574] {processor.py:153} INFO - Started process (PID=55) to work on /home/airflow/.local/lib/python3.7/site-packages/airflow/example_dags/example_bash_operator.py
[2023-10-27 05:19:33,574] {processor.py:641} INFO - Processing file /home/airflow/.local/lib/python3.7/site-packages/airflow/example_dags/example_bash_operator.py for tasks to queue
[2023-10-27 05:19:33,575] {logging_mixin.py:115} INFO - [2023-10-27 05:19:33,575] {dagbag.py:508} INFO - Filling up the DagBag from /home/airflow/.local/lib/python3.7/site-packages/airflow/example_dags/example_bash_operator.py
[2023-10-27 05:19:33,592] {processor.py:651} INFO - DAG(s) dict_keys(['example_bash_operator']) retrieved from /home/airflow/.local/lib/python3.7/site-packages/airflow/example_dags/example_bash_operator.py
[2023-10-27 05:19:33,699] {logging_mixin.py:115} INFO - [2023-10-27 05:19:33,699] {manager.py:508} INFO - Created Permission View: can delete on DAG:example_bash_operator
[2023-10-27 05:19:33,712] {logging_mixin.py:115} INFO - [2023-10-27 05:19:33,712] {manager.py:508} INFO - Created Permission View: can read on DAG:example_bash_operator
[2023-10-27 05:19:33,722] {logging_mixin.py:115} INFO - [2023-10-27 05:19:33,722] {manager.py:508} INFO - Created Permission View: can edit on DAG:example_bash_operator
[2023-10-27 05:19:33,723] {logging_mixin.py:115} INFO - [2023-10-27 05:19:33,723] {dag.py:2420} INFO - Sync 1 DAGs
[2023-10-27 05:19:33,734] {logging_mixin.py:115} INFO - [2023-10-27 05:19:33,734] {dag.py:2439} INFO - Creating ORM DAG for example_bash_operator
[2023-10-27 05:19:33,753] {logging_mixin.py:115} INFO - [2023-10-27 05:19:33,753] {dag.py:2972} INFO - Setting next_dagrun for example_bash_operator to 2023-10-26T00:00:00+00:00, run_after=2023-10-27T00:00:00+00:00
[2023-10-27 05:19:33,774] {processor.py:161} INFO - Processing /home/airflow/.local/lib/python3.7/site-packages/airflow/example_dags/example_bash_operator.py took 0.205 seconds
[2023-10-27 05:20:04,604] {processor.py:153} INFO - Started process (PID=118) to work on /home/airflow/.local/lib/python3.7/site-packages/airflow/example_dags/example_bash_operator.py
[2023-10-27 05:20:04,604] {processor.py:641} INFO - Processing file /home/airflow/.local/lib/python3.7/site-packages/airflow/example_dags/example_bash_operator.py for tasks to queue
[2023-10-27 05:20:04,605] {logging_mixin.py:115} INFO - [2023-10-27 05:20:04,605] {dagbag.py:508} INFO - Filling up the DagBag from /home/airflow/.local/lib/python3.7/site-packages/airflow/example_dags/example_bash_operator.py
[2023-10-27 05:20:04,620] {processor.py:651} INFO - DAG(s) dict_keys(['example_bash_operator']) retrieved from /home/airflow/.local/lib/python3.7/site-packages/airflow/example_dags/example_bash_operator.py
[2023-10-27 05:20:04,649] {logging_mixin.py:115} INFO - [2023-10-27 05:20:04,649] {dag.py:2420} INFO - Sync 1 DAGs
[2023-10-27 05:20:04,675] {logging_mixin.py:115} INFO - [2023-10-27 05:20:04,675] {dag.py:2972} INFO - Setting next_dagrun for example_bash_operator to 2023-10-26T00:00:00+00:00, run_after=2023-10-27T00:00:00+00:00
[2023-10-27 05:20:04,689] {processor.py:161} INFO - Processing /home/airflow/.local/lib/python3.7/site-packages/airflow/example_dags/example_bash_operator.py took 0.089 seconds
[2023-10-27 05:20:34,795] {processor.py:153} INFO - Started process (PID=177) to work on /home/airflow/.local/lib/python3.7/site-packages/airflow/example_dags/example_bash_operator.py
[2023-10-27 05:20:34,795] {processor.py:641} INFO - Processing file /home/airflow/.local/lib/python3.7/site-packages/airflow/example_dags/example_bash_operator.py for tasks to queue
[2023-10-27 05:20:34,796] {logging_mixin.py:115} INFO - [2023-10-27 05:20:34,796] {dagbag.py:508} INFO - Filling up the DagBag from /home/airflow/.local/lib/python3.7/site-packages/airflow/example_dags/example_bash_operator.py
[2023-10-27 05:20:34,811] {processor.py:651} INFO - DAG(s) dict_keys(['example_bash_operator']) retrieved from /home/airflow/.local/lib/python3.7/site-packages/airflow/example_dags/example_bash_operator.py
[2023-10-27 05:20:34,852] {logging_mixin.py:115} INFO - [2023-10-27 05:20:34,852] {dag.py:2420} INFO - Sync 1 DAGs
[2023-10-27 05:20:34,890] {logging_mixin.py:115} INFO - [2023-10-27 05:20:34,890] {dag.py:2972} INFO - Setting next_dagrun for example_bash_operator to 2023-10-26T00:00:00+00:00, run_after=2023-10-27T00:00:00+00:00
[2023-10-27 05:20:34,907] {processor.py:161} INFO - Processing /home/airflow/.local/lib/python3.7/site-packages/airflow/example_dags/example_bash_operator.py took 0.118 seconds
[2023-10-27 05:21:05,075] {processor.py:153} INFO - Started process (PID=231) to work on /home/airflow/.local/lib/python3.7/site-packages/airflow/example_dags/example_bash_operator.py
[2023-10-27 05:21:05,075] {processor.py:641} INFO - Processing file /home/airflow/.local/lib/python3.7/site-packages/airflow/example_dags/example_bash_operator.py for tasks to queue
[2023-10-27 05:21:05,076] {logging_mixin.py:115} INFO - [2023-10-27 05:21:05,076] {dagbag.py:508} INFO - Filling up the DagBag from /home/airflow/.local/lib/python3.7/site-packages/airflow/example_dags/example_bash_operator.py
[2023-10-27 05:21:05,090] {processor.py:651} INFO - DAG(s) dict_keys(['example_bash_operator']) retrieved from /home/airflow/.local/lib/python3.7/site-packages/airflow/example_dags/example_bash_operator.py
[2023-10-27 05:21:05,121] {logging_mixin.py:115} INFO - [2023-10-27 05:21:05,121] {dag.py:2420} INFO - Sync 1 DAGs
[2023-10-27 05:21:05,149] {logging_mixin.py:115} INFO - [2023-10-27 05:21:05,148] {dag.py:2972} INFO - Setting next_dagrun for example_bash_operator to 2023-10-26T00:00:00+00:00, run_after=2023-10-27T00:00:00+00:00
[2023-10-27 05:21:05,162] {processor.py:161} INFO - Processing /home/airflow/.local/lib/python3.7/site-packages/airflow/example_dags/example_bash_operator.py took 0.091 seconds
[2023-10-27 05:21:35,280] {processor.py:153} INFO - Started process (PID=292) to work on /home/airflow/.local/lib/python3.7/site-packages/airflow/example_dags/example_bash_operator.py
[2023-10-27 05:21:35,281] {processor.py:641} INFO - Processing file /home/airflow/.local/lib/python3.7/site-packages/airflow/example_dags/example_bash_operator.py for tasks to queue
[2023-10-27 05:21:35,281] {logging_mixin.py:115} INFO - [2023-10-27 05:21:35,281] {dagbag.py:508} INFO - Filling up the DagBag from /home/airflow/.local/lib/python3.7/site-packages/airflow/example_dags/example_bash_operator.py
[2023-10-27 05:21:35,295] {processor.py:651} INFO - DAG(s) dict_keys(['example_bash_operator']) retrieved from /home/airflow/.local/lib/python3.7/site-packages/airflow/example_dags/example_bash_operator.py
[2023-10-27 05:21:35,327] {logging_mixin.py:115} INFO - [2023-10-27 05:21:35,327] {dag.py:2420} INFO - Sync 1 DAGs
[2023-10-27 05:21:35,355] {logging_mixin.py:115} INFO - [2023-10-27 05:21:35,355] {dag.py:2972} INFO - Setting next_dagrun for example_bash_operator to 2023-10-26T00:00:00+00:00, run_after=2023-10-27T00:00:00+00:00
[2023-10-27 05:21:35,369] {processor.py:161} INFO - Processing /home/airflow/.local/lib/python3.7/site-packages/airflow/example_dags/example_bash_operator.py took 0.094 seconds
[2023-10-27 05:22:05,443] {processor.py:153} INFO - Started process (PID=345) to work on /home/airflow/.local/lib/python3.7/site-packages/airflow/example_dags/example_bash_operator.py
[2023-10-27 05:22:05,443] {processor.py:641} INFO - Processing file /home/airflow/.local/lib/python3.7/site-packages/airflow/example_dags/example_bash_operator.py for tasks to queue
[2023-10-27 05:22:05,444] {logging_mixin.py:115} INFO - [2023-10-27 05:22:05,444] {dagbag.py:508} INFO - Filling up the DagBag from /home/airflow/.local/lib/python3.7/site-packages/airflow/example_dags/example_bash_operator.py
[2023-10-27 05:22:05,458] {processor.py:651} INFO - DAG(s) dict_keys(['example_bash_operator']) retrieved from /home/airflow/.local/lib/python3.7/site-packages/airflow/example_dags/example_bash_operator.py
[2023-10-27 05:22:05,490] {logging_mixin.py:115} INFO - [2023-10-27 05:22:05,490] {dag.py:2420} INFO - Sync 1 DAGs
[2023-10-27 05:22:05,519] {logging_mixin.py:115} INFO - [2023-10-27 05:22:05,519] {dag.py:2972} INFO - Setting next_dagrun for example_bash_operator to 2023-10-26T00:00:00+00:00, run_after=2023-10-27T00:00:00+00:00
[2023-10-27 05:22:05,535] {processor.py:161} INFO - Processing /home/airflow/.local/lib/python3.7/site-packages/airflow/example_dags/example_bash_operator.py took 0.096 seconds
[2023-10-27 05:22:35,631] {processor.py:153} INFO - Started process (PID=397) to work on /home/airflow/.local/lib/python3.7/site-packages/airflow/example_dags/example_bash_operator.py
[2023-10-27 05:22:35,631] {processor.py:641} INFO - Processing file /home/airflow/.local/lib/python3.7/site-packages/airflow/example_dags/example_bash_operator.py for tasks to queue
[2023-10-27 05:22:35,632] {logging_mixin.py:115} INFO - [2023-10-27 05:22:35,632] {dagbag.py:508} INFO - Filling up the DagBag from /home/airflow/.local/lib/python3.7/site-packages/airflow/example_dags/example_bash_operator.py
[2023-10-27 05:22:35,646] {processor.py:651} INFO - DAG(s) dict_keys(['example_bash_operator']) retrieved from /home/airflow/.local/lib/python3.7/site-packages/airflow/example_dags/example_bash_operator.py
[2023-10-27 05:22:35,677] {logging_mixin.py:115} INFO - [2023-10-27 05:22:35,677] {dag.py:2420} INFO - Sync 1 DAGs
[2023-10-27 05:22:35,705] {logging_mixin.py:115} INFO - [2023-10-27 05:22:35,705] {dag.py:2972} INFO - Setting next_dagrun for example_bash_operator to 2023-10-26T00:00:00+00:00, run_after=2023-10-27T00:00:00+00:00
[2023-10-27 05:22:35,719] {processor.py:161} INFO - Processing /home/airflow/.local/lib/python3.7/site-packages/airflow/example_dags/example_bash_operator.py took 0.092 seconds
[2023-10-27 05:23:05,821] {processor.py:153} INFO - Started process (PID=457) to work on /home/airflow/.local/lib/python3.7/site-packages/airflow/example_dags/example_bash_operator.py
[2023-10-27 05:23:05,821] {processor.py:641} INFO - Processing file /home/airflow/.local/lib/python3.7/site-packages/airflow/example_dags/example_bash_operator.py for tasks to queue
[2023-10-27 05:23:05,822] {logging_mixin.py:115} INFO - [2023-10-27 05:23:05,822] {dagbag.py:508} INFO - Filling up the DagBag from /home/airflow/.local/lib/python3.7/site-packages/airflow/example_dags/example_bash_operator.py
[2023-10-27 05:23:05,837] {processor.py:651} INFO - DAG(s) dict_keys(['example_bash_operator']) retrieved from /home/airflow/.local/lib/python3.7/site-packages/airflow/example_dags/example_bash_operator.py
[2023-10-27 05:23:05,887] {logging_mixin.py:115} INFO - [2023-10-27 05:23:05,887] {dag.py:2420} INFO - Sync 1 DAGs
[2023-10-27 05:23:05,916] {logging_mixin.py:115} INFO - [2023-10-27 05:23:05,916] {dag.py:2972} INFO - Setting next_dagrun for example_bash_operator to 2023-10-26T00:00:00+00:00, run_after=2023-10-27T00:00:00+00:00
[2023-10-27 05:23:05,931] {processor.py:161} INFO - Processing /home/airflow/.local/lib/python3.7/site-packages/airflow/example_dags/example_bash_operator.py took 0.115 seconds
[2023-10-27 05:23:36,066] {processor.py:153} INFO - Started process (PID=518) to work on /home/airflow/.local/lib/python3.7/site-packages/airflow/example_dags/example_bash_operator.py
[2023-10-27 05:23:36,069] {processor.py:641} INFO - Processing file /home/airflow/.local/lib/python3.7/site-packages/airflow/example_dags/example_bash_operator.py for tasks to queue
[2023-10-27 05:23:36,070] {logging_mixin.py:115} INFO - [2023-10-27 05:23:36,070] {dagbag.py:508} INFO - Filling up the DagBag from /home/airflow/.local/lib/python3.7/site-packages/airflow/example_dags/example_bash_operator.py
[2023-10-27 05:23:36,086] {processor.py:651} INFO - DAG(s) dict_keys(['example_bash_operator']) retrieved from /home/airflow/.local/lib/python3.7/site-packages/airflow/example_dags/example_bash_operator.py
[2023-10-27 05:23:36,120] {logging_mixin.py:115} INFO - [2023-10-27 05:23:36,120] {dag.py:2420} INFO - Sync 1 DAGs
[2023-10-27 05:23:36,150] {logging_mixin.py:115} INFO - [2023-10-27 05:23:36,150] {dag.py:2972} INFO - Setting next_dagrun for example_bash_operator to 2023-10-26T00:00:00+00:00, run_after=2023-10-27T00:00:00+00:00
[2023-10-27 05:23:36,173] {processor.py:161} INFO - Processing /home/airflow/.local/lib/python3.7/site-packages/airflow/example_dags/example_bash_operator.py took 0.120 seconds
[2023-10-27 05:24:59,651] {processor.py:153} INFO - Started process (PID=55) to work on /home/airflow/.local/lib/python3.7/site-packages/airflow/example_dags/example_bash_operator.py
[2023-10-27 05:24:59,661] {processor.py:641} INFO - Processing file /home/airflow/.local/lib/python3.7/site-packages/airflow/example_dags/example_bash_operator.py for tasks to queue
[2023-10-27 05:24:59,662] {logging_mixin.py:115} INFO - [2023-10-27 05:24:59,662] {dagbag.py:508} INFO - Filling up the DagBag from /home/airflow/.local/lib/python3.7/site-packages/airflow/example_dags/example_bash_operator.py
[2023-10-27 05:24:59,679] {processor.py:651} INFO - DAG(s) dict_keys(['example_bash_operator']) retrieved from /home/airflow/.local/lib/python3.7/site-packages/airflow/example_dags/example_bash_operator.py
[2023-10-27 05:24:59,761] {logging_mixin.py:115} INFO - [2023-10-27 05:24:59,760] {dag.py:2420} INFO - Sync 1 DAGs
[2023-10-27 05:25:00,129] {logging_mixin.py:115} INFO - [2023-10-27 05:25:00,129] {dag.py:2972} INFO - Setting next_dagrun for example_bash_operator to 2023-10-26T00:00:00+00:00, run_after=2023-10-27T00:00:00+00:00
[2023-10-27 05:25:00,154] {processor.py:161} INFO - Processing /home/airflow/.local/lib/python3.7/site-packages/airflow/example_dags/example_bash_operator.py took 0.514 seconds
[2023-10-27 05:25:30,325] {processor.py:153} INFO - Started process (PID=107) to work on /home/airflow/.local/lib/python3.7/site-packages/airflow/example_dags/example_bash_operator.py
[2023-10-27 05:25:30,326] {processor.py:641} INFO - Processing file /home/airflow/.local/lib/python3.7/site-packages/airflow/example_dags/example_bash_operator.py for tasks to queue
[2023-10-27 05:25:30,326] {logging_mixin.py:115} INFO - [2023-10-27 05:25:30,326] {dagbag.py:508} INFO - Filling up the DagBag from /home/airflow/.local/lib/python3.7/site-packages/airflow/example_dags/example_bash_operator.py
[2023-10-27 05:25:30,341] {processor.py:651} INFO - DAG(s) dict_keys(['example_bash_operator']) retrieved from /home/airflow/.local/lib/python3.7/site-packages/airflow/example_dags/example_bash_operator.py
[2023-10-27 05:25:30,375] {logging_mixin.py:115} INFO - [2023-10-27 05:25:30,375] {dag.py:2420} INFO - Sync 1 DAGs
[2023-10-27 05:25:30,551] {logging_mixin.py:115} INFO - [2023-10-27 05:25:30,551] {dag.py:2972} INFO - Setting next_dagrun for example_bash_operator to 2023-10-26T00:00:00+00:00, run_after=2023-10-27T00:00:00+00:00
[2023-10-27 05:25:30,563] {processor.py:161} INFO - Processing /home/airflow/.local/lib/python3.7/site-packages/airflow/example_dags/example_bash_operator.py took 0.242 seconds
[2023-10-27 05:26:01,284] {processor.py:153} INFO - Started process (PID=168) to work on /home/airflow/.local/lib/python3.7/site-packages/airflow/example_dags/example_bash_operator.py
[2023-10-27 05:26:01,285] {processor.py:641} INFO - Processing file /home/airflow/.local/lib/python3.7/site-packages/airflow/example_dags/example_bash_operator.py for tasks to queue
[2023-10-27 05:26:01,286] {logging_mixin.py:115} INFO - [2023-10-27 05:26:01,286] {dagbag.py:508} INFO - Filling up the DagBag from /home/airflow/.local/lib/python3.7/site-packages/airflow/example_dags/example_bash_operator.py
[2023-10-27 05:26:01,302] {processor.py:651} INFO - DAG(s) dict_keys(['example_bash_operator']) retrieved from /home/airflow/.local/lib/python3.7/site-packages/airflow/example_dags/example_bash_operator.py
[2023-10-27 05:26:01,344] {logging_mixin.py:115} INFO - [2023-10-27 05:26:01,344] {dag.py:2420} INFO - Sync 1 DAGs
[2023-10-27 05:26:01,530] {logging_mixin.py:115} INFO - [2023-10-27 05:26:01,530] {dag.py:2972} INFO - Setting next_dagrun for example_bash_operator to 2023-10-26T00:00:00+00:00, run_after=2023-10-27T00:00:00+00:00
[2023-10-27 05:26:01,543] {processor.py:161} INFO - Processing /home/airflow/.local/lib/python3.7/site-packages/airflow/example_dags/example_bash_operator.py took 0.263 seconds
[2023-10-27 05:26:32,541] {processor.py:153} INFO - Started process (PID=226) to work on /home/airflow/.local/lib/python3.7/site-packages/airflow/example_dags/example_bash_operator.py
[2023-10-27 05:26:32,542] {processor.py:641} INFO - Processing file /home/airflow/.local/lib/python3.7/site-packages/airflow/example_dags/example_bash_operator.py for tasks to queue
[2023-10-27 05:26:32,542] {logging_mixin.py:115} INFO - [2023-10-27 05:26:32,542] {dagbag.py:508} INFO - Filling up the DagBag from /home/airflow/.local/lib/python3.7/site-packages/airflow/example_dags/example_bash_operator.py
[2023-10-27 05:26:32,557] {processor.py:651} INFO - DAG(s) dict_keys(['example_bash_operator']) retrieved from /home/airflow/.local/lib/python3.7/site-packages/airflow/example_dags/example_bash_operator.py
[2023-10-27 05:26:32,592] {logging_mixin.py:115} INFO - [2023-10-27 05:26:32,592] {dag.py:2420} INFO - Sync 1 DAGs
[2023-10-27 05:26:32,768] {logging_mixin.py:115} INFO - [2023-10-27 05:26:32,768] {dag.py:2972} INFO - Setting next_dagrun for example_bash_operator to 2023-10-26T00:00:00+00:00, run_after=2023-10-27T00:00:00+00:00
[2023-10-27 05:26:32,780] {processor.py:161} INFO - Processing /home/airflow/.local/lib/python3.7/site-packages/airflow/example_dags/example_bash_operator.py took 0.243 seconds
[2023-10-27 05:27:03,067] {processor.py:153} INFO - Started process (PID=280) to work on /home/airflow/.local/lib/python3.7/site-packages/airflow/example_dags/example_bash_operator.py
[2023-10-27 05:27:03,068] {processor.py:641} INFO - Processing file /home/airflow/.local/lib/python3.7/site-packages/airflow/example_dags/example_bash_operator.py for tasks to queue
[2023-10-27 05:27:03,068] {logging_mixin.py:115} INFO - [2023-10-27 05:27:03,068] {dagbag.py:508} INFO - Filling up the DagBag from /home/airflow/.local/lib/python3.7/site-packages/airflow/example_dags/example_bash_operator.py
[2023-10-27 05:27:03,082] {processor.py:651} INFO - DAG(s) dict_keys(['example_bash_operator']) retrieved from /home/airflow/.local/lib/python3.7/site-packages/airflow/example_dags/example_bash_operator.py
[2023-10-27 05:27:03,117] {logging_mixin.py:115} INFO - [2023-10-27 05:27:03,117] {dag.py:2420} INFO - Sync 1 DAGs
[2023-10-27 05:27:03,294] {logging_mixin.py:115} INFO - [2023-10-27 05:27:03,294] {dag.py:2972} INFO - Setting next_dagrun for example_bash_operator to 2023-10-26T00:00:00+00:00, run_after=2023-10-27T00:00:00+00:00
[2023-10-27 05:27:03,306] {processor.py:161} INFO - Processing /home/airflow/.local/lib/python3.7/site-packages/airflow/example_dags/example_bash_operator.py took 0.243 seconds
[2023-10-27 05:28:15,559] {processor.py:153} INFO - Started process (PID=55) to work on /home/airflow/.local/lib/python3.7/site-packages/airflow/example_dags/example_bash_operator.py
[2023-10-27 05:28:15,576] {processor.py:641} INFO - Processing file /home/airflow/.local/lib/python3.7/site-packages/airflow/example_dags/example_bash_operator.py for tasks to queue
[2023-10-27 05:28:15,576] {logging_mixin.py:115} INFO - [2023-10-27 05:28:15,576] {dagbag.py:508} INFO - Filling up the DagBag from /home/airflow/.local/lib/python3.7/site-packages/airflow/example_dags/example_bash_operator.py
[2023-10-27 05:28:15,643] {processor.py:651} INFO - DAG(s) dict_keys(['example_bash_operator']) retrieved from /home/airflow/.local/lib/python3.7/site-packages/airflow/example_dags/example_bash_operator.py
[2023-10-27 05:28:15,827] {logging_mixin.py:115} INFO - [2023-10-27 05:28:15,827] {dag.py:2420} INFO - Sync 1 DAGs
[2023-10-27 05:28:16,296] {logging_mixin.py:115} INFO - [2023-10-27 05:28:16,296] {dag.py:2972} INFO - Setting next_dagrun for example_bash_operator to 2023-10-26T00:00:00+00:00, run_after=2023-10-27T00:00:00+00:00
[2023-10-27 05:28:16,333] {processor.py:161} INFO - Processing /home/airflow/.local/lib/python3.7/site-packages/airflow/example_dags/example_bash_operator.py took 0.786 seconds
[2023-10-27 05:28:50,401] {processor.py:153} INFO - Started process (PID=108) to work on /home/airflow/.local/lib/python3.7/site-packages/airflow/example_dags/example_bash_operator.py
[2023-10-27 05:28:50,402] {processor.py:641} INFO - Processing file /home/airflow/.local/lib/python3.7/site-packages/airflow/example_dags/example_bash_operator.py for tasks to queue
[2023-10-27 05:28:50,403] {logging_mixin.py:115} INFO - [2023-10-27 05:28:50,403] {dagbag.py:508} INFO - Filling up the DagBag from /home/airflow/.local/lib/python3.7/site-packages/airflow/example_dags/example_bash_operator.py
[2023-10-27 05:28:50,418] {processor.py:651} INFO - DAG(s) dict_keys(['example_bash_operator']) retrieved from /home/airflow/.local/lib/python3.7/site-packages/airflow/example_dags/example_bash_operator.py
[2023-10-27 05:28:50,452] {logging_mixin.py:115} INFO - [2023-10-27 05:28:50,452] {dag.py:2420} INFO - Sync 1 DAGs
[2023-10-27 05:28:50,640] {logging_mixin.py:115} INFO - [2023-10-27 05:28:50,640] {dag.py:2972} INFO - Setting next_dagrun for example_bash_operator to 2023-10-26T00:00:00+00:00, run_after=2023-10-27T00:00:00+00:00
[2023-10-27 05:28:50,656] {processor.py:161} INFO - Processing /home/airflow/.local/lib/python3.7/site-packages/airflow/example_dags/example_bash_operator.py took 0.259 seconds
[2023-10-27 05:29:20,745] {processor.py:153} INFO - Started process (PID=169) to work on /home/airflow/.local/lib/python3.7/site-packages/airflow/example_dags/example_bash_operator.py
[2023-10-27 05:29:20,746] {processor.py:641} INFO - Processing file /home/airflow/.local/lib/python3.7/site-packages/airflow/example_dags/example_bash_operator.py for tasks to queue
[2023-10-27 05:29:20,747] {logging_mixin.py:115} INFO - [2023-10-27 05:29:20,747] {dagbag.py:508} INFO - Filling up the DagBag from /home/airflow/.local/lib/python3.7/site-packages/airflow/example_dags/example_bash_operator.py
[2023-10-27 05:29:20,761] {processor.py:651} INFO - DAG(s) dict_keys(['example_bash_operator']) retrieved from /home/airflow/.local/lib/python3.7/site-packages/airflow/example_dags/example_bash_operator.py
[2023-10-27 05:29:20,800] {logging_mixin.py:115} INFO - [2023-10-27 05:29:20,799] {dag.py:2420} INFO - Sync 1 DAGs
[2023-10-27 05:29:20,985] {logging_mixin.py:115} INFO - [2023-10-27 05:29:20,985] {dag.py:2972} INFO - Setting next_dagrun for example_bash_operator to 2023-10-26T00:00:00+00:00, run_after=2023-10-27T00:00:00+00:00
[2023-10-27 05:29:20,998] {processor.py:161} INFO - Processing /home/airflow/.local/lib/python3.7/site-packages/airflow/example_dags/example_bash_operator.py took 0.256 seconds
[2023-10-27 05:29:51,282] {processor.py:153} INFO - Started process (PID=230) to work on /home/airflow/.local/lib/python3.7/site-packages/airflow/example_dags/example_bash_operator.py
[2023-10-27 05:29:51,283] {processor.py:641} INFO - Processing file /home/airflow/.local/lib/python3.7/site-packages/airflow/example_dags/example_bash_operator.py for tasks to queue
[2023-10-27 05:29:51,283] {logging_mixin.py:115} INFO - [2023-10-27 05:29:51,283] {dagbag.py:508} INFO - Filling up the DagBag from /home/airflow/.local/lib/python3.7/site-packages/airflow/example_dags/example_bash_operator.py
[2023-10-27 05:29:51,297] {processor.py:651} INFO - DAG(s) dict_keys(['example_bash_operator']) retrieved from /home/airflow/.local/lib/python3.7/site-packages/airflow/example_dags/example_bash_operator.py
[2023-10-27 05:29:51,334] {logging_mixin.py:115} INFO - [2023-10-27 05:29:51,334] {dag.py:2420} INFO - Sync 1 DAGs
[2023-10-27 05:29:51,517] {logging_mixin.py:115} INFO - [2023-10-27 05:29:51,517] {dag.py:2972} INFO - Setting next_dagrun for example_bash_operator to 2023-10-26T00:00:00+00:00, run_after=2023-10-27T00:00:00+00:00
[2023-10-27 05:29:51,530] {processor.py:161} INFO - Processing /home/airflow/.local/lib/python3.7/site-packages/airflow/example_dags/example_bash_operator.py took 0.253 seconds
[2023-10-27 05:30:21,933] {processor.py:153} INFO - Started process (PID=281) to work on /home/airflow/.local/lib/python3.7/site-packages/airflow/example_dags/example_bash_operator.py
[2023-10-27 05:30:21,934] {processor.py:641} INFO - Processing file /home/airflow/.local/lib/python3.7/site-packages/airflow/example_dags/example_bash_operator.py for tasks to queue
[2023-10-27 05:30:21,934] {logging_mixin.py:115} INFO - [2023-10-27 05:30:21,934] {dagbag.py:508} INFO - Filling up the DagBag from /home/airflow/.local/lib/python3.7/site-packages/airflow/example_dags/example_bash_operator.py
[2023-10-27 05:30:21,948] {processor.py:651} INFO - DAG(s) dict_keys(['example_bash_operator']) retrieved from /home/airflow/.local/lib/python3.7/site-packages/airflow/example_dags/example_bash_operator.py
[2023-10-27 05:30:21,982] {logging_mixin.py:115} INFO - [2023-10-27 05:30:21,982] {dag.py:2420} INFO - Sync 1 DAGs
[2023-10-27 05:30:22,159] {logging_mixin.py:115} INFO - [2023-10-27 05:30:22,159] {dag.py:2972} INFO - Setting next_dagrun for example_bash_operator to 2023-10-26T00:00:00+00:00, run_after=2023-10-27T00:00:00+00:00
[2023-10-27 05:30:22,171] {processor.py:161} INFO - Processing /home/airflow/.local/lib/python3.7/site-packages/airflow/example_dags/example_bash_operator.py took 0.243 seconds
[2023-10-27 05:30:52,220] {processor.py:153} INFO - Started process (PID=342) to work on /home/airflow/.local/lib/python3.7/site-packages/airflow/example_dags/example_bash_operator.py
[2023-10-27 05:30:52,221] {processor.py:641} INFO - Processing file /home/airflow/.local/lib/python3.7/site-packages/airflow/example_dags/example_bash_operator.py for tasks to queue
[2023-10-27 05:30:52,221] {logging_mixin.py:115} INFO - [2023-10-27 05:30:52,221] {dagbag.py:508} INFO - Filling up the DagBag from /home/airflow/.local/lib/python3.7/site-packages/airflow/example_dags/example_bash_operator.py
[2023-10-27 05:30:52,235] {processor.py:651} INFO - DAG(s) dict_keys(['example_bash_operator']) retrieved from /home/airflow/.local/lib/python3.7/site-packages/airflow/example_dags/example_bash_operator.py
[2023-10-27 05:30:52,269] {logging_mixin.py:115} INFO - [2023-10-27 05:30:52,269] {dag.py:2420} INFO - Sync 1 DAGs
[2023-10-27 05:30:52,447] {logging_mixin.py:115} INFO - [2023-10-27 05:30:52,446] {dag.py:2972} INFO - Setting next_dagrun for example_bash_operator to 2023-10-26T00:00:00+00:00, run_after=2023-10-27T00:00:00+00:00
[2023-10-27 05:30:52,459] {processor.py:161} INFO - Processing /home/airflow/.local/lib/python3.7/site-packages/airflow/example_dags/example_bash_operator.py took 0.243 seconds
[2023-10-27 05:31:22,557] {processor.py:153} INFO - Started process (PID=395) to work on /home/airflow/.local/lib/python3.7/site-packages/airflow/example_dags/example_bash_operator.py
[2023-10-27 05:31:22,558] {processor.py:641} INFO - Processing file /home/airflow/.local/lib/python3.7/site-packages/airflow/example_dags/example_bash_operator.py for tasks to queue
[2023-10-27 05:31:22,558] {logging_mixin.py:115} INFO - [2023-10-27 05:31:22,558] {dagbag.py:508} INFO - Filling up the DagBag from /home/airflow/.local/lib/python3.7/site-packages/airflow/example_dags/example_bash_operator.py
[2023-10-27 05:31:22,573] {processor.py:651} INFO - DAG(s) dict_keys(['example_bash_operator']) retrieved from /home/airflow/.local/lib/python3.7/site-packages/airflow/example_dags/example_bash_operator.py
[2023-10-27 05:31:22,608] {logging_mixin.py:115} INFO - [2023-10-27 05:31:22,608] {dag.py:2420} INFO - Sync 1 DAGs
[2023-10-27 05:31:22,789] {logging_mixin.py:115} INFO - [2023-10-27 05:31:22,789] {dag.py:2972} INFO - Setting next_dagrun for example_bash_operator to 2023-10-26T00:00:00+00:00, run_after=2023-10-27T00:00:00+00:00
[2023-10-27 05:31:22,802] {processor.py:161} INFO - Processing /home/airflow/.local/lib/python3.7/site-packages/airflow/example_dags/example_bash_operator.py took 0.249 seconds
[2023-10-27 05:31:52,865] {processor.py:153} INFO - Started process (PID=456) to work on /home/airflow/.local/lib/python3.7/site-packages/airflow/example_dags/example_bash_operator.py
[2023-10-27 05:31:52,866] {processor.py:641} INFO - Processing file /home/airflow/.local/lib/python3.7/site-packages/airflow/example_dags/example_bash_operator.py for tasks to queue
[2023-10-27 05:31:52,866] {logging_mixin.py:115} INFO - [2023-10-27 05:31:52,866] {dagbag.py:508} INFO - Filling up the DagBag from /home/airflow/.local/lib/python3.7/site-packages/airflow/example_dags/example_bash_operator.py
[2023-10-27 05:31:52,880] {processor.py:651} INFO - DAG(s) dict_keys(['example_bash_operator']) retrieved from /home/airflow/.local/lib/python3.7/site-packages/airflow/example_dags/example_bash_operator.py
[2023-10-27 05:31:52,915] {logging_mixin.py:115} INFO - [2023-10-27 05:31:52,915] {dag.py:2420} INFO - Sync 1 DAGs
[2023-10-27 05:31:53,088] {logging_mixin.py:115} INFO - [2023-10-27 05:31:53,088] {dag.py:2972} INFO - Setting next_dagrun for example_bash_operator to 2023-10-26T00:00:00+00:00, run_after=2023-10-27T00:00:00+00:00
[2023-10-27 05:31:53,100] {processor.py:161} INFO - Processing /home/airflow/.local/lib/python3.7/site-packages/airflow/example_dags/example_bash_operator.py took 0.238 seconds
[2023-10-27 05:32:23,243] {processor.py:153} INFO - Started process (PID=517) to work on /home/airflow/.local/lib/python3.7/site-packages/airflow/example_dags/example_bash_operator.py
[2023-10-27 05:32:23,244] {processor.py:641} INFO - Processing file /home/airflow/.local/lib/python3.7/site-packages/airflow/example_dags/example_bash_operator.py for tasks to queue
[2023-10-27 05:32:23,245] {logging_mixin.py:115} INFO - [2023-10-27 05:32:23,245] {dagbag.py:508} INFO - Filling up the DagBag from /home/airflow/.local/lib/python3.7/site-packages/airflow/example_dags/example_bash_operator.py
[2023-10-27 05:32:23,259] {processor.py:651} INFO - DAG(s) dict_keys(['example_bash_operator']) retrieved from /home/airflow/.local/lib/python3.7/site-packages/airflow/example_dags/example_bash_operator.py
[2023-10-27 05:32:23,295] {logging_mixin.py:115} INFO - [2023-10-27 05:32:23,295] {dag.py:2420} INFO - Sync 1 DAGs
[2023-10-27 05:32:23,478] {logging_mixin.py:115} INFO - [2023-10-27 05:32:23,478] {dag.py:2972} INFO - Setting next_dagrun for example_bash_operator to 2023-10-26T00:00:00+00:00, run_after=2023-10-27T00:00:00+00:00
[2023-10-27 05:32:23,491] {processor.py:161} INFO - Processing /home/airflow/.local/lib/python3.7/site-packages/airflow/example_dags/example_bash_operator.py took 0.252 seconds
[2023-10-27 05:32:53,690] {processor.py:153} INFO - Started process (PID=569) to work on /home/airflow/.local/lib/python3.7/site-packages/airflow/example_dags/example_bash_operator.py
[2023-10-27 05:32:53,690] {processor.py:641} INFO - Processing file /home/airflow/.local/lib/python3.7/site-packages/airflow/example_dags/example_bash_operator.py for tasks to queue
[2023-10-27 05:32:53,691] {logging_mixin.py:115} INFO - [2023-10-27 05:32:53,691] {dagbag.py:508} INFO - Filling up the DagBag from /home/airflow/.local/lib/python3.7/site-packages/airflow/example_dags/example_bash_operator.py
[2023-10-27 05:32:53,705] {processor.py:651} INFO - DAG(s) dict_keys(['example_bash_operator']) retrieved from /home/airflow/.local/lib/python3.7/site-packages/airflow/example_dags/example_bash_operator.py
[2023-10-27 05:32:53,738] {logging_mixin.py:115} INFO - [2023-10-27 05:32:53,738] {dag.py:2420} INFO - Sync 1 DAGs
[2023-10-27 05:32:53,914] {logging_mixin.py:115} INFO - [2023-10-27 05:32:53,914] {dag.py:2972} INFO - Setting next_dagrun for example_bash_operator to 2023-10-26T00:00:00+00:00, run_after=2023-10-27T00:00:00+00:00
[2023-10-27 05:32:53,925] {processor.py:161} INFO - Processing /home/airflow/.local/lib/python3.7/site-packages/airflow/example_dags/example_bash_operator.py took 0.240 seconds
[2023-10-27 05:33:24,485] {processor.py:153} INFO - Started process (PID=630) to work on /home/airflow/.local/lib/python3.7/site-packages/airflow/example_dags/example_bash_operator.py
[2023-10-27 05:33:24,486] {processor.py:641} INFO - Processing file /home/airflow/.local/lib/python3.7/site-packages/airflow/example_dags/example_bash_operator.py for tasks to queue
[2023-10-27 05:33:24,487] {logging_mixin.py:115} INFO - [2023-10-27 05:33:24,487] {dagbag.py:508} INFO - Filling up the DagBag from /home/airflow/.local/lib/python3.7/site-packages/airflow/example_dags/example_bash_operator.py
[2023-10-27 05:33:24,501] {processor.py:651} INFO - DAG(s) dict_keys(['example_bash_operator']) retrieved from /home/airflow/.local/lib/python3.7/site-packages/airflow/example_dags/example_bash_operator.py
[2023-10-27 05:33:24,536] {logging_mixin.py:115} INFO - [2023-10-27 05:33:24,535] {dag.py:2420} INFO - Sync 1 DAGs
[2023-10-27 05:33:24,716] {logging_mixin.py:115} INFO - [2023-10-27 05:33:24,716] {dag.py:2972} INFO - Setting next_dagrun for example_bash_operator to 2023-10-26T00:00:00+00:00, run_after=2023-10-27T00:00:00+00:00
[2023-10-27 05:33:24,728] {processor.py:161} INFO - Processing /home/airflow/.local/lib/python3.7/site-packages/airflow/example_dags/example_bash_operator.py took 0.247 seconds
[2023-10-27 05:33:55,769] {processor.py:153} INFO - Started process (PID=682) to work on /home/airflow/.local/lib/python3.7/site-packages/airflow/example_dags/example_bash_operator.py
[2023-10-27 05:33:55,770] {processor.py:641} INFO - Processing file /home/airflow/.local/lib/python3.7/site-packages/airflow/example_dags/example_bash_operator.py for tasks to queue
[2023-10-27 05:33:55,770] {logging_mixin.py:115} INFO - [2023-10-27 05:33:55,770] {dagbag.py:508} INFO - Filling up the DagBag from /home/airflow/.local/lib/python3.7/site-packages/airflow/example_dags/example_bash_operator.py
[2023-10-27 05:33:55,785] {processor.py:651} INFO - DAG(s) dict_keys(['example_bash_operator']) retrieved from /home/airflow/.local/lib/python3.7/site-packages/airflow/example_dags/example_bash_operator.py
[2023-10-27 05:33:55,825] {logging_mixin.py:115} INFO - [2023-10-27 05:33:55,825] {dag.py:2420} INFO - Sync 1 DAGs
[2023-10-27 05:33:56,025] {logging_mixin.py:115} INFO - [2023-10-27 05:33:56,025] {dag.py:2972} INFO - Setting next_dagrun for example_bash_operator to 2023-10-26T00:00:00+00:00, run_after=2023-10-27T00:00:00+00:00
[2023-10-27 05:33:56,037] {processor.py:161} INFO - Processing /home/airflow/.local/lib/python3.7/site-packages/airflow/example_dags/example_bash_operator.py took 0.272 seconds
[2023-10-27 05:34:26,823] {processor.py:153} INFO - Started process (PID=742) to work on /home/airflow/.local/lib/python3.7/site-packages/airflow/example_dags/example_bash_operator.py
[2023-10-27 05:34:26,824] {processor.py:641} INFO - Processing file /home/airflow/.local/lib/python3.7/site-packages/airflow/example_dags/example_bash_operator.py for tasks to queue
[2023-10-27 05:34:26,824] {logging_mixin.py:115} INFO - [2023-10-27 05:34:26,824] {dagbag.py:508} INFO - Filling up the DagBag from /home/airflow/.local/lib/python3.7/site-packages/airflow/example_dags/example_bash_operator.py
[2023-10-27 05:34:26,838] {processor.py:651} INFO - DAG(s) dict_keys(['example_bash_operator']) retrieved from /home/airflow/.local/lib/python3.7/site-packages/airflow/example_dags/example_bash_operator.py
[2023-10-27 05:34:26,872] {logging_mixin.py:115} INFO - [2023-10-27 05:34:26,872] {dag.py:2420} INFO - Sync 1 DAGs
[2023-10-27 05:34:27,057] {logging_mixin.py:115} INFO - [2023-10-27 05:34:27,057] {dag.py:2972} INFO - Setting next_dagrun for example_bash_operator to 2023-10-26T00:00:00+00:00, run_after=2023-10-27T00:00:00+00:00
[2023-10-27 05:34:27,070] {processor.py:161} INFO - Processing /home/airflow/.local/lib/python3.7/site-packages/airflow/example_dags/example_bash_operator.py took 0.251 seconds
[2023-10-27 05:34:57,481] {processor.py:153} INFO - Started process (PID=803) to work on /home/airflow/.local/lib/python3.7/site-packages/airflow/example_dags/example_bash_operator.py
[2023-10-27 05:34:57,482] {processor.py:641} INFO - Processing file /home/airflow/.local/lib/python3.7/site-packages/airflow/example_dags/example_bash_operator.py for tasks to queue
[2023-10-27 05:34:57,482] {logging_mixin.py:115} INFO - [2023-10-27 05:34:57,482] {dagbag.py:508} INFO - Filling up the DagBag from /home/airflow/.local/lib/python3.7/site-packages/airflow/example_dags/example_bash_operator.py
[2023-10-27 05:34:57,498] {processor.py:651} INFO - DAG(s) dict_keys(['example_bash_operator']) retrieved from /home/airflow/.local/lib/python3.7/site-packages/airflow/example_dags/example_bash_operator.py
[2023-10-27 05:34:57,534] {logging_mixin.py:115} INFO - [2023-10-27 05:34:57,534] {dag.py:2420} INFO - Sync 1 DAGs
[2023-10-27 05:34:57,723] {logging_mixin.py:115} INFO - [2023-10-27 05:34:57,722] {dag.py:2972} INFO - Setting next_dagrun for example_bash_operator to 2023-10-26T00:00:00+00:00, run_after=2023-10-27T00:00:00+00:00
[2023-10-27 05:34:57,736] {processor.py:161} INFO - Processing /home/airflow/.local/lib/python3.7/site-packages/airflow/example_dags/example_bash_operator.py took 0.258 seconds
[2023-10-27 05:35:28,125] {processor.py:153} INFO - Started process (PID=856) to work on /home/airflow/.local/lib/python3.7/site-packages/airflow/example_dags/example_bash_operator.py
[2023-10-27 05:35:28,126] {processor.py:641} INFO - Processing file /home/airflow/.local/lib/python3.7/site-packages/airflow/example_dags/example_bash_operator.py for tasks to queue
[2023-10-27 05:35:28,126] {logging_mixin.py:115} INFO - [2023-10-27 05:35:28,126] {dagbag.py:508} INFO - Filling up the DagBag from /home/airflow/.local/lib/python3.7/site-packages/airflow/example_dags/example_bash_operator.py
[2023-10-27 05:35:28,141] {processor.py:651} INFO - DAG(s) dict_keys(['example_bash_operator']) retrieved from /home/airflow/.local/lib/python3.7/site-packages/airflow/example_dags/example_bash_operator.py
[2023-10-27 05:35:28,178] {logging_mixin.py:115} INFO - [2023-10-27 05:35:28,178] {dag.py:2420} INFO - Sync 1 DAGs
[2023-10-27 05:35:28,360] {logging_mixin.py:115} INFO - [2023-10-27 05:35:28,359] {dag.py:2972} INFO - Setting next_dagrun for example_bash_operator to 2023-10-26T00:00:00+00:00, run_after=2023-10-27T00:00:00+00:00
[2023-10-27 05:35:28,371] {processor.py:161} INFO - Processing /home/airflow/.local/lib/python3.7/site-packages/airflow/example_dags/example_bash_operator.py took 0.250 seconds
[2023-10-27 05:35:58,913] {processor.py:153} INFO - Started process (PID=917) to work on /home/airflow/.local/lib/python3.7/site-packages/airflow/example_dags/example_bash_operator.py
[2023-10-27 05:35:58,914] {processor.py:641} INFO - Processing file /home/airflow/.local/lib/python3.7/site-packages/airflow/example_dags/example_bash_operator.py for tasks to queue
[2023-10-27 05:35:58,914] {logging_mixin.py:115} INFO - [2023-10-27 05:35:58,914] {dagbag.py:508} INFO - Filling up the DagBag from /home/airflow/.local/lib/python3.7/site-packages/airflow/example_dags/example_bash_operator.py
[2023-10-27 05:35:58,929] {processor.py:651} INFO - DAG(s) dict_keys(['example_bash_operator']) retrieved from /home/airflow/.local/lib/python3.7/site-packages/airflow/example_dags/example_bash_operator.py
[2023-10-27 05:35:58,962] {logging_mixin.py:115} INFO - [2023-10-27 05:35:58,962] {dag.py:2420} INFO - Sync 1 DAGs
[2023-10-27 05:35:59,136] {logging_mixin.py:115} INFO - [2023-10-27 05:35:59,136] {dag.py:2972} INFO - Setting next_dagrun for example_bash_operator to 2023-10-26T00:00:00+00:00, run_after=2023-10-27T00:00:00+00:00
[2023-10-27 05:35:59,148] {processor.py:161} INFO - Processing /home/airflow/.local/lib/python3.7/site-packages/airflow/example_dags/example_bash_operator.py took 0.239 seconds
[2023-10-27 05:36:29,278] {processor.py:153} INFO - Started process (PID=976) to work on /home/airflow/.local/lib/python3.7/site-packages/airflow/example_dags/example_bash_operator.py
[2023-10-27 05:36:29,279] {processor.py:641} INFO - Processing file /home/airflow/.local/lib/python3.7/site-packages/airflow/example_dags/example_bash_operator.py for tasks to queue
[2023-10-27 05:36:29,280] {logging_mixin.py:115} INFO - [2023-10-27 05:36:29,280] {dagbag.py:508} INFO - Filling up the DagBag from /home/airflow/.local/lib/python3.7/site-packages/airflow/example_dags/example_bash_operator.py
[2023-10-27 05:36:29,294] {processor.py:651} INFO - DAG(s) dict_keys(['example_bash_operator']) retrieved from /home/airflow/.local/lib/python3.7/site-packages/airflow/example_dags/example_bash_operator.py
[2023-10-27 05:36:34,328] {logging_mixin.py:115} INFO - [2023-10-27 05:36:34,328] {dag.py:2420} INFO - Sync 1 DAGs
[2023-10-27 05:36:34,505] {logging_mixin.py:115} INFO - [2023-10-27 05:36:34,505] {dag.py:2972} INFO - Setting next_dagrun for example_bash_operator to 2023-10-26T00:00:00+00:00, run_after=2023-10-27T00:00:00+00:00
[2023-10-27 05:36:34,517] {processor.py:161} INFO - Processing /home/airflow/.local/lib/python3.7/site-packages/airflow/example_dags/example_bash_operator.py took 5.243 seconds
[2023-10-27 05:37:04,589] {processor.py:153} INFO - Started process (PID=1045) to work on /home/airflow/.local/lib/python3.7/site-packages/airflow/example_dags/example_bash_operator.py
[2023-10-27 05:37:04,590] {processor.py:641} INFO - Processing file /home/airflow/.local/lib/python3.7/site-packages/airflow/example_dags/example_bash_operator.py for tasks to queue
[2023-10-27 05:37:04,590] {logging_mixin.py:115} INFO - [2023-10-27 05:37:04,590] {dagbag.py:508} INFO - Filling up the DagBag from /home/airflow/.local/lib/python3.7/site-packages/airflow/example_dags/example_bash_operator.py
[2023-10-27 05:37:04,604] {processor.py:651} INFO - DAG(s) dict_keys(['example_bash_operator']) retrieved from /home/airflow/.local/lib/python3.7/site-packages/airflow/example_dags/example_bash_operator.py
[2023-10-27 05:37:04,640] {logging_mixin.py:115} INFO - [2023-10-27 05:37:04,640] {dag.py:2420} INFO - Sync 1 DAGs
[2023-10-27 05:37:04,818] {logging_mixin.py:115} INFO - [2023-10-27 05:37:04,818] {dag.py:2972} INFO - Setting next_dagrun for example_bash_operator to 2023-10-26T00:00:00+00:00, run_after=2023-10-27T00:00:00+00:00
[2023-10-27 05:37:04,830] {processor.py:161} INFO - Processing /home/airflow/.local/lib/python3.7/site-packages/airflow/example_dags/example_bash_operator.py took 0.245 seconds
[2023-10-27 05:37:35,044] {processor.py:153} INFO - Started process (PID=1097) to work on /home/airflow/.local/lib/python3.7/site-packages/airflow/example_dags/example_bash_operator.py
[2023-10-27 05:37:35,045] {processor.py:641} INFO - Processing file /home/airflow/.local/lib/python3.7/site-packages/airflow/example_dags/example_bash_operator.py for tasks to queue
[2023-10-27 05:37:35,046] {logging_mixin.py:115} INFO - [2023-10-27 05:37:35,046] {dagbag.py:508} INFO - Filling up the DagBag from /home/airflow/.local/lib/python3.7/site-packages/airflow/example_dags/example_bash_operator.py
[2023-10-27 05:37:35,061] {processor.py:651} INFO - DAG(s) dict_keys(['example_bash_operator']) retrieved from /home/airflow/.local/lib/python3.7/site-packages/airflow/example_dags/example_bash_operator.py
[2023-10-27 05:37:35,104] {logging_mixin.py:115} INFO - [2023-10-27 05:37:35,104] {dag.py:2420} INFO - Sync 1 DAGs
[2023-10-27 05:37:35,285] {logging_mixin.py:115} INFO - [2023-10-27 05:37:35,285] {dag.py:2972} INFO - Setting next_dagrun for example_bash_operator to 2023-10-26T00:00:00+00:00, run_after=2023-10-27T00:00:00+00:00
[2023-10-27 05:37:35,298] {processor.py:161} INFO - Processing /home/airflow/.local/lib/python3.7/site-packages/airflow/example_dags/example_bash_operator.py took 0.257 seconds
[2023-10-27 05:38:05,700] {processor.py:153} INFO - Started process (PID=1158) to work on /home/airflow/.local/lib/python3.7/site-packages/airflow/example_dags/example_bash_operator.py
[2023-10-27 05:38:05,700] {processor.py:641} INFO - Processing file /home/airflow/.local/lib/python3.7/site-packages/airflow/example_dags/example_bash_operator.py for tasks to queue
[2023-10-27 05:38:05,701] {logging_mixin.py:115} INFO - [2023-10-27 05:38:05,701] {dagbag.py:508} INFO - Filling up the DagBag from /home/airflow/.local/lib/python3.7/site-packages/airflow/example_dags/example_bash_operator.py
[2023-10-27 05:38:05,716] {processor.py:651} INFO - DAG(s) dict_keys(['example_bash_operator']) retrieved from /home/airflow/.local/lib/python3.7/site-packages/airflow/example_dags/example_bash_operator.py
[2023-10-27 05:38:05,750] {logging_mixin.py:115} INFO - [2023-10-27 05:38:05,750] {dag.py:2420} INFO - Sync 1 DAGs
[2023-10-27 05:38:05,926] {logging_mixin.py:115} INFO - [2023-10-27 05:38:05,926] {dag.py:2972} INFO - Setting next_dagrun for example_bash_operator to 2023-10-26T00:00:00+00:00, run_after=2023-10-27T00:00:00+00:00
[2023-10-27 05:38:05,938] {processor.py:161} INFO - Processing /home/airflow/.local/lib/python3.7/site-packages/airflow/example_dags/example_bash_operator.py took 0.243 seconds
[2023-10-27 05:38:36,226] {processor.py:153} INFO - Started process (PID=1210) to work on /home/airflow/.local/lib/python3.7/site-packages/airflow/example_dags/example_bash_operator.py
[2023-10-27 05:38:36,227] {processor.py:641} INFO - Processing file /home/airflow/.local/lib/python3.7/site-packages/airflow/example_dags/example_bash_operator.py for tasks to queue
[2023-10-27 05:38:36,227] {logging_mixin.py:115} INFO - [2023-10-27 05:38:36,227] {dagbag.py:508} INFO - Filling up the DagBag from /home/airflow/.local/lib/python3.7/site-packages/airflow/example_dags/example_bash_operator.py
[2023-10-27 05:38:36,241] {processor.py:651} INFO - DAG(s) dict_keys(['example_bash_operator']) retrieved from /home/airflow/.local/lib/python3.7/site-packages/airflow/example_dags/example_bash_operator.py
[2023-10-27 05:38:36,428] {logging_mixin.py:115} INFO - [2023-10-27 05:38:36,428] {dag.py:2420} INFO - Sync 1 DAGs
[2023-10-27 05:38:36,452] {logging_mixin.py:115} INFO - [2023-10-27 05:38:36,452] {dag.py:2972} INFO - Setting next_dagrun for example_bash_operator to 2023-10-26T00:00:00+00:00, run_after=2023-10-27T00:00:00+00:00
[2023-10-27 05:38:36,464] {processor.py:161} INFO - Processing /home/airflow/.local/lib/python3.7/site-packages/airflow/example_dags/example_bash_operator.py took 0.242 seconds
[2023-10-27 05:39:06,646] {processor.py:153} INFO - Started process (PID=1272) to work on /home/airflow/.local/lib/python3.7/site-packages/airflow/example_dags/example_bash_operator.py
[2023-10-27 05:39:06,647] {processor.py:641} INFO - Processing file /home/airflow/.local/lib/python3.7/site-packages/airflow/example_dags/example_bash_operator.py for tasks to queue
[2023-10-27 05:39:06,648] {logging_mixin.py:115} INFO - [2023-10-27 05:39:06,648] {dagbag.py:508} INFO - Filling up the DagBag from /home/airflow/.local/lib/python3.7/site-packages/airflow/example_dags/example_bash_operator.py
[2023-10-27 05:39:06,663] {processor.py:651} INFO - DAG(s) dict_keys(['example_bash_operator']) retrieved from /home/airflow/.local/lib/python3.7/site-packages/airflow/example_dags/example_bash_operator.py
[2023-10-27 05:39:06,858] {logging_mixin.py:115} INFO - [2023-10-27 05:39:06,858] {dag.py:2420} INFO - Sync 1 DAGs
[2023-10-27 05:39:06,883] {logging_mixin.py:115} INFO - [2023-10-27 05:39:06,883] {dag.py:2972} INFO - Setting next_dagrun for example_bash_operator to 2023-10-26T00:00:00+00:00, run_after=2023-10-27T00:00:00+00:00
[2023-10-27 05:39:06,895] {processor.py:161} INFO - Processing /home/airflow/.local/lib/python3.7/site-packages/airflow/example_dags/example_bash_operator.py took 0.253 seconds
[2023-10-27 05:39:37,307] {processor.py:153} INFO - Started process (PID=1331) to work on /home/airflow/.local/lib/python3.7/site-packages/airflow/example_dags/example_bash_operator.py
[2023-10-27 05:39:37,308] {processor.py:641} INFO - Processing file /home/airflow/.local/lib/python3.7/site-packages/airflow/example_dags/example_bash_operator.py for tasks to queue
[2023-10-27 05:39:37,308] {logging_mixin.py:115} INFO - [2023-10-27 05:39:37,308] {dagbag.py:508} INFO - Filling up the DagBag from /home/airflow/.local/lib/python3.7/site-packages/airflow/example_dags/example_bash_operator.py
[2023-10-27 05:39:37,323] {processor.py:651} INFO - DAG(s) dict_keys(['example_bash_operator']) retrieved from /home/airflow/.local/lib/python3.7/site-packages/airflow/example_dags/example_bash_operator.py
[2023-10-27 05:39:37,509] {logging_mixin.py:115} INFO - [2023-10-27 05:39:37,509] {dag.py:2420} INFO - Sync 1 DAGs
[2023-10-27 05:39:37,533] {logging_mixin.py:115} INFO - [2023-10-27 05:39:37,533] {dag.py:2972} INFO - Setting next_dagrun for example_bash_operator to 2023-10-26T00:00:00+00:00, run_after=2023-10-27T00:00:00+00:00
[2023-10-27 05:39:37,545] {processor.py:161} INFO - Processing /home/airflow/.local/lib/python3.7/site-packages/airflow/example_dags/example_bash_operator.py took 0.241 seconds
[2023-10-27 05:40:07,916] {processor.py:153} INFO - Started process (PID=1383) to work on /home/airflow/.local/lib/python3.7/site-packages/airflow/example_dags/example_bash_operator.py
[2023-10-27 05:40:07,917] {processor.py:641} INFO - Processing file /home/airflow/.local/lib/python3.7/site-packages/airflow/example_dags/example_bash_operator.py for tasks to queue
[2023-10-27 05:40:07,918] {logging_mixin.py:115} INFO - [2023-10-27 05:40:07,918] {dagbag.py:508} INFO - Filling up the DagBag from /home/airflow/.local/lib/python3.7/site-packages/airflow/example_dags/example_bash_operator.py
[2023-10-27 05:40:07,933] {processor.py:651} INFO - DAG(s) dict_keys(['example_bash_operator']) retrieved from /home/airflow/.local/lib/python3.7/site-packages/airflow/example_dags/example_bash_operator.py
[2023-10-27 05:40:08,146] {logging_mixin.py:115} INFO - [2023-10-27 05:40:08,146] {dag.py:2420} INFO - Sync 1 DAGs
[2023-10-27 05:40:08,170] {logging_mixin.py:115} INFO - [2023-10-27 05:40:08,170] {dag.py:2972} INFO - Setting next_dagrun for example_bash_operator to 2023-10-26T00:00:00+00:00, run_after=2023-10-27T00:00:00+00:00
[2023-10-27 05:40:08,183] {processor.py:161} INFO - Processing /home/airflow/.local/lib/python3.7/site-packages/airflow/example_dags/example_bash_operator.py took 0.272 seconds
[2023-10-27 05:40:38,489] {processor.py:153} INFO - Started process (PID=1445) to work on /home/airflow/.local/lib/python3.7/site-packages/airflow/example_dags/example_bash_operator.py
[2023-10-27 05:40:38,490] {processor.py:641} INFO - Processing file /home/airflow/.local/lib/python3.7/site-packages/airflow/example_dags/example_bash_operator.py for tasks to queue
[2023-10-27 05:40:38,490] {logging_mixin.py:115} INFO - [2023-10-27 05:40:38,490] {dagbag.py:508} INFO - Filling up the DagBag from /home/airflow/.local/lib/python3.7/site-packages/airflow/example_dags/example_bash_operator.py
[2023-10-27 05:40:38,504] {processor.py:651} INFO - DAG(s) dict_keys(['example_bash_operator']) retrieved from /home/airflow/.local/lib/python3.7/site-packages/airflow/example_dags/example_bash_operator.py
[2023-10-27 05:40:38,688] {logging_mixin.py:115} INFO - [2023-10-27 05:40:38,688] {dag.py:2420} INFO - Sync 1 DAGs
[2023-10-27 05:40:38,712] {logging_mixin.py:115} INFO - [2023-10-27 05:40:38,712] {dag.py:2972} INFO - Setting next_dagrun for example_bash_operator to 2023-10-26T00:00:00+00:00, run_after=2023-10-27T00:00:00+00:00
[2023-10-27 05:40:38,724] {processor.py:161} INFO - Processing /home/airflow/.local/lib/python3.7/site-packages/airflow/example_dags/example_bash_operator.py took 0.239 seconds
[2023-10-27 05:41:08,913] {processor.py:153} INFO - Started process (PID=1505) to work on /home/airflow/.local/lib/python3.7/site-packages/airflow/example_dags/example_bash_operator.py
[2023-10-27 05:41:08,916] {processor.py:641} INFO - Processing file /home/airflow/.local/lib/python3.7/site-packages/airflow/example_dags/example_bash_operator.py for tasks to queue
[2023-10-27 05:41:08,917] {logging_mixin.py:115} INFO - [2023-10-27 05:41:08,917] {dagbag.py:508} INFO - Filling up the DagBag from /home/airflow/.local/lib/python3.7/site-packages/airflow/example_dags/example_bash_operator.py
[2023-10-27 05:41:08,934] {processor.py:651} INFO - DAG(s) dict_keys(['example_bash_operator']) retrieved from /home/airflow/.local/lib/python3.7/site-packages/airflow/example_dags/example_bash_operator.py
[2023-10-27 05:41:09,121] {logging_mixin.py:115} INFO - [2023-10-27 05:41:09,120] {dag.py:2420} INFO - Sync 1 DAGs
[2023-10-27 05:41:09,144] {logging_mixin.py:115} INFO - [2023-10-27 05:41:09,144] {dag.py:2972} INFO - Setting next_dagrun for example_bash_operator to 2023-10-26T00:00:00+00:00, run_after=2023-10-27T00:00:00+00:00
[2023-10-27 05:41:09,156] {processor.py:161} INFO - Processing /home/airflow/.local/lib/python3.7/site-packages/airflow/example_dags/example_bash_operator.py took 0.247 seconds
[2023-10-27 05:41:39,638] {processor.py:153} INFO - Started process (PID=1556) to work on /home/airflow/.local/lib/python3.7/site-packages/airflow/example_dags/example_bash_operator.py
[2023-10-27 05:41:39,638] {processor.py:641} INFO - Processing file /home/airflow/.local/lib/python3.7/site-packages/airflow/example_dags/example_bash_operator.py for tasks to queue
[2023-10-27 05:41:39,639] {logging_mixin.py:115} INFO - [2023-10-27 05:41:39,639] {dagbag.py:508} INFO - Filling up the DagBag from /home/airflow/.local/lib/python3.7/site-packages/airflow/example_dags/example_bash_operator.py
[2023-10-27 05:41:39,657] {processor.py:651} INFO - DAG(s) dict_keys(['example_bash_operator']) retrieved from /home/airflow/.local/lib/python3.7/site-packages/airflow/example_dags/example_bash_operator.py
[2023-10-27 05:41:39,854] {logging_mixin.py:115} INFO - [2023-10-27 05:41:39,854] {dag.py:2420} INFO - Sync 1 DAGs
[2023-10-27 05:41:39,878] {logging_mixin.py:115} INFO - [2023-10-27 05:41:39,878] {dag.py:2972} INFO - Setting next_dagrun for example_bash_operator to 2023-10-26T00:00:00+00:00, run_after=2023-10-27T00:00:00+00:00
[2023-10-27 05:41:39,891] {processor.py:161} INFO - Processing /home/airflow/.local/lib/python3.7/site-packages/airflow/example_dags/example_bash_operator.py took 0.258 seconds
[2023-10-27 05:42:10,416] {processor.py:153} INFO - Started process (PID=1608) to work on /home/airflow/.local/lib/python3.7/site-packages/airflow/example_dags/example_bash_operator.py
[2023-10-27 05:42:10,417] {processor.py:641} INFO - Processing file /home/airflow/.local/lib/python3.7/site-packages/airflow/example_dags/example_bash_operator.py for tasks to queue
[2023-10-27 05:42:10,418] {logging_mixin.py:115} INFO - [2023-10-27 05:42:10,418] {dagbag.py:508} INFO - Filling up the DagBag from /home/airflow/.local/lib/python3.7/site-packages/airflow/example_dags/example_bash_operator.py
[2023-10-27 05:42:10,432] {processor.py:651} INFO - DAG(s) dict_keys(['example_bash_operator']) retrieved from /home/airflow/.local/lib/python3.7/site-packages/airflow/example_dags/example_bash_operator.py
[2023-10-27 05:42:10,619] {logging_mixin.py:115} INFO - [2023-10-27 05:42:10,619] {dag.py:2420} INFO - Sync 1 DAGs
[2023-10-27 05:42:10,652] {logging_mixin.py:115} INFO - [2023-10-27 05:42:10,652] {dag.py:2972} INFO - Setting next_dagrun for example_bash_operator to 2023-10-26T00:00:00+00:00, run_after=2023-10-27T00:00:00+00:00
[2023-10-27 05:42:10,664] {processor.py:161} INFO - Processing /home/airflow/.local/lib/python3.7/site-packages/airflow/example_dags/example_bash_operator.py took 0.252 seconds
[2023-10-27 05:42:41,193] {processor.py:153} INFO - Started process (PID=1668) to work on /home/airflow/.local/lib/python3.7/site-packages/airflow/example_dags/example_bash_operator.py
[2023-10-27 05:42:41,194] {processor.py:641} INFO - Processing file /home/airflow/.local/lib/python3.7/site-packages/airflow/example_dags/example_bash_operator.py for tasks to queue
[2023-10-27 05:42:41,195] {logging_mixin.py:115} INFO - [2023-10-27 05:42:41,195] {dagbag.py:508} INFO - Filling up the DagBag from /home/airflow/.local/lib/python3.7/site-packages/airflow/example_dags/example_bash_operator.py
[2023-10-27 05:42:41,210] {processor.py:651} INFO - DAG(s) dict_keys(['example_bash_operator']) retrieved from /home/airflow/.local/lib/python3.7/site-packages/airflow/example_dags/example_bash_operator.py
[2023-10-27 05:42:41,403] {logging_mixin.py:115} INFO - [2023-10-27 05:42:41,403] {dag.py:2420} INFO - Sync 1 DAGs
[2023-10-27 05:42:41,427] {logging_mixin.py:115} INFO - [2023-10-27 05:42:41,426] {dag.py:2972} INFO - Setting next_dagrun for example_bash_operator to 2023-10-26T00:00:00+00:00, run_after=2023-10-27T00:00:00+00:00
[2023-10-27 05:42:41,439] {processor.py:161} INFO - Processing /home/airflow/.local/lib/python3.7/site-packages/airflow/example_dags/example_bash_operator.py took 0.250 seconds
[2023-10-27 05:43:11,551] {processor.py:153} INFO - Started process (PID=1729) to work on /home/airflow/.local/lib/python3.7/site-packages/airflow/example_dags/example_bash_operator.py
[2023-10-27 05:43:11,552] {processor.py:641} INFO - Processing file /home/airflow/.local/lib/python3.7/site-packages/airflow/example_dags/example_bash_operator.py for tasks to queue
[2023-10-27 05:43:11,553] {logging_mixin.py:115} INFO - [2023-10-27 05:43:11,553] {dagbag.py:508} INFO - Filling up the DagBag from /home/airflow/.local/lib/python3.7/site-packages/airflow/example_dags/example_bash_operator.py
[2023-10-27 05:43:11,567] {processor.py:651} INFO - DAG(s) dict_keys(['example_bash_operator']) retrieved from /home/airflow/.local/lib/python3.7/site-packages/airflow/example_dags/example_bash_operator.py
[2023-10-27 05:43:11,759] {logging_mixin.py:115} INFO - [2023-10-27 05:43:11,758] {dag.py:2420} INFO - Sync 1 DAGs
[2023-10-27 05:43:11,783] {logging_mixin.py:115} INFO - [2023-10-27 05:43:11,783] {dag.py:2972} INFO - Setting next_dagrun for example_bash_operator to 2023-10-26T00:00:00+00:00, run_after=2023-10-27T00:00:00+00:00
[2023-10-27 05:43:11,795] {processor.py:161} INFO - Processing /home/airflow/.local/lib/python3.7/site-packages/airflow/example_dags/example_bash_operator.py took 0.248 seconds
[2023-10-27 05:43:42,010] {processor.py:153} INFO - Started process (PID=1781) to work on /home/airflow/.local/lib/python3.7/site-packages/airflow/example_dags/example_bash_operator.py
[2023-10-27 05:43:42,011] {processor.py:641} INFO - Processing file /home/airflow/.local/lib/python3.7/site-packages/airflow/example_dags/example_bash_operator.py for tasks to queue
[2023-10-27 05:43:42,012] {logging_mixin.py:115} INFO - [2023-10-27 05:43:42,011] {dagbag.py:508} INFO - Filling up the DagBag from /home/airflow/.local/lib/python3.7/site-packages/airflow/example_dags/example_bash_operator.py
[2023-10-27 05:43:42,030] {processor.py:651} INFO - DAG(s) dict_keys(['example_bash_operator']) retrieved from /home/airflow/.local/lib/python3.7/site-packages/airflow/example_dags/example_bash_operator.py
[2023-10-27 05:43:42,223] {logging_mixin.py:115} INFO - [2023-10-27 05:43:42,223] {dag.py:2420} INFO - Sync 1 DAGs
[2023-10-27 05:43:42,248] {logging_mixin.py:115} INFO - [2023-10-27 05:43:42,247] {dag.py:2972} INFO - Setting next_dagrun for example_bash_operator to 2023-10-26T00:00:00+00:00, run_after=2023-10-27T00:00:00+00:00
[2023-10-27 05:43:42,259] {processor.py:161} INFO - Processing /home/airflow/.local/lib/python3.7/site-packages/airflow/example_dags/example_bash_operator.py took 0.253 seconds
[2023-10-27 05:44:12,397] {processor.py:153} INFO - Started process (PID=1841) to work on /home/airflow/.local/lib/python3.7/site-packages/airflow/example_dags/example_bash_operator.py
[2023-10-27 05:44:12,398] {processor.py:641} INFO - Processing file /home/airflow/.local/lib/python3.7/site-packages/airflow/example_dags/example_bash_operator.py for tasks to queue
[2023-10-27 05:44:12,398] {logging_mixin.py:115} INFO - [2023-10-27 05:44:12,398] {dagbag.py:508} INFO - Filling up the DagBag from /home/airflow/.local/lib/python3.7/site-packages/airflow/example_dags/example_bash_operator.py
[2023-10-27 05:44:12,417] {processor.py:651} INFO - DAG(s) dict_keys(['example_bash_operator']) retrieved from /home/airflow/.local/lib/python3.7/site-packages/airflow/example_dags/example_bash_operator.py
[2023-10-27 05:44:12,600] {logging_mixin.py:115} INFO - [2023-10-27 05:44:12,600] {dag.py:2420} INFO - Sync 1 DAGs
[2023-10-27 05:44:12,625] {logging_mixin.py:115} INFO - [2023-10-27 05:44:12,625] {dag.py:2972} INFO - Setting next_dagrun for example_bash_operator to 2023-10-26T00:00:00+00:00, run_after=2023-10-27T00:00:00+00:00
[2023-10-27 05:44:12,637] {processor.py:161} INFO - Processing /home/airflow/.local/lib/python3.7/site-packages/airflow/example_dags/example_bash_operator.py took 0.244 seconds
[2023-10-27 05:44:42,794] {processor.py:153} INFO - Started process (PID=1893) to work on /home/airflow/.local/lib/python3.7/site-packages/airflow/example_dags/example_bash_operator.py
[2023-10-27 05:44:42,795] {processor.py:641} INFO - Processing file /home/airflow/.local/lib/python3.7/site-packages/airflow/example_dags/example_bash_operator.py for tasks to queue
[2023-10-27 05:44:42,795] {logging_mixin.py:115} INFO - [2023-10-27 05:44:42,795] {dagbag.py:508} INFO - Filling up the DagBag from /home/airflow/.local/lib/python3.7/site-packages/airflow/example_dags/example_bash_operator.py
[2023-10-27 05:44:42,814] {processor.py:651} INFO - DAG(s) dict_keys(['example_bash_operator']) retrieved from /home/airflow/.local/lib/python3.7/site-packages/airflow/example_dags/example_bash_operator.py
[2023-10-27 05:44:43,003] {logging_mixin.py:115} INFO - [2023-10-27 05:44:43,003] {dag.py:2420} INFO - Sync 1 DAGs
[2023-10-27 05:44:43,028] {logging_mixin.py:115} INFO - [2023-10-27 05:44:43,028] {dag.py:2972} INFO - Setting next_dagrun for example_bash_operator to 2023-10-26T00:00:00+00:00, run_after=2023-10-27T00:00:00+00:00
[2023-10-27 05:44:43,043] {processor.py:161} INFO - Processing /home/airflow/.local/lib/python3.7/site-packages/airflow/example_dags/example_bash_operator.py took 0.253 seconds
[2023-10-27 05:45:13,263] {processor.py:153} INFO - Started process (PID=1955) to work on /home/airflow/.local/lib/python3.7/site-packages/airflow/example_dags/example_bash_operator.py
[2023-10-27 05:45:13,264] {processor.py:641} INFO - Processing file /home/airflow/.local/lib/python3.7/site-packages/airflow/example_dags/example_bash_operator.py for tasks to queue
[2023-10-27 05:45:13,265] {logging_mixin.py:115} INFO - [2023-10-27 05:45:13,265] {dagbag.py:508} INFO - Filling up the DagBag from /home/airflow/.local/lib/python3.7/site-packages/airflow/example_dags/example_bash_operator.py
[2023-10-27 05:45:13,283] {processor.py:651} INFO - DAG(s) dict_keys(['example_bash_operator']) retrieved from /home/airflow/.local/lib/python3.7/site-packages/airflow/example_dags/example_bash_operator.py
[2023-10-27 05:45:13,468] {logging_mixin.py:115} INFO - [2023-10-27 05:45:13,468] {dag.py:2420} INFO - Sync 1 DAGs
[2023-10-27 05:45:13,493] {logging_mixin.py:115} INFO - [2023-10-27 05:45:13,493] {dag.py:2972} INFO - Setting next_dagrun for example_bash_operator to 2023-10-26T00:00:00+00:00, run_after=2023-10-27T00:00:00+00:00
[2023-10-27 05:45:13,506] {processor.py:161} INFO - Processing /home/airflow/.local/lib/python3.7/site-packages/airflow/example_dags/example_bash_operator.py took 0.246 seconds
[2023-10-27 05:45:43,964] {processor.py:153} INFO - Started process (PID=2007) to work on /home/airflow/.local/lib/python3.7/site-packages/airflow/example_dags/example_bash_operator.py
[2023-10-27 05:45:43,965] {processor.py:641} INFO - Processing file /home/airflow/.local/lib/python3.7/site-packages/airflow/example_dags/example_bash_operator.py for tasks to queue
[2023-10-27 05:45:43,965] {logging_mixin.py:115} INFO - [2023-10-27 05:45:43,965] {dagbag.py:508} INFO - Filling up the DagBag from /home/airflow/.local/lib/python3.7/site-packages/airflow/example_dags/example_bash_operator.py
[2023-10-27 05:45:43,984] {processor.py:651} INFO - DAG(s) dict_keys(['example_bash_operator']) retrieved from /home/airflow/.local/lib/python3.7/site-packages/airflow/example_dags/example_bash_operator.py
[2023-10-27 05:45:44,166] {logging_mixin.py:115} INFO - [2023-10-27 05:45:44,166] {dag.py:2420} INFO - Sync 1 DAGs
[2023-10-27 05:45:44,190] {logging_mixin.py:115} INFO - [2023-10-27 05:45:44,190] {dag.py:2972} INFO - Setting next_dagrun for example_bash_operator to 2023-10-26T00:00:00+00:00, run_after=2023-10-27T00:00:00+00:00
[2023-10-27 05:45:44,203] {processor.py:161} INFO - Processing /home/airflow/.local/lib/python3.7/site-packages/airflow/example_dags/example_bash_operator.py took 0.243 seconds
[2023-10-27 05:46:14,427] {processor.py:153} INFO - Started process (PID=2070) to work on /home/airflow/.local/lib/python3.7/site-packages/airflow/example_dags/example_bash_operator.py
[2023-10-27 05:46:14,428] {processor.py:641} INFO - Processing file /home/airflow/.local/lib/python3.7/site-packages/airflow/example_dags/example_bash_operator.py for tasks to queue
[2023-10-27 05:46:14,429] {logging_mixin.py:115} INFO - [2023-10-27 05:46:14,429] {dagbag.py:508} INFO - Filling up the DagBag from /home/airflow/.local/lib/python3.7/site-packages/airflow/example_dags/example_bash_operator.py
[2023-10-27 05:46:14,447] {processor.py:651} INFO - DAG(s) dict_keys(['example_bash_operator']) retrieved from /home/airflow/.local/lib/python3.7/site-packages/airflow/example_dags/example_bash_operator.py
[2023-10-27 05:46:14,630] {logging_mixin.py:115} INFO - [2023-10-27 05:46:14,630] {dag.py:2420} INFO - Sync 1 DAGs
[2023-10-27 05:46:14,654] {logging_mixin.py:115} INFO - [2023-10-27 05:46:14,654] {dag.py:2972} INFO - Setting next_dagrun for example_bash_operator to 2023-10-26T00:00:00+00:00, run_after=2023-10-27T00:00:00+00:00
[2023-10-27 05:46:14,667] {processor.py:161} INFO - Processing /home/airflow/.local/lib/python3.7/site-packages/airflow/example_dags/example_bash_operator.py took 0.244 seconds
[2023-10-27 05:46:45,027] {processor.py:153} INFO - Started process (PID=2124) to work on /home/airflow/.local/lib/python3.7/site-packages/airflow/example_dags/example_bash_operator.py
[2023-10-27 05:46:45,028] {processor.py:641} INFO - Processing file /home/airflow/.local/lib/python3.7/site-packages/airflow/example_dags/example_bash_operator.py for tasks to queue
[2023-10-27 05:46:45,028] {logging_mixin.py:115} INFO - [2023-10-27 05:46:45,028] {dagbag.py:508} INFO - Filling up the DagBag from /home/airflow/.local/lib/python3.7/site-packages/airflow/example_dags/example_bash_operator.py
[2023-10-27 05:46:45,047] {processor.py:651} INFO - DAG(s) dict_keys(['example_bash_operator']) retrieved from /home/airflow/.local/lib/python3.7/site-packages/airflow/example_dags/example_bash_operator.py
[2023-10-27 05:46:45,236] {logging_mixin.py:115} INFO - [2023-10-27 05:46:45,236] {dag.py:2420} INFO - Sync 1 DAGs
[2023-10-27 05:46:45,260] {logging_mixin.py:115} INFO - [2023-10-27 05:46:45,260] {dag.py:2972} INFO - Setting next_dagrun for example_bash_operator to 2023-10-26T00:00:00+00:00, run_after=2023-10-27T00:00:00+00:00
[2023-10-27 05:46:45,273] {processor.py:161} INFO - Processing /home/airflow/.local/lib/python3.7/site-packages/airflow/example_dags/example_bash_operator.py took 0.250 seconds
[2023-10-27 05:47:15,546] {processor.py:153} INFO - Started process (PID=2187) to work on /home/airflow/.local/lib/python3.7/site-packages/airflow/example_dags/example_bash_operator.py
[2023-10-27 05:47:15,547] {processor.py:641} INFO - Processing file /home/airflow/.local/lib/python3.7/site-packages/airflow/example_dags/example_bash_operator.py for tasks to queue
[2023-10-27 05:47:15,547] {logging_mixin.py:115} INFO - [2023-10-27 05:47:15,547] {dagbag.py:508} INFO - Filling up the DagBag from /home/airflow/.local/lib/python3.7/site-packages/airflow/example_dags/example_bash_operator.py
[2023-10-27 05:47:15,567] {processor.py:651} INFO - DAG(s) dict_keys(['example_bash_operator']) retrieved from /home/airflow/.local/lib/python3.7/site-packages/airflow/example_dags/example_bash_operator.py
[2023-10-27 05:47:15,773] {logging_mixin.py:115} INFO - [2023-10-27 05:47:15,773] {dag.py:2420} INFO - Sync 1 DAGs
[2023-10-27 05:47:15,796] {logging_mixin.py:115} INFO - [2023-10-27 05:47:15,796] {dag.py:2972} INFO - Setting next_dagrun for example_bash_operator to 2023-10-26T00:00:00+00:00, run_after=2023-10-27T00:00:00+00:00
[2023-10-27 05:47:15,808] {processor.py:161} INFO - Processing /home/airflow/.local/lib/python3.7/site-packages/airflow/example_dags/example_bash_operator.py took 0.266 seconds
[2023-10-27 05:47:46,405] {processor.py:153} INFO - Started process (PID=2248) to work on /home/airflow/.local/lib/python3.7/site-packages/airflow/example_dags/example_bash_operator.py
[2023-10-27 05:47:46,406] {processor.py:641} INFO - Processing file /home/airflow/.local/lib/python3.7/site-packages/airflow/example_dags/example_bash_operator.py for tasks to queue
[2023-10-27 05:47:46,407] {logging_mixin.py:115} INFO - [2023-10-27 05:47:46,407] {dagbag.py:508} INFO - Filling up the DagBag from /home/airflow/.local/lib/python3.7/site-packages/airflow/example_dags/example_bash_operator.py
[2023-10-27 05:47:46,425] {processor.py:651} INFO - DAG(s) dict_keys(['example_bash_operator']) retrieved from /home/airflow/.local/lib/python3.7/site-packages/airflow/example_dags/example_bash_operator.py
[2023-10-27 05:47:46,612] {logging_mixin.py:115} INFO - [2023-10-27 05:47:46,612] {dag.py:2420} INFO - Sync 1 DAGs
[2023-10-27 05:47:46,636] {logging_mixin.py:115} INFO - [2023-10-27 05:47:46,636] {dag.py:2972} INFO - Setting next_dagrun for example_bash_operator to 2023-10-26T00:00:00+00:00, run_after=2023-10-27T00:00:00+00:00
[2023-10-27 05:47:46,648] {processor.py:161} INFO - Processing /home/airflow/.local/lib/python3.7/site-packages/airflow/example_dags/example_bash_operator.py took 0.247 seconds
[2023-10-27 05:48:16,892] {processor.py:153} INFO - Started process (PID=2300) to work on /home/airflow/.local/lib/python3.7/site-packages/airflow/example_dags/example_bash_operator.py
[2023-10-27 05:48:16,893] {processor.py:641} INFO - Processing file /home/airflow/.local/lib/python3.7/site-packages/airflow/example_dags/example_bash_operator.py for tasks to queue
[2023-10-27 05:48:16,894] {logging_mixin.py:115} INFO - [2023-10-27 05:48:16,893] {dagbag.py:508} INFO - Filling up the DagBag from /home/airflow/.local/lib/python3.7/site-packages/airflow/example_dags/example_bash_operator.py
[2023-10-27 05:48:16,912] {processor.py:651} INFO - DAG(s) dict_keys(['example_bash_operator']) retrieved from /home/airflow/.local/lib/python3.7/site-packages/airflow/example_dags/example_bash_operator.py
[2023-10-27 05:48:17,096] {logging_mixin.py:115} INFO - [2023-10-27 05:48:17,096] {dag.py:2420} INFO - Sync 1 DAGs
[2023-10-27 05:48:17,124] {logging_mixin.py:115} INFO - [2023-10-27 05:48:17,124] {dag.py:2972} INFO - Setting next_dagrun for example_bash_operator to 2023-10-26T00:00:00+00:00, run_after=2023-10-27T00:00:00+00:00
[2023-10-27 05:48:17,135] {processor.py:161} INFO - Processing /home/airflow/.local/lib/python3.7/site-packages/airflow/example_dags/example_bash_operator.py took 0.247 seconds
[2023-10-27 05:48:47,819] {processor.py:153} INFO - Started process (PID=2362) to work on /home/airflow/.local/lib/python3.7/site-packages/airflow/example_dags/example_bash_operator.py
[2023-10-27 05:48:47,820] {processor.py:641} INFO - Processing file /home/airflow/.local/lib/python3.7/site-packages/airflow/example_dags/example_bash_operator.py for tasks to queue
[2023-10-27 05:48:47,821] {logging_mixin.py:115} INFO - [2023-10-27 05:48:47,821] {dagbag.py:508} INFO - Filling up the DagBag from /home/airflow/.local/lib/python3.7/site-packages/airflow/example_dags/example_bash_operator.py
[2023-10-27 05:48:47,839] {processor.py:651} INFO - DAG(s) dict_keys(['example_bash_operator']) retrieved from /home/airflow/.local/lib/python3.7/site-packages/airflow/example_dags/example_bash_operator.py
[2023-10-27 05:48:48,024] {logging_mixin.py:115} INFO - [2023-10-27 05:48:48,024] {dag.py:2420} INFO - Sync 1 DAGs
[2023-10-27 05:48:48,048] {logging_mixin.py:115} INFO - [2023-10-27 05:48:48,048] {dag.py:2972} INFO - Setting next_dagrun for example_bash_operator to 2023-10-26T00:00:00+00:00, run_after=2023-10-27T00:00:00+00:00
[2023-10-27 05:48:48,060] {processor.py:161} INFO - Processing /home/airflow/.local/lib/python3.7/site-packages/airflow/example_dags/example_bash_operator.py took 0.244 seconds
[2023-10-27 05:49:18,284] {processor.py:153} INFO - Started process (PID=2424) to work on /home/airflow/.local/lib/python3.7/site-packages/airflow/example_dags/example_bash_operator.py
[2023-10-27 05:49:18,284] {processor.py:641} INFO - Processing file /home/airflow/.local/lib/python3.7/site-packages/airflow/example_dags/example_bash_operator.py for tasks to queue
[2023-10-27 05:49:18,285] {logging_mixin.py:115} INFO - [2023-10-27 05:49:18,285] {dagbag.py:508} INFO - Filling up the DagBag from /home/airflow/.local/lib/python3.7/site-packages/airflow/example_dags/example_bash_operator.py
[2023-10-27 05:49:18,304] {processor.py:651} INFO - DAG(s) dict_keys(['example_bash_operator']) retrieved from /home/airflow/.local/lib/python3.7/site-packages/airflow/example_dags/example_bash_operator.py
[2023-10-27 05:49:18,485] {logging_mixin.py:115} INFO - [2023-10-27 05:49:18,485] {dag.py:2420} INFO - Sync 1 DAGs
[2023-10-27 05:49:18,510] {logging_mixin.py:115} INFO - [2023-10-27 05:49:18,510] {dag.py:2972} INFO - Setting next_dagrun for example_bash_operator to 2023-10-26T00:00:00+00:00, run_after=2023-10-27T00:00:00+00:00
[2023-10-27 05:49:18,522] {processor.py:161} INFO - Processing /home/airflow/.local/lib/python3.7/site-packages/airflow/example_dags/example_bash_operator.py took 0.242 seconds
[2023-10-27 05:49:48,907] {processor.py:153} INFO - Started process (PID=2477) to work on /home/airflow/.local/lib/python3.7/site-packages/airflow/example_dags/example_bash_operator.py
[2023-10-27 05:49:48,908] {processor.py:641} INFO - Processing file /home/airflow/.local/lib/python3.7/site-packages/airflow/example_dags/example_bash_operator.py for tasks to queue
[2023-10-27 05:49:48,909] {logging_mixin.py:115} INFO - [2023-10-27 05:49:48,908] {dagbag.py:508} INFO - Filling up the DagBag from /home/airflow/.local/lib/python3.7/site-packages/airflow/example_dags/example_bash_operator.py
[2023-10-27 05:49:48,928] {processor.py:651} INFO - DAG(s) dict_keys(['example_bash_operator']) retrieved from /home/airflow/.local/lib/python3.7/site-packages/airflow/example_dags/example_bash_operator.py
[2023-10-27 05:49:49,113] {logging_mixin.py:115} INFO - [2023-10-27 05:49:49,113] {dag.py:2420} INFO - Sync 1 DAGs
[2023-10-27 05:49:49,139] {logging_mixin.py:115} INFO - [2023-10-27 05:49:49,139] {dag.py:2972} INFO - Setting next_dagrun for example_bash_operator to 2023-10-26T00:00:00+00:00, run_after=2023-10-27T00:00:00+00:00
[2023-10-27 05:49:49,151] {processor.py:161} INFO - Processing /home/airflow/.local/lib/python3.7/site-packages/airflow/example_dags/example_bash_operator.py took 0.248 seconds
[2023-10-27 05:50:19,243] {processor.py:153} INFO - Started process (PID=2538) to work on /home/airflow/.local/lib/python3.7/site-packages/airflow/example_dags/example_bash_operator.py
[2023-10-27 05:50:19,244] {processor.py:641} INFO - Processing file /home/airflow/.local/lib/python3.7/site-packages/airflow/example_dags/example_bash_operator.py for tasks to queue
[2023-10-27 05:50:19,244] {logging_mixin.py:115} INFO - [2023-10-27 05:50:19,244] {dagbag.py:508} INFO - Filling up the DagBag from /home/airflow/.local/lib/python3.7/site-packages/airflow/example_dags/example_bash_operator.py
[2023-10-27 05:50:19,263] {processor.py:651} INFO - DAG(s) dict_keys(['example_bash_operator']) retrieved from /home/airflow/.local/lib/python3.7/site-packages/airflow/example_dags/example_bash_operator.py
[2023-10-27 05:50:19,446] {logging_mixin.py:115} INFO - [2023-10-27 05:50:19,446] {dag.py:2420} INFO - Sync 1 DAGs
[2023-10-27 05:50:19,470] {logging_mixin.py:115} INFO - [2023-10-27 05:50:19,470] {dag.py:2972} INFO - Setting next_dagrun for example_bash_operator to 2023-10-26T00:00:00+00:00, run_after=2023-10-27T00:00:00+00:00
[2023-10-27 05:50:19,483] {processor.py:161} INFO - Processing /home/airflow/.local/lib/python3.7/site-packages/airflow/example_dags/example_bash_operator.py took 0.244 seconds
[2023-10-27 05:50:49,784] {processor.py:153} INFO - Started process (PID=2590) to work on /home/airflow/.local/lib/python3.7/site-packages/airflow/example_dags/example_bash_operator.py
[2023-10-27 05:50:49,784] {processor.py:641} INFO - Processing file /home/airflow/.local/lib/python3.7/site-packages/airflow/example_dags/example_bash_operator.py for tasks to queue
[2023-10-27 05:50:49,785] {logging_mixin.py:115} INFO - [2023-10-27 05:50:49,785] {dagbag.py:508} INFO - Filling up the DagBag from /home/airflow/.local/lib/python3.7/site-packages/airflow/example_dags/example_bash_operator.py
[2023-10-27 05:50:49,804] {processor.py:651} INFO - DAG(s) dict_keys(['example_bash_operator']) retrieved from /home/airflow/.local/lib/python3.7/site-packages/airflow/example_dags/example_bash_operator.py
[2023-10-27 05:50:49,989] {logging_mixin.py:115} INFO - [2023-10-27 05:50:49,989] {dag.py:2420} INFO - Sync 1 DAGs
[2023-10-27 05:50:50,014] {logging_mixin.py:115} INFO - [2023-10-27 05:50:50,014] {dag.py:2972} INFO - Setting next_dagrun for example_bash_operator to 2023-10-26T00:00:00+00:00, run_after=2023-10-27T00:00:00+00:00
[2023-10-27 05:50:50,028] {processor.py:161} INFO - Processing /home/airflow/.local/lib/python3.7/site-packages/airflow/example_dags/example_bash_operator.py took 0.249 seconds
[2023-10-27 05:51:20,352] {processor.py:153} INFO - Started process (PID=2651) to work on /home/airflow/.local/lib/python3.7/site-packages/airflow/example_dags/example_bash_operator.py
[2023-10-27 05:51:20,353] {processor.py:641} INFO - Processing file /home/airflow/.local/lib/python3.7/site-packages/airflow/example_dags/example_bash_operator.py for tasks to queue
[2023-10-27 05:51:20,354] {logging_mixin.py:115} INFO - [2023-10-27 05:51:20,354] {dagbag.py:508} INFO - Filling up the DagBag from /home/airflow/.local/lib/python3.7/site-packages/airflow/example_dags/example_bash_operator.py
[2023-10-27 05:51:20,372] {processor.py:651} INFO - DAG(s) dict_keys(['example_bash_operator']) retrieved from /home/airflow/.local/lib/python3.7/site-packages/airflow/example_dags/example_bash_operator.py
[2023-10-27 05:51:20,557] {logging_mixin.py:115} INFO - [2023-10-27 05:51:20,557] {dag.py:2420} INFO - Sync 1 DAGs
[2023-10-27 05:51:20,583] {logging_mixin.py:115} INFO - [2023-10-27 05:51:20,583] {dag.py:2972} INFO - Setting next_dagrun for example_bash_operator to 2023-10-26T00:00:00+00:00, run_after=2023-10-27T00:00:00+00:00
[2023-10-27 05:51:20,596] {processor.py:161} INFO - Processing /home/airflow/.local/lib/python3.7/site-packages/airflow/example_dags/example_bash_operator.py took 0.248 seconds
[2023-10-27 05:51:50,765] {processor.py:153} INFO - Started process (PID=2712) to work on /home/airflow/.local/lib/python3.7/site-packages/airflow/example_dags/example_bash_operator.py
[2023-10-27 05:51:50,766] {processor.py:641} INFO - Processing file /home/airflow/.local/lib/python3.7/site-packages/airflow/example_dags/example_bash_operator.py for tasks to queue
[2023-10-27 05:51:50,767] {logging_mixin.py:115} INFO - [2023-10-27 05:51:50,767] {dagbag.py:508} INFO - Filling up the DagBag from /home/airflow/.local/lib/python3.7/site-packages/airflow/example_dags/example_bash_operator.py
[2023-10-27 05:51:50,798] {processor.py:651} INFO - DAG(s) dict_keys(['example_bash_operator']) retrieved from /home/airflow/.local/lib/python3.7/site-packages/airflow/example_dags/example_bash_operator.py
[2023-10-27 05:51:51,007] {logging_mixin.py:115} INFO - [2023-10-27 05:51:51,007] {dag.py:2420} INFO - Sync 1 DAGs
[2023-10-27 05:51:51,032] {logging_mixin.py:115} INFO - [2023-10-27 05:51:51,032] {dag.py:2972} INFO - Setting next_dagrun for example_bash_operator to 2023-10-26T00:00:00+00:00, run_after=2023-10-27T00:00:00+00:00
[2023-10-27 05:51:51,047] {processor.py:161} INFO - Processing /home/airflow/.local/lib/python3.7/site-packages/airflow/example_dags/example_bash_operator.py took 0.290 seconds
[2023-10-27 05:52:21,272] {processor.py:153} INFO - Started process (PID=2765) to work on /home/airflow/.local/lib/python3.7/site-packages/airflow/example_dags/example_bash_operator.py
[2023-10-27 05:52:21,272] {processor.py:641} INFO - Processing file /home/airflow/.local/lib/python3.7/site-packages/airflow/example_dags/example_bash_operator.py for tasks to queue
[2023-10-27 05:52:21,273] {logging_mixin.py:115} INFO - [2023-10-27 05:52:21,273] {dagbag.py:508} INFO - Filling up the DagBag from /home/airflow/.local/lib/python3.7/site-packages/airflow/example_dags/example_bash_operator.py
[2023-10-27 05:52:21,291] {processor.py:651} INFO - DAG(s) dict_keys(['example_bash_operator']) retrieved from /home/airflow/.local/lib/python3.7/site-packages/airflow/example_dags/example_bash_operator.py
[2023-10-27 05:52:21,473] {logging_mixin.py:115} INFO - [2023-10-27 05:52:21,473] {dag.py:2420} INFO - Sync 1 DAGs
[2023-10-27 05:52:21,497] {logging_mixin.py:115} INFO - [2023-10-27 05:52:21,496] {dag.py:2972} INFO - Setting next_dagrun for example_bash_operator to 2023-10-26T00:00:00+00:00, run_after=2023-10-27T00:00:00+00:00
[2023-10-27 05:52:21,508] {processor.py:161} INFO - Processing /home/airflow/.local/lib/python3.7/site-packages/airflow/example_dags/example_bash_operator.py took 0.241 seconds
[2023-10-27 05:52:52,339] {processor.py:153} INFO - Started process (PID=2825) to work on /home/airflow/.local/lib/python3.7/site-packages/airflow/example_dags/example_bash_operator.py
[2023-10-27 05:52:52,340] {processor.py:641} INFO - Processing file /home/airflow/.local/lib/python3.7/site-packages/airflow/example_dags/example_bash_operator.py for tasks to queue
[2023-10-27 05:52:52,341] {logging_mixin.py:115} INFO - [2023-10-27 05:52:52,341] {dagbag.py:508} INFO - Filling up the DagBag from /home/airflow/.local/lib/python3.7/site-packages/airflow/example_dags/example_bash_operator.py
[2023-10-27 05:52:52,375] {processor.py:651} INFO - DAG(s) dict_keys(['example_bash_operator']) retrieved from /home/airflow/.local/lib/python3.7/site-packages/airflow/example_dags/example_bash_operator.py
[2023-10-27 05:52:52,565] {logging_mixin.py:115} INFO - [2023-10-27 05:52:52,565] {dag.py:2420} INFO - Sync 1 DAGs
[2023-10-27 05:52:52,588] {logging_mixin.py:115} INFO - [2023-10-27 05:52:52,588] {dag.py:2972} INFO - Setting next_dagrun for example_bash_operator to 2023-10-26T00:00:00+00:00, run_after=2023-10-27T00:00:00+00:00
[2023-10-27 05:52:52,600] {processor.py:161} INFO - Processing /home/airflow/.local/lib/python3.7/site-packages/airflow/example_dags/example_bash_operator.py took 0.265 seconds
[2023-10-27 05:53:22,744] {processor.py:153} INFO - Started process (PID=2877) to work on /home/airflow/.local/lib/python3.7/site-packages/airflow/example_dags/example_bash_operator.py
[2023-10-27 05:53:22,745] {processor.py:641} INFO - Processing file /home/airflow/.local/lib/python3.7/site-packages/airflow/example_dags/example_bash_operator.py for tasks to queue
[2023-10-27 05:53:22,745] {logging_mixin.py:115} INFO - [2023-10-27 05:53:22,745] {dagbag.py:508} INFO - Filling up the DagBag from /home/airflow/.local/lib/python3.7/site-packages/airflow/example_dags/example_bash_operator.py
[2023-10-27 05:53:22,922] {processor.py:651} INFO - DAG(s) dict_keys(['example_bash_operator']) retrieved from /home/airflow/.local/lib/python3.7/site-packages/airflow/example_dags/example_bash_operator.py
[2023-10-27 05:53:22,953] {logging_mixin.py:115} INFO - [2023-10-27 05:53:22,953] {dag.py:2420} INFO - Sync 1 DAGs
[2023-10-27 05:53:22,978] {logging_mixin.py:115} INFO - [2023-10-27 05:53:22,978] {dag.py:2972} INFO - Setting next_dagrun for example_bash_operator to 2023-10-26T00:00:00+00:00, run_after=2023-10-27T00:00:00+00:00
[2023-10-27 05:53:22,989] {processor.py:161} INFO - Processing /home/airflow/.local/lib/python3.7/site-packages/airflow/example_dags/example_bash_operator.py took 0.249 seconds
[2023-10-27 05:53:53,103] {processor.py:153} INFO - Started process (PID=2938) to work on /home/airflow/.local/lib/python3.7/site-packages/airflow/example_dags/example_bash_operator.py
[2023-10-27 05:53:53,104] {processor.py:641} INFO - Processing file /home/airflow/.local/lib/python3.7/site-packages/airflow/example_dags/example_bash_operator.py for tasks to queue
[2023-10-27 05:53:53,104] {logging_mixin.py:115} INFO - [2023-10-27 05:53:53,104] {dagbag.py:508} INFO - Filling up the DagBag from /home/airflow/.local/lib/python3.7/site-packages/airflow/example_dags/example_bash_operator.py
[2023-10-27 05:53:53,279] {processor.py:651} INFO - DAG(s) dict_keys(['example_bash_operator']) retrieved from /home/airflow/.local/lib/python3.7/site-packages/airflow/example_dags/example_bash_operator.py
[2023-10-27 05:53:53,303] {logging_mixin.py:115} INFO - [2023-10-27 05:53:53,303] {dag.py:2420} INFO - Sync 1 DAGs
[2023-10-27 05:53:53,326] {logging_mixin.py:115} INFO - [2023-10-27 05:53:53,326] {dag.py:2972} INFO - Setting next_dagrun for example_bash_operator to 2023-10-26T00:00:00+00:00, run_after=2023-10-27T00:00:00+00:00
[2023-10-27 05:53:53,339] {processor.py:161} INFO - Processing /home/airflow/.local/lib/python3.7/site-packages/airflow/example_dags/example_bash_operator.py took 0.241 seconds
