[2023-10-27 05:19:37,160] {processor.py:153} INFO - Started process (PID=82) to work on /home/airflow/.local/lib/python3.7/site-packages/airflow/example_dags/example_python_operator.py
[2023-10-27 05:19:37,161] {processor.py:641} INFO - Processing file /home/airflow/.local/lib/python3.7/site-packages/airflow/example_dags/example_python_operator.py for tasks to queue
[2023-10-27 05:19:37,161] {logging_mixin.py:115} INFO - [2023-10-27 05:19:37,161] {dagbag.py:508} INFO - Filling up the DagBag from /home/airflow/.local/lib/python3.7/site-packages/airflow/example_dags/example_python_operator.py
[2023-10-27 05:19:37,187] {processor.py:651} INFO - DAG(s) dict_keys(['example_python_operator']) retrieved from /home/airflow/.local/lib/python3.7/site-packages/airflow/example_dags/example_python_operator.py
[2023-10-27 05:19:37,295] {logging_mixin.py:115} INFO - [2023-10-27 05:19:37,295] {manager.py:508} INFO - Created Permission View: can delete on DAG:example_python_operator
[2023-10-27 05:19:37,306] {logging_mixin.py:115} INFO - [2023-10-27 05:19:37,306] {manager.py:508} INFO - Created Permission View: can read on DAG:example_python_operator
[2023-10-27 05:19:37,314] {logging_mixin.py:115} INFO - [2023-10-27 05:19:37,313] {manager.py:508} INFO - Created Permission View: can edit on DAG:example_python_operator
[2023-10-27 05:19:37,314] {logging_mixin.py:115} INFO - [2023-10-27 05:19:37,314] {dag.py:2420} INFO - Sync 1 DAGs
[2023-10-27 05:19:37,324] {logging_mixin.py:115} INFO - [2023-10-27 05:19:37,324] {dag.py:2439} INFO - Creating ORM DAG for example_python_operator
[2023-10-27 05:19:37,339] {logging_mixin.py:115} INFO - [2023-10-27 05:19:37,339] {dag.py:2972} INFO - Setting next_dagrun for example_python_operator to None, run_after=None
[2023-10-27 05:19:37,354] {processor.py:161} INFO - Processing /home/airflow/.local/lib/python3.7/site-packages/airflow/example_dags/example_python_operator.py took 0.199 seconds
[2023-10-27 05:20:07,746] {processor.py:153} INFO - Started process (PID=136) to work on /home/airflow/.local/lib/python3.7/site-packages/airflow/example_dags/example_python_operator.py
[2023-10-27 05:20:07,747] {processor.py:641} INFO - Processing file /home/airflow/.local/lib/python3.7/site-packages/airflow/example_dags/example_python_operator.py for tasks to queue
[2023-10-27 05:20:07,748] {logging_mixin.py:115} INFO - [2023-10-27 05:20:07,748] {dagbag.py:508} INFO - Filling up the DagBag from /home/airflow/.local/lib/python3.7/site-packages/airflow/example_dags/example_python_operator.py
[2023-10-27 05:20:07,778] {processor.py:651} INFO - DAG(s) dict_keys(['example_python_operator']) retrieved from /home/airflow/.local/lib/python3.7/site-packages/airflow/example_dags/example_python_operator.py
[2023-10-27 05:20:07,817] {logging_mixin.py:115} INFO - [2023-10-27 05:20:07,817] {dag.py:2420} INFO - Sync 1 DAGs
[2023-10-27 05:20:07,847] {logging_mixin.py:115} INFO - [2023-10-27 05:20:07,847] {dag.py:2972} INFO - Setting next_dagrun for example_python_operator to None, run_after=None
[2023-10-27 05:20:07,861] {processor.py:161} INFO - Processing /home/airflow/.local/lib/python3.7/site-packages/airflow/example_dags/example_python_operator.py took 0.119 seconds
[2023-10-27 05:20:38,006] {processor.py:153} INFO - Started process (PID=197) to work on /home/airflow/.local/lib/python3.7/site-packages/airflow/example_dags/example_python_operator.py
[2023-10-27 05:20:38,007] {processor.py:641} INFO - Processing file /home/airflow/.local/lib/python3.7/site-packages/airflow/example_dags/example_python_operator.py for tasks to queue
[2023-10-27 05:20:38,008] {logging_mixin.py:115} INFO - [2023-10-27 05:20:38,007] {dagbag.py:508} INFO - Filling up the DagBag from /home/airflow/.local/lib/python3.7/site-packages/airflow/example_dags/example_python_operator.py
[2023-10-27 05:20:38,028] {processor.py:651} INFO - DAG(s) dict_keys(['example_python_operator']) retrieved from /home/airflow/.local/lib/python3.7/site-packages/airflow/example_dags/example_python_operator.py
[2023-10-27 05:20:38,059] {logging_mixin.py:115} INFO - [2023-10-27 05:20:38,058] {dag.py:2420} INFO - Sync 1 DAGs
[2023-10-27 05:20:38,084] {logging_mixin.py:115} INFO - [2023-10-27 05:20:38,084] {dag.py:2972} INFO - Setting next_dagrun for example_python_operator to None, run_after=None
[2023-10-27 05:20:38,097] {processor.py:161} INFO - Processing /home/airflow/.local/lib/python3.7/site-packages/airflow/example_dags/example_python_operator.py took 0.095 seconds
[2023-10-27 05:21:08,224] {processor.py:153} INFO - Started process (PID=249) to work on /home/airflow/.local/lib/python3.7/site-packages/airflow/example_dags/example_python_operator.py
[2023-10-27 05:21:08,224] {processor.py:641} INFO - Processing file /home/airflow/.local/lib/python3.7/site-packages/airflow/example_dags/example_python_operator.py for tasks to queue
[2023-10-27 05:21:08,225] {logging_mixin.py:115} INFO - [2023-10-27 05:21:08,225] {dagbag.py:508} INFO - Filling up the DagBag from /home/airflow/.local/lib/python3.7/site-packages/airflow/example_dags/example_python_operator.py
[2023-10-27 05:21:08,246] {processor.py:651} INFO - DAG(s) dict_keys(['example_python_operator']) retrieved from /home/airflow/.local/lib/python3.7/site-packages/airflow/example_dags/example_python_operator.py
[2023-10-27 05:21:08,276] {logging_mixin.py:115} INFO - [2023-10-27 05:21:08,276] {dag.py:2420} INFO - Sync 1 DAGs
[2023-10-27 05:21:08,303] {logging_mixin.py:115} INFO - [2023-10-27 05:21:08,302] {dag.py:2972} INFO - Setting next_dagrun for example_python_operator to None, run_after=None
[2023-10-27 05:21:08,315] {processor.py:161} INFO - Processing /home/airflow/.local/lib/python3.7/site-packages/airflow/example_dags/example_python_operator.py took 0.096 seconds
[2023-10-27 05:21:38,401] {processor.py:153} INFO - Started process (PID=310) to work on /home/airflow/.local/lib/python3.7/site-packages/airflow/example_dags/example_python_operator.py
[2023-10-27 05:21:38,402] {processor.py:641} INFO - Processing file /home/airflow/.local/lib/python3.7/site-packages/airflow/example_dags/example_python_operator.py for tasks to queue
[2023-10-27 05:21:38,402] {logging_mixin.py:115} INFO - [2023-10-27 05:21:38,402] {dagbag.py:508} INFO - Filling up the DagBag from /home/airflow/.local/lib/python3.7/site-packages/airflow/example_dags/example_python_operator.py
[2023-10-27 05:21:38,423] {processor.py:651} INFO - DAG(s) dict_keys(['example_python_operator']) retrieved from /home/airflow/.local/lib/python3.7/site-packages/airflow/example_dags/example_python_operator.py
[2023-10-27 05:21:38,453] {logging_mixin.py:115} INFO - [2023-10-27 05:21:38,453] {dag.py:2420} INFO - Sync 1 DAGs
[2023-10-27 05:21:38,480] {logging_mixin.py:115} INFO - [2023-10-27 05:21:38,480] {dag.py:2972} INFO - Setting next_dagrun for example_python_operator to None, run_after=None
[2023-10-27 05:21:38,493] {processor.py:161} INFO - Processing /home/airflow/.local/lib/python3.7/site-packages/airflow/example_dags/example_python_operator.py took 0.096 seconds
[2023-10-27 05:22:08,667] {processor.py:153} INFO - Started process (PID=364) to work on /home/airflow/.local/lib/python3.7/site-packages/airflow/example_dags/example_python_operator.py
[2023-10-27 05:22:08,668] {processor.py:641} INFO - Processing file /home/airflow/.local/lib/python3.7/site-packages/airflow/example_dags/example_python_operator.py for tasks to queue
[2023-10-27 05:22:08,669] {logging_mixin.py:115} INFO - [2023-10-27 05:22:08,669] {dagbag.py:508} INFO - Filling up the DagBag from /home/airflow/.local/lib/python3.7/site-packages/airflow/example_dags/example_python_operator.py
[2023-10-27 05:22:08,691] {processor.py:651} INFO - DAG(s) dict_keys(['example_python_operator']) retrieved from /home/airflow/.local/lib/python3.7/site-packages/airflow/example_dags/example_python_operator.py
[2023-10-27 05:22:08,723] {logging_mixin.py:115} INFO - [2023-10-27 05:22:08,723] {dag.py:2420} INFO - Sync 1 DAGs
[2023-10-27 05:22:08,749] {logging_mixin.py:115} INFO - [2023-10-27 05:22:08,749] {dag.py:2972} INFO - Setting next_dagrun for example_python_operator to None, run_after=None
[2023-10-27 05:22:08,762] {processor.py:161} INFO - Processing /home/airflow/.local/lib/python3.7/site-packages/airflow/example_dags/example_python_operator.py took 0.101 seconds
[2023-10-27 05:22:38,809] {processor.py:153} INFO - Started process (PID=424) to work on /home/airflow/.local/lib/python3.7/site-packages/airflow/example_dags/example_python_operator.py
[2023-10-27 05:22:38,810] {processor.py:641} INFO - Processing file /home/airflow/.local/lib/python3.7/site-packages/airflow/example_dags/example_python_operator.py for tasks to queue
[2023-10-27 05:22:38,811] {logging_mixin.py:115} INFO - [2023-10-27 05:22:38,810] {dagbag.py:508} INFO - Filling up the DagBag from /home/airflow/.local/lib/python3.7/site-packages/airflow/example_dags/example_python_operator.py
[2023-10-27 05:22:38,831] {processor.py:651} INFO - DAG(s) dict_keys(['example_python_operator']) retrieved from /home/airflow/.local/lib/python3.7/site-packages/airflow/example_dags/example_python_operator.py
[2023-10-27 05:22:38,866] {logging_mixin.py:115} INFO - [2023-10-27 05:22:38,866] {dag.py:2420} INFO - Sync 1 DAGs
[2023-10-27 05:22:38,893] {logging_mixin.py:115} INFO - [2023-10-27 05:22:38,893] {dag.py:2972} INFO - Setting next_dagrun for example_python_operator to None, run_after=None
[2023-10-27 05:22:38,907] {processor.py:161} INFO - Processing /home/airflow/.local/lib/python3.7/site-packages/airflow/example_dags/example_python_operator.py took 0.102 seconds
[2023-10-27 05:23:09,055] {processor.py:153} INFO - Started process (PID=475) to work on /home/airflow/.local/lib/python3.7/site-packages/airflow/example_dags/example_python_operator.py
[2023-10-27 05:23:09,055] {processor.py:641} INFO - Processing file /home/airflow/.local/lib/python3.7/site-packages/airflow/example_dags/example_python_operator.py for tasks to queue
[2023-10-27 05:23:09,056] {logging_mixin.py:115} INFO - [2023-10-27 05:23:09,055] {dagbag.py:508} INFO - Filling up the DagBag from /home/airflow/.local/lib/python3.7/site-packages/airflow/example_dags/example_python_operator.py
[2023-10-27 05:23:09,076] {processor.py:651} INFO - DAG(s) dict_keys(['example_python_operator']) retrieved from /home/airflow/.local/lib/python3.7/site-packages/airflow/example_dags/example_python_operator.py
[2023-10-27 05:23:09,106] {logging_mixin.py:115} INFO - [2023-10-27 05:23:09,106] {dag.py:2420} INFO - Sync 1 DAGs
[2023-10-27 05:23:09,131] {logging_mixin.py:115} INFO - [2023-10-27 05:23:09,131] {dag.py:2972} INFO - Setting next_dagrun for example_python_operator to None, run_after=None
[2023-10-27 05:23:09,145] {processor.py:161} INFO - Processing /home/airflow/.local/lib/python3.7/site-packages/airflow/example_dags/example_python_operator.py took 0.095 seconds
[2023-10-27 05:25:02,847] {processor.py:153} INFO - Started process (PID=73) to work on /home/airflow/.local/lib/python3.7/site-packages/airflow/example_dags/example_python_operator.py
[2023-10-27 05:25:02,848] {processor.py:641} INFO - Processing file /home/airflow/.local/lib/python3.7/site-packages/airflow/example_dags/example_python_operator.py for tasks to queue
[2023-10-27 05:25:02,849] {logging_mixin.py:115} INFO - [2023-10-27 05:25:02,849] {dagbag.py:508} INFO - Filling up the DagBag from /home/airflow/.local/lib/python3.7/site-packages/airflow/example_dags/example_python_operator.py
[2023-10-27 05:25:02,874] {processor.py:651} INFO - DAG(s) dict_keys(['example_python_operator']) retrieved from /home/airflow/.local/lib/python3.7/site-packages/airflow/example_dags/example_python_operator.py
[2023-10-27 05:25:03,063] {logging_mixin.py:115} INFO - [2023-10-27 05:25:03,063] {dag.py:2420} INFO - Sync 1 DAGs
[2023-10-27 05:25:03,087] {logging_mixin.py:115} INFO - [2023-10-27 05:25:03,087] {dag.py:2972} INFO - Setting next_dagrun for example_python_operator to None, run_after=None
[2023-10-27 05:25:03,104] {processor.py:161} INFO - Processing /home/airflow/.local/lib/python3.7/site-packages/airflow/example_dags/example_python_operator.py took 0.261 seconds
[2023-10-27 05:25:33,325] {processor.py:153} INFO - Started process (PID=125) to work on /home/airflow/.local/lib/python3.7/site-packages/airflow/example_dags/example_python_operator.py
[2023-10-27 05:25:33,326] {processor.py:641} INFO - Processing file /home/airflow/.local/lib/python3.7/site-packages/airflow/example_dags/example_python_operator.py for tasks to queue
[2023-10-27 05:25:33,326] {logging_mixin.py:115} INFO - [2023-10-27 05:25:33,326] {dagbag.py:508} INFO - Filling up the DagBag from /home/airflow/.local/lib/python3.7/site-packages/airflow/example_dags/example_python_operator.py
[2023-10-27 05:25:33,352] {processor.py:651} INFO - DAG(s) dict_keys(['example_python_operator']) retrieved from /home/airflow/.local/lib/python3.7/site-packages/airflow/example_dags/example_python_operator.py
[2023-10-27 05:25:33,536] {logging_mixin.py:115} INFO - [2023-10-27 05:25:33,536] {dag.py:2420} INFO - Sync 1 DAGs
[2023-10-27 05:25:33,558] {logging_mixin.py:115} INFO - [2023-10-27 05:25:33,558] {dag.py:2972} INFO - Setting next_dagrun for example_python_operator to None, run_after=None
[2023-10-27 05:25:33,570] {processor.py:161} INFO - Processing /home/airflow/.local/lib/python3.7/site-packages/airflow/example_dags/example_python_operator.py took 0.249 seconds
[2023-10-27 05:26:04,206] {processor.py:153} INFO - Started process (PID=186) to work on /home/airflow/.local/lib/python3.7/site-packages/airflow/example_dags/example_python_operator.py
[2023-10-27 05:26:04,207] {processor.py:641} INFO - Processing file /home/airflow/.local/lib/python3.7/site-packages/airflow/example_dags/example_python_operator.py for tasks to queue
[2023-10-27 05:26:04,208] {logging_mixin.py:115} INFO - [2023-10-27 05:26:04,208] {dagbag.py:508} INFO - Filling up the DagBag from /home/airflow/.local/lib/python3.7/site-packages/airflow/example_dags/example_python_operator.py
[2023-10-27 05:26:04,234] {processor.py:651} INFO - DAG(s) dict_keys(['example_python_operator']) retrieved from /home/airflow/.local/lib/python3.7/site-packages/airflow/example_dags/example_python_operator.py
[2023-10-27 05:26:04,427] {logging_mixin.py:115} INFO - [2023-10-27 05:26:04,427] {dag.py:2420} INFO - Sync 1 DAGs
[2023-10-27 05:26:04,450] {logging_mixin.py:115} INFO - [2023-10-27 05:26:04,450] {dag.py:2972} INFO - Setting next_dagrun for example_python_operator to None, run_after=None
[2023-10-27 05:26:04,463] {processor.py:161} INFO - Processing /home/airflow/.local/lib/python3.7/site-packages/airflow/example_dags/example_python_operator.py took 0.261 seconds
[2023-10-27 05:26:35,170] {processor.py:153} INFO - Started process (PID=247) to work on /home/airflow/.local/lib/python3.7/site-packages/airflow/example_dags/example_python_operator.py
[2023-10-27 05:26:35,170] {processor.py:641} INFO - Processing file /home/airflow/.local/lib/python3.7/site-packages/airflow/example_dags/example_python_operator.py for tasks to queue
[2023-10-27 05:26:35,171] {logging_mixin.py:115} INFO - [2023-10-27 05:26:35,171] {dagbag.py:508} INFO - Filling up the DagBag from /home/airflow/.local/lib/python3.7/site-packages/airflow/example_dags/example_python_operator.py
[2023-10-27 05:26:35,196] {processor.py:651} INFO - DAG(s) dict_keys(['example_python_operator']) retrieved from /home/airflow/.local/lib/python3.7/site-packages/airflow/example_dags/example_python_operator.py
[2023-10-27 05:26:35,380] {logging_mixin.py:115} INFO - [2023-10-27 05:26:35,380] {dag.py:2420} INFO - Sync 1 DAGs
[2023-10-27 05:26:35,403] {logging_mixin.py:115} INFO - [2023-10-27 05:26:35,403] {dag.py:2972} INFO - Setting next_dagrun for example_python_operator to None, run_after=None
[2023-10-27 05:26:35,416] {processor.py:161} INFO - Processing /home/airflow/.local/lib/python3.7/site-packages/airflow/example_dags/example_python_operator.py took 0.250 seconds
[2023-10-27 05:27:06,109] {processor.py:153} INFO - Started process (PID=298) to work on /home/airflow/.local/lib/python3.7/site-packages/airflow/example_dags/example_python_operator.py
[2023-10-27 05:27:06,110] {processor.py:641} INFO - Processing file /home/airflow/.local/lib/python3.7/site-packages/airflow/example_dags/example_python_operator.py for tasks to queue
[2023-10-27 05:27:06,111] {logging_mixin.py:115} INFO - [2023-10-27 05:27:06,111] {dagbag.py:508} INFO - Filling up the DagBag from /home/airflow/.local/lib/python3.7/site-packages/airflow/example_dags/example_python_operator.py
[2023-10-27 05:27:06,137] {processor.py:651} INFO - DAG(s) dict_keys(['example_python_operator']) retrieved from /home/airflow/.local/lib/python3.7/site-packages/airflow/example_dags/example_python_operator.py
[2023-10-27 05:27:06,315] {logging_mixin.py:115} INFO - [2023-10-27 05:27:06,315] {dag.py:2420} INFO - Sync 1 DAGs
[2023-10-27 05:27:06,337] {logging_mixin.py:115} INFO - [2023-10-27 05:27:06,337] {dag.py:2972} INFO - Setting next_dagrun for example_python_operator to None, run_after=None
[2023-10-27 05:27:06,349] {processor.py:161} INFO - Processing /home/airflow/.local/lib/python3.7/site-packages/airflow/example_dags/example_python_operator.py took 0.244 seconds
[2023-10-27 05:28:19,888] {processor.py:153} INFO - Started process (PID=73) to work on /home/airflow/.local/lib/python3.7/site-packages/airflow/example_dags/example_python_operator.py
[2023-10-27 05:28:19,890] {processor.py:641} INFO - Processing file /home/airflow/.local/lib/python3.7/site-packages/airflow/example_dags/example_python_operator.py for tasks to queue
[2023-10-27 05:28:19,890] {logging_mixin.py:115} INFO - [2023-10-27 05:28:19,890] {dagbag.py:508} INFO - Filling up the DagBag from /home/airflow/.local/lib/python3.7/site-packages/airflow/example_dags/example_python_operator.py
[2023-10-27 05:28:19,918] {processor.py:651} INFO - DAG(s) dict_keys(['example_python_operator']) retrieved from /home/airflow/.local/lib/python3.7/site-packages/airflow/example_dags/example_python_operator.py
[2023-10-27 05:28:20,109] {logging_mixin.py:115} INFO - [2023-10-27 05:28:20,109] {dag.py:2420} INFO - Sync 1 DAGs
[2023-10-27 05:28:20,130] {logging_mixin.py:115} INFO - [2023-10-27 05:28:20,130] {dag.py:2972} INFO - Setting next_dagrun for example_python_operator to None, run_after=None
[2023-10-27 05:28:20,142] {processor.py:161} INFO - Processing /home/airflow/.local/lib/python3.7/site-packages/airflow/example_dags/example_python_operator.py took 0.258 seconds
[2023-10-27 05:28:53,179] {processor.py:153} INFO - Started process (PID=135) to work on /home/airflow/.local/lib/python3.7/site-packages/airflow/example_dags/example_python_operator.py
[2023-10-27 05:28:53,179] {processor.py:641} INFO - Processing file /home/airflow/.local/lib/python3.7/site-packages/airflow/example_dags/example_python_operator.py for tasks to queue
[2023-10-27 05:28:53,180] {logging_mixin.py:115} INFO - [2023-10-27 05:28:53,180] {dagbag.py:508} INFO - Filling up the DagBag from /home/airflow/.local/lib/python3.7/site-packages/airflow/example_dags/example_python_operator.py
[2023-10-27 05:28:53,205] {processor.py:651} INFO - DAG(s) dict_keys(['example_python_operator']) retrieved from /home/airflow/.local/lib/python3.7/site-packages/airflow/example_dags/example_python_operator.py
[2023-10-27 05:28:53,397] {logging_mixin.py:115} INFO - [2023-10-27 05:28:53,397] {dag.py:2420} INFO - Sync 1 DAGs
[2023-10-27 05:28:53,421] {logging_mixin.py:115} INFO - [2023-10-27 05:28:53,421] {dag.py:2972} INFO - Setting next_dagrun for example_python_operator to None, run_after=None
[2023-10-27 05:28:53,433] {processor.py:161} INFO - Processing /home/airflow/.local/lib/python3.7/site-packages/airflow/example_dags/example_python_operator.py took 0.258 seconds
[2023-10-27 05:29:23,663] {processor.py:153} INFO - Started process (PID=187) to work on /home/airflow/.local/lib/python3.7/site-packages/airflow/example_dags/example_python_operator.py
[2023-10-27 05:29:23,664] {processor.py:641} INFO - Processing file /home/airflow/.local/lib/python3.7/site-packages/airflow/example_dags/example_python_operator.py for tasks to queue
[2023-10-27 05:29:23,665] {logging_mixin.py:115} INFO - [2023-10-27 05:29:23,665] {dagbag.py:508} INFO - Filling up the DagBag from /home/airflow/.local/lib/python3.7/site-packages/airflow/example_dags/example_python_operator.py
[2023-10-27 05:29:23,690] {processor.py:651} INFO - DAG(s) dict_keys(['example_python_operator']) retrieved from /home/airflow/.local/lib/python3.7/site-packages/airflow/example_dags/example_python_operator.py
[2023-10-27 05:29:23,884] {logging_mixin.py:115} INFO - [2023-10-27 05:29:23,884] {dag.py:2420} INFO - Sync 1 DAGs
[2023-10-27 05:29:23,908] {logging_mixin.py:115} INFO - [2023-10-27 05:29:23,908] {dag.py:2972} INFO - Setting next_dagrun for example_python_operator to None, run_after=None
[2023-10-27 05:29:23,921] {processor.py:161} INFO - Processing /home/airflow/.local/lib/python3.7/site-packages/airflow/example_dags/example_python_operator.py took 0.261 seconds
[2023-10-27 05:29:54,692] {processor.py:153} INFO - Started process (PID=248) to work on /home/airflow/.local/lib/python3.7/site-packages/airflow/example_dags/example_python_operator.py
[2023-10-27 05:29:54,692] {processor.py:641} INFO - Processing file /home/airflow/.local/lib/python3.7/site-packages/airflow/example_dags/example_python_operator.py for tasks to queue
[2023-10-27 05:29:54,693] {logging_mixin.py:115} INFO - [2023-10-27 05:29:54,693] {dagbag.py:508} INFO - Filling up the DagBag from /home/airflow/.local/lib/python3.7/site-packages/airflow/example_dags/example_python_operator.py
[2023-10-27 05:29:54,721] {processor.py:651} INFO - DAG(s) dict_keys(['example_python_operator']) retrieved from /home/airflow/.local/lib/python3.7/site-packages/airflow/example_dags/example_python_operator.py
[2023-10-27 05:29:54,911] {logging_mixin.py:115} INFO - [2023-10-27 05:29:54,911] {dag.py:2420} INFO - Sync 1 DAGs
[2023-10-27 05:29:54,935] {logging_mixin.py:115} INFO - [2023-10-27 05:29:54,935] {dag.py:2972} INFO - Setting next_dagrun for example_python_operator to None, run_after=None
[2023-10-27 05:29:54,947] {processor.py:161} INFO - Processing /home/airflow/.local/lib/python3.7/site-packages/airflow/example_dags/example_python_operator.py took 0.260 seconds
[2023-10-27 05:30:26,442] {processor.py:153} INFO - Started process (PID=307) to work on /home/airflow/.local/lib/python3.7/site-packages/airflow/example_dags/example_python_operator.py
[2023-10-27 05:30:26,444] {processor.py:641} INFO - Processing file /home/airflow/.local/lib/python3.7/site-packages/airflow/example_dags/example_python_operator.py for tasks to queue
[2023-10-27 05:30:26,444] {logging_mixin.py:115} INFO - [2023-10-27 05:30:26,444] {dagbag.py:508} INFO - Filling up the DagBag from /home/airflow/.local/lib/python3.7/site-packages/airflow/example_dags/example_python_operator.py
[2023-10-27 05:30:26,470] {processor.py:651} INFO - DAG(s) dict_keys(['example_python_operator']) retrieved from /home/airflow/.local/lib/python3.7/site-packages/airflow/example_dags/example_python_operator.py
[2023-10-27 05:30:26,662] {logging_mixin.py:115} INFO - [2023-10-27 05:30:26,662] {dag.py:2420} INFO - Sync 1 DAGs
[2023-10-27 05:30:26,685] {logging_mixin.py:115} INFO - [2023-10-27 05:30:26,685] {dag.py:2972} INFO - Setting next_dagrun for example_python_operator to None, run_after=None
[2023-10-27 05:30:26,698] {processor.py:161} INFO - Processing /home/airflow/.local/lib/python3.7/site-packages/airflow/example_dags/example_python_operator.py took 0.261 seconds
[2023-10-27 05:31:02,739] {processor.py:153} INFO - Started process (PID=371) to work on /home/airflow/.local/lib/python3.7/site-packages/airflow/example_dags/example_python_operator.py
[2023-10-27 05:31:02,740] {processor.py:641} INFO - Processing file /home/airflow/.local/lib/python3.7/site-packages/airflow/example_dags/example_python_operator.py for tasks to queue
[2023-10-27 05:31:02,740] {logging_mixin.py:115} INFO - [2023-10-27 05:31:02,740] {dagbag.py:508} INFO - Filling up the DagBag from /home/airflow/.local/lib/python3.7/site-packages/airflow/example_dags/example_python_operator.py
[2023-10-27 05:31:02,765] {processor.py:651} INFO - DAG(s) dict_keys(['example_python_operator']) retrieved from /home/airflow/.local/lib/python3.7/site-packages/airflow/example_dags/example_python_operator.py
[2023-10-27 05:31:02,948] {logging_mixin.py:115} INFO - [2023-10-27 05:31:02,947] {dag.py:2420} INFO - Sync 1 DAGs
[2023-10-27 05:31:02,970] {logging_mixin.py:115} INFO - [2023-10-27 05:31:02,970] {dag.py:2972} INFO - Setting next_dagrun for example_python_operator to None, run_after=None
[2023-10-27 05:31:02,982] {processor.py:161} INFO - Processing /home/airflow/.local/lib/python3.7/site-packages/airflow/example_dags/example_python_operator.py took 0.248 seconds
[2023-10-27 05:31:33,425] {processor.py:153} INFO - Started process (PID=422) to work on /home/airflow/.local/lib/python3.7/site-packages/airflow/example_dags/example_python_operator.py
[2023-10-27 05:31:33,426] {processor.py:641} INFO - Processing file /home/airflow/.local/lib/python3.7/site-packages/airflow/example_dags/example_python_operator.py for tasks to queue
[2023-10-27 05:31:33,426] {logging_mixin.py:115} INFO - [2023-10-27 05:31:33,426] {dagbag.py:508} INFO - Filling up the DagBag from /home/airflow/.local/lib/python3.7/site-packages/airflow/example_dags/example_python_operator.py
[2023-10-27 05:31:33,452] {processor.py:651} INFO - DAG(s) dict_keys(['example_python_operator']) retrieved from /home/airflow/.local/lib/python3.7/site-packages/airflow/example_dags/example_python_operator.py
[2023-10-27 05:31:33,630] {logging_mixin.py:115} INFO - [2023-10-27 05:31:33,630] {dag.py:2420} INFO - Sync 1 DAGs
[2023-10-27 05:31:33,652] {logging_mixin.py:115} INFO - [2023-10-27 05:31:33,652] {dag.py:2972} INFO - Setting next_dagrun for example_python_operator to None, run_after=None
[2023-10-27 05:31:33,664] {processor.py:161} INFO - Processing /home/airflow/.local/lib/python3.7/site-packages/airflow/example_dags/example_python_operator.py took 0.244 seconds
[2023-10-27 05:32:03,975] {processor.py:153} INFO - Started process (PID=482) to work on /home/airflow/.local/lib/python3.7/site-packages/airflow/example_dags/example_python_operator.py
[2023-10-27 05:32:03,976] {processor.py:641} INFO - Processing file /home/airflow/.local/lib/python3.7/site-packages/airflow/example_dags/example_python_operator.py for tasks to queue
[2023-10-27 05:32:03,976] {logging_mixin.py:115} INFO - [2023-10-27 05:32:03,976] {dagbag.py:508} INFO - Filling up the DagBag from /home/airflow/.local/lib/python3.7/site-packages/airflow/example_dags/example_python_operator.py
[2023-10-27 05:32:03,996] {processor.py:651} INFO - DAG(s) dict_keys(['example_python_operator']) retrieved from /home/airflow/.local/lib/python3.7/site-packages/airflow/example_dags/example_python_operator.py
[2023-10-27 05:32:04,186] {logging_mixin.py:115} INFO - [2023-10-27 05:32:04,186] {dag.py:2420} INFO - Sync 1 DAGs
[2023-10-27 05:32:04,208] {logging_mixin.py:115} INFO - [2023-10-27 05:32:04,208] {dag.py:2972} INFO - Setting next_dagrun for example_python_operator to None, run_after=None
[2023-10-27 05:32:04,220] {processor.py:161} INFO - Processing /home/airflow/.local/lib/python3.7/site-packages/airflow/example_dags/example_python_operator.py took 0.249 seconds
[2023-10-27 05:32:34,432] {processor.py:153} INFO - Started process (PID=545) to work on /home/airflow/.local/lib/python3.7/site-packages/airflow/example_dags/example_python_operator.py
[2023-10-27 05:32:34,432] {processor.py:641} INFO - Processing file /home/airflow/.local/lib/python3.7/site-packages/airflow/example_dags/example_python_operator.py for tasks to queue
[2023-10-27 05:32:34,433] {logging_mixin.py:115} INFO - [2023-10-27 05:32:34,433] {dagbag.py:508} INFO - Filling up the DagBag from /home/airflow/.local/lib/python3.7/site-packages/airflow/example_dags/example_python_operator.py
[2023-10-27 05:32:34,453] {processor.py:651} INFO - DAG(s) dict_keys(['example_python_operator']) retrieved from /home/airflow/.local/lib/python3.7/site-packages/airflow/example_dags/example_python_operator.py
[2023-10-27 05:32:34,655] {logging_mixin.py:115} INFO - [2023-10-27 05:32:34,655] {dag.py:2420} INFO - Sync 1 DAGs
[2023-10-27 05:32:34,682] {logging_mixin.py:115} INFO - [2023-10-27 05:32:34,682] {dag.py:2972} INFO - Setting next_dagrun for example_python_operator to None, run_after=None
[2023-10-27 05:32:34,695] {processor.py:161} INFO - Processing /home/airflow/.local/lib/python3.7/site-packages/airflow/example_dags/example_python_operator.py took 0.267 seconds
[2023-10-27 05:33:04,754] {processor.py:153} INFO - Started process (PID=597) to work on /home/airflow/.local/lib/python3.7/site-packages/airflow/example_dags/example_python_operator.py
[2023-10-27 05:33:04,755] {processor.py:641} INFO - Processing file /home/airflow/.local/lib/python3.7/site-packages/airflow/example_dags/example_python_operator.py for tasks to queue
[2023-10-27 05:33:04,756] {logging_mixin.py:115} INFO - [2023-10-27 05:33:04,756] {dagbag.py:508} INFO - Filling up the DagBag from /home/airflow/.local/lib/python3.7/site-packages/airflow/example_dags/example_python_operator.py
[2023-10-27 05:33:04,777] {processor.py:651} INFO - DAG(s) dict_keys(['example_python_operator']) retrieved from /home/airflow/.local/lib/python3.7/site-packages/airflow/example_dags/example_python_operator.py
[2023-10-27 05:33:04,971] {logging_mixin.py:115} INFO - [2023-10-27 05:33:04,971] {dag.py:2420} INFO - Sync 1 DAGs
[2023-10-27 05:33:04,995] {logging_mixin.py:115} INFO - [2023-10-27 05:33:04,995] {dag.py:2972} INFO - Setting next_dagrun for example_python_operator to None, run_after=None
[2023-10-27 05:33:05,007] {processor.py:161} INFO - Processing /home/airflow/.local/lib/python3.7/site-packages/airflow/example_dags/example_python_operator.py took 0.257 seconds
[2023-10-27 05:33:35,567] {processor.py:153} INFO - Started process (PID=658) to work on /home/airflow/.local/lib/python3.7/site-packages/airflow/example_dags/example_python_operator.py
[2023-10-27 05:33:35,568] {processor.py:641} INFO - Processing file /home/airflow/.local/lib/python3.7/site-packages/airflow/example_dags/example_python_operator.py for tasks to queue
[2023-10-27 05:33:35,568] {logging_mixin.py:115} INFO - [2023-10-27 05:33:35,568] {dagbag.py:508} INFO - Filling up the DagBag from /home/airflow/.local/lib/python3.7/site-packages/airflow/example_dags/example_python_operator.py
[2023-10-27 05:33:35,594] {processor.py:651} INFO - DAG(s) dict_keys(['example_python_operator']) retrieved from /home/airflow/.local/lib/python3.7/site-packages/airflow/example_dags/example_python_operator.py
[2023-10-27 05:33:35,774] {logging_mixin.py:115} INFO - [2023-10-27 05:33:35,774] {dag.py:2420} INFO - Sync 1 DAGs
[2023-10-27 05:33:35,797] {logging_mixin.py:115} INFO - [2023-10-27 05:33:35,796] {dag.py:2972} INFO - Setting next_dagrun for example_python_operator to None, run_after=None
[2023-10-27 05:33:35,808] {processor.py:161} INFO - Processing /home/airflow/.local/lib/python3.7/site-packages/airflow/example_dags/example_python_operator.py took 0.245 seconds
[2023-10-27 05:34:06,356] {processor.py:153} INFO - Started process (PID=709) to work on /home/airflow/.local/lib/python3.7/site-packages/airflow/example_dags/example_python_operator.py
[2023-10-27 05:34:06,357] {processor.py:641} INFO - Processing file /home/airflow/.local/lib/python3.7/site-packages/airflow/example_dags/example_python_operator.py for tasks to queue
[2023-10-27 05:34:06,357] {logging_mixin.py:115} INFO - [2023-10-27 05:34:06,357] {dagbag.py:508} INFO - Filling up the DagBag from /home/airflow/.local/lib/python3.7/site-packages/airflow/example_dags/example_python_operator.py
[2023-10-27 05:34:06,382] {processor.py:651} INFO - DAG(s) dict_keys(['example_python_operator']) retrieved from /home/airflow/.local/lib/python3.7/site-packages/airflow/example_dags/example_python_operator.py
[2023-10-27 05:34:06,565] {logging_mixin.py:115} INFO - [2023-10-27 05:34:06,565] {dag.py:2420} INFO - Sync 1 DAGs
[2023-10-27 05:34:06,587] {logging_mixin.py:115} INFO - [2023-10-27 05:34:06,587] {dag.py:2972} INFO - Setting next_dagrun for example_python_operator to None, run_after=None
[2023-10-27 05:34:06,598] {processor.py:161} INFO - Processing /home/airflow/.local/lib/python3.7/site-packages/airflow/example_dags/example_python_operator.py took 0.247 seconds
[2023-10-27 05:34:37,094] {processor.py:153} INFO - Started process (PID=771) to work on /home/airflow/.local/lib/python3.7/site-packages/airflow/example_dags/example_python_operator.py
[2023-10-27 05:34:37,094] {processor.py:641} INFO - Processing file /home/airflow/.local/lib/python3.7/site-packages/airflow/example_dags/example_python_operator.py for tasks to queue
[2023-10-27 05:34:37,095] {logging_mixin.py:115} INFO - [2023-10-27 05:34:37,095] {dagbag.py:508} INFO - Filling up the DagBag from /home/airflow/.local/lib/python3.7/site-packages/airflow/example_dags/example_python_operator.py
[2023-10-27 05:34:37,119] {processor.py:651} INFO - DAG(s) dict_keys(['example_python_operator']) retrieved from /home/airflow/.local/lib/python3.7/site-packages/airflow/example_dags/example_python_operator.py
[2023-10-27 05:34:37,304] {logging_mixin.py:115} INFO - [2023-10-27 05:34:37,304] {dag.py:2420} INFO - Sync 1 DAGs
[2023-10-27 05:34:37,325] {logging_mixin.py:115} INFO - [2023-10-27 05:34:37,325] {dag.py:2972} INFO - Setting next_dagrun for example_python_operator to None, run_after=None
[2023-10-27 05:34:37,337] {processor.py:161} INFO - Processing /home/airflow/.local/lib/python3.7/site-packages/airflow/example_dags/example_python_operator.py took 0.248 seconds
[2023-10-27 05:35:07,394] {processor.py:153} INFO - Started process (PID=832) to work on /home/airflow/.local/lib/python3.7/site-packages/airflow/example_dags/example_python_operator.py
[2023-10-27 05:35:07,395] {processor.py:641} INFO - Processing file /home/airflow/.local/lib/python3.7/site-packages/airflow/example_dags/example_python_operator.py for tasks to queue
[2023-10-27 05:35:07,395] {logging_mixin.py:115} INFO - [2023-10-27 05:35:07,395] {dagbag.py:508} INFO - Filling up the DagBag from /home/airflow/.local/lib/python3.7/site-packages/airflow/example_dags/example_python_operator.py
[2023-10-27 05:35:07,420] {processor.py:651} INFO - DAG(s) dict_keys(['example_python_operator']) retrieved from /home/airflow/.local/lib/python3.7/site-packages/airflow/example_dags/example_python_operator.py
[2023-10-27 05:35:07,601] {logging_mixin.py:115} INFO - [2023-10-27 05:35:07,601] {dag.py:2420} INFO - Sync 1 DAGs
[2023-10-27 05:35:07,622] {logging_mixin.py:115} INFO - [2023-10-27 05:35:07,622] {dag.py:2972} INFO - Setting next_dagrun for example_python_operator to None, run_after=None
[2023-10-27 05:35:07,635] {processor.py:161} INFO - Processing /home/airflow/.local/lib/python3.7/site-packages/airflow/example_dags/example_python_operator.py took 0.245 seconds
[2023-10-27 05:35:38,356] {processor.py:153} INFO - Started process (PID=883) to work on /home/airflow/.local/lib/python3.7/site-packages/airflow/example_dags/example_python_operator.py
[2023-10-27 05:35:38,357] {processor.py:641} INFO - Processing file /home/airflow/.local/lib/python3.7/site-packages/airflow/example_dags/example_python_operator.py for tasks to queue
[2023-10-27 05:35:38,357] {logging_mixin.py:115} INFO - [2023-10-27 05:35:38,357] {dagbag.py:508} INFO - Filling up the DagBag from /home/airflow/.local/lib/python3.7/site-packages/airflow/example_dags/example_python_operator.py
[2023-10-27 05:35:38,381] {processor.py:651} INFO - DAG(s) dict_keys(['example_python_operator']) retrieved from /home/airflow/.local/lib/python3.7/site-packages/airflow/example_dags/example_python_operator.py
[2023-10-27 05:35:38,565] {logging_mixin.py:115} INFO - [2023-10-27 05:35:38,565] {dag.py:2420} INFO - Sync 1 DAGs
[2023-10-27 05:35:38,587] {logging_mixin.py:115} INFO - [2023-10-27 05:35:38,587] {dag.py:2972} INFO - Setting next_dagrun for example_python_operator to None, run_after=None
[2023-10-27 05:35:38,599] {processor.py:161} INFO - Processing /home/airflow/.local/lib/python3.7/site-packages/airflow/example_dags/example_python_operator.py took 0.247 seconds
[2023-10-27 05:36:08,768] {processor.py:153} INFO - Started process (PID=944) to work on /home/airflow/.local/lib/python3.7/site-packages/airflow/example_dags/example_python_operator.py
[2023-10-27 05:36:08,769] {processor.py:641} INFO - Processing file /home/airflow/.local/lib/python3.7/site-packages/airflow/example_dags/example_python_operator.py for tasks to queue
[2023-10-27 05:36:08,770] {logging_mixin.py:115} INFO - [2023-10-27 05:36:08,769] {dagbag.py:508} INFO - Filling up the DagBag from /home/airflow/.local/lib/python3.7/site-packages/airflow/example_dags/example_python_operator.py
[2023-10-27 05:36:08,795] {processor.py:651} INFO - DAG(s) dict_keys(['example_python_operator']) retrieved from /home/airflow/.local/lib/python3.7/site-packages/airflow/example_dags/example_python_operator.py
[2023-10-27 05:36:08,981] {logging_mixin.py:115} INFO - [2023-10-27 05:36:08,981] {dag.py:2420} INFO - Sync 1 DAGs
[2023-10-27 05:36:09,003] {logging_mixin.py:115} INFO - [2023-10-27 05:36:09,003] {dag.py:2972} INFO - Setting next_dagrun for example_python_operator to None, run_after=None
[2023-10-27 05:36:09,015] {processor.py:161} INFO - Processing /home/airflow/.local/lib/python3.7/site-packages/airflow/example_dags/example_python_operator.py took 0.252 seconds
[2023-10-27 05:36:39,410] {processor.py:153} INFO - Started process (PID=995) to work on /home/airflow/.local/lib/python3.7/site-packages/airflow/example_dags/example_python_operator.py
[2023-10-27 05:36:39,411] {processor.py:641} INFO - Processing file /home/airflow/.local/lib/python3.7/site-packages/airflow/example_dags/example_python_operator.py for tasks to queue
[2023-10-27 05:36:39,411] {logging_mixin.py:115} INFO - [2023-10-27 05:36:39,411] {dagbag.py:508} INFO - Filling up the DagBag from /home/airflow/.local/lib/python3.7/site-packages/airflow/example_dags/example_python_operator.py
[2023-10-27 05:36:39,436] {processor.py:651} INFO - DAG(s) dict_keys(['example_python_operator']) retrieved from /home/airflow/.local/lib/python3.7/site-packages/airflow/example_dags/example_python_operator.py
[2023-10-27 05:36:39,614] {logging_mixin.py:115} INFO - [2023-10-27 05:36:39,614] {dag.py:2420} INFO - Sync 1 DAGs
[2023-10-27 05:36:39,636] {logging_mixin.py:115} INFO - [2023-10-27 05:36:39,636] {dag.py:2972} INFO - Setting next_dagrun for example_python_operator to None, run_after=None
[2023-10-27 05:36:39,648] {processor.py:161} INFO - Processing /home/airflow/.local/lib/python3.7/site-packages/airflow/example_dags/example_python_operator.py took 0.241 seconds
[2023-10-27 05:37:09,727] {processor.py:153} INFO - Started process (PID=1055) to work on /home/airflow/.local/lib/python3.7/site-packages/airflow/example_dags/example_python_operator.py
[2023-10-27 05:37:09,728] {processor.py:641} INFO - Processing file /home/airflow/.local/lib/python3.7/site-packages/airflow/example_dags/example_python_operator.py for tasks to queue
[2023-10-27 05:37:09,729] {logging_mixin.py:115} INFO - [2023-10-27 05:37:09,728] {dagbag.py:508} INFO - Filling up the DagBag from /home/airflow/.local/lib/python3.7/site-packages/airflow/example_dags/example_python_operator.py
[2023-10-27 05:37:09,752] {processor.py:651} INFO - DAG(s) dict_keys(['example_python_operator']) retrieved from /home/airflow/.local/lib/python3.7/site-packages/airflow/example_dags/example_python_operator.py
[2023-10-27 05:37:09,937] {logging_mixin.py:115} INFO - [2023-10-27 05:37:09,937] {dag.py:2420} INFO - Sync 1 DAGs
[2023-10-27 05:37:09,963] {logging_mixin.py:115} INFO - [2023-10-27 05:37:09,963] {dag.py:2972} INFO - Setting next_dagrun for example_python_operator to None, run_after=None
[2023-10-27 05:37:09,975] {processor.py:161} INFO - Processing /home/airflow/.local/lib/python3.7/site-packages/airflow/example_dags/example_python_operator.py took 0.252 seconds
[2023-10-27 05:37:40,958] {processor.py:153} INFO - Started process (PID=1116) to work on /home/airflow/.local/lib/python3.7/site-packages/airflow/example_dags/example_python_operator.py
[2023-10-27 05:37:40,959] {processor.py:641} INFO - Processing file /home/airflow/.local/lib/python3.7/site-packages/airflow/example_dags/example_python_operator.py for tasks to queue
[2023-10-27 05:37:40,960] {logging_mixin.py:115} INFO - [2023-10-27 05:37:40,959] {dagbag.py:508} INFO - Filling up the DagBag from /home/airflow/.local/lib/python3.7/site-packages/airflow/example_dags/example_python_operator.py
[2023-10-27 05:37:40,985] {processor.py:651} INFO - DAG(s) dict_keys(['example_python_operator']) retrieved from /home/airflow/.local/lib/python3.7/site-packages/airflow/example_dags/example_python_operator.py
[2023-10-27 05:37:41,166] {logging_mixin.py:115} INFO - [2023-10-27 05:37:41,166] {dag.py:2420} INFO - Sync 1 DAGs
[2023-10-27 05:37:41,188] {logging_mixin.py:115} INFO - [2023-10-27 05:37:41,188] {dag.py:2972} INFO - Setting next_dagrun for example_python_operator to None, run_after=None
[2023-10-27 05:37:41,200] {processor.py:161} INFO - Processing /home/airflow/.local/lib/python3.7/site-packages/airflow/example_dags/example_python_operator.py took 0.246 seconds
[2023-10-27 05:38:11,361] {processor.py:153} INFO - Started process (PID=1168) to work on /home/airflow/.local/lib/python3.7/site-packages/airflow/example_dags/example_python_operator.py
[2023-10-27 05:38:11,362] {processor.py:641} INFO - Processing file /home/airflow/.local/lib/python3.7/site-packages/airflow/example_dags/example_python_operator.py for tasks to queue
[2023-10-27 05:38:11,362] {logging_mixin.py:115} INFO - [2023-10-27 05:38:11,362] {dagbag.py:508} INFO - Filling up the DagBag from /home/airflow/.local/lib/python3.7/site-packages/airflow/example_dags/example_python_operator.py
[2023-10-27 05:38:11,387] {processor.py:651} INFO - DAG(s) dict_keys(['example_python_operator']) retrieved from /home/airflow/.local/lib/python3.7/site-packages/airflow/example_dags/example_python_operator.py
[2023-10-27 05:38:11,568] {logging_mixin.py:115} INFO - [2023-10-27 05:38:11,568] {dag.py:2420} INFO - Sync 1 DAGs
[2023-10-27 05:38:11,590] {logging_mixin.py:115} INFO - [2023-10-27 05:38:11,590] {dag.py:2972} INFO - Setting next_dagrun for example_python_operator to None, run_after=None
[2023-10-27 05:38:11,602] {processor.py:161} INFO - Processing /home/airflow/.local/lib/python3.7/site-packages/airflow/example_dags/example_python_operator.py took 0.245 seconds
[2023-10-27 05:38:42,141] {processor.py:153} INFO - Started process (PID=1229) to work on /home/airflow/.local/lib/python3.7/site-packages/airflow/example_dags/example_python_operator.py
[2023-10-27 05:38:42,142] {processor.py:641} INFO - Processing file /home/airflow/.local/lib/python3.7/site-packages/airflow/example_dags/example_python_operator.py for tasks to queue
[2023-10-27 05:38:42,142] {logging_mixin.py:115} INFO - [2023-10-27 05:38:42,142] {dagbag.py:508} INFO - Filling up the DagBag from /home/airflow/.local/lib/python3.7/site-packages/airflow/example_dags/example_python_operator.py
[2023-10-27 05:38:42,166] {processor.py:651} INFO - DAG(s) dict_keys(['example_python_operator']) retrieved from /home/airflow/.local/lib/python3.7/site-packages/airflow/example_dags/example_python_operator.py
[2023-10-27 05:38:42,347] {logging_mixin.py:115} INFO - [2023-10-27 05:38:42,347] {dag.py:2420} INFO - Sync 1 DAGs
[2023-10-27 05:38:42,370] {logging_mixin.py:115} INFO - [2023-10-27 05:38:42,370] {dag.py:2972} INFO - Setting next_dagrun for example_python_operator to None, run_after=None
[2023-10-27 05:38:42,386] {processor.py:161} INFO - Processing /home/airflow/.local/lib/python3.7/site-packages/airflow/example_dags/example_python_operator.py took 0.249 seconds
[2023-10-27 05:39:12,534] {processor.py:153} INFO - Started process (PID=1291) to work on /home/airflow/.local/lib/python3.7/site-packages/airflow/example_dags/example_python_operator.py
[2023-10-27 05:39:12,535] {processor.py:641} INFO - Processing file /home/airflow/.local/lib/python3.7/site-packages/airflow/example_dags/example_python_operator.py for tasks to queue
[2023-10-27 05:39:12,536] {logging_mixin.py:115} INFO - [2023-10-27 05:39:12,536] {dagbag.py:508} INFO - Filling up the DagBag from /home/airflow/.local/lib/python3.7/site-packages/airflow/example_dags/example_python_operator.py
[2023-10-27 05:39:12,559] {processor.py:651} INFO - DAG(s) dict_keys(['example_python_operator']) retrieved from /home/airflow/.local/lib/python3.7/site-packages/airflow/example_dags/example_python_operator.py
[2023-10-27 05:39:12,749] {logging_mixin.py:115} INFO - [2023-10-27 05:39:12,749] {dag.py:2420} INFO - Sync 1 DAGs
[2023-10-27 05:39:12,772] {logging_mixin.py:115} INFO - [2023-10-27 05:39:12,772] {dag.py:2972} INFO - Setting next_dagrun for example_python_operator to None, run_after=None
[2023-10-27 05:39:12,786] {processor.py:161} INFO - Processing /home/airflow/.local/lib/python3.7/site-packages/airflow/example_dags/example_python_operator.py took 0.256 seconds
[2023-10-27 05:39:43,010] {processor.py:153} INFO - Started process (PID=1341) to work on /home/airflow/.local/lib/python3.7/site-packages/airflow/example_dags/example_python_operator.py
[2023-10-27 05:39:43,011] {processor.py:641} INFO - Processing file /home/airflow/.local/lib/python3.7/site-packages/airflow/example_dags/example_python_operator.py for tasks to queue
[2023-10-27 05:39:43,011] {logging_mixin.py:115} INFO - [2023-10-27 05:39:43,011] {dagbag.py:508} INFO - Filling up the DagBag from /home/airflow/.local/lib/python3.7/site-packages/airflow/example_dags/example_python_operator.py
[2023-10-27 05:39:43,036] {processor.py:651} INFO - DAG(s) dict_keys(['example_python_operator']) retrieved from /home/airflow/.local/lib/python3.7/site-packages/airflow/example_dags/example_python_operator.py
[2023-10-27 05:39:43,219] {logging_mixin.py:115} INFO - [2023-10-27 05:39:43,219] {dag.py:2420} INFO - Sync 1 DAGs
[2023-10-27 05:39:43,241] {logging_mixin.py:115} INFO - [2023-10-27 05:39:43,241] {dag.py:2972} INFO - Setting next_dagrun for example_python_operator to None, run_after=None
[2023-10-27 05:39:43,252] {processor.py:161} INFO - Processing /home/airflow/.local/lib/python3.7/site-packages/airflow/example_dags/example_python_operator.py took 0.246 seconds
[2023-10-27 05:40:13,882] {processor.py:153} INFO - Started process (PID=1403) to work on /home/airflow/.local/lib/python3.7/site-packages/airflow/example_dags/example_python_operator.py
[2023-10-27 05:40:13,883] {processor.py:641} INFO - Processing file /home/airflow/.local/lib/python3.7/site-packages/airflow/example_dags/example_python_operator.py for tasks to queue
[2023-10-27 05:40:13,883] {logging_mixin.py:115} INFO - [2023-10-27 05:40:13,883] {dagbag.py:508} INFO - Filling up the DagBag from /home/airflow/.local/lib/python3.7/site-packages/airflow/example_dags/example_python_operator.py
[2023-10-27 05:40:13,908] {processor.py:651} INFO - DAG(s) dict_keys(['example_python_operator']) retrieved from /home/airflow/.local/lib/python3.7/site-packages/airflow/example_dags/example_python_operator.py
[2023-10-27 05:40:14,090] {logging_mixin.py:115} INFO - [2023-10-27 05:40:14,090] {dag.py:2420} INFO - Sync 1 DAGs
[2023-10-27 05:40:14,113] {logging_mixin.py:115} INFO - [2023-10-27 05:40:14,113] {dag.py:2972} INFO - Setting next_dagrun for example_python_operator to None, run_after=None
[2023-10-27 05:40:14,125] {processor.py:161} INFO - Processing /home/airflow/.local/lib/python3.7/site-packages/airflow/example_dags/example_python_operator.py took 0.248 seconds
[2023-10-27 05:40:44,696] {processor.py:153} INFO - Started process (PID=1455) to work on /home/airflow/.local/lib/python3.7/site-packages/airflow/example_dags/example_python_operator.py
[2023-10-27 05:40:44,697] {processor.py:641} INFO - Processing file /home/airflow/.local/lib/python3.7/site-packages/airflow/example_dags/example_python_operator.py for tasks to queue
[2023-10-27 05:40:44,698] {logging_mixin.py:115} INFO - [2023-10-27 05:40:44,697] {dagbag.py:508} INFO - Filling up the DagBag from /home/airflow/.local/lib/python3.7/site-packages/airflow/example_dags/example_python_operator.py
[2023-10-27 05:40:44,722] {processor.py:651} INFO - DAG(s) dict_keys(['example_python_operator']) retrieved from /home/airflow/.local/lib/python3.7/site-packages/airflow/example_dags/example_python_operator.py
[2023-10-27 05:40:44,908] {logging_mixin.py:115} INFO - [2023-10-27 05:40:44,908] {dag.py:2420} INFO - Sync 1 DAGs
[2023-10-27 05:40:44,930] {logging_mixin.py:115} INFO - [2023-10-27 05:40:44,930] {dag.py:2972} INFO - Setting next_dagrun for example_python_operator to None, run_after=None
[2023-10-27 05:40:44,942] {processor.py:161} INFO - Processing /home/airflow/.local/lib/python3.7/site-packages/airflow/example_dags/example_python_operator.py took 0.250 seconds
[2023-10-27 05:41:15,083] {processor.py:153} INFO - Started process (PID=1515) to work on /home/airflow/.local/lib/python3.7/site-packages/airflow/example_dags/example_python_operator.py
[2023-10-27 05:41:15,084] {processor.py:641} INFO - Processing file /home/airflow/.local/lib/python3.7/site-packages/airflow/example_dags/example_python_operator.py for tasks to queue
[2023-10-27 05:41:15,085] {logging_mixin.py:115} INFO - [2023-10-27 05:41:15,085] {dagbag.py:508} INFO - Filling up the DagBag from /home/airflow/.local/lib/python3.7/site-packages/airflow/example_dags/example_python_operator.py
[2023-10-27 05:41:15,110] {processor.py:651} INFO - DAG(s) dict_keys(['example_python_operator']) retrieved from /home/airflow/.local/lib/python3.7/site-packages/airflow/example_dags/example_python_operator.py
[2023-10-27 05:41:15,297] {logging_mixin.py:115} INFO - [2023-10-27 05:41:15,297] {dag.py:2420} INFO - Sync 1 DAGs
[2023-10-27 05:41:15,319] {logging_mixin.py:115} INFO - [2023-10-27 05:41:15,319] {dag.py:2972} INFO - Setting next_dagrun for example_python_operator to None, run_after=None
[2023-10-27 05:41:15,331] {processor.py:161} INFO - Processing /home/airflow/.local/lib/python3.7/site-packages/airflow/example_dags/example_python_operator.py took 0.252 seconds
[2023-10-27 05:41:45,806] {processor.py:153} INFO - Started process (PID=1567) to work on /home/airflow/.local/lib/python3.7/site-packages/airflow/example_dags/example_python_operator.py
[2023-10-27 05:41:45,806] {processor.py:641} INFO - Processing file /home/airflow/.local/lib/python3.7/site-packages/airflow/example_dags/example_python_operator.py for tasks to queue
[2023-10-27 05:41:45,807] {logging_mixin.py:115} INFO - [2023-10-27 05:41:45,807] {dagbag.py:508} INFO - Filling up the DagBag from /home/airflow/.local/lib/python3.7/site-packages/airflow/example_dags/example_python_operator.py
[2023-10-27 05:41:45,831] {processor.py:651} INFO - DAG(s) dict_keys(['example_python_operator']) retrieved from /home/airflow/.local/lib/python3.7/site-packages/airflow/example_dags/example_python_operator.py
[2023-10-27 05:41:46,022] {logging_mixin.py:115} INFO - [2023-10-27 05:41:46,022] {dag.py:2420} INFO - Sync 1 DAGs
[2023-10-27 05:41:46,045] {logging_mixin.py:115} INFO - [2023-10-27 05:41:46,045] {dag.py:2972} INFO - Setting next_dagrun for example_python_operator to None, run_after=None
[2023-10-27 05:41:46,058] {processor.py:161} INFO - Processing /home/airflow/.local/lib/python3.7/site-packages/airflow/example_dags/example_python_operator.py took 0.255 seconds
[2023-10-27 05:42:16,605] {processor.py:153} INFO - Started process (PID=1628) to work on /home/airflow/.local/lib/python3.7/site-packages/airflow/example_dags/example_python_operator.py
[2023-10-27 05:42:16,605] {processor.py:641} INFO - Processing file /home/airflow/.local/lib/python3.7/site-packages/airflow/example_dags/example_python_operator.py for tasks to queue
[2023-10-27 05:42:16,606] {logging_mixin.py:115} INFO - [2023-10-27 05:42:16,606] {dagbag.py:508} INFO - Filling up the DagBag from /home/airflow/.local/lib/python3.7/site-packages/airflow/example_dags/example_python_operator.py
[2023-10-27 05:42:16,631] {processor.py:651} INFO - DAG(s) dict_keys(['example_python_operator']) retrieved from /home/airflow/.local/lib/python3.7/site-packages/airflow/example_dags/example_python_operator.py
[2023-10-27 05:42:16,823] {logging_mixin.py:115} INFO - [2023-10-27 05:42:16,823] {dag.py:2420} INFO - Sync 1 DAGs
[2023-10-27 05:42:16,845] {logging_mixin.py:115} INFO - [2023-10-27 05:42:16,845] {dag.py:2972} INFO - Setting next_dagrun for example_python_operator to None, run_after=None
[2023-10-27 05:42:16,857] {processor.py:161} INFO - Processing /home/airflow/.local/lib/python3.7/site-packages/airflow/example_dags/example_python_operator.py took 0.257 seconds
[2023-10-27 05:42:47,338] {processor.py:153} INFO - Started process (PID=1688) to work on /home/airflow/.local/lib/python3.7/site-packages/airflow/example_dags/example_python_operator.py
[2023-10-27 05:42:47,339] {processor.py:641} INFO - Processing file /home/airflow/.local/lib/python3.7/site-packages/airflow/example_dags/example_python_operator.py for tasks to queue
[2023-10-27 05:42:47,340] {logging_mixin.py:115} INFO - [2023-10-27 05:42:47,339] {dagbag.py:508} INFO - Filling up the DagBag from /home/airflow/.local/lib/python3.7/site-packages/airflow/example_dags/example_python_operator.py
[2023-10-27 05:42:47,364] {processor.py:651} INFO - DAG(s) dict_keys(['example_python_operator']) retrieved from /home/airflow/.local/lib/python3.7/site-packages/airflow/example_dags/example_python_operator.py
[2023-10-27 05:42:47,560] {logging_mixin.py:115} INFO - [2023-10-27 05:42:47,560] {dag.py:2420} INFO - Sync 1 DAGs
[2023-10-27 05:42:47,588] {logging_mixin.py:115} INFO - [2023-10-27 05:42:47,588] {dag.py:2972} INFO - Setting next_dagrun for example_python_operator to None, run_after=None
[2023-10-27 05:42:47,602] {processor.py:161} INFO - Processing /home/airflow/.local/lib/python3.7/site-packages/airflow/example_dags/example_python_operator.py took 0.268 seconds
[2023-10-27 05:43:17,755] {processor.py:153} INFO - Started process (PID=1739) to work on /home/airflow/.local/lib/python3.7/site-packages/airflow/example_dags/example_python_operator.py
[2023-10-27 05:43:17,756] {processor.py:641} INFO - Processing file /home/airflow/.local/lib/python3.7/site-packages/airflow/example_dags/example_python_operator.py for tasks to queue
[2023-10-27 05:43:17,757] {logging_mixin.py:115} INFO - [2023-10-27 05:43:17,757] {dagbag.py:508} INFO - Filling up the DagBag from /home/airflow/.local/lib/python3.7/site-packages/airflow/example_dags/example_python_operator.py
[2023-10-27 05:43:17,947] {processor.py:651} INFO - DAG(s) dict_keys(['example_python_operator']) retrieved from /home/airflow/.local/lib/python3.7/site-packages/airflow/example_dags/example_python_operator.py
[2023-10-27 05:43:17,971] {logging_mixin.py:115} INFO - [2023-10-27 05:43:17,970] {dag.py:2420} INFO - Sync 1 DAGs
[2023-10-27 05:43:17,993] {logging_mixin.py:115} INFO - [2023-10-27 05:43:17,993] {dag.py:2972} INFO - Setting next_dagrun for example_python_operator to None, run_after=None
[2023-10-27 05:43:18,005] {processor.py:161} INFO - Processing /home/airflow/.local/lib/python3.7/site-packages/airflow/example_dags/example_python_operator.py took 0.254 seconds
[2023-10-27 05:43:48,169] {processor.py:153} INFO - Started process (PID=1799) to work on /home/airflow/.local/lib/python3.7/site-packages/airflow/example_dags/example_python_operator.py
[2023-10-27 05:43:48,170] {processor.py:641} INFO - Processing file /home/airflow/.local/lib/python3.7/site-packages/airflow/example_dags/example_python_operator.py for tasks to queue
[2023-10-27 05:43:48,170] {logging_mixin.py:115} INFO - [2023-10-27 05:43:48,170] {dagbag.py:508} INFO - Filling up the DagBag from /home/airflow/.local/lib/python3.7/site-packages/airflow/example_dags/example_python_operator.py
[2023-10-27 05:43:48,353] {processor.py:651} INFO - DAG(s) dict_keys(['example_python_operator']) retrieved from /home/airflow/.local/lib/python3.7/site-packages/airflow/example_dags/example_python_operator.py
[2023-10-27 05:43:48,377] {logging_mixin.py:115} INFO - [2023-10-27 05:43:48,377] {dag.py:2420} INFO - Sync 1 DAGs
[2023-10-27 05:43:48,399] {logging_mixin.py:115} INFO - [2023-10-27 05:43:48,399] {dag.py:2972} INFO - Setting next_dagrun for example_python_operator to None, run_after=None
[2023-10-27 05:43:48,411] {processor.py:161} INFO - Processing /home/airflow/.local/lib/python3.7/site-packages/airflow/example_dags/example_python_operator.py took 0.246 seconds
[2023-10-27 05:44:18,552] {processor.py:153} INFO - Started process (PID=1851) to work on /home/airflow/.local/lib/python3.7/site-packages/airflow/example_dags/example_python_operator.py
[2023-10-27 05:44:18,553] {processor.py:641} INFO - Processing file /home/airflow/.local/lib/python3.7/site-packages/airflow/example_dags/example_python_operator.py for tasks to queue
[2023-10-27 05:44:18,554] {logging_mixin.py:115} INFO - [2023-10-27 05:44:18,554] {dagbag.py:508} INFO - Filling up the DagBag from /home/airflow/.local/lib/python3.7/site-packages/airflow/example_dags/example_python_operator.py
[2023-10-27 05:44:18,737] {processor.py:651} INFO - DAG(s) dict_keys(['example_python_operator']) retrieved from /home/airflow/.local/lib/python3.7/site-packages/airflow/example_dags/example_python_operator.py
[2023-10-27 05:44:18,761] {logging_mixin.py:115} INFO - [2023-10-27 05:44:18,761] {dag.py:2420} INFO - Sync 1 DAGs
[2023-10-27 05:44:18,784] {logging_mixin.py:115} INFO - [2023-10-27 05:44:18,783] {dag.py:2972} INFO - Setting next_dagrun for example_python_operator to None, run_after=None
[2023-10-27 05:44:18,795] {processor.py:161} INFO - Processing /home/airflow/.local/lib/python3.7/site-packages/airflow/example_dags/example_python_operator.py took 0.247 seconds
[2023-10-27 05:44:48,970] {processor.py:153} INFO - Started process (PID=1912) to work on /home/airflow/.local/lib/python3.7/site-packages/airflow/example_dags/example_python_operator.py
[2023-10-27 05:44:48,971] {processor.py:641} INFO - Processing file /home/airflow/.local/lib/python3.7/site-packages/airflow/example_dags/example_python_operator.py for tasks to queue
[2023-10-27 05:44:48,972] {logging_mixin.py:115} INFO - [2023-10-27 05:44:48,972] {dagbag.py:508} INFO - Filling up the DagBag from /home/airflow/.local/lib/python3.7/site-packages/airflow/example_dags/example_python_operator.py
[2023-10-27 05:44:49,155] {processor.py:651} INFO - DAG(s) dict_keys(['example_python_operator']) retrieved from /home/airflow/.local/lib/python3.7/site-packages/airflow/example_dags/example_python_operator.py
[2023-10-27 05:44:49,177] {logging_mixin.py:115} INFO - [2023-10-27 05:44:49,177] {dag.py:2420} INFO - Sync 1 DAGs
[2023-10-27 05:44:49,199] {logging_mixin.py:115} INFO - [2023-10-27 05:44:49,199] {dag.py:2972} INFO - Setting next_dagrun for example_python_operator to None, run_after=None
[2023-10-27 05:44:49,211] {processor.py:161} INFO - Processing /home/airflow/.local/lib/python3.7/site-packages/airflow/example_dags/example_python_operator.py took 0.245 seconds
[2023-10-27 05:45:22,382] {processor.py:153} INFO - Started process (PID=1965) to work on /home/airflow/.local/lib/python3.7/site-packages/airflow/example_dags/example_python_operator.py
[2023-10-27 05:45:22,383] {processor.py:641} INFO - Processing file /home/airflow/.local/lib/python3.7/site-packages/airflow/example_dags/example_python_operator.py for tasks to queue
[2023-10-27 05:45:22,383] {logging_mixin.py:115} INFO - [2023-10-27 05:45:22,383] {dagbag.py:508} INFO - Filling up the DagBag from /home/airflow/.local/lib/python3.7/site-packages/airflow/example_dags/example_python_operator.py
[2023-10-27 05:45:22,567] {processor.py:651} INFO - DAG(s) dict_keys(['example_python_operator']) retrieved from /home/airflow/.local/lib/python3.7/site-packages/airflow/example_dags/example_python_operator.py
[2023-10-27 05:45:22,591] {logging_mixin.py:115} INFO - [2023-10-27 05:45:22,590] {dag.py:2420} INFO - Sync 1 DAGs
[2023-10-27 05:45:22,613] {logging_mixin.py:115} INFO - [2023-10-27 05:45:22,613] {dag.py:2972} INFO - Setting next_dagrun for example_python_operator to None, run_after=None
[2023-10-27 05:45:22,624] {processor.py:161} INFO - Processing /home/airflow/.local/lib/python3.7/site-packages/airflow/example_dags/example_python_operator.py took 0.246 seconds
[2023-10-27 05:45:52,816] {processor.py:153} INFO - Started process (PID=2026) to work on /home/airflow/.local/lib/python3.7/site-packages/airflow/example_dags/example_python_operator.py
[2023-10-27 05:45:52,817] {processor.py:641} INFO - Processing file /home/airflow/.local/lib/python3.7/site-packages/airflow/example_dags/example_python_operator.py for tasks to queue
[2023-10-27 05:45:52,817] {logging_mixin.py:115} INFO - [2023-10-27 05:45:52,817] {dagbag.py:508} INFO - Filling up the DagBag from /home/airflow/.local/lib/python3.7/site-packages/airflow/example_dags/example_python_operator.py
[2023-10-27 05:45:53,002] {processor.py:651} INFO - DAG(s) dict_keys(['example_python_operator']) retrieved from /home/airflow/.local/lib/python3.7/site-packages/airflow/example_dags/example_python_operator.py
[2023-10-27 05:45:53,024] {logging_mixin.py:115} INFO - [2023-10-27 05:45:53,024] {dag.py:2420} INFO - Sync 1 DAGs
[2023-10-27 05:45:53,046] {logging_mixin.py:115} INFO - [2023-10-27 05:45:53,045] {dag.py:2972} INFO - Setting next_dagrun for example_python_operator to None, run_after=None
[2023-10-27 05:45:53,057] {processor.py:161} INFO - Processing /home/airflow/.local/lib/python3.7/site-packages/airflow/example_dags/example_python_operator.py took 0.245 seconds
[2023-10-27 05:46:23,842] {processor.py:153} INFO - Started process (PID=2090) to work on /home/airflow/.local/lib/python3.7/site-packages/airflow/example_dags/example_python_operator.py
[2023-10-27 05:46:23,843] {processor.py:641} INFO - Processing file /home/airflow/.local/lib/python3.7/site-packages/airflow/example_dags/example_python_operator.py for tasks to queue
[2023-10-27 05:46:23,844] {logging_mixin.py:115} INFO - [2023-10-27 05:46:23,844] {dagbag.py:508} INFO - Filling up the DagBag from /home/airflow/.local/lib/python3.7/site-packages/airflow/example_dags/example_python_operator.py
[2023-10-27 05:46:24,040] {processor.py:651} INFO - DAG(s) dict_keys(['example_python_operator']) retrieved from /home/airflow/.local/lib/python3.7/site-packages/airflow/example_dags/example_python_operator.py
[2023-10-27 05:46:24,064] {logging_mixin.py:115} INFO - [2023-10-27 05:46:24,063] {dag.py:2420} INFO - Sync 1 DAGs
[2023-10-27 05:46:24,086] {logging_mixin.py:115} INFO - [2023-10-27 05:46:24,086] {dag.py:2972} INFO - Setting next_dagrun for example_python_operator to None, run_after=None
[2023-10-27 05:46:24,099] {processor.py:161} INFO - Processing /home/airflow/.local/lib/python3.7/site-packages/airflow/example_dags/example_python_operator.py took 0.264 seconds
[2023-10-27 05:46:54,223] {processor.py:153} INFO - Started process (PID=2145) to work on /home/airflow/.local/lib/python3.7/site-packages/airflow/example_dags/example_python_operator.py
[2023-10-27 05:46:54,224] {processor.py:641} INFO - Processing file /home/airflow/.local/lib/python3.7/site-packages/airflow/example_dags/example_python_operator.py for tasks to queue
[2023-10-27 05:46:54,224] {logging_mixin.py:115} INFO - [2023-10-27 05:46:54,224] {dagbag.py:508} INFO - Filling up the DagBag from /home/airflow/.local/lib/python3.7/site-packages/airflow/example_dags/example_python_operator.py
[2023-10-27 05:46:54,425] {processor.py:651} INFO - DAG(s) dict_keys(['example_python_operator']) retrieved from /home/airflow/.local/lib/python3.7/site-packages/airflow/example_dags/example_python_operator.py
[2023-10-27 05:46:54,450] {logging_mixin.py:115} INFO - [2023-10-27 05:46:54,450] {dag.py:2420} INFO - Sync 1 DAGs
[2023-10-27 05:46:54,474] {logging_mixin.py:115} INFO - [2023-10-27 05:46:54,474] {dag.py:2972} INFO - Setting next_dagrun for example_python_operator to None, run_after=None
[2023-10-27 05:46:54,487] {processor.py:161} INFO - Processing /home/airflow/.local/lib/python3.7/site-packages/airflow/example_dags/example_python_operator.py took 0.268 seconds
[2023-10-27 05:47:24,999] {processor.py:153} INFO - Started process (PID=2208) to work on /home/airflow/.local/lib/python3.7/site-packages/airflow/example_dags/example_python_operator.py
[2023-10-27 05:47:25,000] {processor.py:641} INFO - Processing file /home/airflow/.local/lib/python3.7/site-packages/airflow/example_dags/example_python_operator.py for tasks to queue
[2023-10-27 05:47:25,000] {logging_mixin.py:115} INFO - [2023-10-27 05:47:25,000] {dagbag.py:508} INFO - Filling up the DagBag from /home/airflow/.local/lib/python3.7/site-packages/airflow/example_dags/example_python_operator.py
[2023-10-27 05:47:25,185] {processor.py:651} INFO - DAG(s) dict_keys(['example_python_operator']) retrieved from /home/airflow/.local/lib/python3.7/site-packages/airflow/example_dags/example_python_operator.py
[2023-10-27 05:47:25,208] {logging_mixin.py:115} INFO - [2023-10-27 05:47:25,207] {dag.py:2420} INFO - Sync 1 DAGs
[2023-10-27 05:47:25,229] {logging_mixin.py:115} INFO - [2023-10-27 05:47:25,229] {dag.py:2972} INFO - Setting next_dagrun for example_python_operator to None, run_after=None
[2023-10-27 05:47:25,241] {processor.py:161} INFO - Processing /home/airflow/.local/lib/python3.7/site-packages/airflow/example_dags/example_python_operator.py took 0.246 seconds
[2023-10-27 05:47:55,371] {processor.py:153} INFO - Started process (PID=2261) to work on /home/airflow/.local/lib/python3.7/site-packages/airflow/example_dags/example_python_operator.py
[2023-10-27 05:47:55,372] {processor.py:641} INFO - Processing file /home/airflow/.local/lib/python3.7/site-packages/airflow/example_dags/example_python_operator.py for tasks to queue
[2023-10-27 05:47:55,372] {logging_mixin.py:115} INFO - [2023-10-27 05:47:55,372] {dagbag.py:508} INFO - Filling up the DagBag from /home/airflow/.local/lib/python3.7/site-packages/airflow/example_dags/example_python_operator.py
[2023-10-27 05:47:55,564] {processor.py:651} INFO - DAG(s) dict_keys(['example_python_operator']) retrieved from /home/airflow/.local/lib/python3.7/site-packages/airflow/example_dags/example_python_operator.py
[2023-10-27 05:47:55,603] {logging_mixin.py:115} INFO - [2023-10-27 05:47:55,603] {dag.py:2420} INFO - Sync 1 DAGs
[2023-10-27 05:47:55,626] {logging_mixin.py:115} INFO - [2023-10-27 05:47:55,626] {dag.py:2972} INFO - Setting next_dagrun for example_python_operator to None, run_after=None
[2023-10-27 05:47:55,643] {processor.py:161} INFO - Processing /home/airflow/.local/lib/python3.7/site-packages/airflow/example_dags/example_python_operator.py took 0.277 seconds
[2023-10-27 05:48:26,077] {processor.py:153} INFO - Started process (PID=2321) to work on /home/airflow/.local/lib/python3.7/site-packages/airflow/example_dags/example_python_operator.py
[2023-10-27 05:48:26,078] {processor.py:641} INFO - Processing file /home/airflow/.local/lib/python3.7/site-packages/airflow/example_dags/example_python_operator.py for tasks to queue
[2023-10-27 05:48:26,079] {logging_mixin.py:115} INFO - [2023-10-27 05:48:26,079] {dagbag.py:508} INFO - Filling up the DagBag from /home/airflow/.local/lib/python3.7/site-packages/airflow/example_dags/example_python_operator.py
[2023-10-27 05:48:26,263] {processor.py:651} INFO - DAG(s) dict_keys(['example_python_operator']) retrieved from /home/airflow/.local/lib/python3.7/site-packages/airflow/example_dags/example_python_operator.py
[2023-10-27 05:48:26,286] {logging_mixin.py:115} INFO - [2023-10-27 05:48:26,286] {dag.py:2420} INFO - Sync 1 DAGs
[2023-10-27 05:48:26,315] {logging_mixin.py:115} INFO - [2023-10-27 05:48:26,315] {dag.py:2972} INFO - Setting next_dagrun for example_python_operator to None, run_after=None
[2023-10-27 05:48:26,329] {processor.py:161} INFO - Processing /home/airflow/.local/lib/python3.7/site-packages/airflow/example_dags/example_python_operator.py took 0.255 seconds
[2023-10-27 05:48:56,560] {processor.py:153} INFO - Started process (PID=2382) to work on /home/airflow/.local/lib/python3.7/site-packages/airflow/example_dags/example_python_operator.py
[2023-10-27 05:48:56,560] {processor.py:641} INFO - Processing file /home/airflow/.local/lib/python3.7/site-packages/airflow/example_dags/example_python_operator.py for tasks to queue
[2023-10-27 05:48:56,561] {logging_mixin.py:115} INFO - [2023-10-27 05:48:56,561] {dagbag.py:508} INFO - Filling up the DagBag from /home/airflow/.local/lib/python3.7/site-packages/airflow/example_dags/example_python_operator.py
[2023-10-27 05:48:56,757] {processor.py:651} INFO - DAG(s) dict_keys(['example_python_operator']) retrieved from /home/airflow/.local/lib/python3.7/site-packages/airflow/example_dags/example_python_operator.py
[2023-10-27 05:48:56,783] {logging_mixin.py:115} INFO - [2023-10-27 05:48:56,783] {dag.py:2420} INFO - Sync 1 DAGs
[2023-10-27 05:48:56,805] {logging_mixin.py:115} INFO - [2023-10-27 05:48:56,805] {dag.py:2972} INFO - Setting next_dagrun for example_python_operator to None, run_after=None
[2023-10-27 05:48:56,818] {processor.py:161} INFO - Processing /home/airflow/.local/lib/python3.7/site-packages/airflow/example_dags/example_python_operator.py took 0.262 seconds
[2023-10-27 05:49:27,052] {processor.py:153} INFO - Started process (PID=2435) to work on /home/airflow/.local/lib/python3.7/site-packages/airflow/example_dags/example_python_operator.py
[2023-10-27 05:49:27,053] {processor.py:641} INFO - Processing file /home/airflow/.local/lib/python3.7/site-packages/airflow/example_dags/example_python_operator.py for tasks to queue
[2023-10-27 05:49:27,054] {logging_mixin.py:115} INFO - [2023-10-27 05:49:27,054] {dagbag.py:508} INFO - Filling up the DagBag from /home/airflow/.local/lib/python3.7/site-packages/airflow/example_dags/example_python_operator.py
[2023-10-27 05:49:27,255] {processor.py:651} INFO - DAG(s) dict_keys(['example_python_operator']) retrieved from /home/airflow/.local/lib/python3.7/site-packages/airflow/example_dags/example_python_operator.py
[2023-10-27 05:49:27,281] {logging_mixin.py:115} INFO - [2023-10-27 05:49:27,281] {dag.py:2420} INFO - Sync 1 DAGs
[2023-10-27 05:49:27,305] {logging_mixin.py:115} INFO - [2023-10-27 05:49:27,305] {dag.py:2972} INFO - Setting next_dagrun for example_python_operator to None, run_after=None
[2023-10-27 05:49:27,318] {processor.py:161} INFO - Processing /home/airflow/.local/lib/python3.7/site-packages/airflow/example_dags/example_python_operator.py took 0.270 seconds
[2023-10-27 05:49:57,406] {processor.py:153} INFO - Started process (PID=2497) to work on /home/airflow/.local/lib/python3.7/site-packages/airflow/example_dags/example_python_operator.py
[2023-10-27 05:49:57,407] {processor.py:641} INFO - Processing file /home/airflow/.local/lib/python3.7/site-packages/airflow/example_dags/example_python_operator.py for tasks to queue
[2023-10-27 05:49:57,407] {logging_mixin.py:115} INFO - [2023-10-27 05:49:57,407] {dagbag.py:508} INFO - Filling up the DagBag from /home/airflow/.local/lib/python3.7/site-packages/airflow/example_dags/example_python_operator.py
[2023-10-27 05:49:57,609] {processor.py:651} INFO - DAG(s) dict_keys(['example_python_operator']) retrieved from /home/airflow/.local/lib/python3.7/site-packages/airflow/example_dags/example_python_operator.py
[2023-10-27 05:49:57,633] {logging_mixin.py:115} INFO - [2023-10-27 05:49:57,632] {dag.py:2420} INFO - Sync 1 DAGs
[2023-10-27 05:49:57,656] {logging_mixin.py:115} INFO - [2023-10-27 05:49:57,656] {dag.py:2972} INFO - Setting next_dagrun for example_python_operator to None, run_after=None
[2023-10-27 05:49:57,668] {processor.py:161} INFO - Processing /home/airflow/.local/lib/python3.7/site-packages/airflow/example_dags/example_python_operator.py took 0.266 seconds
[2023-10-27 05:50:27,913] {processor.py:153} INFO - Started process (PID=2550) to work on /home/airflow/.local/lib/python3.7/site-packages/airflow/example_dags/example_python_operator.py
[2023-10-27 05:50:27,914] {processor.py:641} INFO - Processing file /home/airflow/.local/lib/python3.7/site-packages/airflow/example_dags/example_python_operator.py for tasks to queue
[2023-10-27 05:50:27,914] {logging_mixin.py:115} INFO - [2023-10-27 05:50:27,914] {dagbag.py:508} INFO - Filling up the DagBag from /home/airflow/.local/lib/python3.7/site-packages/airflow/example_dags/example_python_operator.py
[2023-10-27 05:50:28,206] {processor.py:651} INFO - DAG(s) dict_keys(['example_python_operator']) retrieved from /home/airflow/.local/lib/python3.7/site-packages/airflow/example_dags/example_python_operator.py
[2023-10-27 05:50:28,252] {logging_mixin.py:115} INFO - [2023-10-27 05:50:28,252] {dag.py:2420} INFO - Sync 1 DAGs
[2023-10-27 05:50:28,303] {logging_mixin.py:115} INFO - [2023-10-27 05:50:28,303] {dag.py:2972} INFO - Setting next_dagrun for example_python_operator to None, run_after=None
[2023-10-27 05:50:28,329] {processor.py:161} INFO - Processing /home/airflow/.local/lib/python3.7/site-packages/airflow/example_dags/example_python_operator.py took 0.420 seconds
[2023-10-27 05:50:58,356] {processor.py:153} INFO - Started process (PID=2612) to work on /home/airflow/.local/lib/python3.7/site-packages/airflow/example_dags/example_python_operator.py
[2023-10-27 05:50:58,356] {processor.py:641} INFO - Processing file /home/airflow/.local/lib/python3.7/site-packages/airflow/example_dags/example_python_operator.py for tasks to queue
[2023-10-27 05:50:58,357] {logging_mixin.py:115} INFO - [2023-10-27 05:50:58,357] {dagbag.py:508} INFO - Filling up the DagBag from /home/airflow/.local/lib/python3.7/site-packages/airflow/example_dags/example_python_operator.py
[2023-10-27 05:50:58,564] {processor.py:651} INFO - DAG(s) dict_keys(['example_python_operator']) retrieved from /home/airflow/.local/lib/python3.7/site-packages/airflow/example_dags/example_python_operator.py
[2023-10-27 05:50:58,593] {logging_mixin.py:115} INFO - [2023-10-27 05:50:58,593] {dag.py:2420} INFO - Sync 1 DAGs
[2023-10-27 05:50:58,618] {logging_mixin.py:115} INFO - [2023-10-27 05:50:58,617] {dag.py:2972} INFO - Setting next_dagrun for example_python_operator to None, run_after=None
[2023-10-27 05:50:58,629] {processor.py:161} INFO - Processing /home/airflow/.local/lib/python3.7/site-packages/airflow/example_dags/example_python_operator.py took 0.277 seconds
[2023-10-27 05:51:29,230] {processor.py:153} INFO - Started process (PID=2673) to work on /home/airflow/.local/lib/python3.7/site-packages/airflow/example_dags/example_python_operator.py
[2023-10-27 05:51:29,231] {processor.py:641} INFO - Processing file /home/airflow/.local/lib/python3.7/site-packages/airflow/example_dags/example_python_operator.py for tasks to queue
[2023-10-27 05:51:29,231] {logging_mixin.py:115} INFO - [2023-10-27 05:51:29,231] {dagbag.py:508} INFO - Filling up the DagBag from /home/airflow/.local/lib/python3.7/site-packages/airflow/example_dags/example_python_operator.py
[2023-10-27 05:51:29,419] {processor.py:651} INFO - DAG(s) dict_keys(['example_python_operator']) retrieved from /home/airflow/.local/lib/python3.7/site-packages/airflow/example_dags/example_python_operator.py
[2023-10-27 05:51:29,442] {logging_mixin.py:115} INFO - [2023-10-27 05:51:29,442] {dag.py:2420} INFO - Sync 1 DAGs
[2023-10-27 05:51:29,464] {logging_mixin.py:115} INFO - [2023-10-27 05:51:29,464] {dag.py:2972} INFO - Setting next_dagrun for example_python_operator to None, run_after=None
[2023-10-27 05:51:29,476] {processor.py:161} INFO - Processing /home/airflow/.local/lib/python3.7/site-packages/airflow/example_dags/example_python_operator.py took 0.250 seconds
[2023-10-27 05:52:00,317] {processor.py:153} INFO - Started process (PID=2726) to work on /home/airflow/.local/lib/python3.7/site-packages/airflow/example_dags/example_python_operator.py
[2023-10-27 05:52:00,318] {processor.py:641} INFO - Processing file /home/airflow/.local/lib/python3.7/site-packages/airflow/example_dags/example_python_operator.py for tasks to queue
[2023-10-27 05:52:00,319] {logging_mixin.py:115} INFO - [2023-10-27 05:52:00,319] {dagbag.py:508} INFO - Filling up the DagBag from /home/airflow/.local/lib/python3.7/site-packages/airflow/example_dags/example_python_operator.py
[2023-10-27 05:52:00,500] {processor.py:651} INFO - DAG(s) dict_keys(['example_python_operator']) retrieved from /home/airflow/.local/lib/python3.7/site-packages/airflow/example_dags/example_python_operator.py
[2023-10-27 05:52:00,524] {logging_mixin.py:115} INFO - [2023-10-27 05:52:00,524] {dag.py:2420} INFO - Sync 1 DAGs
[2023-10-27 05:52:00,547] {logging_mixin.py:115} INFO - [2023-10-27 05:52:00,547] {dag.py:2972} INFO - Setting next_dagrun for example_python_operator to None, run_after=None
[2023-10-27 05:52:00,559] {processor.py:161} INFO - Processing /home/airflow/.local/lib/python3.7/site-packages/airflow/example_dags/example_python_operator.py took 0.246 seconds
[2023-10-27 05:52:30,954] {processor.py:153} INFO - Started process (PID=2788) to work on /home/airflow/.local/lib/python3.7/site-packages/airflow/example_dags/example_python_operator.py
[2023-10-27 05:52:30,955] {processor.py:641} INFO - Processing file /home/airflow/.local/lib/python3.7/site-packages/airflow/example_dags/example_python_operator.py for tasks to queue
[2023-10-27 05:52:30,956] {logging_mixin.py:115} INFO - [2023-10-27 05:52:30,956] {dagbag.py:508} INFO - Filling up the DagBag from /home/airflow/.local/lib/python3.7/site-packages/airflow/example_dags/example_python_operator.py
[2023-10-27 05:52:31,138] {processor.py:651} INFO - DAG(s) dict_keys(['example_python_operator']) retrieved from /home/airflow/.local/lib/python3.7/site-packages/airflow/example_dags/example_python_operator.py
[2023-10-27 05:52:31,160] {logging_mixin.py:115} INFO - [2023-10-27 05:52:31,160] {dag.py:2420} INFO - Sync 1 DAGs
[2023-10-27 05:52:31,182] {logging_mixin.py:115} INFO - [2023-10-27 05:52:31,181] {dag.py:2972} INFO - Setting next_dagrun for example_python_operator to None, run_after=None
[2023-10-27 05:52:31,193] {processor.py:161} INFO - Processing /home/airflow/.local/lib/python3.7/site-packages/airflow/example_dags/example_python_operator.py took 0.243 seconds
[2023-10-27 05:53:01,216] {processor.py:153} INFO - Started process (PID=2849) to work on /home/airflow/.local/lib/python3.7/site-packages/airflow/example_dags/example_python_operator.py
[2023-10-27 05:53:01,217] {processor.py:641} INFO - Processing file /home/airflow/.local/lib/python3.7/site-packages/airflow/example_dags/example_python_operator.py for tasks to queue
[2023-10-27 05:53:01,217] {logging_mixin.py:115} INFO - [2023-10-27 05:53:01,217] {dagbag.py:508} INFO - Filling up the DagBag from /home/airflow/.local/lib/python3.7/site-packages/airflow/example_dags/example_python_operator.py
[2023-10-27 05:53:01,402] {processor.py:651} INFO - DAG(s) dict_keys(['example_python_operator']) retrieved from /home/airflow/.local/lib/python3.7/site-packages/airflow/example_dags/example_python_operator.py
[2023-10-27 05:53:01,426] {logging_mixin.py:115} INFO - [2023-10-27 05:53:01,425] {dag.py:2420} INFO - Sync 1 DAGs
[2023-10-27 05:53:01,448] {logging_mixin.py:115} INFO - [2023-10-27 05:53:01,448] {dag.py:2972} INFO - Setting next_dagrun for example_python_operator to None, run_after=None
[2023-10-27 05:53:01,460] {processor.py:161} INFO - Processing /home/airflow/.local/lib/python3.7/site-packages/airflow/example_dags/example_python_operator.py took 0.248 seconds
[2023-10-27 05:53:31,777] {processor.py:153} INFO - Started process (PID=2902) to work on /home/airflow/.local/lib/python3.7/site-packages/airflow/example_dags/example_python_operator.py
[2023-10-27 05:53:31,777] {processor.py:641} INFO - Processing file /home/airflow/.local/lib/python3.7/site-packages/airflow/example_dags/example_python_operator.py for tasks to queue
[2023-10-27 05:53:31,778] {logging_mixin.py:115} INFO - [2023-10-27 05:53:31,778] {dagbag.py:508} INFO - Filling up the DagBag from /home/airflow/.local/lib/python3.7/site-packages/airflow/example_dags/example_python_operator.py
[2023-10-27 05:53:31,959] {processor.py:651} INFO - DAG(s) dict_keys(['example_python_operator']) retrieved from /home/airflow/.local/lib/python3.7/site-packages/airflow/example_dags/example_python_operator.py
[2023-10-27 05:53:31,983] {logging_mixin.py:115} INFO - [2023-10-27 05:53:31,983] {dag.py:2420} INFO - Sync 1 DAGs
[2023-10-27 05:53:32,005] {logging_mixin.py:115} INFO - [2023-10-27 05:53:32,005] {dag.py:2972} INFO - Setting next_dagrun for example_python_operator to None, run_after=None
[2023-10-27 05:53:32,017] {processor.py:161} INFO - Processing /home/airflow/.local/lib/python3.7/site-packages/airflow/example_dags/example_python_operator.py took 0.244 seconds
