[2023-10-27 05:19:31,954] {processor.py:153} INFO - Started process (PID=44) to work on /home/airflow/.local/lib/python3.7/site-packages/airflow/example_dags/example_short_circuit_operator.py
[2023-10-27 05:19:31,955] {processor.py:641} INFO - Processing file /home/airflow/.local/lib/python3.7/site-packages/airflow/example_dags/example_short_circuit_operator.py for tasks to queue
[2023-10-27 05:19:31,956] {logging_mixin.py:115} INFO - [2023-10-27 05:19:31,956] {dagbag.py:508} INFO - Filling up the DagBag from /home/airflow/.local/lib/python3.7/site-packages/airflow/example_dags/example_short_circuit_operator.py
[2023-10-27 05:19:31,972] {processor.py:651} INFO - DAG(s) dict_keys(['example_short_circuit_operator']) retrieved from /home/airflow/.local/lib/python3.7/site-packages/airflow/example_dags/example_short_circuit_operator.py
[2023-10-27 05:19:32,105] {logging_mixin.py:115} INFO - [2023-10-27 05:19:32,105] {manager.py:508} INFO - Created Permission View: can delete on DAG:example_short_circuit_operator
[2023-10-27 05:19:32,120] {logging_mixin.py:115} INFO - [2023-10-27 05:19:32,120] {manager.py:508} INFO - Created Permission View: can read on DAG:example_short_circuit_operator
[2023-10-27 05:19:32,134] {logging_mixin.py:115} INFO - [2023-10-27 05:19:32,133] {manager.py:508} INFO - Created Permission View: can edit on DAG:example_short_circuit_operator
[2023-10-27 05:19:32,134] {logging_mixin.py:115} INFO - [2023-10-27 05:19:32,134] {dag.py:2420} INFO - Sync 1 DAGs
[2023-10-27 05:19:32,155] {logging_mixin.py:115} INFO - [2023-10-27 05:19:32,155] {dag.py:2439} INFO - Creating ORM DAG for example_short_circuit_operator
[2023-10-27 05:19:32,179] {logging_mixin.py:115} INFO - [2023-10-27 05:19:32,178] {dag.py:2972} INFO - Setting next_dagrun for example_short_circuit_operator to 2023-10-26T05:19:32.178571+00:00, run_after=2023-10-27T05:19:32.178571+00:00
[2023-10-27 05:19:32,203] {processor.py:161} INFO - Processing /home/airflow/.local/lib/python3.7/site-packages/airflow/example_dags/example_short_circuit_operator.py took 0.253 seconds
[2023-10-27 05:20:02,428] {processor.py:153} INFO - Started process (PID=107) to work on /home/airflow/.local/lib/python3.7/site-packages/airflow/example_dags/example_short_circuit_operator.py
[2023-10-27 05:20:02,429] {processor.py:641} INFO - Processing file /home/airflow/.local/lib/python3.7/site-packages/airflow/example_dags/example_short_circuit_operator.py for tasks to queue
[2023-10-27 05:20:02,429] {logging_mixin.py:115} INFO - [2023-10-27 05:20:02,429] {dagbag.py:508} INFO - Filling up the DagBag from /home/airflow/.local/lib/python3.7/site-packages/airflow/example_dags/example_short_circuit_operator.py
[2023-10-27 05:20:02,440] {processor.py:651} INFO - DAG(s) dict_keys(['example_short_circuit_operator']) retrieved from /home/airflow/.local/lib/python3.7/site-packages/airflow/example_dags/example_short_circuit_operator.py
[2023-10-27 05:20:02,473] {logging_mixin.py:115} INFO - [2023-10-27 05:20:02,473] {dag.py:2420} INFO - Sync 1 DAGs
[2023-10-27 05:20:02,500] {logging_mixin.py:115} INFO - [2023-10-27 05:20:02,499] {dag.py:2972} INFO - Setting next_dagrun for example_short_circuit_operator to 2023-10-26T05:20:02.499549+00:00, run_after=2023-10-27T05:20:02.499549+00:00
[2023-10-27 05:20:02,514] {processor.py:161} INFO - Processing /home/airflow/.local/lib/python3.7/site-packages/airflow/example_dags/example_short_circuit_operator.py took 0.090 seconds
[2023-10-27 05:20:33,010] {processor.py:153} INFO - Started process (PID=159) to work on /home/airflow/.local/lib/python3.7/site-packages/airflow/example_dags/example_short_circuit_operator.py
[2023-10-27 05:20:33,010] {processor.py:641} INFO - Processing file /home/airflow/.local/lib/python3.7/site-packages/airflow/example_dags/example_short_circuit_operator.py for tasks to queue
[2023-10-27 05:20:33,011] {logging_mixin.py:115} INFO - [2023-10-27 05:20:33,011] {dagbag.py:508} INFO - Filling up the DagBag from /home/airflow/.local/lib/python3.7/site-packages/airflow/example_dags/example_short_circuit_operator.py
[2023-10-27 05:20:33,022] {processor.py:651} INFO - DAG(s) dict_keys(['example_short_circuit_operator']) retrieved from /home/airflow/.local/lib/python3.7/site-packages/airflow/example_dags/example_short_circuit_operator.py
[2023-10-27 05:20:33,054] {logging_mixin.py:115} INFO - [2023-10-27 05:20:33,054] {dag.py:2420} INFO - Sync 1 DAGs
[2023-10-27 05:20:33,080] {logging_mixin.py:115} INFO - [2023-10-27 05:20:33,080] {dag.py:2972} INFO - Setting next_dagrun for example_short_circuit_operator to 2023-10-26T05:20:33.080256+00:00, run_after=2023-10-27T05:20:33.080256+00:00
[2023-10-27 05:20:33,094] {processor.py:161} INFO - Processing /home/airflow/.local/lib/python3.7/site-packages/airflow/example_dags/example_short_circuit_operator.py took 0.088 seconds
[2023-10-27 05:21:03,264] {processor.py:153} INFO - Started process (PID=220) to work on /home/airflow/.local/lib/python3.7/site-packages/airflow/example_dags/example_short_circuit_operator.py
[2023-10-27 05:21:03,265] {processor.py:641} INFO - Processing file /home/airflow/.local/lib/python3.7/site-packages/airflow/example_dags/example_short_circuit_operator.py for tasks to queue
[2023-10-27 05:21:03,265] {logging_mixin.py:115} INFO - [2023-10-27 05:21:03,265] {dagbag.py:508} INFO - Filling up the DagBag from /home/airflow/.local/lib/python3.7/site-packages/airflow/example_dags/example_short_circuit_operator.py
[2023-10-27 05:21:03,276] {processor.py:651} INFO - DAG(s) dict_keys(['example_short_circuit_operator']) retrieved from /home/airflow/.local/lib/python3.7/site-packages/airflow/example_dags/example_short_circuit_operator.py
[2023-10-27 05:21:03,309] {logging_mixin.py:115} INFO - [2023-10-27 05:21:03,309] {dag.py:2420} INFO - Sync 1 DAGs
[2023-10-27 05:21:03,335] {logging_mixin.py:115} INFO - [2023-10-27 05:21:03,335] {dag.py:2972} INFO - Setting next_dagrun for example_short_circuit_operator to 2023-10-26T05:21:03.335259+00:00, run_after=2023-10-27T05:21:03.335259+00:00
[2023-10-27 05:21:03,349] {processor.py:161} INFO - Processing /home/airflow/.local/lib/python3.7/site-packages/airflow/example_dags/example_short_circuit_operator.py took 0.089 seconds
[2023-10-27 05:21:33,498] {processor.py:153} INFO - Started process (PID=281) to work on /home/airflow/.local/lib/python3.7/site-packages/airflow/example_dags/example_short_circuit_operator.py
[2023-10-27 05:21:33,499] {processor.py:641} INFO - Processing file /home/airflow/.local/lib/python3.7/site-packages/airflow/example_dags/example_short_circuit_operator.py for tasks to queue
[2023-10-27 05:21:33,500] {logging_mixin.py:115} INFO - [2023-10-27 05:21:33,500] {dagbag.py:508} INFO - Filling up the DagBag from /home/airflow/.local/lib/python3.7/site-packages/airflow/example_dags/example_short_circuit_operator.py
[2023-10-27 05:21:33,513] {processor.py:651} INFO - DAG(s) dict_keys(['example_short_circuit_operator']) retrieved from /home/airflow/.local/lib/python3.7/site-packages/airflow/example_dags/example_short_circuit_operator.py
[2023-10-27 05:21:33,547] {logging_mixin.py:115} INFO - [2023-10-27 05:21:33,546] {dag.py:2420} INFO - Sync 1 DAGs
[2023-10-27 05:21:33,574] {logging_mixin.py:115} INFO - [2023-10-27 05:21:33,574] {dag.py:2972} INFO - Setting next_dagrun for example_short_circuit_operator to 2023-10-26T05:21:33.574190+00:00, run_after=2023-10-27T05:21:33.574190+00:00
[2023-10-27 05:21:33,587] {processor.py:161} INFO - Processing /home/airflow/.local/lib/python3.7/site-packages/airflow/example_dags/example_short_circuit_operator.py took 0.093 seconds
[2023-10-27 05:22:03,638] {processor.py:153} INFO - Started process (PID=334) to work on /home/airflow/.local/lib/python3.7/site-packages/airflow/example_dags/example_short_circuit_operator.py
[2023-10-27 05:22:03,638] {processor.py:641} INFO - Processing file /home/airflow/.local/lib/python3.7/site-packages/airflow/example_dags/example_short_circuit_operator.py for tasks to queue
[2023-10-27 05:22:03,639] {logging_mixin.py:115} INFO - [2023-10-27 05:22:03,639] {dagbag.py:508} INFO - Filling up the DagBag from /home/airflow/.local/lib/python3.7/site-packages/airflow/example_dags/example_short_circuit_operator.py
[2023-10-27 05:22:03,650] {processor.py:651} INFO - DAG(s) dict_keys(['example_short_circuit_operator']) retrieved from /home/airflow/.local/lib/python3.7/site-packages/airflow/example_dags/example_short_circuit_operator.py
[2023-10-27 05:22:03,682] {logging_mixin.py:115} INFO - [2023-10-27 05:22:03,682] {dag.py:2420} INFO - Sync 1 DAGs
[2023-10-27 05:22:03,709] {logging_mixin.py:115} INFO - [2023-10-27 05:22:03,709] {dag.py:2972} INFO - Setting next_dagrun for example_short_circuit_operator to 2023-10-26T05:22:03.708811+00:00, run_after=2023-10-27T05:22:03.708811+00:00
[2023-10-27 05:22:03,722] {processor.py:161} INFO - Processing /home/airflow/.local/lib/python3.7/site-packages/airflow/example_dags/example_short_circuit_operator.py took 0.088 seconds
[2023-10-27 05:22:33,890] {processor.py:153} INFO - Started process (PID=386) to work on /home/airflow/.local/lib/python3.7/site-packages/airflow/example_dags/example_short_circuit_operator.py
[2023-10-27 05:22:33,891] {processor.py:641} INFO - Processing file /home/airflow/.local/lib/python3.7/site-packages/airflow/example_dags/example_short_circuit_operator.py for tasks to queue
[2023-10-27 05:22:33,891] {logging_mixin.py:115} INFO - [2023-10-27 05:22:33,891] {dagbag.py:508} INFO - Filling up the DagBag from /home/airflow/.local/lib/python3.7/site-packages/airflow/example_dags/example_short_circuit_operator.py
[2023-10-27 05:22:33,902] {processor.py:651} INFO - DAG(s) dict_keys(['example_short_circuit_operator']) retrieved from /home/airflow/.local/lib/python3.7/site-packages/airflow/example_dags/example_short_circuit_operator.py
[2023-10-27 05:22:33,935] {logging_mixin.py:115} INFO - [2023-10-27 05:22:33,935] {dag.py:2420} INFO - Sync 1 DAGs
[2023-10-27 05:22:33,961] {logging_mixin.py:115} INFO - [2023-10-27 05:22:33,961] {dag.py:2972} INFO - Setting next_dagrun for example_short_circuit_operator to 2023-10-26T05:22:33.961060+00:00, run_after=2023-10-27T05:22:33.961060+00:00
[2023-10-27 05:22:33,974] {processor.py:161} INFO - Processing /home/airflow/.local/lib/python3.7/site-packages/airflow/example_dags/example_short_circuit_operator.py took 0.089 seconds
[2023-10-27 05:23:04,083] {processor.py:153} INFO - Started process (PID=446) to work on /home/airflow/.local/lib/python3.7/site-packages/airflow/example_dags/example_short_circuit_operator.py
[2023-10-27 05:23:04,083] {processor.py:641} INFO - Processing file /home/airflow/.local/lib/python3.7/site-packages/airflow/example_dags/example_short_circuit_operator.py for tasks to queue
[2023-10-27 05:23:04,084] {logging_mixin.py:115} INFO - [2023-10-27 05:23:04,084] {dagbag.py:508} INFO - Filling up the DagBag from /home/airflow/.local/lib/python3.7/site-packages/airflow/example_dags/example_short_circuit_operator.py
[2023-10-27 05:23:04,094] {processor.py:651} INFO - DAG(s) dict_keys(['example_short_circuit_operator']) retrieved from /home/airflow/.local/lib/python3.7/site-packages/airflow/example_dags/example_short_circuit_operator.py
[2023-10-27 05:23:04,127] {logging_mixin.py:115} INFO - [2023-10-27 05:23:04,127] {dag.py:2420} INFO - Sync 1 DAGs
[2023-10-27 05:23:04,152] {logging_mixin.py:115} INFO - [2023-10-27 05:23:04,152] {dag.py:2972} INFO - Setting next_dagrun for example_short_circuit_operator to 2023-10-26T05:23:04.152393+00:00, run_after=2023-10-27T05:23:04.152393+00:00
[2023-10-27 05:23:04,165] {processor.py:161} INFO - Processing /home/airflow/.local/lib/python3.7/site-packages/airflow/example_dags/example_short_circuit_operator.py took 0.087 seconds
[2023-10-27 05:23:34,297] {processor.py:153} INFO - Started process (PID=498) to work on /home/airflow/.local/lib/python3.7/site-packages/airflow/example_dags/example_short_circuit_operator.py
[2023-10-27 05:23:34,298] {processor.py:641} INFO - Processing file /home/airflow/.local/lib/python3.7/site-packages/airflow/example_dags/example_short_circuit_operator.py for tasks to queue
[2023-10-27 05:23:34,298] {logging_mixin.py:115} INFO - [2023-10-27 05:23:34,298] {dagbag.py:508} INFO - Filling up the DagBag from /home/airflow/.local/lib/python3.7/site-packages/airflow/example_dags/example_short_circuit_operator.py
[2023-10-27 05:23:34,310] {processor.py:651} INFO - DAG(s) dict_keys(['example_short_circuit_operator']) retrieved from /home/airflow/.local/lib/python3.7/site-packages/airflow/example_dags/example_short_circuit_operator.py
[2023-10-27 05:23:34,344] {logging_mixin.py:115} INFO - [2023-10-27 05:23:34,344] {dag.py:2420} INFO - Sync 1 DAGs
[2023-10-27 05:23:34,380] {logging_mixin.py:115} INFO - [2023-10-27 05:23:34,379] {dag.py:2972} INFO - Setting next_dagrun for example_short_circuit_operator to 2023-10-26T05:23:34.379658+00:00, run_after=2023-10-27T05:23:34.379658+00:00
[2023-10-27 05:23:34,394] {processor.py:161} INFO - Processing /home/airflow/.local/lib/python3.7/site-packages/airflow/example_dags/example_short_circuit_operator.py took 0.101 seconds
[2023-10-27 05:24:56,061] {processor.py:153} INFO - Started process (PID=35) to work on /home/airflow/.local/lib/python3.7/site-packages/airflow/example_dags/example_short_circuit_operator.py
[2023-10-27 05:24:56,062] {processor.py:641} INFO - Processing file /home/airflow/.local/lib/python3.7/site-packages/airflow/example_dags/example_short_circuit_operator.py for tasks to queue
[2023-10-27 05:24:56,062] {logging_mixin.py:115} INFO - [2023-10-27 05:24:56,062] {dagbag.py:508} INFO - Filling up the DagBag from /home/airflow/.local/lib/python3.7/site-packages/airflow/example_dags/example_short_circuit_operator.py
[2023-10-27 05:24:56,074] {processor.py:651} INFO - DAG(s) dict_keys(['example_short_circuit_operator']) retrieved from /home/airflow/.local/lib/python3.7/site-packages/airflow/example_dags/example_short_circuit_operator.py
[2023-10-27 05:24:56,111] {logging_mixin.py:115} INFO - [2023-10-27 05:24:56,111] {dag.py:2420} INFO - Sync 1 DAGs
[2023-10-27 05:24:56,300] {logging_mixin.py:115} INFO - [2023-10-27 05:24:56,300] {dag.py:2972} INFO - Setting next_dagrun for example_short_circuit_operator to 2023-10-26T05:24:56.299823+00:00, run_after=2023-10-27T05:24:56.299823+00:00
[2023-10-27 05:24:56,312] {processor.py:161} INFO - Processing /home/airflow/.local/lib/python3.7/site-packages/airflow/example_dags/example_short_circuit_operator.py took 0.256 seconds
[2023-10-27 05:25:26,438] {processor.py:153} INFO - Started process (PID=96) to work on /home/airflow/.local/lib/python3.7/site-packages/airflow/example_dags/example_short_circuit_operator.py
[2023-10-27 05:25:26,438] {processor.py:641} INFO - Processing file /home/airflow/.local/lib/python3.7/site-packages/airflow/example_dags/example_short_circuit_operator.py for tasks to queue
[2023-10-27 05:25:26,439] {logging_mixin.py:115} INFO - [2023-10-27 05:25:26,439] {dagbag.py:508} INFO - Filling up the DagBag from /home/airflow/.local/lib/python3.7/site-packages/airflow/example_dags/example_short_circuit_operator.py
[2023-10-27 05:25:26,449] {processor.py:651} INFO - DAG(s) dict_keys(['example_short_circuit_operator']) retrieved from /home/airflow/.local/lib/python3.7/site-packages/airflow/example_dags/example_short_circuit_operator.py
[2023-10-27 05:25:26,484] {logging_mixin.py:115} INFO - [2023-10-27 05:25:26,484] {dag.py:2420} INFO - Sync 1 DAGs
[2023-10-27 05:25:26,655] {logging_mixin.py:115} INFO - [2023-10-27 05:25:26,655] {dag.py:2972} INFO - Setting next_dagrun for example_short_circuit_operator to 2023-10-26T05:25:26.655186+00:00, run_after=2023-10-27T05:25:26.655186+00:00
[2023-10-27 05:25:26,667] {processor.py:161} INFO - Processing /home/airflow/.local/lib/python3.7/site-packages/airflow/example_dags/example_short_circuit_operator.py took 0.233 seconds
[2023-10-27 05:25:56,937] {processor.py:153} INFO - Started process (PID=148) to work on /home/airflow/.local/lib/python3.7/site-packages/airflow/example_dags/example_short_circuit_operator.py
[2023-10-27 05:25:56,938] {processor.py:641} INFO - Processing file /home/airflow/.local/lib/python3.7/site-packages/airflow/example_dags/example_short_circuit_operator.py for tasks to queue
[2023-10-27 05:25:56,938] {logging_mixin.py:115} INFO - [2023-10-27 05:25:56,938] {dagbag.py:508} INFO - Filling up the DagBag from /home/airflow/.local/lib/python3.7/site-packages/airflow/example_dags/example_short_circuit_operator.py
[2023-10-27 05:25:56,949] {processor.py:651} INFO - DAG(s) dict_keys(['example_short_circuit_operator']) retrieved from /home/airflow/.local/lib/python3.7/site-packages/airflow/example_dags/example_short_circuit_operator.py
[2023-10-27 05:26:01,990] {logging_mixin.py:115} INFO - [2023-10-27 05:26:01,990] {dag.py:2420} INFO - Sync 1 DAGs
[2023-10-27 05:26:02,184] {logging_mixin.py:115} INFO - [2023-10-27 05:26:02,183] {dag.py:2972} INFO - Setting next_dagrun for example_short_circuit_operator to 2023-10-26T05:26:02.183657+00:00, run_after=2023-10-27T05:26:02.183657+00:00
[2023-10-27 05:26:02,197] {processor.py:161} INFO - Processing /home/airflow/.local/lib/python3.7/site-packages/airflow/example_dags/example_short_circuit_operator.py took 5.264 seconds
[2023-10-27 05:26:32,265] {processor.py:153} INFO - Started process (PID=224) to work on /home/airflow/.local/lib/python3.7/site-packages/airflow/example_dags/example_short_circuit_operator.py
[2023-10-27 05:26:32,266] {processor.py:641} INFO - Processing file /home/airflow/.local/lib/python3.7/site-packages/airflow/example_dags/example_short_circuit_operator.py for tasks to queue
[2023-10-27 05:26:32,267] {logging_mixin.py:115} INFO - [2023-10-27 05:26:32,267] {dagbag.py:508} INFO - Filling up the DagBag from /home/airflow/.local/lib/python3.7/site-packages/airflow/example_dags/example_short_circuit_operator.py
[2023-10-27 05:26:32,280] {processor.py:651} INFO - DAG(s) dict_keys(['example_short_circuit_operator']) retrieved from /home/airflow/.local/lib/python3.7/site-packages/airflow/example_dags/example_short_circuit_operator.py
[2023-10-27 05:26:32,319] {logging_mixin.py:115} INFO - [2023-10-27 05:26:32,319] {dag.py:2420} INFO - Sync 1 DAGs
[2023-10-27 05:26:32,506] {logging_mixin.py:115} INFO - [2023-10-27 05:26:32,505] {dag.py:2972} INFO - Setting next_dagrun for example_short_circuit_operator to 2023-10-26T05:26:32.505591+00:00, run_after=2023-10-27T05:26:32.505591+00:00
[2023-10-27 05:26:32,518] {processor.py:161} INFO - Processing /home/airflow/.local/lib/python3.7/site-packages/airflow/example_dags/example_short_circuit_operator.py took 0.257 seconds
[2023-10-27 05:27:02,800] {processor.py:153} INFO - Started process (PID=278) to work on /home/airflow/.local/lib/python3.7/site-packages/airflow/example_dags/example_short_circuit_operator.py
[2023-10-27 05:27:02,801] {processor.py:641} INFO - Processing file /home/airflow/.local/lib/python3.7/site-packages/airflow/example_dags/example_short_circuit_operator.py for tasks to queue
[2023-10-27 05:27:02,802] {logging_mixin.py:115} INFO - [2023-10-27 05:27:02,801] {dagbag.py:508} INFO - Filling up the DagBag from /home/airflow/.local/lib/python3.7/site-packages/airflow/example_dags/example_short_circuit_operator.py
[2023-10-27 05:27:02,812] {processor.py:651} INFO - DAG(s) dict_keys(['example_short_circuit_operator']) retrieved from /home/airflow/.local/lib/python3.7/site-packages/airflow/example_dags/example_short_circuit_operator.py
[2023-10-27 05:27:02,849] {logging_mixin.py:115} INFO - [2023-10-27 05:27:02,849] {dag.py:2420} INFO - Sync 1 DAGs
[2023-10-27 05:27:03,033] {logging_mixin.py:115} INFO - [2023-10-27 05:27:03,033] {dag.py:2972} INFO - Setting next_dagrun for example_short_circuit_operator to 2023-10-26T05:27:03.032848+00:00, run_after=2023-10-27T05:27:03.032848+00:00
[2023-10-27 05:27:03,045] {processor.py:161} INFO - Processing /home/airflow/.local/lib/python3.7/site-packages/airflow/example_dags/example_short_circuit_operator.py took 0.249 seconds
[2023-10-27 05:28:13,125] {processor.py:153} INFO - Started process (PID=35) to work on /home/airflow/.local/lib/python3.7/site-packages/airflow/example_dags/example_short_circuit_operator.py
[2023-10-27 05:28:13,131] {processor.py:641} INFO - Processing file /home/airflow/.local/lib/python3.7/site-packages/airflow/example_dags/example_short_circuit_operator.py for tasks to queue
[2023-10-27 05:28:13,132] {logging_mixin.py:115} INFO - [2023-10-27 05:28:13,132] {dagbag.py:508} INFO - Filling up the DagBag from /home/airflow/.local/lib/python3.7/site-packages/airflow/example_dags/example_short_circuit_operator.py
[2023-10-27 05:28:13,145] {processor.py:651} INFO - DAG(s) dict_keys(['example_short_circuit_operator']) retrieved from /home/airflow/.local/lib/python3.7/site-packages/airflow/example_dags/example_short_circuit_operator.py
[2023-10-27 05:28:13,199] {logging_mixin.py:115} INFO - [2023-10-27 05:28:13,199] {dag.py:2420} INFO - Sync 1 DAGs
[2023-10-27 05:28:13,380] {logging_mixin.py:115} INFO - [2023-10-27 05:28:13,380] {dag.py:2972} INFO - Setting next_dagrun for example_short_circuit_operator to 2023-10-26T05:28:13.380003+00:00, run_after=2023-10-27T05:28:13.380003+00:00
[2023-10-27 05:28:13,392] {processor.py:161} INFO - Processing /home/airflow/.local/lib/python3.7/site-packages/airflow/example_dags/example_short_circuit_operator.py took 0.274 seconds
[2023-10-27 05:28:43,468] {processor.py:153} INFO - Started process (PID=97) to work on /home/airflow/.local/lib/python3.7/site-packages/airflow/example_dags/example_short_circuit_operator.py
[2023-10-27 05:28:43,469] {processor.py:641} INFO - Processing file /home/airflow/.local/lib/python3.7/site-packages/airflow/example_dags/example_short_circuit_operator.py for tasks to queue
[2023-10-27 05:28:43,470] {logging_mixin.py:115} INFO - [2023-10-27 05:28:43,470] {dagbag.py:508} INFO - Filling up the DagBag from /home/airflow/.local/lib/python3.7/site-packages/airflow/example_dags/example_short_circuit_operator.py
[2023-10-27 05:28:43,480] {processor.py:651} INFO - DAG(s) dict_keys(['example_short_circuit_operator']) retrieved from /home/airflow/.local/lib/python3.7/site-packages/airflow/example_dags/example_short_circuit_operator.py
[2023-10-27 05:28:48,520] {logging_mixin.py:115} INFO - [2023-10-27 05:28:48,520] {dag.py:2420} INFO - Sync 1 DAGs
[2023-10-27 05:28:48,692] {logging_mixin.py:115} INFO - [2023-10-27 05:28:48,692] {dag.py:2972} INFO - Setting next_dagrun for example_short_circuit_operator to 2023-10-26T05:28:48.691932+00:00, run_after=2023-10-27T05:28:48.691932+00:00
[2023-10-27 05:28:48,704] {processor.py:161} INFO - Processing /home/airflow/.local/lib/python3.7/site-packages/airflow/example_dags/example_short_circuit_operator.py took 5.239 seconds
[2023-10-27 05:29:18,801] {processor.py:153} INFO - Started process (PID=160) to work on /home/airflow/.local/lib/python3.7/site-packages/airflow/example_dags/example_short_circuit_operator.py
[2023-10-27 05:29:18,802] {processor.py:641} INFO - Processing file /home/airflow/.local/lib/python3.7/site-packages/airflow/example_dags/example_short_circuit_operator.py for tasks to queue
[2023-10-27 05:29:18,802] {logging_mixin.py:115} INFO - [2023-10-27 05:29:18,802] {dagbag.py:508} INFO - Filling up the DagBag from /home/airflow/.local/lib/python3.7/site-packages/airflow/example_dags/example_short_circuit_operator.py
[2023-10-27 05:29:18,814] {processor.py:651} INFO - DAG(s) dict_keys(['example_short_circuit_operator']) retrieved from /home/airflow/.local/lib/python3.7/site-packages/airflow/example_dags/example_short_circuit_operator.py
[2023-10-27 05:29:18,857] {logging_mixin.py:115} INFO - [2023-10-27 05:29:18,857] {dag.py:2420} INFO - Sync 1 DAGs
[2023-10-27 05:29:19,039] {logging_mixin.py:115} INFO - [2023-10-27 05:29:19,039] {dag.py:2972} INFO - Setting next_dagrun for example_short_circuit_operator to 2023-10-26T05:29:19.039597+00:00, run_after=2023-10-27T05:29:19.039597+00:00
[2023-10-27 05:29:19,052] {processor.py:161} INFO - Processing /home/airflow/.local/lib/python3.7/site-packages/airflow/example_dags/example_short_circuit_operator.py took 0.255 seconds
[2023-10-27 05:29:49,562] {processor.py:153} INFO - Started process (PID=212) to work on /home/airflow/.local/lib/python3.7/site-packages/airflow/example_dags/example_short_circuit_operator.py
[2023-10-27 05:29:49,563] {processor.py:641} INFO - Processing file /home/airflow/.local/lib/python3.7/site-packages/airflow/example_dags/example_short_circuit_operator.py for tasks to queue
[2023-10-27 05:29:49,564] {logging_mixin.py:115} INFO - [2023-10-27 05:29:49,564] {dagbag.py:508} INFO - Filling up the DagBag from /home/airflow/.local/lib/python3.7/site-packages/airflow/example_dags/example_short_circuit_operator.py
[2023-10-27 05:29:49,575] {processor.py:651} INFO - DAG(s) dict_keys(['example_short_circuit_operator']) retrieved from /home/airflow/.local/lib/python3.7/site-packages/airflow/example_dags/example_short_circuit_operator.py
[2023-10-27 05:29:49,616] {logging_mixin.py:115} INFO - [2023-10-27 05:29:49,616] {dag.py:2420} INFO - Sync 1 DAGs
[2023-10-27 05:29:49,798] {logging_mixin.py:115} INFO - [2023-10-27 05:29:49,798] {dag.py:2972} INFO - Setting next_dagrun for example_short_circuit_operator to 2023-10-26T05:29:49.797804+00:00, run_after=2023-10-27T05:29:49.797804+00:00
[2023-10-27 05:29:49,811] {processor.py:161} INFO - Processing /home/airflow/.local/lib/python3.7/site-packages/airflow/example_dags/example_short_circuit_operator.py took 0.253 seconds
[2023-10-27 05:30:20,039] {processor.py:153} INFO - Started process (PID=272) to work on /home/airflow/.local/lib/python3.7/site-packages/airflow/example_dags/example_short_circuit_operator.py
[2023-10-27 05:30:20,040] {processor.py:641} INFO - Processing file /home/airflow/.local/lib/python3.7/site-packages/airflow/example_dags/example_short_circuit_operator.py for tasks to queue
[2023-10-27 05:30:20,041] {logging_mixin.py:115} INFO - [2023-10-27 05:30:20,040] {dagbag.py:508} INFO - Filling up the DagBag from /home/airflow/.local/lib/python3.7/site-packages/airflow/example_dags/example_short_circuit_operator.py
[2023-10-27 05:30:20,051] {processor.py:651} INFO - DAG(s) dict_keys(['example_short_circuit_operator']) retrieved from /home/airflow/.local/lib/python3.7/site-packages/airflow/example_dags/example_short_circuit_operator.py
[2023-10-27 05:30:20,087] {logging_mixin.py:115} INFO - [2023-10-27 05:30:20,087] {dag.py:2420} INFO - Sync 1 DAGs
[2023-10-27 05:30:20,269] {logging_mixin.py:115} INFO - [2023-10-27 05:30:20,269] {dag.py:2972} INFO - Setting next_dagrun for example_short_circuit_operator to 2023-10-26T05:30:20.268853+00:00, run_after=2023-10-27T05:30:20.268853+00:00
[2023-10-27 05:30:20,281] {processor.py:161} INFO - Processing /home/airflow/.local/lib/python3.7/site-packages/airflow/example_dags/example_short_circuit_operator.py took 0.246 seconds
[2023-10-27 05:30:50,313] {processor.py:153} INFO - Started process (PID=334) to work on /home/airflow/.local/lib/python3.7/site-packages/airflow/example_dags/example_short_circuit_operator.py
[2023-10-27 05:30:50,314] {processor.py:641} INFO - Processing file /home/airflow/.local/lib/python3.7/site-packages/airflow/example_dags/example_short_circuit_operator.py for tasks to queue
[2023-10-27 05:30:50,315] {logging_mixin.py:115} INFO - [2023-10-27 05:30:50,315] {dagbag.py:508} INFO - Filling up the DagBag from /home/airflow/.local/lib/python3.7/site-packages/airflow/example_dags/example_short_circuit_operator.py
[2023-10-27 05:30:50,326] {processor.py:651} INFO - DAG(s) dict_keys(['example_short_circuit_operator']) retrieved from /home/airflow/.local/lib/python3.7/site-packages/airflow/example_dags/example_short_circuit_operator.py
[2023-10-27 05:30:50,361] {logging_mixin.py:115} INFO - [2023-10-27 05:30:50,361] {dag.py:2420} INFO - Sync 1 DAGs
[2023-10-27 05:30:50,536] {logging_mixin.py:115} INFO - [2023-10-27 05:30:50,536] {dag.py:2972} INFO - Setting next_dagrun for example_short_circuit_operator to 2023-10-26T05:30:50.536205+00:00, run_after=2023-10-27T05:30:50.536205+00:00
[2023-10-27 05:30:50,548] {processor.py:161} INFO - Processing /home/airflow/.local/lib/python3.7/site-packages/airflow/example_dags/example_short_circuit_operator.py took 0.239 seconds
[2023-10-27 05:31:20,672] {processor.py:153} INFO - Started process (PID=387) to work on /home/airflow/.local/lib/python3.7/site-packages/airflow/example_dags/example_short_circuit_operator.py
[2023-10-27 05:31:20,673] {processor.py:641} INFO - Processing file /home/airflow/.local/lib/python3.7/site-packages/airflow/example_dags/example_short_circuit_operator.py for tasks to queue
[2023-10-27 05:31:20,673] {logging_mixin.py:115} INFO - [2023-10-27 05:31:20,673] {dagbag.py:508} INFO - Filling up the DagBag from /home/airflow/.local/lib/python3.7/site-packages/airflow/example_dags/example_short_circuit_operator.py
[2023-10-27 05:31:20,684] {processor.py:651} INFO - DAG(s) dict_keys(['example_short_circuit_operator']) retrieved from /home/airflow/.local/lib/python3.7/site-packages/airflow/example_dags/example_short_circuit_operator.py
[2023-10-27 05:31:20,726] {logging_mixin.py:115} INFO - [2023-10-27 05:31:20,726] {dag.py:2420} INFO - Sync 1 DAGs
[2023-10-27 05:31:20,907] {logging_mixin.py:115} INFO - [2023-10-27 05:31:20,907] {dag.py:2972} INFO - Setting next_dagrun for example_short_circuit_operator to 2023-10-26T05:31:20.907552+00:00, run_after=2023-10-27T05:31:20.907552+00:00
[2023-10-27 05:31:20,920] {processor.py:161} INFO - Processing /home/airflow/.local/lib/python3.7/site-packages/airflow/example_dags/example_short_circuit_operator.py took 0.251 seconds
[2023-10-27 05:31:51,313] {processor.py:153} INFO - Started process (PID=448) to work on /home/airflow/.local/lib/python3.7/site-packages/airflow/example_dags/example_short_circuit_operator.py
[2023-10-27 05:31:51,314] {processor.py:641} INFO - Processing file /home/airflow/.local/lib/python3.7/site-packages/airflow/example_dags/example_short_circuit_operator.py for tasks to queue
[2023-10-27 05:31:51,315] {logging_mixin.py:115} INFO - [2023-10-27 05:31:51,315] {dagbag.py:508} INFO - Filling up the DagBag from /home/airflow/.local/lib/python3.7/site-packages/airflow/example_dags/example_short_circuit_operator.py
[2023-10-27 05:31:51,326] {processor.py:651} INFO - DAG(s) dict_keys(['example_short_circuit_operator']) retrieved from /home/airflow/.local/lib/python3.7/site-packages/airflow/example_dags/example_short_circuit_operator.py
[2023-10-27 05:31:51,365] {logging_mixin.py:115} INFO - [2023-10-27 05:31:51,364] {dag.py:2420} INFO - Sync 1 DAGs
[2023-10-27 05:31:51,545] {logging_mixin.py:115} INFO - [2023-10-27 05:31:51,544] {dag.py:2972} INFO - Setting next_dagrun for example_short_circuit_operator to 2023-10-26T05:31:51.544637+00:00, run_after=2023-10-27T05:31:51.544637+00:00
[2023-10-27 05:31:51,557] {processor.py:161} INFO - Processing /home/airflow/.local/lib/python3.7/site-packages/airflow/example_dags/example_short_circuit_operator.py took 0.247 seconds
[2023-10-27 05:32:21,640] {processor.py:153} INFO - Started process (PID=500) to work on /home/airflow/.local/lib/python3.7/site-packages/airflow/example_dags/example_short_circuit_operator.py
[2023-10-27 05:32:21,641] {processor.py:641} INFO - Processing file /home/airflow/.local/lib/python3.7/site-packages/airflow/example_dags/example_short_circuit_operator.py for tasks to queue
[2023-10-27 05:32:21,642] {logging_mixin.py:115} INFO - [2023-10-27 05:32:21,642] {dagbag.py:508} INFO - Filling up the DagBag from /home/airflow/.local/lib/python3.7/site-packages/airflow/example_dags/example_short_circuit_operator.py
[2023-10-27 05:32:21,652] {processor.py:651} INFO - DAG(s) dict_keys(['example_short_circuit_operator']) retrieved from /home/airflow/.local/lib/python3.7/site-packages/airflow/example_dags/example_short_circuit_operator.py
[2023-10-27 05:32:21,693] {logging_mixin.py:115} INFO - [2023-10-27 05:32:21,693] {dag.py:2420} INFO - Sync 1 DAGs
[2023-10-27 05:32:21,891] {logging_mixin.py:115} INFO - [2023-10-27 05:32:21,890] {dag.py:2972} INFO - Setting next_dagrun for example_short_circuit_operator to 2023-10-26T05:32:21.890725+00:00, run_after=2023-10-27T05:32:21.890725+00:00
[2023-10-27 05:32:21,905] {processor.py:161} INFO - Processing /home/airflow/.local/lib/python3.7/site-packages/airflow/example_dags/example_short_circuit_operator.py took 0.268 seconds
[2023-10-27 05:32:52,075] {processor.py:153} INFO - Started process (PID=561) to work on /home/airflow/.local/lib/python3.7/site-packages/airflow/example_dags/example_short_circuit_operator.py
[2023-10-27 05:32:52,076] {processor.py:641} INFO - Processing file /home/airflow/.local/lib/python3.7/site-packages/airflow/example_dags/example_short_circuit_operator.py for tasks to queue
[2023-10-27 05:32:52,076] {logging_mixin.py:115} INFO - [2023-10-27 05:32:52,076] {dagbag.py:508} INFO - Filling up the DagBag from /home/airflow/.local/lib/python3.7/site-packages/airflow/example_dags/example_short_circuit_operator.py
[2023-10-27 05:32:52,087] {processor.py:651} INFO - DAG(s) dict_keys(['example_short_circuit_operator']) retrieved from /home/airflow/.local/lib/python3.7/site-packages/airflow/example_dags/example_short_circuit_operator.py
[2023-10-27 05:32:52,123] {logging_mixin.py:115} INFO - [2023-10-27 05:32:52,123] {dag.py:2420} INFO - Sync 1 DAGs
[2023-10-27 05:32:52,298] {logging_mixin.py:115} INFO - [2023-10-27 05:32:52,298] {dag.py:2972} INFO - Setting next_dagrun for example_short_circuit_operator to 2023-10-26T05:32:52.298339+00:00, run_after=2023-10-27T05:32:52.298339+00:00
[2023-10-27 05:32:52,310] {processor.py:161} INFO - Processing /home/airflow/.local/lib/python3.7/site-packages/airflow/example_dags/example_short_circuit_operator.py took 0.239 seconds
[2023-10-27 05:33:22,355] {processor.py:153} INFO - Started process (PID=622) to work on /home/airflow/.local/lib/python3.7/site-packages/airflow/example_dags/example_short_circuit_operator.py
[2023-10-27 05:33:22,356] {processor.py:641} INFO - Processing file /home/airflow/.local/lib/python3.7/site-packages/airflow/example_dags/example_short_circuit_operator.py for tasks to queue
[2023-10-27 05:33:22,357] {logging_mixin.py:115} INFO - [2023-10-27 05:33:22,356] {dagbag.py:508} INFO - Filling up the DagBag from /home/airflow/.local/lib/python3.7/site-packages/airflow/example_dags/example_short_circuit_operator.py
[2023-10-27 05:33:22,367] {processor.py:651} INFO - DAG(s) dict_keys(['example_short_circuit_operator']) retrieved from /home/airflow/.local/lib/python3.7/site-packages/airflow/example_dags/example_short_circuit_operator.py
[2023-10-27 05:33:22,413] {logging_mixin.py:115} INFO - [2023-10-27 05:33:22,413] {dag.py:2420} INFO - Sync 1 DAGs
[2023-10-27 05:33:22,593] {logging_mixin.py:115} INFO - [2023-10-27 05:33:22,593] {dag.py:2972} INFO - Setting next_dagrun for example_short_circuit_operator to 2023-10-26T05:33:22.593329+00:00, run_after=2023-10-27T05:33:22.593329+00:00
[2023-10-27 05:33:22,606] {processor.py:161} INFO - Processing /home/airflow/.local/lib/python3.7/site-packages/airflow/example_dags/example_short_circuit_operator.py took 0.254 seconds
[2023-10-27 05:33:53,165] {processor.py:153} INFO - Started process (PID=674) to work on /home/airflow/.local/lib/python3.7/site-packages/airflow/example_dags/example_short_circuit_operator.py
[2023-10-27 05:33:53,165] {processor.py:641} INFO - Processing file /home/airflow/.local/lib/python3.7/site-packages/airflow/example_dags/example_short_circuit_operator.py for tasks to queue
[2023-10-27 05:33:53,166] {logging_mixin.py:115} INFO - [2023-10-27 05:33:53,166] {dagbag.py:508} INFO - Filling up the DagBag from /home/airflow/.local/lib/python3.7/site-packages/airflow/example_dags/example_short_circuit_operator.py
[2023-10-27 05:33:53,177] {processor.py:651} INFO - DAG(s) dict_keys(['example_short_circuit_operator']) retrieved from /home/airflow/.local/lib/python3.7/site-packages/airflow/example_dags/example_short_circuit_operator.py
[2023-10-27 05:33:53,210] {logging_mixin.py:115} INFO - [2023-10-27 05:33:53,210] {dag.py:2420} INFO - Sync 1 DAGs
[2023-10-27 05:33:53,385] {logging_mixin.py:115} INFO - [2023-10-27 05:33:53,385] {dag.py:2972} INFO - Setting next_dagrun for example_short_circuit_operator to 2023-10-26T05:33:53.385262+00:00, run_after=2023-10-27T05:33:53.385262+00:00
[2023-10-27 05:33:53,397] {processor.py:161} INFO - Processing /home/airflow/.local/lib/python3.7/site-packages/airflow/example_dags/example_short_circuit_operator.py took 0.236 seconds
[2023-10-27 05:34:23,989] {processor.py:153} INFO - Started process (PID=735) to work on /home/airflow/.local/lib/python3.7/site-packages/airflow/example_dags/example_short_circuit_operator.py
[2023-10-27 05:34:23,990] {processor.py:641} INFO - Processing file /home/airflow/.local/lib/python3.7/site-packages/airflow/example_dags/example_short_circuit_operator.py for tasks to queue
[2023-10-27 05:34:23,990] {logging_mixin.py:115} INFO - [2023-10-27 05:34:23,990] {dagbag.py:508} INFO - Filling up the DagBag from /home/airflow/.local/lib/python3.7/site-packages/airflow/example_dags/example_short_circuit_operator.py
[2023-10-27 05:34:24,001] {processor.py:651} INFO - DAG(s) dict_keys(['example_short_circuit_operator']) retrieved from /home/airflow/.local/lib/python3.7/site-packages/airflow/example_dags/example_short_circuit_operator.py
[2023-10-27 05:34:24,035] {logging_mixin.py:115} INFO - [2023-10-27 05:34:24,034] {dag.py:2420} INFO - Sync 1 DAGs
[2023-10-27 05:34:24,208] {logging_mixin.py:115} INFO - [2023-10-27 05:34:24,208] {dag.py:2972} INFO - Setting next_dagrun for example_short_circuit_operator to 2023-10-26T05:34:24.208148+00:00, run_after=2023-10-27T05:34:24.208148+00:00
[2023-10-27 05:34:24,220] {processor.py:161} INFO - Processing /home/airflow/.local/lib/python3.7/site-packages/airflow/example_dags/example_short_circuit_operator.py took 0.234 seconds
[2023-10-27 05:34:54,919] {processor.py:153} INFO - Started process (PID=796) to work on /home/airflow/.local/lib/python3.7/site-packages/airflow/example_dags/example_short_circuit_operator.py
[2023-10-27 05:34:54,920] {processor.py:641} INFO - Processing file /home/airflow/.local/lib/python3.7/site-packages/airflow/example_dags/example_short_circuit_operator.py for tasks to queue
[2023-10-27 05:34:54,920] {logging_mixin.py:115} INFO - [2023-10-27 05:34:54,920] {dagbag.py:508} INFO - Filling up the DagBag from /home/airflow/.local/lib/python3.7/site-packages/airflow/example_dags/example_short_circuit_operator.py
[2023-10-27 05:34:54,933] {processor.py:651} INFO - DAG(s) dict_keys(['example_short_circuit_operator']) retrieved from /home/airflow/.local/lib/python3.7/site-packages/airflow/example_dags/example_short_circuit_operator.py
[2023-10-27 05:34:54,981] {logging_mixin.py:115} INFO - [2023-10-27 05:34:54,981] {dag.py:2420} INFO - Sync 1 DAGs
[2023-10-27 05:34:55,174] {logging_mixin.py:115} INFO - [2023-10-27 05:34:55,173] {dag.py:2972} INFO - Setting next_dagrun for example_short_circuit_operator to 2023-10-26T05:34:55.173706+00:00, run_after=2023-10-27T05:34:55.173706+00:00
[2023-10-27 05:34:55,194] {processor.py:161} INFO - Processing /home/airflow/.local/lib/python3.7/site-packages/airflow/example_dags/example_short_circuit_operator.py took 0.280 seconds
[2023-10-27 05:35:25,251] {processor.py:153} INFO - Started process (PID=849) to work on /home/airflow/.local/lib/python3.7/site-packages/airflow/example_dags/example_short_circuit_operator.py
[2023-10-27 05:35:25,252] {processor.py:641} INFO - Processing file /home/airflow/.local/lib/python3.7/site-packages/airflow/example_dags/example_short_circuit_operator.py for tasks to queue
[2023-10-27 05:35:25,252] {logging_mixin.py:115} INFO - [2023-10-27 05:35:25,252] {dagbag.py:508} INFO - Filling up the DagBag from /home/airflow/.local/lib/python3.7/site-packages/airflow/example_dags/example_short_circuit_operator.py
[2023-10-27 05:35:25,263] {processor.py:651} INFO - DAG(s) dict_keys(['example_short_circuit_operator']) retrieved from /home/airflow/.local/lib/python3.7/site-packages/airflow/example_dags/example_short_circuit_operator.py
[2023-10-27 05:35:25,297] {logging_mixin.py:115} INFO - [2023-10-27 05:35:25,297] {dag.py:2420} INFO - Sync 1 DAGs
[2023-10-27 05:35:25,479] {logging_mixin.py:115} INFO - [2023-10-27 05:35:25,479] {dag.py:2972} INFO - Setting next_dagrun for example_short_circuit_operator to 2023-10-26T05:35:25.479519+00:00, run_after=2023-10-27T05:35:25.479519+00:00
[2023-10-27 05:35:25,493] {processor.py:161} INFO - Processing /home/airflow/.local/lib/python3.7/site-packages/airflow/example_dags/example_short_circuit_operator.py took 0.245 seconds
[2023-10-27 05:35:55,534] {processor.py:153} INFO - Started process (PID=910) to work on /home/airflow/.local/lib/python3.7/site-packages/airflow/example_dags/example_short_circuit_operator.py
[2023-10-27 05:35:55,535] {processor.py:641} INFO - Processing file /home/airflow/.local/lib/python3.7/site-packages/airflow/example_dags/example_short_circuit_operator.py for tasks to queue
[2023-10-27 05:35:55,536] {logging_mixin.py:115} INFO - [2023-10-27 05:35:55,536] {dagbag.py:508} INFO - Filling up the DagBag from /home/airflow/.local/lib/python3.7/site-packages/airflow/example_dags/example_short_circuit_operator.py
[2023-10-27 05:35:55,547] {processor.py:651} INFO - DAG(s) dict_keys(['example_short_circuit_operator']) retrieved from /home/airflow/.local/lib/python3.7/site-packages/airflow/example_dags/example_short_circuit_operator.py
[2023-10-27 05:35:55,596] {logging_mixin.py:115} INFO - [2023-10-27 05:35:55,596] {dag.py:2420} INFO - Sync 1 DAGs
[2023-10-27 05:35:55,774] {logging_mixin.py:115} INFO - [2023-10-27 05:35:55,774] {dag.py:2972} INFO - Setting next_dagrun for example_short_circuit_operator to 2023-10-26T05:35:55.774197+00:00, run_after=2023-10-27T05:35:55.774197+00:00
[2023-10-27 05:35:55,786] {processor.py:161} INFO - Processing /home/airflow/.local/lib/python3.7/site-packages/airflow/example_dags/example_short_circuit_operator.py took 0.256 seconds
[2023-10-27 05:36:25,874] {processor.py:153} INFO - Started process (PID=961) to work on /home/airflow/.local/lib/python3.7/site-packages/airflow/example_dags/example_short_circuit_operator.py
[2023-10-27 05:36:25,875] {processor.py:641} INFO - Processing file /home/airflow/.local/lib/python3.7/site-packages/airflow/example_dags/example_short_circuit_operator.py for tasks to queue
[2023-10-27 05:36:25,875] {logging_mixin.py:115} INFO - [2023-10-27 05:36:25,875] {dagbag.py:508} INFO - Filling up the DagBag from /home/airflow/.local/lib/python3.7/site-packages/airflow/example_dags/example_short_circuit_operator.py
[2023-10-27 05:36:25,887] {processor.py:651} INFO - DAG(s) dict_keys(['example_short_circuit_operator']) retrieved from /home/airflow/.local/lib/python3.7/site-packages/airflow/example_dags/example_short_circuit_operator.py
[2023-10-27 05:36:25,925] {logging_mixin.py:115} INFO - [2023-10-27 05:36:25,925] {dag.py:2420} INFO - Sync 1 DAGs
[2023-10-27 05:36:26,112] {logging_mixin.py:115} INFO - [2023-10-27 05:36:26,112] {dag.py:2972} INFO - Setting next_dagrun for example_short_circuit_operator to 2023-10-26T05:36:26.112572+00:00, run_after=2023-10-27T05:36:26.112572+00:00
[2023-10-27 05:36:26,127] {processor.py:161} INFO - Processing /home/airflow/.local/lib/python3.7/site-packages/airflow/example_dags/example_short_circuit_operator.py took 0.258 seconds
[2023-10-27 05:36:56,520] {processor.py:153} INFO - Started process (PID=1020) to work on /home/airflow/.local/lib/python3.7/site-packages/airflow/example_dags/example_short_circuit_operator.py
[2023-10-27 05:36:56,521] {processor.py:641} INFO - Processing file /home/airflow/.local/lib/python3.7/site-packages/airflow/example_dags/example_short_circuit_operator.py for tasks to queue
[2023-10-27 05:36:56,521] {logging_mixin.py:115} INFO - [2023-10-27 05:36:56,521] {dagbag.py:508} INFO - Filling up the DagBag from /home/airflow/.local/lib/python3.7/site-packages/airflow/example_dags/example_short_circuit_operator.py
[2023-10-27 05:36:56,532] {processor.py:651} INFO - DAG(s) dict_keys(['example_short_circuit_operator']) retrieved from /home/airflow/.local/lib/python3.7/site-packages/airflow/example_dags/example_short_circuit_operator.py
[2023-10-27 05:36:56,566] {logging_mixin.py:115} INFO - [2023-10-27 05:36:56,566] {dag.py:2420} INFO - Sync 1 DAGs
[2023-10-27 05:36:56,747] {logging_mixin.py:115} INFO - [2023-10-27 05:36:56,747] {dag.py:2972} INFO - Setting next_dagrun for example_short_circuit_operator to 2023-10-26T05:36:56.747488+00:00, run_after=2023-10-27T05:36:56.747488+00:00
[2023-10-27 05:36:56,760] {processor.py:161} INFO - Processing /home/airflow/.local/lib/python3.7/site-packages/airflow/example_dags/example_short_circuit_operator.py took 0.244 seconds
[2023-10-27 05:37:26,819] {processor.py:153} INFO - Started process (PID=1081) to work on /home/airflow/.local/lib/python3.7/site-packages/airflow/example_dags/example_short_circuit_operator.py
[2023-10-27 05:37:26,819] {processor.py:641} INFO - Processing file /home/airflow/.local/lib/python3.7/site-packages/airflow/example_dags/example_short_circuit_operator.py for tasks to queue
[2023-10-27 05:37:26,820] {logging_mixin.py:115} INFO - [2023-10-27 05:37:26,820] {dagbag.py:508} INFO - Filling up the DagBag from /home/airflow/.local/lib/python3.7/site-packages/airflow/example_dags/example_short_circuit_operator.py
[2023-10-27 05:37:26,831] {processor.py:651} INFO - DAG(s) dict_keys(['example_short_circuit_operator']) retrieved from /home/airflow/.local/lib/python3.7/site-packages/airflow/example_dags/example_short_circuit_operator.py
[2023-10-27 05:37:26,878] {logging_mixin.py:115} INFO - [2023-10-27 05:37:26,878] {dag.py:2420} INFO - Sync 1 DAGs
[2023-10-27 05:37:27,075] {logging_mixin.py:115} INFO - [2023-10-27 05:37:27,075] {dag.py:2972} INFO - Setting next_dagrun for example_short_circuit_operator to 2023-10-26T05:37:27.075532+00:00, run_after=2023-10-27T05:37:27.075532+00:00
[2023-10-27 05:37:27,094] {processor.py:161} INFO - Processing /home/airflow/.local/lib/python3.7/site-packages/airflow/example_dags/example_short_circuit_operator.py took 0.279 seconds
[2023-10-27 05:37:57,768] {processor.py:153} INFO - Started process (PID=1133) to work on /home/airflow/.local/lib/python3.7/site-packages/airflow/example_dags/example_short_circuit_operator.py
[2023-10-27 05:37:57,769] {processor.py:641} INFO - Processing file /home/airflow/.local/lib/python3.7/site-packages/airflow/example_dags/example_short_circuit_operator.py for tasks to queue
[2023-10-27 05:37:57,770] {logging_mixin.py:115} INFO - [2023-10-27 05:37:57,769] {dagbag.py:508} INFO - Filling up the DagBag from /home/airflow/.local/lib/python3.7/site-packages/airflow/example_dags/example_short_circuit_operator.py
[2023-10-27 05:37:57,781] {processor.py:651} INFO - DAG(s) dict_keys(['example_short_circuit_operator']) retrieved from /home/airflow/.local/lib/python3.7/site-packages/airflow/example_dags/example_short_circuit_operator.py
[2023-10-27 05:37:57,818] {logging_mixin.py:115} INFO - [2023-10-27 05:37:57,818] {dag.py:2420} INFO - Sync 1 DAGs
[2023-10-27 05:37:58,000] {logging_mixin.py:115} INFO - [2023-10-27 05:37:58,000] {dag.py:2972} INFO - Setting next_dagrun for example_short_circuit_operator to 2023-10-26T05:37:58.000437+00:00, run_after=2023-10-27T05:37:58.000437+00:00
[2023-10-27 05:37:58,012] {processor.py:161} INFO - Processing /home/airflow/.local/lib/python3.7/site-packages/airflow/example_dags/example_short_circuit_operator.py took 0.248 seconds
[2023-10-27 05:38:28,237] {processor.py:153} INFO - Started process (PID=1195) to work on /home/airflow/.local/lib/python3.7/site-packages/airflow/example_dags/example_short_circuit_operator.py
[2023-10-27 05:38:28,238] {processor.py:641} INFO - Processing file /home/airflow/.local/lib/python3.7/site-packages/airflow/example_dags/example_short_circuit_operator.py for tasks to queue
[2023-10-27 05:38:28,238] {logging_mixin.py:115} INFO - [2023-10-27 05:38:28,238] {dagbag.py:508} INFO - Filling up the DagBag from /home/airflow/.local/lib/python3.7/site-packages/airflow/example_dags/example_short_circuit_operator.py
[2023-10-27 05:38:28,250] {processor.py:651} INFO - DAG(s) dict_keys(['example_short_circuit_operator']) retrieved from /home/airflow/.local/lib/python3.7/site-packages/airflow/example_dags/example_short_circuit_operator.py
[2023-10-27 05:38:28,439] {logging_mixin.py:115} INFO - [2023-10-27 05:38:28,439] {dag.py:2420} INFO - Sync 1 DAGs
[2023-10-27 05:38:28,461] {logging_mixin.py:115} INFO - [2023-10-27 05:38:28,461] {dag.py:2972} INFO - Setting next_dagrun for example_short_circuit_operator to 2023-10-26T05:38:28.461486+00:00, run_after=2023-10-27T05:38:28.461486+00:00
[2023-10-27 05:38:28,474] {processor.py:161} INFO - Processing /home/airflow/.local/lib/python3.7/site-packages/airflow/example_dags/example_short_circuit_operator.py took 0.240 seconds
[2023-10-27 05:38:58,584] {processor.py:153} INFO - Started process (PID=1247) to work on /home/airflow/.local/lib/python3.7/site-packages/airflow/example_dags/example_short_circuit_operator.py
[2023-10-27 05:38:58,584] {processor.py:641} INFO - Processing file /home/airflow/.local/lib/python3.7/site-packages/airflow/example_dags/example_short_circuit_operator.py for tasks to queue
[2023-10-27 05:38:58,585] {logging_mixin.py:115} INFO - [2023-10-27 05:38:58,585] {dagbag.py:508} INFO - Filling up the DagBag from /home/airflow/.local/lib/python3.7/site-packages/airflow/example_dags/example_short_circuit_operator.py
[2023-10-27 05:38:58,602] {processor.py:651} INFO - DAG(s) dict_keys(['example_short_circuit_operator']) retrieved from /home/airflow/.local/lib/python3.7/site-packages/airflow/example_dags/example_short_circuit_operator.py
[2023-10-27 05:38:58,807] {logging_mixin.py:115} INFO - [2023-10-27 05:38:58,807] {dag.py:2420} INFO - Sync 1 DAGs
[2023-10-27 05:38:58,844] {logging_mixin.py:115} INFO - [2023-10-27 05:38:58,843] {dag.py:2972} INFO - Setting next_dagrun for example_short_circuit_operator to 2023-10-26T05:38:58.843635+00:00, run_after=2023-10-27T05:38:58.843635+00:00
[2023-10-27 05:38:58,875] {processor.py:161} INFO - Processing /home/airflow/.local/lib/python3.7/site-packages/airflow/example_dags/example_short_circuit_operator.py took 0.295 seconds
[2023-10-27 05:39:29,000] {processor.py:153} INFO - Started process (PID=1308) to work on /home/airflow/.local/lib/python3.7/site-packages/airflow/example_dags/example_short_circuit_operator.py
[2023-10-27 05:39:29,001] {processor.py:641} INFO - Processing file /home/airflow/.local/lib/python3.7/site-packages/airflow/example_dags/example_short_circuit_operator.py for tasks to queue
[2023-10-27 05:39:29,002] {logging_mixin.py:115} INFO - [2023-10-27 05:39:29,002] {dagbag.py:508} INFO - Filling up the DagBag from /home/airflow/.local/lib/python3.7/site-packages/airflow/example_dags/example_short_circuit_operator.py
[2023-10-27 05:39:29,017] {processor.py:651} INFO - DAG(s) dict_keys(['example_short_circuit_operator']) retrieved from /home/airflow/.local/lib/python3.7/site-packages/airflow/example_dags/example_short_circuit_operator.py
[2023-10-27 05:39:29,244] {logging_mixin.py:115} INFO - [2023-10-27 05:39:29,244] {dag.py:2420} INFO - Sync 1 DAGs
[2023-10-27 05:39:29,281] {logging_mixin.py:115} INFO - [2023-10-27 05:39:29,281] {dag.py:2972} INFO - Setting next_dagrun for example_short_circuit_operator to 2023-10-26T05:39:29.281458+00:00, run_after=2023-10-27T05:39:29.281458+00:00
[2023-10-27 05:39:29,336] {processor.py:161} INFO - Processing /home/airflow/.local/lib/python3.7/site-packages/airflow/example_dags/example_short_circuit_operator.py took 0.340 seconds
[2023-10-27 05:39:59,457] {processor.py:153} INFO - Started process (PID=1368) to work on /home/airflow/.local/lib/python3.7/site-packages/airflow/example_dags/example_short_circuit_operator.py
[2023-10-27 05:39:59,457] {processor.py:641} INFO - Processing file /home/airflow/.local/lib/python3.7/site-packages/airflow/example_dags/example_short_circuit_operator.py for tasks to queue
[2023-10-27 05:39:59,458] {logging_mixin.py:115} INFO - [2023-10-27 05:39:59,458] {dagbag.py:508} INFO - Filling up the DagBag from /home/airflow/.local/lib/python3.7/site-packages/airflow/example_dags/example_short_circuit_operator.py
[2023-10-27 05:39:59,480] {processor.py:651} INFO - DAG(s) dict_keys(['example_short_circuit_operator']) retrieved from /home/airflow/.local/lib/python3.7/site-packages/airflow/example_dags/example_short_circuit_operator.py
[2023-10-27 05:39:59,709] {logging_mixin.py:115} INFO - [2023-10-27 05:39:59,709] {dag.py:2420} INFO - Sync 1 DAGs
[2023-10-27 05:39:59,734] {logging_mixin.py:115} INFO - [2023-10-27 05:39:59,733] {dag.py:2972} INFO - Setting next_dagrun for example_short_circuit_operator to 2023-10-26T05:39:59.733720+00:00, run_after=2023-10-27T05:39:59.733720+00:00
[2023-10-27 05:39:59,747] {processor.py:161} INFO - Processing /home/airflow/.local/lib/python3.7/site-packages/airflow/example_dags/example_short_circuit_operator.py took 0.294 seconds
[2023-10-27 05:40:30,042] {processor.py:153} INFO - Started process (PID=1421) to work on /home/airflow/.local/lib/python3.7/site-packages/airflow/example_dags/example_short_circuit_operator.py
[2023-10-27 05:40:30,043] {processor.py:641} INFO - Processing file /home/airflow/.local/lib/python3.7/site-packages/airflow/example_dags/example_short_circuit_operator.py for tasks to queue
[2023-10-27 05:40:30,044] {logging_mixin.py:115} INFO - [2023-10-27 05:40:30,044] {dagbag.py:508} INFO - Filling up the DagBag from /home/airflow/.local/lib/python3.7/site-packages/airflow/example_dags/example_short_circuit_operator.py
[2023-10-27 05:40:30,055] {processor.py:651} INFO - DAG(s) dict_keys(['example_short_circuit_operator']) retrieved from /home/airflow/.local/lib/python3.7/site-packages/airflow/example_dags/example_short_circuit_operator.py
[2023-10-27 05:40:30,240] {logging_mixin.py:115} INFO - [2023-10-27 05:40:30,240] {dag.py:2420} INFO - Sync 1 DAGs
[2023-10-27 05:40:30,262] {logging_mixin.py:115} INFO - [2023-10-27 05:40:30,262] {dag.py:2972} INFO - Setting next_dagrun for example_short_circuit_operator to 2023-10-26T05:40:30.262621+00:00, run_after=2023-10-27T05:40:30.262621+00:00
[2023-10-27 05:40:30,275] {processor.py:161} INFO - Processing /home/airflow/.local/lib/python3.7/site-packages/airflow/example_dags/example_short_circuit_operator.py took 0.237 seconds
[2023-10-27 05:41:00,437] {processor.py:153} INFO - Started process (PID=1482) to work on /home/airflow/.local/lib/python3.7/site-packages/airflow/example_dags/example_short_circuit_operator.py
[2023-10-27 05:41:00,438] {processor.py:641} INFO - Processing file /home/airflow/.local/lib/python3.7/site-packages/airflow/example_dags/example_short_circuit_operator.py for tasks to queue
[2023-10-27 05:41:00,438] {logging_mixin.py:115} INFO - [2023-10-27 05:41:00,438] {dagbag.py:508} INFO - Filling up the DagBag from /home/airflow/.local/lib/python3.7/site-packages/airflow/example_dags/example_short_circuit_operator.py
[2023-10-27 05:41:00,449] {processor.py:651} INFO - DAG(s) dict_keys(['example_short_circuit_operator']) retrieved from /home/airflow/.local/lib/python3.7/site-packages/airflow/example_dags/example_short_circuit_operator.py
[2023-10-27 05:41:00,638] {logging_mixin.py:115} INFO - [2023-10-27 05:41:00,638] {dag.py:2420} INFO - Sync 1 DAGs
[2023-10-27 05:41:00,663] {logging_mixin.py:115} INFO - [2023-10-27 05:41:00,663] {dag.py:2972} INFO - Setting next_dagrun for example_short_circuit_operator to 2023-10-26T05:41:00.663446+00:00, run_after=2023-10-27T05:41:00.663446+00:00
[2023-10-27 05:41:00,676] {processor.py:161} INFO - Processing /home/airflow/.local/lib/python3.7/site-packages/airflow/example_dags/example_short_circuit_operator.py took 0.243 seconds
[2023-10-27 05:41:30,998] {processor.py:153} INFO - Started process (PID=1534) to work on /home/airflow/.local/lib/python3.7/site-packages/airflow/example_dags/example_short_circuit_operator.py
[2023-10-27 05:41:30,999] {processor.py:641} INFO - Processing file /home/airflow/.local/lib/python3.7/site-packages/airflow/example_dags/example_short_circuit_operator.py for tasks to queue
[2023-10-27 05:41:30,999] {logging_mixin.py:115} INFO - [2023-10-27 05:41:30,999] {dagbag.py:508} INFO - Filling up the DagBag from /home/airflow/.local/lib/python3.7/site-packages/airflow/example_dags/example_short_circuit_operator.py
[2023-10-27 05:41:31,011] {processor.py:651} INFO - DAG(s) dict_keys(['example_short_circuit_operator']) retrieved from /home/airflow/.local/lib/python3.7/site-packages/airflow/example_dags/example_short_circuit_operator.py
[2023-10-27 05:41:31,204] {logging_mixin.py:115} INFO - [2023-10-27 05:41:31,204] {dag.py:2420} INFO - Sync 1 DAGs
[2023-10-27 05:41:31,229] {logging_mixin.py:115} INFO - [2023-10-27 05:41:31,229] {dag.py:2972} INFO - Setting next_dagrun for example_short_circuit_operator to 2023-10-26T05:41:31.229118+00:00, run_after=2023-10-27T05:41:31.229118+00:00
[2023-10-27 05:41:31,246] {processor.py:161} INFO - Processing /home/airflow/.local/lib/python3.7/site-packages/airflow/example_dags/example_short_circuit_operator.py took 0.252 seconds
[2023-10-27 05:42:01,764] {processor.py:153} INFO - Started process (PID=1595) to work on /home/airflow/.local/lib/python3.7/site-packages/airflow/example_dags/example_short_circuit_operator.py
[2023-10-27 05:42:01,764] {processor.py:641} INFO - Processing file /home/airflow/.local/lib/python3.7/site-packages/airflow/example_dags/example_short_circuit_operator.py for tasks to queue
[2023-10-27 05:42:01,765] {logging_mixin.py:115} INFO - [2023-10-27 05:42:01,765] {dagbag.py:508} INFO - Filling up the DagBag from /home/airflow/.local/lib/python3.7/site-packages/airflow/example_dags/example_short_circuit_operator.py
[2023-10-27 05:42:01,776] {processor.py:651} INFO - DAG(s) dict_keys(['example_short_circuit_operator']) retrieved from /home/airflow/.local/lib/python3.7/site-packages/airflow/example_dags/example_short_circuit_operator.py
[2023-10-27 05:42:01,962] {logging_mixin.py:115} INFO - [2023-10-27 05:42:01,962] {dag.py:2420} INFO - Sync 1 DAGs
[2023-10-27 05:42:01,985] {logging_mixin.py:115} INFO - [2023-10-27 05:42:01,985] {dag.py:2972} INFO - Setting next_dagrun for example_short_circuit_operator to 2023-10-26T05:42:01.985346+00:00, run_after=2023-10-27T05:42:01.985346+00:00
[2023-10-27 05:42:01,998] {processor.py:161} INFO - Processing /home/airflow/.local/lib/python3.7/site-packages/airflow/example_dags/example_short_circuit_operator.py took 0.238 seconds
[2023-10-27 05:42:32,760] {processor.py:153} INFO - Started process (PID=1647) to work on /home/airflow/.local/lib/python3.7/site-packages/airflow/example_dags/example_short_circuit_operator.py
[2023-10-27 05:42:32,760] {processor.py:641} INFO - Processing file /home/airflow/.local/lib/python3.7/site-packages/airflow/example_dags/example_short_circuit_operator.py for tasks to queue
[2023-10-27 05:42:32,761] {logging_mixin.py:115} INFO - [2023-10-27 05:42:32,761] {dagbag.py:508} INFO - Filling up the DagBag from /home/airflow/.local/lib/python3.7/site-packages/airflow/example_dags/example_short_circuit_operator.py
[2023-10-27 05:42:32,772] {processor.py:651} INFO - DAG(s) dict_keys(['example_short_circuit_operator']) retrieved from /home/airflow/.local/lib/python3.7/site-packages/airflow/example_dags/example_short_circuit_operator.py
[2023-10-27 05:42:32,958] {logging_mixin.py:115} INFO - [2023-10-27 05:42:32,958] {dag.py:2420} INFO - Sync 1 DAGs
[2023-10-27 05:42:32,981] {logging_mixin.py:115} INFO - [2023-10-27 05:42:32,980] {dag.py:2972} INFO - Setting next_dagrun for example_short_circuit_operator to 2023-10-26T05:42:32.980726+00:00, run_after=2023-10-27T05:42:32.980726+00:00
[2023-10-27 05:42:32,992] {processor.py:161} INFO - Processing /home/airflow/.local/lib/python3.7/site-packages/airflow/example_dags/example_short_circuit_operator.py took 0.237 seconds
[2023-10-27 05:43:03,171] {processor.py:153} INFO - Started process (PID=1708) to work on /home/airflow/.local/lib/python3.7/site-packages/airflow/example_dags/example_short_circuit_operator.py
[2023-10-27 05:43:03,172] {processor.py:641} INFO - Processing file /home/airflow/.local/lib/python3.7/site-packages/airflow/example_dags/example_short_circuit_operator.py for tasks to queue
[2023-10-27 05:43:03,173] {logging_mixin.py:115} INFO - [2023-10-27 05:43:03,173] {dagbag.py:508} INFO - Filling up the DagBag from /home/airflow/.local/lib/python3.7/site-packages/airflow/example_dags/example_short_circuit_operator.py
[2023-10-27 05:43:03,183] {processor.py:651} INFO - DAG(s) dict_keys(['example_short_circuit_operator']) retrieved from /home/airflow/.local/lib/python3.7/site-packages/airflow/example_dags/example_short_circuit_operator.py
[2023-10-27 05:43:03,384] {logging_mixin.py:115} INFO - [2023-10-27 05:43:03,384] {dag.py:2420} INFO - Sync 1 DAGs
[2023-10-27 05:43:03,409] {logging_mixin.py:115} INFO - [2023-10-27 05:43:03,409] {dag.py:2972} INFO - Setting next_dagrun for example_short_circuit_operator to 2023-10-26T05:43:03.409008+00:00, run_after=2023-10-27T05:43:03.409008+00:00
[2023-10-27 05:43:03,422] {processor.py:161} INFO - Processing /home/airflow/.local/lib/python3.7/site-packages/airflow/example_dags/example_short_circuit_operator.py took 0.254 seconds
[2023-10-27 05:43:34,151] {processor.py:153} INFO - Started process (PID=1768) to work on /home/airflow/.local/lib/python3.7/site-packages/airflow/example_dags/example_short_circuit_operator.py
[2023-10-27 05:43:34,163] {processor.py:641} INFO - Processing file /home/airflow/.local/lib/python3.7/site-packages/airflow/example_dags/example_short_circuit_operator.py for tasks to queue
[2023-10-27 05:43:34,164] {logging_mixin.py:115} INFO - [2023-10-27 05:43:34,164] {dagbag.py:508} INFO - Filling up the DagBag from /home/airflow/.local/lib/python3.7/site-packages/airflow/example_dags/example_short_circuit_operator.py
[2023-10-27 05:43:34,179] {processor.py:651} INFO - DAG(s) dict_keys(['example_short_circuit_operator']) retrieved from /home/airflow/.local/lib/python3.7/site-packages/airflow/example_dags/example_short_circuit_operator.py
[2023-10-27 05:43:34,367] {logging_mixin.py:115} INFO - [2023-10-27 05:43:34,367] {dag.py:2420} INFO - Sync 1 DAGs
[2023-10-27 05:43:34,389] {logging_mixin.py:115} INFO - [2023-10-27 05:43:34,389] {dag.py:2972} INFO - Setting next_dagrun for example_short_circuit_operator to 2023-10-26T05:43:34.389331+00:00, run_after=2023-10-27T05:43:34.389331+00:00
[2023-10-27 05:43:34,401] {processor.py:161} INFO - Processing /home/airflow/.local/lib/python3.7/site-packages/airflow/example_dags/example_short_circuit_operator.py took 0.254 seconds
[2023-10-27 05:44:04,520] {processor.py:153} INFO - Started process (PID=1819) to work on /home/airflow/.local/lib/python3.7/site-packages/airflow/example_dags/example_short_circuit_operator.py
[2023-10-27 05:44:04,521] {processor.py:641} INFO - Processing file /home/airflow/.local/lib/python3.7/site-packages/airflow/example_dags/example_short_circuit_operator.py for tasks to queue
[2023-10-27 05:44:04,521] {logging_mixin.py:115} INFO - [2023-10-27 05:44:04,521] {dagbag.py:508} INFO - Filling up the DagBag from /home/airflow/.local/lib/python3.7/site-packages/airflow/example_dags/example_short_circuit_operator.py
[2023-10-27 05:44:04,536] {processor.py:651} INFO - DAG(s) dict_keys(['example_short_circuit_operator']) retrieved from /home/airflow/.local/lib/python3.7/site-packages/airflow/example_dags/example_short_circuit_operator.py
[2023-10-27 05:44:04,724] {logging_mixin.py:115} INFO - [2023-10-27 05:44:04,724] {dag.py:2420} INFO - Sync 1 DAGs
[2023-10-27 05:44:04,747] {logging_mixin.py:115} INFO - [2023-10-27 05:44:04,747] {dag.py:2972} INFO - Setting next_dagrun for example_short_circuit_operator to 2023-10-26T05:44:04.747463+00:00, run_after=2023-10-27T05:44:04.747463+00:00
[2023-10-27 05:44:04,760] {processor.py:161} INFO - Processing /home/airflow/.local/lib/python3.7/site-packages/airflow/example_dags/example_short_circuit_operator.py took 0.243 seconds
[2023-10-27 05:44:34,919] {processor.py:153} INFO - Started process (PID=1880) to work on /home/airflow/.local/lib/python3.7/site-packages/airflow/example_dags/example_short_circuit_operator.py
[2023-10-27 05:44:34,920] {processor.py:641} INFO - Processing file /home/airflow/.local/lib/python3.7/site-packages/airflow/example_dags/example_short_circuit_operator.py for tasks to queue
[2023-10-27 05:44:34,920] {logging_mixin.py:115} INFO - [2023-10-27 05:44:34,920] {dagbag.py:508} INFO - Filling up the DagBag from /home/airflow/.local/lib/python3.7/site-packages/airflow/example_dags/example_short_circuit_operator.py
[2023-10-27 05:44:34,935] {processor.py:651} INFO - DAG(s) dict_keys(['example_short_circuit_operator']) retrieved from /home/airflow/.local/lib/python3.7/site-packages/airflow/example_dags/example_short_circuit_operator.py
[2023-10-27 05:44:35,118] {logging_mixin.py:115} INFO - [2023-10-27 05:44:35,118] {dag.py:2420} INFO - Sync 1 DAGs
[2023-10-27 05:44:35,139] {logging_mixin.py:115} INFO - [2023-10-27 05:44:35,139] {dag.py:2972} INFO - Setting next_dagrun for example_short_circuit_operator to 2023-10-26T05:44:35.139299+00:00, run_after=2023-10-27T05:44:35.139299+00:00
[2023-10-27 05:44:35,151] {processor.py:161} INFO - Processing /home/airflow/.local/lib/python3.7/site-packages/airflow/example_dags/example_short_circuit_operator.py took 0.236 seconds
[2023-10-27 05:45:05,356] {processor.py:153} INFO - Started process (PID=1932) to work on /home/airflow/.local/lib/python3.7/site-packages/airflow/example_dags/example_short_circuit_operator.py
[2023-10-27 05:45:05,357] {processor.py:641} INFO - Processing file /home/airflow/.local/lib/python3.7/site-packages/airflow/example_dags/example_short_circuit_operator.py for tasks to queue
[2023-10-27 05:45:05,357] {logging_mixin.py:115} INFO - [2023-10-27 05:45:05,357] {dagbag.py:508} INFO - Filling up the DagBag from /home/airflow/.local/lib/python3.7/site-packages/airflow/example_dags/example_short_circuit_operator.py
[2023-10-27 05:45:05,373] {processor.py:651} INFO - DAG(s) dict_keys(['example_short_circuit_operator']) retrieved from /home/airflow/.local/lib/python3.7/site-packages/airflow/example_dags/example_short_circuit_operator.py
[2023-10-27 05:45:05,567] {logging_mixin.py:115} INFO - [2023-10-27 05:45:05,567] {dag.py:2420} INFO - Sync 1 DAGs
[2023-10-27 05:45:05,592] {logging_mixin.py:115} INFO - [2023-10-27 05:45:05,592] {dag.py:2972} INFO - Setting next_dagrun for example_short_circuit_operator to 2023-10-26T05:45:05.591883+00:00, run_after=2023-10-27T05:45:05.591883+00:00
[2023-10-27 05:45:05,611] {processor.py:161} INFO - Processing /home/airflow/.local/lib/python3.7/site-packages/airflow/example_dags/example_short_circuit_operator.py took 0.258 seconds
[2023-10-27 05:45:36,072] {processor.py:153} INFO - Started process (PID=1994) to work on /home/airflow/.local/lib/python3.7/site-packages/airflow/example_dags/example_short_circuit_operator.py
[2023-10-27 05:45:36,076] {processor.py:641} INFO - Processing file /home/airflow/.local/lib/python3.7/site-packages/airflow/example_dags/example_short_circuit_operator.py for tasks to queue
[2023-10-27 05:45:36,077] {logging_mixin.py:115} INFO - [2023-10-27 05:45:36,077] {dagbag.py:508} INFO - Filling up the DagBag from /home/airflow/.local/lib/python3.7/site-packages/airflow/example_dags/example_short_circuit_operator.py
[2023-10-27 05:45:36,096] {processor.py:651} INFO - DAG(s) dict_keys(['example_short_circuit_operator']) retrieved from /home/airflow/.local/lib/python3.7/site-packages/airflow/example_dags/example_short_circuit_operator.py
[2023-10-27 05:45:36,300] {logging_mixin.py:115} INFO - [2023-10-27 05:45:36,300] {dag.py:2420} INFO - Sync 1 DAGs
[2023-10-27 05:45:36,322] {logging_mixin.py:115} INFO - [2023-10-27 05:45:36,322] {dag.py:2972} INFO - Setting next_dagrun for example_short_circuit_operator to 2023-10-26T05:45:36.322637+00:00, run_after=2023-10-27T05:45:36.322637+00:00
[2023-10-27 05:45:36,335] {processor.py:161} INFO - Processing /home/airflow/.local/lib/python3.7/site-packages/airflow/example_dags/example_short_circuit_operator.py took 0.272 seconds
[2023-10-27 05:46:06,558] {processor.py:153} INFO - Started process (PID=2047) to work on /home/airflow/.local/lib/python3.7/site-packages/airflow/example_dags/example_short_circuit_operator.py
[2023-10-27 05:46:06,559] {processor.py:641} INFO - Processing file /home/airflow/.local/lib/python3.7/site-packages/airflow/example_dags/example_short_circuit_operator.py for tasks to queue
[2023-10-27 05:46:06,559] {logging_mixin.py:115} INFO - [2023-10-27 05:46:06,559] {dagbag.py:508} INFO - Filling up the DagBag from /home/airflow/.local/lib/python3.7/site-packages/airflow/example_dags/example_short_circuit_operator.py
[2023-10-27 05:46:06,576] {processor.py:651} INFO - DAG(s) dict_keys(['example_short_circuit_operator']) retrieved from /home/airflow/.local/lib/python3.7/site-packages/airflow/example_dags/example_short_circuit_operator.py
[2023-10-27 05:46:06,761] {logging_mixin.py:115} INFO - [2023-10-27 05:46:06,761] {dag.py:2420} INFO - Sync 1 DAGs
[2023-10-27 05:46:06,783] {logging_mixin.py:115} INFO - [2023-10-27 05:46:06,783] {dag.py:2972} INFO - Setting next_dagrun for example_short_circuit_operator to 2023-10-26T05:46:06.783265+00:00, run_after=2023-10-27T05:46:06.783265+00:00
[2023-10-27 05:46:06,796] {processor.py:161} INFO - Processing /home/airflow/.local/lib/python3.7/site-packages/airflow/example_dags/example_short_circuit_operator.py took 0.242 seconds
[2023-10-27 05:46:36,995] {processor.py:153} INFO - Started process (PID=2111) to work on /home/airflow/.local/lib/python3.7/site-packages/airflow/example_dags/example_short_circuit_operator.py
[2023-10-27 05:46:36,996] {processor.py:641} INFO - Processing file /home/airflow/.local/lib/python3.7/site-packages/airflow/example_dags/example_short_circuit_operator.py for tasks to queue
[2023-10-27 05:46:36,996] {logging_mixin.py:115} INFO - [2023-10-27 05:46:36,996] {dagbag.py:508} INFO - Filling up the DagBag from /home/airflow/.local/lib/python3.7/site-packages/airflow/example_dags/example_short_circuit_operator.py
[2023-10-27 05:46:37,010] {processor.py:651} INFO - DAG(s) dict_keys(['example_short_circuit_operator']) retrieved from /home/airflow/.local/lib/python3.7/site-packages/airflow/example_dags/example_short_circuit_operator.py
[2023-10-27 05:46:37,199] {logging_mixin.py:115} INFO - [2023-10-27 05:46:37,199] {dag.py:2420} INFO - Sync 1 DAGs
[2023-10-27 05:46:37,220] {logging_mixin.py:115} INFO - [2023-10-27 05:46:37,220] {dag.py:2972} INFO - Setting next_dagrun for example_short_circuit_operator to 2023-10-26T05:46:37.220595+00:00, run_after=2023-10-27T05:46:37.220595+00:00
[2023-10-27 05:46:37,232] {processor.py:161} INFO - Processing /home/airflow/.local/lib/python3.7/site-packages/airflow/example_dags/example_short_circuit_operator.py took 0.241 seconds
[2023-10-27 05:47:07,348] {processor.py:153} INFO - Started process (PID=2164) to work on /home/airflow/.local/lib/python3.7/site-packages/airflow/example_dags/example_short_circuit_operator.py
[2023-10-27 05:47:07,349] {processor.py:641} INFO - Processing file /home/airflow/.local/lib/python3.7/site-packages/airflow/example_dags/example_short_circuit_operator.py for tasks to queue
[2023-10-27 05:47:07,349] {logging_mixin.py:115} INFO - [2023-10-27 05:47:07,349] {dagbag.py:508} INFO - Filling up the DagBag from /home/airflow/.local/lib/python3.7/site-packages/airflow/example_dags/example_short_circuit_operator.py
[2023-10-27 05:47:07,363] {processor.py:651} INFO - DAG(s) dict_keys(['example_short_circuit_operator']) retrieved from /home/airflow/.local/lib/python3.7/site-packages/airflow/example_dags/example_short_circuit_operator.py
[2023-10-27 05:47:07,545] {logging_mixin.py:115} INFO - [2023-10-27 05:47:07,545] {dag.py:2420} INFO - Sync 1 DAGs
[2023-10-27 05:47:07,567] {logging_mixin.py:115} INFO - [2023-10-27 05:47:07,567] {dag.py:2972} INFO - Setting next_dagrun for example_short_circuit_operator to 2023-10-26T05:47:07.567251+00:00, run_after=2023-10-27T05:47:07.567251+00:00
[2023-10-27 05:47:07,579] {processor.py:161} INFO - Processing /home/airflow/.local/lib/python3.7/site-packages/airflow/example_dags/example_short_circuit_operator.py took 0.235 seconds
[2023-10-27 05:47:37,949] {processor.py:153} INFO - Started process (PID=2226) to work on /home/airflow/.local/lib/python3.7/site-packages/airflow/example_dags/example_short_circuit_operator.py
[2023-10-27 05:47:37,950] {processor.py:641} INFO - Processing file /home/airflow/.local/lib/python3.7/site-packages/airflow/example_dags/example_short_circuit_operator.py for tasks to queue
[2023-10-27 05:47:37,950] {logging_mixin.py:115} INFO - [2023-10-27 05:47:37,950] {dagbag.py:508} INFO - Filling up the DagBag from /home/airflow/.local/lib/python3.7/site-packages/airflow/example_dags/example_short_circuit_operator.py
[2023-10-27 05:47:37,966] {processor.py:651} INFO - DAG(s) dict_keys(['example_short_circuit_operator']) retrieved from /home/airflow/.local/lib/python3.7/site-packages/airflow/example_dags/example_short_circuit_operator.py
[2023-10-27 05:47:38,154] {logging_mixin.py:115} INFO - [2023-10-27 05:47:38,154] {dag.py:2420} INFO - Sync 1 DAGs
[2023-10-27 05:47:38,177] {logging_mixin.py:115} INFO - [2023-10-27 05:47:38,177] {dag.py:2972} INFO - Setting next_dagrun for example_short_circuit_operator to 2023-10-26T05:47:38.177031+00:00, run_after=2023-10-27T05:47:38.177031+00:00
[2023-10-27 05:47:38,191] {processor.py:161} INFO - Processing /home/airflow/.local/lib/python3.7/site-packages/airflow/example_dags/example_short_circuit_operator.py took 0.246 seconds
[2023-10-27 05:48:08,266] {processor.py:153} INFO - Started process (PID=2286) to work on /home/airflow/.local/lib/python3.7/site-packages/airflow/example_dags/example_short_circuit_operator.py
[2023-10-27 05:48:08,266] {processor.py:641} INFO - Processing file /home/airflow/.local/lib/python3.7/site-packages/airflow/example_dags/example_short_circuit_operator.py for tasks to queue
[2023-10-27 05:48:08,267] {logging_mixin.py:115} INFO - [2023-10-27 05:48:08,267] {dagbag.py:508} INFO - Filling up the DagBag from /home/airflow/.local/lib/python3.7/site-packages/airflow/example_dags/example_short_circuit_operator.py
[2023-10-27 05:48:08,282] {processor.py:651} INFO - DAG(s) dict_keys(['example_short_circuit_operator']) retrieved from /home/airflow/.local/lib/python3.7/site-packages/airflow/example_dags/example_short_circuit_operator.py
[2023-10-27 05:48:08,465] {logging_mixin.py:115} INFO - [2023-10-27 05:48:08,465] {dag.py:2420} INFO - Sync 1 DAGs
[2023-10-27 05:48:08,487] {logging_mixin.py:115} INFO - [2023-10-27 05:48:08,487] {dag.py:2972} INFO - Setting next_dagrun for example_short_circuit_operator to 2023-10-26T05:48:08.487608+00:00, run_after=2023-10-27T05:48:08.487608+00:00
[2023-10-27 05:48:08,502] {processor.py:161} INFO - Processing /home/airflow/.local/lib/python3.7/site-packages/airflow/example_dags/example_short_circuit_operator.py took 0.240 seconds
[2023-10-27 05:48:38,682] {processor.py:153} INFO - Started process (PID=2339) to work on /home/airflow/.local/lib/python3.7/site-packages/airflow/example_dags/example_short_circuit_operator.py
[2023-10-27 05:48:38,683] {processor.py:641} INFO - Processing file /home/airflow/.local/lib/python3.7/site-packages/airflow/example_dags/example_short_circuit_operator.py for tasks to queue
[2023-10-27 05:48:38,684] {logging_mixin.py:115} INFO - [2023-10-27 05:48:38,684] {dagbag.py:508} INFO - Filling up the DagBag from /home/airflow/.local/lib/python3.7/site-packages/airflow/example_dags/example_short_circuit_operator.py
[2023-10-27 05:48:38,699] {processor.py:651} INFO - DAG(s) dict_keys(['example_short_circuit_operator']) retrieved from /home/airflow/.local/lib/python3.7/site-packages/airflow/example_dags/example_short_circuit_operator.py
[2023-10-27 05:48:38,934] {logging_mixin.py:115} INFO - [2023-10-27 05:48:38,934] {dag.py:2420} INFO - Sync 1 DAGs
[2023-10-27 05:48:38,962] {logging_mixin.py:115} INFO - [2023-10-27 05:48:38,962] {dag.py:2972} INFO - Setting next_dagrun for example_short_circuit_operator to 2023-10-26T05:48:38.962454+00:00, run_after=2023-10-27T05:48:38.962454+00:00
[2023-10-27 05:48:38,977] {processor.py:161} INFO - Processing /home/airflow/.local/lib/python3.7/site-packages/airflow/example_dags/example_short_circuit_operator.py took 0.298 seconds
[2023-10-27 05:49:09,408] {processor.py:153} INFO - Started process (PID=2401) to work on /home/airflow/.local/lib/python3.7/site-packages/airflow/example_dags/example_short_circuit_operator.py
[2023-10-27 05:49:09,408] {processor.py:641} INFO - Processing file /home/airflow/.local/lib/python3.7/site-packages/airflow/example_dags/example_short_circuit_operator.py for tasks to queue
[2023-10-27 05:49:09,409] {logging_mixin.py:115} INFO - [2023-10-27 05:49:09,409] {dagbag.py:508} INFO - Filling up the DagBag from /home/airflow/.local/lib/python3.7/site-packages/airflow/example_dags/example_short_circuit_operator.py
[2023-10-27 05:49:09,424] {processor.py:651} INFO - DAG(s) dict_keys(['example_short_circuit_operator']) retrieved from /home/airflow/.local/lib/python3.7/site-packages/airflow/example_dags/example_short_circuit_operator.py
[2023-10-27 05:49:09,609] {logging_mixin.py:115} INFO - [2023-10-27 05:49:09,609] {dag.py:2420} INFO - Sync 1 DAGs
[2023-10-27 05:49:09,632] {logging_mixin.py:115} INFO - [2023-10-27 05:49:09,632] {dag.py:2972} INFO - Setting next_dagrun for example_short_circuit_operator to 2023-10-26T05:49:09.631817+00:00, run_after=2023-10-27T05:49:09.631817+00:00
[2023-10-27 05:49:09,644] {processor.py:161} INFO - Processing /home/airflow/.local/lib/python3.7/site-packages/airflow/example_dags/example_short_circuit_operator.py took 0.241 seconds
[2023-10-27 05:49:40,232] {processor.py:153} INFO - Started process (PID=2453) to work on /home/airflow/.local/lib/python3.7/site-packages/airflow/example_dags/example_short_circuit_operator.py
[2023-10-27 05:49:40,233] {processor.py:641} INFO - Processing file /home/airflow/.local/lib/python3.7/site-packages/airflow/example_dags/example_short_circuit_operator.py for tasks to queue
[2023-10-27 05:49:40,234] {logging_mixin.py:115} INFO - [2023-10-27 05:49:40,234] {dagbag.py:508} INFO - Filling up the DagBag from /home/airflow/.local/lib/python3.7/site-packages/airflow/example_dags/example_short_circuit_operator.py
[2023-10-27 05:49:40,252] {processor.py:651} INFO - DAG(s) dict_keys(['example_short_circuit_operator']) retrieved from /home/airflow/.local/lib/python3.7/site-packages/airflow/example_dags/example_short_circuit_operator.py
[2023-10-27 05:49:40,454] {logging_mixin.py:115} INFO - [2023-10-27 05:49:40,454] {dag.py:2420} INFO - Sync 1 DAGs
[2023-10-27 05:49:40,480] {logging_mixin.py:115} INFO - [2023-10-27 05:49:40,480] {dag.py:2972} INFO - Setting next_dagrun for example_short_circuit_operator to 2023-10-26T05:49:40.480015+00:00, run_after=2023-10-27T05:49:40.480015+00:00
[2023-10-27 05:49:40,495] {processor.py:161} INFO - Processing /home/airflow/.local/lib/python3.7/site-packages/airflow/example_dags/example_short_circuit_operator.py took 0.268 seconds
[2023-10-27 05:50:10,569] {processor.py:153} INFO - Started process (PID=2516) to work on /home/airflow/.local/lib/python3.7/site-packages/airflow/example_dags/example_short_circuit_operator.py
[2023-10-27 05:50:10,569] {processor.py:641} INFO - Processing file /home/airflow/.local/lib/python3.7/site-packages/airflow/example_dags/example_short_circuit_operator.py for tasks to queue
[2023-10-27 05:50:10,570] {logging_mixin.py:115} INFO - [2023-10-27 05:50:10,570] {dagbag.py:508} INFO - Filling up the DagBag from /home/airflow/.local/lib/python3.7/site-packages/airflow/example_dags/example_short_circuit_operator.py
[2023-10-27 05:50:10,585] {processor.py:651} INFO - DAG(s) dict_keys(['example_short_circuit_operator']) retrieved from /home/airflow/.local/lib/python3.7/site-packages/airflow/example_dags/example_short_circuit_operator.py
[2023-10-27 05:50:10,784] {logging_mixin.py:115} INFO - [2023-10-27 05:50:10,784] {dag.py:2420} INFO - Sync 1 DAGs
[2023-10-27 05:50:10,810] {logging_mixin.py:115} INFO - [2023-10-27 05:50:10,810] {dag.py:2972} INFO - Setting next_dagrun for example_short_circuit_operator to 2023-10-26T05:50:10.809955+00:00, run_after=2023-10-27T05:50:10.809955+00:00
[2023-10-27 05:50:10,822] {processor.py:161} INFO - Processing /home/airflow/.local/lib/python3.7/site-packages/airflow/example_dags/example_short_circuit_operator.py took 0.258 seconds
[2023-10-27 05:50:40,880] {processor.py:153} INFO - Started process (PID=2577) to work on /home/airflow/.local/lib/python3.7/site-packages/airflow/example_dags/example_short_circuit_operator.py
[2023-10-27 05:50:40,880] {processor.py:641} INFO - Processing file /home/airflow/.local/lib/python3.7/site-packages/airflow/example_dags/example_short_circuit_operator.py for tasks to queue
[2023-10-27 05:50:40,881] {logging_mixin.py:115} INFO - [2023-10-27 05:50:40,881] {dagbag.py:508} INFO - Filling up the DagBag from /home/airflow/.local/lib/python3.7/site-packages/airflow/example_dags/example_short_circuit_operator.py
[2023-10-27 05:50:40,896] {processor.py:651} INFO - DAG(s) dict_keys(['example_short_circuit_operator']) retrieved from /home/airflow/.local/lib/python3.7/site-packages/airflow/example_dags/example_short_circuit_operator.py
[2023-10-27 05:50:41,086] {logging_mixin.py:115} INFO - [2023-10-27 05:50:41,086] {dag.py:2420} INFO - Sync 1 DAGs
[2023-10-27 05:50:41,109] {logging_mixin.py:115} INFO - [2023-10-27 05:50:41,109] {dag.py:2972} INFO - Setting next_dagrun for example_short_circuit_operator to 2023-10-26T05:50:41.109081+00:00, run_after=2023-10-27T05:50:41.109081+00:00
[2023-10-27 05:50:41,121] {processor.py:161} INFO - Processing /home/airflow/.local/lib/python3.7/site-packages/airflow/example_dags/example_short_circuit_operator.py took 0.246 seconds
[2023-10-27 05:51:11,398] {processor.py:153} INFO - Started process (PID=2628) to work on /home/airflow/.local/lib/python3.7/site-packages/airflow/example_dags/example_short_circuit_operator.py
[2023-10-27 05:51:11,399] {processor.py:641} INFO - Processing file /home/airflow/.local/lib/python3.7/site-packages/airflow/example_dags/example_short_circuit_operator.py for tasks to queue
[2023-10-27 05:51:11,399] {logging_mixin.py:115} INFO - [2023-10-27 05:51:11,399] {dagbag.py:508} INFO - Filling up the DagBag from /home/airflow/.local/lib/python3.7/site-packages/airflow/example_dags/example_short_circuit_operator.py
[2023-10-27 05:51:11,414] {processor.py:651} INFO - DAG(s) dict_keys(['example_short_circuit_operator']) retrieved from /home/airflow/.local/lib/python3.7/site-packages/airflow/example_dags/example_short_circuit_operator.py
[2023-10-27 05:51:11,603] {logging_mixin.py:115} INFO - [2023-10-27 05:51:11,603] {dag.py:2420} INFO - Sync 1 DAGs
[2023-10-27 05:51:11,626] {logging_mixin.py:115} INFO - [2023-10-27 05:51:11,626] {dag.py:2972} INFO - Setting next_dagrun for example_short_circuit_operator to 2023-10-26T05:51:11.626114+00:00, run_after=2023-10-27T05:51:11.626114+00:00
[2023-10-27 05:51:11,638] {processor.py:161} INFO - Processing /home/airflow/.local/lib/python3.7/site-packages/airflow/example_dags/example_short_circuit_operator.py took 0.244 seconds
[2023-10-27 05:51:41,854] {processor.py:153} INFO - Started process (PID=2689) to work on /home/airflow/.local/lib/python3.7/site-packages/airflow/example_dags/example_short_circuit_operator.py
[2023-10-27 05:51:41,854] {processor.py:641} INFO - Processing file /home/airflow/.local/lib/python3.7/site-packages/airflow/example_dags/example_short_circuit_operator.py for tasks to queue
[2023-10-27 05:51:41,855] {logging_mixin.py:115} INFO - [2023-10-27 05:51:41,855] {dagbag.py:508} INFO - Filling up the DagBag from /home/airflow/.local/lib/python3.7/site-packages/airflow/example_dags/example_short_circuit_operator.py
[2023-10-27 05:51:41,870] {processor.py:651} INFO - DAG(s) dict_keys(['example_short_circuit_operator']) retrieved from /home/airflow/.local/lib/python3.7/site-packages/airflow/example_dags/example_short_circuit_operator.py
[2023-10-27 05:51:42,056] {logging_mixin.py:115} INFO - [2023-10-27 05:51:42,056] {dag.py:2420} INFO - Sync 1 DAGs
[2023-10-27 05:51:42,080] {logging_mixin.py:115} INFO - [2023-10-27 05:51:42,080] {dag.py:2972} INFO - Setting next_dagrun for example_short_circuit_operator to 2023-10-26T05:51:42.080011+00:00, run_after=2023-10-27T05:51:42.080011+00:00
[2023-10-27 05:51:42,094] {processor.py:161} INFO - Processing /home/airflow/.local/lib/python3.7/site-packages/airflow/example_dags/example_short_circuit_operator.py took 0.244 seconds
[2023-10-27 05:52:12,860] {processor.py:153} INFO - Started process (PID=2743) to work on /home/airflow/.local/lib/python3.7/site-packages/airflow/example_dags/example_short_circuit_operator.py
[2023-10-27 05:52:12,860] {processor.py:641} INFO - Processing file /home/airflow/.local/lib/python3.7/site-packages/airflow/example_dags/example_short_circuit_operator.py for tasks to queue
[2023-10-27 05:52:12,861] {logging_mixin.py:115} INFO - [2023-10-27 05:52:12,861] {dagbag.py:508} INFO - Filling up the DagBag from /home/airflow/.local/lib/python3.7/site-packages/airflow/example_dags/example_short_circuit_operator.py
[2023-10-27 05:52:12,876] {processor.py:651} INFO - DAG(s) dict_keys(['example_short_circuit_operator']) retrieved from /home/airflow/.local/lib/python3.7/site-packages/airflow/example_dags/example_short_circuit_operator.py
[2023-10-27 05:52:13,062] {logging_mixin.py:115} INFO - [2023-10-27 05:52:13,062] {dag.py:2420} INFO - Sync 1 DAGs
[2023-10-27 05:52:13,089] {logging_mixin.py:115} INFO - [2023-10-27 05:52:13,089] {dag.py:2972} INFO - Setting next_dagrun for example_short_circuit_operator to 2023-10-26T05:52:13.089092+00:00, run_after=2023-10-27T05:52:13.089092+00:00
[2023-10-27 05:52:13,104] {processor.py:161} INFO - Processing /home/airflow/.local/lib/python3.7/site-packages/airflow/example_dags/example_short_circuit_operator.py took 0.248 seconds
[2023-10-27 05:52:43,570] {processor.py:153} INFO - Started process (PID=2803) to work on /home/airflow/.local/lib/python3.7/site-packages/airflow/example_dags/example_short_circuit_operator.py
[2023-10-27 05:52:43,571] {processor.py:641} INFO - Processing file /home/airflow/.local/lib/python3.7/site-packages/airflow/example_dags/example_short_circuit_operator.py for tasks to queue
[2023-10-27 05:52:43,571] {logging_mixin.py:115} INFO - [2023-10-27 05:52:43,571] {dagbag.py:508} INFO - Filling up the DagBag from /home/airflow/.local/lib/python3.7/site-packages/airflow/example_dags/example_short_circuit_operator.py
[2023-10-27 05:52:43,586] {processor.py:651} INFO - DAG(s) dict_keys(['example_short_circuit_operator']) retrieved from /home/airflow/.local/lib/python3.7/site-packages/airflow/example_dags/example_short_circuit_operator.py
[2023-10-27 05:52:43,771] {logging_mixin.py:115} INFO - [2023-10-27 05:52:43,771] {dag.py:2420} INFO - Sync 1 DAGs
[2023-10-27 05:52:43,792] {logging_mixin.py:115} INFO - [2023-10-27 05:52:43,792] {dag.py:2972} INFO - Setting next_dagrun for example_short_circuit_operator to 2023-10-26T05:52:43.792594+00:00, run_after=2023-10-27T05:52:43.792594+00:00
[2023-10-27 05:52:43,804] {processor.py:161} INFO - Processing /home/airflow/.local/lib/python3.7/site-packages/airflow/example_dags/example_short_circuit_operator.py took 0.238 seconds
[2023-10-27 05:53:13,831] {processor.py:153} INFO - Started process (PID=2864) to work on /home/airflow/.local/lib/python3.7/site-packages/airflow/example_dags/example_short_circuit_operator.py
[2023-10-27 05:53:13,832] {processor.py:641} INFO - Processing file /home/airflow/.local/lib/python3.7/site-packages/airflow/example_dags/example_short_circuit_operator.py for tasks to queue
[2023-10-27 05:53:13,832] {logging_mixin.py:115} INFO - [2023-10-27 05:53:13,832] {dagbag.py:508} INFO - Filling up the DagBag from /home/airflow/.local/lib/python3.7/site-packages/airflow/example_dags/example_short_circuit_operator.py
[2023-10-27 05:53:13,847] {processor.py:651} INFO - DAG(s) dict_keys(['example_short_circuit_operator']) retrieved from /home/airflow/.local/lib/python3.7/site-packages/airflow/example_dags/example_short_circuit_operator.py
[2023-10-27 05:53:14,044] {logging_mixin.py:115} INFO - [2023-10-27 05:53:14,044] {dag.py:2420} INFO - Sync 1 DAGs
[2023-10-27 05:53:14,066] {logging_mixin.py:115} INFO - [2023-10-27 05:53:14,065] {dag.py:2972} INFO - Setting next_dagrun for example_short_circuit_operator to 2023-10-26T05:53:14.065710+00:00, run_after=2023-10-27T05:53:14.065710+00:00
[2023-10-27 05:53:14,078] {processor.py:161} INFO - Processing /home/airflow/.local/lib/python3.7/site-packages/airflow/example_dags/example_short_circuit_operator.py took 0.251 seconds
[2023-10-27 05:53:44,175] {processor.py:153} INFO - Started process (PID=2916) to work on /home/airflow/.local/lib/python3.7/site-packages/airflow/example_dags/example_short_circuit_operator.py
[2023-10-27 05:53:44,176] {processor.py:641} INFO - Processing file /home/airflow/.local/lib/python3.7/site-packages/airflow/example_dags/example_short_circuit_operator.py for tasks to queue
[2023-10-27 05:53:44,177] {logging_mixin.py:115} INFO - [2023-10-27 05:53:44,177] {dagbag.py:508} INFO - Filling up the DagBag from /home/airflow/.local/lib/python3.7/site-packages/airflow/example_dags/example_short_circuit_operator.py
[2023-10-27 05:53:44,352] {processor.py:651} INFO - DAG(s) dict_keys(['example_short_circuit_operator']) retrieved from /home/airflow/.local/lib/python3.7/site-packages/airflow/example_dags/example_short_circuit_operator.py
[2023-10-27 05:53:49,381] {logging_mixin.py:115} INFO - [2023-10-27 05:53:49,381] {dag.py:2420} INFO - Sync 1 DAGs
[2023-10-27 05:53:49,403] {logging_mixin.py:115} INFO - [2023-10-27 05:53:49,403] {dag.py:2972} INFO - Setting next_dagrun for example_short_circuit_operator to 2023-10-26T05:53:49.403626+00:00, run_after=2023-10-27T05:53:49.403626+00:00
[2023-10-27 05:53:49,416] {processor.py:161} INFO - Processing /home/airflow/.local/lib/python3.7/site-packages/airflow/example_dags/example_short_circuit_operator.py took 5.245 seconds
