[2023-10-27 05:19:34,512] {processor.py:153} INFO - Started process (PID=61) to work on /home/airflow/.local/lib/python3.7/site-packages/airflow/example_dags/example_kubernetes_executor.py
[2023-10-27 05:19:34,512] {processor.py:641} INFO - Processing file /home/airflow/.local/lib/python3.7/site-packages/airflow/example_dags/example_kubernetes_executor.py for tasks to queue
[2023-10-27 05:19:34,513] {logging_mixin.py:115} INFO - [2023-10-27 05:19:34,513] {dagbag.py:508} INFO - Filling up the DagBag from /home/airflow/.local/lib/python3.7/site-packages/airflow/example_dags/example_kubernetes_executor.py
[2023-10-27 05:19:34,556] {processor.py:651} INFO - DAG(s) dict_keys(['example_kubernetes_executor']) retrieved from /home/airflow/.local/lib/python3.7/site-packages/airflow/example_dags/example_kubernetes_executor.py
[2023-10-27 05:19:34,663] {logging_mixin.py:115} INFO - [2023-10-27 05:19:34,663] {manager.py:508} INFO - Created Permission View: can delete on DAG:example_kubernetes_executor
[2023-10-27 05:19:34,677] {logging_mixin.py:115} INFO - [2023-10-27 05:19:34,677] {manager.py:508} INFO - Created Permission View: can read on DAG:example_kubernetes_executor
[2023-10-27 05:19:34,696] {logging_mixin.py:115} INFO - [2023-10-27 05:19:34,696] {manager.py:508} INFO - Created Permission View: can edit on DAG:example_kubernetes_executor
[2023-10-27 05:19:34,696] {logging_mixin.py:115} INFO - [2023-10-27 05:19:34,696] {dag.py:2420} INFO - Sync 1 DAGs
[2023-10-27 05:19:34,710] {logging_mixin.py:115} INFO - [2023-10-27 05:19:34,710] {dag.py:2439} INFO - Creating ORM DAG for example_kubernetes_executor
[2023-10-27 05:19:34,730] {logging_mixin.py:115} INFO - [2023-10-27 05:19:34,730] {dag.py:2972} INFO - Setting next_dagrun for example_kubernetes_executor to None, run_after=None
[2023-10-27 05:19:34,755] {processor.py:161} INFO - Processing /home/airflow/.local/lib/python3.7/site-packages/airflow/example_dags/example_kubernetes_executor.py took 0.249 seconds
[2023-10-27 05:20:05,009] {processor.py:153} INFO - Started process (PID=124) to work on /home/airflow/.local/lib/python3.7/site-packages/airflow/example_dags/example_kubernetes_executor.py
[2023-10-27 05:20:05,010] {processor.py:641} INFO - Processing file /home/airflow/.local/lib/python3.7/site-packages/airflow/example_dags/example_kubernetes_executor.py for tasks to queue
[2023-10-27 05:20:05,010] {logging_mixin.py:115} INFO - [2023-10-27 05:20:05,010] {dagbag.py:508} INFO - Filling up the DagBag from /home/airflow/.local/lib/python3.7/site-packages/airflow/example_dags/example_kubernetes_executor.py
[2023-10-27 05:20:05,038] {processor.py:651} INFO - DAG(s) dict_keys(['example_kubernetes_executor']) retrieved from /home/airflow/.local/lib/python3.7/site-packages/airflow/example_dags/example_kubernetes_executor.py
[2023-10-27 05:20:05,069] {logging_mixin.py:115} INFO - [2023-10-27 05:20:05,069] {dag.py:2420} INFO - Sync 1 DAGs
[2023-10-27 05:20:05,095] {logging_mixin.py:115} INFO - [2023-10-27 05:20:05,095] {dag.py:2972} INFO - Setting next_dagrun for example_kubernetes_executor to None, run_after=None
[2023-10-27 05:20:05,108] {processor.py:161} INFO - Processing /home/airflow/.local/lib/python3.7/site-packages/airflow/example_dags/example_kubernetes_executor.py took 0.103 seconds
[2023-10-27 05:20:35,317] {processor.py:153} INFO - Started process (PID=185) to work on /home/airflow/.local/lib/python3.7/site-packages/airflow/example_dags/example_kubernetes_executor.py
[2023-10-27 05:20:35,319] {processor.py:641} INFO - Processing file /home/airflow/.local/lib/python3.7/site-packages/airflow/example_dags/example_kubernetes_executor.py for tasks to queue
[2023-10-27 05:20:35,320] {logging_mixin.py:115} INFO - [2023-10-27 05:20:35,320] {dagbag.py:508} INFO - Filling up the DagBag from /home/airflow/.local/lib/python3.7/site-packages/airflow/example_dags/example_kubernetes_executor.py
[2023-10-27 05:20:35,351] {processor.py:651} INFO - DAG(s) dict_keys(['example_kubernetes_executor']) retrieved from /home/airflow/.local/lib/python3.7/site-packages/airflow/example_dags/example_kubernetes_executor.py
[2023-10-27 05:20:35,386] {logging_mixin.py:115} INFO - [2023-10-27 05:20:35,386] {dag.py:2420} INFO - Sync 1 DAGs
[2023-10-27 05:20:35,415] {logging_mixin.py:115} INFO - [2023-10-27 05:20:35,415] {dag.py:2972} INFO - Setting next_dagrun for example_kubernetes_executor to None, run_after=None
[2023-10-27 05:20:35,428] {processor.py:161} INFO - Processing /home/airflow/.local/lib/python3.7/site-packages/airflow/example_dags/example_kubernetes_executor.py took 0.115 seconds
[2023-10-27 05:21:05,492] {processor.py:153} INFO - Started process (PID=237) to work on /home/airflow/.local/lib/python3.7/site-packages/airflow/example_dags/example_kubernetes_executor.py
[2023-10-27 05:21:05,493] {processor.py:641} INFO - Processing file /home/airflow/.local/lib/python3.7/site-packages/airflow/example_dags/example_kubernetes_executor.py for tasks to queue
[2023-10-27 05:21:05,494] {logging_mixin.py:115} INFO - [2023-10-27 05:21:05,494] {dagbag.py:508} INFO - Filling up the DagBag from /home/airflow/.local/lib/python3.7/site-packages/airflow/example_dags/example_kubernetes_executor.py
[2023-10-27 05:21:05,521] {processor.py:651} INFO - DAG(s) dict_keys(['example_kubernetes_executor']) retrieved from /home/airflow/.local/lib/python3.7/site-packages/airflow/example_dags/example_kubernetes_executor.py
[2023-10-27 05:21:05,557] {logging_mixin.py:115} INFO - [2023-10-27 05:21:05,557] {dag.py:2420} INFO - Sync 1 DAGs
[2023-10-27 05:21:05,583] {logging_mixin.py:115} INFO - [2023-10-27 05:21:05,583] {dag.py:2972} INFO - Setting next_dagrun for example_kubernetes_executor to None, run_after=None
[2023-10-27 05:21:05,595] {processor.py:161} INFO - Processing /home/airflow/.local/lib/python3.7/site-packages/airflow/example_dags/example_kubernetes_executor.py took 0.107 seconds
[2023-10-27 05:21:35,706] {processor.py:153} INFO - Started process (PID=298) to work on /home/airflow/.local/lib/python3.7/site-packages/airflow/example_dags/example_kubernetes_executor.py
[2023-10-27 05:21:35,706] {processor.py:641} INFO - Processing file /home/airflow/.local/lib/python3.7/site-packages/airflow/example_dags/example_kubernetes_executor.py for tasks to queue
[2023-10-27 05:21:35,707] {logging_mixin.py:115} INFO - [2023-10-27 05:21:35,707] {dagbag.py:508} INFO - Filling up the DagBag from /home/airflow/.local/lib/python3.7/site-packages/airflow/example_dags/example_kubernetes_executor.py
[2023-10-27 05:21:35,734] {processor.py:651} INFO - DAG(s) dict_keys(['example_kubernetes_executor']) retrieved from /home/airflow/.local/lib/python3.7/site-packages/airflow/example_dags/example_kubernetes_executor.py
[2023-10-27 05:21:35,769] {logging_mixin.py:115} INFO - [2023-10-27 05:21:35,768] {dag.py:2420} INFO - Sync 1 DAGs
[2023-10-27 05:21:35,793] {logging_mixin.py:115} INFO - [2023-10-27 05:21:35,793] {dag.py:2972} INFO - Setting next_dagrun for example_kubernetes_executor to None, run_after=None
[2023-10-27 05:21:35,806] {processor.py:161} INFO - Processing /home/airflow/.local/lib/python3.7/site-packages/airflow/example_dags/example_kubernetes_executor.py took 0.104 seconds
[2023-10-27 05:22:05,892] {processor.py:153} INFO - Started process (PID=351) to work on /home/airflow/.local/lib/python3.7/site-packages/airflow/example_dags/example_kubernetes_executor.py
[2023-10-27 05:22:05,893] {processor.py:641} INFO - Processing file /home/airflow/.local/lib/python3.7/site-packages/airflow/example_dags/example_kubernetes_executor.py for tasks to queue
[2023-10-27 05:22:05,893] {logging_mixin.py:115} INFO - [2023-10-27 05:22:05,893] {dagbag.py:508} INFO - Filling up the DagBag from /home/airflow/.local/lib/python3.7/site-packages/airflow/example_dags/example_kubernetes_executor.py
[2023-10-27 05:22:05,923] {processor.py:651} INFO - DAG(s) dict_keys(['example_kubernetes_executor']) retrieved from /home/airflow/.local/lib/python3.7/site-packages/airflow/example_dags/example_kubernetes_executor.py
[2023-10-27 05:22:05,956] {logging_mixin.py:115} INFO - [2023-10-27 05:22:05,956] {dag.py:2420} INFO - Sync 1 DAGs
[2023-10-27 05:22:05,983] {logging_mixin.py:115} INFO - [2023-10-27 05:22:05,983] {dag.py:2972} INFO - Setting next_dagrun for example_kubernetes_executor to None, run_after=None
[2023-10-27 05:22:05,998] {processor.py:161} INFO - Processing /home/airflow/.local/lib/python3.7/site-packages/airflow/example_dags/example_kubernetes_executor.py took 0.111 seconds
[2023-10-27 05:22:36,038] {processor.py:153} INFO - Started process (PID=402) to work on /home/airflow/.local/lib/python3.7/site-packages/airflow/example_dags/example_kubernetes_executor.py
[2023-10-27 05:22:36,038] {processor.py:641} INFO - Processing file /home/airflow/.local/lib/python3.7/site-packages/airflow/example_dags/example_kubernetes_executor.py for tasks to queue
[2023-10-27 05:22:36,039] {logging_mixin.py:115} INFO - [2023-10-27 05:22:36,039] {dagbag.py:508} INFO - Filling up the DagBag from /home/airflow/.local/lib/python3.7/site-packages/airflow/example_dags/example_kubernetes_executor.py
[2023-10-27 05:22:36,067] {processor.py:651} INFO - DAG(s) dict_keys(['example_kubernetes_executor']) retrieved from /home/airflow/.local/lib/python3.7/site-packages/airflow/example_dags/example_kubernetes_executor.py
[2023-10-27 05:22:36,098] {logging_mixin.py:115} INFO - [2023-10-27 05:22:36,098] {dag.py:2420} INFO - Sync 1 DAGs
[2023-10-27 05:22:36,124] {logging_mixin.py:115} INFO - [2023-10-27 05:22:36,124] {dag.py:2972} INFO - Setting next_dagrun for example_kubernetes_executor to None, run_after=None
[2023-10-27 05:22:36,141] {processor.py:161} INFO - Processing /home/airflow/.local/lib/python3.7/site-packages/airflow/example_dags/example_kubernetes_executor.py took 0.107 seconds
[2023-10-27 05:23:06,173] {processor.py:153} INFO - Started process (PID=462) to work on /home/airflow/.local/lib/python3.7/site-packages/airflow/example_dags/example_kubernetes_executor.py
[2023-10-27 05:23:06,174] {processor.py:641} INFO - Processing file /home/airflow/.local/lib/python3.7/site-packages/airflow/example_dags/example_kubernetes_executor.py for tasks to queue
[2023-10-27 05:23:06,174] {logging_mixin.py:115} INFO - [2023-10-27 05:23:06,174] {dagbag.py:508} INFO - Filling up the DagBag from /home/airflow/.local/lib/python3.7/site-packages/airflow/example_dags/example_kubernetes_executor.py
[2023-10-27 05:23:06,204] {processor.py:651} INFO - DAG(s) dict_keys(['example_kubernetes_executor']) retrieved from /home/airflow/.local/lib/python3.7/site-packages/airflow/example_dags/example_kubernetes_executor.py
[2023-10-27 05:23:06,236] {logging_mixin.py:115} INFO - [2023-10-27 05:23:06,236] {dag.py:2420} INFO - Sync 1 DAGs
[2023-10-27 05:23:06,264] {logging_mixin.py:115} INFO - [2023-10-27 05:23:06,264] {dag.py:2972} INFO - Setting next_dagrun for example_kubernetes_executor to None, run_after=None
[2023-10-27 05:23:06,277] {processor.py:161} INFO - Processing /home/airflow/.local/lib/python3.7/site-packages/airflow/example_dags/example_kubernetes_executor.py took 0.108 seconds
[2023-10-27 05:23:36,594] {processor.py:153} INFO - Started process (PID=523) to work on /home/airflow/.local/lib/python3.7/site-packages/airflow/example_dags/example_kubernetes_executor.py
[2023-10-27 05:23:36,595] {processor.py:641} INFO - Processing file /home/airflow/.local/lib/python3.7/site-packages/airflow/example_dags/example_kubernetes_executor.py for tasks to queue
[2023-10-27 05:23:36,596] {logging_mixin.py:115} INFO - [2023-10-27 05:23:36,596] {dagbag.py:508} INFO - Filling up the DagBag from /home/airflow/.local/lib/python3.7/site-packages/airflow/example_dags/example_kubernetes_executor.py
[2023-10-27 05:23:36,630] {processor.py:651} INFO - DAG(s) dict_keys(['example_kubernetes_executor']) retrieved from /home/airflow/.local/lib/python3.7/site-packages/airflow/example_dags/example_kubernetes_executor.py
[2023-10-27 05:23:36,668] {logging_mixin.py:115} INFO - [2023-10-27 05:23:36,668] {dag.py:2420} INFO - Sync 1 DAGs
[2023-10-27 05:23:36,700] {logging_mixin.py:115} INFO - [2023-10-27 05:23:36,700] {dag.py:2972} INFO - Setting next_dagrun for example_kubernetes_executor to None, run_after=None
[2023-10-27 05:23:36,727] {processor.py:161} INFO - Processing /home/airflow/.local/lib/python3.7/site-packages/airflow/example_dags/example_kubernetes_executor.py took 0.138 seconds
[2023-10-27 05:25:00,981] {processor.py:153} INFO - Started process (PID=61) to work on /home/airflow/.local/lib/python3.7/site-packages/airflow/example_dags/example_kubernetes_executor.py
[2023-10-27 05:25:00,983] {processor.py:641} INFO - Processing file /home/airflow/.local/lib/python3.7/site-packages/airflow/example_dags/example_kubernetes_executor.py for tasks to queue
[2023-10-27 05:25:00,984] {logging_mixin.py:115} INFO - [2023-10-27 05:25:00,983] {dagbag.py:508} INFO - Filling up the DagBag from /home/airflow/.local/lib/python3.7/site-packages/airflow/example_dags/example_kubernetes_executor.py
[2023-10-27 05:25:01,024] {processor.py:651} INFO - DAG(s) dict_keys(['example_kubernetes_executor']) retrieved from /home/airflow/.local/lib/python3.7/site-packages/airflow/example_dags/example_kubernetes_executor.py
[2023-10-27 05:25:01,255] {logging_mixin.py:115} INFO - [2023-10-27 05:25:01,255] {dag.py:2420} INFO - Sync 1 DAGs
[2023-10-27 05:25:01,278] {logging_mixin.py:115} INFO - [2023-10-27 05:25:01,278] {dag.py:2972} INFO - Setting next_dagrun for example_kubernetes_executor to None, run_after=None
[2023-10-27 05:25:01,291] {processor.py:161} INFO - Processing /home/airflow/.local/lib/python3.7/site-packages/airflow/example_dags/example_kubernetes_executor.py took 0.314 seconds
[2023-10-27 05:25:31,377] {processor.py:153} INFO - Started process (PID=113) to work on /home/airflow/.local/lib/python3.7/site-packages/airflow/example_dags/example_kubernetes_executor.py
[2023-10-27 05:25:31,378] {processor.py:641} INFO - Processing file /home/airflow/.local/lib/python3.7/site-packages/airflow/example_dags/example_kubernetes_executor.py for tasks to queue
[2023-10-27 05:25:31,378] {logging_mixin.py:115} INFO - [2023-10-27 05:25:31,378] {dagbag.py:508} INFO - Filling up the DagBag from /home/airflow/.local/lib/python3.7/site-packages/airflow/example_dags/example_kubernetes_executor.py
[2023-10-27 05:25:31,410] {processor.py:651} INFO - DAG(s) dict_keys(['example_kubernetes_executor']) retrieved from /home/airflow/.local/lib/python3.7/site-packages/airflow/example_dags/example_kubernetes_executor.py
[2023-10-27 05:25:31,591] {logging_mixin.py:115} INFO - [2023-10-27 05:25:31,591] {dag.py:2420} INFO - Sync 1 DAGs
[2023-10-27 05:25:31,613] {logging_mixin.py:115} INFO - [2023-10-27 05:25:31,613] {dag.py:2972} INFO - Setting next_dagrun for example_kubernetes_executor to None, run_after=None
[2023-10-27 05:25:31,625] {processor.py:161} INFO - Processing /home/airflow/.local/lib/python3.7/site-packages/airflow/example_dags/example_kubernetes_executor.py took 0.252 seconds
[2023-10-27 05:26:02,507] {processor.py:153} INFO - Started process (PID=174) to work on /home/airflow/.local/lib/python3.7/site-packages/airflow/example_dags/example_kubernetes_executor.py
[2023-10-27 05:26:02,507] {processor.py:641} INFO - Processing file /home/airflow/.local/lib/python3.7/site-packages/airflow/example_dags/example_kubernetes_executor.py for tasks to queue
[2023-10-27 05:26:02,508] {logging_mixin.py:115} INFO - [2023-10-27 05:26:02,508] {dagbag.py:508} INFO - Filling up the DagBag from /home/airflow/.local/lib/python3.7/site-packages/airflow/example_dags/example_kubernetes_executor.py
[2023-10-27 05:26:02,541] {processor.py:651} INFO - DAG(s) dict_keys(['example_kubernetes_executor']) retrieved from /home/airflow/.local/lib/python3.7/site-packages/airflow/example_dags/example_kubernetes_executor.py
[2023-10-27 05:26:02,730] {logging_mixin.py:115} INFO - [2023-10-27 05:26:02,729] {dag.py:2420} INFO - Sync 1 DAGs
[2023-10-27 05:26:02,753] {logging_mixin.py:115} INFO - [2023-10-27 05:26:02,753] {dag.py:2972} INFO - Setting next_dagrun for example_kubernetes_executor to None, run_after=None
[2023-10-27 05:26:02,765] {processor.py:161} INFO - Processing /home/airflow/.local/lib/python3.7/site-packages/airflow/example_dags/example_kubernetes_executor.py took 0.263 seconds
[2023-10-27 05:26:33,367] {processor.py:153} INFO - Started process (PID=234) to work on /home/airflow/.local/lib/python3.7/site-packages/airflow/example_dags/example_kubernetes_executor.py
[2023-10-27 05:26:33,367] {processor.py:641} INFO - Processing file /home/airflow/.local/lib/python3.7/site-packages/airflow/example_dags/example_kubernetes_executor.py for tasks to queue
[2023-10-27 05:26:33,368] {logging_mixin.py:115} INFO - [2023-10-27 05:26:33,368] {dagbag.py:508} INFO - Filling up the DagBag from /home/airflow/.local/lib/python3.7/site-packages/airflow/example_dags/example_kubernetes_executor.py
[2023-10-27 05:26:33,403] {processor.py:651} INFO - DAG(s) dict_keys(['example_kubernetes_executor']) retrieved from /home/airflow/.local/lib/python3.7/site-packages/airflow/example_dags/example_kubernetes_executor.py
[2023-10-27 05:26:33,598] {logging_mixin.py:115} INFO - [2023-10-27 05:26:33,597] {dag.py:2420} INFO - Sync 1 DAGs
[2023-10-27 05:26:33,620] {logging_mixin.py:115} INFO - [2023-10-27 05:26:33,620] {dag.py:2972} INFO - Setting next_dagrun for example_kubernetes_executor to None, run_after=None
[2023-10-27 05:26:33,633] {processor.py:161} INFO - Processing /home/airflow/.local/lib/python3.7/site-packages/airflow/example_dags/example_kubernetes_executor.py took 0.271 seconds
[2023-10-27 05:27:04,116] {processor.py:153} INFO - Started process (PID=286) to work on /home/airflow/.local/lib/python3.7/site-packages/airflow/example_dags/example_kubernetes_executor.py
[2023-10-27 05:27:04,117] {processor.py:641} INFO - Processing file /home/airflow/.local/lib/python3.7/site-packages/airflow/example_dags/example_kubernetes_executor.py for tasks to queue
[2023-10-27 05:27:04,117] {logging_mixin.py:115} INFO - [2023-10-27 05:27:04,117] {dagbag.py:508} INFO - Filling up the DagBag from /home/airflow/.local/lib/python3.7/site-packages/airflow/example_dags/example_kubernetes_executor.py
[2023-10-27 05:27:04,149] {processor.py:651} INFO - DAG(s) dict_keys(['example_kubernetes_executor']) retrieved from /home/airflow/.local/lib/python3.7/site-packages/airflow/example_dags/example_kubernetes_executor.py
[2023-10-27 05:27:04,335] {logging_mixin.py:115} INFO - [2023-10-27 05:27:04,334] {dag.py:2420} INFO - Sync 1 DAGs
[2023-10-27 05:27:04,356] {logging_mixin.py:115} INFO - [2023-10-27 05:27:04,356] {dag.py:2972} INFO - Setting next_dagrun for example_kubernetes_executor to None, run_after=None
[2023-10-27 05:27:04,368] {processor.py:161} INFO - Processing /home/airflow/.local/lib/python3.7/site-packages/airflow/example_dags/example_kubernetes_executor.py took 0.256 seconds
[2023-10-27 05:28:17,718] {processor.py:153} INFO - Started process (PID=61) to work on /home/airflow/.local/lib/python3.7/site-packages/airflow/example_dags/example_kubernetes_executor.py
[2023-10-27 05:28:17,720] {processor.py:641} INFO - Processing file /home/airflow/.local/lib/python3.7/site-packages/airflow/example_dags/example_kubernetes_executor.py for tasks to queue
[2023-10-27 05:28:17,722] {logging_mixin.py:115} INFO - [2023-10-27 05:28:17,720] {dagbag.py:508} INFO - Filling up the DagBag from /home/airflow/.local/lib/python3.7/site-packages/airflow/example_dags/example_kubernetes_executor.py
[2023-10-27 05:28:17,803] {processor.py:651} INFO - DAG(s) dict_keys(['example_kubernetes_executor']) retrieved from /home/airflow/.local/lib/python3.7/site-packages/airflow/example_dags/example_kubernetes_executor.py
[2023-10-27 05:28:18,208] {logging_mixin.py:115} INFO - [2023-10-27 05:28:18,208] {dag.py:2420} INFO - Sync 1 DAGs
[2023-10-27 05:28:18,265] {logging_mixin.py:115} INFO - [2023-10-27 05:28:18,265] {dag.py:2972} INFO - Setting next_dagrun for example_kubernetes_executor to None, run_after=None
[2023-10-27 05:28:18,285] {processor.py:161} INFO - Processing /home/airflow/.local/lib/python3.7/site-packages/airflow/example_dags/example_kubernetes_executor.py took 0.578 seconds
[2023-10-27 05:28:51,286] {processor.py:153} INFO - Started process (PID=114) to work on /home/airflow/.local/lib/python3.7/site-packages/airflow/example_dags/example_kubernetes_executor.py
[2023-10-27 05:28:51,287] {processor.py:641} INFO - Processing file /home/airflow/.local/lib/python3.7/site-packages/airflow/example_dags/example_kubernetes_executor.py for tasks to queue
[2023-10-27 05:28:51,288] {logging_mixin.py:115} INFO - [2023-10-27 05:28:51,287] {dagbag.py:508} INFO - Filling up the DagBag from /home/airflow/.local/lib/python3.7/site-packages/airflow/example_dags/example_kubernetes_executor.py
[2023-10-27 05:28:51,320] {processor.py:651} INFO - DAG(s) dict_keys(['example_kubernetes_executor']) retrieved from /home/airflow/.local/lib/python3.7/site-packages/airflow/example_dags/example_kubernetes_executor.py
[2023-10-27 05:28:51,528] {logging_mixin.py:115} INFO - [2023-10-27 05:28:51,528] {dag.py:2420} INFO - Sync 1 DAGs
[2023-10-27 05:28:51,557] {logging_mixin.py:115} INFO - [2023-10-27 05:28:51,557] {dag.py:2972} INFO - Setting next_dagrun for example_kubernetes_executor to None, run_after=None
[2023-10-27 05:28:51,570] {processor.py:161} INFO - Processing /home/airflow/.local/lib/python3.7/site-packages/airflow/example_dags/example_kubernetes_executor.py took 0.288 seconds
[2023-10-27 05:29:21,699] {processor.py:153} INFO - Started process (PID=175) to work on /home/airflow/.local/lib/python3.7/site-packages/airflow/example_dags/example_kubernetes_executor.py
[2023-10-27 05:29:21,700] {processor.py:641} INFO - Processing file /home/airflow/.local/lib/python3.7/site-packages/airflow/example_dags/example_kubernetes_executor.py for tasks to queue
[2023-10-27 05:29:21,700] {logging_mixin.py:115} INFO - [2023-10-27 05:29:21,700] {dagbag.py:508} INFO - Filling up the DagBag from /home/airflow/.local/lib/python3.7/site-packages/airflow/example_dags/example_kubernetes_executor.py
[2023-10-27 05:29:21,734] {processor.py:651} INFO - DAG(s) dict_keys(['example_kubernetes_executor']) retrieved from /home/airflow/.local/lib/python3.7/site-packages/airflow/example_dags/example_kubernetes_executor.py
[2023-10-27 05:29:21,921] {logging_mixin.py:115} INFO - [2023-10-27 05:29:21,921] {dag.py:2420} INFO - Sync 1 DAGs
[2023-10-27 05:29:21,948] {logging_mixin.py:115} INFO - [2023-10-27 05:29:21,948] {dag.py:2972} INFO - Setting next_dagrun for example_kubernetes_executor to None, run_after=None
[2023-10-27 05:29:21,962] {processor.py:161} INFO - Processing /home/airflow/.local/lib/python3.7/site-packages/airflow/example_dags/example_kubernetes_executor.py took 0.267 seconds
[2023-10-27 05:29:52,094] {processor.py:153} INFO - Started process (PID=236) to work on /home/airflow/.local/lib/python3.7/site-packages/airflow/example_dags/example_kubernetes_executor.py
[2023-10-27 05:29:52,095] {processor.py:641} INFO - Processing file /home/airflow/.local/lib/python3.7/site-packages/airflow/example_dags/example_kubernetes_executor.py for tasks to queue
[2023-10-27 05:29:52,095] {logging_mixin.py:115} INFO - [2023-10-27 05:29:52,095] {dagbag.py:508} INFO - Filling up the DagBag from /home/airflow/.local/lib/python3.7/site-packages/airflow/example_dags/example_kubernetes_executor.py
[2023-10-27 05:29:52,127] {processor.py:651} INFO - DAG(s) dict_keys(['example_kubernetes_executor']) retrieved from /home/airflow/.local/lib/python3.7/site-packages/airflow/example_dags/example_kubernetes_executor.py
[2023-10-27 05:29:52,317] {logging_mixin.py:115} INFO - [2023-10-27 05:29:52,317] {dag.py:2420} INFO - Sync 1 DAGs
[2023-10-27 05:29:52,340] {logging_mixin.py:115} INFO - [2023-10-27 05:29:52,340] {dag.py:2972} INFO - Setting next_dagrun for example_kubernetes_executor to None, run_after=None
[2023-10-27 05:29:52,353] {processor.py:161} INFO - Processing /home/airflow/.local/lib/python3.7/site-packages/airflow/example_dags/example_kubernetes_executor.py took 0.263 seconds
[2023-10-27 05:30:23,553] {processor.py:153} INFO - Started process (PID=287) to work on /home/airflow/.local/lib/python3.7/site-packages/airflow/example_dags/example_kubernetes_executor.py
[2023-10-27 05:30:23,554] {processor.py:641} INFO - Processing file /home/airflow/.local/lib/python3.7/site-packages/airflow/example_dags/example_kubernetes_executor.py for tasks to queue
[2023-10-27 05:30:23,554] {logging_mixin.py:115} INFO - [2023-10-27 05:30:23,554] {dagbag.py:508} INFO - Filling up the DagBag from /home/airflow/.local/lib/python3.7/site-packages/airflow/example_dags/example_kubernetes_executor.py
[2023-10-27 05:30:23,586] {processor.py:651} INFO - DAG(s) dict_keys(['example_kubernetes_executor']) retrieved from /home/airflow/.local/lib/python3.7/site-packages/airflow/example_dags/example_kubernetes_executor.py
[2023-10-27 05:30:23,785] {logging_mixin.py:115} INFO - [2023-10-27 05:30:23,785] {dag.py:2420} INFO - Sync 1 DAGs
[2023-10-27 05:30:23,808] {logging_mixin.py:115} INFO - [2023-10-27 05:30:23,807] {dag.py:2972} INFO - Setting next_dagrun for example_kubernetes_executor to None, run_after=None
[2023-10-27 05:30:23,819] {processor.py:161} INFO - Processing /home/airflow/.local/lib/python3.7/site-packages/airflow/example_dags/example_kubernetes_executor.py took 0.270 seconds
[2023-10-27 05:30:53,942] {processor.py:153} INFO - Started process (PID=348) to work on /home/airflow/.local/lib/python3.7/site-packages/airflow/example_dags/example_kubernetes_executor.py
[2023-10-27 05:30:53,943] {processor.py:641} INFO - Processing file /home/airflow/.local/lib/python3.7/site-packages/airflow/example_dags/example_kubernetes_executor.py for tasks to queue
[2023-10-27 05:30:53,944] {logging_mixin.py:115} INFO - [2023-10-27 05:30:53,944] {dagbag.py:508} INFO - Filling up the DagBag from /home/airflow/.local/lib/python3.7/site-packages/airflow/example_dags/example_kubernetes_executor.py
[2023-10-27 05:30:53,977] {processor.py:651} INFO - DAG(s) dict_keys(['example_kubernetes_executor']) retrieved from /home/airflow/.local/lib/python3.7/site-packages/airflow/example_dags/example_kubernetes_executor.py
[2023-10-27 05:30:59,160] {logging_mixin.py:115} INFO - [2023-10-27 05:30:59,159] {dag.py:2420} INFO - Sync 1 DAGs
[2023-10-27 05:30:59,182] {logging_mixin.py:115} INFO - [2023-10-27 05:30:59,182] {dag.py:2972} INFO - Setting next_dagrun for example_kubernetes_executor to None, run_after=None
[2023-10-27 05:30:59,194] {processor.py:161} INFO - Processing /home/airflow/.local/lib/python3.7/site-packages/airflow/example_dags/example_kubernetes_executor.py took 5.256 seconds
[2023-10-27 05:31:29,507] {processor.py:153} INFO - Started process (PID=413) to work on /home/airflow/.local/lib/python3.7/site-packages/airflow/example_dags/example_kubernetes_executor.py
[2023-10-27 05:31:29,508] {processor.py:641} INFO - Processing file /home/airflow/.local/lib/python3.7/site-packages/airflow/example_dags/example_kubernetes_executor.py for tasks to queue
[2023-10-27 05:31:29,509] {logging_mixin.py:115} INFO - [2023-10-27 05:31:29,509] {dagbag.py:508} INFO - Filling up the DagBag from /home/airflow/.local/lib/python3.7/site-packages/airflow/example_dags/example_kubernetes_executor.py
[2023-10-27 05:31:29,541] {processor.py:651} INFO - DAG(s) dict_keys(['example_kubernetes_executor']) retrieved from /home/airflow/.local/lib/python3.7/site-packages/airflow/example_dags/example_kubernetes_executor.py
[2023-10-27 05:31:29,723] {logging_mixin.py:115} INFO - [2023-10-27 05:31:29,723] {dag.py:2420} INFO - Sync 1 DAGs
[2023-10-27 05:31:29,745] {logging_mixin.py:115} INFO - [2023-10-27 05:31:29,745] {dag.py:2972} INFO - Setting next_dagrun for example_kubernetes_executor to None, run_after=None
[2023-10-27 05:31:29,757] {processor.py:161} INFO - Processing /home/airflow/.local/lib/python3.7/site-packages/airflow/example_dags/example_kubernetes_executor.py took 0.254 seconds
[2023-10-27 05:32:00,230] {processor.py:153} INFO - Started process (PID=474) to work on /home/airflow/.local/lib/python3.7/site-packages/airflow/example_dags/example_kubernetes_executor.py
[2023-10-27 05:32:00,231] {processor.py:641} INFO - Processing file /home/airflow/.local/lib/python3.7/site-packages/airflow/example_dags/example_kubernetes_executor.py for tasks to queue
[2023-10-27 05:32:00,232] {logging_mixin.py:115} INFO - [2023-10-27 05:32:00,232] {dagbag.py:508} INFO - Filling up the DagBag from /home/airflow/.local/lib/python3.7/site-packages/airflow/example_dags/example_kubernetes_executor.py
[2023-10-27 05:32:00,263] {processor.py:651} INFO - DAG(s) dict_keys(['example_kubernetes_executor']) retrieved from /home/airflow/.local/lib/python3.7/site-packages/airflow/example_dags/example_kubernetes_executor.py
[2023-10-27 05:32:00,448] {logging_mixin.py:115} INFO - [2023-10-27 05:32:00,448] {dag.py:2420} INFO - Sync 1 DAGs
[2023-10-27 05:32:00,470] {logging_mixin.py:115} INFO - [2023-10-27 05:32:00,470] {dag.py:2972} INFO - Setting next_dagrun for example_kubernetes_executor to None, run_after=None
[2023-10-27 05:32:00,482] {processor.py:161} INFO - Processing /home/airflow/.local/lib/python3.7/site-packages/airflow/example_dags/example_kubernetes_executor.py took 0.255 seconds
[2023-10-27 05:32:30,638] {processor.py:153} INFO - Started process (PID=526) to work on /home/airflow/.local/lib/python3.7/site-packages/airflow/example_dags/example_kubernetes_executor.py
[2023-10-27 05:32:30,639] {processor.py:641} INFO - Processing file /home/airflow/.local/lib/python3.7/site-packages/airflow/example_dags/example_kubernetes_executor.py for tasks to queue
[2023-10-27 05:32:30,640] {logging_mixin.py:115} INFO - [2023-10-27 05:32:30,639] {dagbag.py:508} INFO - Filling up the DagBag from /home/airflow/.local/lib/python3.7/site-packages/airflow/example_dags/example_kubernetes_executor.py
[2023-10-27 05:32:30,672] {processor.py:651} INFO - DAG(s) dict_keys(['example_kubernetes_executor']) retrieved from /home/airflow/.local/lib/python3.7/site-packages/airflow/example_dags/example_kubernetes_executor.py
[2023-10-27 05:32:30,861] {logging_mixin.py:115} INFO - [2023-10-27 05:32:30,861] {dag.py:2420} INFO - Sync 1 DAGs
[2023-10-27 05:32:30,884] {logging_mixin.py:115} INFO - [2023-10-27 05:32:30,884] {dag.py:2972} INFO - Setting next_dagrun for example_kubernetes_executor to None, run_after=None
[2023-10-27 05:32:30,895] {processor.py:161} INFO - Processing /home/airflow/.local/lib/python3.7/site-packages/airflow/example_dags/example_kubernetes_executor.py took 0.265 seconds
[2023-10-27 05:33:01,076] {processor.py:153} INFO - Started process (PID=587) to work on /home/airflow/.local/lib/python3.7/site-packages/airflow/example_dags/example_kubernetes_executor.py
[2023-10-27 05:33:01,077] {processor.py:641} INFO - Processing file /home/airflow/.local/lib/python3.7/site-packages/airflow/example_dags/example_kubernetes_executor.py for tasks to queue
[2023-10-27 05:33:01,077] {logging_mixin.py:115} INFO - [2023-10-27 05:33:01,077] {dagbag.py:508} INFO - Filling up the DagBag from /home/airflow/.local/lib/python3.7/site-packages/airflow/example_dags/example_kubernetes_executor.py
[2023-10-27 05:33:01,109] {processor.py:651} INFO - DAG(s) dict_keys(['example_kubernetes_executor']) retrieved from /home/airflow/.local/lib/python3.7/site-packages/airflow/example_dags/example_kubernetes_executor.py
[2023-10-27 05:33:01,297] {logging_mixin.py:115} INFO - [2023-10-27 05:33:01,297] {dag.py:2420} INFO - Sync 1 DAGs
[2023-10-27 05:33:01,322] {logging_mixin.py:115} INFO - [2023-10-27 05:33:01,322] {dag.py:2972} INFO - Setting next_dagrun for example_kubernetes_executor to None, run_after=None
[2023-10-27 05:33:01,339] {processor.py:161} INFO - Processing /home/airflow/.local/lib/python3.7/site-packages/airflow/example_dags/example_kubernetes_executor.py took 0.267 seconds
[2023-10-27 05:33:31,928] {processor.py:153} INFO - Started process (PID=639) to work on /home/airflow/.local/lib/python3.7/site-packages/airflow/example_dags/example_kubernetes_executor.py
[2023-10-27 05:33:31,929] {processor.py:641} INFO - Processing file /home/airflow/.local/lib/python3.7/site-packages/airflow/example_dags/example_kubernetes_executor.py for tasks to queue
[2023-10-27 05:33:31,929] {logging_mixin.py:115} INFO - [2023-10-27 05:33:31,929] {dagbag.py:508} INFO - Filling up the DagBag from /home/airflow/.local/lib/python3.7/site-packages/airflow/example_dags/example_kubernetes_executor.py
[2023-10-27 05:33:31,974] {processor.py:651} INFO - DAG(s) dict_keys(['example_kubernetes_executor']) retrieved from /home/airflow/.local/lib/python3.7/site-packages/airflow/example_dags/example_kubernetes_executor.py
[2023-10-27 05:33:32,154] {logging_mixin.py:115} INFO - [2023-10-27 05:33:32,154] {dag.py:2420} INFO - Sync 1 DAGs
[2023-10-27 05:33:32,176] {logging_mixin.py:115} INFO - [2023-10-27 05:33:32,176] {dag.py:2972} INFO - Setting next_dagrun for example_kubernetes_executor to None, run_after=None
[2023-10-27 05:33:32,188] {processor.py:161} INFO - Processing /home/airflow/.local/lib/python3.7/site-packages/airflow/example_dags/example_kubernetes_executor.py took 0.264 seconds
[2023-10-27 05:34:02,741] {processor.py:153} INFO - Started process (PID=700) to work on /home/airflow/.local/lib/python3.7/site-packages/airflow/example_dags/example_kubernetes_executor.py
[2023-10-27 05:34:02,742] {processor.py:641} INFO - Processing file /home/airflow/.local/lib/python3.7/site-packages/airflow/example_dags/example_kubernetes_executor.py for tasks to queue
[2023-10-27 05:34:02,743] {logging_mixin.py:115} INFO - [2023-10-27 05:34:02,743] {dagbag.py:508} INFO - Filling up the DagBag from /home/airflow/.local/lib/python3.7/site-packages/airflow/example_dags/example_kubernetes_executor.py
[2023-10-27 05:34:02,775] {processor.py:651} INFO - DAG(s) dict_keys(['example_kubernetes_executor']) retrieved from /home/airflow/.local/lib/python3.7/site-packages/airflow/example_dags/example_kubernetes_executor.py
[2023-10-27 05:34:02,964] {logging_mixin.py:115} INFO - [2023-10-27 05:34:02,963] {dag.py:2420} INFO - Sync 1 DAGs
[2023-10-27 05:34:02,986] {logging_mixin.py:115} INFO - [2023-10-27 05:34:02,986] {dag.py:2972} INFO - Setting next_dagrun for example_kubernetes_executor to None, run_after=None
[2023-10-27 05:34:02,999] {processor.py:161} INFO - Processing /home/airflow/.local/lib/python3.7/site-packages/airflow/example_dags/example_kubernetes_executor.py took 0.262 seconds
[2023-10-27 05:34:33,182] {processor.py:153} INFO - Started process (PID=762) to work on /home/airflow/.local/lib/python3.7/site-packages/airflow/example_dags/example_kubernetes_executor.py
[2023-10-27 05:34:33,183] {processor.py:641} INFO - Processing file /home/airflow/.local/lib/python3.7/site-packages/airflow/example_dags/example_kubernetes_executor.py for tasks to queue
[2023-10-27 05:34:33,184] {logging_mixin.py:115} INFO - [2023-10-27 05:34:33,183] {dagbag.py:508} INFO - Filling up the DagBag from /home/airflow/.local/lib/python3.7/site-packages/airflow/example_dags/example_kubernetes_executor.py
[2023-10-27 05:34:33,371] {processor.py:651} INFO - DAG(s) dict_keys(['example_kubernetes_executor']) retrieved from /home/airflow/.local/lib/python3.7/site-packages/airflow/example_dags/example_kubernetes_executor.py
[2023-10-27 05:34:33,396] {logging_mixin.py:115} INFO - [2023-10-27 05:34:33,396] {dag.py:2420} INFO - Sync 1 DAGs
[2023-10-27 05:34:33,418] {logging_mixin.py:115} INFO - [2023-10-27 05:34:33,418] {dag.py:2972} INFO - Setting next_dagrun for example_kubernetes_executor to None, run_after=None
[2023-10-27 05:34:33,429] {processor.py:161} INFO - Processing /home/airflow/.local/lib/python3.7/site-packages/airflow/example_dags/example_kubernetes_executor.py took 0.251 seconds
[2023-10-27 05:35:03,925] {processor.py:153} INFO - Started process (PID=812) to work on /home/airflow/.local/lib/python3.7/site-packages/airflow/example_dags/example_kubernetes_executor.py
[2023-10-27 05:35:03,926] {processor.py:641} INFO - Processing file /home/airflow/.local/lib/python3.7/site-packages/airflow/example_dags/example_kubernetes_executor.py for tasks to queue
[2023-10-27 05:35:03,927] {logging_mixin.py:115} INFO - [2023-10-27 05:35:03,927] {dagbag.py:508} INFO - Filling up the DagBag from /home/airflow/.local/lib/python3.7/site-packages/airflow/example_dags/example_kubernetes_executor.py
[2023-10-27 05:35:03,959] {processor.py:651} INFO - DAG(s) dict_keys(['example_kubernetes_executor']) retrieved from /home/airflow/.local/lib/python3.7/site-packages/airflow/example_dags/example_kubernetes_executor.py
[2023-10-27 05:35:04,154] {logging_mixin.py:115} INFO - [2023-10-27 05:35:04,154] {dag.py:2420} INFO - Sync 1 DAGs
[2023-10-27 05:35:04,180] {logging_mixin.py:115} INFO - [2023-10-27 05:35:04,180] {dag.py:2972} INFO - Setting next_dagrun for example_kubernetes_executor to None, run_after=None
[2023-10-27 05:35:04,192] {processor.py:161} INFO - Processing /home/airflow/.local/lib/python3.7/site-packages/airflow/example_dags/example_kubernetes_executor.py took 0.271 seconds
[2023-10-27 05:35:34,263] {processor.py:153} INFO - Started process (PID=874) to work on /home/airflow/.local/lib/python3.7/site-packages/airflow/example_dags/example_kubernetes_executor.py
[2023-10-27 05:35:34,264] {processor.py:641} INFO - Processing file /home/airflow/.local/lib/python3.7/site-packages/airflow/example_dags/example_kubernetes_executor.py for tasks to queue
[2023-10-27 05:35:34,265] {logging_mixin.py:115} INFO - [2023-10-27 05:35:34,265] {dagbag.py:508} INFO - Filling up the DagBag from /home/airflow/.local/lib/python3.7/site-packages/airflow/example_dags/example_kubernetes_executor.py
[2023-10-27 05:35:34,297] {processor.py:651} INFO - DAG(s) dict_keys(['example_kubernetes_executor']) retrieved from /home/airflow/.local/lib/python3.7/site-packages/airflow/example_dags/example_kubernetes_executor.py
[2023-10-27 05:35:34,481] {logging_mixin.py:115} INFO - [2023-10-27 05:35:34,481] {dag.py:2420} INFO - Sync 1 DAGs
[2023-10-27 05:35:34,503] {logging_mixin.py:115} INFO - [2023-10-27 05:35:34,503] {dag.py:2972} INFO - Setting next_dagrun for example_kubernetes_executor to None, run_after=None
[2023-10-27 05:35:34,518] {processor.py:161} INFO - Processing /home/airflow/.local/lib/python3.7/site-packages/airflow/example_dags/example_kubernetes_executor.py took 0.258 seconds
[2023-10-27 05:36:05,116] {processor.py:153} INFO - Started process (PID=935) to work on /home/airflow/.local/lib/python3.7/site-packages/airflow/example_dags/example_kubernetes_executor.py
[2023-10-27 05:36:05,117] {processor.py:641} INFO - Processing file /home/airflow/.local/lib/python3.7/site-packages/airflow/example_dags/example_kubernetes_executor.py for tasks to queue
[2023-10-27 05:36:05,118] {logging_mixin.py:115} INFO - [2023-10-27 05:36:05,118] {dagbag.py:508} INFO - Filling up the DagBag from /home/airflow/.local/lib/python3.7/site-packages/airflow/example_dags/example_kubernetes_executor.py
[2023-10-27 05:36:05,152] {processor.py:651} INFO - DAG(s) dict_keys(['example_kubernetes_executor']) retrieved from /home/airflow/.local/lib/python3.7/site-packages/airflow/example_dags/example_kubernetes_executor.py
[2023-10-27 05:36:05,341] {logging_mixin.py:115} INFO - [2023-10-27 05:36:05,341] {dag.py:2420} INFO - Sync 1 DAGs
[2023-10-27 05:36:05,364] {logging_mixin.py:115} INFO - [2023-10-27 05:36:05,364] {dag.py:2972} INFO - Setting next_dagrun for example_kubernetes_executor to None, run_after=None
[2023-10-27 05:36:05,381] {processor.py:161} INFO - Processing /home/airflow/.local/lib/python3.7/site-packages/airflow/example_dags/example_kubernetes_executor.py took 0.269 seconds
[2023-10-27 05:36:35,463] {processor.py:153} INFO - Started process (PID=986) to work on /home/airflow/.local/lib/python3.7/site-packages/airflow/example_dags/example_kubernetes_executor.py
[2023-10-27 05:36:35,464] {processor.py:641} INFO - Processing file /home/airflow/.local/lib/python3.7/site-packages/airflow/example_dags/example_kubernetes_executor.py for tasks to queue
[2023-10-27 05:36:35,464] {logging_mixin.py:115} INFO - [2023-10-27 05:36:35,464] {dagbag.py:508} INFO - Filling up the DagBag from /home/airflow/.local/lib/python3.7/site-packages/airflow/example_dags/example_kubernetes_executor.py
[2023-10-27 05:36:35,496] {processor.py:651} INFO - DAG(s) dict_keys(['example_kubernetes_executor']) retrieved from /home/airflow/.local/lib/python3.7/site-packages/airflow/example_dags/example_kubernetes_executor.py
[2023-10-27 05:36:35,687] {logging_mixin.py:115} INFO - [2023-10-27 05:36:35,687] {dag.py:2420} INFO - Sync 1 DAGs
[2023-10-27 05:36:35,710] {logging_mixin.py:115} INFO - [2023-10-27 05:36:35,710] {dag.py:2972} INFO - Setting next_dagrun for example_kubernetes_executor to None, run_after=None
[2023-10-27 05:36:35,722] {processor.py:161} INFO - Processing /home/airflow/.local/lib/python3.7/site-packages/airflow/example_dags/example_kubernetes_executor.py took 0.263 seconds
[2023-10-27 05:37:05,855] {processor.py:153} INFO - Started process (PID=1046) to work on /home/airflow/.local/lib/python3.7/site-packages/airflow/example_dags/example_kubernetes_executor.py
[2023-10-27 05:37:05,856] {processor.py:641} INFO - Processing file /home/airflow/.local/lib/python3.7/site-packages/airflow/example_dags/example_kubernetes_executor.py for tasks to queue
[2023-10-27 05:37:05,857] {logging_mixin.py:115} INFO - [2023-10-27 05:37:05,857] {dagbag.py:508} INFO - Filling up the DagBag from /home/airflow/.local/lib/python3.7/site-packages/airflow/example_dags/example_kubernetes_executor.py
[2023-10-27 05:37:05,890] {processor.py:651} INFO - DAG(s) dict_keys(['example_kubernetes_executor']) retrieved from /home/airflow/.local/lib/python3.7/site-packages/airflow/example_dags/example_kubernetes_executor.py
[2023-10-27 05:37:06,088] {logging_mixin.py:115} INFO - [2023-10-27 05:37:06,088] {dag.py:2420} INFO - Sync 1 DAGs
[2023-10-27 05:37:06,111] {logging_mixin.py:115} INFO - [2023-10-27 05:37:06,111] {dag.py:2972} INFO - Setting next_dagrun for example_kubernetes_executor to None, run_after=None
[2023-10-27 05:37:06,123] {processor.py:161} INFO - Processing /home/airflow/.local/lib/python3.7/site-packages/airflow/example_dags/example_kubernetes_executor.py took 0.272 seconds
[2023-10-27 05:37:36,304] {processor.py:153} INFO - Started process (PID=1098) to work on /home/airflow/.local/lib/python3.7/site-packages/airflow/example_dags/example_kubernetes_executor.py
[2023-10-27 05:37:36,305] {processor.py:641} INFO - Processing file /home/airflow/.local/lib/python3.7/site-packages/airflow/example_dags/example_kubernetes_executor.py for tasks to queue
[2023-10-27 05:37:36,306] {logging_mixin.py:115} INFO - [2023-10-27 05:37:36,306] {dagbag.py:508} INFO - Filling up the DagBag from /home/airflow/.local/lib/python3.7/site-packages/airflow/example_dags/example_kubernetes_executor.py
[2023-10-27 05:37:36,495] {processor.py:651} INFO - DAG(s) dict_keys(['example_kubernetes_executor']) retrieved from /home/airflow/.local/lib/python3.7/site-packages/airflow/example_dags/example_kubernetes_executor.py
[2023-10-27 05:37:36,520] {logging_mixin.py:115} INFO - [2023-10-27 05:37:36,520] {dag.py:2420} INFO - Sync 1 DAGs
[2023-10-27 05:37:36,542] {logging_mixin.py:115} INFO - [2023-10-27 05:37:36,542] {dag.py:2972} INFO - Setting next_dagrun for example_kubernetes_executor to None, run_after=None
[2023-10-27 05:37:36,554] {processor.py:161} INFO - Processing /home/airflow/.local/lib/python3.7/site-packages/airflow/example_dags/example_kubernetes_executor.py took 0.254 seconds
[2023-10-27 05:38:06,709] {processor.py:153} INFO - Started process (PID=1159) to work on /home/airflow/.local/lib/python3.7/site-packages/airflow/example_dags/example_kubernetes_executor.py
[2023-10-27 05:38:06,710] {processor.py:641} INFO - Processing file /home/airflow/.local/lib/python3.7/site-packages/airflow/example_dags/example_kubernetes_executor.py for tasks to queue
[2023-10-27 05:38:06,710] {logging_mixin.py:115} INFO - [2023-10-27 05:38:06,710] {dagbag.py:508} INFO - Filling up the DagBag from /home/airflow/.local/lib/python3.7/site-packages/airflow/example_dags/example_kubernetes_executor.py
[2023-10-27 05:38:06,741] {processor.py:651} INFO - DAG(s) dict_keys(['example_kubernetes_executor']) retrieved from /home/airflow/.local/lib/python3.7/site-packages/airflow/example_dags/example_kubernetes_executor.py
[2023-10-27 05:38:06,923] {logging_mixin.py:115} INFO - [2023-10-27 05:38:06,923] {dag.py:2420} INFO - Sync 1 DAGs
[2023-10-27 05:38:06,946] {logging_mixin.py:115} INFO - [2023-10-27 05:38:06,946] {dag.py:2972} INFO - Setting next_dagrun for example_kubernetes_executor to None, run_after=None
[2023-10-27 05:38:06,958] {processor.py:161} INFO - Processing /home/airflow/.local/lib/python3.7/site-packages/airflow/example_dags/example_kubernetes_executor.py took 0.253 seconds
[2023-10-27 05:38:37,238] {processor.py:153} INFO - Started process (PID=1220) to work on /home/airflow/.local/lib/python3.7/site-packages/airflow/example_dags/example_kubernetes_executor.py
[2023-10-27 05:38:37,238] {processor.py:641} INFO - Processing file /home/airflow/.local/lib/python3.7/site-packages/airflow/example_dags/example_kubernetes_executor.py for tasks to queue
[2023-10-27 05:38:37,239] {logging_mixin.py:115} INFO - [2023-10-27 05:38:37,239] {dagbag.py:508} INFO - Filling up the DagBag from /home/airflow/.local/lib/python3.7/site-packages/airflow/example_dags/example_kubernetes_executor.py
[2023-10-27 05:38:37,434] {processor.py:651} INFO - DAG(s) dict_keys(['example_kubernetes_executor']) retrieved from /home/airflow/.local/lib/python3.7/site-packages/airflow/example_dags/example_kubernetes_executor.py
[2023-10-27 05:38:37,460] {logging_mixin.py:115} INFO - [2023-10-27 05:38:37,459] {dag.py:2420} INFO - Sync 1 DAGs
[2023-10-27 05:38:37,482] {logging_mixin.py:115} INFO - [2023-10-27 05:38:37,482] {dag.py:2972} INFO - Setting next_dagrun for example_kubernetes_executor to None, run_after=None
[2023-10-27 05:38:37,494] {processor.py:161} INFO - Processing /home/airflow/.local/lib/python3.7/site-packages/airflow/example_dags/example_kubernetes_executor.py took 0.260 seconds
[2023-10-27 05:39:07,700] {processor.py:153} INFO - Started process (PID=1273) to work on /home/airflow/.local/lib/python3.7/site-packages/airflow/example_dags/example_kubernetes_executor.py
[2023-10-27 05:39:07,700] {processor.py:641} INFO - Processing file /home/airflow/.local/lib/python3.7/site-packages/airflow/example_dags/example_kubernetes_executor.py for tasks to queue
[2023-10-27 05:39:07,701] {logging_mixin.py:115} INFO - [2023-10-27 05:39:07,701] {dagbag.py:508} INFO - Filling up the DagBag from /home/airflow/.local/lib/python3.7/site-packages/airflow/example_dags/example_kubernetes_executor.py
[2023-10-27 05:39:07,906] {processor.py:651} INFO - DAG(s) dict_keys(['example_kubernetes_executor']) retrieved from /home/airflow/.local/lib/python3.7/site-packages/airflow/example_dags/example_kubernetes_executor.py
[2023-10-27 05:39:07,931] {logging_mixin.py:115} INFO - [2023-10-27 05:39:07,931] {dag.py:2420} INFO - Sync 1 DAGs
[2023-10-27 05:39:07,953] {logging_mixin.py:115} INFO - [2023-10-27 05:39:07,953] {dag.py:2972} INFO - Setting next_dagrun for example_kubernetes_executor to None, run_after=None
[2023-10-27 05:39:07,965] {processor.py:161} INFO - Processing /home/airflow/.local/lib/python3.7/site-packages/airflow/example_dags/example_kubernetes_executor.py took 0.270 seconds
[2023-10-27 05:39:38,319] {processor.py:153} INFO - Started process (PID=1332) to work on /home/airflow/.local/lib/python3.7/site-packages/airflow/example_dags/example_kubernetes_executor.py
[2023-10-27 05:39:38,320] {processor.py:641} INFO - Processing file /home/airflow/.local/lib/python3.7/site-packages/airflow/example_dags/example_kubernetes_executor.py for tasks to queue
[2023-10-27 05:39:38,320] {logging_mixin.py:115} INFO - [2023-10-27 05:39:38,320] {dagbag.py:508} INFO - Filling up the DagBag from /home/airflow/.local/lib/python3.7/site-packages/airflow/example_dags/example_kubernetes_executor.py
[2023-10-27 05:39:38,517] {processor.py:651} INFO - DAG(s) dict_keys(['example_kubernetes_executor']) retrieved from /home/airflow/.local/lib/python3.7/site-packages/airflow/example_dags/example_kubernetes_executor.py
[2023-10-27 05:39:38,543] {logging_mixin.py:115} INFO - [2023-10-27 05:39:38,542] {dag.py:2420} INFO - Sync 1 DAGs
[2023-10-27 05:39:38,564] {logging_mixin.py:115} INFO - [2023-10-27 05:39:38,564] {dag.py:2972} INFO - Setting next_dagrun for example_kubernetes_executor to None, run_after=None
[2023-10-27 05:39:38,576] {processor.py:161} INFO - Processing /home/airflow/.local/lib/python3.7/site-packages/airflow/example_dags/example_kubernetes_executor.py took 0.261 seconds
[2023-10-27 05:40:09,178] {processor.py:153} INFO - Started process (PID=1384) to work on /home/airflow/.local/lib/python3.7/site-packages/airflow/example_dags/example_kubernetes_executor.py
[2023-10-27 05:40:09,179] {processor.py:641} INFO - Processing file /home/airflow/.local/lib/python3.7/site-packages/airflow/example_dags/example_kubernetes_executor.py for tasks to queue
[2023-10-27 05:40:09,180] {logging_mixin.py:115} INFO - [2023-10-27 05:40:09,180] {dagbag.py:508} INFO - Filling up the DagBag from /home/airflow/.local/lib/python3.7/site-packages/airflow/example_dags/example_kubernetes_executor.py
[2023-10-27 05:40:09,384] {processor.py:651} INFO - DAG(s) dict_keys(['example_kubernetes_executor']) retrieved from /home/airflow/.local/lib/python3.7/site-packages/airflow/example_dags/example_kubernetes_executor.py
[2023-10-27 05:40:09,413] {logging_mixin.py:115} INFO - [2023-10-27 05:40:09,413] {dag.py:2420} INFO - Sync 1 DAGs
[2023-10-27 05:40:09,438] {logging_mixin.py:115} INFO - [2023-10-27 05:40:09,438] {dag.py:2972} INFO - Setting next_dagrun for example_kubernetes_executor to None, run_after=None
[2023-10-27 05:40:09,452] {processor.py:161} INFO - Processing /home/airflow/.local/lib/python3.7/site-packages/airflow/example_dags/example_kubernetes_executor.py took 0.278 seconds
[2023-10-27 05:40:39,497] {processor.py:153} INFO - Started process (PID=1446) to work on /home/airflow/.local/lib/python3.7/site-packages/airflow/example_dags/example_kubernetes_executor.py
[2023-10-27 05:40:39,498] {processor.py:641} INFO - Processing file /home/airflow/.local/lib/python3.7/site-packages/airflow/example_dags/example_kubernetes_executor.py for tasks to queue
[2023-10-27 05:40:39,499] {logging_mixin.py:115} INFO - [2023-10-27 05:40:39,499] {dagbag.py:508} INFO - Filling up the DagBag from /home/airflow/.local/lib/python3.7/site-packages/airflow/example_dags/example_kubernetes_executor.py
[2023-10-27 05:40:39,693] {processor.py:651} INFO - DAG(s) dict_keys(['example_kubernetes_executor']) retrieved from /home/airflow/.local/lib/python3.7/site-packages/airflow/example_dags/example_kubernetes_executor.py
[2023-10-27 05:40:39,718] {logging_mixin.py:115} INFO - [2023-10-27 05:40:39,718] {dag.py:2420} INFO - Sync 1 DAGs
[2023-10-27 05:40:39,742] {logging_mixin.py:115} INFO - [2023-10-27 05:40:39,742] {dag.py:2972} INFO - Setting next_dagrun for example_kubernetes_executor to None, run_after=None
[2023-10-27 05:40:39,754] {processor.py:161} INFO - Processing /home/airflow/.local/lib/python3.7/site-packages/airflow/example_dags/example_kubernetes_executor.py took 0.261 seconds
[2023-10-27 05:41:09,919] {processor.py:153} INFO - Started process (PID=1506) to work on /home/airflow/.local/lib/python3.7/site-packages/airflow/example_dags/example_kubernetes_executor.py
[2023-10-27 05:41:09,920] {processor.py:641} INFO - Processing file /home/airflow/.local/lib/python3.7/site-packages/airflow/example_dags/example_kubernetes_executor.py for tasks to queue
[2023-10-27 05:41:09,920] {logging_mixin.py:115} INFO - [2023-10-27 05:41:09,920] {dagbag.py:508} INFO - Filling up the DagBag from /home/airflow/.local/lib/python3.7/site-packages/airflow/example_dags/example_kubernetes_executor.py
[2023-10-27 05:41:10,104] {processor.py:651} INFO - DAG(s) dict_keys(['example_kubernetes_executor']) retrieved from /home/airflow/.local/lib/python3.7/site-packages/airflow/example_dags/example_kubernetes_executor.py
[2023-10-27 05:41:10,129] {logging_mixin.py:115} INFO - [2023-10-27 05:41:10,129] {dag.py:2420} INFO - Sync 1 DAGs
[2023-10-27 05:41:10,150] {logging_mixin.py:115} INFO - [2023-10-27 05:41:10,150] {dag.py:2972} INFO - Setting next_dagrun for example_kubernetes_executor to None, run_after=None
[2023-10-27 05:41:10,161] {processor.py:161} INFO - Processing /home/airflow/.local/lib/python3.7/site-packages/airflow/example_dags/example_kubernetes_executor.py took 0.246 seconds
[2023-10-27 05:41:40,920] {processor.py:153} INFO - Started process (PID=1558) to work on /home/airflow/.local/lib/python3.7/site-packages/airflow/example_dags/example_kubernetes_executor.py
[2023-10-27 05:41:40,920] {processor.py:641} INFO - Processing file /home/airflow/.local/lib/python3.7/site-packages/airflow/example_dags/example_kubernetes_executor.py for tasks to queue
[2023-10-27 05:41:40,921] {logging_mixin.py:115} INFO - [2023-10-27 05:41:40,921] {dagbag.py:508} INFO - Filling up the DagBag from /home/airflow/.local/lib/python3.7/site-packages/airflow/example_dags/example_kubernetes_executor.py
[2023-10-27 05:41:41,117] {processor.py:651} INFO - DAG(s) dict_keys(['example_kubernetes_executor']) retrieved from /home/airflow/.local/lib/python3.7/site-packages/airflow/example_dags/example_kubernetes_executor.py
[2023-10-27 05:41:41,143] {logging_mixin.py:115} INFO - [2023-10-27 05:41:41,143] {dag.py:2420} INFO - Sync 1 DAGs
[2023-10-27 05:41:41,165] {logging_mixin.py:115} INFO - [2023-10-27 05:41:41,165] {dag.py:2972} INFO - Setting next_dagrun for example_kubernetes_executor to None, run_after=None
[2023-10-27 05:41:41,177] {processor.py:161} INFO - Processing /home/airflow/.local/lib/python3.7/site-packages/airflow/example_dags/example_kubernetes_executor.py took 0.261 seconds
[2023-10-27 05:42:11,693] {processor.py:153} INFO - Started process (PID=1610) to work on /home/airflow/.local/lib/python3.7/site-packages/airflow/example_dags/example_kubernetes_executor.py
[2023-10-27 05:42:11,694] {processor.py:641} INFO - Processing file /home/airflow/.local/lib/python3.7/site-packages/airflow/example_dags/example_kubernetes_executor.py for tasks to queue
[2023-10-27 05:42:11,694] {logging_mixin.py:115} INFO - [2023-10-27 05:42:11,694] {dagbag.py:508} INFO - Filling up the DagBag from /home/airflow/.local/lib/python3.7/site-packages/airflow/example_dags/example_kubernetes_executor.py
[2023-10-27 05:42:11,900] {processor.py:651} INFO - DAG(s) dict_keys(['example_kubernetes_executor']) retrieved from /home/airflow/.local/lib/python3.7/site-packages/airflow/example_dags/example_kubernetes_executor.py
[2023-10-27 05:42:11,925] {logging_mixin.py:115} INFO - [2023-10-27 05:42:11,924] {dag.py:2420} INFO - Sync 1 DAGs
[2023-10-27 05:42:11,947] {logging_mixin.py:115} INFO - [2023-10-27 05:42:11,947] {dag.py:2972} INFO - Setting next_dagrun for example_kubernetes_executor to None, run_after=None
[2023-10-27 05:42:11,962] {processor.py:161} INFO - Processing /home/airflow/.local/lib/python3.7/site-packages/airflow/example_dags/example_kubernetes_executor.py took 0.272 seconds
[2023-10-27 05:42:42,465] {processor.py:153} INFO - Started process (PID=1670) to work on /home/airflow/.local/lib/python3.7/site-packages/airflow/example_dags/example_kubernetes_executor.py
[2023-10-27 05:42:42,466] {processor.py:641} INFO - Processing file /home/airflow/.local/lib/python3.7/site-packages/airflow/example_dags/example_kubernetes_executor.py for tasks to queue
[2023-10-27 05:42:42,466] {logging_mixin.py:115} INFO - [2023-10-27 05:42:42,466] {dagbag.py:508} INFO - Filling up the DagBag from /home/airflow/.local/lib/python3.7/site-packages/airflow/example_dags/example_kubernetes_executor.py
[2023-10-27 05:42:42,662] {processor.py:651} INFO - DAG(s) dict_keys(['example_kubernetes_executor']) retrieved from /home/airflow/.local/lib/python3.7/site-packages/airflow/example_dags/example_kubernetes_executor.py
[2023-10-27 05:42:42,688] {logging_mixin.py:115} INFO - [2023-10-27 05:42:42,688] {dag.py:2420} INFO - Sync 1 DAGs
[2023-10-27 05:42:42,710] {logging_mixin.py:115} INFO - [2023-10-27 05:42:42,710] {dag.py:2972} INFO - Setting next_dagrun for example_kubernetes_executor to None, run_after=None
[2023-10-27 05:42:42,722] {processor.py:161} INFO - Processing /home/airflow/.local/lib/python3.7/site-packages/airflow/example_dags/example_kubernetes_executor.py took 0.261 seconds
[2023-10-27 05:43:12,822] {processor.py:153} INFO - Started process (PID=1731) to work on /home/airflow/.local/lib/python3.7/site-packages/airflow/example_dags/example_kubernetes_executor.py
[2023-10-27 05:43:12,823] {processor.py:641} INFO - Processing file /home/airflow/.local/lib/python3.7/site-packages/airflow/example_dags/example_kubernetes_executor.py for tasks to queue
[2023-10-27 05:43:12,823] {logging_mixin.py:115} INFO - [2023-10-27 05:43:12,823] {dagbag.py:508} INFO - Filling up the DagBag from /home/airflow/.local/lib/python3.7/site-packages/airflow/example_dags/example_kubernetes_executor.py
[2023-10-27 05:43:13,017] {processor.py:651} INFO - DAG(s) dict_keys(['example_kubernetes_executor']) retrieved from /home/airflow/.local/lib/python3.7/site-packages/airflow/example_dags/example_kubernetes_executor.py
[2023-10-27 05:43:13,043] {logging_mixin.py:115} INFO - [2023-10-27 05:43:13,043] {dag.py:2420} INFO - Sync 1 DAGs
[2023-10-27 05:43:13,064] {logging_mixin.py:115} INFO - [2023-10-27 05:43:13,064] {dag.py:2972} INFO - Setting next_dagrun for example_kubernetes_executor to None, run_after=None
[2023-10-27 05:43:13,076] {processor.py:161} INFO - Processing /home/airflow/.local/lib/python3.7/site-packages/airflow/example_dags/example_kubernetes_executor.py took 0.257 seconds
[2023-10-27 05:43:43,289] {processor.py:153} INFO - Started process (PID=1783) to work on /home/airflow/.local/lib/python3.7/site-packages/airflow/example_dags/example_kubernetes_executor.py
[2023-10-27 05:43:43,290] {processor.py:641} INFO - Processing file /home/airflow/.local/lib/python3.7/site-packages/airflow/example_dags/example_kubernetes_executor.py for tasks to queue
[2023-10-27 05:43:43,291] {logging_mixin.py:115} INFO - [2023-10-27 05:43:43,291] {dagbag.py:508} INFO - Filling up the DagBag from /home/airflow/.local/lib/python3.7/site-packages/airflow/example_dags/example_kubernetes_executor.py
[2023-10-27 05:43:43,481] {processor.py:651} INFO - DAG(s) dict_keys(['example_kubernetes_executor']) retrieved from /home/airflow/.local/lib/python3.7/site-packages/airflow/example_dags/example_kubernetes_executor.py
[2023-10-27 05:43:43,508] {logging_mixin.py:115} INFO - [2023-10-27 05:43:43,508] {dag.py:2420} INFO - Sync 1 DAGs
[2023-10-27 05:43:43,532] {logging_mixin.py:115} INFO - [2023-10-27 05:43:43,532] {dag.py:2972} INFO - Setting next_dagrun for example_kubernetes_executor to None, run_after=None
[2023-10-27 05:43:43,545] {processor.py:161} INFO - Processing /home/airflow/.local/lib/python3.7/site-packages/airflow/example_dags/example_kubernetes_executor.py took 0.261 seconds
[2023-10-27 05:44:13,663] {processor.py:153} INFO - Started process (PID=1843) to work on /home/airflow/.local/lib/python3.7/site-packages/airflow/example_dags/example_kubernetes_executor.py
[2023-10-27 05:44:13,664] {processor.py:641} INFO - Processing file /home/airflow/.local/lib/python3.7/site-packages/airflow/example_dags/example_kubernetes_executor.py for tasks to queue
[2023-10-27 05:44:13,665] {logging_mixin.py:115} INFO - [2023-10-27 05:44:13,664] {dagbag.py:508} INFO - Filling up the DagBag from /home/airflow/.local/lib/python3.7/site-packages/airflow/example_dags/example_kubernetes_executor.py
[2023-10-27 05:44:13,885] {processor.py:651} INFO - DAG(s) dict_keys(['example_kubernetes_executor']) retrieved from /home/airflow/.local/lib/python3.7/site-packages/airflow/example_dags/example_kubernetes_executor.py
[2023-10-27 05:44:13,911] {logging_mixin.py:115} INFO - [2023-10-27 05:44:13,910] {dag.py:2420} INFO - Sync 1 DAGs
[2023-10-27 05:44:13,935] {logging_mixin.py:115} INFO - [2023-10-27 05:44:13,935] {dag.py:2972} INFO - Setting next_dagrun for example_kubernetes_executor to None, run_after=None
[2023-10-27 05:44:13,952] {processor.py:161} INFO - Processing /home/airflow/.local/lib/python3.7/site-packages/airflow/example_dags/example_kubernetes_executor.py took 0.292 seconds
[2023-10-27 05:44:44,072] {processor.py:153} INFO - Started process (PID=1904) to work on /home/airflow/.local/lib/python3.7/site-packages/airflow/example_dags/example_kubernetes_executor.py
[2023-10-27 05:44:44,073] {processor.py:641} INFO - Processing file /home/airflow/.local/lib/python3.7/site-packages/airflow/example_dags/example_kubernetes_executor.py for tasks to queue
[2023-10-27 05:44:44,074] {logging_mixin.py:115} INFO - [2023-10-27 05:44:44,073] {dagbag.py:508} INFO - Filling up the DagBag from /home/airflow/.local/lib/python3.7/site-packages/airflow/example_dags/example_kubernetes_executor.py
[2023-10-27 05:44:44,274] {processor.py:651} INFO - DAG(s) dict_keys(['example_kubernetes_executor']) retrieved from /home/airflow/.local/lib/python3.7/site-packages/airflow/example_dags/example_kubernetes_executor.py
[2023-10-27 05:44:44,313] {logging_mixin.py:115} INFO - [2023-10-27 05:44:44,313] {dag.py:2420} INFO - Sync 1 DAGs
[2023-10-27 05:44:44,340] {logging_mixin.py:115} INFO - [2023-10-27 05:44:44,340] {dag.py:2972} INFO - Setting next_dagrun for example_kubernetes_executor to None, run_after=None
[2023-10-27 05:44:44,352] {processor.py:161} INFO - Processing /home/airflow/.local/lib/python3.7/site-packages/airflow/example_dags/example_kubernetes_executor.py took 0.284 seconds
[2023-10-27 05:45:14,530] {processor.py:153} INFO - Started process (PID=1957) to work on /home/airflow/.local/lib/python3.7/site-packages/airflow/example_dags/example_kubernetes_executor.py
[2023-10-27 05:45:14,531] {processor.py:641} INFO - Processing file /home/airflow/.local/lib/python3.7/site-packages/airflow/example_dags/example_kubernetes_executor.py for tasks to queue
[2023-10-27 05:45:14,531] {logging_mixin.py:115} INFO - [2023-10-27 05:45:14,531] {dagbag.py:508} INFO - Filling up the DagBag from /home/airflow/.local/lib/python3.7/site-packages/airflow/example_dags/example_kubernetes_executor.py
[2023-10-27 05:45:14,731] {processor.py:651} INFO - DAG(s) dict_keys(['example_kubernetes_executor']) retrieved from /home/airflow/.local/lib/python3.7/site-packages/airflow/example_dags/example_kubernetes_executor.py
[2023-10-27 05:45:14,761] {logging_mixin.py:115} INFO - [2023-10-27 05:45:14,761] {dag.py:2420} INFO - Sync 1 DAGs
[2023-10-27 05:45:14,784] {logging_mixin.py:115} INFO - [2023-10-27 05:45:14,784] {dag.py:2972} INFO - Setting next_dagrun for example_kubernetes_executor to None, run_after=None
[2023-10-27 05:45:14,796] {processor.py:161} INFO - Processing /home/airflow/.local/lib/python3.7/site-packages/airflow/example_dags/example_kubernetes_executor.py took 0.270 seconds
[2023-10-27 05:45:45,229] {processor.py:153} INFO - Started process (PID=2009) to work on /home/airflow/.local/lib/python3.7/site-packages/airflow/example_dags/example_kubernetes_executor.py
[2023-10-27 05:45:45,230] {processor.py:641} INFO - Processing file /home/airflow/.local/lib/python3.7/site-packages/airflow/example_dags/example_kubernetes_executor.py for tasks to queue
[2023-10-27 05:45:45,230] {logging_mixin.py:115} INFO - [2023-10-27 05:45:45,230] {dagbag.py:508} INFO - Filling up the DagBag from /home/airflow/.local/lib/python3.7/site-packages/airflow/example_dags/example_kubernetes_executor.py
[2023-10-27 05:45:45,424] {processor.py:651} INFO - DAG(s) dict_keys(['example_kubernetes_executor']) retrieved from /home/airflow/.local/lib/python3.7/site-packages/airflow/example_dags/example_kubernetes_executor.py
[2023-10-27 05:45:45,449] {logging_mixin.py:115} INFO - [2023-10-27 05:45:45,449] {dag.py:2420} INFO - Sync 1 DAGs
[2023-10-27 05:45:45,472] {logging_mixin.py:115} INFO - [2023-10-27 05:45:45,472] {dag.py:2972} INFO - Setting next_dagrun for example_kubernetes_executor to None, run_after=None
[2023-10-27 05:45:45,484] {processor.py:161} INFO - Processing /home/airflow/.local/lib/python3.7/site-packages/airflow/example_dags/example_kubernetes_executor.py took 0.260 seconds
[2023-10-27 05:46:15,695] {processor.py:153} INFO - Started process (PID=2072) to work on /home/airflow/.local/lib/python3.7/site-packages/airflow/example_dags/example_kubernetes_executor.py
[2023-10-27 05:46:15,696] {processor.py:641} INFO - Processing file /home/airflow/.local/lib/python3.7/site-packages/airflow/example_dags/example_kubernetes_executor.py for tasks to queue
[2023-10-27 05:46:15,697] {logging_mixin.py:115} INFO - [2023-10-27 05:46:15,697] {dagbag.py:508} INFO - Filling up the DagBag from /home/airflow/.local/lib/python3.7/site-packages/airflow/example_dags/example_kubernetes_executor.py
[2023-10-27 05:46:15,891] {processor.py:651} INFO - DAG(s) dict_keys(['example_kubernetes_executor']) retrieved from /home/airflow/.local/lib/python3.7/site-packages/airflow/example_dags/example_kubernetes_executor.py
[2023-10-27 05:46:15,916] {logging_mixin.py:115} INFO - [2023-10-27 05:46:15,916] {dag.py:2420} INFO - Sync 1 DAGs
[2023-10-27 05:46:15,939] {logging_mixin.py:115} INFO - [2023-10-27 05:46:15,938] {dag.py:2972} INFO - Setting next_dagrun for example_kubernetes_executor to None, run_after=None
[2023-10-27 05:46:15,951] {processor.py:161} INFO - Processing /home/airflow/.local/lib/python3.7/site-packages/airflow/example_dags/example_kubernetes_executor.py took 0.260 seconds
[2023-10-27 05:46:46,310] {processor.py:153} INFO - Started process (PID=2136) to work on /home/airflow/.local/lib/python3.7/site-packages/airflow/example_dags/example_kubernetes_executor.py
[2023-10-27 05:46:46,319] {processor.py:641} INFO - Processing file /home/airflow/.local/lib/python3.7/site-packages/airflow/example_dags/example_kubernetes_executor.py for tasks to queue
[2023-10-27 05:46:46,322] {logging_mixin.py:115} INFO - [2023-10-27 05:46:46,321] {dagbag.py:508} INFO - Filling up the DagBag from /home/airflow/.local/lib/python3.7/site-packages/airflow/example_dags/example_kubernetes_executor.py
[2023-10-27 05:46:46,536] {processor.py:651} INFO - DAG(s) dict_keys(['example_kubernetes_executor']) retrieved from /home/airflow/.local/lib/python3.7/site-packages/airflow/example_dags/example_kubernetes_executor.py
[2023-10-27 05:46:46,576] {logging_mixin.py:115} INFO - [2023-10-27 05:46:46,575] {dag.py:2420} INFO - Sync 1 DAGs
[2023-10-27 05:46:46,603] {logging_mixin.py:115} INFO - [2023-10-27 05:46:46,602] {dag.py:2972} INFO - Setting next_dagrun for example_kubernetes_executor to None, run_after=None
[2023-10-27 05:46:46,617] {processor.py:161} INFO - Processing /home/airflow/.local/lib/python3.7/site-packages/airflow/example_dags/example_kubernetes_executor.py took 0.311 seconds
[2023-10-27 05:47:16,824] {processor.py:153} INFO - Started process (PID=2189) to work on /home/airflow/.local/lib/python3.7/site-packages/airflow/example_dags/example_kubernetes_executor.py
[2023-10-27 05:47:16,825] {processor.py:641} INFO - Processing file /home/airflow/.local/lib/python3.7/site-packages/airflow/example_dags/example_kubernetes_executor.py for tasks to queue
[2023-10-27 05:47:16,825] {logging_mixin.py:115} INFO - [2023-10-27 05:47:16,825] {dagbag.py:508} INFO - Filling up the DagBag from /home/airflow/.local/lib/python3.7/site-packages/airflow/example_dags/example_kubernetes_executor.py
[2023-10-27 05:47:17,018] {processor.py:651} INFO - DAG(s) dict_keys(['example_kubernetes_executor']) retrieved from /home/airflow/.local/lib/python3.7/site-packages/airflow/example_dags/example_kubernetes_executor.py
[2023-10-27 05:47:17,042] {logging_mixin.py:115} INFO - [2023-10-27 05:47:17,042] {dag.py:2420} INFO - Sync 1 DAGs
[2023-10-27 05:47:17,064] {logging_mixin.py:115} INFO - [2023-10-27 05:47:17,064] {dag.py:2972} INFO - Setting next_dagrun for example_kubernetes_executor to None, run_after=None
[2023-10-27 05:47:17,075] {processor.py:161} INFO - Processing /home/airflow/.local/lib/python3.7/site-packages/airflow/example_dags/example_kubernetes_executor.py took 0.255 seconds
[2023-10-27 05:47:47,416] {processor.py:153} INFO - Started process (PID=2250) to work on /home/airflow/.local/lib/python3.7/site-packages/airflow/example_dags/example_kubernetes_executor.py
[2023-10-27 05:47:47,417] {processor.py:641} INFO - Processing file /home/airflow/.local/lib/python3.7/site-packages/airflow/example_dags/example_kubernetes_executor.py for tasks to queue
[2023-10-27 05:47:47,418] {logging_mixin.py:115} INFO - [2023-10-27 05:47:47,418] {dagbag.py:508} INFO - Filling up the DagBag from /home/airflow/.local/lib/python3.7/site-packages/airflow/example_dags/example_kubernetes_executor.py
[2023-10-27 05:47:47,606] {processor.py:651} INFO - DAG(s) dict_keys(['example_kubernetes_executor']) retrieved from /home/airflow/.local/lib/python3.7/site-packages/airflow/example_dags/example_kubernetes_executor.py
[2023-10-27 05:47:47,631] {logging_mixin.py:115} INFO - [2023-10-27 05:47:47,631] {dag.py:2420} INFO - Sync 1 DAGs
[2023-10-27 05:47:47,652] {logging_mixin.py:115} INFO - [2023-10-27 05:47:47,652] {dag.py:2972} INFO - Setting next_dagrun for example_kubernetes_executor to None, run_after=None
[2023-10-27 05:47:47,664] {processor.py:161} INFO - Processing /home/airflow/.local/lib/python3.7/site-packages/airflow/example_dags/example_kubernetes_executor.py took 0.251 seconds
[2023-10-27 05:48:18,162] {processor.py:153} INFO - Started process (PID=2302) to work on /home/airflow/.local/lib/python3.7/site-packages/airflow/example_dags/example_kubernetes_executor.py
[2023-10-27 05:48:18,163] {processor.py:641} INFO - Processing file /home/airflow/.local/lib/python3.7/site-packages/airflow/example_dags/example_kubernetes_executor.py for tasks to queue
[2023-10-27 05:48:18,164] {logging_mixin.py:115} INFO - [2023-10-27 05:48:18,164] {dagbag.py:508} INFO - Filling up the DagBag from /home/airflow/.local/lib/python3.7/site-packages/airflow/example_dags/example_kubernetes_executor.py
[2023-10-27 05:48:18,364] {processor.py:651} INFO - DAG(s) dict_keys(['example_kubernetes_executor']) retrieved from /home/airflow/.local/lib/python3.7/site-packages/airflow/example_dags/example_kubernetes_executor.py
[2023-10-27 05:48:18,391] {logging_mixin.py:115} INFO - [2023-10-27 05:48:18,391] {dag.py:2420} INFO - Sync 1 DAGs
[2023-10-27 05:48:18,416] {logging_mixin.py:115} INFO - [2023-10-27 05:48:18,416] {dag.py:2972} INFO - Setting next_dagrun for example_kubernetes_executor to None, run_after=None
[2023-10-27 05:48:18,428] {processor.py:161} INFO - Processing /home/airflow/.local/lib/python3.7/site-packages/airflow/example_dags/example_kubernetes_executor.py took 0.270 seconds
[2023-10-27 05:48:49,085] {processor.py:153} INFO - Started process (PID=2364) to work on /home/airflow/.local/lib/python3.7/site-packages/airflow/example_dags/example_kubernetes_executor.py
[2023-10-27 05:48:49,086] {processor.py:641} INFO - Processing file /home/airflow/.local/lib/python3.7/site-packages/airflow/example_dags/example_kubernetes_executor.py for tasks to queue
[2023-10-27 05:48:49,086] {logging_mixin.py:115} INFO - [2023-10-27 05:48:49,086] {dagbag.py:508} INFO - Filling up the DagBag from /home/airflow/.local/lib/python3.7/site-packages/airflow/example_dags/example_kubernetes_executor.py
[2023-10-27 05:48:49,277] {processor.py:651} INFO - DAG(s) dict_keys(['example_kubernetes_executor']) retrieved from /home/airflow/.local/lib/python3.7/site-packages/airflow/example_dags/example_kubernetes_executor.py
[2023-10-27 05:48:49,302] {logging_mixin.py:115} INFO - [2023-10-27 05:48:49,302] {dag.py:2420} INFO - Sync 1 DAGs
[2023-10-27 05:48:49,324] {logging_mixin.py:115} INFO - [2023-10-27 05:48:49,324] {dag.py:2972} INFO - Setting next_dagrun for example_kubernetes_executor to None, run_after=None
[2023-10-27 05:48:49,336] {processor.py:161} INFO - Processing /home/airflow/.local/lib/python3.7/site-packages/airflow/example_dags/example_kubernetes_executor.py took 0.255 seconds
[2023-10-27 05:49:19,549] {processor.py:153} INFO - Started process (PID=2426) to work on /home/airflow/.local/lib/python3.7/site-packages/airflow/example_dags/example_kubernetes_executor.py
[2023-10-27 05:49:19,549] {processor.py:641} INFO - Processing file /home/airflow/.local/lib/python3.7/site-packages/airflow/example_dags/example_kubernetes_executor.py for tasks to queue
[2023-10-27 05:49:19,550] {logging_mixin.py:115} INFO - [2023-10-27 05:49:19,550] {dagbag.py:508} INFO - Filling up the DagBag from /home/airflow/.local/lib/python3.7/site-packages/airflow/example_dags/example_kubernetes_executor.py
[2023-10-27 05:49:19,744] {processor.py:651} INFO - DAG(s) dict_keys(['example_kubernetes_executor']) retrieved from /home/airflow/.local/lib/python3.7/site-packages/airflow/example_dags/example_kubernetes_executor.py
[2023-10-27 05:49:19,770] {logging_mixin.py:115} INFO - [2023-10-27 05:49:19,770] {dag.py:2420} INFO - Sync 1 DAGs
[2023-10-27 05:49:19,792] {logging_mixin.py:115} INFO - [2023-10-27 05:49:19,792] {dag.py:2972} INFO - Setting next_dagrun for example_kubernetes_executor to None, run_after=None
[2023-10-27 05:49:19,804] {processor.py:161} INFO - Processing /home/airflow/.local/lib/python3.7/site-packages/airflow/example_dags/example_kubernetes_executor.py took 0.259 seconds
[2023-10-27 05:49:50,177] {processor.py:153} INFO - Started process (PID=2479) to work on /home/airflow/.local/lib/python3.7/site-packages/airflow/example_dags/example_kubernetes_executor.py
[2023-10-27 05:49:50,178] {processor.py:641} INFO - Processing file /home/airflow/.local/lib/python3.7/site-packages/airflow/example_dags/example_kubernetes_executor.py for tasks to queue
[2023-10-27 05:49:50,179] {logging_mixin.py:115} INFO - [2023-10-27 05:49:50,179] {dagbag.py:508} INFO - Filling up the DagBag from /home/airflow/.local/lib/python3.7/site-packages/airflow/example_dags/example_kubernetes_executor.py
[2023-10-27 05:49:50,375] {processor.py:651} INFO - DAG(s) dict_keys(['example_kubernetes_executor']) retrieved from /home/airflow/.local/lib/python3.7/site-packages/airflow/example_dags/example_kubernetes_executor.py
[2023-10-27 05:49:50,400] {logging_mixin.py:115} INFO - [2023-10-27 05:49:50,400] {dag.py:2420} INFO - Sync 1 DAGs
[2023-10-27 05:49:50,423] {logging_mixin.py:115} INFO - [2023-10-27 05:49:50,423] {dag.py:2972} INFO - Setting next_dagrun for example_kubernetes_executor to None, run_after=None
[2023-10-27 05:49:50,437] {processor.py:161} INFO - Processing /home/airflow/.local/lib/python3.7/site-packages/airflow/example_dags/example_kubernetes_executor.py took 0.263 seconds
[2023-10-27 05:50:20,513] {processor.py:153} INFO - Started process (PID=2541) to work on /home/airflow/.local/lib/python3.7/site-packages/airflow/example_dags/example_kubernetes_executor.py
[2023-10-27 05:50:20,513] {processor.py:641} INFO - Processing file /home/airflow/.local/lib/python3.7/site-packages/airflow/example_dags/example_kubernetes_executor.py for tasks to queue
[2023-10-27 05:50:20,514] {logging_mixin.py:115} INFO - [2023-10-27 05:50:20,514] {dagbag.py:508} INFO - Filling up the DagBag from /home/airflow/.local/lib/python3.7/site-packages/airflow/example_dags/example_kubernetes_executor.py
[2023-10-27 05:50:20,704] {processor.py:651} INFO - DAG(s) dict_keys(['example_kubernetes_executor']) retrieved from /home/airflow/.local/lib/python3.7/site-packages/airflow/example_dags/example_kubernetes_executor.py
[2023-10-27 05:50:20,729] {logging_mixin.py:115} INFO - [2023-10-27 05:50:20,729] {dag.py:2420} INFO - Sync 1 DAGs
[2023-10-27 05:50:20,752] {logging_mixin.py:115} INFO - [2023-10-27 05:50:20,752] {dag.py:2972} INFO - Setting next_dagrun for example_kubernetes_executor to None, run_after=None
[2023-10-27 05:50:20,774] {processor.py:161} INFO - Processing /home/airflow/.local/lib/python3.7/site-packages/airflow/example_dags/example_kubernetes_executor.py took 0.266 seconds
[2023-10-27 05:50:51,060] {processor.py:153} INFO - Started process (PID=2593) to work on /home/airflow/.local/lib/python3.7/site-packages/airflow/example_dags/example_kubernetes_executor.py
[2023-10-27 05:50:51,061] {processor.py:641} INFO - Processing file /home/airflow/.local/lib/python3.7/site-packages/airflow/example_dags/example_kubernetes_executor.py for tasks to queue
[2023-10-27 05:50:51,062] {logging_mixin.py:115} INFO - [2023-10-27 05:50:51,062] {dagbag.py:508} INFO - Filling up the DagBag from /home/airflow/.local/lib/python3.7/site-packages/airflow/example_dags/example_kubernetes_executor.py
[2023-10-27 05:50:51,266] {processor.py:651} INFO - DAG(s) dict_keys(['example_kubernetes_executor']) retrieved from /home/airflow/.local/lib/python3.7/site-packages/airflow/example_dags/example_kubernetes_executor.py
[2023-10-27 05:50:51,293] {logging_mixin.py:115} INFO - [2023-10-27 05:50:51,293] {dag.py:2420} INFO - Sync 1 DAGs
[2023-10-27 05:50:51,316] {logging_mixin.py:115} INFO - [2023-10-27 05:50:51,316] {dag.py:2972} INFO - Setting next_dagrun for example_kubernetes_executor to None, run_after=None
[2023-10-27 05:50:51,332] {processor.py:161} INFO - Processing /home/airflow/.local/lib/python3.7/site-packages/airflow/example_dags/example_kubernetes_executor.py took 0.277 seconds
[2023-10-27 05:51:21,888] {processor.py:153} INFO - Started process (PID=2654) to work on /home/airflow/.local/lib/python3.7/site-packages/airflow/example_dags/example_kubernetes_executor.py
[2023-10-27 05:51:21,889] {processor.py:641} INFO - Processing file /home/airflow/.local/lib/python3.7/site-packages/airflow/example_dags/example_kubernetes_executor.py for tasks to queue
[2023-10-27 05:51:21,890] {logging_mixin.py:115} INFO - [2023-10-27 05:51:21,889] {dagbag.py:508} INFO - Filling up the DagBag from /home/airflow/.local/lib/python3.7/site-packages/airflow/example_dags/example_kubernetes_executor.py
[2023-10-27 05:51:22,082] {processor.py:651} INFO - DAG(s) dict_keys(['example_kubernetes_executor']) retrieved from /home/airflow/.local/lib/python3.7/site-packages/airflow/example_dags/example_kubernetes_executor.py
[2023-10-27 05:51:22,107] {logging_mixin.py:115} INFO - [2023-10-27 05:51:22,107] {dag.py:2420} INFO - Sync 1 DAGs
[2023-10-27 05:51:22,130] {logging_mixin.py:115} INFO - [2023-10-27 05:51:22,130] {dag.py:2972} INFO - Setting next_dagrun for example_kubernetes_executor to None, run_after=None
[2023-10-27 05:51:22,143] {processor.py:161} INFO - Processing /home/airflow/.local/lib/python3.7/site-packages/airflow/example_dags/example_kubernetes_executor.py took 0.259 seconds
[2023-10-27 05:51:52,329] {processor.py:153} INFO - Started process (PID=2715) to work on /home/airflow/.local/lib/python3.7/site-packages/airflow/example_dags/example_kubernetes_executor.py
[2023-10-27 05:51:52,330] {processor.py:641} INFO - Processing file /home/airflow/.local/lib/python3.7/site-packages/airflow/example_dags/example_kubernetes_executor.py for tasks to queue
[2023-10-27 05:51:52,330] {logging_mixin.py:115} INFO - [2023-10-27 05:51:52,330] {dagbag.py:508} INFO - Filling up the DagBag from /home/airflow/.local/lib/python3.7/site-packages/airflow/example_dags/example_kubernetes_executor.py
[2023-10-27 05:51:52,518] {processor.py:651} INFO - DAG(s) dict_keys(['example_kubernetes_executor']) retrieved from /home/airflow/.local/lib/python3.7/site-packages/airflow/example_dags/example_kubernetes_executor.py
[2023-10-27 05:51:52,543] {logging_mixin.py:115} INFO - [2023-10-27 05:51:52,543] {dag.py:2420} INFO - Sync 1 DAGs
[2023-10-27 05:51:52,566] {logging_mixin.py:115} INFO - [2023-10-27 05:51:52,566] {dag.py:2972} INFO - Setting next_dagrun for example_kubernetes_executor to None, run_after=None
[2023-10-27 05:51:52,578] {processor.py:161} INFO - Processing /home/airflow/.local/lib/python3.7/site-packages/airflow/example_dags/example_kubernetes_executor.py took 0.254 seconds
[2023-10-27 05:52:22,800] {processor.py:153} INFO - Started process (PID=2768) to work on /home/airflow/.local/lib/python3.7/site-packages/airflow/example_dags/example_kubernetes_executor.py
[2023-10-27 05:52:22,800] {processor.py:641} INFO - Processing file /home/airflow/.local/lib/python3.7/site-packages/airflow/example_dags/example_kubernetes_executor.py for tasks to queue
[2023-10-27 05:52:22,801] {logging_mixin.py:115} INFO - [2023-10-27 05:52:22,801] {dagbag.py:508} INFO - Filling up the DagBag from /home/airflow/.local/lib/python3.7/site-packages/airflow/example_dags/example_kubernetes_executor.py
[2023-10-27 05:52:22,985] {processor.py:651} INFO - DAG(s) dict_keys(['example_kubernetes_executor']) retrieved from /home/airflow/.local/lib/python3.7/site-packages/airflow/example_dags/example_kubernetes_executor.py
[2023-10-27 05:52:23,009] {logging_mixin.py:115} INFO - [2023-10-27 05:52:23,009] {dag.py:2420} INFO - Sync 1 DAGs
[2023-10-27 05:52:23,032] {logging_mixin.py:115} INFO - [2023-10-27 05:52:23,032] {dag.py:2972} INFO - Setting next_dagrun for example_kubernetes_executor to None, run_after=None
[2023-10-27 05:52:23,045] {processor.py:161} INFO - Processing /home/airflow/.local/lib/python3.7/site-packages/airflow/example_dags/example_kubernetes_executor.py took 0.249 seconds
[2023-10-27 05:52:53,625] {processor.py:153} INFO - Started process (PID=2828) to work on /home/airflow/.local/lib/python3.7/site-packages/airflow/example_dags/example_kubernetes_executor.py
[2023-10-27 05:52:53,626] {processor.py:641} INFO - Processing file /home/airflow/.local/lib/python3.7/site-packages/airflow/example_dags/example_kubernetes_executor.py for tasks to queue
[2023-10-27 05:52:53,626] {logging_mixin.py:115} INFO - [2023-10-27 05:52:53,626] {dagbag.py:508} INFO - Filling up the DagBag from /home/airflow/.local/lib/python3.7/site-packages/airflow/example_dags/example_kubernetes_executor.py
[2023-10-27 05:52:53,817] {processor.py:651} INFO - DAG(s) dict_keys(['example_kubernetes_executor']) retrieved from /home/airflow/.local/lib/python3.7/site-packages/airflow/example_dags/example_kubernetes_executor.py
[2023-10-27 05:52:53,842] {logging_mixin.py:115} INFO - [2023-10-27 05:52:53,841] {dag.py:2420} INFO - Sync 1 DAGs
[2023-10-27 05:52:53,863] {logging_mixin.py:115} INFO - [2023-10-27 05:52:53,863] {dag.py:2972} INFO - Setting next_dagrun for example_kubernetes_executor to None, run_after=None
[2023-10-27 05:52:53,877] {processor.py:161} INFO - Processing /home/airflow/.local/lib/python3.7/site-packages/airflow/example_dags/example_kubernetes_executor.py took 0.256 seconds
[2023-10-27 05:53:24,020] {processor.py:153} INFO - Started process (PID=2887) to work on /home/airflow/.local/lib/python3.7/site-packages/airflow/example_dags/example_kubernetes_executor.py
[2023-10-27 05:53:24,021] {processor.py:641} INFO - Processing file /home/airflow/.local/lib/python3.7/site-packages/airflow/example_dags/example_kubernetes_executor.py for tasks to queue
[2023-10-27 05:53:24,022] {logging_mixin.py:115} INFO - [2023-10-27 05:53:24,022] {dagbag.py:508} INFO - Filling up the DagBag from /home/airflow/.local/lib/python3.7/site-packages/airflow/example_dags/example_kubernetes_executor.py
[2023-10-27 05:53:24,210] {processor.py:651} INFO - DAG(s) dict_keys(['example_kubernetes_executor']) retrieved from /home/airflow/.local/lib/python3.7/site-packages/airflow/example_dags/example_kubernetes_executor.py
[2023-10-27 05:53:24,238] {logging_mixin.py:115} INFO - [2023-10-27 05:53:24,238] {dag.py:2420} INFO - Sync 1 DAGs
[2023-10-27 05:53:24,260] {logging_mixin.py:115} INFO - [2023-10-27 05:53:24,260] {dag.py:2972} INFO - Setting next_dagrun for example_kubernetes_executor to None, run_after=None
[2023-10-27 05:53:24,271] {processor.py:161} INFO - Processing /home/airflow/.local/lib/python3.7/site-packages/airflow/example_dags/example_kubernetes_executor.py took 0.255 seconds
[2023-10-27 05:53:54,375] {processor.py:153} INFO - Started process (PID=2941) to work on /home/airflow/.local/lib/python3.7/site-packages/airflow/example_dags/example_kubernetes_executor.py
[2023-10-27 05:53:54,376] {processor.py:641} INFO - Processing file /home/airflow/.local/lib/python3.7/site-packages/airflow/example_dags/example_kubernetes_executor.py for tasks to queue
[2023-10-27 05:53:54,376] {logging_mixin.py:115} INFO - [2023-10-27 05:53:54,376] {dagbag.py:508} INFO - Filling up the DagBag from /home/airflow/.local/lib/python3.7/site-packages/airflow/example_dags/example_kubernetes_executor.py
[2023-10-27 05:53:54,564] {processor.py:651} INFO - DAG(s) dict_keys(['example_kubernetes_executor']) retrieved from /home/airflow/.local/lib/python3.7/site-packages/airflow/example_dags/example_kubernetes_executor.py
[2023-10-27 05:53:54,587] {logging_mixin.py:115} INFO - [2023-10-27 05:53:54,587] {dag.py:2420} INFO - Sync 1 DAGs
[2023-10-27 05:53:54,609] {logging_mixin.py:115} INFO - [2023-10-27 05:53:54,609] {dag.py:2972} INFO - Setting next_dagrun for example_kubernetes_executor to None, run_after=None
[2023-10-27 05:53:54,620] {processor.py:161} INFO - Processing /home/airflow/.local/lib/python3.7/site-packages/airflow/example_dags/example_kubernetes_executor.py took 0.249 seconds
