[2023-10-27 05:19:36,360] {processor.py:153} INFO - Started process (PID=79) to work on /home/airflow/.local/lib/python3.7/site-packages/airflow/example_dags/example_time_delta_sensor_async.py
[2023-10-27 05:19:36,362] {processor.py:641} INFO - Processing file /home/airflow/.local/lib/python3.7/site-packages/airflow/example_dags/example_time_delta_sensor_async.py for tasks to queue
[2023-10-27 05:19:36,362] {logging_mixin.py:115} INFO - [2023-10-27 05:19:36,362] {dagbag.py:508} INFO - Filling up the DagBag from /home/airflow/.local/lib/python3.7/site-packages/airflow/example_dags/example_time_delta_sensor_async.py
[2023-10-27 05:19:36,381] {processor.py:651} INFO - DAG(s) dict_keys(['example_time_delta_sensor_async']) retrieved from /home/airflow/.local/lib/python3.7/site-packages/airflow/example_dags/example_time_delta_sensor_async.py
[2023-10-27 05:19:36,522] {logging_mixin.py:115} INFO - [2023-10-27 05:19:36,521] {manager.py:508} INFO - Created Permission View: can delete on DAG:example_time_delta_sensor_async
[2023-10-27 05:19:36,545] {logging_mixin.py:115} INFO - [2023-10-27 05:19:36,545] {manager.py:508} INFO - Created Permission View: can read on DAG:example_time_delta_sensor_async
[2023-10-27 05:19:36,560] {logging_mixin.py:115} INFO - [2023-10-27 05:19:36,559] {manager.py:508} INFO - Created Permission View: can edit on DAG:example_time_delta_sensor_async
[2023-10-27 05:19:36,560] {logging_mixin.py:115} INFO - [2023-10-27 05:19:36,560] {dag.py:2420} INFO - Sync 1 DAGs
[2023-10-27 05:19:36,578] {logging_mixin.py:115} INFO - [2023-10-27 05:19:36,578] {dag.py:2439} INFO - Creating ORM DAG for example_time_delta_sensor_async
[2023-10-27 05:19:36,609] {logging_mixin.py:115} INFO - [2023-10-27 05:19:36,609] {dag.py:2972} INFO - Setting next_dagrun for example_time_delta_sensor_async to None, run_after=None
[2023-10-27 05:19:36,648] {processor.py:161} INFO - Processing /home/airflow/.local/lib/python3.7/site-packages/airflow/example_dags/example_time_delta_sensor_async.py took 0.301 seconds
[2023-10-27 05:20:07,438] {processor.py:153} INFO - Started process (PID=133) to work on /home/airflow/.local/lib/python3.7/site-packages/airflow/example_dags/example_time_delta_sensor_async.py
[2023-10-27 05:20:07,438] {processor.py:641} INFO - Processing file /home/airflow/.local/lib/python3.7/site-packages/airflow/example_dags/example_time_delta_sensor_async.py for tasks to queue
[2023-10-27 05:20:07,439] {logging_mixin.py:115} INFO - [2023-10-27 05:20:07,439] {dagbag.py:508} INFO - Filling up the DagBag from /home/airflow/.local/lib/python3.7/site-packages/airflow/example_dags/example_time_delta_sensor_async.py
[2023-10-27 05:20:07,445] {processor.py:651} INFO - DAG(s) dict_keys(['example_time_delta_sensor_async']) retrieved from /home/airflow/.local/lib/python3.7/site-packages/airflow/example_dags/example_time_delta_sensor_async.py
[2023-10-27 05:20:07,501] {logging_mixin.py:115} INFO - [2023-10-27 05:20:07,501] {dag.py:2420} INFO - Sync 1 DAGs
[2023-10-27 05:20:07,531] {logging_mixin.py:115} INFO - [2023-10-27 05:20:07,531] {dag.py:2972} INFO - Setting next_dagrun for example_time_delta_sensor_async to None, run_after=None
[2023-10-27 05:20:07,551] {processor.py:161} INFO - Processing /home/airflow/.local/lib/python3.7/site-packages/airflow/example_dags/example_time_delta_sensor_async.py took 0.118 seconds
[2023-10-27 05:20:37,767] {processor.py:153} INFO - Started process (PID=194) to work on /home/airflow/.local/lib/python3.7/site-packages/airflow/example_dags/example_time_delta_sensor_async.py
[2023-10-27 05:20:37,768] {processor.py:641} INFO - Processing file /home/airflow/.local/lib/python3.7/site-packages/airflow/example_dags/example_time_delta_sensor_async.py for tasks to queue
[2023-10-27 05:20:37,768] {logging_mixin.py:115} INFO - [2023-10-27 05:20:37,768] {dagbag.py:508} INFO - Filling up the DagBag from /home/airflow/.local/lib/python3.7/site-packages/airflow/example_dags/example_time_delta_sensor_async.py
[2023-10-27 05:20:37,775] {processor.py:651} INFO - DAG(s) dict_keys(['example_time_delta_sensor_async']) retrieved from /home/airflow/.local/lib/python3.7/site-packages/airflow/example_dags/example_time_delta_sensor_async.py
[2023-10-27 05:20:37,822] {logging_mixin.py:115} INFO - [2023-10-27 05:20:37,822] {dag.py:2420} INFO - Sync 1 DAGs
[2023-10-27 05:20:37,848] {logging_mixin.py:115} INFO - [2023-10-27 05:20:37,848] {dag.py:2972} INFO - Setting next_dagrun for example_time_delta_sensor_async to None, run_after=None
[2023-10-27 05:20:37,869] {processor.py:161} INFO - Processing /home/airflow/.local/lib/python3.7/site-packages/airflow/example_dags/example_time_delta_sensor_async.py took 0.106 seconds
[2023-10-27 05:21:07,974] {processor.py:153} INFO - Started process (PID=246) to work on /home/airflow/.local/lib/python3.7/site-packages/airflow/example_dags/example_time_delta_sensor_async.py
[2023-10-27 05:21:07,975] {processor.py:641} INFO - Processing file /home/airflow/.local/lib/python3.7/site-packages/airflow/example_dags/example_time_delta_sensor_async.py for tasks to queue
[2023-10-27 05:21:07,976] {logging_mixin.py:115} INFO - [2023-10-27 05:21:07,976] {dagbag.py:508} INFO - Filling up the DagBag from /home/airflow/.local/lib/python3.7/site-packages/airflow/example_dags/example_time_delta_sensor_async.py
[2023-10-27 05:21:07,984] {processor.py:651} INFO - DAG(s) dict_keys(['example_time_delta_sensor_async']) retrieved from /home/airflow/.local/lib/python3.7/site-packages/airflow/example_dags/example_time_delta_sensor_async.py
[2023-10-27 05:21:08,031] {logging_mixin.py:115} INFO - [2023-10-27 05:21:08,031] {dag.py:2420} INFO - Sync 1 DAGs
[2023-10-27 05:21:08,057] {logging_mixin.py:115} INFO - [2023-10-27 05:21:08,057] {dag.py:2972} INFO - Setting next_dagrun for example_time_delta_sensor_async to None, run_after=None
[2023-10-27 05:21:08,070] {processor.py:161} INFO - Processing /home/airflow/.local/lib/python3.7/site-packages/airflow/example_dags/example_time_delta_sensor_async.py took 0.101 seconds
[2023-10-27 05:21:38,154] {processor.py:153} INFO - Started process (PID=307) to work on /home/airflow/.local/lib/python3.7/site-packages/airflow/example_dags/example_time_delta_sensor_async.py
[2023-10-27 05:21:38,154] {processor.py:641} INFO - Processing file /home/airflow/.local/lib/python3.7/site-packages/airflow/example_dags/example_time_delta_sensor_async.py for tasks to queue
[2023-10-27 05:21:38,155] {logging_mixin.py:115} INFO - [2023-10-27 05:21:38,155] {dagbag.py:508} INFO - Filling up the DagBag from /home/airflow/.local/lib/python3.7/site-packages/airflow/example_dags/example_time_delta_sensor_async.py
[2023-10-27 05:21:38,161] {processor.py:651} INFO - DAG(s) dict_keys(['example_time_delta_sensor_async']) retrieved from /home/airflow/.local/lib/python3.7/site-packages/airflow/example_dags/example_time_delta_sensor_async.py
[2023-10-27 05:21:38,208] {logging_mixin.py:115} INFO - [2023-10-27 05:21:38,208] {dag.py:2420} INFO - Sync 1 DAGs
[2023-10-27 05:21:38,233] {logging_mixin.py:115} INFO - [2023-10-27 05:21:38,233] {dag.py:2972} INFO - Setting next_dagrun for example_time_delta_sensor_async to None, run_after=None
[2023-10-27 05:21:38,247] {processor.py:161} INFO - Processing /home/airflow/.local/lib/python3.7/site-packages/airflow/example_dags/example_time_delta_sensor_async.py took 0.097 seconds
[2023-10-27 05:22:08,397] {processor.py:153} INFO - Started process (PID=360) to work on /home/airflow/.local/lib/python3.7/site-packages/airflow/example_dags/example_time_delta_sensor_async.py
[2023-10-27 05:22:08,397] {processor.py:641} INFO - Processing file /home/airflow/.local/lib/python3.7/site-packages/airflow/example_dags/example_time_delta_sensor_async.py for tasks to queue
[2023-10-27 05:22:08,398] {logging_mixin.py:115} INFO - [2023-10-27 05:22:08,398] {dagbag.py:508} INFO - Filling up the DagBag from /home/airflow/.local/lib/python3.7/site-packages/airflow/example_dags/example_time_delta_sensor_async.py
[2023-10-27 05:22:08,405] {processor.py:651} INFO - DAG(s) dict_keys(['example_time_delta_sensor_async']) retrieved from /home/airflow/.local/lib/python3.7/site-packages/airflow/example_dags/example_time_delta_sensor_async.py
[2023-10-27 05:22:08,450] {logging_mixin.py:115} INFO - [2023-10-27 05:22:08,450] {dag.py:2420} INFO - Sync 1 DAGs
[2023-10-27 05:22:08,474] {logging_mixin.py:115} INFO - [2023-10-27 05:22:08,474] {dag.py:2972} INFO - Setting next_dagrun for example_time_delta_sensor_async to None, run_after=None
[2023-10-27 05:22:08,487] {processor.py:161} INFO - Processing /home/airflow/.local/lib/python3.7/site-packages/airflow/example_dags/example_time_delta_sensor_async.py took 0.094 seconds
[2023-10-27 05:22:38,582] {processor.py:153} INFO - Started process (PID=421) to work on /home/airflow/.local/lib/python3.7/site-packages/airflow/example_dags/example_time_delta_sensor_async.py
[2023-10-27 05:22:38,583] {processor.py:641} INFO - Processing file /home/airflow/.local/lib/python3.7/site-packages/airflow/example_dags/example_time_delta_sensor_async.py for tasks to queue
[2023-10-27 05:22:38,584] {logging_mixin.py:115} INFO - [2023-10-27 05:22:38,584] {dagbag.py:508} INFO - Filling up the DagBag from /home/airflow/.local/lib/python3.7/site-packages/airflow/example_dags/example_time_delta_sensor_async.py
[2023-10-27 05:22:38,590] {processor.py:651} INFO - DAG(s) dict_keys(['example_time_delta_sensor_async']) retrieved from /home/airflow/.local/lib/python3.7/site-packages/airflow/example_dags/example_time_delta_sensor_async.py
[2023-10-27 05:22:38,636] {logging_mixin.py:115} INFO - [2023-10-27 05:22:38,636] {dag.py:2420} INFO - Sync 1 DAGs
[2023-10-27 05:22:38,661] {logging_mixin.py:115} INFO - [2023-10-27 05:22:38,661] {dag.py:2972} INFO - Setting next_dagrun for example_time_delta_sensor_async to None, run_after=None
[2023-10-27 05:22:38,675] {processor.py:161} INFO - Processing /home/airflow/.local/lib/python3.7/site-packages/airflow/example_dags/example_time_delta_sensor_async.py took 0.096 seconds
[2023-10-27 05:23:08,776] {processor.py:153} INFO - Started process (PID=472) to work on /home/airflow/.local/lib/python3.7/site-packages/airflow/example_dags/example_time_delta_sensor_async.py
[2023-10-27 05:23:08,777] {processor.py:641} INFO - Processing file /home/airflow/.local/lib/python3.7/site-packages/airflow/example_dags/example_time_delta_sensor_async.py for tasks to queue
[2023-10-27 05:23:08,777] {logging_mixin.py:115} INFO - [2023-10-27 05:23:08,777] {dagbag.py:508} INFO - Filling up the DagBag from /home/airflow/.local/lib/python3.7/site-packages/airflow/example_dags/example_time_delta_sensor_async.py
[2023-10-27 05:23:08,784] {processor.py:651} INFO - DAG(s) dict_keys(['example_time_delta_sensor_async']) retrieved from /home/airflow/.local/lib/python3.7/site-packages/airflow/example_dags/example_time_delta_sensor_async.py
[2023-10-27 05:23:08,830] {logging_mixin.py:115} INFO - [2023-10-27 05:23:08,830] {dag.py:2420} INFO - Sync 1 DAGs
[2023-10-27 05:23:08,864] {logging_mixin.py:115} INFO - [2023-10-27 05:23:08,864] {dag.py:2972} INFO - Setting next_dagrun for example_time_delta_sensor_async to None, run_after=None
[2023-10-27 05:23:08,876] {processor.py:161} INFO - Processing /home/airflow/.local/lib/python3.7/site-packages/airflow/example_dags/example_time_delta_sensor_async.py took 0.104 seconds
[2023-10-27 05:25:02,441] {processor.py:153} INFO - Started process (PID=70) to work on /home/airflow/.local/lib/python3.7/site-packages/airflow/example_dags/example_time_delta_sensor_async.py
[2023-10-27 05:25:02,442] {processor.py:641} INFO - Processing file /home/airflow/.local/lib/python3.7/site-packages/airflow/example_dags/example_time_delta_sensor_async.py for tasks to queue
[2023-10-27 05:25:02,442] {logging_mixin.py:115} INFO - [2023-10-27 05:25:02,442] {dagbag.py:508} INFO - Filling up the DagBag from /home/airflow/.local/lib/python3.7/site-packages/airflow/example_dags/example_time_delta_sensor_async.py
[2023-10-27 05:25:02,449] {processor.py:651} INFO - DAG(s) dict_keys(['example_time_delta_sensor_async']) retrieved from /home/airflow/.local/lib/python3.7/site-packages/airflow/example_dags/example_time_delta_sensor_async.py
[2023-10-27 05:25:02,501] {logging_mixin.py:115} INFO - [2023-10-27 05:25:02,501] {dag.py:2420} INFO - Sync 1 DAGs
[2023-10-27 05:25:02,680] {logging_mixin.py:115} INFO - [2023-10-27 05:25:02,680] {dag.py:2972} INFO - Setting next_dagrun for example_time_delta_sensor_async to None, run_after=None
[2023-10-27 05:25:02,692] {processor.py:161} INFO - Processing /home/airflow/.local/lib/python3.7/site-packages/airflow/example_dags/example_time_delta_sensor_async.py took 0.256 seconds
[2023-10-27 05:25:32,752] {processor.py:153} INFO - Started process (PID=122) to work on /home/airflow/.local/lib/python3.7/site-packages/airflow/example_dags/example_time_delta_sensor_async.py
[2023-10-27 05:25:32,753] {processor.py:641} INFO - Processing file /home/airflow/.local/lib/python3.7/site-packages/airflow/example_dags/example_time_delta_sensor_async.py for tasks to queue
[2023-10-27 05:25:32,754] {logging_mixin.py:115} INFO - [2023-10-27 05:25:32,753] {dagbag.py:508} INFO - Filling up the DagBag from /home/airflow/.local/lib/python3.7/site-packages/airflow/example_dags/example_time_delta_sensor_async.py
[2023-10-27 05:25:32,760] {processor.py:651} INFO - DAG(s) dict_keys(['example_time_delta_sensor_async']) retrieved from /home/airflow/.local/lib/python3.7/site-packages/airflow/example_dags/example_time_delta_sensor_async.py
[2023-10-27 05:25:32,810] {logging_mixin.py:115} INFO - [2023-10-27 05:25:32,810] {dag.py:2420} INFO - Sync 1 DAGs
[2023-10-27 05:25:32,986] {logging_mixin.py:115} INFO - [2023-10-27 05:25:32,986] {dag.py:2972} INFO - Setting next_dagrun for example_time_delta_sensor_async to None, run_after=None
[2023-10-27 05:25:32,998] {processor.py:161} INFO - Processing /home/airflow/.local/lib/python3.7/site-packages/airflow/example_dags/example_time_delta_sensor_async.py took 0.250 seconds
[2023-10-27 05:26:03,815] {processor.py:153} INFO - Started process (PID=183) to work on /home/airflow/.local/lib/python3.7/site-packages/airflow/example_dags/example_time_delta_sensor_async.py
[2023-10-27 05:26:03,816] {processor.py:641} INFO - Processing file /home/airflow/.local/lib/python3.7/site-packages/airflow/example_dags/example_time_delta_sensor_async.py for tasks to queue
[2023-10-27 05:26:03,817] {logging_mixin.py:115} INFO - [2023-10-27 05:26:03,817] {dagbag.py:508} INFO - Filling up the DagBag from /home/airflow/.local/lib/python3.7/site-packages/airflow/example_dags/example_time_delta_sensor_async.py
[2023-10-27 05:26:03,823] {processor.py:651} INFO - DAG(s) dict_keys(['example_time_delta_sensor_async']) retrieved from /home/airflow/.local/lib/python3.7/site-packages/airflow/example_dags/example_time_delta_sensor_async.py
[2023-10-27 05:26:03,874] {logging_mixin.py:115} INFO - [2023-10-27 05:26:03,874] {dag.py:2420} INFO - Sync 1 DAGs
[2023-10-27 05:26:04,054] {logging_mixin.py:115} INFO - [2023-10-27 05:26:04,054] {dag.py:2972} INFO - Setting next_dagrun for example_time_delta_sensor_async to None, run_after=None
[2023-10-27 05:26:04,066] {processor.py:161} INFO - Processing /home/airflow/.local/lib/python3.7/site-packages/airflow/example_dags/example_time_delta_sensor_async.py took 0.255 seconds
[2023-10-27 05:26:34,733] {processor.py:153} INFO - Started process (PID=243) to work on /home/airflow/.local/lib/python3.7/site-packages/airflow/example_dags/example_time_delta_sensor_async.py
[2023-10-27 05:26:34,734] {processor.py:641} INFO - Processing file /home/airflow/.local/lib/python3.7/site-packages/airflow/example_dags/example_time_delta_sensor_async.py for tasks to queue
[2023-10-27 05:26:34,735] {logging_mixin.py:115} INFO - [2023-10-27 05:26:34,735] {dagbag.py:508} INFO - Filling up the DagBag from /home/airflow/.local/lib/python3.7/site-packages/airflow/example_dags/example_time_delta_sensor_async.py
[2023-10-27 05:26:34,741] {processor.py:651} INFO - DAG(s) dict_keys(['example_time_delta_sensor_async']) retrieved from /home/airflow/.local/lib/python3.7/site-packages/airflow/example_dags/example_time_delta_sensor_async.py
[2023-10-27 05:26:34,794] {logging_mixin.py:115} INFO - [2023-10-27 05:26:34,794] {dag.py:2420} INFO - Sync 1 DAGs
[2023-10-27 05:26:34,976] {logging_mixin.py:115} INFO - [2023-10-27 05:26:34,976] {dag.py:2972} INFO - Setting next_dagrun for example_time_delta_sensor_async to None, run_after=None
[2023-10-27 05:26:34,989] {processor.py:161} INFO - Processing /home/airflow/.local/lib/python3.7/site-packages/airflow/example_dags/example_time_delta_sensor_async.py took 0.260 seconds
[2023-10-27 05:27:05,495] {processor.py:153} INFO - Started process (PID=295) to work on /home/airflow/.local/lib/python3.7/site-packages/airflow/example_dags/example_time_delta_sensor_async.py
[2023-10-27 05:27:05,496] {processor.py:641} INFO - Processing file /home/airflow/.local/lib/python3.7/site-packages/airflow/example_dags/example_time_delta_sensor_async.py for tasks to queue
[2023-10-27 05:27:05,496] {logging_mixin.py:115} INFO - [2023-10-27 05:27:05,496] {dagbag.py:508} INFO - Filling up the DagBag from /home/airflow/.local/lib/python3.7/site-packages/airflow/example_dags/example_time_delta_sensor_async.py
[2023-10-27 05:27:05,503] {processor.py:651} INFO - DAG(s) dict_keys(['example_time_delta_sensor_async']) retrieved from /home/airflow/.local/lib/python3.7/site-packages/airflow/example_dags/example_time_delta_sensor_async.py
[2023-10-27 05:27:05,555] {logging_mixin.py:115} INFO - [2023-10-27 05:27:05,555] {dag.py:2420} INFO - Sync 1 DAGs
[2023-10-27 05:27:05,728] {logging_mixin.py:115} INFO - [2023-10-27 05:27:05,728] {dag.py:2972} INFO - Setting next_dagrun for example_time_delta_sensor_async to None, run_after=None
[2023-10-27 05:27:05,739] {processor.py:161} INFO - Processing /home/airflow/.local/lib/python3.7/site-packages/airflow/example_dags/example_time_delta_sensor_async.py took 0.248 seconds
[2023-10-27 05:28:19,360] {processor.py:153} INFO - Started process (PID=70) to work on /home/airflow/.local/lib/python3.7/site-packages/airflow/example_dags/example_time_delta_sensor_async.py
[2023-10-27 05:28:19,361] {processor.py:641} INFO - Processing file /home/airflow/.local/lib/python3.7/site-packages/airflow/example_dags/example_time_delta_sensor_async.py for tasks to queue
[2023-10-27 05:28:19,361] {logging_mixin.py:115} INFO - [2023-10-27 05:28:19,361] {dagbag.py:508} INFO - Filling up the DagBag from /home/airflow/.local/lib/python3.7/site-packages/airflow/example_dags/example_time_delta_sensor_async.py
[2023-10-27 05:28:19,369] {processor.py:651} INFO - DAG(s) dict_keys(['example_time_delta_sensor_async']) retrieved from /home/airflow/.local/lib/python3.7/site-packages/airflow/example_dags/example_time_delta_sensor_async.py
[2023-10-27 05:28:19,429] {logging_mixin.py:115} INFO - [2023-10-27 05:28:19,429] {dag.py:2420} INFO - Sync 1 DAGs
[2023-10-27 05:28:19,626] {logging_mixin.py:115} INFO - [2023-10-27 05:28:19,626] {dag.py:2972} INFO - Setting next_dagrun for example_time_delta_sensor_async to None, run_after=None
[2023-10-27 05:28:19,639] {processor.py:161} INFO - Processing /home/airflow/.local/lib/python3.7/site-packages/airflow/example_dags/example_time_delta_sensor_async.py took 0.284 seconds
[2023-10-27 05:28:52,545] {processor.py:153} INFO - Started process (PID=132) to work on /home/airflow/.local/lib/python3.7/site-packages/airflow/example_dags/example_time_delta_sensor_async.py
[2023-10-27 05:28:52,546] {processor.py:641} INFO - Processing file /home/airflow/.local/lib/python3.7/site-packages/airflow/example_dags/example_time_delta_sensor_async.py for tasks to queue
[2023-10-27 05:28:52,547] {logging_mixin.py:115} INFO - [2023-10-27 05:28:52,546] {dagbag.py:508} INFO - Filling up the DagBag from /home/airflow/.local/lib/python3.7/site-packages/airflow/example_dags/example_time_delta_sensor_async.py
[2023-10-27 05:28:52,554] {processor.py:651} INFO - DAG(s) dict_keys(['example_time_delta_sensor_async']) retrieved from /home/airflow/.local/lib/python3.7/site-packages/airflow/example_dags/example_time_delta_sensor_async.py
[2023-10-27 05:28:52,620] {logging_mixin.py:115} INFO - [2023-10-27 05:28:52,619] {dag.py:2420} INFO - Sync 1 DAGs
[2023-10-27 05:28:52,805] {logging_mixin.py:115} INFO - [2023-10-27 05:28:52,805] {dag.py:2972} INFO - Setting next_dagrun for example_time_delta_sensor_async to None, run_after=None
[2023-10-27 05:28:52,821] {processor.py:161} INFO - Processing /home/airflow/.local/lib/python3.7/site-packages/airflow/example_dags/example_time_delta_sensor_async.py took 0.281 seconds
[2023-10-27 05:29:23,083] {processor.py:153} INFO - Started process (PID=184) to work on /home/airflow/.local/lib/python3.7/site-packages/airflow/example_dags/example_time_delta_sensor_async.py
[2023-10-27 05:29:23,084] {processor.py:641} INFO - Processing file /home/airflow/.local/lib/python3.7/site-packages/airflow/example_dags/example_time_delta_sensor_async.py for tasks to queue
[2023-10-27 05:29:23,084] {logging_mixin.py:115} INFO - [2023-10-27 05:29:23,084] {dagbag.py:508} INFO - Filling up the DagBag from /home/airflow/.local/lib/python3.7/site-packages/airflow/example_dags/example_time_delta_sensor_async.py
[2023-10-27 05:29:23,090] {processor.py:651} INFO - DAG(s) dict_keys(['example_time_delta_sensor_async']) retrieved from /home/airflow/.local/lib/python3.7/site-packages/airflow/example_dags/example_time_delta_sensor_async.py
[2023-10-27 05:29:23,152] {logging_mixin.py:115} INFO - [2023-10-27 05:29:23,152] {dag.py:2420} INFO - Sync 1 DAGs
[2023-10-27 05:29:23,344] {logging_mixin.py:115} INFO - [2023-10-27 05:29:23,343] {dag.py:2972} INFO - Setting next_dagrun for example_time_delta_sensor_async to None, run_after=None
[2023-10-27 05:29:23,356] {processor.py:161} INFO - Processing /home/airflow/.local/lib/python3.7/site-packages/airflow/example_dags/example_time_delta_sensor_async.py took 0.277 seconds
[2023-10-27 05:29:53,794] {processor.py:153} INFO - Started process (PID=245) to work on /home/airflow/.local/lib/python3.7/site-packages/airflow/example_dags/example_time_delta_sensor_async.py
[2023-10-27 05:29:53,795] {processor.py:641} INFO - Processing file /home/airflow/.local/lib/python3.7/site-packages/airflow/example_dags/example_time_delta_sensor_async.py for tasks to queue
[2023-10-27 05:29:53,796] {logging_mixin.py:115} INFO - [2023-10-27 05:29:53,796] {dagbag.py:508} INFO - Filling up the DagBag from /home/airflow/.local/lib/python3.7/site-packages/airflow/example_dags/example_time_delta_sensor_async.py
[2023-10-27 05:29:53,802] {processor.py:651} INFO - DAG(s) dict_keys(['example_time_delta_sensor_async']) retrieved from /home/airflow/.local/lib/python3.7/site-packages/airflow/example_dags/example_time_delta_sensor_async.py
[2023-10-27 05:29:53,854] {logging_mixin.py:115} INFO - [2023-10-27 05:29:53,854] {dag.py:2420} INFO - Sync 1 DAGs
[2023-10-27 05:29:54,030] {logging_mixin.py:115} INFO - [2023-10-27 05:29:54,030] {dag.py:2972} INFO - Setting next_dagrun for example_time_delta_sensor_async to None, run_after=None
[2023-10-27 05:29:54,042] {processor.py:161} INFO - Processing /home/airflow/.local/lib/python3.7/site-packages/airflow/example_dags/example_time_delta_sensor_async.py took 0.252 seconds
[2023-10-27 05:30:25,786] {processor.py:153} INFO - Started process (PID=304) to work on /home/airflow/.local/lib/python3.7/site-packages/airflow/example_dags/example_time_delta_sensor_async.py
[2023-10-27 05:30:25,787] {processor.py:641} INFO - Processing file /home/airflow/.local/lib/python3.7/site-packages/airflow/example_dags/example_time_delta_sensor_async.py for tasks to queue
[2023-10-27 05:30:25,787] {logging_mixin.py:115} INFO - [2023-10-27 05:30:25,787] {dagbag.py:508} INFO - Filling up the DagBag from /home/airflow/.local/lib/python3.7/site-packages/airflow/example_dags/example_time_delta_sensor_async.py
[2023-10-27 05:30:25,794] {processor.py:651} INFO - DAG(s) dict_keys(['example_time_delta_sensor_async']) retrieved from /home/airflow/.local/lib/python3.7/site-packages/airflow/example_dags/example_time_delta_sensor_async.py
[2023-10-27 05:30:25,843] {logging_mixin.py:115} INFO - [2023-10-27 05:30:25,843] {dag.py:2420} INFO - Sync 1 DAGs
[2023-10-27 05:30:26,020] {logging_mixin.py:115} INFO - [2023-10-27 05:30:26,020] {dag.py:2972} INFO - Setting next_dagrun for example_time_delta_sensor_async to None, run_after=None
[2023-10-27 05:30:26,032] {processor.py:161} INFO - Processing /home/airflow/.local/lib/python3.7/site-packages/airflow/example_dags/example_time_delta_sensor_async.py took 0.250 seconds
[2023-10-27 05:31:01,259] {processor.py:153} INFO - Started process (PID=366) to work on /home/airflow/.local/lib/python3.7/site-packages/airflow/example_dags/example_time_delta_sensor_async.py
[2023-10-27 05:31:01,260] {processor.py:641} INFO - Processing file /home/airflow/.local/lib/python3.7/site-packages/airflow/example_dags/example_time_delta_sensor_async.py for tasks to queue
[2023-10-27 05:31:01,260] {logging_mixin.py:115} INFO - [2023-10-27 05:31:01,260] {dagbag.py:508} INFO - Filling up the DagBag from /home/airflow/.local/lib/python3.7/site-packages/airflow/example_dags/example_time_delta_sensor_async.py
[2023-10-27 05:31:01,267] {processor.py:651} INFO - DAG(s) dict_keys(['example_time_delta_sensor_async']) retrieved from /home/airflow/.local/lib/python3.7/site-packages/airflow/example_dags/example_time_delta_sensor_async.py
[2023-10-27 05:31:01,318] {logging_mixin.py:115} INFO - [2023-10-27 05:31:01,318] {dag.py:2420} INFO - Sync 1 DAGs
[2023-10-27 05:31:01,497] {logging_mixin.py:115} INFO - [2023-10-27 05:31:01,497] {dag.py:2972} INFO - Setting next_dagrun for example_time_delta_sensor_async to None, run_after=None
[2023-10-27 05:31:01,509] {processor.py:161} INFO - Processing /home/airflow/.local/lib/python3.7/site-packages/airflow/example_dags/example_time_delta_sensor_async.py took 0.255 seconds
[2023-10-27 05:31:32,050] {processor.py:153} INFO - Started process (PID=417) to work on /home/airflow/.local/lib/python3.7/site-packages/airflow/example_dags/example_time_delta_sensor_async.py
[2023-10-27 05:31:32,051] {processor.py:641} INFO - Processing file /home/airflow/.local/lib/python3.7/site-packages/airflow/example_dags/example_time_delta_sensor_async.py for tasks to queue
[2023-10-27 05:31:32,052] {logging_mixin.py:115} INFO - [2023-10-27 05:31:32,052] {dagbag.py:508} INFO - Filling up the DagBag from /home/airflow/.local/lib/python3.7/site-packages/airflow/example_dags/example_time_delta_sensor_async.py
[2023-10-27 05:31:32,058] {processor.py:651} INFO - DAG(s) dict_keys(['example_time_delta_sensor_async']) retrieved from /home/airflow/.local/lib/python3.7/site-packages/airflow/example_dags/example_time_delta_sensor_async.py
[2023-10-27 05:31:32,107] {logging_mixin.py:115} INFO - [2023-10-27 05:31:32,107] {dag.py:2420} INFO - Sync 1 DAGs
[2023-10-27 05:31:32,279] {logging_mixin.py:115} INFO - [2023-10-27 05:31:32,279] {dag.py:2972} INFO - Setting next_dagrun for example_time_delta_sensor_async to None, run_after=None
[2023-10-27 05:31:32,291] {processor.py:161} INFO - Processing /home/airflow/.local/lib/python3.7/site-packages/airflow/example_dags/example_time_delta_sensor_async.py took 0.245 seconds
[2023-10-27 05:32:02,513] {processor.py:153} INFO - Started process (PID=477) to work on /home/airflow/.local/lib/python3.7/site-packages/airflow/example_dags/example_time_delta_sensor_async.py
[2023-10-27 05:32:02,514] {processor.py:641} INFO - Processing file /home/airflow/.local/lib/python3.7/site-packages/airflow/example_dags/example_time_delta_sensor_async.py for tasks to queue
[2023-10-27 05:32:02,514] {logging_mixin.py:115} INFO - [2023-10-27 05:32:02,514] {dagbag.py:508} INFO - Filling up the DagBag from /home/airflow/.local/lib/python3.7/site-packages/airflow/example_dags/example_time_delta_sensor_async.py
[2023-10-27 05:32:02,520] {processor.py:651} INFO - DAG(s) dict_keys(['example_time_delta_sensor_async']) retrieved from /home/airflow/.local/lib/python3.7/site-packages/airflow/example_dags/example_time_delta_sensor_async.py
[2023-10-27 05:32:02,570] {logging_mixin.py:115} INFO - [2023-10-27 05:32:02,570] {dag.py:2420} INFO - Sync 1 DAGs
[2023-10-27 05:32:02,749] {logging_mixin.py:115} INFO - [2023-10-27 05:32:02,748] {dag.py:2972} INFO - Setting next_dagrun for example_time_delta_sensor_async to None, run_after=None
[2023-10-27 05:32:02,761] {processor.py:161} INFO - Processing /home/airflow/.local/lib/python3.7/site-packages/airflow/example_dags/example_time_delta_sensor_async.py took 0.252 seconds
[2023-10-27 05:32:32,927] {processor.py:153} INFO - Started process (PID=529) to work on /home/airflow/.local/lib/python3.7/site-packages/airflow/example_dags/example_time_delta_sensor_async.py
[2023-10-27 05:32:32,928] {processor.py:641} INFO - Processing file /home/airflow/.local/lib/python3.7/site-packages/airflow/example_dags/example_time_delta_sensor_async.py for tasks to queue
[2023-10-27 05:32:32,928] {logging_mixin.py:115} INFO - [2023-10-27 05:32:32,928] {dagbag.py:508} INFO - Filling up the DagBag from /home/airflow/.local/lib/python3.7/site-packages/airflow/example_dags/example_time_delta_sensor_async.py
[2023-10-27 05:32:32,934] {processor.py:651} INFO - DAG(s) dict_keys(['example_time_delta_sensor_async']) retrieved from /home/airflow/.local/lib/python3.7/site-packages/airflow/example_dags/example_time_delta_sensor_async.py
[2023-10-27 05:32:32,983] {logging_mixin.py:115} INFO - [2023-10-27 05:32:32,983] {dag.py:2420} INFO - Sync 1 DAGs
[2023-10-27 05:32:33,161] {logging_mixin.py:115} INFO - [2023-10-27 05:32:33,161] {dag.py:2972} INFO - Setting next_dagrun for example_time_delta_sensor_async to None, run_after=None
[2023-10-27 05:32:33,173] {processor.py:161} INFO - Processing /home/airflow/.local/lib/python3.7/site-packages/airflow/example_dags/example_time_delta_sensor_async.py took 0.249 seconds
[2023-10-27 05:33:03,385] {processor.py:153} INFO - Started process (PID=590) to work on /home/airflow/.local/lib/python3.7/site-packages/airflow/example_dags/example_time_delta_sensor_async.py
[2023-10-27 05:33:03,386] {processor.py:641} INFO - Processing file /home/airflow/.local/lib/python3.7/site-packages/airflow/example_dags/example_time_delta_sensor_async.py for tasks to queue
[2023-10-27 05:33:03,386] {logging_mixin.py:115} INFO - [2023-10-27 05:33:03,386] {dagbag.py:508} INFO - Filling up the DagBag from /home/airflow/.local/lib/python3.7/site-packages/airflow/example_dags/example_time_delta_sensor_async.py
[2023-10-27 05:33:03,392] {processor.py:651} INFO - DAG(s) dict_keys(['example_time_delta_sensor_async']) retrieved from /home/airflow/.local/lib/python3.7/site-packages/airflow/example_dags/example_time_delta_sensor_async.py
[2023-10-27 05:33:03,441] {logging_mixin.py:115} INFO - [2023-10-27 05:33:03,441] {dag.py:2420} INFO - Sync 1 DAGs
[2023-10-27 05:33:03,618] {logging_mixin.py:115} INFO - [2023-10-27 05:33:03,618] {dag.py:2972} INFO - Setting next_dagrun for example_time_delta_sensor_async to None, run_after=None
[2023-10-27 05:33:03,630] {processor.py:161} INFO - Processing /home/airflow/.local/lib/python3.7/site-packages/airflow/example_dags/example_time_delta_sensor_async.py took 0.249 seconds
[2023-10-27 05:33:34,215] {processor.py:153} INFO - Started process (PID=652) to work on /home/airflow/.local/lib/python3.7/site-packages/airflow/example_dags/example_time_delta_sensor_async.py
[2023-10-27 05:33:34,216] {processor.py:641} INFO - Processing file /home/airflow/.local/lib/python3.7/site-packages/airflow/example_dags/example_time_delta_sensor_async.py for tasks to queue
[2023-10-27 05:33:34,216] {logging_mixin.py:115} INFO - [2023-10-27 05:33:34,216] {dagbag.py:508} INFO - Filling up the DagBag from /home/airflow/.local/lib/python3.7/site-packages/airflow/example_dags/example_time_delta_sensor_async.py
[2023-10-27 05:33:34,224] {processor.py:651} INFO - DAG(s) dict_keys(['example_time_delta_sensor_async']) retrieved from /home/airflow/.local/lib/python3.7/site-packages/airflow/example_dags/example_time_delta_sensor_async.py
[2023-10-27 05:33:34,274] {logging_mixin.py:115} INFO - [2023-10-27 05:33:34,274] {dag.py:2420} INFO - Sync 1 DAGs
[2023-10-27 05:33:34,453] {logging_mixin.py:115} INFO - [2023-10-27 05:33:34,452] {dag.py:2972} INFO - Setting next_dagrun for example_time_delta_sensor_async to None, run_after=None
[2023-10-27 05:33:34,465] {processor.py:161} INFO - Processing /home/airflow/.local/lib/python3.7/site-packages/airflow/example_dags/example_time_delta_sensor_async.py took 0.254 seconds
[2023-10-27 05:34:05,044] {processor.py:153} INFO - Started process (PID=705) to work on /home/airflow/.local/lib/python3.7/site-packages/airflow/example_dags/example_time_delta_sensor_async.py
[2023-10-27 05:34:05,045] {processor.py:641} INFO - Processing file /home/airflow/.local/lib/python3.7/site-packages/airflow/example_dags/example_time_delta_sensor_async.py for tasks to queue
[2023-10-27 05:34:05,046] {logging_mixin.py:115} INFO - [2023-10-27 05:34:05,046] {dagbag.py:508} INFO - Filling up the DagBag from /home/airflow/.local/lib/python3.7/site-packages/airflow/example_dags/example_time_delta_sensor_async.py
[2023-10-27 05:34:05,052] {processor.py:651} INFO - DAG(s) dict_keys(['example_time_delta_sensor_async']) retrieved from /home/airflow/.local/lib/python3.7/site-packages/airflow/example_dags/example_time_delta_sensor_async.py
[2023-10-27 05:34:05,101] {logging_mixin.py:115} INFO - [2023-10-27 05:34:05,101] {dag.py:2420} INFO - Sync 1 DAGs
[2023-10-27 05:34:05,279] {logging_mixin.py:115} INFO - [2023-10-27 05:34:05,279] {dag.py:2972} INFO - Setting next_dagrun for example_time_delta_sensor_async to None, run_after=None
[2023-10-27 05:34:05,291] {processor.py:161} INFO - Processing /home/airflow/.local/lib/python3.7/site-packages/airflow/example_dags/example_time_delta_sensor_async.py took 0.251 seconds
[2023-10-27 05:34:35,769] {processor.py:153} INFO - Started process (PID=767) to work on /home/airflow/.local/lib/python3.7/site-packages/airflow/example_dags/example_time_delta_sensor_async.py
[2023-10-27 05:34:35,770] {processor.py:641} INFO - Processing file /home/airflow/.local/lib/python3.7/site-packages/airflow/example_dags/example_time_delta_sensor_async.py for tasks to queue
[2023-10-27 05:34:35,771] {logging_mixin.py:115} INFO - [2023-10-27 05:34:35,771] {dagbag.py:508} INFO - Filling up the DagBag from /home/airflow/.local/lib/python3.7/site-packages/airflow/example_dags/example_time_delta_sensor_async.py
[2023-10-27 05:34:35,778] {processor.py:651} INFO - DAG(s) dict_keys(['example_time_delta_sensor_async']) retrieved from /home/airflow/.local/lib/python3.7/site-packages/airflow/example_dags/example_time_delta_sensor_async.py
[2023-10-27 05:34:35,829] {logging_mixin.py:115} INFO - [2023-10-27 05:34:35,828] {dag.py:2420} INFO - Sync 1 DAGs
[2023-10-27 05:34:36,014] {logging_mixin.py:115} INFO - [2023-10-27 05:34:36,014] {dag.py:2972} INFO - Setting next_dagrun for example_time_delta_sensor_async to None, run_after=None
[2023-10-27 05:34:36,027] {processor.py:161} INFO - Processing /home/airflow/.local/lib/python3.7/site-packages/airflow/example_dags/example_time_delta_sensor_async.py took 0.263 seconds
[2023-10-27 05:35:06,767] {processor.py:153} INFO - Started process (PID=828) to work on /home/airflow/.local/lib/python3.7/site-packages/airflow/example_dags/example_time_delta_sensor_async.py
[2023-10-27 05:35:06,768] {processor.py:641} INFO - Processing file /home/airflow/.local/lib/python3.7/site-packages/airflow/example_dags/example_time_delta_sensor_async.py for tasks to queue
[2023-10-27 05:35:06,769] {logging_mixin.py:115} INFO - [2023-10-27 05:35:06,769] {dagbag.py:508} INFO - Filling up the DagBag from /home/airflow/.local/lib/python3.7/site-packages/airflow/example_dags/example_time_delta_sensor_async.py
[2023-10-27 05:35:06,775] {processor.py:651} INFO - DAG(s) dict_keys(['example_time_delta_sensor_async']) retrieved from /home/airflow/.local/lib/python3.7/site-packages/airflow/example_dags/example_time_delta_sensor_async.py
[2023-10-27 05:35:06,825] {logging_mixin.py:115} INFO - [2023-10-27 05:35:06,825] {dag.py:2420} INFO - Sync 1 DAGs
[2023-10-27 05:35:07,005] {logging_mixin.py:115} INFO - [2023-10-27 05:35:07,005] {dag.py:2972} INFO - Setting next_dagrun for example_time_delta_sensor_async to None, run_after=None
[2023-10-27 05:35:07,018] {processor.py:161} INFO - Processing /home/airflow/.local/lib/python3.7/site-packages/airflow/example_dags/example_time_delta_sensor_async.py took 0.255 seconds
[2023-10-27 05:35:37,076] {processor.py:153} INFO - Started process (PID=879) to work on /home/airflow/.local/lib/python3.7/site-packages/airflow/example_dags/example_time_delta_sensor_async.py
[2023-10-27 05:35:37,077] {processor.py:641} INFO - Processing file /home/airflow/.local/lib/python3.7/site-packages/airflow/example_dags/example_time_delta_sensor_async.py for tasks to queue
[2023-10-27 05:35:37,077] {logging_mixin.py:115} INFO - [2023-10-27 05:35:37,077] {dagbag.py:508} INFO - Filling up the DagBag from /home/airflow/.local/lib/python3.7/site-packages/airflow/example_dags/example_time_delta_sensor_async.py
[2023-10-27 05:35:37,083] {processor.py:651} INFO - DAG(s) dict_keys(['example_time_delta_sensor_async']) retrieved from /home/airflow/.local/lib/python3.7/site-packages/airflow/example_dags/example_time_delta_sensor_async.py
[2023-10-27 05:35:37,133] {logging_mixin.py:115} INFO - [2023-10-27 05:35:37,133] {dag.py:2420} INFO - Sync 1 DAGs
[2023-10-27 05:35:37,308] {logging_mixin.py:115} INFO - [2023-10-27 05:35:37,308] {dag.py:2972} INFO - Setting next_dagrun for example_time_delta_sensor_async to None, run_after=None
[2023-10-27 05:35:37,320] {processor.py:161} INFO - Processing /home/airflow/.local/lib/python3.7/site-packages/airflow/example_dags/example_time_delta_sensor_async.py took 0.248 seconds
[2023-10-27 05:36:07,673] {processor.py:153} INFO - Started process (PID=940) to work on /home/airflow/.local/lib/python3.7/site-packages/airflow/example_dags/example_time_delta_sensor_async.py
[2023-10-27 05:36:07,674] {processor.py:641} INFO - Processing file /home/airflow/.local/lib/python3.7/site-packages/airflow/example_dags/example_time_delta_sensor_async.py for tasks to queue
[2023-10-27 05:36:07,674] {logging_mixin.py:115} INFO - [2023-10-27 05:36:07,674] {dagbag.py:508} INFO - Filling up the DagBag from /home/airflow/.local/lib/python3.7/site-packages/airflow/example_dags/example_time_delta_sensor_async.py
[2023-10-27 05:36:07,680] {processor.py:651} INFO - DAG(s) dict_keys(['example_time_delta_sensor_async']) retrieved from /home/airflow/.local/lib/python3.7/site-packages/airflow/example_dags/example_time_delta_sensor_async.py
[2023-10-27 05:36:07,731] {logging_mixin.py:115} INFO - [2023-10-27 05:36:07,731] {dag.py:2420} INFO - Sync 1 DAGs
[2023-10-27 05:36:07,908] {logging_mixin.py:115} INFO - [2023-10-27 05:36:07,908] {dag.py:2972} INFO - Setting next_dagrun for example_time_delta_sensor_async to None, run_after=None
[2023-10-27 05:36:07,920] {processor.py:161} INFO - Processing /home/airflow/.local/lib/python3.7/site-packages/airflow/example_dags/example_time_delta_sensor_async.py took 0.251 seconds
[2023-10-27 05:36:38,120] {processor.py:153} INFO - Started process (PID=992) to work on /home/airflow/.local/lib/python3.7/site-packages/airflow/example_dags/example_time_delta_sensor_async.py
[2023-10-27 05:36:38,120] {processor.py:641} INFO - Processing file /home/airflow/.local/lib/python3.7/site-packages/airflow/example_dags/example_time_delta_sensor_async.py for tasks to queue
[2023-10-27 05:36:38,121] {logging_mixin.py:115} INFO - [2023-10-27 05:36:38,121] {dagbag.py:508} INFO - Filling up the DagBag from /home/airflow/.local/lib/python3.7/site-packages/airflow/example_dags/example_time_delta_sensor_async.py
[2023-10-27 05:36:38,129] {processor.py:651} INFO - DAG(s) dict_keys(['example_time_delta_sensor_async']) retrieved from /home/airflow/.local/lib/python3.7/site-packages/airflow/example_dags/example_time_delta_sensor_async.py
[2023-10-27 05:36:38,185] {logging_mixin.py:115} INFO - [2023-10-27 05:36:38,184] {dag.py:2420} INFO - Sync 1 DAGs
[2023-10-27 05:36:38,364] {logging_mixin.py:115} INFO - [2023-10-27 05:36:38,363] {dag.py:2972} INFO - Setting next_dagrun for example_time_delta_sensor_async to None, run_after=None
[2023-10-27 05:36:38,377] {processor.py:161} INFO - Processing /home/airflow/.local/lib/python3.7/site-packages/airflow/example_dags/example_time_delta_sensor_async.py took 0.261 seconds
[2023-10-27 05:37:08,457] {processor.py:153} INFO - Started process (PID=1052) to work on /home/airflow/.local/lib/python3.7/site-packages/airflow/example_dags/example_time_delta_sensor_async.py
[2023-10-27 05:37:08,458] {processor.py:641} INFO - Processing file /home/airflow/.local/lib/python3.7/site-packages/airflow/example_dags/example_time_delta_sensor_async.py for tasks to queue
[2023-10-27 05:37:08,458] {logging_mixin.py:115} INFO - [2023-10-27 05:37:08,458] {dagbag.py:508} INFO - Filling up the DagBag from /home/airflow/.local/lib/python3.7/site-packages/airflow/example_dags/example_time_delta_sensor_async.py
[2023-10-27 05:37:08,464] {processor.py:651} INFO - DAG(s) dict_keys(['example_time_delta_sensor_async']) retrieved from /home/airflow/.local/lib/python3.7/site-packages/airflow/example_dags/example_time_delta_sensor_async.py
[2023-10-27 05:37:08,513] {logging_mixin.py:115} INFO - [2023-10-27 05:37:08,513] {dag.py:2420} INFO - Sync 1 DAGs
[2023-10-27 05:37:08,688] {logging_mixin.py:115} INFO - [2023-10-27 05:37:08,688] {dag.py:2972} INFO - Setting next_dagrun for example_time_delta_sensor_async to None, run_after=None
[2023-10-27 05:37:08,699] {processor.py:161} INFO - Processing /home/airflow/.local/lib/python3.7/site-packages/airflow/example_dags/example_time_delta_sensor_async.py took 0.246 seconds
[2023-10-27 05:37:39,307] {processor.py:153} INFO - Started process (PID=1112) to work on /home/airflow/.local/lib/python3.7/site-packages/airflow/example_dags/example_time_delta_sensor_async.py
[2023-10-27 05:37:39,307] {processor.py:641} INFO - Processing file /home/airflow/.local/lib/python3.7/site-packages/airflow/example_dags/example_time_delta_sensor_async.py for tasks to queue
[2023-10-27 05:37:39,308] {logging_mixin.py:115} INFO - [2023-10-27 05:37:39,308] {dagbag.py:508} INFO - Filling up the DagBag from /home/airflow/.local/lib/python3.7/site-packages/airflow/example_dags/example_time_delta_sensor_async.py
[2023-10-27 05:37:39,314] {processor.py:651} INFO - DAG(s) dict_keys(['example_time_delta_sensor_async']) retrieved from /home/airflow/.local/lib/python3.7/site-packages/airflow/example_dags/example_time_delta_sensor_async.py
[2023-10-27 05:37:39,366] {logging_mixin.py:115} INFO - [2023-10-27 05:37:39,366] {dag.py:2420} INFO - Sync 1 DAGs
[2023-10-27 05:37:39,546] {logging_mixin.py:115} INFO - [2023-10-27 05:37:39,546] {dag.py:2972} INFO - Setting next_dagrun for example_time_delta_sensor_async to None, run_after=None
[2023-10-27 05:37:39,557] {processor.py:161} INFO - Processing /home/airflow/.local/lib/python3.7/site-packages/airflow/example_dags/example_time_delta_sensor_async.py took 0.255 seconds
[2023-10-27 05:38:09,762] {processor.py:153} INFO - Started process (PID=1164) to work on /home/airflow/.local/lib/python3.7/site-packages/airflow/example_dags/example_time_delta_sensor_async.py
[2023-10-27 05:38:09,763] {processor.py:641} INFO - Processing file /home/airflow/.local/lib/python3.7/site-packages/airflow/example_dags/example_time_delta_sensor_async.py for tasks to queue
[2023-10-27 05:38:09,763] {logging_mixin.py:115} INFO - [2023-10-27 05:38:09,763] {dagbag.py:508} INFO - Filling up the DagBag from /home/airflow/.local/lib/python3.7/site-packages/airflow/example_dags/example_time_delta_sensor_async.py
[2023-10-27 05:38:09,769] {processor.py:651} INFO - DAG(s) dict_keys(['example_time_delta_sensor_async']) retrieved from /home/airflow/.local/lib/python3.7/site-packages/airflow/example_dags/example_time_delta_sensor_async.py
[2023-10-27 05:38:09,822] {logging_mixin.py:115} INFO - [2023-10-27 05:38:09,822] {dag.py:2420} INFO - Sync 1 DAGs
[2023-10-27 05:38:09,996] {logging_mixin.py:115} INFO - [2023-10-27 05:38:09,996] {dag.py:2972} INFO - Setting next_dagrun for example_time_delta_sensor_async to None, run_after=None
[2023-10-27 05:38:10,008] {processor.py:161} INFO - Processing /home/airflow/.local/lib/python3.7/site-packages/airflow/example_dags/example_time_delta_sensor_async.py took 0.250 seconds
[2023-10-27 05:38:40,049] {processor.py:153} INFO - Started process (PID=1225) to work on /home/airflow/.local/lib/python3.7/site-packages/airflow/example_dags/example_time_delta_sensor_async.py
[2023-10-27 05:38:40,050] {processor.py:641} INFO - Processing file /home/airflow/.local/lib/python3.7/site-packages/airflow/example_dags/example_time_delta_sensor_async.py for tasks to queue
[2023-10-27 05:38:40,051] {logging_mixin.py:115} INFO - [2023-10-27 05:38:40,050] {dagbag.py:508} INFO - Filling up the DagBag from /home/airflow/.local/lib/python3.7/site-packages/airflow/example_dags/example_time_delta_sensor_async.py
[2023-10-27 05:38:40,057] {processor.py:651} INFO - DAG(s) dict_keys(['example_time_delta_sensor_async']) retrieved from /home/airflow/.local/lib/python3.7/site-packages/airflow/example_dags/example_time_delta_sensor_async.py
[2023-10-27 05:38:40,107] {logging_mixin.py:115} INFO - [2023-10-27 05:38:40,107] {dag.py:2420} INFO - Sync 1 DAGs
[2023-10-27 05:38:40,285] {logging_mixin.py:115} INFO - [2023-10-27 05:38:40,285] {dag.py:2972} INFO - Setting next_dagrun for example_time_delta_sensor_async to None, run_after=None
[2023-10-27 05:38:40,297] {processor.py:161} INFO - Processing /home/airflow/.local/lib/python3.7/site-packages/airflow/example_dags/example_time_delta_sensor_async.py took 0.251 seconds
[2023-10-27 05:39:10,348] {processor.py:153} INFO - Started process (PID=1280) to work on /home/airflow/.local/lib/python3.7/site-packages/airflow/example_dags/example_time_delta_sensor_async.py
[2023-10-27 05:39:10,349] {processor.py:641} INFO - Processing file /home/airflow/.local/lib/python3.7/site-packages/airflow/example_dags/example_time_delta_sensor_async.py for tasks to queue
[2023-10-27 05:39:10,350] {logging_mixin.py:115} INFO - [2023-10-27 05:39:10,350] {dagbag.py:508} INFO - Filling up the DagBag from /home/airflow/.local/lib/python3.7/site-packages/airflow/example_dags/example_time_delta_sensor_async.py
[2023-10-27 05:39:10,357] {processor.py:651} INFO - DAG(s) dict_keys(['example_time_delta_sensor_async']) retrieved from /home/airflow/.local/lib/python3.7/site-packages/airflow/example_dags/example_time_delta_sensor_async.py
[2023-10-27 05:39:10,411] {logging_mixin.py:115} INFO - [2023-10-27 05:39:10,410] {dag.py:2420} INFO - Sync 1 DAGs
[2023-10-27 05:39:10,594] {logging_mixin.py:115} INFO - [2023-10-27 05:39:10,594] {dag.py:2972} INFO - Setting next_dagrun for example_time_delta_sensor_async to None, run_after=None
[2023-10-27 05:39:10,605] {processor.py:161} INFO - Processing /home/airflow/.local/lib/python3.7/site-packages/airflow/example_dags/example_time_delta_sensor_async.py took 0.262 seconds
[2023-10-27 05:39:40,998] {processor.py:153} INFO - Started process (PID=1339) to work on /home/airflow/.local/lib/python3.7/site-packages/airflow/example_dags/example_time_delta_sensor_async.py
[2023-10-27 05:39:40,999] {processor.py:641} INFO - Processing file /home/airflow/.local/lib/python3.7/site-packages/airflow/example_dags/example_time_delta_sensor_async.py for tasks to queue
[2023-10-27 05:39:40,999] {logging_mixin.py:115} INFO - [2023-10-27 05:39:40,999] {dagbag.py:508} INFO - Filling up the DagBag from /home/airflow/.local/lib/python3.7/site-packages/airflow/example_dags/example_time_delta_sensor_async.py
[2023-10-27 05:39:41,006] {processor.py:651} INFO - DAG(s) dict_keys(['example_time_delta_sensor_async']) retrieved from /home/airflow/.local/lib/python3.7/site-packages/airflow/example_dags/example_time_delta_sensor_async.py
[2023-10-27 05:39:41,055] {logging_mixin.py:115} INFO - [2023-10-27 05:39:41,055] {dag.py:2420} INFO - Sync 1 DAGs
[2023-10-27 05:39:41,232] {logging_mixin.py:115} INFO - [2023-10-27 05:39:41,231] {dag.py:2972} INFO - Setting next_dagrun for example_time_delta_sensor_async to None, run_after=None
[2023-10-27 05:39:41,244] {processor.py:161} INFO - Processing /home/airflow/.local/lib/python3.7/site-packages/airflow/example_dags/example_time_delta_sensor_async.py took 0.250 seconds
[2023-10-27 05:40:11,760] {processor.py:153} INFO - Started process (PID=1399) to work on /home/airflow/.local/lib/python3.7/site-packages/airflow/example_dags/example_time_delta_sensor_async.py
[2023-10-27 05:40:11,761] {processor.py:641} INFO - Processing file /home/airflow/.local/lib/python3.7/site-packages/airflow/example_dags/example_time_delta_sensor_async.py for tasks to queue
[2023-10-27 05:40:11,762] {logging_mixin.py:115} INFO - [2023-10-27 05:40:11,762] {dagbag.py:508} INFO - Filling up the DagBag from /home/airflow/.local/lib/python3.7/site-packages/airflow/example_dags/example_time_delta_sensor_async.py
[2023-10-27 05:40:11,769] {processor.py:651} INFO - DAG(s) dict_keys(['example_time_delta_sensor_async']) retrieved from /home/airflow/.local/lib/python3.7/site-packages/airflow/example_dags/example_time_delta_sensor_async.py
[2023-10-27 05:40:11,822] {logging_mixin.py:115} INFO - [2023-10-27 05:40:11,822] {dag.py:2420} INFO - Sync 1 DAGs
[2023-10-27 05:40:11,995] {logging_mixin.py:115} INFO - [2023-10-27 05:40:11,995] {dag.py:2972} INFO - Setting next_dagrun for example_time_delta_sensor_async to None, run_after=None
[2023-10-27 05:40:12,007] {processor.py:161} INFO - Processing /home/airflow/.local/lib/python3.7/site-packages/airflow/example_dags/example_time_delta_sensor_async.py took 0.251 seconds
[2023-10-27 05:40:42,326] {processor.py:153} INFO - Started process (PID=1451) to work on /home/airflow/.local/lib/python3.7/site-packages/airflow/example_dags/example_time_delta_sensor_async.py
[2023-10-27 05:40:42,327] {processor.py:641} INFO - Processing file /home/airflow/.local/lib/python3.7/site-packages/airflow/example_dags/example_time_delta_sensor_async.py for tasks to queue
[2023-10-27 05:40:42,327] {logging_mixin.py:115} INFO - [2023-10-27 05:40:42,327] {dagbag.py:508} INFO - Filling up the DagBag from /home/airflow/.local/lib/python3.7/site-packages/airflow/example_dags/example_time_delta_sensor_async.py
[2023-10-27 05:40:42,334] {processor.py:651} INFO - DAG(s) dict_keys(['example_time_delta_sensor_async']) retrieved from /home/airflow/.local/lib/python3.7/site-packages/airflow/example_dags/example_time_delta_sensor_async.py
[2023-10-27 05:40:47,384] {logging_mixin.py:115} INFO - [2023-10-27 05:40:47,384] {dag.py:2420} INFO - Sync 1 DAGs
[2023-10-27 05:40:47,564] {logging_mixin.py:115} INFO - [2023-10-27 05:40:47,564] {dag.py:2972} INFO - Setting next_dagrun for example_time_delta_sensor_async to None, run_after=None
[2023-10-27 05:40:47,576] {processor.py:161} INFO - Processing /home/airflow/.local/lib/python3.7/site-packages/airflow/example_dags/example_time_delta_sensor_async.py took 5.254 seconds
[2023-10-27 05:41:18,388] {processor.py:153} INFO - Started process (PID=1519) to work on /home/airflow/.local/lib/python3.7/site-packages/airflow/example_dags/example_time_delta_sensor_async.py
[2023-10-27 05:41:18,388] {processor.py:641} INFO - Processing file /home/airflow/.local/lib/python3.7/site-packages/airflow/example_dags/example_time_delta_sensor_async.py for tasks to queue
[2023-10-27 05:41:18,389] {logging_mixin.py:115} INFO - [2023-10-27 05:41:18,389] {dagbag.py:508} INFO - Filling up the DagBag from /home/airflow/.local/lib/python3.7/site-packages/airflow/example_dags/example_time_delta_sensor_async.py
[2023-10-27 05:41:18,395] {processor.py:651} INFO - DAG(s) dict_keys(['example_time_delta_sensor_async']) retrieved from /home/airflow/.local/lib/python3.7/site-packages/airflow/example_dags/example_time_delta_sensor_async.py
[2023-10-27 05:41:18,444] {logging_mixin.py:115} INFO - [2023-10-27 05:41:18,444] {dag.py:2420} INFO - Sync 1 DAGs
[2023-10-27 05:41:18,623] {logging_mixin.py:115} INFO - [2023-10-27 05:41:18,623] {dag.py:2972} INFO - Setting next_dagrun for example_time_delta_sensor_async to None, run_after=None
[2023-10-27 05:41:18,635] {processor.py:161} INFO - Processing /home/airflow/.local/lib/python3.7/site-packages/airflow/example_dags/example_time_delta_sensor_async.py took 0.252 seconds
[2023-10-27 05:41:49,125] {processor.py:153} INFO - Started process (PID=1580) to work on /home/airflow/.local/lib/python3.7/site-packages/airflow/example_dags/example_time_delta_sensor_async.py
[2023-10-27 05:41:49,126] {processor.py:641} INFO - Processing file /home/airflow/.local/lib/python3.7/site-packages/airflow/example_dags/example_time_delta_sensor_async.py for tasks to queue
[2023-10-27 05:41:49,127] {logging_mixin.py:115} INFO - [2023-10-27 05:41:49,127] {dagbag.py:508} INFO - Filling up the DagBag from /home/airflow/.local/lib/python3.7/site-packages/airflow/example_dags/example_time_delta_sensor_async.py
[2023-10-27 05:41:49,136] {processor.py:651} INFO - DAG(s) dict_keys(['example_time_delta_sensor_async']) retrieved from /home/airflow/.local/lib/python3.7/site-packages/airflow/example_dags/example_time_delta_sensor_async.py
[2023-10-27 05:41:49,205] {logging_mixin.py:115} INFO - [2023-10-27 05:41:49,205] {dag.py:2420} INFO - Sync 1 DAGs
[2023-10-27 05:41:49,383] {logging_mixin.py:115} INFO - [2023-10-27 05:41:49,383] {dag.py:2972} INFO - Setting next_dagrun for example_time_delta_sensor_async to None, run_after=None
[2023-10-27 05:41:49,395] {processor.py:161} INFO - Processing /home/airflow/.local/lib/python3.7/site-packages/airflow/example_dags/example_time_delta_sensor_async.py took 0.274 seconds
[2023-10-27 05:42:20,167] {processor.py:153} INFO - Started process (PID=1632) to work on /home/airflow/.local/lib/python3.7/site-packages/airflow/example_dags/example_time_delta_sensor_async.py
[2023-10-27 05:42:20,167] {processor.py:641} INFO - Processing file /home/airflow/.local/lib/python3.7/site-packages/airflow/example_dags/example_time_delta_sensor_async.py for tasks to queue
[2023-10-27 05:42:20,168] {logging_mixin.py:115} INFO - [2023-10-27 05:42:20,168] {dagbag.py:508} INFO - Filling up the DagBag from /home/airflow/.local/lib/python3.7/site-packages/airflow/example_dags/example_time_delta_sensor_async.py
[2023-10-27 05:42:20,174] {processor.py:651} INFO - DAG(s) dict_keys(['example_time_delta_sensor_async']) retrieved from /home/airflow/.local/lib/python3.7/site-packages/airflow/example_dags/example_time_delta_sensor_async.py
[2023-10-27 05:42:20,225] {logging_mixin.py:115} INFO - [2023-10-27 05:42:20,224] {dag.py:2420} INFO - Sync 1 DAGs
[2023-10-27 05:42:20,400] {logging_mixin.py:115} INFO - [2023-10-27 05:42:20,400] {dag.py:2972} INFO - Setting next_dagrun for example_time_delta_sensor_async to None, run_after=None
[2023-10-27 05:42:20,412] {processor.py:161} INFO - Processing /home/airflow/.local/lib/python3.7/site-packages/airflow/example_dags/example_time_delta_sensor_async.py took 0.249 seconds
[2023-10-27 05:42:50,977] {processor.py:153} INFO - Started process (PID=1692) to work on /home/airflow/.local/lib/python3.7/site-packages/airflow/example_dags/example_time_delta_sensor_async.py
[2023-10-27 05:42:50,978] {processor.py:641} INFO - Processing file /home/airflow/.local/lib/python3.7/site-packages/airflow/example_dags/example_time_delta_sensor_async.py for tasks to queue
[2023-10-27 05:42:50,978] {logging_mixin.py:115} INFO - [2023-10-27 05:42:50,978] {dagbag.py:508} INFO - Filling up the DagBag from /home/airflow/.local/lib/python3.7/site-packages/airflow/example_dags/example_time_delta_sensor_async.py
[2023-10-27 05:42:50,985] {processor.py:651} INFO - DAG(s) dict_keys(['example_time_delta_sensor_async']) retrieved from /home/airflow/.local/lib/python3.7/site-packages/airflow/example_dags/example_time_delta_sensor_async.py
[2023-10-27 05:42:51,033] {logging_mixin.py:115} INFO - [2023-10-27 05:42:51,033] {dag.py:2420} INFO - Sync 1 DAGs
[2023-10-27 05:42:51,204] {logging_mixin.py:115} INFO - [2023-10-27 05:42:51,204] {dag.py:2972} INFO - Setting next_dagrun for example_time_delta_sensor_async to None, run_after=None
[2023-10-27 05:42:51,216] {processor.py:161} INFO - Processing /home/airflow/.local/lib/python3.7/site-packages/airflow/example_dags/example_time_delta_sensor_async.py took 0.243 seconds
[2023-10-27 05:43:21,304] {processor.py:153} INFO - Started process (PID=1743) to work on /home/airflow/.local/lib/python3.7/site-packages/airflow/example_dags/example_time_delta_sensor_async.py
[2023-10-27 05:43:21,304] {processor.py:641} INFO - Processing file /home/airflow/.local/lib/python3.7/site-packages/airflow/example_dags/example_time_delta_sensor_async.py for tasks to queue
[2023-10-27 05:43:21,305] {logging_mixin.py:115} INFO - [2023-10-27 05:43:21,305] {dagbag.py:508} INFO - Filling up the DagBag from /home/airflow/.local/lib/python3.7/site-packages/airflow/example_dags/example_time_delta_sensor_async.py
[2023-10-27 05:43:21,311] {processor.py:651} INFO - DAG(s) dict_keys(['example_time_delta_sensor_async']) retrieved from /home/airflow/.local/lib/python3.7/site-packages/airflow/example_dags/example_time_delta_sensor_async.py
[2023-10-27 05:43:21,512] {logging_mixin.py:115} INFO - [2023-10-27 05:43:21,512] {dag.py:2420} INFO - Sync 1 DAGs
[2023-10-27 05:43:21,533] {logging_mixin.py:115} INFO - [2023-10-27 05:43:21,533] {dag.py:2972} INFO - Setting next_dagrun for example_time_delta_sensor_async to None, run_after=None
[2023-10-27 05:43:21,545] {processor.py:161} INFO - Processing /home/airflow/.local/lib/python3.7/site-packages/airflow/example_dags/example_time_delta_sensor_async.py took 0.245 seconds
[2023-10-27 05:43:51,711] {processor.py:153} INFO - Started process (PID=1803) to work on /home/airflow/.local/lib/python3.7/site-packages/airflow/example_dags/example_time_delta_sensor_async.py
[2023-10-27 05:43:51,712] {processor.py:641} INFO - Processing file /home/airflow/.local/lib/python3.7/site-packages/airflow/example_dags/example_time_delta_sensor_async.py for tasks to queue
[2023-10-27 05:43:51,712] {logging_mixin.py:115} INFO - [2023-10-27 05:43:51,712] {dagbag.py:508} INFO - Filling up the DagBag from /home/airflow/.local/lib/python3.7/site-packages/airflow/example_dags/example_time_delta_sensor_async.py
[2023-10-27 05:43:51,718] {processor.py:651} INFO - DAG(s) dict_keys(['example_time_delta_sensor_async']) retrieved from /home/airflow/.local/lib/python3.7/site-packages/airflow/example_dags/example_time_delta_sensor_async.py
[2023-10-27 05:43:51,925] {logging_mixin.py:115} INFO - [2023-10-27 05:43:51,925] {dag.py:2420} INFO - Sync 1 DAGs
[2023-10-27 05:43:51,947] {logging_mixin.py:115} INFO - [2023-10-27 05:43:51,947] {dag.py:2972} INFO - Setting next_dagrun for example_time_delta_sensor_async to None, run_after=None
[2023-10-27 05:43:51,959] {processor.py:161} INFO - Processing /home/airflow/.local/lib/python3.7/site-packages/airflow/example_dags/example_time_delta_sensor_async.py took 0.253 seconds
[2023-10-27 05:44:22,098] {processor.py:153} INFO - Started process (PID=1864) to work on /home/airflow/.local/lib/python3.7/site-packages/airflow/example_dags/example_time_delta_sensor_async.py
[2023-10-27 05:44:22,099] {processor.py:641} INFO - Processing file /home/airflow/.local/lib/python3.7/site-packages/airflow/example_dags/example_time_delta_sensor_async.py for tasks to queue
[2023-10-27 05:44:22,099] {logging_mixin.py:115} INFO - [2023-10-27 05:44:22,099] {dagbag.py:508} INFO - Filling up the DagBag from /home/airflow/.local/lib/python3.7/site-packages/airflow/example_dags/example_time_delta_sensor_async.py
[2023-10-27 05:44:22,106] {processor.py:651} INFO - DAG(s) dict_keys(['example_time_delta_sensor_async']) retrieved from /home/airflow/.local/lib/python3.7/site-packages/airflow/example_dags/example_time_delta_sensor_async.py
[2023-10-27 05:44:22,312] {logging_mixin.py:115} INFO - [2023-10-27 05:44:22,312] {dag.py:2420} INFO - Sync 1 DAGs
[2023-10-27 05:44:22,334] {logging_mixin.py:115} INFO - [2023-10-27 05:44:22,334] {dag.py:2972} INFO - Setting next_dagrun for example_time_delta_sensor_async to None, run_after=None
[2023-10-27 05:44:22,346] {processor.py:161} INFO - Processing /home/airflow/.local/lib/python3.7/site-packages/airflow/example_dags/example_time_delta_sensor_async.py took 0.251 seconds
[2023-10-27 05:44:52,527] {processor.py:153} INFO - Started process (PID=1916) to work on /home/airflow/.local/lib/python3.7/site-packages/airflow/example_dags/example_time_delta_sensor_async.py
[2023-10-27 05:44:52,528] {processor.py:641} INFO - Processing file /home/airflow/.local/lib/python3.7/site-packages/airflow/example_dags/example_time_delta_sensor_async.py for tasks to queue
[2023-10-27 05:44:52,528] {logging_mixin.py:115} INFO - [2023-10-27 05:44:52,528] {dagbag.py:508} INFO - Filling up the DagBag from /home/airflow/.local/lib/python3.7/site-packages/airflow/example_dags/example_time_delta_sensor_async.py
[2023-10-27 05:44:52,535] {processor.py:651} INFO - DAG(s) dict_keys(['example_time_delta_sensor_async']) retrieved from /home/airflow/.local/lib/python3.7/site-packages/airflow/example_dags/example_time_delta_sensor_async.py
[2023-10-27 05:44:52,737] {logging_mixin.py:115} INFO - [2023-10-27 05:44:52,737] {dag.py:2420} INFO - Sync 1 DAGs
[2023-10-27 05:44:52,759] {logging_mixin.py:115} INFO - [2023-10-27 05:44:52,759] {dag.py:2972} INFO - Setting next_dagrun for example_time_delta_sensor_async to None, run_after=None
[2023-10-27 05:44:52,771] {processor.py:161} INFO - Processing /home/airflow/.local/lib/python3.7/site-packages/airflow/example_dags/example_time_delta_sensor_async.py took 0.248 seconds
[2023-10-27 05:45:23,237] {processor.py:153} INFO - Started process (PID=1969) to work on /home/airflow/.local/lib/python3.7/site-packages/airflow/example_dags/example_time_delta_sensor_async.py
[2023-10-27 05:45:23,238] {processor.py:641} INFO - Processing file /home/airflow/.local/lib/python3.7/site-packages/airflow/example_dags/example_time_delta_sensor_async.py for tasks to queue
[2023-10-27 05:45:23,239] {logging_mixin.py:115} INFO - [2023-10-27 05:45:23,239] {dagbag.py:508} INFO - Filling up the DagBag from /home/airflow/.local/lib/python3.7/site-packages/airflow/example_dags/example_time_delta_sensor_async.py
[2023-10-27 05:45:23,245] {processor.py:651} INFO - DAG(s) dict_keys(['example_time_delta_sensor_async']) retrieved from /home/airflow/.local/lib/python3.7/site-packages/airflow/example_dags/example_time_delta_sensor_async.py
[2023-10-27 05:45:23,449] {logging_mixin.py:115} INFO - [2023-10-27 05:45:23,448] {dag.py:2420} INFO - Sync 1 DAGs
[2023-10-27 05:45:23,471] {logging_mixin.py:115} INFO - [2023-10-27 05:45:23,471] {dag.py:2972} INFO - Setting next_dagrun for example_time_delta_sensor_async to None, run_after=None
[2023-10-27 05:45:23,482] {processor.py:161} INFO - Processing /home/airflow/.local/lib/python3.7/site-packages/airflow/example_dags/example_time_delta_sensor_async.py took 0.249 seconds
[2023-10-27 05:45:53,698] {processor.py:153} INFO - Started process (PID=2031) to work on /home/airflow/.local/lib/python3.7/site-packages/airflow/example_dags/example_time_delta_sensor_async.py
[2023-10-27 05:45:53,699] {processor.py:641} INFO - Processing file /home/airflow/.local/lib/python3.7/site-packages/airflow/example_dags/example_time_delta_sensor_async.py for tasks to queue
[2023-10-27 05:45:53,700] {logging_mixin.py:115} INFO - [2023-10-27 05:45:53,700] {dagbag.py:508} INFO - Filling up the DagBag from /home/airflow/.local/lib/python3.7/site-packages/airflow/example_dags/example_time_delta_sensor_async.py
[2023-10-27 05:45:53,706] {processor.py:651} INFO - DAG(s) dict_keys(['example_time_delta_sensor_async']) retrieved from /home/airflow/.local/lib/python3.7/site-packages/airflow/example_dags/example_time_delta_sensor_async.py
[2023-10-27 05:45:53,908] {logging_mixin.py:115} INFO - [2023-10-27 05:45:53,908] {dag.py:2420} INFO - Sync 1 DAGs
[2023-10-27 05:45:53,931] {logging_mixin.py:115} INFO - [2023-10-27 05:45:53,930] {dag.py:2972} INFO - Setting next_dagrun for example_time_delta_sensor_async to None, run_after=None
[2023-10-27 05:45:53,943] {processor.py:161} INFO - Processing /home/airflow/.local/lib/python3.7/site-packages/airflow/example_dags/example_time_delta_sensor_async.py took 0.248 seconds
[2023-10-27 05:46:24,122] {processor.py:153} INFO - Started process (PID=2094) to work on /home/airflow/.local/lib/python3.7/site-packages/airflow/example_dags/example_time_delta_sensor_async.py
[2023-10-27 05:46:24,123] {processor.py:641} INFO - Processing file /home/airflow/.local/lib/python3.7/site-packages/airflow/example_dags/example_time_delta_sensor_async.py for tasks to queue
[2023-10-27 05:46:24,124] {logging_mixin.py:115} INFO - [2023-10-27 05:46:24,123] {dagbag.py:508} INFO - Filling up the DagBag from /home/airflow/.local/lib/python3.7/site-packages/airflow/example_dags/example_time_delta_sensor_async.py
[2023-10-27 05:46:24,130] {processor.py:651} INFO - DAG(s) dict_keys(['example_time_delta_sensor_async']) retrieved from /home/airflow/.local/lib/python3.7/site-packages/airflow/example_dags/example_time_delta_sensor_async.py
[2023-10-27 05:46:24,331] {logging_mixin.py:115} INFO - [2023-10-27 05:46:24,331] {dag.py:2420} INFO - Sync 1 DAGs
[2023-10-27 05:46:24,352] {logging_mixin.py:115} INFO - [2023-10-27 05:46:24,352] {dag.py:2972} INFO - Setting next_dagrun for example_time_delta_sensor_async to None, run_after=None
[2023-10-27 05:46:24,364] {processor.py:161} INFO - Processing /home/airflow/.local/lib/python3.7/site-packages/airflow/example_dags/example_time_delta_sensor_async.py took 0.246 seconds
[2023-10-27 05:46:54,511] {processor.py:153} INFO - Started process (PID=2148) to work on /home/airflow/.local/lib/python3.7/site-packages/airflow/example_dags/example_time_delta_sensor_async.py
[2023-10-27 05:46:54,512] {processor.py:641} INFO - Processing file /home/airflow/.local/lib/python3.7/site-packages/airflow/example_dags/example_time_delta_sensor_async.py for tasks to queue
[2023-10-27 05:46:54,512] {logging_mixin.py:115} INFO - [2023-10-27 05:46:54,512] {dagbag.py:508} INFO - Filling up the DagBag from /home/airflow/.local/lib/python3.7/site-packages/airflow/example_dags/example_time_delta_sensor_async.py
[2023-10-27 05:46:54,518] {processor.py:651} INFO - DAG(s) dict_keys(['example_time_delta_sensor_async']) retrieved from /home/airflow/.local/lib/python3.7/site-packages/airflow/example_dags/example_time_delta_sensor_async.py
[2023-10-27 05:46:54,722] {logging_mixin.py:115} INFO - [2023-10-27 05:46:54,722] {dag.py:2420} INFO - Sync 1 DAGs
[2023-10-27 05:46:54,743] {logging_mixin.py:115} INFO - [2023-10-27 05:46:54,743] {dag.py:2972} INFO - Setting next_dagrun for example_time_delta_sensor_async to None, run_after=None
[2023-10-27 05:46:54,755] {processor.py:161} INFO - Processing /home/airflow/.local/lib/python3.7/site-packages/airflow/example_dags/example_time_delta_sensor_async.py took 0.248 seconds
[2023-10-27 05:47:25,264] {processor.py:153} INFO - Started process (PID=2209) to work on /home/airflow/.local/lib/python3.7/site-packages/airflow/example_dags/example_time_delta_sensor_async.py
[2023-10-27 05:47:25,265] {processor.py:641} INFO - Processing file /home/airflow/.local/lib/python3.7/site-packages/airflow/example_dags/example_time_delta_sensor_async.py for tasks to queue
[2023-10-27 05:47:25,265] {logging_mixin.py:115} INFO - [2023-10-27 05:47:25,265] {dagbag.py:508} INFO - Filling up the DagBag from /home/airflow/.local/lib/python3.7/site-packages/airflow/example_dags/example_time_delta_sensor_async.py
[2023-10-27 05:47:25,271] {processor.py:651} INFO - DAG(s) dict_keys(['example_time_delta_sensor_async']) retrieved from /home/airflow/.local/lib/python3.7/site-packages/airflow/example_dags/example_time_delta_sensor_async.py
[2023-10-27 05:47:25,472] {logging_mixin.py:115} INFO - [2023-10-27 05:47:25,472] {dag.py:2420} INFO - Sync 1 DAGs
[2023-10-27 05:47:25,494] {logging_mixin.py:115} INFO - [2023-10-27 05:47:25,494] {dag.py:2972} INFO - Setting next_dagrun for example_time_delta_sensor_async to None, run_after=None
[2023-10-27 05:47:25,506] {processor.py:161} INFO - Processing /home/airflow/.local/lib/python3.7/site-packages/airflow/example_dags/example_time_delta_sensor_async.py took 0.246 seconds
[2023-10-27 05:47:55,670] {processor.py:153} INFO - Started process (PID=2262) to work on /home/airflow/.local/lib/python3.7/site-packages/airflow/example_dags/example_time_delta_sensor_async.py
[2023-10-27 05:47:55,670] {processor.py:641} INFO - Processing file /home/airflow/.local/lib/python3.7/site-packages/airflow/example_dags/example_time_delta_sensor_async.py for tasks to queue
[2023-10-27 05:47:55,671] {logging_mixin.py:115} INFO - [2023-10-27 05:47:55,671] {dagbag.py:508} INFO - Filling up the DagBag from /home/airflow/.local/lib/python3.7/site-packages/airflow/example_dags/example_time_delta_sensor_async.py
[2023-10-27 05:47:55,677] {processor.py:651} INFO - DAG(s) dict_keys(['example_time_delta_sensor_async']) retrieved from /home/airflow/.local/lib/python3.7/site-packages/airflow/example_dags/example_time_delta_sensor_async.py
[2023-10-27 05:47:55,884] {logging_mixin.py:115} INFO - [2023-10-27 05:47:55,884] {dag.py:2420} INFO - Sync 1 DAGs
[2023-10-27 05:47:55,906] {logging_mixin.py:115} INFO - [2023-10-27 05:47:55,906] {dag.py:2972} INFO - Setting next_dagrun for example_time_delta_sensor_async to None, run_after=None
[2023-10-27 05:47:55,918] {processor.py:161} INFO - Processing /home/airflow/.local/lib/python3.7/site-packages/airflow/example_dags/example_time_delta_sensor_async.py took 0.252 seconds
[2023-10-27 05:48:26,395] {processor.py:153} INFO - Started process (PID=2324) to work on /home/airflow/.local/lib/python3.7/site-packages/airflow/example_dags/example_time_delta_sensor_async.py
[2023-10-27 05:48:26,395] {processor.py:641} INFO - Processing file /home/airflow/.local/lib/python3.7/site-packages/airflow/example_dags/example_time_delta_sensor_async.py for tasks to queue
[2023-10-27 05:48:26,396] {logging_mixin.py:115} INFO - [2023-10-27 05:48:26,396] {dagbag.py:508} INFO - Filling up the DagBag from /home/airflow/.local/lib/python3.7/site-packages/airflow/example_dags/example_time_delta_sensor_async.py
[2023-10-27 05:48:26,402] {processor.py:651} INFO - DAG(s) dict_keys(['example_time_delta_sensor_async']) retrieved from /home/airflow/.local/lib/python3.7/site-packages/airflow/example_dags/example_time_delta_sensor_async.py
[2023-10-27 05:48:26,609] {logging_mixin.py:115} INFO - [2023-10-27 05:48:26,609] {dag.py:2420} INFO - Sync 1 DAGs
[2023-10-27 05:48:26,632] {logging_mixin.py:115} INFO - [2023-10-27 05:48:26,632] {dag.py:2972} INFO - Setting next_dagrun for example_time_delta_sensor_async to None, run_after=None
[2023-10-27 05:48:26,644] {processor.py:161} INFO - Processing /home/airflow/.local/lib/python3.7/site-packages/airflow/example_dags/example_time_delta_sensor_async.py took 0.254 seconds
[2023-10-27 05:48:56,798] {processor.py:153} INFO - Started process (PID=2384) to work on /home/airflow/.local/lib/python3.7/site-packages/airflow/example_dags/example_time_delta_sensor_async.py
[2023-10-27 05:48:56,798] {processor.py:641} INFO - Processing file /home/airflow/.local/lib/python3.7/site-packages/airflow/example_dags/example_time_delta_sensor_async.py for tasks to queue
[2023-10-27 05:48:56,799] {logging_mixin.py:115} INFO - [2023-10-27 05:48:56,799] {dagbag.py:508} INFO - Filling up the DagBag from /home/airflow/.local/lib/python3.7/site-packages/airflow/example_dags/example_time_delta_sensor_async.py
[2023-10-27 05:48:56,805] {processor.py:651} INFO - DAG(s) dict_keys(['example_time_delta_sensor_async']) retrieved from /home/airflow/.local/lib/python3.7/site-packages/airflow/example_dags/example_time_delta_sensor_async.py
[2023-10-27 05:48:57,010] {logging_mixin.py:115} INFO - [2023-10-27 05:48:57,010] {dag.py:2420} INFO - Sync 1 DAGs
[2023-10-27 05:48:57,033] {logging_mixin.py:115} INFO - [2023-10-27 05:48:57,033] {dag.py:2972} INFO - Setting next_dagrun for example_time_delta_sensor_async to None, run_after=None
[2023-10-27 05:48:57,045] {processor.py:161} INFO - Processing /home/airflow/.local/lib/python3.7/site-packages/airflow/example_dags/example_time_delta_sensor_async.py took 0.252 seconds
[2023-10-27 05:49:27,344] {processor.py:153} INFO - Started process (PID=2437) to work on /home/airflow/.local/lib/python3.7/site-packages/airflow/example_dags/example_time_delta_sensor_async.py
[2023-10-27 05:49:27,344] {processor.py:641} INFO - Processing file /home/airflow/.local/lib/python3.7/site-packages/airflow/example_dags/example_time_delta_sensor_async.py for tasks to queue
[2023-10-27 05:49:27,345] {logging_mixin.py:115} INFO - [2023-10-27 05:49:27,345] {dagbag.py:508} INFO - Filling up the DagBag from /home/airflow/.local/lib/python3.7/site-packages/airflow/example_dags/example_time_delta_sensor_async.py
[2023-10-27 05:49:27,351] {processor.py:651} INFO - DAG(s) dict_keys(['example_time_delta_sensor_async']) retrieved from /home/airflow/.local/lib/python3.7/site-packages/airflow/example_dags/example_time_delta_sensor_async.py
[2023-10-27 05:49:27,552] {logging_mixin.py:115} INFO - [2023-10-27 05:49:27,552] {dag.py:2420} INFO - Sync 1 DAGs
[2023-10-27 05:49:27,574] {logging_mixin.py:115} INFO - [2023-10-27 05:49:27,574] {dag.py:2972} INFO - Setting next_dagrun for example_time_delta_sensor_async to None, run_after=None
[2023-10-27 05:49:27,585] {processor.py:161} INFO - Processing /home/airflow/.local/lib/python3.7/site-packages/airflow/example_dags/example_time_delta_sensor_async.py took 0.246 seconds
[2023-10-27 05:49:57,649] {processor.py:153} INFO - Started process (PID=2499) to work on /home/airflow/.local/lib/python3.7/site-packages/airflow/example_dags/example_time_delta_sensor_async.py
[2023-10-27 05:49:57,650] {processor.py:641} INFO - Processing file /home/airflow/.local/lib/python3.7/site-packages/airflow/example_dags/example_time_delta_sensor_async.py for tasks to queue
[2023-10-27 05:49:57,651] {logging_mixin.py:115} INFO - [2023-10-27 05:49:57,651] {dagbag.py:508} INFO - Filling up the DagBag from /home/airflow/.local/lib/python3.7/site-packages/airflow/example_dags/example_time_delta_sensor_async.py
[2023-10-27 05:49:57,657] {processor.py:651} INFO - DAG(s) dict_keys(['example_time_delta_sensor_async']) retrieved from /home/airflow/.local/lib/python3.7/site-packages/airflow/example_dags/example_time_delta_sensor_async.py
[2023-10-27 05:49:57,867] {logging_mixin.py:115} INFO - [2023-10-27 05:49:57,866] {dag.py:2420} INFO - Sync 1 DAGs
[2023-10-27 05:49:57,891] {logging_mixin.py:115} INFO - [2023-10-27 05:49:57,891] {dag.py:2972} INFO - Setting next_dagrun for example_time_delta_sensor_async to None, run_after=None
[2023-10-27 05:49:57,903] {processor.py:161} INFO - Processing /home/airflow/.local/lib/python3.7/site-packages/airflow/example_dags/example_time_delta_sensor_async.py took 0.258 seconds
[2023-10-27 05:50:28,212] {processor.py:153} INFO - Started process (PID=2559) to work on /home/airflow/.local/lib/python3.7/site-packages/airflow/example_dags/example_time_delta_sensor_async.py
[2023-10-27 05:50:28,213] {processor.py:641} INFO - Processing file /home/airflow/.local/lib/python3.7/site-packages/airflow/example_dags/example_time_delta_sensor_async.py for tasks to queue
[2023-10-27 05:50:28,214] {logging_mixin.py:115} INFO - [2023-10-27 05:50:28,214] {dagbag.py:508} INFO - Filling up the DagBag from /home/airflow/.local/lib/python3.7/site-packages/airflow/example_dags/example_time_delta_sensor_async.py
[2023-10-27 05:50:28,221] {processor.py:651} INFO - DAG(s) dict_keys(['example_time_delta_sensor_async']) retrieved from /home/airflow/.local/lib/python3.7/site-packages/airflow/example_dags/example_time_delta_sensor_async.py
[2023-10-27 05:50:28,457] {logging_mixin.py:115} INFO - [2023-10-27 05:50:28,457] {dag.py:2420} INFO - Sync 1 DAGs
[2023-10-27 05:50:28,480] {logging_mixin.py:115} INFO - [2023-10-27 05:50:28,480] {dag.py:2972} INFO - Setting next_dagrun for example_time_delta_sensor_async to None, run_after=None
[2023-10-27 05:50:28,492] {processor.py:161} INFO - Processing /home/airflow/.local/lib/python3.7/site-packages/airflow/example_dags/example_time_delta_sensor_async.py took 0.284 seconds
[2023-10-27 05:50:58,519] {processor.py:153} INFO - Started process (PID=2613) to work on /home/airflow/.local/lib/python3.7/site-packages/airflow/example_dags/example_time_delta_sensor_async.py
[2023-10-27 05:50:58,521] {processor.py:641} INFO - Processing file /home/airflow/.local/lib/python3.7/site-packages/airflow/example_dags/example_time_delta_sensor_async.py for tasks to queue
[2023-10-27 05:50:58,521] {logging_mixin.py:115} INFO - [2023-10-27 05:50:58,521] {dagbag.py:508} INFO - Filling up the DagBag from /home/airflow/.local/lib/python3.7/site-packages/airflow/example_dags/example_time_delta_sensor_async.py
[2023-10-27 05:50:58,528] {processor.py:651} INFO - DAG(s) dict_keys(['example_time_delta_sensor_async']) retrieved from /home/airflow/.local/lib/python3.7/site-packages/airflow/example_dags/example_time_delta_sensor_async.py
[2023-10-27 05:50:58,737] {logging_mixin.py:115} INFO - [2023-10-27 05:50:58,736] {dag.py:2420} INFO - Sync 1 DAGs
[2023-10-27 05:50:58,759] {logging_mixin.py:115} INFO - [2023-10-27 05:50:58,759] {dag.py:2972} INFO - Setting next_dagrun for example_time_delta_sensor_async to None, run_after=None
[2023-10-27 05:50:58,770] {processor.py:161} INFO - Processing /home/airflow/.local/lib/python3.7/site-packages/airflow/example_dags/example_time_delta_sensor_async.py took 0.256 seconds
[2023-10-27 05:51:28,965] {processor.py:153} INFO - Started process (PID=2672) to work on /home/airflow/.local/lib/python3.7/site-packages/airflow/example_dags/example_time_delta_sensor_async.py
[2023-10-27 05:51:28,965] {processor.py:641} INFO - Processing file /home/airflow/.local/lib/python3.7/site-packages/airflow/example_dags/example_time_delta_sensor_async.py for tasks to queue
[2023-10-27 05:51:28,966] {logging_mixin.py:115} INFO - [2023-10-27 05:51:28,966] {dagbag.py:508} INFO - Filling up the DagBag from /home/airflow/.local/lib/python3.7/site-packages/airflow/example_dags/example_time_delta_sensor_async.py
[2023-10-27 05:51:28,972] {processor.py:651} INFO - DAG(s) dict_keys(['example_time_delta_sensor_async']) retrieved from /home/airflow/.local/lib/python3.7/site-packages/airflow/example_dags/example_time_delta_sensor_async.py
[2023-10-27 05:51:29,181] {logging_mixin.py:115} INFO - [2023-10-27 05:51:29,180] {dag.py:2420} INFO - Sync 1 DAGs
[2023-10-27 05:51:29,203] {logging_mixin.py:115} INFO - [2023-10-27 05:51:29,203] {dag.py:2972} INFO - Setting next_dagrun for example_time_delta_sensor_async to None, run_after=None
[2023-10-27 05:51:29,215] {processor.py:161} INFO - Processing /home/airflow/.local/lib/python3.7/site-packages/airflow/example_dags/example_time_delta_sensor_async.py took 0.254 seconds
[2023-10-27 05:52:00,142] {processor.py:153} INFO - Started process (PID=2725) to work on /home/airflow/.local/lib/python3.7/site-packages/airflow/example_dags/example_time_delta_sensor_async.py
[2023-10-27 05:52:00,143] {processor.py:641} INFO - Processing file /home/airflow/.local/lib/python3.7/site-packages/airflow/example_dags/example_time_delta_sensor_async.py for tasks to queue
[2023-10-27 05:52:00,144] {logging_mixin.py:115} INFO - [2023-10-27 05:52:00,144] {dagbag.py:508} INFO - Filling up the DagBag from /home/airflow/.local/lib/python3.7/site-packages/airflow/example_dags/example_time_delta_sensor_async.py
[2023-10-27 05:52:00,153] {processor.py:651} INFO - DAG(s) dict_keys(['example_time_delta_sensor_async']) retrieved from /home/airflow/.local/lib/python3.7/site-packages/airflow/example_dags/example_time_delta_sensor_async.py
[2023-10-27 05:52:00,363] {logging_mixin.py:115} INFO - [2023-10-27 05:52:00,363] {dag.py:2420} INFO - Sync 1 DAGs
[2023-10-27 05:52:00,386] {logging_mixin.py:115} INFO - [2023-10-27 05:52:00,386] {dag.py:2972} INFO - Setting next_dagrun for example_time_delta_sensor_async to None, run_after=None
[2023-10-27 05:52:00,398] {processor.py:161} INFO - Processing /home/airflow/.local/lib/python3.7/site-packages/airflow/example_dags/example_time_delta_sensor_async.py took 0.260 seconds
[2023-10-27 05:52:30,688] {processor.py:153} INFO - Started process (PID=2787) to work on /home/airflow/.local/lib/python3.7/site-packages/airflow/example_dags/example_time_delta_sensor_async.py
[2023-10-27 05:52:30,689] {processor.py:641} INFO - Processing file /home/airflow/.local/lib/python3.7/site-packages/airflow/example_dags/example_time_delta_sensor_async.py for tasks to queue
[2023-10-27 05:52:30,689] {logging_mixin.py:115} INFO - [2023-10-27 05:52:30,689] {dagbag.py:508} INFO - Filling up the DagBag from /home/airflow/.local/lib/python3.7/site-packages/airflow/example_dags/example_time_delta_sensor_async.py
[2023-10-27 05:52:30,695] {processor.py:651} INFO - DAG(s) dict_keys(['example_time_delta_sensor_async']) retrieved from /home/airflow/.local/lib/python3.7/site-packages/airflow/example_dags/example_time_delta_sensor_async.py
[2023-10-27 05:52:30,899] {logging_mixin.py:115} INFO - [2023-10-27 05:52:30,899] {dag.py:2420} INFO - Sync 1 DAGs
[2023-10-27 05:52:30,920] {logging_mixin.py:115} INFO - [2023-10-27 05:52:30,920] {dag.py:2972} INFO - Setting next_dagrun for example_time_delta_sensor_async to None, run_after=None
[2023-10-27 05:52:30,932] {processor.py:161} INFO - Processing /home/airflow/.local/lib/python3.7/site-packages/airflow/example_dags/example_time_delta_sensor_async.py took 0.248 seconds
[2023-10-27 05:53:01,137] {processor.py:153} INFO - Started process (PID=2847) to work on /home/airflow/.local/lib/python3.7/site-packages/airflow/example_dags/example_time_delta_sensor_async.py
[2023-10-27 05:53:01,138] {processor.py:641} INFO - Processing file /home/airflow/.local/lib/python3.7/site-packages/airflow/example_dags/example_time_delta_sensor_async.py for tasks to queue
[2023-10-27 05:53:01,139] {logging_mixin.py:115} INFO - [2023-10-27 05:53:01,139] {dagbag.py:508} INFO - Filling up the DagBag from /home/airflow/.local/lib/python3.7/site-packages/airflow/example_dags/example_time_delta_sensor_async.py
[2023-10-27 05:53:01,146] {processor.py:651} INFO - DAG(s) dict_keys(['example_time_delta_sensor_async']) retrieved from /home/airflow/.local/lib/python3.7/site-packages/airflow/example_dags/example_time_delta_sensor_async.py
[2023-10-27 05:53:01,361] {logging_mixin.py:115} INFO - [2023-10-27 05:53:01,361] {dag.py:2420} INFO - Sync 1 DAGs
[2023-10-27 05:53:01,384] {logging_mixin.py:115} INFO - [2023-10-27 05:53:01,384] {dag.py:2972} INFO - Setting next_dagrun for example_time_delta_sensor_async to None, run_after=None
[2023-10-27 05:53:01,397] {processor.py:161} INFO - Processing /home/airflow/.local/lib/python3.7/site-packages/airflow/example_dags/example_time_delta_sensor_async.py took 0.265 seconds
[2023-10-27 05:53:31,467] {processor.py:153} INFO - Started process (PID=2900) to work on /home/airflow/.local/lib/python3.7/site-packages/airflow/example_dags/example_time_delta_sensor_async.py
[2023-10-27 05:53:31,468] {processor.py:641} INFO - Processing file /home/airflow/.local/lib/python3.7/site-packages/airflow/example_dags/example_time_delta_sensor_async.py for tasks to queue
[2023-10-27 05:53:31,468] {logging_mixin.py:115} INFO - [2023-10-27 05:53:31,468] {dagbag.py:508} INFO - Filling up the DagBag from /home/airflow/.local/lib/python3.7/site-packages/airflow/example_dags/example_time_delta_sensor_async.py
[2023-10-27 05:53:31,474] {processor.py:651} INFO - DAG(s) dict_keys(['example_time_delta_sensor_async']) retrieved from /home/airflow/.local/lib/python3.7/site-packages/airflow/example_dags/example_time_delta_sensor_async.py
[2023-10-27 05:53:31,668] {logging_mixin.py:115} INFO - [2023-10-27 05:53:31,668] {dag.py:2420} INFO - Sync 1 DAGs
[2023-10-27 05:53:31,690] {logging_mixin.py:115} INFO - [2023-10-27 05:53:31,690] {dag.py:2972} INFO - Setting next_dagrun for example_time_delta_sensor_async to None, run_after=None
[2023-10-27 05:53:31,710] {processor.py:161} INFO - Processing /home/airflow/.local/lib/python3.7/site-packages/airflow/example_dags/example_time_delta_sensor_async.py took 0.247 seconds
