[2023-10-27 05:19:35,205] {processor.py:153} INFO - Started process (PID=72) to work on /home/airflow/.local/lib/python3.7/site-packages/airflow/example_dags/example_branch_operator_decorator.py
[2023-10-27 05:19:35,206] {processor.py:641} INFO - Processing file /home/airflow/.local/lib/python3.7/site-packages/airflow/example_dags/example_branch_operator_decorator.py for tasks to queue
[2023-10-27 05:19:35,207] {logging_mixin.py:115} INFO - [2023-10-27 05:19:35,207] {dagbag.py:508} INFO - Filling up the DagBag from /home/airflow/.local/lib/python3.7/site-packages/airflow/example_dags/example_branch_operator_decorator.py
[2023-10-27 05:19:35,252] {processor.py:651} INFO - DAG(s) dict_keys(['example_branch_python_operator_decorator']) retrieved from /home/airflow/.local/lib/python3.7/site-packages/airflow/example_dags/example_branch_operator_decorator.py
[2023-10-27 05:19:35,459] {logging_mixin.py:115} INFO - [2023-10-27 05:19:35,459] {manager.py:508} INFO - Created Permission View: can delete on DAG:example_branch_python_operator_decorator
[2023-10-27 05:19:35,477] {logging_mixin.py:115} INFO - [2023-10-27 05:19:35,477] {manager.py:508} INFO - Created Permission View: can read on DAG:example_branch_python_operator_decorator
[2023-10-27 05:19:35,494] {logging_mixin.py:115} INFO - [2023-10-27 05:19:35,494] {manager.py:508} INFO - Created Permission View: can edit on DAG:example_branch_python_operator_decorator
[2023-10-27 05:19:35,495] {logging_mixin.py:115} INFO - [2023-10-27 05:19:35,495] {dag.py:2420} INFO - Sync 1 DAGs
[2023-10-27 05:19:35,510] {logging_mixin.py:115} INFO - [2023-10-27 05:19:35,510] {dag.py:2439} INFO - Creating ORM DAG for example_branch_python_operator_decorator
[2023-10-27 05:19:35,545] {logging_mixin.py:115} INFO - [2023-10-27 05:19:35,545] {dag.py:2972} INFO - Setting next_dagrun for example_branch_python_operator_decorator to 2023-10-26T00:00:00+00:00, run_after=2023-10-27T00:00:00+00:00
[2023-10-27 05:19:35,597] {processor.py:161} INFO - Processing /home/airflow/.local/lib/python3.7/site-packages/airflow/example_dags/example_branch_operator_decorator.py took 0.405 seconds
[2023-10-27 05:20:06,204] {processor.py:153} INFO - Started process (PID=128) to work on /home/airflow/.local/lib/python3.7/site-packages/airflow/example_dags/example_branch_operator_decorator.py
[2023-10-27 05:20:06,205] {processor.py:641} INFO - Processing file /home/airflow/.local/lib/python3.7/site-packages/airflow/example_dags/example_branch_operator_decorator.py for tasks to queue
[2023-10-27 05:20:06,205] {logging_mixin.py:115} INFO - [2023-10-27 05:20:06,205] {dagbag.py:508} INFO - Filling up the DagBag from /home/airflow/.local/lib/python3.7/site-packages/airflow/example_dags/example_branch_operator_decorator.py
[2023-10-27 05:20:06,228] {processor.py:651} INFO - DAG(s) dict_keys(['example_branch_python_operator_decorator']) retrieved from /home/airflow/.local/lib/python3.7/site-packages/airflow/example_dags/example_branch_operator_decorator.py
[2023-10-27 05:20:06,261] {logging_mixin.py:115} INFO - [2023-10-27 05:20:06,261] {dag.py:2420} INFO - Sync 1 DAGs
[2023-10-27 05:20:06,291] {logging_mixin.py:115} INFO - [2023-10-27 05:20:06,291] {dag.py:2972} INFO - Setting next_dagrun for example_branch_python_operator_decorator to 2023-10-26T00:00:00+00:00, run_after=2023-10-27T00:00:00+00:00
[2023-10-27 05:20:06,305] {processor.py:161} INFO - Processing /home/airflow/.local/lib/python3.7/site-packages/airflow/example_dags/example_branch_operator_decorator.py took 0.105 seconds
[2023-10-27 05:20:36,531] {processor.py:153} INFO - Started process (PID=189) to work on /home/airflow/.local/lib/python3.7/site-packages/airflow/example_dags/example_branch_operator_decorator.py
[2023-10-27 05:20:36,532] {processor.py:641} INFO - Processing file /home/airflow/.local/lib/python3.7/site-packages/airflow/example_dags/example_branch_operator_decorator.py for tasks to queue
[2023-10-27 05:20:36,533] {logging_mixin.py:115} INFO - [2023-10-27 05:20:36,533] {dagbag.py:508} INFO - Filling up the DagBag from /home/airflow/.local/lib/python3.7/site-packages/airflow/example_dags/example_branch_operator_decorator.py
[2023-10-27 05:20:36,555] {processor.py:651} INFO - DAG(s) dict_keys(['example_branch_python_operator_decorator']) retrieved from /home/airflow/.local/lib/python3.7/site-packages/airflow/example_dags/example_branch_operator_decorator.py
[2023-10-27 05:20:36,596] {logging_mixin.py:115} INFO - [2023-10-27 05:20:36,596] {dag.py:2420} INFO - Sync 1 DAGs
[2023-10-27 05:20:36,628] {logging_mixin.py:115} INFO - [2023-10-27 05:20:36,628] {dag.py:2972} INFO - Setting next_dagrun for example_branch_python_operator_decorator to 2023-10-26T00:00:00+00:00, run_after=2023-10-27T00:00:00+00:00
[2023-10-27 05:20:36,642] {processor.py:161} INFO - Processing /home/airflow/.local/lib/python3.7/site-packages/airflow/example_dags/example_branch_operator_decorator.py took 0.115 seconds
[2023-10-27 05:21:06,737] {processor.py:153} INFO - Started process (PID=241) to work on /home/airflow/.local/lib/python3.7/site-packages/airflow/example_dags/example_branch_operator_decorator.py
[2023-10-27 05:21:06,737] {processor.py:641} INFO - Processing file /home/airflow/.local/lib/python3.7/site-packages/airflow/example_dags/example_branch_operator_decorator.py for tasks to queue
[2023-10-27 05:21:06,738] {logging_mixin.py:115} INFO - [2023-10-27 05:21:06,738] {dagbag.py:508} INFO - Filling up the DagBag from /home/airflow/.local/lib/python3.7/site-packages/airflow/example_dags/example_branch_operator_decorator.py
[2023-10-27 05:21:06,761] {processor.py:651} INFO - DAG(s) dict_keys(['example_branch_python_operator_decorator']) retrieved from /home/airflow/.local/lib/python3.7/site-packages/airflow/example_dags/example_branch_operator_decorator.py
[2023-10-27 05:21:06,798] {logging_mixin.py:115} INFO - [2023-10-27 05:21:06,797] {dag.py:2420} INFO - Sync 1 DAGs
[2023-10-27 05:21:06,828] {logging_mixin.py:115} INFO - [2023-10-27 05:21:06,828] {dag.py:2972} INFO - Setting next_dagrun for example_branch_python_operator_decorator to 2023-10-26T00:00:00+00:00, run_after=2023-10-27T00:00:00+00:00
[2023-10-27 05:21:06,841] {processor.py:161} INFO - Processing /home/airflow/.local/lib/python3.7/site-packages/airflow/example_dags/example_branch_operator_decorator.py took 0.110 seconds
[2023-10-27 05:21:36,936] {processor.py:153} INFO - Started process (PID=302) to work on /home/airflow/.local/lib/python3.7/site-packages/airflow/example_dags/example_branch_operator_decorator.py
[2023-10-27 05:21:36,937] {processor.py:641} INFO - Processing file /home/airflow/.local/lib/python3.7/site-packages/airflow/example_dags/example_branch_operator_decorator.py for tasks to queue
[2023-10-27 05:21:36,938] {logging_mixin.py:115} INFO - [2023-10-27 05:21:36,938] {dagbag.py:508} INFO - Filling up the DagBag from /home/airflow/.local/lib/python3.7/site-packages/airflow/example_dags/example_branch_operator_decorator.py
[2023-10-27 05:21:36,960] {processor.py:651} INFO - DAG(s) dict_keys(['example_branch_python_operator_decorator']) retrieved from /home/airflow/.local/lib/python3.7/site-packages/airflow/example_dags/example_branch_operator_decorator.py
[2023-10-27 05:21:36,991] {logging_mixin.py:115} INFO - [2023-10-27 05:21:36,991] {dag.py:2420} INFO - Sync 1 DAGs
[2023-10-27 05:21:37,017] {logging_mixin.py:115} INFO - [2023-10-27 05:21:37,017] {dag.py:2972} INFO - Setting next_dagrun for example_branch_python_operator_decorator to 2023-10-26T00:00:00+00:00, run_after=2023-10-27T00:00:00+00:00
[2023-10-27 05:21:37,030] {processor.py:161} INFO - Processing /home/airflow/.local/lib/python3.7/site-packages/airflow/example_dags/example_branch_operator_decorator.py took 0.097 seconds
[2023-10-27 05:22:07,146] {processor.py:153} INFO - Started process (PID=355) to work on /home/airflow/.local/lib/python3.7/site-packages/airflow/example_dags/example_branch_operator_decorator.py
[2023-10-27 05:22:07,147] {processor.py:641} INFO - Processing file /home/airflow/.local/lib/python3.7/site-packages/airflow/example_dags/example_branch_operator_decorator.py for tasks to queue
[2023-10-27 05:22:07,147] {logging_mixin.py:115} INFO - [2023-10-27 05:22:07,147] {dagbag.py:508} INFO - Filling up the DagBag from /home/airflow/.local/lib/python3.7/site-packages/airflow/example_dags/example_branch_operator_decorator.py
[2023-10-27 05:22:07,169] {processor.py:651} INFO - DAG(s) dict_keys(['example_branch_python_operator_decorator']) retrieved from /home/airflow/.local/lib/python3.7/site-packages/airflow/example_dags/example_branch_operator_decorator.py
[2023-10-27 05:22:07,207] {logging_mixin.py:115} INFO - [2023-10-27 05:22:07,207] {dag.py:2420} INFO - Sync 1 DAGs
[2023-10-27 05:22:07,239] {logging_mixin.py:115} INFO - [2023-10-27 05:22:07,239] {dag.py:2972} INFO - Setting next_dagrun for example_branch_python_operator_decorator to 2023-10-26T00:00:00+00:00, run_after=2023-10-27T00:00:00+00:00
[2023-10-27 05:22:07,253] {processor.py:161} INFO - Processing /home/airflow/.local/lib/python3.7/site-packages/airflow/example_dags/example_branch_operator_decorator.py took 0.111 seconds
[2023-10-27 05:22:37,339] {processor.py:153} INFO - Started process (PID=416) to work on /home/airflow/.local/lib/python3.7/site-packages/airflow/example_dags/example_branch_operator_decorator.py
[2023-10-27 05:22:37,340] {processor.py:641} INFO - Processing file /home/airflow/.local/lib/python3.7/site-packages/airflow/example_dags/example_branch_operator_decorator.py for tasks to queue
[2023-10-27 05:22:37,341] {logging_mixin.py:115} INFO - [2023-10-27 05:22:37,340] {dagbag.py:508} INFO - Filling up the DagBag from /home/airflow/.local/lib/python3.7/site-packages/airflow/example_dags/example_branch_operator_decorator.py
[2023-10-27 05:22:37,364] {processor.py:651} INFO - DAG(s) dict_keys(['example_branch_python_operator_decorator']) retrieved from /home/airflow/.local/lib/python3.7/site-packages/airflow/example_dags/example_branch_operator_decorator.py
[2023-10-27 05:22:37,396] {logging_mixin.py:115} INFO - [2023-10-27 05:22:37,396] {dag.py:2420} INFO - Sync 1 DAGs
[2023-10-27 05:22:37,426] {logging_mixin.py:115} INFO - [2023-10-27 05:22:37,426] {dag.py:2972} INFO - Setting next_dagrun for example_branch_python_operator_decorator to 2023-10-26T00:00:00+00:00, run_after=2023-10-27T00:00:00+00:00
[2023-10-27 05:22:37,439] {processor.py:161} INFO - Processing /home/airflow/.local/lib/python3.7/site-packages/airflow/example_dags/example_branch_operator_decorator.py took 0.104 seconds
[2023-10-27 05:23:07,541] {processor.py:153} INFO - Started process (PID=467) to work on /home/airflow/.local/lib/python3.7/site-packages/airflow/example_dags/example_branch_operator_decorator.py
[2023-10-27 05:23:07,542] {processor.py:641} INFO - Processing file /home/airflow/.local/lib/python3.7/site-packages/airflow/example_dags/example_branch_operator_decorator.py for tasks to queue
[2023-10-27 05:23:07,543] {logging_mixin.py:115} INFO - [2023-10-27 05:23:07,543] {dagbag.py:508} INFO - Filling up the DagBag from /home/airflow/.local/lib/python3.7/site-packages/airflow/example_dags/example_branch_operator_decorator.py
[2023-10-27 05:23:07,565] {processor.py:651} INFO - DAG(s) dict_keys(['example_branch_python_operator_decorator']) retrieved from /home/airflow/.local/lib/python3.7/site-packages/airflow/example_dags/example_branch_operator_decorator.py
[2023-10-27 05:23:07,596] {logging_mixin.py:115} INFO - [2023-10-27 05:23:07,596] {dag.py:2420} INFO - Sync 1 DAGs
[2023-10-27 05:23:07,624] {logging_mixin.py:115} INFO - [2023-10-27 05:23:07,624] {dag.py:2972} INFO - Setting next_dagrun for example_branch_python_operator_decorator to 2023-10-26T00:00:00+00:00, run_after=2023-10-27T00:00:00+00:00
[2023-10-27 05:23:07,638] {processor.py:161} INFO - Processing /home/airflow/.local/lib/python3.7/site-packages/airflow/example_dags/example_branch_operator_decorator.py took 0.100 seconds
[2023-10-27 05:25:01,615] {processor.py:153} INFO - Started process (PID=65) to work on /home/airflow/.local/lib/python3.7/site-packages/airflow/example_dags/example_branch_operator_decorator.py
[2023-10-27 05:25:01,617] {processor.py:641} INFO - Processing file /home/airflow/.local/lib/python3.7/site-packages/airflow/example_dags/example_branch_operator_decorator.py for tasks to queue
[2023-10-27 05:25:01,618] {logging_mixin.py:115} INFO - [2023-10-27 05:25:01,617] {dagbag.py:508} INFO - Filling up the DagBag from /home/airflow/.local/lib/python3.7/site-packages/airflow/example_dags/example_branch_operator_decorator.py
[2023-10-27 05:25:01,647] {processor.py:651} INFO - DAG(s) dict_keys(['example_branch_python_operator_decorator']) retrieved from /home/airflow/.local/lib/python3.7/site-packages/airflow/example_dags/example_branch_operator_decorator.py
[2023-10-27 05:25:01,866] {logging_mixin.py:115} INFO - [2023-10-27 05:25:01,866] {dag.py:2420} INFO - Sync 1 DAGs
[2023-10-27 05:25:01,894] {logging_mixin.py:115} INFO - [2023-10-27 05:25:01,894] {dag.py:2972} INFO - Setting next_dagrun for example_branch_python_operator_decorator to 2023-10-26T00:00:00+00:00, run_after=2023-10-27T00:00:00+00:00
[2023-10-27 05:25:01,908] {processor.py:161} INFO - Processing /home/airflow/.local/lib/python3.7/site-packages/airflow/example_dags/example_branch_operator_decorator.py took 0.297 seconds
[2023-10-27 05:25:31,947] {processor.py:153} INFO - Started process (PID=117) to work on /home/airflow/.local/lib/python3.7/site-packages/airflow/example_dags/example_branch_operator_decorator.py
[2023-10-27 05:25:31,947] {processor.py:641} INFO - Processing file /home/airflow/.local/lib/python3.7/site-packages/airflow/example_dags/example_branch_operator_decorator.py for tasks to queue
[2023-10-27 05:25:31,948] {logging_mixin.py:115} INFO - [2023-10-27 05:25:31,948] {dagbag.py:508} INFO - Filling up the DagBag from /home/airflow/.local/lib/python3.7/site-packages/airflow/example_dags/example_branch_operator_decorator.py
[2023-10-27 05:25:31,975] {processor.py:651} INFO - DAG(s) dict_keys(['example_branch_python_operator_decorator']) retrieved from /home/airflow/.local/lib/python3.7/site-packages/airflow/example_dags/example_branch_operator_decorator.py
[2023-10-27 05:25:32,162] {logging_mixin.py:115} INFO - [2023-10-27 05:25:32,162] {dag.py:2420} INFO - Sync 1 DAGs
[2023-10-27 05:25:32,187] {logging_mixin.py:115} INFO - [2023-10-27 05:25:32,187] {dag.py:2972} INFO - Setting next_dagrun for example_branch_python_operator_decorator to 2023-10-26T00:00:00+00:00, run_after=2023-10-27T00:00:00+00:00
[2023-10-27 05:25:32,200] {processor.py:161} INFO - Processing /home/airflow/.local/lib/python3.7/site-packages/airflow/example_dags/example_branch_operator_decorator.py took 0.258 seconds
[2023-10-27 05:26:03,074] {processor.py:153} INFO - Started process (PID=178) to work on /home/airflow/.local/lib/python3.7/site-packages/airflow/example_dags/example_branch_operator_decorator.py
[2023-10-27 05:26:03,074] {processor.py:641} INFO - Processing file /home/airflow/.local/lib/python3.7/site-packages/airflow/example_dags/example_branch_operator_decorator.py for tasks to queue
[2023-10-27 05:26:03,075] {logging_mixin.py:115} INFO - [2023-10-27 05:26:03,075] {dagbag.py:508} INFO - Filling up the DagBag from /home/airflow/.local/lib/python3.7/site-packages/airflow/example_dags/example_branch_operator_decorator.py
[2023-10-27 05:26:03,103] {processor.py:651} INFO - DAG(s) dict_keys(['example_branch_python_operator_decorator']) retrieved from /home/airflow/.local/lib/python3.7/site-packages/airflow/example_dags/example_branch_operator_decorator.py
[2023-10-27 05:26:03,289] {logging_mixin.py:115} INFO - [2023-10-27 05:26:03,288] {dag.py:2420} INFO - Sync 1 DAGs
[2023-10-27 05:26:03,314] {logging_mixin.py:115} INFO - [2023-10-27 05:26:03,314] {dag.py:2972} INFO - Setting next_dagrun for example_branch_python_operator_decorator to 2023-10-26T00:00:00+00:00, run_after=2023-10-27T00:00:00+00:00
[2023-10-27 05:26:03,326] {processor.py:161} INFO - Processing /home/airflow/.local/lib/python3.7/site-packages/airflow/example_dags/example_branch_operator_decorator.py took 0.256 seconds
[2023-10-27 05:26:33,989] {processor.py:153} INFO - Started process (PID=238) to work on /home/airflow/.local/lib/python3.7/site-packages/airflow/example_dags/example_branch_operator_decorator.py
[2023-10-27 05:26:33,990] {processor.py:641} INFO - Processing file /home/airflow/.local/lib/python3.7/site-packages/airflow/example_dags/example_branch_operator_decorator.py for tasks to queue
[2023-10-27 05:26:33,990] {logging_mixin.py:115} INFO - [2023-10-27 05:26:33,990] {dagbag.py:508} INFO - Filling up the DagBag from /home/airflow/.local/lib/python3.7/site-packages/airflow/example_dags/example_branch_operator_decorator.py
[2023-10-27 05:26:34,018] {processor.py:651} INFO - DAG(s) dict_keys(['example_branch_python_operator_decorator']) retrieved from /home/airflow/.local/lib/python3.7/site-packages/airflow/example_dags/example_branch_operator_decorator.py
[2023-10-27 05:26:34,203] {logging_mixin.py:115} INFO - [2023-10-27 05:26:34,203] {dag.py:2420} INFO - Sync 1 DAGs
[2023-10-27 05:26:34,228] {logging_mixin.py:115} INFO - [2023-10-27 05:26:34,228] {dag.py:2972} INFO - Setting next_dagrun for example_branch_python_operator_decorator to 2023-10-26T00:00:00+00:00, run_after=2023-10-27T00:00:00+00:00
[2023-10-27 05:26:34,240] {processor.py:161} INFO - Processing /home/airflow/.local/lib/python3.7/site-packages/airflow/example_dags/example_branch_operator_decorator.py took 0.255 seconds
[2023-10-27 05:27:04,700] {processor.py:153} INFO - Started process (PID=290) to work on /home/airflow/.local/lib/python3.7/site-packages/airflow/example_dags/example_branch_operator_decorator.py
[2023-10-27 05:27:04,701] {processor.py:641} INFO - Processing file /home/airflow/.local/lib/python3.7/site-packages/airflow/example_dags/example_branch_operator_decorator.py for tasks to queue
[2023-10-27 05:27:04,702] {logging_mixin.py:115} INFO - [2023-10-27 05:27:04,702] {dagbag.py:508} INFO - Filling up the DagBag from /home/airflow/.local/lib/python3.7/site-packages/airflow/example_dags/example_branch_operator_decorator.py
[2023-10-27 05:27:04,729] {processor.py:651} INFO - DAG(s) dict_keys(['example_branch_python_operator_decorator']) retrieved from /home/airflow/.local/lib/python3.7/site-packages/airflow/example_dags/example_branch_operator_decorator.py
[2023-10-27 05:27:04,915] {logging_mixin.py:115} INFO - [2023-10-27 05:27:04,915] {dag.py:2420} INFO - Sync 1 DAGs
[2023-10-27 05:27:04,940] {logging_mixin.py:115} INFO - [2023-10-27 05:27:04,940] {dag.py:2972} INFO - Setting next_dagrun for example_branch_python_operator_decorator to 2023-10-26T00:00:00+00:00, run_after=2023-10-27T00:00:00+00:00
[2023-10-27 05:27:04,954] {processor.py:161} INFO - Processing /home/airflow/.local/lib/python3.7/site-packages/airflow/example_dags/example_branch_operator_decorator.py took 0.258 seconds
[2023-10-27 05:28:18,646] {processor.py:153} INFO - Started process (PID=65) to work on /home/airflow/.local/lib/python3.7/site-packages/airflow/example_dags/example_branch_operator_decorator.py
[2023-10-27 05:28:18,648] {processor.py:641} INFO - Processing file /home/airflow/.local/lib/python3.7/site-packages/airflow/example_dags/example_branch_operator_decorator.py for tasks to queue
[2023-10-27 05:28:18,648] {logging_mixin.py:115} INFO - [2023-10-27 05:28:18,648] {dagbag.py:508} INFO - Filling up the DagBag from /home/airflow/.local/lib/python3.7/site-packages/airflow/example_dags/example_branch_operator_decorator.py
[2023-10-27 05:28:18,681] {processor.py:651} INFO - DAG(s) dict_keys(['example_branch_python_operator_decorator']) retrieved from /home/airflow/.local/lib/python3.7/site-packages/airflow/example_dags/example_branch_operator_decorator.py
[2023-10-27 05:28:18,894] {logging_mixin.py:115} INFO - [2023-10-27 05:28:18,894] {dag.py:2420} INFO - Sync 1 DAGs
[2023-10-27 05:28:18,920] {logging_mixin.py:115} INFO - [2023-10-27 05:28:18,920] {dag.py:2972} INFO - Setting next_dagrun for example_branch_python_operator_decorator to 2023-10-26T00:00:00+00:00, run_after=2023-10-27T00:00:00+00:00
[2023-10-27 05:28:18,937] {processor.py:161} INFO - Processing /home/airflow/.local/lib/python3.7/site-packages/airflow/example_dags/example_branch_operator_decorator.py took 0.295 seconds
[2023-10-27 05:28:51,925] {processor.py:153} INFO - Started process (PID=127) to work on /home/airflow/.local/lib/python3.7/site-packages/airflow/example_dags/example_branch_operator_decorator.py
[2023-10-27 05:28:51,926] {processor.py:641} INFO - Processing file /home/airflow/.local/lib/python3.7/site-packages/airflow/example_dags/example_branch_operator_decorator.py for tasks to queue
[2023-10-27 05:28:51,927] {logging_mixin.py:115} INFO - [2023-10-27 05:28:51,926] {dagbag.py:508} INFO - Filling up the DagBag from /home/airflow/.local/lib/python3.7/site-packages/airflow/example_dags/example_branch_operator_decorator.py
[2023-10-27 05:28:51,958] {processor.py:651} INFO - DAG(s) dict_keys(['example_branch_python_operator_decorator']) retrieved from /home/airflow/.local/lib/python3.7/site-packages/airflow/example_dags/example_branch_operator_decorator.py
[2023-10-27 05:28:52,179] {logging_mixin.py:115} INFO - [2023-10-27 05:28:52,179] {dag.py:2420} INFO - Sync 1 DAGs
[2023-10-27 05:28:52,208] {logging_mixin.py:115} INFO - [2023-10-27 05:28:52,208] {dag.py:2972} INFO - Setting next_dagrun for example_branch_python_operator_decorator to 2023-10-26T00:00:00+00:00, run_after=2023-10-27T00:00:00+00:00
[2023-10-27 05:28:52,221] {processor.py:161} INFO - Processing /home/airflow/.local/lib/python3.7/site-packages/airflow/example_dags/example_branch_operator_decorator.py took 0.302 seconds
[2023-10-27 05:29:22,252] {processor.py:153} INFO - Started process (PID=179) to work on /home/airflow/.local/lib/python3.7/site-packages/airflow/example_dags/example_branch_operator_decorator.py
[2023-10-27 05:29:22,253] {processor.py:641} INFO - Processing file /home/airflow/.local/lib/python3.7/site-packages/airflow/example_dags/example_branch_operator_decorator.py for tasks to queue
[2023-10-27 05:29:22,253] {logging_mixin.py:115} INFO - [2023-10-27 05:29:22,253] {dagbag.py:508} INFO - Filling up the DagBag from /home/airflow/.local/lib/python3.7/site-packages/airflow/example_dags/example_branch_operator_decorator.py
[2023-10-27 05:29:22,280] {processor.py:651} INFO - DAG(s) dict_keys(['example_branch_python_operator_decorator']) retrieved from /home/airflow/.local/lib/python3.7/site-packages/airflow/example_dags/example_branch_operator_decorator.py
[2023-10-27 05:29:22,463] {logging_mixin.py:115} INFO - [2023-10-27 05:29:22,463] {dag.py:2420} INFO - Sync 1 DAGs
[2023-10-27 05:29:22,488] {logging_mixin.py:115} INFO - [2023-10-27 05:29:22,488] {dag.py:2972} INFO - Setting next_dagrun for example_branch_python_operator_decorator to 2023-10-26T00:00:00+00:00, run_after=2023-10-27T00:00:00+00:00
[2023-10-27 05:29:22,501] {processor.py:161} INFO - Processing /home/airflow/.local/lib/python3.7/site-packages/airflow/example_dags/example_branch_operator_decorator.py took 0.252 seconds
[2023-10-27 05:29:52,660] {processor.py:153} INFO - Started process (PID=240) to work on /home/airflow/.local/lib/python3.7/site-packages/airflow/example_dags/example_branch_operator_decorator.py
[2023-10-27 05:29:52,661] {processor.py:641} INFO - Processing file /home/airflow/.local/lib/python3.7/site-packages/airflow/example_dags/example_branch_operator_decorator.py for tasks to queue
[2023-10-27 05:29:52,661] {logging_mixin.py:115} INFO - [2023-10-27 05:29:52,661] {dagbag.py:508} INFO - Filling up the DagBag from /home/airflow/.local/lib/python3.7/site-packages/airflow/example_dags/example_branch_operator_decorator.py
[2023-10-27 05:29:52,688] {processor.py:651} INFO - DAG(s) dict_keys(['example_branch_python_operator_decorator']) retrieved from /home/airflow/.local/lib/python3.7/site-packages/airflow/example_dags/example_branch_operator_decorator.py
[2023-10-27 05:29:52,866] {logging_mixin.py:115} INFO - [2023-10-27 05:29:52,866] {dag.py:2420} INFO - Sync 1 DAGs
[2023-10-27 05:29:52,890] {logging_mixin.py:115} INFO - [2023-10-27 05:29:52,890] {dag.py:2972} INFO - Setting next_dagrun for example_branch_python_operator_decorator to 2023-10-26T00:00:00+00:00, run_after=2023-10-27T00:00:00+00:00
[2023-10-27 05:29:52,903] {processor.py:161} INFO - Processing /home/airflow/.local/lib/python3.7/site-packages/airflow/example_dags/example_branch_operator_decorator.py took 0.247 seconds
[2023-10-27 05:30:24,692] {processor.py:153} INFO - Started process (PID=291) to work on /home/airflow/.local/lib/python3.7/site-packages/airflow/example_dags/example_branch_operator_decorator.py
[2023-10-27 05:30:24,693] {processor.py:641} INFO - Processing file /home/airflow/.local/lib/python3.7/site-packages/airflow/example_dags/example_branch_operator_decorator.py for tasks to queue
[2023-10-27 05:30:24,693] {logging_mixin.py:115} INFO - [2023-10-27 05:30:24,693] {dagbag.py:508} INFO - Filling up the DagBag from /home/airflow/.local/lib/python3.7/site-packages/airflow/example_dags/example_branch_operator_decorator.py
[2023-10-27 05:30:24,721] {processor.py:651} INFO - DAG(s) dict_keys(['example_branch_python_operator_decorator']) retrieved from /home/airflow/.local/lib/python3.7/site-packages/airflow/example_dags/example_branch_operator_decorator.py
[2023-10-27 05:30:24,904] {logging_mixin.py:115} INFO - [2023-10-27 05:30:24,904] {dag.py:2420} INFO - Sync 1 DAGs
[2023-10-27 05:30:24,930] {logging_mixin.py:115} INFO - [2023-10-27 05:30:24,930] {dag.py:2972} INFO - Setting next_dagrun for example_branch_python_operator_decorator to 2023-10-26T00:00:00+00:00, run_after=2023-10-27T00:00:00+00:00
[2023-10-27 05:30:24,943] {processor.py:161} INFO - Processing /home/airflow/.local/lib/python3.7/site-packages/airflow/example_dags/example_branch_operator_decorator.py took 0.255 seconds
[2023-10-27 05:30:55,452] {processor.py:153} INFO - Started process (PID=352) to work on /home/airflow/.local/lib/python3.7/site-packages/airflow/example_dags/example_branch_operator_decorator.py
[2023-10-27 05:30:55,453] {processor.py:641} INFO - Processing file /home/airflow/.local/lib/python3.7/site-packages/airflow/example_dags/example_branch_operator_decorator.py for tasks to queue
[2023-10-27 05:30:55,454] {logging_mixin.py:115} INFO - [2023-10-27 05:30:55,453] {dagbag.py:508} INFO - Filling up the DagBag from /home/airflow/.local/lib/python3.7/site-packages/airflow/example_dags/example_branch_operator_decorator.py
[2023-10-27 05:30:55,481] {processor.py:651} INFO - DAG(s) dict_keys(['example_branch_python_operator_decorator']) retrieved from /home/airflow/.local/lib/python3.7/site-packages/airflow/example_dags/example_branch_operator_decorator.py
[2023-10-27 05:31:00,667] {logging_mixin.py:115} INFO - [2023-10-27 05:31:00,667] {dag.py:2420} INFO - Sync 1 DAGs
[2023-10-27 05:31:00,693] {logging_mixin.py:115} INFO - [2023-10-27 05:31:00,693] {dag.py:2972} INFO - Setting next_dagrun for example_branch_python_operator_decorator to 2023-10-26T00:00:00+00:00, run_after=2023-10-27T00:00:00+00:00
[2023-10-27 05:31:00,705] {processor.py:161} INFO - Processing /home/airflow/.local/lib/python3.7/site-packages/airflow/example_dags/example_branch_operator_decorator.py took 5.257 seconds
[2023-10-27 05:31:30,771] {processor.py:153} INFO - Started process (PID=414) to work on /home/airflow/.local/lib/python3.7/site-packages/airflow/example_dags/example_branch_operator_decorator.py
[2023-10-27 05:31:30,773] {processor.py:641} INFO - Processing file /home/airflow/.local/lib/python3.7/site-packages/airflow/example_dags/example_branch_operator_decorator.py for tasks to queue
[2023-10-27 05:31:30,773] {logging_mixin.py:115} INFO - [2023-10-27 05:31:30,773] {dagbag.py:508} INFO - Filling up the DagBag from /home/airflow/.local/lib/python3.7/site-packages/airflow/example_dags/example_branch_operator_decorator.py
[2023-10-27 05:31:30,804] {processor.py:651} INFO - DAG(s) dict_keys(['example_branch_python_operator_decorator']) retrieved from /home/airflow/.local/lib/python3.7/site-packages/airflow/example_dags/example_branch_operator_decorator.py
[2023-10-27 05:31:30,990] {logging_mixin.py:115} INFO - [2023-10-27 05:31:30,990] {dag.py:2420} INFO - Sync 1 DAGs
[2023-10-27 05:31:31,015] {logging_mixin.py:115} INFO - [2023-10-27 05:31:31,015] {dag.py:2972} INFO - Setting next_dagrun for example_branch_python_operator_decorator to 2023-10-26T00:00:00+00:00, run_after=2023-10-27T00:00:00+00:00
[2023-10-27 05:31:31,027] {processor.py:161} INFO - Processing /home/airflow/.local/lib/python3.7/site-packages/airflow/example_dags/example_branch_operator_decorator.py took 0.260 seconds
[2023-10-27 05:32:01,266] {processor.py:153} INFO - Started process (PID=475) to work on /home/airflow/.local/lib/python3.7/site-packages/airflow/example_dags/example_branch_operator_decorator.py
[2023-10-27 05:32:01,266] {processor.py:641} INFO - Processing file /home/airflow/.local/lib/python3.7/site-packages/airflow/example_dags/example_branch_operator_decorator.py for tasks to queue
[2023-10-27 05:32:01,267] {logging_mixin.py:115} INFO - [2023-10-27 05:32:01,267] {dagbag.py:508} INFO - Filling up the DagBag from /home/airflow/.local/lib/python3.7/site-packages/airflow/example_dags/example_branch_operator_decorator.py
[2023-10-27 05:32:01,294] {processor.py:651} INFO - DAG(s) dict_keys(['example_branch_python_operator_decorator']) retrieved from /home/airflow/.local/lib/python3.7/site-packages/airflow/example_dags/example_branch_operator_decorator.py
[2023-10-27 05:32:01,476] {logging_mixin.py:115} INFO - [2023-10-27 05:32:01,476] {dag.py:2420} INFO - Sync 1 DAGs
[2023-10-27 05:32:01,502] {logging_mixin.py:115} INFO - [2023-10-27 05:32:01,502] {dag.py:2972} INFO - Setting next_dagrun for example_branch_python_operator_decorator to 2023-10-26T00:00:00+00:00, run_after=2023-10-27T00:00:00+00:00
[2023-10-27 05:32:01,515] {processor.py:161} INFO - Processing /home/airflow/.local/lib/python3.7/site-packages/airflow/example_dags/example_branch_operator_decorator.py took 0.253 seconds
[2023-10-27 05:32:31,674] {processor.py:153} INFO - Started process (PID=527) to work on /home/airflow/.local/lib/python3.7/site-packages/airflow/example_dags/example_branch_operator_decorator.py
[2023-10-27 05:32:31,675] {processor.py:641} INFO - Processing file /home/airflow/.local/lib/python3.7/site-packages/airflow/example_dags/example_branch_operator_decorator.py for tasks to queue
[2023-10-27 05:32:31,676] {logging_mixin.py:115} INFO - [2023-10-27 05:32:31,676] {dagbag.py:508} INFO - Filling up the DagBag from /home/airflow/.local/lib/python3.7/site-packages/airflow/example_dags/example_branch_operator_decorator.py
[2023-10-27 05:32:31,703] {processor.py:651} INFO - DAG(s) dict_keys(['example_branch_python_operator_decorator']) retrieved from /home/airflow/.local/lib/python3.7/site-packages/airflow/example_dags/example_branch_operator_decorator.py
[2023-10-27 05:32:31,885] {logging_mixin.py:115} INFO - [2023-10-27 05:32:31,885] {dag.py:2420} INFO - Sync 1 DAGs
[2023-10-27 05:32:31,910] {logging_mixin.py:115} INFO - [2023-10-27 05:32:31,910] {dag.py:2972} INFO - Setting next_dagrun for example_branch_python_operator_decorator to 2023-10-26T00:00:00+00:00, run_after=2023-10-27T00:00:00+00:00
[2023-10-27 05:32:31,922] {processor.py:161} INFO - Processing /home/airflow/.local/lib/python3.7/site-packages/airflow/example_dags/example_branch_operator_decorator.py took 0.251 seconds
[2023-10-27 05:33:02,130] {processor.py:153} INFO - Started process (PID=588) to work on /home/airflow/.local/lib/python3.7/site-packages/airflow/example_dags/example_branch_operator_decorator.py
[2023-10-27 05:33:02,131] {processor.py:641} INFO - Processing file /home/airflow/.local/lib/python3.7/site-packages/airflow/example_dags/example_branch_operator_decorator.py for tasks to queue
[2023-10-27 05:33:02,131] {logging_mixin.py:115} INFO - [2023-10-27 05:33:02,131] {dagbag.py:508} INFO - Filling up the DagBag from /home/airflow/.local/lib/python3.7/site-packages/airflow/example_dags/example_branch_operator_decorator.py
[2023-10-27 05:33:02,159] {processor.py:651} INFO - DAG(s) dict_keys(['example_branch_python_operator_decorator']) retrieved from /home/airflow/.local/lib/python3.7/site-packages/airflow/example_dags/example_branch_operator_decorator.py
[2023-10-27 05:33:02,343] {logging_mixin.py:115} INFO - [2023-10-27 05:33:02,343] {dag.py:2420} INFO - Sync 1 DAGs
[2023-10-27 05:33:02,367] {logging_mixin.py:115} INFO - [2023-10-27 05:33:02,367] {dag.py:2972} INFO - Setting next_dagrun for example_branch_python_operator_decorator to 2023-10-26T00:00:00+00:00, run_after=2023-10-27T00:00:00+00:00
[2023-10-27 05:33:02,380] {processor.py:161} INFO - Processing /home/airflow/.local/lib/python3.7/site-packages/airflow/example_dags/example_branch_operator_decorator.py took 0.253 seconds
[2023-10-27 05:33:32,942] {processor.py:153} INFO - Started process (PID=649) to work on /home/airflow/.local/lib/python3.7/site-packages/airflow/example_dags/example_branch_operator_decorator.py
[2023-10-27 05:33:32,943] {processor.py:641} INFO - Processing file /home/airflow/.local/lib/python3.7/site-packages/airflow/example_dags/example_branch_operator_decorator.py for tasks to queue
[2023-10-27 05:33:32,944] {logging_mixin.py:115} INFO - [2023-10-27 05:33:32,944] {dagbag.py:508} INFO - Filling up the DagBag from /home/airflow/.local/lib/python3.7/site-packages/airflow/example_dags/example_branch_operator_decorator.py
[2023-10-27 05:33:32,970] {processor.py:651} INFO - DAG(s) dict_keys(['example_branch_python_operator_decorator']) retrieved from /home/airflow/.local/lib/python3.7/site-packages/airflow/example_dags/example_branch_operator_decorator.py
[2023-10-27 05:33:33,150] {logging_mixin.py:115} INFO - [2023-10-27 05:33:33,150] {dag.py:2420} INFO - Sync 1 DAGs
[2023-10-27 05:33:33,175] {logging_mixin.py:115} INFO - [2023-10-27 05:33:33,175] {dag.py:2972} INFO - Setting next_dagrun for example_branch_python_operator_decorator to 2023-10-26T00:00:00+00:00, run_after=2023-10-27T00:00:00+00:00
[2023-10-27 05:33:33,187] {processor.py:161} INFO - Processing /home/airflow/.local/lib/python3.7/site-packages/airflow/example_dags/example_branch_operator_decorator.py took 0.249 seconds
[2023-10-27 05:34:03,749] {processor.py:153} INFO - Started process (PID=701) to work on /home/airflow/.local/lib/python3.7/site-packages/airflow/example_dags/example_branch_operator_decorator.py
[2023-10-27 05:34:03,749] {processor.py:641} INFO - Processing file /home/airflow/.local/lib/python3.7/site-packages/airflow/example_dags/example_branch_operator_decorator.py for tasks to queue
[2023-10-27 05:34:03,750] {logging_mixin.py:115} INFO - [2023-10-27 05:34:03,750] {dagbag.py:508} INFO - Filling up the DagBag from /home/airflow/.local/lib/python3.7/site-packages/airflow/example_dags/example_branch_operator_decorator.py
[2023-10-27 05:34:03,776] {processor.py:651} INFO - DAG(s) dict_keys(['example_branch_python_operator_decorator']) retrieved from /home/airflow/.local/lib/python3.7/site-packages/airflow/example_dags/example_branch_operator_decorator.py
[2023-10-27 05:34:03,961] {logging_mixin.py:115} INFO - [2023-10-27 05:34:03,961] {dag.py:2420} INFO - Sync 1 DAGs
[2023-10-27 05:34:03,986] {logging_mixin.py:115} INFO - [2023-10-27 05:34:03,985] {dag.py:2972} INFO - Setting next_dagrun for example_branch_python_operator_decorator to 2023-10-26T00:00:00+00:00, run_after=2023-10-27T00:00:00+00:00
[2023-10-27 05:34:03,998] {processor.py:161} INFO - Processing /home/airflow/.local/lib/python3.7/site-packages/airflow/example_dags/example_branch_operator_decorator.py took 0.253 seconds
[2023-10-27 05:34:34,454] {processor.py:153} INFO - Started process (PID=763) to work on /home/airflow/.local/lib/python3.7/site-packages/airflow/example_dags/example_branch_operator_decorator.py
[2023-10-27 05:34:34,455] {processor.py:641} INFO - Processing file /home/airflow/.local/lib/python3.7/site-packages/airflow/example_dags/example_branch_operator_decorator.py for tasks to queue
[2023-10-27 05:34:34,456] {logging_mixin.py:115} INFO - [2023-10-27 05:34:34,456] {dagbag.py:508} INFO - Filling up the DagBag from /home/airflow/.local/lib/python3.7/site-packages/airflow/example_dags/example_branch_operator_decorator.py
[2023-10-27 05:34:34,482] {processor.py:651} INFO - DAG(s) dict_keys(['example_branch_python_operator_decorator']) retrieved from /home/airflow/.local/lib/python3.7/site-packages/airflow/example_dags/example_branch_operator_decorator.py
[2023-10-27 05:34:34,663] {logging_mixin.py:115} INFO - [2023-10-27 05:34:34,663] {dag.py:2420} INFO - Sync 1 DAGs
[2023-10-27 05:34:34,687] {logging_mixin.py:115} INFO - [2023-10-27 05:34:34,687] {dag.py:2972} INFO - Setting next_dagrun for example_branch_python_operator_decorator to 2023-10-26T00:00:00+00:00, run_after=2023-10-27T00:00:00+00:00
[2023-10-27 05:34:34,699] {processor.py:161} INFO - Processing /home/airflow/.local/lib/python3.7/site-packages/airflow/example_dags/example_branch_operator_decorator.py took 0.249 seconds
[2023-10-27 05:35:05,212] {processor.py:153} INFO - Started process (PID=814) to work on /home/airflow/.local/lib/python3.7/site-packages/airflow/example_dags/example_branch_operator_decorator.py
[2023-10-27 05:35:05,213] {processor.py:641} INFO - Processing file /home/airflow/.local/lib/python3.7/site-packages/airflow/example_dags/example_branch_operator_decorator.py for tasks to queue
[2023-10-27 05:35:05,213] {logging_mixin.py:115} INFO - [2023-10-27 05:35:05,213] {dagbag.py:508} INFO - Filling up the DagBag from /home/airflow/.local/lib/python3.7/site-packages/airflow/example_dags/example_branch_operator_decorator.py
[2023-10-27 05:35:05,239] {processor.py:651} INFO - DAG(s) dict_keys(['example_branch_python_operator_decorator']) retrieved from /home/airflow/.local/lib/python3.7/site-packages/airflow/example_dags/example_branch_operator_decorator.py
[2023-10-27 05:35:05,427] {logging_mixin.py:115} INFO - [2023-10-27 05:35:05,427] {dag.py:2420} INFO - Sync 1 DAGs
[2023-10-27 05:35:05,452] {logging_mixin.py:115} INFO - [2023-10-27 05:35:05,452] {dag.py:2972} INFO - Setting next_dagrun for example_branch_python_operator_decorator to 2023-10-26T00:00:00+00:00, run_after=2023-10-27T00:00:00+00:00
[2023-10-27 05:35:05,465] {processor.py:161} INFO - Processing /home/airflow/.local/lib/python3.7/site-packages/airflow/example_dags/example_branch_operator_decorator.py took 0.256 seconds
[2023-10-27 05:35:35,538] {processor.py:153} INFO - Started process (PID=876) to work on /home/airflow/.local/lib/python3.7/site-packages/airflow/example_dags/example_branch_operator_decorator.py
[2023-10-27 05:35:35,539] {processor.py:641} INFO - Processing file /home/airflow/.local/lib/python3.7/site-packages/airflow/example_dags/example_branch_operator_decorator.py for tasks to queue
[2023-10-27 05:35:35,539] {logging_mixin.py:115} INFO - [2023-10-27 05:35:35,539] {dagbag.py:508} INFO - Filling up the DagBag from /home/airflow/.local/lib/python3.7/site-packages/airflow/example_dags/example_branch_operator_decorator.py
[2023-10-27 05:35:35,566] {processor.py:651} INFO - DAG(s) dict_keys(['example_branch_python_operator_decorator']) retrieved from /home/airflow/.local/lib/python3.7/site-packages/airflow/example_dags/example_branch_operator_decorator.py
[2023-10-27 05:35:35,759] {logging_mixin.py:115} INFO - [2023-10-27 05:35:35,759] {dag.py:2420} INFO - Sync 1 DAGs
[2023-10-27 05:35:35,783] {logging_mixin.py:115} INFO - [2023-10-27 05:35:35,783] {dag.py:2972} INFO - Setting next_dagrun for example_branch_python_operator_decorator to 2023-10-26T00:00:00+00:00, run_after=2023-10-27T00:00:00+00:00
[2023-10-27 05:35:35,794] {processor.py:161} INFO - Processing /home/airflow/.local/lib/python3.7/site-packages/airflow/example_dags/example_branch_operator_decorator.py took 0.260 seconds
[2023-10-27 05:36:06,394] {processor.py:153} INFO - Started process (PID=937) to work on /home/airflow/.local/lib/python3.7/site-packages/airflow/example_dags/example_branch_operator_decorator.py
[2023-10-27 05:36:06,394] {processor.py:641} INFO - Processing file /home/airflow/.local/lib/python3.7/site-packages/airflow/example_dags/example_branch_operator_decorator.py for tasks to queue
[2023-10-27 05:36:06,395] {logging_mixin.py:115} INFO - [2023-10-27 05:36:06,395] {dagbag.py:508} INFO - Filling up the DagBag from /home/airflow/.local/lib/python3.7/site-packages/airflow/example_dags/example_branch_operator_decorator.py
[2023-10-27 05:36:06,421] {processor.py:651} INFO - DAG(s) dict_keys(['example_branch_python_operator_decorator']) retrieved from /home/airflow/.local/lib/python3.7/site-packages/airflow/example_dags/example_branch_operator_decorator.py
[2023-10-27 05:36:06,603] {logging_mixin.py:115} INFO - [2023-10-27 05:36:06,603] {dag.py:2420} INFO - Sync 1 DAGs
[2023-10-27 05:36:06,627] {logging_mixin.py:115} INFO - [2023-10-27 05:36:06,627] {dag.py:2972} INFO - Setting next_dagrun for example_branch_python_operator_decorator to 2023-10-26T00:00:00+00:00, run_after=2023-10-27T00:00:00+00:00
[2023-10-27 05:36:06,639] {processor.py:161} INFO - Processing /home/airflow/.local/lib/python3.7/site-packages/airflow/example_dags/example_branch_operator_decorator.py took 0.249 seconds
[2023-10-27 05:36:36,745] {processor.py:153} INFO - Started process (PID=988) to work on /home/airflow/.local/lib/python3.7/site-packages/airflow/example_dags/example_branch_operator_decorator.py
[2023-10-27 05:36:36,746] {processor.py:641} INFO - Processing file /home/airflow/.local/lib/python3.7/site-packages/airflow/example_dags/example_branch_operator_decorator.py for tasks to queue
[2023-10-27 05:36:36,746] {logging_mixin.py:115} INFO - [2023-10-27 05:36:36,746] {dagbag.py:508} INFO - Filling up the DagBag from /home/airflow/.local/lib/python3.7/site-packages/airflow/example_dags/example_branch_operator_decorator.py
[2023-10-27 05:36:36,772] {processor.py:651} INFO - DAG(s) dict_keys(['example_branch_python_operator_decorator']) retrieved from /home/airflow/.local/lib/python3.7/site-packages/airflow/example_dags/example_branch_operator_decorator.py
[2023-10-27 05:36:36,952] {logging_mixin.py:115} INFO - [2023-10-27 05:36:36,952] {dag.py:2420} INFO - Sync 1 DAGs
[2023-10-27 05:36:36,976] {logging_mixin.py:115} INFO - [2023-10-27 05:36:36,976] {dag.py:2972} INFO - Setting next_dagrun for example_branch_python_operator_decorator to 2023-10-26T00:00:00+00:00, run_after=2023-10-27T00:00:00+00:00
[2023-10-27 05:36:36,987] {processor.py:161} INFO - Processing /home/airflow/.local/lib/python3.7/site-packages/airflow/example_dags/example_branch_operator_decorator.py took 0.246 seconds
[2023-10-27 05:37:07,136] {processor.py:153} INFO - Started process (PID=1048) to work on /home/airflow/.local/lib/python3.7/site-packages/airflow/example_dags/example_branch_operator_decorator.py
[2023-10-27 05:37:07,136] {processor.py:641} INFO - Processing file /home/airflow/.local/lib/python3.7/site-packages/airflow/example_dags/example_branch_operator_decorator.py for tasks to queue
[2023-10-27 05:37:07,137] {logging_mixin.py:115} INFO - [2023-10-27 05:37:07,137] {dagbag.py:508} INFO - Filling up the DagBag from /home/airflow/.local/lib/python3.7/site-packages/airflow/example_dags/example_branch_operator_decorator.py
[2023-10-27 05:37:07,163] {processor.py:651} INFO - DAG(s) dict_keys(['example_branch_python_operator_decorator']) retrieved from /home/airflow/.local/lib/python3.7/site-packages/airflow/example_dags/example_branch_operator_decorator.py
[2023-10-27 05:37:07,342] {logging_mixin.py:115} INFO - [2023-10-27 05:37:07,342] {dag.py:2420} INFO - Sync 1 DAGs
[2023-10-27 05:37:07,365] {logging_mixin.py:115} INFO - [2023-10-27 05:37:07,365] {dag.py:2972} INFO - Setting next_dagrun for example_branch_python_operator_decorator to 2023-10-26T00:00:00+00:00, run_after=2023-10-27T00:00:00+00:00
[2023-10-27 05:37:07,377] {processor.py:161} INFO - Processing /home/airflow/.local/lib/python3.7/site-packages/airflow/example_dags/example_branch_operator_decorator.py took 0.245 seconds
[2023-10-27 05:37:37,584] {processor.py:153} INFO - Started process (PID=1100) to work on /home/airflow/.local/lib/python3.7/site-packages/airflow/example_dags/example_branch_operator_decorator.py
[2023-10-27 05:37:37,585] {processor.py:641} INFO - Processing file /home/airflow/.local/lib/python3.7/site-packages/airflow/example_dags/example_branch_operator_decorator.py for tasks to queue
[2023-10-27 05:37:37,585] {logging_mixin.py:115} INFO - [2023-10-27 05:37:37,585] {dagbag.py:508} INFO - Filling up the DagBag from /home/airflow/.local/lib/python3.7/site-packages/airflow/example_dags/example_branch_operator_decorator.py
[2023-10-27 05:37:37,612] {processor.py:651} INFO - DAG(s) dict_keys(['example_branch_python_operator_decorator']) retrieved from /home/airflow/.local/lib/python3.7/site-packages/airflow/example_dags/example_branch_operator_decorator.py
[2023-10-27 05:37:37,797] {logging_mixin.py:115} INFO - [2023-10-27 05:37:37,797] {dag.py:2420} INFO - Sync 1 DAGs
[2023-10-27 05:37:37,822] {logging_mixin.py:115} INFO - [2023-10-27 05:37:37,822] {dag.py:2972} INFO - Setting next_dagrun for example_branch_python_operator_decorator to 2023-10-26T00:00:00+00:00, run_after=2023-10-27T00:00:00+00:00
[2023-10-27 05:37:37,835] {processor.py:161} INFO - Processing /home/airflow/.local/lib/python3.7/site-packages/airflow/example_dags/example_branch_operator_decorator.py took 0.255 seconds
[2023-10-27 05:38:07,984] {processor.py:153} INFO - Started process (PID=1161) to work on /home/airflow/.local/lib/python3.7/site-packages/airflow/example_dags/example_branch_operator_decorator.py
[2023-10-27 05:38:07,985] {processor.py:641} INFO - Processing file /home/airflow/.local/lib/python3.7/site-packages/airflow/example_dags/example_branch_operator_decorator.py for tasks to queue
[2023-10-27 05:38:07,985] {logging_mixin.py:115} INFO - [2023-10-27 05:38:07,985] {dagbag.py:508} INFO - Filling up the DagBag from /home/airflow/.local/lib/python3.7/site-packages/airflow/example_dags/example_branch_operator_decorator.py
[2023-10-27 05:38:08,013] {processor.py:651} INFO - DAG(s) dict_keys(['example_branch_python_operator_decorator']) retrieved from /home/airflow/.local/lib/python3.7/site-packages/airflow/example_dags/example_branch_operator_decorator.py
[2023-10-27 05:38:08,195] {logging_mixin.py:115} INFO - [2023-10-27 05:38:08,194] {dag.py:2420} INFO - Sync 1 DAGs
[2023-10-27 05:38:08,218] {logging_mixin.py:115} INFO - [2023-10-27 05:38:08,218] {dag.py:2972} INFO - Setting next_dagrun for example_branch_python_operator_decorator to 2023-10-26T00:00:00+00:00, run_after=2023-10-27T00:00:00+00:00
[2023-10-27 05:38:08,230] {processor.py:161} INFO - Processing /home/airflow/.local/lib/python3.7/site-packages/airflow/example_dags/example_branch_operator_decorator.py took 0.251 seconds
[2023-10-27 05:38:38,515] {processor.py:153} INFO - Started process (PID=1222) to work on /home/airflow/.local/lib/python3.7/site-packages/airflow/example_dags/example_branch_operator_decorator.py
[2023-10-27 05:38:38,516] {processor.py:641} INFO - Processing file /home/airflow/.local/lib/python3.7/site-packages/airflow/example_dags/example_branch_operator_decorator.py for tasks to queue
[2023-10-27 05:38:38,516] {logging_mixin.py:115} INFO - [2023-10-27 05:38:38,516] {dagbag.py:508} INFO - Filling up the DagBag from /home/airflow/.local/lib/python3.7/site-packages/airflow/example_dags/example_branch_operator_decorator.py
[2023-10-27 05:38:38,542] {processor.py:651} INFO - DAG(s) dict_keys(['example_branch_python_operator_decorator']) retrieved from /home/airflow/.local/lib/python3.7/site-packages/airflow/example_dags/example_branch_operator_decorator.py
[2023-10-27 05:38:38,730] {logging_mixin.py:115} INFO - [2023-10-27 05:38:38,730] {dag.py:2420} INFO - Sync 1 DAGs
[2023-10-27 05:38:38,755] {logging_mixin.py:115} INFO - [2023-10-27 05:38:38,755] {dag.py:2972} INFO - Setting next_dagrun for example_branch_python_operator_decorator to 2023-10-26T00:00:00+00:00, run_after=2023-10-27T00:00:00+00:00
[2023-10-27 05:38:38,767] {processor.py:161} INFO - Processing /home/airflow/.local/lib/python3.7/site-packages/airflow/example_dags/example_branch_operator_decorator.py took 0.256 seconds
[2023-10-27 05:39:08,981] {processor.py:153} INFO - Started process (PID=1275) to work on /home/airflow/.local/lib/python3.7/site-packages/airflow/example_dags/example_branch_operator_decorator.py
[2023-10-27 05:39:08,982] {processor.py:641} INFO - Processing file /home/airflow/.local/lib/python3.7/site-packages/airflow/example_dags/example_branch_operator_decorator.py for tasks to queue
[2023-10-27 05:39:08,982] {logging_mixin.py:115} INFO - [2023-10-27 05:39:08,982] {dagbag.py:508} INFO - Filling up the DagBag from /home/airflow/.local/lib/python3.7/site-packages/airflow/example_dags/example_branch_operator_decorator.py
[2023-10-27 05:39:09,009] {processor.py:651} INFO - DAG(s) dict_keys(['example_branch_python_operator_decorator']) retrieved from /home/airflow/.local/lib/python3.7/site-packages/airflow/example_dags/example_branch_operator_decorator.py
[2023-10-27 05:39:09,190] {logging_mixin.py:115} INFO - [2023-10-27 05:39:09,190] {dag.py:2420} INFO - Sync 1 DAGs
[2023-10-27 05:39:09,213] {logging_mixin.py:115} INFO - [2023-10-27 05:39:09,213] {dag.py:2972} INFO - Setting next_dagrun for example_branch_python_operator_decorator to 2023-10-26T00:00:00+00:00, run_after=2023-10-27T00:00:00+00:00
[2023-10-27 05:39:09,225] {processor.py:161} INFO - Processing /home/airflow/.local/lib/python3.7/site-packages/airflow/example_dags/example_branch_operator_decorator.py took 0.248 seconds
[2023-10-27 05:39:39,592] {processor.py:153} INFO - Started process (PID=1334) to work on /home/airflow/.local/lib/python3.7/site-packages/airflow/example_dags/example_branch_operator_decorator.py
[2023-10-27 05:39:39,592] {processor.py:641} INFO - Processing file /home/airflow/.local/lib/python3.7/site-packages/airflow/example_dags/example_branch_operator_decorator.py for tasks to queue
[2023-10-27 05:39:39,593] {logging_mixin.py:115} INFO - [2023-10-27 05:39:39,593] {dagbag.py:508} INFO - Filling up the DagBag from /home/airflow/.local/lib/python3.7/site-packages/airflow/example_dags/example_branch_operator_decorator.py
[2023-10-27 05:39:39,621] {processor.py:651} INFO - DAG(s) dict_keys(['example_branch_python_operator_decorator']) retrieved from /home/airflow/.local/lib/python3.7/site-packages/airflow/example_dags/example_branch_operator_decorator.py
[2023-10-27 05:39:39,804] {logging_mixin.py:115} INFO - [2023-10-27 05:39:39,804] {dag.py:2420} INFO - Sync 1 DAGs
[2023-10-27 05:39:39,827] {logging_mixin.py:115} INFO - [2023-10-27 05:39:39,827] {dag.py:2972} INFO - Setting next_dagrun for example_branch_python_operator_decorator to 2023-10-26T00:00:00+00:00, run_after=2023-10-27T00:00:00+00:00
[2023-10-27 05:39:39,839] {processor.py:161} INFO - Processing /home/airflow/.local/lib/python3.7/site-packages/airflow/example_dags/example_branch_operator_decorator.py took 0.251 seconds
[2023-10-27 05:40:10,479] {processor.py:153} INFO - Started process (PID=1396) to work on /home/airflow/.local/lib/python3.7/site-packages/airflow/example_dags/example_branch_operator_decorator.py
[2023-10-27 05:40:10,480] {processor.py:641} INFO - Processing file /home/airflow/.local/lib/python3.7/site-packages/airflow/example_dags/example_branch_operator_decorator.py for tasks to queue
[2023-10-27 05:40:10,481] {logging_mixin.py:115} INFO - [2023-10-27 05:40:10,481] {dagbag.py:508} INFO - Filling up the DagBag from /home/airflow/.local/lib/python3.7/site-packages/airflow/example_dags/example_branch_operator_decorator.py
[2023-10-27 05:40:10,507] {processor.py:651} INFO - DAG(s) dict_keys(['example_branch_python_operator_decorator']) retrieved from /home/airflow/.local/lib/python3.7/site-packages/airflow/example_dags/example_branch_operator_decorator.py
[2023-10-27 05:40:10,697] {logging_mixin.py:115} INFO - [2023-10-27 05:40:10,697] {dag.py:2420} INFO - Sync 1 DAGs
[2023-10-27 05:40:10,722] {logging_mixin.py:115} INFO - [2023-10-27 05:40:10,722] {dag.py:2972} INFO - Setting next_dagrun for example_branch_python_operator_decorator to 2023-10-26T00:00:00+00:00, run_after=2023-10-27T00:00:00+00:00
[2023-10-27 05:40:10,733] {processor.py:161} INFO - Processing /home/airflow/.local/lib/python3.7/site-packages/airflow/example_dags/example_branch_operator_decorator.py took 0.258 seconds
[2023-10-27 05:40:40,784] {processor.py:153} INFO - Started process (PID=1448) to work on /home/airflow/.local/lib/python3.7/site-packages/airflow/example_dags/example_branch_operator_decorator.py
[2023-10-27 05:40:40,785] {processor.py:641} INFO - Processing file /home/airflow/.local/lib/python3.7/site-packages/airflow/example_dags/example_branch_operator_decorator.py for tasks to queue
[2023-10-27 05:40:40,785] {logging_mixin.py:115} INFO - [2023-10-27 05:40:40,785] {dagbag.py:508} INFO - Filling up the DagBag from /home/airflow/.local/lib/python3.7/site-packages/airflow/example_dags/example_branch_operator_decorator.py
[2023-10-27 05:40:40,812] {processor.py:651} INFO - DAG(s) dict_keys(['example_branch_python_operator_decorator']) retrieved from /home/airflow/.local/lib/python3.7/site-packages/airflow/example_dags/example_branch_operator_decorator.py
[2023-10-27 05:40:40,999] {logging_mixin.py:115} INFO - [2023-10-27 05:40:40,999] {dag.py:2420} INFO - Sync 1 DAGs
[2023-10-27 05:40:41,024] {logging_mixin.py:115} INFO - [2023-10-27 05:40:41,024] {dag.py:2972} INFO - Setting next_dagrun for example_branch_python_operator_decorator to 2023-10-26T00:00:00+00:00, run_after=2023-10-27T00:00:00+00:00
[2023-10-27 05:40:41,037] {processor.py:161} INFO - Processing /home/airflow/.local/lib/python3.7/site-packages/airflow/example_dags/example_branch_operator_decorator.py took 0.257 seconds
[2023-10-27 05:41:11,191] {processor.py:153} INFO - Started process (PID=1508) to work on /home/airflow/.local/lib/python3.7/site-packages/airflow/example_dags/example_branch_operator_decorator.py
[2023-10-27 05:41:11,192] {processor.py:641} INFO - Processing file /home/airflow/.local/lib/python3.7/site-packages/airflow/example_dags/example_branch_operator_decorator.py for tasks to queue
[2023-10-27 05:41:11,192] {logging_mixin.py:115} INFO - [2023-10-27 05:41:11,192] {dagbag.py:508} INFO - Filling up the DagBag from /home/airflow/.local/lib/python3.7/site-packages/airflow/example_dags/example_branch_operator_decorator.py
[2023-10-27 05:41:11,220] {processor.py:651} INFO - DAG(s) dict_keys(['example_branch_python_operator_decorator']) retrieved from /home/airflow/.local/lib/python3.7/site-packages/airflow/example_dags/example_branch_operator_decorator.py
[2023-10-27 05:41:11,401] {logging_mixin.py:115} INFO - [2023-10-27 05:41:11,401] {dag.py:2420} INFO - Sync 1 DAGs
[2023-10-27 05:41:11,425] {logging_mixin.py:115} INFO - [2023-10-27 05:41:11,425] {dag.py:2972} INFO - Setting next_dagrun for example_branch_python_operator_decorator to 2023-10-26T00:00:00+00:00, run_after=2023-10-27T00:00:00+00:00
[2023-10-27 05:41:11,437] {processor.py:161} INFO - Processing /home/airflow/.local/lib/python3.7/site-packages/airflow/example_dags/example_branch_operator_decorator.py took 0.250 seconds
[2023-10-27 05:41:42,191] {processor.py:153} INFO - Started process (PID=1561) to work on /home/airflow/.local/lib/python3.7/site-packages/airflow/example_dags/example_branch_operator_decorator.py
[2023-10-27 05:41:42,191] {processor.py:641} INFO - Processing file /home/airflow/.local/lib/python3.7/site-packages/airflow/example_dags/example_branch_operator_decorator.py for tasks to queue
[2023-10-27 05:41:42,192] {logging_mixin.py:115} INFO - [2023-10-27 05:41:42,192] {dagbag.py:508} INFO - Filling up the DagBag from /home/airflow/.local/lib/python3.7/site-packages/airflow/example_dags/example_branch_operator_decorator.py
[2023-10-27 05:41:42,218] {processor.py:651} INFO - DAG(s) dict_keys(['example_branch_python_operator_decorator']) retrieved from /home/airflow/.local/lib/python3.7/site-packages/airflow/example_dags/example_branch_operator_decorator.py
[2023-10-27 05:41:42,428] {logging_mixin.py:115} INFO - [2023-10-27 05:41:42,428] {dag.py:2420} INFO - Sync 1 DAGs
[2023-10-27 05:41:42,454] {logging_mixin.py:115} INFO - [2023-10-27 05:41:42,454] {dag.py:2972} INFO - Setting next_dagrun for example_branch_python_operator_decorator to 2023-10-26T00:00:00+00:00, run_after=2023-10-27T00:00:00+00:00
[2023-10-27 05:41:42,469] {processor.py:161} INFO - Processing /home/airflow/.local/lib/python3.7/site-packages/airflow/example_dags/example_branch_operator_decorator.py took 0.282 seconds
[2023-10-27 05:42:12,991] {processor.py:153} INFO - Started process (PID=1622) to work on /home/airflow/.local/lib/python3.7/site-packages/airflow/example_dags/example_branch_operator_decorator.py
[2023-10-27 05:42:12,991] {processor.py:641} INFO - Processing file /home/airflow/.local/lib/python3.7/site-packages/airflow/example_dags/example_branch_operator_decorator.py for tasks to queue
[2023-10-27 05:42:12,992] {logging_mixin.py:115} INFO - [2023-10-27 05:42:12,992] {dagbag.py:508} INFO - Filling up the DagBag from /home/airflow/.local/lib/python3.7/site-packages/airflow/example_dags/example_branch_operator_decorator.py
[2023-10-27 05:42:13,027] {processor.py:651} INFO - DAG(s) dict_keys(['example_branch_python_operator_decorator']) retrieved from /home/airflow/.local/lib/python3.7/site-packages/airflow/example_dags/example_branch_operator_decorator.py
[2023-10-27 05:42:13,238] {logging_mixin.py:115} INFO - [2023-10-27 05:42:13,238] {dag.py:2420} INFO - Sync 1 DAGs
[2023-10-27 05:42:13,265] {logging_mixin.py:115} INFO - [2023-10-27 05:42:13,265] {dag.py:2972} INFO - Setting next_dagrun for example_branch_python_operator_decorator to 2023-10-26T00:00:00+00:00, run_after=2023-10-27T00:00:00+00:00
[2023-10-27 05:42:13,278] {processor.py:161} INFO - Processing /home/airflow/.local/lib/python3.7/site-packages/airflow/example_dags/example_branch_operator_decorator.py took 0.292 seconds
[2023-10-27 05:42:43,737] {processor.py:153} INFO - Started process (PID=1673) to work on /home/airflow/.local/lib/python3.7/site-packages/airflow/example_dags/example_branch_operator_decorator.py
[2023-10-27 05:42:43,738] {processor.py:641} INFO - Processing file /home/airflow/.local/lib/python3.7/site-packages/airflow/example_dags/example_branch_operator_decorator.py for tasks to queue
[2023-10-27 05:42:43,738] {logging_mixin.py:115} INFO - [2023-10-27 05:42:43,738] {dagbag.py:508} INFO - Filling up the DagBag from /home/airflow/.local/lib/python3.7/site-packages/airflow/example_dags/example_branch_operator_decorator.py
[2023-10-27 05:42:43,763] {processor.py:651} INFO - DAG(s) dict_keys(['example_branch_python_operator_decorator']) retrieved from /home/airflow/.local/lib/python3.7/site-packages/airflow/example_dags/example_branch_operator_decorator.py
[2023-10-27 05:42:43,950] {logging_mixin.py:115} INFO - [2023-10-27 05:42:43,950] {dag.py:2420} INFO - Sync 1 DAGs
[2023-10-27 05:42:43,974] {logging_mixin.py:115} INFO - [2023-10-27 05:42:43,974] {dag.py:2972} INFO - Setting next_dagrun for example_branch_python_operator_decorator to 2023-10-26T00:00:00+00:00, run_after=2023-10-27T00:00:00+00:00
[2023-10-27 05:42:43,985] {processor.py:161} INFO - Processing /home/airflow/.local/lib/python3.7/site-packages/airflow/example_dags/example_branch_operator_decorator.py took 0.252 seconds
[2023-10-27 05:43:14,116] {processor.py:153} INFO - Started process (PID=1734) to work on /home/airflow/.local/lib/python3.7/site-packages/airflow/example_dags/example_branch_operator_decorator.py
[2023-10-27 05:43:14,117] {processor.py:641} INFO - Processing file /home/airflow/.local/lib/python3.7/site-packages/airflow/example_dags/example_branch_operator_decorator.py for tasks to queue
[2023-10-27 05:43:14,117] {logging_mixin.py:115} INFO - [2023-10-27 05:43:14,117] {dagbag.py:508} INFO - Filling up the DagBag from /home/airflow/.local/lib/python3.7/site-packages/airflow/example_dags/example_branch_operator_decorator.py
[2023-10-27 05:43:14,296] {processor.py:651} INFO - DAG(s) dict_keys(['example_branch_python_operator_decorator']) retrieved from /home/airflow/.local/lib/python3.7/site-packages/airflow/example_dags/example_branch_operator_decorator.py
[2023-10-27 05:43:14,322] {logging_mixin.py:115} INFO - [2023-10-27 05:43:14,322] {dag.py:2420} INFO - Sync 1 DAGs
[2023-10-27 05:43:14,346] {logging_mixin.py:115} INFO - [2023-10-27 05:43:14,346] {dag.py:2972} INFO - Setting next_dagrun for example_branch_python_operator_decorator to 2023-10-26T00:00:00+00:00, run_after=2023-10-27T00:00:00+00:00
[2023-10-27 05:43:14,358] {processor.py:161} INFO - Processing /home/airflow/.local/lib/python3.7/site-packages/airflow/example_dags/example_branch_operator_decorator.py took 0.245 seconds
[2023-10-27 05:43:44,575] {processor.py:153} INFO - Started process (PID=1786) to work on /home/airflow/.local/lib/python3.7/site-packages/airflow/example_dags/example_branch_operator_decorator.py
[2023-10-27 05:43:44,576] {processor.py:641} INFO - Processing file /home/airflow/.local/lib/python3.7/site-packages/airflow/example_dags/example_branch_operator_decorator.py for tasks to queue
[2023-10-27 05:43:44,576] {logging_mixin.py:115} INFO - [2023-10-27 05:43:44,576] {dagbag.py:508} INFO - Filling up the DagBag from /home/airflow/.local/lib/python3.7/site-packages/airflow/example_dags/example_branch_operator_decorator.py
[2023-10-27 05:43:44,759] {processor.py:651} INFO - DAG(s) dict_keys(['example_branch_python_operator_decorator']) retrieved from /home/airflow/.local/lib/python3.7/site-packages/airflow/example_dags/example_branch_operator_decorator.py
[2023-10-27 05:43:44,783] {logging_mixin.py:115} INFO - [2023-10-27 05:43:44,783] {dag.py:2420} INFO - Sync 1 DAGs
[2023-10-27 05:43:44,808] {logging_mixin.py:115} INFO - [2023-10-27 05:43:44,808] {dag.py:2972} INFO - Setting next_dagrun for example_branch_python_operator_decorator to 2023-10-26T00:00:00+00:00, run_after=2023-10-27T00:00:00+00:00
[2023-10-27 05:43:44,819] {processor.py:161} INFO - Processing /home/airflow/.local/lib/python3.7/site-packages/airflow/example_dags/example_branch_operator_decorator.py took 0.248 seconds
[2023-10-27 05:44:14,974] {processor.py:153} INFO - Started process (PID=1846) to work on /home/airflow/.local/lib/python3.7/site-packages/airflow/example_dags/example_branch_operator_decorator.py
[2023-10-27 05:44:14,975] {processor.py:641} INFO - Processing file /home/airflow/.local/lib/python3.7/site-packages/airflow/example_dags/example_branch_operator_decorator.py for tasks to queue
[2023-10-27 05:44:14,975] {logging_mixin.py:115} INFO - [2023-10-27 05:44:14,975] {dagbag.py:508} INFO - Filling up the DagBag from /home/airflow/.local/lib/python3.7/site-packages/airflow/example_dags/example_branch_operator_decorator.py
[2023-10-27 05:44:15,162] {processor.py:651} INFO - DAG(s) dict_keys(['example_branch_python_operator_decorator']) retrieved from /home/airflow/.local/lib/python3.7/site-packages/airflow/example_dags/example_branch_operator_decorator.py
[2023-10-27 05:44:15,186] {logging_mixin.py:115} INFO - [2023-10-27 05:44:15,186] {dag.py:2420} INFO - Sync 1 DAGs
[2023-10-27 05:44:15,210] {logging_mixin.py:115} INFO - [2023-10-27 05:44:15,209] {dag.py:2972} INFO - Setting next_dagrun for example_branch_python_operator_decorator to 2023-10-26T00:00:00+00:00, run_after=2023-10-27T00:00:00+00:00
[2023-10-27 05:44:15,225] {processor.py:161} INFO - Processing /home/airflow/.local/lib/python3.7/site-packages/airflow/example_dags/example_branch_operator_decorator.py took 0.254 seconds
[2023-10-27 05:44:45,365] {processor.py:153} INFO - Started process (PID=1907) to work on /home/airflow/.local/lib/python3.7/site-packages/airflow/example_dags/example_branch_operator_decorator.py
[2023-10-27 05:44:45,365] {processor.py:641} INFO - Processing file /home/airflow/.local/lib/python3.7/site-packages/airflow/example_dags/example_branch_operator_decorator.py for tasks to queue
[2023-10-27 05:44:45,366] {logging_mixin.py:115} INFO - [2023-10-27 05:44:45,366] {dagbag.py:508} INFO - Filling up the DagBag from /home/airflow/.local/lib/python3.7/site-packages/airflow/example_dags/example_branch_operator_decorator.py
[2023-10-27 05:44:45,556] {processor.py:651} INFO - DAG(s) dict_keys(['example_branch_python_operator_decorator']) retrieved from /home/airflow/.local/lib/python3.7/site-packages/airflow/example_dags/example_branch_operator_decorator.py
[2023-10-27 05:44:45,583] {logging_mixin.py:115} INFO - [2023-10-27 05:44:45,583] {dag.py:2420} INFO - Sync 1 DAGs
[2023-10-27 05:44:45,614] {logging_mixin.py:115} INFO - [2023-10-27 05:44:45,614] {dag.py:2972} INFO - Setting next_dagrun for example_branch_python_operator_decorator to 2023-10-26T00:00:00+00:00, run_after=2023-10-27T00:00:00+00:00
[2023-10-27 05:44:45,626] {processor.py:161} INFO - Processing /home/airflow/.local/lib/python3.7/site-packages/airflow/example_dags/example_branch_operator_decorator.py took 0.265 seconds
[2023-10-27 05:45:15,809] {processor.py:153} INFO - Started process (PID=1960) to work on /home/airflow/.local/lib/python3.7/site-packages/airflow/example_dags/example_branch_operator_decorator.py
[2023-10-27 05:45:15,810] {processor.py:641} INFO - Processing file /home/airflow/.local/lib/python3.7/site-packages/airflow/example_dags/example_branch_operator_decorator.py for tasks to queue
[2023-10-27 05:45:15,810] {logging_mixin.py:115} INFO - [2023-10-27 05:45:15,810] {dagbag.py:508} INFO - Filling up the DagBag from /home/airflow/.local/lib/python3.7/site-packages/airflow/example_dags/example_branch_operator_decorator.py
[2023-10-27 05:45:15,992] {processor.py:651} INFO - DAG(s) dict_keys(['example_branch_python_operator_decorator']) retrieved from /home/airflow/.local/lib/python3.7/site-packages/airflow/example_dags/example_branch_operator_decorator.py
[2023-10-27 05:45:16,017] {logging_mixin.py:115} INFO - [2023-10-27 05:45:16,017] {dag.py:2420} INFO - Sync 1 DAGs
[2023-10-27 05:45:16,041] {logging_mixin.py:115} INFO - [2023-10-27 05:45:16,041] {dag.py:2972} INFO - Setting next_dagrun for example_branch_python_operator_decorator to 2023-10-26T00:00:00+00:00, run_after=2023-10-27T00:00:00+00:00
[2023-10-27 05:45:16,053] {processor.py:161} INFO - Processing /home/airflow/.local/lib/python3.7/site-packages/airflow/example_dags/example_branch_operator_decorator.py took 0.248 seconds
[2023-10-27 05:45:46,501] {processor.py:153} INFO - Started process (PID=2012) to work on /home/airflow/.local/lib/python3.7/site-packages/airflow/example_dags/example_branch_operator_decorator.py
[2023-10-27 05:45:46,501] {processor.py:641} INFO - Processing file /home/airflow/.local/lib/python3.7/site-packages/airflow/example_dags/example_branch_operator_decorator.py for tasks to queue
[2023-10-27 05:45:46,502] {logging_mixin.py:115} INFO - [2023-10-27 05:45:46,502] {dagbag.py:508} INFO - Filling up the DagBag from /home/airflow/.local/lib/python3.7/site-packages/airflow/example_dags/example_branch_operator_decorator.py
[2023-10-27 05:45:46,689] {processor.py:651} INFO - DAG(s) dict_keys(['example_branch_python_operator_decorator']) retrieved from /home/airflow/.local/lib/python3.7/site-packages/airflow/example_dags/example_branch_operator_decorator.py
[2023-10-27 05:45:46,713] {logging_mixin.py:115} INFO - [2023-10-27 05:45:46,713] {dag.py:2420} INFO - Sync 1 DAGs
[2023-10-27 05:45:46,737] {logging_mixin.py:115} INFO - [2023-10-27 05:45:46,736] {dag.py:2972} INFO - Setting next_dagrun for example_branch_python_operator_decorator to 2023-10-26T00:00:00+00:00, run_after=2023-10-27T00:00:00+00:00
[2023-10-27 05:45:46,749] {processor.py:161} INFO - Processing /home/airflow/.local/lib/python3.7/site-packages/airflow/example_dags/example_branch_operator_decorator.py took 0.253 seconds
[2023-10-27 05:46:16,972] {processor.py:153} INFO - Started process (PID=2074) to work on /home/airflow/.local/lib/python3.7/site-packages/airflow/example_dags/example_branch_operator_decorator.py
[2023-10-27 05:46:16,972] {processor.py:641} INFO - Processing file /home/airflow/.local/lib/python3.7/site-packages/airflow/example_dags/example_branch_operator_decorator.py for tasks to queue
[2023-10-27 05:46:16,973] {logging_mixin.py:115} INFO - [2023-10-27 05:46:16,973] {dagbag.py:508} INFO - Filling up the DagBag from /home/airflow/.local/lib/python3.7/site-packages/airflow/example_dags/example_branch_operator_decorator.py
[2023-10-27 05:46:17,165] {processor.py:651} INFO - DAG(s) dict_keys(['example_branch_python_operator_decorator']) retrieved from /home/airflow/.local/lib/python3.7/site-packages/airflow/example_dags/example_branch_operator_decorator.py
[2023-10-27 05:46:17,190] {logging_mixin.py:115} INFO - [2023-10-27 05:46:17,190] {dag.py:2420} INFO - Sync 1 DAGs
[2023-10-27 05:46:17,214] {logging_mixin.py:115} INFO - [2023-10-27 05:46:17,214] {dag.py:2972} INFO - Setting next_dagrun for example_branch_python_operator_decorator to 2023-10-26T00:00:00+00:00, run_after=2023-10-27T00:00:00+00:00
[2023-10-27 05:46:17,227] {processor.py:161} INFO - Processing /home/airflow/.local/lib/python3.7/site-packages/airflow/example_dags/example_branch_operator_decorator.py took 0.259 seconds
[2023-10-27 05:46:47,585] {processor.py:153} INFO - Started process (PID=2138) to work on /home/airflow/.local/lib/python3.7/site-packages/airflow/example_dags/example_branch_operator_decorator.py
[2023-10-27 05:46:47,586] {processor.py:641} INFO - Processing file /home/airflow/.local/lib/python3.7/site-packages/airflow/example_dags/example_branch_operator_decorator.py for tasks to queue
[2023-10-27 05:46:47,587] {logging_mixin.py:115} INFO - [2023-10-27 05:46:47,586] {dagbag.py:508} INFO - Filling up the DagBag from /home/airflow/.local/lib/python3.7/site-packages/airflow/example_dags/example_branch_operator_decorator.py
[2023-10-27 05:46:47,770] {processor.py:651} INFO - DAG(s) dict_keys(['example_branch_python_operator_decorator']) retrieved from /home/airflow/.local/lib/python3.7/site-packages/airflow/example_dags/example_branch_operator_decorator.py
[2023-10-27 05:46:47,794] {logging_mixin.py:115} INFO - [2023-10-27 05:46:47,794] {dag.py:2420} INFO - Sync 1 DAGs
[2023-10-27 05:46:47,817] {logging_mixin.py:115} INFO - [2023-10-27 05:46:47,817] {dag.py:2972} INFO - Setting next_dagrun for example_branch_python_operator_decorator to 2023-10-26T00:00:00+00:00, run_after=2023-10-27T00:00:00+00:00
[2023-10-27 05:46:47,829] {processor.py:161} INFO - Processing /home/airflow/.local/lib/python3.7/site-packages/airflow/example_dags/example_branch_operator_decorator.py took 0.248 seconds
[2023-10-27 05:47:18,100] {processor.py:153} INFO - Started process (PID=2191) to work on /home/airflow/.local/lib/python3.7/site-packages/airflow/example_dags/example_branch_operator_decorator.py
[2023-10-27 05:47:18,101] {processor.py:641} INFO - Processing file /home/airflow/.local/lib/python3.7/site-packages/airflow/example_dags/example_branch_operator_decorator.py for tasks to queue
[2023-10-27 05:47:18,102] {logging_mixin.py:115} INFO - [2023-10-27 05:47:18,102] {dagbag.py:508} INFO - Filling up the DagBag from /home/airflow/.local/lib/python3.7/site-packages/airflow/example_dags/example_branch_operator_decorator.py
[2023-10-27 05:47:18,288] {processor.py:651} INFO - DAG(s) dict_keys(['example_branch_python_operator_decorator']) retrieved from /home/airflow/.local/lib/python3.7/site-packages/airflow/example_dags/example_branch_operator_decorator.py
[2023-10-27 05:47:18,312] {logging_mixin.py:115} INFO - [2023-10-27 05:47:18,312] {dag.py:2420} INFO - Sync 1 DAGs
[2023-10-27 05:47:18,336] {logging_mixin.py:115} INFO - [2023-10-27 05:47:18,336] {dag.py:2972} INFO - Setting next_dagrun for example_branch_python_operator_decorator to 2023-10-26T00:00:00+00:00, run_after=2023-10-27T00:00:00+00:00
[2023-10-27 05:47:18,348] {processor.py:161} INFO - Processing /home/airflow/.local/lib/python3.7/site-packages/airflow/example_dags/example_branch_operator_decorator.py took 0.252 seconds
[2023-10-27 05:47:48,676] {processor.py:153} INFO - Started process (PID=2252) to work on /home/airflow/.local/lib/python3.7/site-packages/airflow/example_dags/example_branch_operator_decorator.py
[2023-10-27 05:47:48,677] {processor.py:641} INFO - Processing file /home/airflow/.local/lib/python3.7/site-packages/airflow/example_dags/example_branch_operator_decorator.py for tasks to queue
[2023-10-27 05:47:48,677] {logging_mixin.py:115} INFO - [2023-10-27 05:47:48,677] {dagbag.py:508} INFO - Filling up the DagBag from /home/airflow/.local/lib/python3.7/site-packages/airflow/example_dags/example_branch_operator_decorator.py
[2023-10-27 05:47:48,864] {processor.py:651} INFO - DAG(s) dict_keys(['example_branch_python_operator_decorator']) retrieved from /home/airflow/.local/lib/python3.7/site-packages/airflow/example_dags/example_branch_operator_decorator.py
[2023-10-27 05:47:48,889] {logging_mixin.py:115} INFO - [2023-10-27 05:47:48,889] {dag.py:2420} INFO - Sync 1 DAGs
[2023-10-27 05:47:48,914] {logging_mixin.py:115} INFO - [2023-10-27 05:47:48,914] {dag.py:2972} INFO - Setting next_dagrun for example_branch_python_operator_decorator to 2023-10-26T00:00:00+00:00, run_after=2023-10-27T00:00:00+00:00
[2023-10-27 05:47:48,927] {processor.py:161} INFO - Processing /home/airflow/.local/lib/python3.7/site-packages/airflow/example_dags/example_branch_operator_decorator.py took 0.255 seconds
[2023-10-27 05:48:19,466] {processor.py:153} INFO - Started process (PID=2312) to work on /home/airflow/.local/lib/python3.7/site-packages/airflow/example_dags/example_branch_operator_decorator.py
[2023-10-27 05:48:19,467] {processor.py:641} INFO - Processing file /home/airflow/.local/lib/python3.7/site-packages/airflow/example_dags/example_branch_operator_decorator.py for tasks to queue
[2023-10-27 05:48:19,468] {logging_mixin.py:115} INFO - [2023-10-27 05:48:19,468] {dagbag.py:508} INFO - Filling up the DagBag from /home/airflow/.local/lib/python3.7/site-packages/airflow/example_dags/example_branch_operator_decorator.py
[2023-10-27 05:48:19,708] {processor.py:651} INFO - DAG(s) dict_keys(['example_branch_python_operator_decorator']) retrieved from /home/airflow/.local/lib/python3.7/site-packages/airflow/example_dags/example_branch_operator_decorator.py
[2023-10-27 05:48:19,734] {logging_mixin.py:115} INFO - [2023-10-27 05:48:19,734] {dag.py:2420} INFO - Sync 1 DAGs
[2023-10-27 05:48:19,762] {logging_mixin.py:115} INFO - [2023-10-27 05:48:19,762] {dag.py:2972} INFO - Setting next_dagrun for example_branch_python_operator_decorator to 2023-10-26T00:00:00+00:00, run_after=2023-10-27T00:00:00+00:00
[2023-10-27 05:48:19,775] {processor.py:161} INFO - Processing /home/airflow/.local/lib/python3.7/site-packages/airflow/example_dags/example_branch_operator_decorator.py took 0.322 seconds
[2023-10-27 05:48:50,358] {processor.py:153} INFO - Started process (PID=2366) to work on /home/airflow/.local/lib/python3.7/site-packages/airflow/example_dags/example_branch_operator_decorator.py
[2023-10-27 05:48:50,359] {processor.py:641} INFO - Processing file /home/airflow/.local/lib/python3.7/site-packages/airflow/example_dags/example_branch_operator_decorator.py for tasks to queue
[2023-10-27 05:48:50,359] {logging_mixin.py:115} INFO - [2023-10-27 05:48:50,359] {dagbag.py:508} INFO - Filling up the DagBag from /home/airflow/.local/lib/python3.7/site-packages/airflow/example_dags/example_branch_operator_decorator.py
[2023-10-27 05:48:50,543] {processor.py:651} INFO - DAG(s) dict_keys(['example_branch_python_operator_decorator']) retrieved from /home/airflow/.local/lib/python3.7/site-packages/airflow/example_dags/example_branch_operator_decorator.py
[2023-10-27 05:48:50,566] {logging_mixin.py:115} INFO - [2023-10-27 05:48:50,566] {dag.py:2420} INFO - Sync 1 DAGs
[2023-10-27 05:48:50,590] {logging_mixin.py:115} INFO - [2023-10-27 05:48:50,590] {dag.py:2972} INFO - Setting next_dagrun for example_branch_python_operator_decorator to 2023-10-26T00:00:00+00:00, run_after=2023-10-27T00:00:00+00:00
[2023-10-27 05:48:50,602] {processor.py:161} INFO - Processing /home/airflow/.local/lib/python3.7/site-packages/airflow/example_dags/example_branch_operator_decorator.py took 0.247 seconds
[2023-10-27 05:49:20,823] {processor.py:153} INFO - Started process (PID=2428) to work on /home/airflow/.local/lib/python3.7/site-packages/airflow/example_dags/example_branch_operator_decorator.py
[2023-10-27 05:49:20,824] {processor.py:641} INFO - Processing file /home/airflow/.local/lib/python3.7/site-packages/airflow/example_dags/example_branch_operator_decorator.py for tasks to queue
[2023-10-27 05:49:20,825] {logging_mixin.py:115} INFO - [2023-10-27 05:49:20,825] {dagbag.py:508} INFO - Filling up the DagBag from /home/airflow/.local/lib/python3.7/site-packages/airflow/example_dags/example_branch_operator_decorator.py
[2023-10-27 05:49:21,012] {processor.py:651} INFO - DAG(s) dict_keys(['example_branch_python_operator_decorator']) retrieved from /home/airflow/.local/lib/python3.7/site-packages/airflow/example_dags/example_branch_operator_decorator.py
[2023-10-27 05:49:21,041] {logging_mixin.py:115} INFO - [2023-10-27 05:49:21,041] {dag.py:2420} INFO - Sync 1 DAGs
[2023-10-27 05:49:21,066] {logging_mixin.py:115} INFO - [2023-10-27 05:49:21,066] {dag.py:2972} INFO - Setting next_dagrun for example_branch_python_operator_decorator to 2023-10-26T00:00:00+00:00, run_after=2023-10-27T00:00:00+00:00
[2023-10-27 05:49:21,079] {processor.py:161} INFO - Processing /home/airflow/.local/lib/python3.7/site-packages/airflow/example_dags/example_branch_operator_decorator.py took 0.259 seconds
[2023-10-27 05:49:51,452] {processor.py:153} INFO - Started process (PID=2481) to work on /home/airflow/.local/lib/python3.7/site-packages/airflow/example_dags/example_branch_operator_decorator.py
[2023-10-27 05:49:51,452] {processor.py:641} INFO - Processing file /home/airflow/.local/lib/python3.7/site-packages/airflow/example_dags/example_branch_operator_decorator.py for tasks to queue
[2023-10-27 05:49:51,453] {logging_mixin.py:115} INFO - [2023-10-27 05:49:51,453] {dagbag.py:508} INFO - Filling up the DagBag from /home/airflow/.local/lib/python3.7/site-packages/airflow/example_dags/example_branch_operator_decorator.py
[2023-10-27 05:49:51,641] {processor.py:651} INFO - DAG(s) dict_keys(['example_branch_python_operator_decorator']) retrieved from /home/airflow/.local/lib/python3.7/site-packages/airflow/example_dags/example_branch_operator_decorator.py
[2023-10-27 05:49:51,667] {logging_mixin.py:115} INFO - [2023-10-27 05:49:51,667] {dag.py:2420} INFO - Sync 1 DAGs
[2023-10-27 05:49:51,692] {logging_mixin.py:115} INFO - [2023-10-27 05:49:51,692] {dag.py:2972} INFO - Setting next_dagrun for example_branch_python_operator_decorator to 2023-10-26T00:00:00+00:00, run_after=2023-10-27T00:00:00+00:00
[2023-10-27 05:49:51,704] {processor.py:161} INFO - Processing /home/airflow/.local/lib/python3.7/site-packages/airflow/example_dags/example_branch_operator_decorator.py took 0.257 seconds
[2023-10-27 05:50:21,784] {processor.py:153} INFO - Started process (PID=2543) to work on /home/airflow/.local/lib/python3.7/site-packages/airflow/example_dags/example_branch_operator_decorator.py
[2023-10-27 05:50:21,785] {processor.py:641} INFO - Processing file /home/airflow/.local/lib/python3.7/site-packages/airflow/example_dags/example_branch_operator_decorator.py for tasks to queue
[2023-10-27 05:50:21,785] {logging_mixin.py:115} INFO - [2023-10-27 05:50:21,785] {dagbag.py:508} INFO - Filling up the DagBag from /home/airflow/.local/lib/python3.7/site-packages/airflow/example_dags/example_branch_operator_decorator.py
[2023-10-27 05:50:21,974] {processor.py:651} INFO - DAG(s) dict_keys(['example_branch_python_operator_decorator']) retrieved from /home/airflow/.local/lib/python3.7/site-packages/airflow/example_dags/example_branch_operator_decorator.py
[2023-10-27 05:50:21,998] {logging_mixin.py:115} INFO - [2023-10-27 05:50:21,998] {dag.py:2420} INFO - Sync 1 DAGs
[2023-10-27 05:50:22,022] {logging_mixin.py:115} INFO - [2023-10-27 05:50:22,022] {dag.py:2972} INFO - Setting next_dagrun for example_branch_python_operator_decorator to 2023-10-26T00:00:00+00:00, run_after=2023-10-27T00:00:00+00:00
[2023-10-27 05:50:22,034] {processor.py:161} INFO - Processing /home/airflow/.local/lib/python3.7/site-packages/airflow/example_dags/example_branch_operator_decorator.py took 0.254 seconds
[2023-10-27 05:50:52,364] {processor.py:153} INFO - Started process (PID=2604) to work on /home/airflow/.local/lib/python3.7/site-packages/airflow/example_dags/example_branch_operator_decorator.py
[2023-10-27 05:50:52,364] {processor.py:641} INFO - Processing file /home/airflow/.local/lib/python3.7/site-packages/airflow/example_dags/example_branch_operator_decorator.py for tasks to queue
[2023-10-27 05:50:52,365] {logging_mixin.py:115} INFO - [2023-10-27 05:50:52,365] {dagbag.py:508} INFO - Filling up the DagBag from /home/airflow/.local/lib/python3.7/site-packages/airflow/example_dags/example_branch_operator_decorator.py
[2023-10-27 05:50:52,561] {processor.py:651} INFO - DAG(s) dict_keys(['example_branch_python_operator_decorator']) retrieved from /home/airflow/.local/lib/python3.7/site-packages/airflow/example_dags/example_branch_operator_decorator.py
[2023-10-27 05:50:52,587] {logging_mixin.py:115} INFO - [2023-10-27 05:50:52,587] {dag.py:2420} INFO - Sync 1 DAGs
[2023-10-27 05:50:52,621] {logging_mixin.py:115} INFO - [2023-10-27 05:50:52,620] {dag.py:2972} INFO - Setting next_dagrun for example_branch_python_operator_decorator to 2023-10-26T00:00:00+00:00, run_after=2023-10-27T00:00:00+00:00
[2023-10-27 05:50:52,634] {processor.py:161} INFO - Processing /home/airflow/.local/lib/python3.7/site-packages/airflow/example_dags/example_branch_operator_decorator.py took 0.275 seconds
[2023-10-27 05:51:23,055] {processor.py:153} INFO - Started process (PID=2656) to work on /home/airflow/.local/lib/python3.7/site-packages/airflow/example_dags/example_branch_operator_decorator.py
[2023-10-27 05:51:23,056] {processor.py:641} INFO - Processing file /home/airflow/.local/lib/python3.7/site-packages/airflow/example_dags/example_branch_operator_decorator.py for tasks to queue
[2023-10-27 05:51:23,057] {logging_mixin.py:115} INFO - [2023-10-27 05:51:23,056] {dagbag.py:508} INFO - Filling up the DagBag from /home/airflow/.local/lib/python3.7/site-packages/airflow/example_dags/example_branch_operator_decorator.py
[2023-10-27 05:51:23,243] {processor.py:651} INFO - DAG(s) dict_keys(['example_branch_python_operator_decorator']) retrieved from /home/airflow/.local/lib/python3.7/site-packages/airflow/example_dags/example_branch_operator_decorator.py
[2023-10-27 05:51:23,267] {logging_mixin.py:115} INFO - [2023-10-27 05:51:23,267] {dag.py:2420} INFO - Sync 1 DAGs
[2023-10-27 05:51:23,292] {logging_mixin.py:115} INFO - [2023-10-27 05:51:23,291] {dag.py:2972} INFO - Setting next_dagrun for example_branch_python_operator_decorator to 2023-10-26T00:00:00+00:00, run_after=2023-10-27T00:00:00+00:00
[2023-10-27 05:51:23,304] {processor.py:161} INFO - Processing /home/airflow/.local/lib/python3.7/site-packages/airflow/example_dags/example_branch_operator_decorator.py took 0.253 seconds
[2023-10-27 05:51:53,608] {processor.py:153} INFO - Started process (PID=2718) to work on /home/airflow/.local/lib/python3.7/site-packages/airflow/example_dags/example_branch_operator_decorator.py
[2023-10-27 05:51:53,608] {processor.py:641} INFO - Processing file /home/airflow/.local/lib/python3.7/site-packages/airflow/example_dags/example_branch_operator_decorator.py for tasks to queue
[2023-10-27 05:51:53,609] {logging_mixin.py:115} INFO - [2023-10-27 05:51:53,609] {dagbag.py:508} INFO - Filling up the DagBag from /home/airflow/.local/lib/python3.7/site-packages/airflow/example_dags/example_branch_operator_decorator.py
[2023-10-27 05:51:53,793] {processor.py:651} INFO - DAG(s) dict_keys(['example_branch_python_operator_decorator']) retrieved from /home/airflow/.local/lib/python3.7/site-packages/airflow/example_dags/example_branch_operator_decorator.py
[2023-10-27 05:51:53,817] {logging_mixin.py:115} INFO - [2023-10-27 05:51:53,817] {dag.py:2420} INFO - Sync 1 DAGs
[2023-10-27 05:51:53,843] {logging_mixin.py:115} INFO - [2023-10-27 05:51:53,843] {dag.py:2972} INFO - Setting next_dagrun for example_branch_python_operator_decorator to 2023-10-26T00:00:00+00:00, run_after=2023-10-27T00:00:00+00:00
[2023-10-27 05:51:53,855] {processor.py:161} INFO - Processing /home/airflow/.local/lib/python3.7/site-packages/airflow/example_dags/example_branch_operator_decorator.py took 0.251 seconds
[2023-10-27 05:52:24,323] {processor.py:153} INFO - Started process (PID=2771) to work on /home/airflow/.local/lib/python3.7/site-packages/airflow/example_dags/example_branch_operator_decorator.py
[2023-10-27 05:52:24,324] {processor.py:641} INFO - Processing file /home/airflow/.local/lib/python3.7/site-packages/airflow/example_dags/example_branch_operator_decorator.py for tasks to queue
[2023-10-27 05:52:24,324] {logging_mixin.py:115} INFO - [2023-10-27 05:52:24,324] {dagbag.py:508} INFO - Filling up the DagBag from /home/airflow/.local/lib/python3.7/site-packages/airflow/example_dags/example_branch_operator_decorator.py
[2023-10-27 05:52:24,514] {processor.py:651} INFO - DAG(s) dict_keys(['example_branch_python_operator_decorator']) retrieved from /home/airflow/.local/lib/python3.7/site-packages/airflow/example_dags/example_branch_operator_decorator.py
[2023-10-27 05:52:24,538] {logging_mixin.py:115} INFO - [2023-10-27 05:52:24,537] {dag.py:2420} INFO - Sync 1 DAGs
[2023-10-27 05:52:24,563] {logging_mixin.py:115} INFO - [2023-10-27 05:52:24,563] {dag.py:2972} INFO - Setting next_dagrun for example_branch_python_operator_decorator to 2023-10-26T00:00:00+00:00, run_after=2023-10-27T00:00:00+00:00
[2023-10-27 05:52:24,575] {processor.py:161} INFO - Processing /home/airflow/.local/lib/python3.7/site-packages/airflow/example_dags/example_branch_operator_decorator.py took 0.256 seconds
[2023-10-27 05:52:54,897] {processor.py:153} INFO - Started process (PID=2831) to work on /home/airflow/.local/lib/python3.7/site-packages/airflow/example_dags/example_branch_operator_decorator.py
[2023-10-27 05:52:54,898] {processor.py:641} INFO - Processing file /home/airflow/.local/lib/python3.7/site-packages/airflow/example_dags/example_branch_operator_decorator.py for tasks to queue
[2023-10-27 05:52:54,898] {logging_mixin.py:115} INFO - [2023-10-27 05:52:54,898] {dagbag.py:508} INFO - Filling up the DagBag from /home/airflow/.local/lib/python3.7/site-packages/airflow/example_dags/example_branch_operator_decorator.py
[2023-10-27 05:52:55,085] {processor.py:651} INFO - DAG(s) dict_keys(['example_branch_python_operator_decorator']) retrieved from /home/airflow/.local/lib/python3.7/site-packages/airflow/example_dags/example_branch_operator_decorator.py
[2023-10-27 05:52:55,108] {logging_mixin.py:115} INFO - [2023-10-27 05:52:55,108] {dag.py:2420} INFO - Sync 1 DAGs
[2023-10-27 05:52:55,132] {logging_mixin.py:115} INFO - [2023-10-27 05:52:55,132] {dag.py:2972} INFO - Setting next_dagrun for example_branch_python_operator_decorator to 2023-10-26T00:00:00+00:00, run_after=2023-10-27T00:00:00+00:00
[2023-10-27 05:52:55,144] {processor.py:161} INFO - Processing /home/airflow/.local/lib/python3.7/site-packages/airflow/example_dags/example_branch_operator_decorator.py took 0.251 seconds
[2023-10-27 05:53:25,290] {processor.py:153} INFO - Started process (PID=2892) to work on /home/airflow/.local/lib/python3.7/site-packages/airflow/example_dags/example_branch_operator_decorator.py
[2023-10-27 05:53:25,291] {processor.py:641} INFO - Processing file /home/airflow/.local/lib/python3.7/site-packages/airflow/example_dags/example_branch_operator_decorator.py for tasks to queue
[2023-10-27 05:53:25,292] {logging_mixin.py:115} INFO - [2023-10-27 05:53:25,291] {dagbag.py:508} INFO - Filling up the DagBag from /home/airflow/.local/lib/python3.7/site-packages/airflow/example_dags/example_branch_operator_decorator.py
[2023-10-27 05:53:25,482] {processor.py:651} INFO - DAG(s) dict_keys(['example_branch_python_operator_decorator']) retrieved from /home/airflow/.local/lib/python3.7/site-packages/airflow/example_dags/example_branch_operator_decorator.py
[2023-10-27 05:53:25,508] {logging_mixin.py:115} INFO - [2023-10-27 05:53:25,508] {dag.py:2420} INFO - Sync 1 DAGs
[2023-10-27 05:53:25,539] {logging_mixin.py:115} INFO - [2023-10-27 05:53:25,539] {dag.py:2972} INFO - Setting next_dagrun for example_branch_python_operator_decorator to 2023-10-26T00:00:00+00:00, run_after=2023-10-27T00:00:00+00:00
[2023-10-27 05:53:25,556] {processor.py:161} INFO - Processing /home/airflow/.local/lib/python3.7/site-packages/airflow/example_dags/example_branch_operator_decorator.py took 0.270 seconds
[2023-10-27 05:53:55,646] {processor.py:153} INFO - Started process (PID=2944) to work on /home/airflow/.local/lib/python3.7/site-packages/airflow/example_dags/example_branch_operator_decorator.py
[2023-10-27 05:53:55,655] {processor.py:641} INFO - Processing file /home/airflow/.local/lib/python3.7/site-packages/airflow/example_dags/example_branch_operator_decorator.py for tasks to queue
[2023-10-27 05:53:55,656] {logging_mixin.py:115} INFO - [2023-10-27 05:53:55,656] {dagbag.py:508} INFO - Filling up the DagBag from /home/airflow/.local/lib/python3.7/site-packages/airflow/example_dags/example_branch_operator_decorator.py
[2023-10-27 05:53:56,012] {processor.py:651} INFO - DAG(s) dict_keys(['example_branch_python_operator_decorator']) retrieved from /home/airflow/.local/lib/python3.7/site-packages/airflow/example_dags/example_branch_operator_decorator.py
[2023-10-27 05:53:56,056] {logging_mixin.py:115} INFO - [2023-10-27 05:53:56,056] {dag.py:2420} INFO - Sync 1 DAGs
[2023-10-27 05:53:56,098] {logging_mixin.py:115} INFO - [2023-10-27 05:53:56,098] {dag.py:2972} INFO - Setting next_dagrun for example_branch_python_operator_decorator to 2023-10-26T00:00:00+00:00, run_after=2023-10-27T00:00:00+00:00
[2023-10-27 05:53:56,115] {processor.py:161} INFO - Processing /home/airflow/.local/lib/python3.7/site-packages/airflow/example_dags/example_branch_operator_decorator.py took 0.473 seconds
