[2023-10-27 05:19:34,296] {processor.py:153} INFO - Started process (PID=59) to work on /home/airflow/.local/lib/python3.7/site-packages/airflow/example_dags/example_branch_operator.py
[2023-10-27 05:19:34,297] {processor.py:641} INFO - Processing file /home/airflow/.local/lib/python3.7/site-packages/airflow/example_dags/example_branch_operator.py for tasks to queue
[2023-10-27 05:19:34,298] {logging_mixin.py:115} INFO - [2023-10-27 05:19:34,297] {dagbag.py:508} INFO - Filling up the DagBag from /home/airflow/.local/lib/python3.7/site-packages/airflow/example_dags/example_branch_operator.py
[2023-10-27 05:19:34,313] {processor.py:651} INFO - DAG(s) dict_keys(['example_branch_operator']) retrieved from /home/airflow/.local/lib/python3.7/site-packages/airflow/example_dags/example_branch_operator.py
[2023-10-27 05:19:34,418] {logging_mixin.py:115} INFO - [2023-10-27 05:19:34,418] {manager.py:508} INFO - Created Permission View: can delete on DAG:example_branch_operator
[2023-10-27 05:19:34,428] {logging_mixin.py:115} INFO - [2023-10-27 05:19:34,428] {manager.py:508} INFO - Created Permission View: can read on DAG:example_branch_operator
[2023-10-27 05:19:34,436] {logging_mixin.py:115} INFO - [2023-10-27 05:19:34,436] {manager.py:508} INFO - Created Permission View: can edit on DAG:example_branch_operator
[2023-10-27 05:19:34,436] {logging_mixin.py:115} INFO - [2023-10-27 05:19:34,436] {dag.py:2420} INFO - Sync 1 DAGs
[2023-10-27 05:19:34,448] {logging_mixin.py:115} INFO - [2023-10-27 05:19:34,448] {dag.py:2439} INFO - Creating ORM DAG for example_branch_operator
[2023-10-27 05:19:34,466] {logging_mixin.py:115} INFO - [2023-10-27 05:19:34,466] {dag.py:2972} INFO - Setting next_dagrun for example_branch_operator to 2023-10-26T00:00:00+00:00, run_after=2023-10-27T00:00:00+00:00
[2023-10-27 05:19:34,484] {processor.py:161} INFO - Processing /home/airflow/.local/lib/python3.7/site-packages/airflow/example_dags/example_branch_operator.py took 0.192 seconds
[2023-10-27 05:20:04,904] {processor.py:153} INFO - Started process (PID=122) to work on /home/airflow/.local/lib/python3.7/site-packages/airflow/example_dags/example_branch_operator.py
[2023-10-27 05:20:04,905] {processor.py:641} INFO - Processing file /home/airflow/.local/lib/python3.7/site-packages/airflow/example_dags/example_branch_operator.py for tasks to queue
[2023-10-27 05:20:04,906] {logging_mixin.py:115} INFO - [2023-10-27 05:20:04,906] {dagbag.py:508} INFO - Filling up the DagBag from /home/airflow/.local/lib/python3.7/site-packages/airflow/example_dags/example_branch_operator.py
[2023-10-27 05:20:04,919] {processor.py:651} INFO - DAG(s) dict_keys(['example_branch_operator']) retrieved from /home/airflow/.local/lib/python3.7/site-packages/airflow/example_dags/example_branch_operator.py
[2023-10-27 05:20:04,951] {logging_mixin.py:115} INFO - [2023-10-27 05:20:04,951] {dag.py:2420} INFO - Sync 1 DAGs
[2023-10-27 05:20:04,979] {logging_mixin.py:115} INFO - [2023-10-27 05:20:04,979] {dag.py:2972} INFO - Setting next_dagrun for example_branch_operator to 2023-10-26T00:00:00+00:00, run_after=2023-10-27T00:00:00+00:00
[2023-10-27 05:20:04,992] {processor.py:161} INFO - Processing /home/airflow/.local/lib/python3.7/site-packages/airflow/example_dags/example_branch_operator.py took 0.091 seconds
[2023-10-27 05:20:35,170] {processor.py:153} INFO - Started process (PID=183) to work on /home/airflow/.local/lib/python3.7/site-packages/airflow/example_dags/example_branch_operator.py
[2023-10-27 05:20:35,171] {processor.py:641} INFO - Processing file /home/airflow/.local/lib/python3.7/site-packages/airflow/example_dags/example_branch_operator.py for tasks to queue
[2023-10-27 05:20:35,172] {logging_mixin.py:115} INFO - [2023-10-27 05:20:35,172] {dagbag.py:508} INFO - Filling up the DagBag from /home/airflow/.local/lib/python3.7/site-packages/airflow/example_dags/example_branch_operator.py
[2023-10-27 05:20:35,187] {processor.py:651} INFO - DAG(s) dict_keys(['example_branch_operator']) retrieved from /home/airflow/.local/lib/python3.7/site-packages/airflow/example_dags/example_branch_operator.py
[2023-10-27 05:20:35,229] {logging_mixin.py:115} INFO - [2023-10-27 05:20:35,229] {dag.py:2420} INFO - Sync 1 DAGs
[2023-10-27 05:20:35,270] {logging_mixin.py:115} INFO - [2023-10-27 05:20:35,270] {dag.py:2972} INFO - Setting next_dagrun for example_branch_operator to 2023-10-26T00:00:00+00:00, run_after=2023-10-27T00:00:00+00:00
[2023-10-27 05:20:35,292] {processor.py:161} INFO - Processing /home/airflow/.local/lib/python3.7/site-packages/airflow/example_dags/example_branch_operator.py took 0.126 seconds
[2023-10-27 05:21:05,385] {processor.py:153} INFO - Started process (PID=235) to work on /home/airflow/.local/lib/python3.7/site-packages/airflow/example_dags/example_branch_operator.py
[2023-10-27 05:21:05,385] {processor.py:641} INFO - Processing file /home/airflow/.local/lib/python3.7/site-packages/airflow/example_dags/example_branch_operator.py for tasks to queue
[2023-10-27 05:21:05,386] {logging_mixin.py:115} INFO - [2023-10-27 05:21:05,386] {dagbag.py:508} INFO - Filling up the DagBag from /home/airflow/.local/lib/python3.7/site-packages/airflow/example_dags/example_branch_operator.py
[2023-10-27 05:21:05,399] {processor.py:651} INFO - DAG(s) dict_keys(['example_branch_operator']) retrieved from /home/airflow/.local/lib/python3.7/site-packages/airflow/example_dags/example_branch_operator.py
[2023-10-27 05:21:05,430] {logging_mixin.py:115} INFO - [2023-10-27 05:21:05,430] {dag.py:2420} INFO - Sync 1 DAGs
[2023-10-27 05:21:05,458] {logging_mixin.py:115} INFO - [2023-10-27 05:21:05,458] {dag.py:2972} INFO - Setting next_dagrun for example_branch_operator to 2023-10-26T00:00:00+00:00, run_after=2023-10-27T00:00:00+00:00
[2023-10-27 05:21:05,471] {processor.py:161} INFO - Processing /home/airflow/.local/lib/python3.7/site-packages/airflow/example_dags/example_branch_operator.py took 0.090 seconds
[2023-10-27 05:21:35,595] {processor.py:153} INFO - Started process (PID=296) to work on /home/airflow/.local/lib/python3.7/site-packages/airflow/example_dags/example_branch_operator.py
[2023-10-27 05:21:35,596] {processor.py:641} INFO - Processing file /home/airflow/.local/lib/python3.7/site-packages/airflow/example_dags/example_branch_operator.py for tasks to queue
[2023-10-27 05:21:35,596] {logging_mixin.py:115} INFO - [2023-10-27 05:21:35,596] {dagbag.py:508} INFO - Filling up the DagBag from /home/airflow/.local/lib/python3.7/site-packages/airflow/example_dags/example_branch_operator.py
[2023-10-27 05:21:35,610] {processor.py:651} INFO - DAG(s) dict_keys(['example_branch_operator']) retrieved from /home/airflow/.local/lib/python3.7/site-packages/airflow/example_dags/example_branch_operator.py
[2023-10-27 05:21:35,642] {logging_mixin.py:115} INFO - [2023-10-27 05:21:35,642] {dag.py:2420} INFO - Sync 1 DAGs
[2023-10-27 05:21:35,671] {logging_mixin.py:115} INFO - [2023-10-27 05:21:35,670] {dag.py:2972} INFO - Setting next_dagrun for example_branch_operator to 2023-10-26T00:00:00+00:00, run_after=2023-10-27T00:00:00+00:00
[2023-10-27 05:21:35,684] {processor.py:161} INFO - Processing /home/airflow/.local/lib/python3.7/site-packages/airflow/example_dags/example_branch_operator.py took 0.095 seconds
[2023-10-27 05:22:05,778] {processor.py:153} INFO - Started process (PID=349) to work on /home/airflow/.local/lib/python3.7/site-packages/airflow/example_dags/example_branch_operator.py
[2023-10-27 05:22:05,778] {processor.py:641} INFO - Processing file /home/airflow/.local/lib/python3.7/site-packages/airflow/example_dags/example_branch_operator.py for tasks to queue
[2023-10-27 05:22:05,779] {logging_mixin.py:115} INFO - [2023-10-27 05:22:05,779] {dagbag.py:508} INFO - Filling up the DagBag from /home/airflow/.local/lib/python3.7/site-packages/airflow/example_dags/example_branch_operator.py
[2023-10-27 05:22:05,793] {processor.py:651} INFO - DAG(s) dict_keys(['example_branch_operator']) retrieved from /home/airflow/.local/lib/python3.7/site-packages/airflow/example_dags/example_branch_operator.py
[2023-10-27 05:22:05,826] {logging_mixin.py:115} INFO - [2023-10-27 05:22:05,825] {dag.py:2420} INFO - Sync 1 DAGs
[2023-10-27 05:22:05,854] {logging_mixin.py:115} INFO - [2023-10-27 05:22:05,854] {dag.py:2972} INFO - Setting next_dagrun for example_branch_operator to 2023-10-26T00:00:00+00:00, run_after=2023-10-27T00:00:00+00:00
[2023-10-27 05:22:05,869] {processor.py:161} INFO - Processing /home/airflow/.local/lib/python3.7/site-packages/airflow/example_dags/example_branch_operator.py took 0.095 seconds
[2023-10-27 05:22:35,932] {processor.py:153} INFO - Started process (PID=401) to work on /home/airflow/.local/lib/python3.7/site-packages/airflow/example_dags/example_branch_operator.py
[2023-10-27 05:22:35,933] {processor.py:641} INFO - Processing file /home/airflow/.local/lib/python3.7/site-packages/airflow/example_dags/example_branch_operator.py for tasks to queue
[2023-10-27 05:22:35,934] {logging_mixin.py:115} INFO - [2023-10-27 05:22:35,934] {dagbag.py:508} INFO - Filling up the DagBag from /home/airflow/.local/lib/python3.7/site-packages/airflow/example_dags/example_branch_operator.py
[2023-10-27 05:22:35,947] {processor.py:651} INFO - DAG(s) dict_keys(['example_branch_operator']) retrieved from /home/airflow/.local/lib/python3.7/site-packages/airflow/example_dags/example_branch_operator.py
[2023-10-27 05:22:35,978] {logging_mixin.py:115} INFO - [2023-10-27 05:22:35,978] {dag.py:2420} INFO - Sync 1 DAGs
[2023-10-27 05:22:36,007] {logging_mixin.py:115} INFO - [2023-10-27 05:22:36,007] {dag.py:2972} INFO - Setting next_dagrun for example_branch_operator to 2023-10-26T00:00:00+00:00, run_after=2023-10-27T00:00:00+00:00
[2023-10-27 05:22:36,020] {processor.py:161} INFO - Processing /home/airflow/.local/lib/python3.7/site-packages/airflow/example_dags/example_branch_operator.py took 0.092 seconds
[2023-10-27 05:23:06,155] {processor.py:153} INFO - Started process (PID=461) to work on /home/airflow/.local/lib/python3.7/site-packages/airflow/example_dags/example_branch_operator.py
[2023-10-27 05:23:06,156] {processor.py:641} INFO - Processing file /home/airflow/.local/lib/python3.7/site-packages/airflow/example_dags/example_branch_operator.py for tasks to queue
[2023-10-27 05:23:06,156] {logging_mixin.py:115} INFO - [2023-10-27 05:23:06,156] {dagbag.py:508} INFO - Filling up the DagBag from /home/airflow/.local/lib/python3.7/site-packages/airflow/example_dags/example_branch_operator.py
[2023-10-27 05:23:06,170] {processor.py:651} INFO - DAG(s) dict_keys(['example_branch_operator']) retrieved from /home/airflow/.local/lib/python3.7/site-packages/airflow/example_dags/example_branch_operator.py
[2023-10-27 05:23:06,205] {logging_mixin.py:115} INFO - [2023-10-27 05:23:06,204] {dag.py:2420} INFO - Sync 1 DAGs
[2023-10-27 05:23:06,234] {logging_mixin.py:115} INFO - [2023-10-27 05:23:06,234] {dag.py:2972} INFO - Setting next_dagrun for example_branch_operator to 2023-10-26T00:00:00+00:00, run_after=2023-10-27T00:00:00+00:00
[2023-10-27 05:23:06,248] {processor.py:161} INFO - Processing /home/airflow/.local/lib/python3.7/site-packages/airflow/example_dags/example_branch_operator.py took 0.096 seconds
[2023-10-27 05:23:36,486] {processor.py:153} INFO - Started process (PID=522) to work on /home/airflow/.local/lib/python3.7/site-packages/airflow/example_dags/example_branch_operator.py
[2023-10-27 05:23:36,487] {processor.py:641} INFO - Processing file /home/airflow/.local/lib/python3.7/site-packages/airflow/example_dags/example_branch_operator.py for tasks to queue
[2023-10-27 05:23:36,487] {logging_mixin.py:115} INFO - [2023-10-27 05:23:36,487] {dagbag.py:508} INFO - Filling up the DagBag from /home/airflow/.local/lib/python3.7/site-packages/airflow/example_dags/example_branch_operator.py
[2023-10-27 05:23:36,514] {processor.py:651} INFO - DAG(s) dict_keys(['example_branch_operator']) retrieved from /home/airflow/.local/lib/python3.7/site-packages/airflow/example_dags/example_branch_operator.py
[2023-10-27 05:23:36,550] {logging_mixin.py:115} INFO - [2023-10-27 05:23:36,550] {dag.py:2420} INFO - Sync 1 DAGs
[2023-10-27 05:23:36,585] {logging_mixin.py:115} INFO - [2023-10-27 05:23:36,585] {dag.py:2972} INFO - Setting next_dagrun for example_branch_operator to 2023-10-26T00:00:00+00:00, run_after=2023-10-27T00:00:00+00:00
[2023-10-27 05:23:36,614] {processor.py:161} INFO - Processing /home/airflow/.local/lib/python3.7/site-packages/airflow/example_dags/example_branch_operator.py took 0.133 seconds
[2023-10-27 05:25:00,621] {processor.py:153} INFO - Started process (PID=59) to work on /home/airflow/.local/lib/python3.7/site-packages/airflow/example_dags/example_branch_operator.py
[2023-10-27 05:25:00,631] {processor.py:641} INFO - Processing file /home/airflow/.local/lib/python3.7/site-packages/airflow/example_dags/example_branch_operator.py for tasks to queue
[2023-10-27 05:25:00,632] {logging_mixin.py:115} INFO - [2023-10-27 05:25:00,632] {dagbag.py:508} INFO - Filling up the DagBag from /home/airflow/.local/lib/python3.7/site-packages/airflow/example_dags/example_branch_operator.py
[2023-10-27 05:25:00,669] {processor.py:651} INFO - DAG(s) dict_keys(['example_branch_operator']) retrieved from /home/airflow/.local/lib/python3.7/site-packages/airflow/example_dags/example_branch_operator.py
[2023-10-27 05:25:00,720] {logging_mixin.py:115} INFO - [2023-10-27 05:25:00,720] {dag.py:2420} INFO - Sync 1 DAGs
[2023-10-27 05:25:00,938] {logging_mixin.py:115} INFO - [2023-10-27 05:25:00,938] {dag.py:2972} INFO - Setting next_dagrun for example_branch_operator to 2023-10-26T00:00:00+00:00, run_after=2023-10-27T00:00:00+00:00
[2023-10-27 05:25:00,952] {processor.py:161} INFO - Processing /home/airflow/.local/lib/python3.7/site-packages/airflow/example_dags/example_branch_operator.py took 0.334 seconds
[2023-10-27 05:25:31,104] {processor.py:153} INFO - Started process (PID=111) to work on /home/airflow/.local/lib/python3.7/site-packages/airflow/example_dags/example_branch_operator.py
[2023-10-27 05:25:31,104] {processor.py:641} INFO - Processing file /home/airflow/.local/lib/python3.7/site-packages/airflow/example_dags/example_branch_operator.py for tasks to queue
[2023-10-27 05:25:31,105] {logging_mixin.py:115} INFO - [2023-10-27 05:25:31,105] {dagbag.py:508} INFO - Filling up the DagBag from /home/airflow/.local/lib/python3.7/site-packages/airflow/example_dags/example_branch_operator.py
[2023-10-27 05:25:31,118] {processor.py:651} INFO - DAG(s) dict_keys(['example_branch_operator']) retrieved from /home/airflow/.local/lib/python3.7/site-packages/airflow/example_dags/example_branch_operator.py
[2023-10-27 05:25:31,152] {logging_mixin.py:115} INFO - [2023-10-27 05:25:31,152] {dag.py:2420} INFO - Sync 1 DAGs
[2023-10-27 05:25:31,331] {logging_mixin.py:115} INFO - [2023-10-27 05:25:31,331] {dag.py:2972} INFO - Setting next_dagrun for example_branch_operator to 2023-10-26T00:00:00+00:00, run_after=2023-10-27T00:00:00+00:00
[2023-10-27 05:25:31,343] {processor.py:161} INFO - Processing /home/airflow/.local/lib/python3.7/site-packages/airflow/example_dags/example_branch_operator.py took 0.243 seconds
[2023-10-27 05:26:02,220] {processor.py:153} INFO - Started process (PID=172) to work on /home/airflow/.local/lib/python3.7/site-packages/airflow/example_dags/example_branch_operator.py
[2023-10-27 05:26:02,221] {processor.py:641} INFO - Processing file /home/airflow/.local/lib/python3.7/site-packages/airflow/example_dags/example_branch_operator.py for tasks to queue
[2023-10-27 05:26:02,221] {logging_mixin.py:115} INFO - [2023-10-27 05:26:02,221] {dagbag.py:508} INFO - Filling up the DagBag from /home/airflow/.local/lib/python3.7/site-packages/airflow/example_dags/example_branch_operator.py
[2023-10-27 05:26:02,235] {processor.py:651} INFO - DAG(s) dict_keys(['example_branch_operator']) retrieved from /home/airflow/.local/lib/python3.7/site-packages/airflow/example_dags/example_branch_operator.py
[2023-10-27 05:26:02,273] {logging_mixin.py:115} INFO - [2023-10-27 05:26:02,273] {dag.py:2420} INFO - Sync 1 DAGs
[2023-10-27 05:26:02,471] {logging_mixin.py:115} INFO - [2023-10-27 05:26:02,470] {dag.py:2972} INFO - Setting next_dagrun for example_branch_operator to 2023-10-26T00:00:00+00:00, run_after=2023-10-27T00:00:00+00:00
[2023-10-27 05:26:02,484] {processor.py:161} INFO - Processing /home/airflow/.local/lib/python3.7/site-packages/airflow/example_dags/example_branch_operator.py took 0.269 seconds
[2023-10-27 05:26:33,073] {processor.py:153} INFO - Started process (PID=232) to work on /home/airflow/.local/lib/python3.7/site-packages/airflow/example_dags/example_branch_operator.py
[2023-10-27 05:26:33,073] {processor.py:641} INFO - Processing file /home/airflow/.local/lib/python3.7/site-packages/airflow/example_dags/example_branch_operator.py for tasks to queue
[2023-10-27 05:26:33,074] {logging_mixin.py:115} INFO - [2023-10-27 05:26:33,074] {dagbag.py:508} INFO - Filling up the DagBag from /home/airflow/.local/lib/python3.7/site-packages/airflow/example_dags/example_branch_operator.py
[2023-10-27 05:26:33,087] {processor.py:651} INFO - DAG(s) dict_keys(['example_branch_operator']) retrieved from /home/airflow/.local/lib/python3.7/site-packages/airflow/example_dags/example_branch_operator.py
[2023-10-27 05:26:33,128] {logging_mixin.py:115} INFO - [2023-10-27 05:26:33,128] {dag.py:2420} INFO - Sync 1 DAGs
[2023-10-27 05:26:33,320] {logging_mixin.py:115} INFO - [2023-10-27 05:26:33,320] {dag.py:2972} INFO - Setting next_dagrun for example_branch_operator to 2023-10-26T00:00:00+00:00, run_after=2023-10-27T00:00:00+00:00
[2023-10-27 05:26:33,332] {processor.py:161} INFO - Processing /home/airflow/.local/lib/python3.7/site-packages/airflow/example_dags/example_branch_operator.py took 0.263 seconds
[2023-10-27 05:27:03,853] {processor.py:153} INFO - Started process (PID=284) to work on /home/airflow/.local/lib/python3.7/site-packages/airflow/example_dags/example_branch_operator.py
[2023-10-27 05:27:03,854] {processor.py:641} INFO - Processing file /home/airflow/.local/lib/python3.7/site-packages/airflow/example_dags/example_branch_operator.py for tasks to queue
[2023-10-27 05:27:03,854] {logging_mixin.py:115} INFO - [2023-10-27 05:27:03,854] {dagbag.py:508} INFO - Filling up the DagBag from /home/airflow/.local/lib/python3.7/site-packages/airflow/example_dags/example_branch_operator.py
[2023-10-27 05:27:03,867] {processor.py:651} INFO - DAG(s) dict_keys(['example_branch_operator']) retrieved from /home/airflow/.local/lib/python3.7/site-packages/airflow/example_dags/example_branch_operator.py
[2023-10-27 05:27:03,902] {logging_mixin.py:115} INFO - [2023-10-27 05:27:03,902] {dag.py:2420} INFO - Sync 1 DAGs
[2023-10-27 05:27:04,078] {logging_mixin.py:115} INFO - [2023-10-27 05:27:04,078] {dag.py:2972} INFO - Setting next_dagrun for example_branch_operator to 2023-10-26T00:00:00+00:00, run_after=2023-10-27T00:00:00+00:00
[2023-10-27 05:27:04,090] {processor.py:161} INFO - Processing /home/airflow/.local/lib/python3.7/site-packages/airflow/example_dags/example_branch_operator.py took 0.242 seconds
[2023-10-27 05:28:17,068] {processor.py:153} INFO - Started process (PID=59) to work on /home/airflow/.local/lib/python3.7/site-packages/airflow/example_dags/example_branch_operator.py
[2023-10-27 05:28:17,072] {processor.py:641} INFO - Processing file /home/airflow/.local/lib/python3.7/site-packages/airflow/example_dags/example_branch_operator.py for tasks to queue
[2023-10-27 05:28:17,074] {logging_mixin.py:115} INFO - [2023-10-27 05:28:17,073] {dagbag.py:508} INFO - Filling up the DagBag from /home/airflow/.local/lib/python3.7/site-packages/airflow/example_dags/example_branch_operator.py
[2023-10-27 05:28:17,121] {processor.py:651} INFO - DAG(s) dict_keys(['example_branch_operator']) retrieved from /home/airflow/.local/lib/python3.7/site-packages/airflow/example_dags/example_branch_operator.py
[2023-10-27 05:28:17,201] {logging_mixin.py:115} INFO - [2023-10-27 05:28:17,200] {dag.py:2420} INFO - Sync 1 DAGs
[2023-10-27 05:28:17,649] {logging_mixin.py:115} INFO - [2023-10-27 05:28:17,648] {dag.py:2972} INFO - Setting next_dagrun for example_branch_operator to 2023-10-26T00:00:00+00:00, run_after=2023-10-27T00:00:00+00:00
[2023-10-27 05:28:17,676] {processor.py:161} INFO - Processing /home/airflow/.local/lib/python3.7/site-packages/airflow/example_dags/example_branch_operator.py took 0.613 seconds
[2023-10-27 05:28:51,013] {processor.py:153} INFO - Started process (PID=112) to work on /home/airflow/.local/lib/python3.7/site-packages/airflow/example_dags/example_branch_operator.py
[2023-10-27 05:28:51,013] {processor.py:641} INFO - Processing file /home/airflow/.local/lib/python3.7/site-packages/airflow/example_dags/example_branch_operator.py for tasks to queue
[2023-10-27 05:28:51,014] {logging_mixin.py:115} INFO - [2023-10-27 05:28:51,014] {dagbag.py:508} INFO - Filling up the DagBag from /home/airflow/.local/lib/python3.7/site-packages/airflow/example_dags/example_branch_operator.py
[2023-10-27 05:28:51,027] {processor.py:651} INFO - DAG(s) dict_keys(['example_branch_operator']) retrieved from /home/airflow/.local/lib/python3.7/site-packages/airflow/example_dags/example_branch_operator.py
[2023-10-27 05:28:51,062] {logging_mixin.py:115} INFO - [2023-10-27 05:28:51,062] {dag.py:2420} INFO - Sync 1 DAGs
[2023-10-27 05:28:51,251] {logging_mixin.py:115} INFO - [2023-10-27 05:28:51,251] {dag.py:2972} INFO - Setting next_dagrun for example_branch_operator to 2023-10-26T00:00:00+00:00, run_after=2023-10-27T00:00:00+00:00
[2023-10-27 05:28:51,264] {processor.py:161} INFO - Processing /home/airflow/.local/lib/python3.7/site-packages/airflow/example_dags/example_branch_operator.py took 0.255 seconds
[2023-10-27 05:29:21,292] {processor.py:153} INFO - Started process (PID=173) to work on /home/airflow/.local/lib/python3.7/site-packages/airflow/example_dags/example_branch_operator.py
[2023-10-27 05:29:21,292] {processor.py:641} INFO - Processing file /home/airflow/.local/lib/python3.7/site-packages/airflow/example_dags/example_branch_operator.py for tasks to queue
[2023-10-27 05:29:21,293] {logging_mixin.py:115} INFO - [2023-10-27 05:29:21,293] {dagbag.py:508} INFO - Filling up the DagBag from /home/airflow/.local/lib/python3.7/site-packages/airflow/example_dags/example_branch_operator.py
[2023-10-27 05:29:21,306] {processor.py:651} INFO - DAG(s) dict_keys(['example_branch_operator']) retrieved from /home/airflow/.local/lib/python3.7/site-packages/airflow/example_dags/example_branch_operator.py
[2023-10-27 05:29:21,341] {logging_mixin.py:115} INFO - [2023-10-27 05:29:21,341] {dag.py:2420} INFO - Sync 1 DAGs
[2023-10-27 05:29:21,528] {logging_mixin.py:115} INFO - [2023-10-27 05:29:21,528] {dag.py:2972} INFO - Setting next_dagrun for example_branch_operator to 2023-10-26T00:00:00+00:00, run_after=2023-10-27T00:00:00+00:00
[2023-10-27 05:29:21,541] {processor.py:161} INFO - Processing /home/airflow/.local/lib/python3.7/site-packages/airflow/example_dags/example_branch_operator.py took 0.253 seconds
[2023-10-27 05:29:51,830] {processor.py:153} INFO - Started process (PID=234) to work on /home/airflow/.local/lib/python3.7/site-packages/airflow/example_dags/example_branch_operator.py
[2023-10-27 05:29:51,831] {processor.py:641} INFO - Processing file /home/airflow/.local/lib/python3.7/site-packages/airflow/example_dags/example_branch_operator.py for tasks to queue
[2023-10-27 05:29:51,832] {logging_mixin.py:115} INFO - [2023-10-27 05:29:51,832] {dagbag.py:508} INFO - Filling up the DagBag from /home/airflow/.local/lib/python3.7/site-packages/airflow/example_dags/example_branch_operator.py
[2023-10-27 05:29:51,845] {processor.py:651} INFO - DAG(s) dict_keys(['example_branch_operator']) retrieved from /home/airflow/.local/lib/python3.7/site-packages/airflow/example_dags/example_branch_operator.py
[2023-10-27 05:29:51,879] {logging_mixin.py:115} INFO - [2023-10-27 05:29:51,879] {dag.py:2420} INFO - Sync 1 DAGs
[2023-10-27 05:29:52,059] {logging_mixin.py:115} INFO - [2023-10-27 05:29:52,058] {dag.py:2972} INFO - Setting next_dagrun for example_branch_operator to 2023-10-26T00:00:00+00:00, run_after=2023-10-27T00:00:00+00:00
[2023-10-27 05:29:52,071] {processor.py:161} INFO - Processing /home/airflow/.local/lib/python3.7/site-packages/airflow/example_dags/example_branch_operator.py took 0.244 seconds
[2023-10-27 05:30:22,978] {processor.py:153} INFO - Started process (PID=285) to work on /home/airflow/.local/lib/python3.7/site-packages/airflow/example_dags/example_branch_operator.py
[2023-10-27 05:30:22,978] {processor.py:641} INFO - Processing file /home/airflow/.local/lib/python3.7/site-packages/airflow/example_dags/example_branch_operator.py for tasks to queue
[2023-10-27 05:30:22,979] {logging_mixin.py:115} INFO - [2023-10-27 05:30:22,979] {dagbag.py:508} INFO - Filling up the DagBag from /home/airflow/.local/lib/python3.7/site-packages/airflow/example_dags/example_branch_operator.py
[2023-10-27 05:30:22,993] {processor.py:651} INFO - DAG(s) dict_keys(['example_branch_operator']) retrieved from /home/airflow/.local/lib/python3.7/site-packages/airflow/example_dags/example_branch_operator.py
[2023-10-27 05:30:23,027] {logging_mixin.py:115} INFO - [2023-10-27 05:30:23,027] {dag.py:2420} INFO - Sync 1 DAGs
[2023-10-27 05:30:23,204] {logging_mixin.py:115} INFO - [2023-10-27 05:30:23,204] {dag.py:2972} INFO - Setting next_dagrun for example_branch_operator to 2023-10-26T00:00:00+00:00, run_after=2023-10-27T00:00:00+00:00
[2023-10-27 05:30:23,216] {processor.py:161} INFO - Processing /home/airflow/.local/lib/python3.7/site-packages/airflow/example_dags/example_branch_operator.py took 0.243 seconds
[2023-10-27 05:30:53,280] {processor.py:153} INFO - Started process (PID=346) to work on /home/airflow/.local/lib/python3.7/site-packages/airflow/example_dags/example_branch_operator.py
[2023-10-27 05:30:53,283] {processor.py:641} INFO - Processing file /home/airflow/.local/lib/python3.7/site-packages/airflow/example_dags/example_branch_operator.py for tasks to queue
[2023-10-27 05:30:53,283] {logging_mixin.py:115} INFO - [2023-10-27 05:30:53,283] {dagbag.py:508} INFO - Filling up the DagBag from /home/airflow/.local/lib/python3.7/site-packages/airflow/example_dags/example_branch_operator.py
[2023-10-27 05:30:53,297] {processor.py:651} INFO - DAG(s) dict_keys(['example_branch_operator']) retrieved from /home/airflow/.local/lib/python3.7/site-packages/airflow/example_dags/example_branch_operator.py
[2023-10-27 05:30:53,336] {logging_mixin.py:115} INFO - [2023-10-27 05:30:53,336] {dag.py:2420} INFO - Sync 1 DAGs
[2023-10-27 05:30:53,567] {logging_mixin.py:115} INFO - [2023-10-27 05:30:53,567] {dag.py:2972} INFO - Setting next_dagrun for example_branch_operator to 2023-10-26T00:00:00+00:00, run_after=2023-10-27T00:00:00+00:00
[2023-10-27 05:30:53,584] {processor.py:161} INFO - Processing /home/airflow/.local/lib/python3.7/site-packages/airflow/example_dags/example_branch_operator.py took 0.308 seconds
[2023-10-27 05:31:23,638] {processor.py:153} INFO - Started process (PID=399) to work on /home/airflow/.local/lib/python3.7/site-packages/airflow/example_dags/example_branch_operator.py
[2023-10-27 05:31:23,639] {processor.py:641} INFO - Processing file /home/airflow/.local/lib/python3.7/site-packages/airflow/example_dags/example_branch_operator.py for tasks to queue
[2023-10-27 05:31:23,640] {logging_mixin.py:115} INFO - [2023-10-27 05:31:23,640] {dagbag.py:508} INFO - Filling up the DagBag from /home/airflow/.local/lib/python3.7/site-packages/airflow/example_dags/example_branch_operator.py
[2023-10-27 05:31:23,653] {processor.py:651} INFO - DAG(s) dict_keys(['example_branch_operator']) retrieved from /home/airflow/.local/lib/python3.7/site-packages/airflow/example_dags/example_branch_operator.py
[2023-10-27 05:31:23,696] {logging_mixin.py:115} INFO - [2023-10-27 05:31:23,696] {dag.py:2420} INFO - Sync 1 DAGs
[2023-10-27 05:31:23,876] {logging_mixin.py:115} INFO - [2023-10-27 05:31:23,876] {dag.py:2972} INFO - Setting next_dagrun for example_branch_operator to 2023-10-26T00:00:00+00:00, run_after=2023-10-27T00:00:00+00:00
[2023-10-27 05:31:23,888] {processor.py:161} INFO - Processing /home/airflow/.local/lib/python3.7/site-packages/airflow/example_dags/example_branch_operator.py took 0.255 seconds
[2023-10-27 05:31:54,386] {processor.py:153} INFO - Started process (PID=460) to work on /home/airflow/.local/lib/python3.7/site-packages/airflow/example_dags/example_branch_operator.py
[2023-10-27 05:31:54,387] {processor.py:641} INFO - Processing file /home/airflow/.local/lib/python3.7/site-packages/airflow/example_dags/example_branch_operator.py for tasks to queue
[2023-10-27 05:31:54,387] {logging_mixin.py:115} INFO - [2023-10-27 05:31:54,387] {dagbag.py:508} INFO - Filling up the DagBag from /home/airflow/.local/lib/python3.7/site-packages/airflow/example_dags/example_branch_operator.py
[2023-10-27 05:31:54,400] {processor.py:651} INFO - DAG(s) dict_keys(['example_branch_operator']) retrieved from /home/airflow/.local/lib/python3.7/site-packages/airflow/example_dags/example_branch_operator.py
[2023-10-27 05:31:54,445] {logging_mixin.py:115} INFO - [2023-10-27 05:31:54,445] {dag.py:2420} INFO - Sync 1 DAGs
[2023-10-27 05:31:54,669] {logging_mixin.py:115} INFO - [2023-10-27 05:31:54,669] {dag.py:2972} INFO - Setting next_dagrun for example_branch_operator to 2023-10-26T00:00:00+00:00, run_after=2023-10-27T00:00:00+00:00
[2023-10-27 05:31:54,681] {processor.py:161} INFO - Processing /home/airflow/.local/lib/python3.7/site-packages/airflow/example_dags/example_branch_operator.py took 0.299 seconds
[2023-10-27 05:32:24,794] {processor.py:153} INFO - Started process (PID=521) to work on /home/airflow/.local/lib/python3.7/site-packages/airflow/example_dags/example_branch_operator.py
[2023-10-27 05:32:24,794] {processor.py:641} INFO - Processing file /home/airflow/.local/lib/python3.7/site-packages/airflow/example_dags/example_branch_operator.py for tasks to queue
[2023-10-27 05:32:24,795] {logging_mixin.py:115} INFO - [2023-10-27 05:32:24,795] {dagbag.py:508} INFO - Filling up the DagBag from /home/airflow/.local/lib/python3.7/site-packages/airflow/example_dags/example_branch_operator.py
[2023-10-27 05:32:24,808] {processor.py:651} INFO - DAG(s) dict_keys(['example_branch_operator']) retrieved from /home/airflow/.local/lib/python3.7/site-packages/airflow/example_dags/example_branch_operator.py
[2023-10-27 05:32:24,842] {logging_mixin.py:115} INFO - [2023-10-27 05:32:24,842] {dag.py:2420} INFO - Sync 1 DAGs
[2023-10-27 05:32:25,045] {logging_mixin.py:115} INFO - [2023-10-27 05:32:25,045] {dag.py:2972} INFO - Setting next_dagrun for example_branch_operator to 2023-10-26T00:00:00+00:00, run_after=2023-10-27T00:00:00+00:00
[2023-10-27 05:32:25,057] {processor.py:161} INFO - Processing /home/airflow/.local/lib/python3.7/site-packages/airflow/example_dags/example_branch_operator.py took 0.268 seconds
[2023-10-27 05:32:55,215] {processor.py:153} INFO - Started process (PID=573) to work on /home/airflow/.local/lib/python3.7/site-packages/airflow/example_dags/example_branch_operator.py
[2023-10-27 05:32:55,216] {processor.py:641} INFO - Processing file /home/airflow/.local/lib/python3.7/site-packages/airflow/example_dags/example_branch_operator.py for tasks to queue
[2023-10-27 05:32:55,216] {logging_mixin.py:115} INFO - [2023-10-27 05:32:55,216] {dagbag.py:508} INFO - Filling up the DagBag from /home/airflow/.local/lib/python3.7/site-packages/airflow/example_dags/example_branch_operator.py
[2023-10-27 05:32:55,230] {processor.py:651} INFO - DAG(s) dict_keys(['example_branch_operator']) retrieved from /home/airflow/.local/lib/python3.7/site-packages/airflow/example_dags/example_branch_operator.py
[2023-10-27 05:32:55,266] {logging_mixin.py:115} INFO - [2023-10-27 05:32:55,266] {dag.py:2420} INFO - Sync 1 DAGs
[2023-10-27 05:32:55,476] {logging_mixin.py:115} INFO - [2023-10-27 05:32:55,476] {dag.py:2972} INFO - Setting next_dagrun for example_branch_operator to 2023-10-26T00:00:00+00:00, run_after=2023-10-27T00:00:00+00:00
[2023-10-27 05:32:55,489] {processor.py:161} INFO - Processing /home/airflow/.local/lib/python3.7/site-packages/airflow/example_dags/example_branch_operator.py took 0.278 seconds
[2023-10-27 05:33:26,020] {processor.py:153} INFO - Started process (PID=634) to work on /home/airflow/.local/lib/python3.7/site-packages/airflow/example_dags/example_branch_operator.py
[2023-10-27 05:33:26,021] {processor.py:641} INFO - Processing file /home/airflow/.local/lib/python3.7/site-packages/airflow/example_dags/example_branch_operator.py for tasks to queue
[2023-10-27 05:33:26,021] {logging_mixin.py:115} INFO - [2023-10-27 05:33:26,021] {dagbag.py:508} INFO - Filling up the DagBag from /home/airflow/.local/lib/python3.7/site-packages/airflow/example_dags/example_branch_operator.py
[2023-10-27 05:33:26,035] {processor.py:651} INFO - DAG(s) dict_keys(['example_branch_operator']) retrieved from /home/airflow/.local/lib/python3.7/site-packages/airflow/example_dags/example_branch_operator.py
[2023-10-27 05:33:26,076] {logging_mixin.py:115} INFO - [2023-10-27 05:33:26,076] {dag.py:2420} INFO - Sync 1 DAGs
[2023-10-27 05:33:26,261] {logging_mixin.py:115} INFO - [2023-10-27 05:33:26,261] {dag.py:2972} INFO - Setting next_dagrun for example_branch_operator to 2023-10-26T00:00:00+00:00, run_after=2023-10-27T00:00:00+00:00
[2023-10-27 05:33:26,273] {processor.py:161} INFO - Processing /home/airflow/.local/lib/python3.7/site-packages/airflow/example_dags/example_branch_operator.py took 0.257 seconds
[2023-10-27 05:33:56,981] {processor.py:153} INFO - Started process (PID=695) to work on /home/airflow/.local/lib/python3.7/site-packages/airflow/example_dags/example_branch_operator.py
[2023-10-27 05:33:56,982] {processor.py:641} INFO - Processing file /home/airflow/.local/lib/python3.7/site-packages/airflow/example_dags/example_branch_operator.py for tasks to queue
[2023-10-27 05:33:56,982] {logging_mixin.py:115} INFO - [2023-10-27 05:33:56,982] {dagbag.py:508} INFO - Filling up the DagBag from /home/airflow/.local/lib/python3.7/site-packages/airflow/example_dags/example_branch_operator.py
[2023-10-27 05:33:56,996] {processor.py:651} INFO - DAG(s) dict_keys(['example_branch_operator']) retrieved from /home/airflow/.local/lib/python3.7/site-packages/airflow/example_dags/example_branch_operator.py
[2023-10-27 05:33:57,032] {logging_mixin.py:115} INFO - [2023-10-27 05:33:57,032] {dag.py:2420} INFO - Sync 1 DAGs
[2023-10-27 05:33:57,212] {logging_mixin.py:115} INFO - [2023-10-27 05:33:57,212] {dag.py:2972} INFO - Setting next_dagrun for example_branch_operator to 2023-10-26T00:00:00+00:00, run_after=2023-10-27T00:00:00+00:00
[2023-10-27 05:33:57,225] {processor.py:161} INFO - Processing /home/airflow/.local/lib/python3.7/site-packages/airflow/example_dags/example_branch_operator.py took 0.249 seconds
[2023-10-27 05:34:27,359] {processor.py:153} INFO - Started process (PID=746) to work on /home/airflow/.local/lib/python3.7/site-packages/airflow/example_dags/example_branch_operator.py
[2023-10-27 05:34:27,360] {processor.py:641} INFO - Processing file /home/airflow/.local/lib/python3.7/site-packages/airflow/example_dags/example_branch_operator.py for tasks to queue
[2023-10-27 05:34:27,361] {logging_mixin.py:115} INFO - [2023-10-27 05:34:27,360] {dagbag.py:508} INFO - Filling up the DagBag from /home/airflow/.local/lib/python3.7/site-packages/airflow/example_dags/example_branch_operator.py
[2023-10-27 05:34:27,374] {processor.py:651} INFO - DAG(s) dict_keys(['example_branch_operator']) retrieved from /home/airflow/.local/lib/python3.7/site-packages/airflow/example_dags/example_branch_operator.py
[2023-10-27 05:34:27,409] {logging_mixin.py:115} INFO - [2023-10-27 05:34:27,409] {dag.py:2420} INFO - Sync 1 DAGs
[2023-10-27 05:34:27,589] {logging_mixin.py:115} INFO - [2023-10-27 05:34:27,589] {dag.py:2972} INFO - Setting next_dagrun for example_branch_operator to 2023-10-26T00:00:00+00:00, run_after=2023-10-27T00:00:00+00:00
[2023-10-27 05:34:27,601] {processor.py:161} INFO - Processing /home/airflow/.local/lib/python3.7/site-packages/airflow/example_dags/example_branch_operator.py took 0.246 seconds
[2023-10-27 05:34:58,306] {processor.py:153} INFO - Started process (PID=807) to work on /home/airflow/.local/lib/python3.7/site-packages/airflow/example_dags/example_branch_operator.py
[2023-10-27 05:34:58,307] {processor.py:641} INFO - Processing file /home/airflow/.local/lib/python3.7/site-packages/airflow/example_dags/example_branch_operator.py for tasks to queue
[2023-10-27 05:34:58,307] {logging_mixin.py:115} INFO - [2023-10-27 05:34:58,307] {dagbag.py:508} INFO - Filling up the DagBag from /home/airflow/.local/lib/python3.7/site-packages/airflow/example_dags/example_branch_operator.py
[2023-10-27 05:34:58,321] {processor.py:651} INFO - DAG(s) dict_keys(['example_branch_operator']) retrieved from /home/airflow/.local/lib/python3.7/site-packages/airflow/example_dags/example_branch_operator.py
[2023-10-27 05:34:58,355] {logging_mixin.py:115} INFO - [2023-10-27 05:34:58,355] {dag.py:2420} INFO - Sync 1 DAGs
[2023-10-27 05:34:58,532] {logging_mixin.py:115} INFO - [2023-10-27 05:34:58,532] {dag.py:2972} INFO - Setting next_dagrun for example_branch_operator to 2023-10-26T00:00:00+00:00, run_after=2023-10-27T00:00:00+00:00
[2023-10-27 05:34:58,544] {processor.py:161} INFO - Processing /home/airflow/.local/lib/python3.7/site-packages/airflow/example_dags/example_branch_operator.py took 0.242 seconds
[2023-10-27 05:35:28,661] {processor.py:153} INFO - Started process (PID=860) to work on /home/airflow/.local/lib/python3.7/site-packages/airflow/example_dags/example_branch_operator.py
[2023-10-27 05:35:28,661] {processor.py:641} INFO - Processing file /home/airflow/.local/lib/python3.7/site-packages/airflow/example_dags/example_branch_operator.py for tasks to queue
[2023-10-27 05:35:28,662] {logging_mixin.py:115} INFO - [2023-10-27 05:35:28,662] {dagbag.py:508} INFO - Filling up the DagBag from /home/airflow/.local/lib/python3.7/site-packages/airflow/example_dags/example_branch_operator.py
[2023-10-27 05:35:28,676] {processor.py:651} INFO - DAG(s) dict_keys(['example_branch_operator']) retrieved from /home/airflow/.local/lib/python3.7/site-packages/airflow/example_dags/example_branch_operator.py
[2023-10-27 05:35:28,714] {logging_mixin.py:115} INFO - [2023-10-27 05:35:28,714] {dag.py:2420} INFO - Sync 1 DAGs
[2023-10-27 05:35:28,927] {logging_mixin.py:115} INFO - [2023-10-27 05:35:28,927] {dag.py:2972} INFO - Setting next_dagrun for example_branch_operator to 2023-10-26T00:00:00+00:00, run_after=2023-10-27T00:00:00+00:00
[2023-10-27 05:35:28,941] {processor.py:161} INFO - Processing /home/airflow/.local/lib/python3.7/site-packages/airflow/example_dags/example_branch_operator.py took 0.285 seconds
[2023-10-27 05:35:59,956] {processor.py:153} INFO - Started process (PID=921) to work on /home/airflow/.local/lib/python3.7/site-packages/airflow/example_dags/example_branch_operator.py
[2023-10-27 05:35:59,957] {processor.py:641} INFO - Processing file /home/airflow/.local/lib/python3.7/site-packages/airflow/example_dags/example_branch_operator.py for tasks to queue
[2023-10-27 05:35:59,957] {logging_mixin.py:115} INFO - [2023-10-27 05:35:59,957] {dagbag.py:508} INFO - Filling up the DagBag from /home/airflow/.local/lib/python3.7/site-packages/airflow/example_dags/example_branch_operator.py
[2023-10-27 05:35:59,971] {processor.py:651} INFO - DAG(s) dict_keys(['example_branch_operator']) retrieved from /home/airflow/.local/lib/python3.7/site-packages/airflow/example_dags/example_branch_operator.py
[2023-10-27 05:36:00,005] {logging_mixin.py:115} INFO - [2023-10-27 05:36:00,005] {dag.py:2420} INFO - Sync 1 DAGs
[2023-10-27 05:36:00,183] {logging_mixin.py:115} INFO - [2023-10-27 05:36:00,183] {dag.py:2972} INFO - Setting next_dagrun for example_branch_operator to 2023-10-26T00:00:00+00:00, run_after=2023-10-27T00:00:00+00:00
[2023-10-27 05:36:00,195] {processor.py:161} INFO - Processing /home/airflow/.local/lib/python3.7/site-packages/airflow/example_dags/example_branch_operator.py took 0.243 seconds
[2023-10-27 05:36:30,339] {processor.py:153} INFO - Started process (PID=980) to work on /home/airflow/.local/lib/python3.7/site-packages/airflow/example_dags/example_branch_operator.py
[2023-10-27 05:36:30,339] {processor.py:641} INFO - Processing file /home/airflow/.local/lib/python3.7/site-packages/airflow/example_dags/example_branch_operator.py for tasks to queue
[2023-10-27 05:36:30,340] {logging_mixin.py:115} INFO - [2023-10-27 05:36:30,340] {dagbag.py:508} INFO - Filling up the DagBag from /home/airflow/.local/lib/python3.7/site-packages/airflow/example_dags/example_branch_operator.py
[2023-10-27 05:36:30,353] {processor.py:651} INFO - DAG(s) dict_keys(['example_branch_operator']) retrieved from /home/airflow/.local/lib/python3.7/site-packages/airflow/example_dags/example_branch_operator.py
[2023-10-27 05:36:30,387] {logging_mixin.py:115} INFO - [2023-10-27 05:36:30,387] {dag.py:2420} INFO - Sync 1 DAGs
[2023-10-27 05:36:30,565] {logging_mixin.py:115} INFO - [2023-10-27 05:36:30,565] {dag.py:2972} INFO - Setting next_dagrun for example_branch_operator to 2023-10-26T00:00:00+00:00, run_after=2023-10-27T00:00:00+00:00
[2023-10-27 05:36:30,577] {processor.py:161} INFO - Processing /home/airflow/.local/lib/python3.7/site-packages/airflow/example_dags/example_branch_operator.py took 0.242 seconds
[2023-10-27 05:37:00,709] {processor.py:153} INFO - Started process (PID=1030) to work on /home/airflow/.local/lib/python3.7/site-packages/airflow/example_dags/example_branch_operator.py
[2023-10-27 05:37:00,709] {processor.py:641} INFO - Processing file /home/airflow/.local/lib/python3.7/site-packages/airflow/example_dags/example_branch_operator.py for tasks to queue
[2023-10-27 05:37:00,710] {logging_mixin.py:115} INFO - [2023-10-27 05:37:00,710] {dagbag.py:508} INFO - Filling up the DagBag from /home/airflow/.local/lib/python3.7/site-packages/airflow/example_dags/example_branch_operator.py
[2023-10-27 05:37:00,724] {processor.py:651} INFO - DAG(s) dict_keys(['example_branch_operator']) retrieved from /home/airflow/.local/lib/python3.7/site-packages/airflow/example_dags/example_branch_operator.py
[2023-10-27 05:37:00,764] {logging_mixin.py:115} INFO - [2023-10-27 05:37:00,763] {dag.py:2420} INFO - Sync 1 DAGs
[2023-10-27 05:37:00,944] {logging_mixin.py:115} INFO - [2023-10-27 05:37:00,943] {dag.py:2972} INFO - Setting next_dagrun for example_branch_operator to 2023-10-26T00:00:00+00:00, run_after=2023-10-27T00:00:00+00:00
[2023-10-27 05:37:00,956] {processor.py:161} INFO - Processing /home/airflow/.local/lib/python3.7/site-packages/airflow/example_dags/example_branch_operator.py took 0.251 seconds
[2023-10-27 05:37:31,190] {processor.py:153} INFO - Started process (PID=1091) to work on /home/airflow/.local/lib/python3.7/site-packages/airflow/example_dags/example_branch_operator.py
[2023-10-27 05:37:31,191] {processor.py:641} INFO - Processing file /home/airflow/.local/lib/python3.7/site-packages/airflow/example_dags/example_branch_operator.py for tasks to queue
[2023-10-27 05:37:31,191] {logging_mixin.py:115} INFO - [2023-10-27 05:37:31,191] {dagbag.py:508} INFO - Filling up the DagBag from /home/airflow/.local/lib/python3.7/site-packages/airflow/example_dags/example_branch_operator.py
[2023-10-27 05:37:31,205] {processor.py:651} INFO - DAG(s) dict_keys(['example_branch_operator']) retrieved from /home/airflow/.local/lib/python3.7/site-packages/airflow/example_dags/example_branch_operator.py
[2023-10-27 05:37:31,241] {logging_mixin.py:115} INFO - [2023-10-27 05:37:31,241] {dag.py:2420} INFO - Sync 1 DAGs
[2023-10-27 05:37:31,429] {logging_mixin.py:115} INFO - [2023-10-27 05:37:31,429] {dag.py:2972} INFO - Setting next_dagrun for example_branch_operator to 2023-10-26T00:00:00+00:00, run_after=2023-10-27T00:00:00+00:00
[2023-10-27 05:37:31,442] {processor.py:161} INFO - Processing /home/airflow/.local/lib/python3.7/site-packages/airflow/example_dags/example_branch_operator.py took 0.256 seconds
[2023-10-27 05:38:02,173] {processor.py:153} INFO - Started process (PID=1153) to work on /home/airflow/.local/lib/python3.7/site-packages/airflow/example_dags/example_branch_operator.py
[2023-10-27 05:38:02,174] {processor.py:641} INFO - Processing file /home/airflow/.local/lib/python3.7/site-packages/airflow/example_dags/example_branch_operator.py for tasks to queue
[2023-10-27 05:38:02,175] {logging_mixin.py:115} INFO - [2023-10-27 05:38:02,174] {dagbag.py:508} INFO - Filling up the DagBag from /home/airflow/.local/lib/python3.7/site-packages/airflow/example_dags/example_branch_operator.py
[2023-10-27 05:38:02,188] {processor.py:651} INFO - DAG(s) dict_keys(['example_branch_operator']) retrieved from /home/airflow/.local/lib/python3.7/site-packages/airflow/example_dags/example_branch_operator.py
[2023-10-27 05:38:02,223] {logging_mixin.py:115} INFO - [2023-10-27 05:38:02,223] {dag.py:2420} INFO - Sync 1 DAGs
[2023-10-27 05:38:02,412] {logging_mixin.py:115} INFO - [2023-10-27 05:38:02,412] {dag.py:2972} INFO - Setting next_dagrun for example_branch_operator to 2023-10-26T00:00:00+00:00, run_after=2023-10-27T00:00:00+00:00
[2023-10-27 05:38:02,426] {processor.py:161} INFO - Processing /home/airflow/.local/lib/python3.7/site-packages/airflow/example_dags/example_branch_operator.py took 0.257 seconds
[2023-10-27 05:38:32,616] {processor.py:153} INFO - Started process (PID=1205) to work on /home/airflow/.local/lib/python3.7/site-packages/airflow/example_dags/example_branch_operator.py
[2023-10-27 05:38:32,617] {processor.py:641} INFO - Processing file /home/airflow/.local/lib/python3.7/site-packages/airflow/example_dags/example_branch_operator.py for tasks to queue
[2023-10-27 05:38:32,618] {logging_mixin.py:115} INFO - [2023-10-27 05:38:32,618] {dagbag.py:508} INFO - Filling up the DagBag from /home/airflow/.local/lib/python3.7/site-packages/airflow/example_dags/example_branch_operator.py
[2023-10-27 05:38:32,631] {processor.py:651} INFO - DAG(s) dict_keys(['example_branch_operator']) retrieved from /home/airflow/.local/lib/python3.7/site-packages/airflow/example_dags/example_branch_operator.py
[2023-10-27 05:38:32,666] {logging_mixin.py:115} INFO - [2023-10-27 05:38:32,666] {dag.py:2420} INFO - Sync 1 DAGs
[2023-10-27 05:38:32,849] {logging_mixin.py:115} INFO - [2023-10-27 05:38:32,849] {dag.py:2972} INFO - Setting next_dagrun for example_branch_operator to 2023-10-26T00:00:00+00:00, run_after=2023-10-27T00:00:00+00:00
[2023-10-27 05:38:32,862] {processor.py:161} INFO - Processing /home/airflow/.local/lib/python3.7/site-packages/airflow/example_dags/example_branch_operator.py took 0.249 seconds
[2023-10-27 05:39:03,096] {processor.py:153} INFO - Started process (PID=1267) to work on /home/airflow/.local/lib/python3.7/site-packages/airflow/example_dags/example_branch_operator.py
[2023-10-27 05:39:03,096] {processor.py:641} INFO - Processing file /home/airflow/.local/lib/python3.7/site-packages/airflow/example_dags/example_branch_operator.py for tasks to queue
[2023-10-27 05:39:03,097] {logging_mixin.py:115} INFO - [2023-10-27 05:39:03,097] {dagbag.py:508} INFO - Filling up the DagBag from /home/airflow/.local/lib/python3.7/site-packages/airflow/example_dags/example_branch_operator.py
[2023-10-27 05:39:03,110] {processor.py:651} INFO - DAG(s) dict_keys(['example_branch_operator']) retrieved from /home/airflow/.local/lib/python3.7/site-packages/airflow/example_dags/example_branch_operator.py
[2023-10-27 05:39:03,145] {logging_mixin.py:115} INFO - [2023-10-27 05:39:03,145] {dag.py:2420} INFO - Sync 1 DAGs
[2023-10-27 05:39:03,328] {logging_mixin.py:115} INFO - [2023-10-27 05:39:03,328] {dag.py:2972} INFO - Setting next_dagrun for example_branch_operator to 2023-10-26T00:00:00+00:00, run_after=2023-10-27T00:00:00+00:00
[2023-10-27 05:39:03,340] {processor.py:161} INFO - Processing /home/airflow/.local/lib/python3.7/site-packages/airflow/example_dags/example_branch_operator.py took 0.249 seconds
[2023-10-27 05:39:33,486] {processor.py:153} INFO - Started process (PID=1318) to work on /home/airflow/.local/lib/python3.7/site-packages/airflow/example_dags/example_branch_operator.py
[2023-10-27 05:39:33,487] {processor.py:641} INFO - Processing file /home/airflow/.local/lib/python3.7/site-packages/airflow/example_dags/example_branch_operator.py for tasks to queue
[2023-10-27 05:39:33,487] {logging_mixin.py:115} INFO - [2023-10-27 05:39:33,487] {dagbag.py:508} INFO - Filling up the DagBag from /home/airflow/.local/lib/python3.7/site-packages/airflow/example_dags/example_branch_operator.py
[2023-10-27 05:39:33,501] {processor.py:651} INFO - DAG(s) dict_keys(['example_branch_operator']) retrieved from /home/airflow/.local/lib/python3.7/site-packages/airflow/example_dags/example_branch_operator.py
[2023-10-27 05:39:33,537] {logging_mixin.py:115} INFO - [2023-10-27 05:39:33,537] {dag.py:2420} INFO - Sync 1 DAGs
[2023-10-27 05:39:33,735] {logging_mixin.py:115} INFO - [2023-10-27 05:39:33,735] {dag.py:2972} INFO - Setting next_dagrun for example_branch_operator to 2023-10-26T00:00:00+00:00, run_after=2023-10-27T00:00:00+00:00
[2023-10-27 05:39:33,750] {processor.py:161} INFO - Processing /home/airflow/.local/lib/python3.7/site-packages/airflow/example_dags/example_branch_operator.py took 0.268 seconds
[2023-10-27 05:40:04,380] {processor.py:153} INFO - Started process (PID=1378) to work on /home/airflow/.local/lib/python3.7/site-packages/airflow/example_dags/example_branch_operator.py
[2023-10-27 05:40:04,380] {processor.py:641} INFO - Processing file /home/airflow/.local/lib/python3.7/site-packages/airflow/example_dags/example_branch_operator.py for tasks to queue
[2023-10-27 05:40:04,381] {logging_mixin.py:115} INFO - [2023-10-27 05:40:04,381] {dagbag.py:508} INFO - Filling up the DagBag from /home/airflow/.local/lib/python3.7/site-packages/airflow/example_dags/example_branch_operator.py
[2023-10-27 05:40:04,394] {processor.py:651} INFO - DAG(s) dict_keys(['example_branch_operator']) retrieved from /home/airflow/.local/lib/python3.7/site-packages/airflow/example_dags/example_branch_operator.py
[2023-10-27 05:40:04,429] {logging_mixin.py:115} INFO - [2023-10-27 05:40:04,429] {dag.py:2420} INFO - Sync 1 DAGs
[2023-10-27 05:40:04,610] {logging_mixin.py:115} INFO - [2023-10-27 05:40:04,610] {dag.py:2972} INFO - Setting next_dagrun for example_branch_operator to 2023-10-26T00:00:00+00:00, run_after=2023-10-27T00:00:00+00:00
[2023-10-27 05:40:04,622] {processor.py:161} INFO - Processing /home/airflow/.local/lib/python3.7/site-packages/airflow/example_dags/example_branch_operator.py took 0.246 seconds
[2023-10-27 05:40:34,656] {processor.py:153} INFO - Started process (PID=1439) to work on /home/airflow/.local/lib/python3.7/site-packages/airflow/example_dags/example_branch_operator.py
[2023-10-27 05:40:34,657] {processor.py:641} INFO - Processing file /home/airflow/.local/lib/python3.7/site-packages/airflow/example_dags/example_branch_operator.py for tasks to queue
[2023-10-27 05:40:34,657] {logging_mixin.py:115} INFO - [2023-10-27 05:40:34,657] {dagbag.py:508} INFO - Filling up the DagBag from /home/airflow/.local/lib/python3.7/site-packages/airflow/example_dags/example_branch_operator.py
[2023-10-27 05:40:34,671] {processor.py:651} INFO - DAG(s) dict_keys(['example_branch_operator']) retrieved from /home/airflow/.local/lib/python3.7/site-packages/airflow/example_dags/example_branch_operator.py
[2023-10-27 05:40:34,705] {logging_mixin.py:115} INFO - [2023-10-27 05:40:34,705] {dag.py:2420} INFO - Sync 1 DAGs
[2023-10-27 05:40:34,884] {logging_mixin.py:115} INFO - [2023-10-27 05:40:34,884] {dag.py:2972} INFO - Setting next_dagrun for example_branch_operator to 2023-10-26T00:00:00+00:00, run_after=2023-10-27T00:00:00+00:00
[2023-10-27 05:40:34,897] {processor.py:161} INFO - Processing /home/airflow/.local/lib/python3.7/site-packages/airflow/example_dags/example_branch_operator.py took 0.245 seconds
[2023-10-27 05:41:05,037] {processor.py:153} INFO - Started process (PID=1491) to work on /home/airflow/.local/lib/python3.7/site-packages/airflow/example_dags/example_branch_operator.py
[2023-10-27 05:41:05,037] {processor.py:641} INFO - Processing file /home/airflow/.local/lib/python3.7/site-packages/airflow/example_dags/example_branch_operator.py for tasks to queue
[2023-10-27 05:41:05,038] {logging_mixin.py:115} INFO - [2023-10-27 05:41:05,038] {dagbag.py:508} INFO - Filling up the DagBag from /home/airflow/.local/lib/python3.7/site-packages/airflow/example_dags/example_branch_operator.py
[2023-10-27 05:41:05,052] {processor.py:651} INFO - DAG(s) dict_keys(['example_branch_operator']) retrieved from /home/airflow/.local/lib/python3.7/site-packages/airflow/example_dags/example_branch_operator.py
[2023-10-27 05:41:05,087] {logging_mixin.py:115} INFO - [2023-10-27 05:41:05,087] {dag.py:2420} INFO - Sync 1 DAGs
[2023-10-27 05:41:05,264] {logging_mixin.py:115} INFO - [2023-10-27 05:41:05,264] {dag.py:2972} INFO - Setting next_dagrun for example_branch_operator to 2023-10-26T00:00:00+00:00, run_after=2023-10-27T00:00:00+00:00
[2023-10-27 05:41:05,277] {processor.py:161} INFO - Processing /home/airflow/.local/lib/python3.7/site-packages/airflow/example_dags/example_branch_operator.py took 0.245 seconds
[2023-10-27 05:41:35,363] {processor.py:153} INFO - Started process (PID=1543) to work on /home/airflow/.local/lib/python3.7/site-packages/airflow/example_dags/example_branch_operator.py
[2023-10-27 05:41:35,364] {processor.py:641} INFO - Processing file /home/airflow/.local/lib/python3.7/site-packages/airflow/example_dags/example_branch_operator.py for tasks to queue
[2023-10-27 05:41:35,365] {logging_mixin.py:115} INFO - [2023-10-27 05:41:35,365] {dagbag.py:508} INFO - Filling up the DagBag from /home/airflow/.local/lib/python3.7/site-packages/airflow/example_dags/example_branch_operator.py
[2023-10-27 05:41:35,378] {processor.py:651} INFO - DAG(s) dict_keys(['example_branch_operator']) retrieved from /home/airflow/.local/lib/python3.7/site-packages/airflow/example_dags/example_branch_operator.py
[2023-10-27 05:41:35,412] {logging_mixin.py:115} INFO - [2023-10-27 05:41:35,412] {dag.py:2420} INFO - Sync 1 DAGs
[2023-10-27 05:41:35,594] {logging_mixin.py:115} INFO - [2023-10-27 05:41:35,594] {dag.py:2972} INFO - Setting next_dagrun for example_branch_operator to 2023-10-26T00:00:00+00:00, run_after=2023-10-27T00:00:00+00:00
[2023-10-27 05:41:35,607] {processor.py:161} INFO - Processing /home/airflow/.local/lib/python3.7/site-packages/airflow/example_dags/example_branch_operator.py took 0.248 seconds
[2023-10-27 05:42:05,873] {processor.py:153} INFO - Started process (PID=1604) to work on /home/airflow/.local/lib/python3.7/site-packages/airflow/example_dags/example_branch_operator.py
[2023-10-27 05:42:05,873] {processor.py:641} INFO - Processing file /home/airflow/.local/lib/python3.7/site-packages/airflow/example_dags/example_branch_operator.py for tasks to queue
[2023-10-27 05:42:05,874] {logging_mixin.py:115} INFO - [2023-10-27 05:42:05,874] {dagbag.py:508} INFO - Filling up the DagBag from /home/airflow/.local/lib/python3.7/site-packages/airflow/example_dags/example_branch_operator.py
[2023-10-27 05:42:05,888] {processor.py:651} INFO - DAG(s) dict_keys(['example_branch_operator']) retrieved from /home/airflow/.local/lib/python3.7/site-packages/airflow/example_dags/example_branch_operator.py
[2023-10-27 05:42:05,927] {logging_mixin.py:115} INFO - [2023-10-27 05:42:05,927] {dag.py:2420} INFO - Sync 1 DAGs
[2023-10-27 05:42:06,110] {logging_mixin.py:115} INFO - [2023-10-27 05:42:06,109] {dag.py:2972} INFO - Setting next_dagrun for example_branch_operator to 2023-10-26T00:00:00+00:00, run_after=2023-10-27T00:00:00+00:00
[2023-10-27 05:42:06,121] {processor.py:161} INFO - Processing /home/airflow/.local/lib/python3.7/site-packages/airflow/example_dags/example_branch_operator.py took 0.253 seconds
[2023-10-27 05:42:36,668] {processor.py:153} INFO - Started process (PID=1664) to work on /home/airflow/.local/lib/python3.7/site-packages/airflow/example_dags/example_branch_operator.py
[2023-10-27 05:42:36,669] {processor.py:641} INFO - Processing file /home/airflow/.local/lib/python3.7/site-packages/airflow/example_dags/example_branch_operator.py for tasks to queue
[2023-10-27 05:42:36,669] {logging_mixin.py:115} INFO - [2023-10-27 05:42:36,669] {dagbag.py:508} INFO - Filling up the DagBag from /home/airflow/.local/lib/python3.7/site-packages/airflow/example_dags/example_branch_operator.py
[2023-10-27 05:42:36,683] {processor.py:651} INFO - DAG(s) dict_keys(['example_branch_operator']) retrieved from /home/airflow/.local/lib/python3.7/site-packages/airflow/example_dags/example_branch_operator.py
[2023-10-27 05:42:36,718] {logging_mixin.py:115} INFO - [2023-10-27 05:42:36,718] {dag.py:2420} INFO - Sync 1 DAGs
[2023-10-27 05:42:36,893] {logging_mixin.py:115} INFO - [2023-10-27 05:42:36,893] {dag.py:2972} INFO - Setting next_dagrun for example_branch_operator to 2023-10-26T00:00:00+00:00, run_after=2023-10-27T00:00:00+00:00
[2023-10-27 05:42:36,905] {processor.py:161} INFO - Processing /home/airflow/.local/lib/python3.7/site-packages/airflow/example_dags/example_branch_operator.py took 0.241 seconds
[2023-10-27 05:43:07,033] {processor.py:153} INFO - Started process (PID=1717) to work on /home/airflow/.local/lib/python3.7/site-packages/airflow/example_dags/example_branch_operator.py
[2023-10-27 05:43:07,034] {processor.py:641} INFO - Processing file /home/airflow/.local/lib/python3.7/site-packages/airflow/example_dags/example_branch_operator.py for tasks to queue
[2023-10-27 05:43:07,034] {logging_mixin.py:115} INFO - [2023-10-27 05:43:07,034] {dagbag.py:508} INFO - Filling up the DagBag from /home/airflow/.local/lib/python3.7/site-packages/airflow/example_dags/example_branch_operator.py
[2023-10-27 05:43:07,048] {processor.py:651} INFO - DAG(s) dict_keys(['example_branch_operator']) retrieved from /home/airflow/.local/lib/python3.7/site-packages/airflow/example_dags/example_branch_operator.py
[2023-10-27 05:43:07,082] {logging_mixin.py:115} INFO - [2023-10-27 05:43:07,082] {dag.py:2420} INFO - Sync 1 DAGs
[2023-10-27 05:43:07,266] {logging_mixin.py:115} INFO - [2023-10-27 05:43:07,266] {dag.py:2972} INFO - Setting next_dagrun for example_branch_operator to 2023-10-26T00:00:00+00:00, run_after=2023-10-27T00:00:00+00:00
[2023-10-27 05:43:07,280] {processor.py:161} INFO - Processing /home/airflow/.local/lib/python3.7/site-packages/airflow/example_dags/example_branch_operator.py took 0.251 seconds
[2023-10-27 05:43:37,489] {processor.py:153} INFO - Started process (PID=1777) to work on /home/airflow/.local/lib/python3.7/site-packages/airflow/example_dags/example_branch_operator.py
[2023-10-27 05:43:37,490] {processor.py:641} INFO - Processing file /home/airflow/.local/lib/python3.7/site-packages/airflow/example_dags/example_branch_operator.py for tasks to queue
[2023-10-27 05:43:37,490] {logging_mixin.py:115} INFO - [2023-10-27 05:43:37,490] {dagbag.py:508} INFO - Filling up the DagBag from /home/airflow/.local/lib/python3.7/site-packages/airflow/example_dags/example_branch_operator.py
[2023-10-27 05:43:37,508] {processor.py:651} INFO - DAG(s) dict_keys(['example_branch_operator']) retrieved from /home/airflow/.local/lib/python3.7/site-packages/airflow/example_dags/example_branch_operator.py
[2023-10-27 05:43:37,693] {logging_mixin.py:115} INFO - [2023-10-27 05:43:37,692] {dag.py:2420} INFO - Sync 1 DAGs
[2023-10-27 05:43:37,717] {logging_mixin.py:115} INFO - [2023-10-27 05:43:37,717] {dag.py:2972} INFO - Setting next_dagrun for example_branch_operator to 2023-10-26T00:00:00+00:00, run_after=2023-10-27T00:00:00+00:00
[2023-10-27 05:43:37,729] {processor.py:161} INFO - Processing /home/airflow/.local/lib/python3.7/site-packages/airflow/example_dags/example_branch_operator.py took 0.243 seconds
[2023-10-27 05:44:07,859] {processor.py:153} INFO - Started process (PID=1828) to work on /home/airflow/.local/lib/python3.7/site-packages/airflow/example_dags/example_branch_operator.py
[2023-10-27 05:44:07,860] {processor.py:641} INFO - Processing file /home/airflow/.local/lib/python3.7/site-packages/airflow/example_dags/example_branch_operator.py for tasks to queue
[2023-10-27 05:44:07,861] {logging_mixin.py:115} INFO - [2023-10-27 05:44:07,861] {dagbag.py:508} INFO - Filling up the DagBag from /home/airflow/.local/lib/python3.7/site-packages/airflow/example_dags/example_branch_operator.py
[2023-10-27 05:44:07,878] {processor.py:651} INFO - DAG(s) dict_keys(['example_branch_operator']) retrieved from /home/airflow/.local/lib/python3.7/site-packages/airflow/example_dags/example_branch_operator.py
[2023-10-27 05:44:08,089] {logging_mixin.py:115} INFO - [2023-10-27 05:44:08,089] {dag.py:2420} INFO - Sync 1 DAGs
[2023-10-27 05:44:08,113] {logging_mixin.py:115} INFO - [2023-10-27 05:44:08,113] {dag.py:2972} INFO - Setting next_dagrun for example_branch_operator to 2023-10-26T00:00:00+00:00, run_after=2023-10-27T00:00:00+00:00
[2023-10-27 05:44:08,125] {processor.py:161} INFO - Processing /home/airflow/.local/lib/python3.7/site-packages/airflow/example_dags/example_branch_operator.py took 0.270 seconds
[2023-10-27 05:44:38,255] {processor.py:153} INFO - Started process (PID=1889) to work on /home/airflow/.local/lib/python3.7/site-packages/airflow/example_dags/example_branch_operator.py
[2023-10-27 05:44:38,256] {processor.py:641} INFO - Processing file /home/airflow/.local/lib/python3.7/site-packages/airflow/example_dags/example_branch_operator.py for tasks to queue
[2023-10-27 05:44:38,257] {logging_mixin.py:115} INFO - [2023-10-27 05:44:38,257] {dagbag.py:508} INFO - Filling up the DagBag from /home/airflow/.local/lib/python3.7/site-packages/airflow/example_dags/example_branch_operator.py
[2023-10-27 05:44:38,274] {processor.py:651} INFO - DAG(s) dict_keys(['example_branch_operator']) retrieved from /home/airflow/.local/lib/python3.7/site-packages/airflow/example_dags/example_branch_operator.py
[2023-10-27 05:44:38,453] {logging_mixin.py:115} INFO - [2023-10-27 05:44:38,453] {dag.py:2420} INFO - Sync 1 DAGs
[2023-10-27 05:44:38,477] {logging_mixin.py:115} INFO - [2023-10-27 05:44:38,477] {dag.py:2972} INFO - Setting next_dagrun for example_branch_operator to 2023-10-26T00:00:00+00:00, run_after=2023-10-27T00:00:00+00:00
[2023-10-27 05:44:38,489] {processor.py:161} INFO - Processing /home/airflow/.local/lib/python3.7/site-packages/airflow/example_dags/example_branch_operator.py took 0.238 seconds
[2023-10-27 05:45:08,728] {processor.py:153} INFO - Started process (PID=1950) to work on /home/airflow/.local/lib/python3.7/site-packages/airflow/example_dags/example_branch_operator.py
[2023-10-27 05:45:08,728] {processor.py:641} INFO - Processing file /home/airflow/.local/lib/python3.7/site-packages/airflow/example_dags/example_branch_operator.py for tasks to queue
[2023-10-27 05:45:08,729] {logging_mixin.py:115} INFO - [2023-10-27 05:45:08,729] {dagbag.py:508} INFO - Filling up the DagBag from /home/airflow/.local/lib/python3.7/site-packages/airflow/example_dags/example_branch_operator.py
[2023-10-27 05:45:08,746] {processor.py:651} INFO - DAG(s) dict_keys(['example_branch_operator']) retrieved from /home/airflow/.local/lib/python3.7/site-packages/airflow/example_dags/example_branch_operator.py
[2023-10-27 05:45:08,928] {logging_mixin.py:115} INFO - [2023-10-27 05:45:08,928] {dag.py:2420} INFO - Sync 1 DAGs
[2023-10-27 05:45:08,951] {logging_mixin.py:115} INFO - [2023-10-27 05:45:08,951] {dag.py:2972} INFO - Setting next_dagrun for example_branch_operator to 2023-10-26T00:00:00+00:00, run_after=2023-10-27T00:00:00+00:00
[2023-10-27 05:45:08,963] {processor.py:161} INFO - Processing /home/airflow/.local/lib/python3.7/site-packages/airflow/example_dags/example_branch_operator.py took 0.239 seconds
[2023-10-27 05:45:39,169] {processor.py:153} INFO - Started process (PID=2002) to work on /home/airflow/.local/lib/python3.7/site-packages/airflow/example_dags/example_branch_operator.py
[2023-10-27 05:45:39,170] {processor.py:641} INFO - Processing file /home/airflow/.local/lib/python3.7/site-packages/airflow/example_dags/example_branch_operator.py for tasks to queue
[2023-10-27 05:45:39,171] {logging_mixin.py:115} INFO - [2023-10-27 05:45:39,171] {dagbag.py:508} INFO - Filling up the DagBag from /home/airflow/.local/lib/python3.7/site-packages/airflow/example_dags/example_branch_operator.py
[2023-10-27 05:45:39,188] {processor.py:651} INFO - DAG(s) dict_keys(['example_branch_operator']) retrieved from /home/airflow/.local/lib/python3.7/site-packages/airflow/example_dags/example_branch_operator.py
[2023-10-27 05:45:39,368] {logging_mixin.py:115} INFO - [2023-10-27 05:45:39,368] {dag.py:2420} INFO - Sync 1 DAGs
[2023-10-27 05:45:39,392] {logging_mixin.py:115} INFO - [2023-10-27 05:45:39,392] {dag.py:2972} INFO - Setting next_dagrun for example_branch_operator to 2023-10-26T00:00:00+00:00, run_after=2023-10-27T00:00:00+00:00
[2023-10-27 05:45:39,403] {processor.py:161} INFO - Processing /home/airflow/.local/lib/python3.7/site-packages/airflow/example_dags/example_branch_operator.py took 0.238 seconds
[2023-10-27 05:46:09,883] {processor.py:153} INFO - Started process (PID=2055) to work on /home/airflow/.local/lib/python3.7/site-packages/airflow/example_dags/example_branch_operator.py
[2023-10-27 05:46:09,884] {processor.py:641} INFO - Processing file /home/airflow/.local/lib/python3.7/site-packages/airflow/example_dags/example_branch_operator.py for tasks to queue
[2023-10-27 05:46:09,884] {logging_mixin.py:115} INFO - [2023-10-27 05:46:09,884] {dagbag.py:508} INFO - Filling up the DagBag from /home/airflow/.local/lib/python3.7/site-packages/airflow/example_dags/example_branch_operator.py
[2023-10-27 05:46:09,902] {processor.py:651} INFO - DAG(s) dict_keys(['example_branch_operator']) retrieved from /home/airflow/.local/lib/python3.7/site-packages/airflow/example_dags/example_branch_operator.py
[2023-10-27 05:46:10,086] {logging_mixin.py:115} INFO - [2023-10-27 05:46:10,086] {dag.py:2420} INFO - Sync 1 DAGs
[2023-10-27 05:46:10,110] {logging_mixin.py:115} INFO - [2023-10-27 05:46:10,110] {dag.py:2972} INFO - Setting next_dagrun for example_branch_operator to 2023-10-26T00:00:00+00:00, run_after=2023-10-27T00:00:00+00:00
[2023-10-27 05:46:10,122] {processor.py:161} INFO - Processing /home/airflow/.local/lib/python3.7/site-packages/airflow/example_dags/example_branch_operator.py took 0.243 seconds
[2023-10-27 05:46:40,869] {processor.py:153} INFO - Started process (PID=2120) to work on /home/airflow/.local/lib/python3.7/site-packages/airflow/example_dags/example_branch_operator.py
[2023-10-27 05:46:40,870] {processor.py:641} INFO - Processing file /home/airflow/.local/lib/python3.7/site-packages/airflow/example_dags/example_branch_operator.py for tasks to queue
[2023-10-27 05:46:40,871] {logging_mixin.py:115} INFO - [2023-10-27 05:46:40,871] {dagbag.py:508} INFO - Filling up the DagBag from /home/airflow/.local/lib/python3.7/site-packages/airflow/example_dags/example_branch_operator.py
[2023-10-27 05:46:40,889] {processor.py:651} INFO - DAG(s) dict_keys(['example_branch_operator']) retrieved from /home/airflow/.local/lib/python3.7/site-packages/airflow/example_dags/example_branch_operator.py
[2023-10-27 05:46:41,072] {logging_mixin.py:115} INFO - [2023-10-27 05:46:41,071] {dag.py:2420} INFO - Sync 1 DAGs
[2023-10-27 05:46:41,095] {logging_mixin.py:115} INFO - [2023-10-27 05:46:41,095] {dag.py:2972} INFO - Setting next_dagrun for example_branch_operator to 2023-10-26T00:00:00+00:00, run_after=2023-10-27T00:00:00+00:00
[2023-10-27 05:46:41,106] {processor.py:161} INFO - Processing /home/airflow/.local/lib/python3.7/site-packages/airflow/example_dags/example_branch_operator.py took 0.241 seconds
[2023-10-27 05:47:11,269] {processor.py:153} INFO - Started process (PID=2182) to work on /home/airflow/.local/lib/python3.7/site-packages/airflow/example_dags/example_branch_operator.py
[2023-10-27 05:47:11,269] {processor.py:641} INFO - Processing file /home/airflow/.local/lib/python3.7/site-packages/airflow/example_dags/example_branch_operator.py for tasks to queue
[2023-10-27 05:47:11,270] {logging_mixin.py:115} INFO - [2023-10-27 05:47:11,270] {dagbag.py:508} INFO - Filling up the DagBag from /home/airflow/.local/lib/python3.7/site-packages/airflow/example_dags/example_branch_operator.py
[2023-10-27 05:47:11,288] {processor.py:651} INFO - DAG(s) dict_keys(['example_branch_operator']) retrieved from /home/airflow/.local/lib/python3.7/site-packages/airflow/example_dags/example_branch_operator.py
[2023-10-27 05:47:11,477] {logging_mixin.py:115} INFO - [2023-10-27 05:47:11,477] {dag.py:2420} INFO - Sync 1 DAGs
[2023-10-27 05:47:11,502] {logging_mixin.py:115} INFO - [2023-10-27 05:47:11,502] {dag.py:2972} INFO - Setting next_dagrun for example_branch_operator to 2023-10-26T00:00:00+00:00, run_after=2023-10-27T00:00:00+00:00
[2023-10-27 05:47:11,515] {processor.py:161} INFO - Processing /home/airflow/.local/lib/python3.7/site-packages/airflow/example_dags/example_branch_operator.py took 0.250 seconds
[2023-10-27 05:47:41,815] {processor.py:153} INFO - Started process (PID=2234) to work on /home/airflow/.local/lib/python3.7/site-packages/airflow/example_dags/example_branch_operator.py
[2023-10-27 05:47:41,816] {processor.py:641} INFO - Processing file /home/airflow/.local/lib/python3.7/site-packages/airflow/example_dags/example_branch_operator.py for tasks to queue
[2023-10-27 05:47:41,817] {logging_mixin.py:115} INFO - [2023-10-27 05:47:41,817] {dagbag.py:508} INFO - Filling up the DagBag from /home/airflow/.local/lib/python3.7/site-packages/airflow/example_dags/example_branch_operator.py
[2023-10-27 05:47:41,835] {processor.py:651} INFO - DAG(s) dict_keys(['example_branch_operator']) retrieved from /home/airflow/.local/lib/python3.7/site-packages/airflow/example_dags/example_branch_operator.py
[2023-10-27 05:47:42,018] {logging_mixin.py:115} INFO - [2023-10-27 05:47:42,018] {dag.py:2420} INFO - Sync 1 DAGs
[2023-10-27 05:47:42,043] {logging_mixin.py:115} INFO - [2023-10-27 05:47:42,042] {dag.py:2972} INFO - Setting next_dagrun for example_branch_operator to 2023-10-26T00:00:00+00:00, run_after=2023-10-27T00:00:00+00:00
[2023-10-27 05:47:42,055] {processor.py:161} INFO - Processing /home/airflow/.local/lib/python3.7/site-packages/airflow/example_dags/example_branch_operator.py took 0.244 seconds
[2023-10-27 05:48:12,101] {processor.py:153} INFO - Started process (PID=2294) to work on /home/airflow/.local/lib/python3.7/site-packages/airflow/example_dags/example_branch_operator.py
[2023-10-27 05:48:12,102] {processor.py:641} INFO - Processing file /home/airflow/.local/lib/python3.7/site-packages/airflow/example_dags/example_branch_operator.py for tasks to queue
[2023-10-27 05:48:12,102] {logging_mixin.py:115} INFO - [2023-10-27 05:48:12,102] {dagbag.py:508} INFO - Filling up the DagBag from /home/airflow/.local/lib/python3.7/site-packages/airflow/example_dags/example_branch_operator.py
[2023-10-27 05:48:12,120] {processor.py:651} INFO - DAG(s) dict_keys(['example_branch_operator']) retrieved from /home/airflow/.local/lib/python3.7/site-packages/airflow/example_dags/example_branch_operator.py
[2023-10-27 05:48:12,307] {logging_mixin.py:115} INFO - [2023-10-27 05:48:12,307] {dag.py:2420} INFO - Sync 1 DAGs
[2023-10-27 05:48:12,332] {logging_mixin.py:115} INFO - [2023-10-27 05:48:12,332] {dag.py:2972} INFO - Setting next_dagrun for example_branch_operator to 2023-10-26T00:00:00+00:00, run_after=2023-10-27T00:00:00+00:00
[2023-10-27 05:48:12,344] {processor.py:161} INFO - Processing /home/airflow/.local/lib/python3.7/site-packages/airflow/example_dags/example_branch_operator.py took 0.247 seconds
[2023-10-27 05:48:43,025] {processor.py:153} INFO - Started process (PID=2354) to work on /home/airflow/.local/lib/python3.7/site-packages/airflow/example_dags/example_branch_operator.py
[2023-10-27 05:48:43,026] {processor.py:641} INFO - Processing file /home/airflow/.local/lib/python3.7/site-packages/airflow/example_dags/example_branch_operator.py for tasks to queue
[2023-10-27 05:48:43,027] {logging_mixin.py:115} INFO - [2023-10-27 05:48:43,027] {dagbag.py:508} INFO - Filling up the DagBag from /home/airflow/.local/lib/python3.7/site-packages/airflow/example_dags/example_branch_operator.py
[2023-10-27 05:48:43,064] {processor.py:651} INFO - DAG(s) dict_keys(['example_branch_operator']) retrieved from /home/airflow/.local/lib/python3.7/site-packages/airflow/example_dags/example_branch_operator.py
[2023-10-27 05:48:43,272] {logging_mixin.py:115} INFO - [2023-10-27 05:48:43,272] {dag.py:2420} INFO - Sync 1 DAGs
[2023-10-27 05:48:43,296] {logging_mixin.py:115} INFO - [2023-10-27 05:48:43,296] {dag.py:2972} INFO - Setting next_dagrun for example_branch_operator to 2023-10-26T00:00:00+00:00, run_after=2023-10-27T00:00:00+00:00
[2023-10-27 05:48:43,310] {processor.py:161} INFO - Processing /home/airflow/.local/lib/python3.7/site-packages/airflow/example_dags/example_branch_operator.py took 0.289 seconds
[2023-10-27 05:49:13,481] {processor.py:153} INFO - Started process (PID=2408) to work on /home/airflow/.local/lib/python3.7/site-packages/airflow/example_dags/example_branch_operator.py
[2023-10-27 05:49:13,482] {processor.py:641} INFO - Processing file /home/airflow/.local/lib/python3.7/site-packages/airflow/example_dags/example_branch_operator.py for tasks to queue
[2023-10-27 05:49:13,483] {logging_mixin.py:115} INFO - [2023-10-27 05:49:13,483] {dagbag.py:508} INFO - Filling up the DagBag from /home/airflow/.local/lib/python3.7/site-packages/airflow/example_dags/example_branch_operator.py
[2023-10-27 05:49:13,500] {processor.py:651} INFO - DAG(s) dict_keys(['example_branch_operator']) retrieved from /home/airflow/.local/lib/python3.7/site-packages/airflow/example_dags/example_branch_operator.py
[2023-10-27 05:49:13,684] {logging_mixin.py:115} INFO - [2023-10-27 05:49:13,684] {dag.py:2420} INFO - Sync 1 DAGs
[2023-10-27 05:49:13,708] {logging_mixin.py:115} INFO - [2023-10-27 05:49:13,707] {dag.py:2972} INFO - Setting next_dagrun for example_branch_operator to 2023-10-26T00:00:00+00:00, run_after=2023-10-27T00:00:00+00:00
[2023-10-27 05:49:13,719] {processor.py:161} INFO - Processing /home/airflow/.local/lib/python3.7/site-packages/airflow/example_dags/example_branch_operator.py took 0.242 seconds
[2023-10-27 05:49:44,101] {processor.py:153} INFO - Started process (PID=2470) to work on /home/airflow/.local/lib/python3.7/site-packages/airflow/example_dags/example_branch_operator.py
[2023-10-27 05:49:44,102] {processor.py:641} INFO - Processing file /home/airflow/.local/lib/python3.7/site-packages/airflow/example_dags/example_branch_operator.py for tasks to queue
[2023-10-27 05:49:44,102] {logging_mixin.py:115} INFO - [2023-10-27 05:49:44,102] {dagbag.py:508} INFO - Filling up the DagBag from /home/airflow/.local/lib/python3.7/site-packages/airflow/example_dags/example_branch_operator.py
[2023-10-27 05:49:44,120] {processor.py:651} INFO - DAG(s) dict_keys(['example_branch_operator']) retrieved from /home/airflow/.local/lib/python3.7/site-packages/airflow/example_dags/example_branch_operator.py
[2023-10-27 05:49:44,303] {logging_mixin.py:115} INFO - [2023-10-27 05:49:44,303] {dag.py:2420} INFO - Sync 1 DAGs
[2023-10-27 05:49:44,328] {logging_mixin.py:115} INFO - [2023-10-27 05:49:44,328] {dag.py:2972} INFO - Setting next_dagrun for example_branch_operator to 2023-10-26T00:00:00+00:00, run_after=2023-10-27T00:00:00+00:00
[2023-10-27 05:49:44,341] {processor.py:161} INFO - Processing /home/airflow/.local/lib/python3.7/site-packages/airflow/example_dags/example_branch_operator.py took 0.244 seconds
[2023-10-27 05:50:14,421] {processor.py:153} INFO - Started process (PID=2522) to work on /home/airflow/.local/lib/python3.7/site-packages/airflow/example_dags/example_branch_operator.py
[2023-10-27 05:50:14,421] {processor.py:641} INFO - Processing file /home/airflow/.local/lib/python3.7/site-packages/airflow/example_dags/example_branch_operator.py for tasks to queue
[2023-10-27 05:50:14,422] {logging_mixin.py:115} INFO - [2023-10-27 05:50:14,422] {dagbag.py:508} INFO - Filling up the DagBag from /home/airflow/.local/lib/python3.7/site-packages/airflow/example_dags/example_branch_operator.py
[2023-10-27 05:50:14,439] {processor.py:651} INFO - DAG(s) dict_keys(['example_branch_operator']) retrieved from /home/airflow/.local/lib/python3.7/site-packages/airflow/example_dags/example_branch_operator.py
[2023-10-27 05:50:14,627] {logging_mixin.py:115} INFO - [2023-10-27 05:50:14,627] {dag.py:2420} INFO - Sync 1 DAGs
[2023-10-27 05:50:14,651] {logging_mixin.py:115} INFO - [2023-10-27 05:50:14,651] {dag.py:2972} INFO - Setting next_dagrun for example_branch_operator to 2023-10-26T00:00:00+00:00, run_after=2023-10-27T00:00:00+00:00
[2023-10-27 05:50:14,663] {processor.py:161} INFO - Processing /home/airflow/.local/lib/python3.7/site-packages/airflow/example_dags/example_branch_operator.py took 0.247 seconds
[2023-10-27 05:50:44,992] {processor.py:153} INFO - Started process (PID=2583) to work on /home/airflow/.local/lib/python3.7/site-packages/airflow/example_dags/example_branch_operator.py
[2023-10-27 05:50:44,993] {processor.py:641} INFO - Processing file /home/airflow/.local/lib/python3.7/site-packages/airflow/example_dags/example_branch_operator.py for tasks to queue
[2023-10-27 05:50:44,993] {logging_mixin.py:115} INFO - [2023-10-27 05:50:44,993] {dagbag.py:508} INFO - Filling up the DagBag from /home/airflow/.local/lib/python3.7/site-packages/airflow/example_dags/example_branch_operator.py
[2023-10-27 05:50:45,011] {processor.py:651} INFO - DAG(s) dict_keys(['example_branch_operator']) retrieved from /home/airflow/.local/lib/python3.7/site-packages/airflow/example_dags/example_branch_operator.py
[2023-10-27 05:50:45,191] {logging_mixin.py:115} INFO - [2023-10-27 05:50:45,191] {dag.py:2420} INFO - Sync 1 DAGs
[2023-10-27 05:50:45,214] {logging_mixin.py:115} INFO - [2023-10-27 05:50:45,214] {dag.py:2972} INFO - Setting next_dagrun for example_branch_operator to 2023-10-26T00:00:00+00:00, run_after=2023-10-27T00:00:00+00:00
[2023-10-27 05:50:45,226] {processor.py:161} INFO - Processing /home/airflow/.local/lib/python3.7/site-packages/airflow/example_dags/example_branch_operator.py took 0.238 seconds
[2023-10-27 05:51:15,468] {processor.py:153} INFO - Started process (PID=2644) to work on /home/airflow/.local/lib/python3.7/site-packages/airflow/example_dags/example_branch_operator.py
[2023-10-27 05:51:15,469] {processor.py:641} INFO - Processing file /home/airflow/.local/lib/python3.7/site-packages/airflow/example_dags/example_branch_operator.py for tasks to queue
[2023-10-27 05:51:15,472] {logging_mixin.py:115} INFO - [2023-10-27 05:51:15,472] {dagbag.py:508} INFO - Filling up the DagBag from /home/airflow/.local/lib/python3.7/site-packages/airflow/example_dags/example_branch_operator.py
[2023-10-27 05:51:15,499] {processor.py:651} INFO - DAG(s) dict_keys(['example_branch_operator']) retrieved from /home/airflow/.local/lib/python3.7/site-packages/airflow/example_dags/example_branch_operator.py
[2023-10-27 05:51:15,706] {logging_mixin.py:115} INFO - [2023-10-27 05:51:15,706] {dag.py:2420} INFO - Sync 1 DAGs
[2023-10-27 05:51:15,732] {logging_mixin.py:115} INFO - [2023-10-27 05:51:15,732] {dag.py:2972} INFO - Setting next_dagrun for example_branch_operator to 2023-10-26T00:00:00+00:00, run_after=2023-10-27T00:00:00+00:00
[2023-10-27 05:51:15,745] {processor.py:161} INFO - Processing /home/airflow/.local/lib/python3.7/site-packages/airflow/example_dags/example_branch_operator.py took 0.287 seconds
[2023-10-27 05:51:45,955] {processor.py:153} INFO - Started process (PID=2696) to work on /home/airflow/.local/lib/python3.7/site-packages/airflow/example_dags/example_branch_operator.py
[2023-10-27 05:51:45,956] {processor.py:641} INFO - Processing file /home/airflow/.local/lib/python3.7/site-packages/airflow/example_dags/example_branch_operator.py for tasks to queue
[2023-10-27 05:51:45,957] {logging_mixin.py:115} INFO - [2023-10-27 05:51:45,956] {dagbag.py:508} INFO - Filling up the DagBag from /home/airflow/.local/lib/python3.7/site-packages/airflow/example_dags/example_branch_operator.py
[2023-10-27 05:51:45,974] {processor.py:651} INFO - DAG(s) dict_keys(['example_branch_operator']) retrieved from /home/airflow/.local/lib/python3.7/site-packages/airflow/example_dags/example_branch_operator.py
[2023-10-27 05:51:46,156] {logging_mixin.py:115} INFO - [2023-10-27 05:51:46,156] {dag.py:2420} INFO - Sync 1 DAGs
[2023-10-27 05:51:46,180] {logging_mixin.py:115} INFO - [2023-10-27 05:51:46,179] {dag.py:2972} INFO - Setting next_dagrun for example_branch_operator to 2023-10-26T00:00:00+00:00, run_after=2023-10-27T00:00:00+00:00
[2023-10-27 05:51:46,191] {processor.py:161} INFO - Processing /home/airflow/.local/lib/python3.7/site-packages/airflow/example_dags/example_branch_operator.py took 0.240 seconds
[2023-10-27 05:52:16,468] {processor.py:153} INFO - Started process (PID=2759) to work on /home/airflow/.local/lib/python3.7/site-packages/airflow/example_dags/example_branch_operator.py
[2023-10-27 05:52:16,469] {processor.py:641} INFO - Processing file /home/airflow/.local/lib/python3.7/site-packages/airflow/example_dags/example_branch_operator.py for tasks to queue
[2023-10-27 05:52:16,469] {logging_mixin.py:115} INFO - [2023-10-27 05:52:16,469] {dagbag.py:508} INFO - Filling up the DagBag from /home/airflow/.local/lib/python3.7/site-packages/airflow/example_dags/example_branch_operator.py
[2023-10-27 05:52:16,496] {processor.py:651} INFO - DAG(s) dict_keys(['example_branch_operator']) retrieved from /home/airflow/.local/lib/python3.7/site-packages/airflow/example_dags/example_branch_operator.py
[2023-10-27 05:52:16,683] {logging_mixin.py:115} INFO - [2023-10-27 05:52:16,683] {dag.py:2420} INFO - Sync 1 DAGs
[2023-10-27 05:52:16,706] {logging_mixin.py:115} INFO - [2023-10-27 05:52:16,706] {dag.py:2972} INFO - Setting next_dagrun for example_branch_operator to 2023-10-26T00:00:00+00:00, run_after=2023-10-27T00:00:00+00:00
[2023-10-27 05:52:16,718] {processor.py:161} INFO - Processing /home/airflow/.local/lib/python3.7/site-packages/airflow/example_dags/example_branch_operator.py took 0.254 seconds
[2023-10-27 05:52:47,455] {processor.py:153} INFO - Started process (PID=2811) to work on /home/airflow/.local/lib/python3.7/site-packages/airflow/example_dags/example_branch_operator.py
[2023-10-27 05:52:47,456] {processor.py:641} INFO - Processing file /home/airflow/.local/lib/python3.7/site-packages/airflow/example_dags/example_branch_operator.py for tasks to queue
[2023-10-27 05:52:47,456] {logging_mixin.py:115} INFO - [2023-10-27 05:52:47,456] {dagbag.py:508} INFO - Filling up the DagBag from /home/airflow/.local/lib/python3.7/site-packages/airflow/example_dags/example_branch_operator.py
[2023-10-27 05:52:47,474] {processor.py:651} INFO - DAG(s) dict_keys(['example_branch_operator']) retrieved from /home/airflow/.local/lib/python3.7/site-packages/airflow/example_dags/example_branch_operator.py
[2023-10-27 05:52:47,658] {logging_mixin.py:115} INFO - [2023-10-27 05:52:47,657] {dag.py:2420} INFO - Sync 1 DAGs
[2023-10-27 05:52:47,682] {logging_mixin.py:115} INFO - [2023-10-27 05:52:47,682] {dag.py:2972} INFO - Setting next_dagrun for example_branch_operator to 2023-10-26T00:00:00+00:00, run_after=2023-10-27T00:00:00+00:00
[2023-10-27 05:52:47,694] {processor.py:161} INFO - Processing /home/airflow/.local/lib/python3.7/site-packages/airflow/example_dags/example_branch_operator.py took 0.246 seconds
[2023-10-27 05:53:17,959] {processor.py:153} INFO - Started process (PID=2872) to work on /home/airflow/.local/lib/python3.7/site-packages/airflow/example_dags/example_branch_operator.py
[2023-10-27 05:53:17,960] {processor.py:641} INFO - Processing file /home/airflow/.local/lib/python3.7/site-packages/airflow/example_dags/example_branch_operator.py for tasks to queue
[2023-10-27 05:53:17,960] {logging_mixin.py:115} INFO - [2023-10-27 05:53:17,960] {dagbag.py:508} INFO - Filling up the DagBag from /home/airflow/.local/lib/python3.7/site-packages/airflow/example_dags/example_branch_operator.py
[2023-10-27 05:53:18,136] {processor.py:651} INFO - DAG(s) dict_keys(['example_branch_operator']) retrieved from /home/airflow/.local/lib/python3.7/site-packages/airflow/example_dags/example_branch_operator.py
[2023-10-27 05:53:18,159] {logging_mixin.py:115} INFO - [2023-10-27 05:53:18,159] {dag.py:2420} INFO - Sync 1 DAGs
[2023-10-27 05:53:18,183] {logging_mixin.py:115} INFO - [2023-10-27 05:53:18,183] {dag.py:2972} INFO - Setting next_dagrun for example_branch_operator to 2023-10-26T00:00:00+00:00, run_after=2023-10-27T00:00:00+00:00
[2023-10-27 05:53:18,195] {processor.py:161} INFO - Processing /home/airflow/.local/lib/python3.7/site-packages/airflow/example_dags/example_branch_operator.py took 0.239 seconds
[2023-10-27 05:53:48,575] {processor.py:153} INFO - Started process (PID=2933) to work on /home/airflow/.local/lib/python3.7/site-packages/airflow/example_dags/example_branch_operator.py
[2023-10-27 05:53:48,576] {processor.py:641} INFO - Processing file /home/airflow/.local/lib/python3.7/site-packages/airflow/example_dags/example_branch_operator.py for tasks to queue
[2023-10-27 05:53:48,576] {logging_mixin.py:115} INFO - [2023-10-27 05:53:48,576] {dagbag.py:508} INFO - Filling up the DagBag from /home/airflow/.local/lib/python3.7/site-packages/airflow/example_dags/example_branch_operator.py
[2023-10-27 05:53:48,747] {processor.py:651} INFO - DAG(s) dict_keys(['example_branch_operator']) retrieved from /home/airflow/.local/lib/python3.7/site-packages/airflow/example_dags/example_branch_operator.py
[2023-10-27 05:53:48,770] {logging_mixin.py:115} INFO - [2023-10-27 05:53:48,770] {dag.py:2420} INFO - Sync 1 DAGs
[2023-10-27 05:53:48,794] {logging_mixin.py:115} INFO - [2023-10-27 05:53:48,794] {dag.py:2972} INFO - Setting next_dagrun for example_branch_operator to 2023-10-26T00:00:00+00:00, run_after=2023-10-27T00:00:00+00:00
[2023-10-27 05:53:48,806] {processor.py:161} INFO - Processing /home/airflow/.local/lib/python3.7/site-packages/airflow/example_dags/example_branch_operator.py took 0.236 seconds
