[2023-10-27 05:19:32,524] {processor.py:153} INFO - Started process (PID=48) to work on /home/airflow/.local/lib/python3.7/site-packages/airflow/example_dags/example_local_kubernetes_executor.py
[2023-10-27 05:19:32,525] {processor.py:641} INFO - Processing file /home/airflow/.local/lib/python3.7/site-packages/airflow/example_dags/example_local_kubernetes_executor.py for tasks to queue
[2023-10-27 05:19:32,528] {logging_mixin.py:115} INFO - [2023-10-27 05:19:32,528] {dagbag.py:508} INFO - Filling up the DagBag from /home/airflow/.local/lib/python3.7/site-packages/airflow/example_dags/example_local_kubernetes_executor.py
[2023-10-27 05:19:32,577] {processor.py:651} INFO - DAG(s) dict_keys(['example_local_kubernetes_executor']) retrieved from /home/airflow/.local/lib/python3.7/site-packages/airflow/example_dags/example_local_kubernetes_executor.py
[2023-10-27 05:19:32,761] {logging_mixin.py:115} INFO - [2023-10-27 05:19:32,761] {manager.py:508} INFO - Created Permission View: can delete on DAG:example_local_kubernetes_executor
[2023-10-27 05:19:32,779] {logging_mixin.py:115} INFO - [2023-10-27 05:19:32,778] {manager.py:508} INFO - Created Permission View: can read on DAG:example_local_kubernetes_executor
[2023-10-27 05:19:32,790] {logging_mixin.py:115} INFO - [2023-10-27 05:19:32,790] {manager.py:508} INFO - Created Permission View: can edit on DAG:example_local_kubernetes_executor
[2023-10-27 05:19:32,791] {logging_mixin.py:115} INFO - [2023-10-27 05:19:32,791] {dag.py:2420} INFO - Sync 1 DAGs
[2023-10-27 05:19:32,806] {logging_mixin.py:115} INFO - [2023-10-27 05:19:32,806] {dag.py:2439} INFO - Creating ORM DAG for example_local_kubernetes_executor
[2023-10-27 05:19:32,828] {logging_mixin.py:115} INFO - [2023-10-27 05:19:32,828] {dag.py:2972} INFO - Setting next_dagrun for example_local_kubernetes_executor to None, run_after=None
[2023-10-27 05:19:32,857] {processor.py:161} INFO - Processing /home/airflow/.local/lib/python3.7/site-packages/airflow/example_dags/example_local_kubernetes_executor.py took 0.341 seconds
[2023-10-27 05:20:02,973] {processor.py:153} INFO - Started process (PID=111) to work on /home/airflow/.local/lib/python3.7/site-packages/airflow/example_dags/example_local_kubernetes_executor.py
[2023-10-27 05:20:02,974] {processor.py:641} INFO - Processing file /home/airflow/.local/lib/python3.7/site-packages/airflow/example_dags/example_local_kubernetes_executor.py for tasks to queue
[2023-10-27 05:20:02,974] {logging_mixin.py:115} INFO - [2023-10-27 05:20:02,974] {dagbag.py:508} INFO - Filling up the DagBag from /home/airflow/.local/lib/python3.7/site-packages/airflow/example_dags/example_local_kubernetes_executor.py
[2023-10-27 05:20:02,995] {processor.py:651} INFO - DAG(s) dict_keys(['example_local_kubernetes_executor']) retrieved from /home/airflow/.local/lib/python3.7/site-packages/airflow/example_dags/example_local_kubernetes_executor.py
[2023-10-27 05:20:03,023] {logging_mixin.py:115} INFO - [2023-10-27 05:20:03,023] {dag.py:2420} INFO - Sync 1 DAGs
[2023-10-27 05:20:03,049] {logging_mixin.py:115} INFO - [2023-10-27 05:20:03,048] {dag.py:2972} INFO - Setting next_dagrun for example_local_kubernetes_executor to None, run_after=None
[2023-10-27 05:20:03,064] {processor.py:161} INFO - Processing /home/airflow/.local/lib/python3.7/site-packages/airflow/example_dags/example_local_kubernetes_executor.py took 0.095 seconds
[2023-10-27 05:20:33,281] {processor.py:153} INFO - Started process (PID=163) to work on /home/airflow/.local/lib/python3.7/site-packages/airflow/example_dags/example_local_kubernetes_executor.py
[2023-10-27 05:20:33,282] {processor.py:641} INFO - Processing file /home/airflow/.local/lib/python3.7/site-packages/airflow/example_dags/example_local_kubernetes_executor.py for tasks to queue
[2023-10-27 05:20:33,282] {logging_mixin.py:115} INFO - [2023-10-27 05:20:33,282] {dagbag.py:508} INFO - Filling up the DagBag from /home/airflow/.local/lib/python3.7/site-packages/airflow/example_dags/example_local_kubernetes_executor.py
[2023-10-27 05:20:33,314] {processor.py:651} INFO - DAG(s) dict_keys(['example_local_kubernetes_executor']) retrieved from /home/airflow/.local/lib/python3.7/site-packages/airflow/example_dags/example_local_kubernetes_executor.py
[2023-10-27 05:20:33,365] {logging_mixin.py:115} INFO - [2023-10-27 05:20:33,364] {dag.py:2420} INFO - Sync 1 DAGs
[2023-10-27 05:20:33,390] {logging_mixin.py:115} INFO - [2023-10-27 05:20:33,390] {dag.py:2972} INFO - Setting next_dagrun for example_local_kubernetes_executor to None, run_after=None
[2023-10-27 05:20:33,404] {processor.py:161} INFO - Processing /home/airflow/.local/lib/python3.7/site-packages/airflow/example_dags/example_local_kubernetes_executor.py took 0.128 seconds
[2023-10-27 05:21:03,532] {processor.py:153} INFO - Started process (PID=224) to work on /home/airflow/.local/lib/python3.7/site-packages/airflow/example_dags/example_local_kubernetes_executor.py
[2023-10-27 05:21:03,532] {processor.py:641} INFO - Processing file /home/airflow/.local/lib/python3.7/site-packages/airflow/example_dags/example_local_kubernetes_executor.py for tasks to queue
[2023-10-27 05:21:03,533] {logging_mixin.py:115} INFO - [2023-10-27 05:21:03,533] {dagbag.py:508} INFO - Filling up the DagBag from /home/airflow/.local/lib/python3.7/site-packages/airflow/example_dags/example_local_kubernetes_executor.py
[2023-10-27 05:21:03,554] {processor.py:651} INFO - DAG(s) dict_keys(['example_local_kubernetes_executor']) retrieved from /home/airflow/.local/lib/python3.7/site-packages/airflow/example_dags/example_local_kubernetes_executor.py
[2023-10-27 05:21:03,582] {logging_mixin.py:115} INFO - [2023-10-27 05:21:03,582] {dag.py:2420} INFO - Sync 1 DAGs
[2023-10-27 05:21:03,608] {logging_mixin.py:115} INFO - [2023-10-27 05:21:03,608] {dag.py:2972} INFO - Setting next_dagrun for example_local_kubernetes_executor to None, run_after=None
[2023-10-27 05:21:03,623] {processor.py:161} INFO - Processing /home/airflow/.local/lib/python3.7/site-packages/airflow/example_dags/example_local_kubernetes_executor.py took 0.095 seconds
[2023-10-27 05:21:33,798] {processor.py:153} INFO - Started process (PID=285) to work on /home/airflow/.local/lib/python3.7/site-packages/airflow/example_dags/example_local_kubernetes_executor.py
[2023-10-27 05:21:33,799] {processor.py:641} INFO - Processing file /home/airflow/.local/lib/python3.7/site-packages/airflow/example_dags/example_local_kubernetes_executor.py for tasks to queue
[2023-10-27 05:21:33,800] {logging_mixin.py:115} INFO - [2023-10-27 05:21:33,800] {dagbag.py:508} INFO - Filling up the DagBag from /home/airflow/.local/lib/python3.7/site-packages/airflow/example_dags/example_local_kubernetes_executor.py
[2023-10-27 05:21:33,823] {processor.py:651} INFO - DAG(s) dict_keys(['example_local_kubernetes_executor']) retrieved from /home/airflow/.local/lib/python3.7/site-packages/airflow/example_dags/example_local_kubernetes_executor.py
[2023-10-27 05:21:33,860] {logging_mixin.py:115} INFO - [2023-10-27 05:21:33,859] {dag.py:2420} INFO - Sync 1 DAGs
[2023-10-27 05:21:33,888] {logging_mixin.py:115} INFO - [2023-10-27 05:21:33,887] {dag.py:2972} INFO - Setting next_dagrun for example_local_kubernetes_executor to None, run_after=None
[2023-10-27 05:21:33,901] {processor.py:161} INFO - Processing /home/airflow/.local/lib/python3.7/site-packages/airflow/example_dags/example_local_kubernetes_executor.py took 0.108 seconds
[2023-10-27 05:22:03,996] {processor.py:153} INFO - Started process (PID=338) to work on /home/airflow/.local/lib/python3.7/site-packages/airflow/example_dags/example_local_kubernetes_executor.py
[2023-10-27 05:22:03,996] {processor.py:641} INFO - Processing file /home/airflow/.local/lib/python3.7/site-packages/airflow/example_dags/example_local_kubernetes_executor.py for tasks to queue
[2023-10-27 05:22:03,997] {logging_mixin.py:115} INFO - [2023-10-27 05:22:03,997] {dagbag.py:508} INFO - Filling up the DagBag from /home/airflow/.local/lib/python3.7/site-packages/airflow/example_dags/example_local_kubernetes_executor.py
[2023-10-27 05:22:04,017] {processor.py:651} INFO - DAG(s) dict_keys(['example_local_kubernetes_executor']) retrieved from /home/airflow/.local/lib/python3.7/site-packages/airflow/example_dags/example_local_kubernetes_executor.py
[2023-10-27 05:22:04,045] {logging_mixin.py:115} INFO - [2023-10-27 05:22:04,045] {dag.py:2420} INFO - Sync 1 DAGs
[2023-10-27 05:22:04,071] {logging_mixin.py:115} INFO - [2023-10-27 05:22:04,071] {dag.py:2972} INFO - Setting next_dagrun for example_local_kubernetes_executor to None, run_after=None
[2023-10-27 05:22:04,085] {processor.py:161} INFO - Processing /home/airflow/.local/lib/python3.7/site-packages/airflow/example_dags/example_local_kubernetes_executor.py took 0.093 seconds
[2023-10-27 05:22:34,154] {processor.py:153} INFO - Started process (PID=389) to work on /home/airflow/.local/lib/python3.7/site-packages/airflow/example_dags/example_local_kubernetes_executor.py
[2023-10-27 05:22:34,155] {processor.py:641} INFO - Processing file /home/airflow/.local/lib/python3.7/site-packages/airflow/example_dags/example_local_kubernetes_executor.py for tasks to queue
[2023-10-27 05:22:34,155] {logging_mixin.py:115} INFO - [2023-10-27 05:22:34,155] {dagbag.py:508} INFO - Filling up the DagBag from /home/airflow/.local/lib/python3.7/site-packages/airflow/example_dags/example_local_kubernetes_executor.py
[2023-10-27 05:22:34,176] {processor.py:651} INFO - DAG(s) dict_keys(['example_local_kubernetes_executor']) retrieved from /home/airflow/.local/lib/python3.7/site-packages/airflow/example_dags/example_local_kubernetes_executor.py
[2023-10-27 05:22:34,204] {logging_mixin.py:115} INFO - [2023-10-27 05:22:34,204] {dag.py:2420} INFO - Sync 1 DAGs
[2023-10-27 05:22:34,229] {logging_mixin.py:115} INFO - [2023-10-27 05:22:34,229] {dag.py:2972} INFO - Setting next_dagrun for example_local_kubernetes_executor to None, run_after=None
[2023-10-27 05:22:34,241] {processor.py:161} INFO - Processing /home/airflow/.local/lib/python3.7/site-packages/airflow/example_dags/example_local_kubernetes_executor.py took 0.092 seconds
[2023-10-27 05:23:04,278] {processor.py:153} INFO - Started process (PID=449) to work on /home/airflow/.local/lib/python3.7/site-packages/airflow/example_dags/example_local_kubernetes_executor.py
[2023-10-27 05:23:04,279] {processor.py:641} INFO - Processing file /home/airflow/.local/lib/python3.7/site-packages/airflow/example_dags/example_local_kubernetes_executor.py for tasks to queue
[2023-10-27 05:23:04,280] {logging_mixin.py:115} INFO - [2023-10-27 05:23:04,280] {dagbag.py:508} INFO - Filling up the DagBag from /home/airflow/.local/lib/python3.7/site-packages/airflow/example_dags/example_local_kubernetes_executor.py
[2023-10-27 05:23:04,300] {processor.py:651} INFO - DAG(s) dict_keys(['example_local_kubernetes_executor']) retrieved from /home/airflow/.local/lib/python3.7/site-packages/airflow/example_dags/example_local_kubernetes_executor.py
[2023-10-27 05:23:04,329] {logging_mixin.py:115} INFO - [2023-10-27 05:23:04,329] {dag.py:2420} INFO - Sync 1 DAGs
[2023-10-27 05:23:04,355] {logging_mixin.py:115} INFO - [2023-10-27 05:23:04,355] {dag.py:2972} INFO - Setting next_dagrun for example_local_kubernetes_executor to None, run_after=None
[2023-10-27 05:23:04,368] {processor.py:161} INFO - Processing /home/airflow/.local/lib/python3.7/site-packages/airflow/example_dags/example_local_kubernetes_executor.py took 0.094 seconds
[2023-10-27 05:23:34,435] {processor.py:153} INFO - Started process (PID=501) to work on /home/airflow/.local/lib/python3.7/site-packages/airflow/example_dags/example_local_kubernetes_executor.py
[2023-10-27 05:23:34,436] {processor.py:641} INFO - Processing file /home/airflow/.local/lib/python3.7/site-packages/airflow/example_dags/example_local_kubernetes_executor.py for tasks to queue
[2023-10-27 05:23:34,437] {logging_mixin.py:115} INFO - [2023-10-27 05:23:34,437] {dagbag.py:508} INFO - Filling up the DagBag from /home/airflow/.local/lib/python3.7/site-packages/airflow/example_dags/example_local_kubernetes_executor.py
[2023-10-27 05:23:34,458] {processor.py:651} INFO - DAG(s) dict_keys(['example_local_kubernetes_executor']) retrieved from /home/airflow/.local/lib/python3.7/site-packages/airflow/example_dags/example_local_kubernetes_executor.py
[2023-10-27 05:23:34,487] {logging_mixin.py:115} INFO - [2023-10-27 05:23:34,487] {dag.py:2420} INFO - Sync 1 DAGs
[2023-10-27 05:23:34,513] {logging_mixin.py:115} INFO - [2023-10-27 05:23:34,513] {dag.py:2972} INFO - Setting next_dagrun for example_local_kubernetes_executor to None, run_after=None
[2023-10-27 05:23:34,530] {processor.py:161} INFO - Processing /home/airflow/.local/lib/python3.7/site-packages/airflow/example_dags/example_local_kubernetes_executor.py took 0.099 seconds
[2023-10-27 05:24:56,848] {processor.py:153} INFO - Started process (PID=42) to work on /home/airflow/.local/lib/python3.7/site-packages/airflow/example_dags/example_local_kubernetes_executor.py
[2023-10-27 05:24:56,869] {processor.py:641} INFO - Processing file /home/airflow/.local/lib/python3.7/site-packages/airflow/example_dags/example_local_kubernetes_executor.py for tasks to queue
[2023-10-27 05:24:56,870] {logging_mixin.py:115} INFO - [2023-10-27 05:24:56,870] {dagbag.py:508} INFO - Filling up the DagBag from /home/airflow/.local/lib/python3.7/site-packages/airflow/example_dags/example_local_kubernetes_executor.py
[2023-10-27 05:24:56,972] {processor.py:651} INFO - DAG(s) dict_keys(['example_local_kubernetes_executor']) retrieved from /home/airflow/.local/lib/python3.7/site-packages/airflow/example_dags/example_local_kubernetes_executor.py
[2023-10-27 05:24:57,502] {logging_mixin.py:115} INFO - [2023-10-27 05:24:57,502] {dag.py:2420} INFO - Sync 1 DAGs
[2023-10-27 05:24:57,569] {logging_mixin.py:115} INFO - [2023-10-27 05:24:57,569] {dag.py:2972} INFO - Setting next_dagrun for example_local_kubernetes_executor to None, run_after=None
[2023-10-27 05:24:57,616] {processor.py:161} INFO - Processing /home/airflow/.local/lib/python3.7/site-packages/airflow/example_dags/example_local_kubernetes_executor.py took 0.806 seconds
[2023-10-27 05:25:28,259] {processor.py:153} INFO - Started process (PID=100) to work on /home/airflow/.local/lib/python3.7/site-packages/airflow/example_dags/example_local_kubernetes_executor.py
[2023-10-27 05:25:28,259] {processor.py:641} INFO - Processing file /home/airflow/.local/lib/python3.7/site-packages/airflow/example_dags/example_local_kubernetes_executor.py for tasks to queue
[2023-10-27 05:25:28,260] {logging_mixin.py:115} INFO - [2023-10-27 05:25:28,260] {dagbag.py:508} INFO - Filling up the DagBag from /home/airflow/.local/lib/python3.7/site-packages/airflow/example_dags/example_local_kubernetes_executor.py
[2023-10-27 05:25:28,281] {processor.py:651} INFO - DAG(s) dict_keys(['example_local_kubernetes_executor']) retrieved from /home/airflow/.local/lib/python3.7/site-packages/airflow/example_dags/example_local_kubernetes_executor.py
[2023-10-27 05:25:28,478] {logging_mixin.py:115} INFO - [2023-10-27 05:25:28,478] {dag.py:2420} INFO - Sync 1 DAGs
[2023-10-27 05:25:28,500] {logging_mixin.py:115} INFO - [2023-10-27 05:25:28,500] {dag.py:2972} INFO - Setting next_dagrun for example_local_kubernetes_executor to None, run_after=None
[2023-10-27 05:25:28,512] {processor.py:161} INFO - Processing /home/airflow/.local/lib/python3.7/site-packages/airflow/example_dags/example_local_kubernetes_executor.py took 0.257 seconds
[2023-10-27 05:25:58,623] {processor.py:153} INFO - Started process (PID=161) to work on /home/airflow/.local/lib/python3.7/site-packages/airflow/example_dags/example_local_kubernetes_executor.py
[2023-10-27 05:25:58,624] {processor.py:641} INFO - Processing file /home/airflow/.local/lib/python3.7/site-packages/airflow/example_dags/example_local_kubernetes_executor.py for tasks to queue
[2023-10-27 05:25:58,625] {logging_mixin.py:115} INFO - [2023-10-27 05:25:58,624] {dagbag.py:508} INFO - Filling up the DagBag from /home/airflow/.local/lib/python3.7/site-packages/airflow/example_dags/example_local_kubernetes_executor.py
[2023-10-27 05:25:58,646] {processor.py:651} INFO - DAG(s) dict_keys(['example_local_kubernetes_executor']) retrieved from /home/airflow/.local/lib/python3.7/site-packages/airflow/example_dags/example_local_kubernetes_executor.py
[2023-10-27 05:25:58,834] {logging_mixin.py:115} INFO - [2023-10-27 05:25:58,834] {dag.py:2420} INFO - Sync 1 DAGs
[2023-10-27 05:25:58,858] {logging_mixin.py:115} INFO - [2023-10-27 05:25:58,858] {dag.py:2972} INFO - Setting next_dagrun for example_local_kubernetes_executor to None, run_after=None
[2023-10-27 05:25:58,870] {processor.py:161} INFO - Processing /home/airflow/.local/lib/python3.7/site-packages/airflow/example_dags/example_local_kubernetes_executor.py took 0.251 seconds
[2023-10-27 05:26:29,136] {processor.py:153} INFO - Started process (PID=211) to work on /home/airflow/.local/lib/python3.7/site-packages/airflow/example_dags/example_local_kubernetes_executor.py
[2023-10-27 05:26:29,137] {processor.py:641} INFO - Processing file /home/airflow/.local/lib/python3.7/site-packages/airflow/example_dags/example_local_kubernetes_executor.py for tasks to queue
[2023-10-27 05:26:29,138] {logging_mixin.py:115} INFO - [2023-10-27 05:26:29,138] {dagbag.py:508} INFO - Filling up the DagBag from /home/airflow/.local/lib/python3.7/site-packages/airflow/example_dags/example_local_kubernetes_executor.py
[2023-10-27 05:26:29,159] {processor.py:651} INFO - DAG(s) dict_keys(['example_local_kubernetes_executor']) retrieved from /home/airflow/.local/lib/python3.7/site-packages/airflow/example_dags/example_local_kubernetes_executor.py
[2023-10-27 05:26:29,343] {logging_mixin.py:115} INFO - [2023-10-27 05:26:29,343] {dag.py:2420} INFO - Sync 1 DAGs
[2023-10-27 05:26:29,364] {logging_mixin.py:115} INFO - [2023-10-27 05:26:29,364] {dag.py:2972} INFO - Setting next_dagrun for example_local_kubernetes_executor to None, run_after=None
[2023-10-27 05:26:29,376] {processor.py:161} INFO - Processing /home/airflow/.local/lib/python3.7/site-packages/airflow/example_dags/example_local_kubernetes_executor.py took 0.244 seconds
[2023-10-27 05:26:59,912] {processor.py:153} INFO - Started process (PID=272) to work on /home/airflow/.local/lib/python3.7/site-packages/airflow/example_dags/example_local_kubernetes_executor.py
[2023-10-27 05:26:59,913] {processor.py:641} INFO - Processing file /home/airflow/.local/lib/python3.7/site-packages/airflow/example_dags/example_local_kubernetes_executor.py for tasks to queue
[2023-10-27 05:26:59,914] {logging_mixin.py:115} INFO - [2023-10-27 05:26:59,914] {dagbag.py:508} INFO - Filling up the DagBag from /home/airflow/.local/lib/python3.7/site-packages/airflow/example_dags/example_local_kubernetes_executor.py
[2023-10-27 05:26:59,941] {processor.py:651} INFO - DAG(s) dict_keys(['example_local_kubernetes_executor']) retrieved from /home/airflow/.local/lib/python3.7/site-packages/airflow/example_dags/example_local_kubernetes_executor.py
[2023-10-27 05:27:00,166] {logging_mixin.py:115} INFO - [2023-10-27 05:27:00,166] {dag.py:2420} INFO - Sync 1 DAGs
[2023-10-27 05:27:00,189] {logging_mixin.py:115} INFO - [2023-10-27 05:27:00,188] {dag.py:2972} INFO - Setting next_dagrun for example_local_kubernetes_executor to None, run_after=None
[2023-10-27 05:27:00,208] {processor.py:161} INFO - Processing /home/airflow/.local/lib/python3.7/site-packages/airflow/example_dags/example_local_kubernetes_executor.py took 0.301 seconds
[2023-10-27 05:28:13,810] {processor.py:153} INFO - Started process (PID=39) to work on /home/airflow/.local/lib/python3.7/site-packages/airflow/example_dags/example_local_kubernetes_executor.py
[2023-10-27 05:28:13,811] {processor.py:641} INFO - Processing file /home/airflow/.local/lib/python3.7/site-packages/airflow/example_dags/example_local_kubernetes_executor.py for tasks to queue
[2023-10-27 05:28:13,812] {logging_mixin.py:115} INFO - [2023-10-27 05:28:13,811] {dagbag.py:508} INFO - Filling up the DagBag from /home/airflow/.local/lib/python3.7/site-packages/airflow/example_dags/example_local_kubernetes_executor.py
[2023-10-27 05:28:13,844] {processor.py:651} INFO - DAG(s) dict_keys(['example_local_kubernetes_executor']) retrieved from /home/airflow/.local/lib/python3.7/site-packages/airflow/example_dags/example_local_kubernetes_executor.py
[2023-10-27 05:28:14,040] {logging_mixin.py:115} INFO - [2023-10-27 05:28:14,040] {dag.py:2420} INFO - Sync 1 DAGs
[2023-10-27 05:28:14,064] {logging_mixin.py:115} INFO - [2023-10-27 05:28:14,064] {dag.py:2972} INFO - Setting next_dagrun for example_local_kubernetes_executor to None, run_after=None
[2023-10-27 05:28:14,076] {processor.py:161} INFO - Processing /home/airflow/.local/lib/python3.7/site-packages/airflow/example_dags/example_local_kubernetes_executor.py took 0.270 seconds
[2023-10-27 05:28:48,725] {processor.py:153} INFO - Started process (PID=101) to work on /home/airflow/.local/lib/python3.7/site-packages/airflow/example_dags/example_local_kubernetes_executor.py
[2023-10-27 05:28:48,726] {processor.py:641} INFO - Processing file /home/airflow/.local/lib/python3.7/site-packages/airflow/example_dags/example_local_kubernetes_executor.py for tasks to queue
[2023-10-27 05:28:48,726] {logging_mixin.py:115} INFO - [2023-10-27 05:28:48,726] {dagbag.py:508} INFO - Filling up the DagBag from /home/airflow/.local/lib/python3.7/site-packages/airflow/example_dags/example_local_kubernetes_executor.py
[2023-10-27 05:28:48,746] {processor.py:651} INFO - DAG(s) dict_keys(['example_local_kubernetes_executor']) retrieved from /home/airflow/.local/lib/python3.7/site-packages/airflow/example_dags/example_local_kubernetes_executor.py
[2023-10-27 05:28:48,929] {logging_mixin.py:115} INFO - [2023-10-27 05:28:48,929] {dag.py:2420} INFO - Sync 1 DAGs
[2023-10-27 05:28:48,951] {logging_mixin.py:115} INFO - [2023-10-27 05:28:48,950] {dag.py:2972} INFO - Setting next_dagrun for example_local_kubernetes_executor to None, run_after=None
[2023-10-27 05:28:48,962] {processor.py:161} INFO - Processing /home/airflow/.local/lib/python3.7/site-packages/airflow/example_dags/example_local_kubernetes_executor.py took 0.242 seconds
[2023-10-27 05:29:19,075] {processor.py:153} INFO - Started process (PID=161) to work on /home/airflow/.local/lib/python3.7/site-packages/airflow/example_dags/example_local_kubernetes_executor.py
[2023-10-27 05:29:19,075] {processor.py:641} INFO - Processing file /home/airflow/.local/lib/python3.7/site-packages/airflow/example_dags/example_local_kubernetes_executor.py for tasks to queue
[2023-10-27 05:29:19,076] {logging_mixin.py:115} INFO - [2023-10-27 05:29:19,076] {dagbag.py:508} INFO - Filling up the DagBag from /home/airflow/.local/lib/python3.7/site-packages/airflow/example_dags/example_local_kubernetes_executor.py
[2023-10-27 05:29:19,096] {processor.py:651} INFO - DAG(s) dict_keys(['example_local_kubernetes_executor']) retrieved from /home/airflow/.local/lib/python3.7/site-packages/airflow/example_dags/example_local_kubernetes_executor.py
[2023-10-27 05:29:19,279] {logging_mixin.py:115} INFO - [2023-10-27 05:29:19,279] {dag.py:2420} INFO - Sync 1 DAGs
[2023-10-27 05:29:19,302] {logging_mixin.py:115} INFO - [2023-10-27 05:29:19,302] {dag.py:2972} INFO - Setting next_dagrun for example_local_kubernetes_executor to None, run_after=None
[2023-10-27 05:29:19,315] {processor.py:161} INFO - Processing /home/airflow/.local/lib/python3.7/site-packages/airflow/example_dags/example_local_kubernetes_executor.py took 0.245 seconds
[2023-10-27 05:29:49,821] {processor.py:153} INFO - Started process (PID=213) to work on /home/airflow/.local/lib/python3.7/site-packages/airflow/example_dags/example_local_kubernetes_executor.py
[2023-10-27 05:29:49,822] {processor.py:641} INFO - Processing file /home/airflow/.local/lib/python3.7/site-packages/airflow/example_dags/example_local_kubernetes_executor.py for tasks to queue
[2023-10-27 05:29:49,822] {logging_mixin.py:115} INFO - [2023-10-27 05:29:49,822] {dagbag.py:508} INFO - Filling up the DagBag from /home/airflow/.local/lib/python3.7/site-packages/airflow/example_dags/example_local_kubernetes_executor.py
[2023-10-27 05:29:49,842] {processor.py:651} INFO - DAG(s) dict_keys(['example_local_kubernetes_executor']) retrieved from /home/airflow/.local/lib/python3.7/site-packages/airflow/example_dags/example_local_kubernetes_executor.py
[2023-10-27 05:29:50,060] {logging_mixin.py:115} INFO - [2023-10-27 05:29:50,060] {dag.py:2420} INFO - Sync 1 DAGs
[2023-10-27 05:29:50,085] {logging_mixin.py:115} INFO - [2023-10-27 05:29:50,085] {dag.py:2972} INFO - Setting next_dagrun for example_local_kubernetes_executor to None, run_after=None
[2023-10-27 05:29:50,097] {processor.py:161} INFO - Processing /home/airflow/.local/lib/python3.7/site-packages/airflow/example_dags/example_local_kubernetes_executor.py took 0.281 seconds
[2023-10-27 05:30:20,295] {processor.py:153} INFO - Started process (PID=273) to work on /home/airflow/.local/lib/python3.7/site-packages/airflow/example_dags/example_local_kubernetes_executor.py
[2023-10-27 05:30:20,295] {processor.py:641} INFO - Processing file /home/airflow/.local/lib/python3.7/site-packages/airflow/example_dags/example_local_kubernetes_executor.py for tasks to queue
[2023-10-27 05:30:20,296] {logging_mixin.py:115} INFO - [2023-10-27 05:30:20,296] {dagbag.py:508} INFO - Filling up the DagBag from /home/airflow/.local/lib/python3.7/site-packages/airflow/example_dags/example_local_kubernetes_executor.py
[2023-10-27 05:30:20,316] {processor.py:651} INFO - DAG(s) dict_keys(['example_local_kubernetes_executor']) retrieved from /home/airflow/.local/lib/python3.7/site-packages/airflow/example_dags/example_local_kubernetes_executor.py
[2023-10-27 05:30:20,507] {logging_mixin.py:115} INFO - [2023-10-27 05:30:20,507] {dag.py:2420} INFO - Sync 1 DAGs
[2023-10-27 05:30:20,530] {logging_mixin.py:115} INFO - [2023-10-27 05:30:20,530] {dag.py:2972} INFO - Setting next_dagrun for example_local_kubernetes_executor to None, run_after=None
[2023-10-27 05:30:20,541] {processor.py:161} INFO - Processing /home/airflow/.local/lib/python3.7/site-packages/airflow/example_dags/example_local_kubernetes_executor.py took 0.250 seconds
[2023-10-27 05:30:50,569] {processor.py:153} INFO - Started process (PID=335) to work on /home/airflow/.local/lib/python3.7/site-packages/airflow/example_dags/example_local_kubernetes_executor.py
[2023-10-27 05:30:50,570] {processor.py:641} INFO - Processing file /home/airflow/.local/lib/python3.7/site-packages/airflow/example_dags/example_local_kubernetes_executor.py for tasks to queue
[2023-10-27 05:30:50,570] {logging_mixin.py:115} INFO - [2023-10-27 05:30:50,570] {dagbag.py:508} INFO - Filling up the DagBag from /home/airflow/.local/lib/python3.7/site-packages/airflow/example_dags/example_local_kubernetes_executor.py
[2023-10-27 05:30:50,591] {processor.py:651} INFO - DAG(s) dict_keys(['example_local_kubernetes_executor']) retrieved from /home/airflow/.local/lib/python3.7/site-packages/airflow/example_dags/example_local_kubernetes_executor.py
[2023-10-27 05:30:50,776] {logging_mixin.py:115} INFO - [2023-10-27 05:30:50,776] {dag.py:2420} INFO - Sync 1 DAGs
[2023-10-27 05:30:50,798] {logging_mixin.py:115} INFO - [2023-10-27 05:30:50,798] {dag.py:2972} INFO - Setting next_dagrun for example_local_kubernetes_executor to None, run_after=None
[2023-10-27 05:30:50,811] {processor.py:161} INFO - Processing /home/airflow/.local/lib/python3.7/site-packages/airflow/example_dags/example_local_kubernetes_executor.py took 0.246 seconds
[2023-10-27 05:31:20,932] {processor.py:153} INFO - Started process (PID=388) to work on /home/airflow/.local/lib/python3.7/site-packages/airflow/example_dags/example_local_kubernetes_executor.py
[2023-10-27 05:31:20,932] {processor.py:641} INFO - Processing file /home/airflow/.local/lib/python3.7/site-packages/airflow/example_dags/example_local_kubernetes_executor.py for tasks to queue
[2023-10-27 05:31:20,933] {logging_mixin.py:115} INFO - [2023-10-27 05:31:20,933] {dagbag.py:508} INFO - Filling up the DagBag from /home/airflow/.local/lib/python3.7/site-packages/airflow/example_dags/example_local_kubernetes_executor.py
[2023-10-27 05:31:20,952] {processor.py:651} INFO - DAG(s) dict_keys(['example_local_kubernetes_executor']) retrieved from /home/airflow/.local/lib/python3.7/site-packages/airflow/example_dags/example_local_kubernetes_executor.py
[2023-10-27 05:31:21,133] {logging_mixin.py:115} INFO - [2023-10-27 05:31:21,133] {dag.py:2420} INFO - Sync 1 DAGs
[2023-10-27 05:31:21,155] {logging_mixin.py:115} INFO - [2023-10-27 05:31:21,154] {dag.py:2972} INFO - Setting next_dagrun for example_local_kubernetes_executor to None, run_after=None
[2023-10-27 05:31:21,166] {processor.py:161} INFO - Processing /home/airflow/.local/lib/python3.7/site-packages/airflow/example_dags/example_local_kubernetes_executor.py took 0.238 seconds
[2023-10-27 05:31:51,564] {processor.py:153} INFO - Started process (PID=449) to work on /home/airflow/.local/lib/python3.7/site-packages/airflow/example_dags/example_local_kubernetes_executor.py
[2023-10-27 05:31:51,565] {processor.py:641} INFO - Processing file /home/airflow/.local/lib/python3.7/site-packages/airflow/example_dags/example_local_kubernetes_executor.py for tasks to queue
[2023-10-27 05:31:51,565] {logging_mixin.py:115} INFO - [2023-10-27 05:31:51,565] {dagbag.py:508} INFO - Filling up the DagBag from /home/airflow/.local/lib/python3.7/site-packages/airflow/example_dags/example_local_kubernetes_executor.py
[2023-10-27 05:31:51,585] {processor.py:651} INFO - DAG(s) dict_keys(['example_local_kubernetes_executor']) retrieved from /home/airflow/.local/lib/python3.7/site-packages/airflow/example_dags/example_local_kubernetes_executor.py
[2023-10-27 05:31:51,772] {logging_mixin.py:115} INFO - [2023-10-27 05:31:51,772] {dag.py:2420} INFO - Sync 1 DAGs
[2023-10-27 05:31:51,794] {logging_mixin.py:115} INFO - [2023-10-27 05:31:51,794] {dag.py:2972} INFO - Setting next_dagrun for example_local_kubernetes_executor to None, run_after=None
[2023-10-27 05:31:51,806] {processor.py:161} INFO - Processing /home/airflow/.local/lib/python3.7/site-packages/airflow/example_dags/example_local_kubernetes_executor.py took 0.246 seconds
[2023-10-27 05:32:21,918] {processor.py:153} INFO - Started process (PID=501) to work on /home/airflow/.local/lib/python3.7/site-packages/airflow/example_dags/example_local_kubernetes_executor.py
[2023-10-27 05:32:21,918] {processor.py:641} INFO - Processing file /home/airflow/.local/lib/python3.7/site-packages/airflow/example_dags/example_local_kubernetes_executor.py for tasks to queue
[2023-10-27 05:32:21,919] {logging_mixin.py:115} INFO - [2023-10-27 05:32:21,919] {dagbag.py:508} INFO - Filling up the DagBag from /home/airflow/.local/lib/python3.7/site-packages/airflow/example_dags/example_local_kubernetes_executor.py
[2023-10-27 05:32:21,941] {processor.py:651} INFO - DAG(s) dict_keys(['example_local_kubernetes_executor']) retrieved from /home/airflow/.local/lib/python3.7/site-packages/airflow/example_dags/example_local_kubernetes_executor.py
[2023-10-27 05:32:22,152] {logging_mixin.py:115} INFO - [2023-10-27 05:32:22,152] {dag.py:2420} INFO - Sync 1 DAGs
[2023-10-27 05:32:22,180] {logging_mixin.py:115} INFO - [2023-10-27 05:32:22,180] {dag.py:2972} INFO - Setting next_dagrun for example_local_kubernetes_executor to None, run_after=None
[2023-10-27 05:32:22,204] {processor.py:161} INFO - Processing /home/airflow/.local/lib/python3.7/site-packages/airflow/example_dags/example_local_kubernetes_executor.py took 0.291 seconds
[2023-10-27 05:32:52,330] {processor.py:153} INFO - Started process (PID=562) to work on /home/airflow/.local/lib/python3.7/site-packages/airflow/example_dags/example_local_kubernetes_executor.py
[2023-10-27 05:32:52,331] {processor.py:641} INFO - Processing file /home/airflow/.local/lib/python3.7/site-packages/airflow/example_dags/example_local_kubernetes_executor.py for tasks to queue
[2023-10-27 05:32:52,332] {logging_mixin.py:115} INFO - [2023-10-27 05:32:52,332] {dagbag.py:508} INFO - Filling up the DagBag from /home/airflow/.local/lib/python3.7/site-packages/airflow/example_dags/example_local_kubernetes_executor.py
[2023-10-27 05:32:52,351] {processor.py:651} INFO - DAG(s) dict_keys(['example_local_kubernetes_executor']) retrieved from /home/airflow/.local/lib/python3.7/site-packages/airflow/example_dags/example_local_kubernetes_executor.py
[2023-10-27 05:32:52,540] {logging_mixin.py:115} INFO - [2023-10-27 05:32:52,540] {dag.py:2420} INFO - Sync 1 DAGs
[2023-10-27 05:32:52,563] {logging_mixin.py:115} INFO - [2023-10-27 05:32:52,563] {dag.py:2972} INFO - Setting next_dagrun for example_local_kubernetes_executor to None, run_after=None
[2023-10-27 05:32:52,575] {processor.py:161} INFO - Processing /home/airflow/.local/lib/python3.7/site-packages/airflow/example_dags/example_local_kubernetes_executor.py took 0.249 seconds
[2023-10-27 05:33:22,611] {processor.py:153} INFO - Started process (PID=623) to work on /home/airflow/.local/lib/python3.7/site-packages/airflow/example_dags/example_local_kubernetes_executor.py
[2023-10-27 05:33:22,612] {processor.py:641} INFO - Processing file /home/airflow/.local/lib/python3.7/site-packages/airflow/example_dags/example_local_kubernetes_executor.py for tasks to queue
[2023-10-27 05:33:22,612] {logging_mixin.py:115} INFO - [2023-10-27 05:33:22,612] {dagbag.py:508} INFO - Filling up the DagBag from /home/airflow/.local/lib/python3.7/site-packages/airflow/example_dags/example_local_kubernetes_executor.py
[2023-10-27 05:33:22,639] {processor.py:651} INFO - DAG(s) dict_keys(['example_local_kubernetes_executor']) retrieved from /home/airflow/.local/lib/python3.7/site-packages/airflow/example_dags/example_local_kubernetes_executor.py
[2023-10-27 05:33:22,816] {logging_mixin.py:115} INFO - [2023-10-27 05:33:22,816] {dag.py:2420} INFO - Sync 1 DAGs
[2023-10-27 05:33:22,837] {logging_mixin.py:115} INFO - [2023-10-27 05:33:22,837] {dag.py:2972} INFO - Setting next_dagrun for example_local_kubernetes_executor to None, run_after=None
[2023-10-27 05:33:22,849] {processor.py:161} INFO - Processing /home/airflow/.local/lib/python3.7/site-packages/airflow/example_dags/example_local_kubernetes_executor.py took 0.242 seconds
[2023-10-27 05:33:53,415] {processor.py:153} INFO - Started process (PID=675) to work on /home/airflow/.local/lib/python3.7/site-packages/airflow/example_dags/example_local_kubernetes_executor.py
[2023-10-27 05:33:53,416] {processor.py:641} INFO - Processing file /home/airflow/.local/lib/python3.7/site-packages/airflow/example_dags/example_local_kubernetes_executor.py for tasks to queue
[2023-10-27 05:33:53,416] {logging_mixin.py:115} INFO - [2023-10-27 05:33:53,416] {dagbag.py:508} INFO - Filling up the DagBag from /home/airflow/.local/lib/python3.7/site-packages/airflow/example_dags/example_local_kubernetes_executor.py
[2023-10-27 05:33:53,441] {processor.py:651} INFO - DAG(s) dict_keys(['example_local_kubernetes_executor']) retrieved from /home/airflow/.local/lib/python3.7/site-packages/airflow/example_dags/example_local_kubernetes_executor.py
[2023-10-27 05:33:53,623] {logging_mixin.py:115} INFO - [2023-10-27 05:33:53,623] {dag.py:2420} INFO - Sync 1 DAGs
[2023-10-27 05:33:53,645] {logging_mixin.py:115} INFO - [2023-10-27 05:33:53,645] {dag.py:2972} INFO - Setting next_dagrun for example_local_kubernetes_executor to None, run_after=None
[2023-10-27 05:33:53,657] {processor.py:161} INFO - Processing /home/airflow/.local/lib/python3.7/site-packages/airflow/example_dags/example_local_kubernetes_executor.py took 0.246 seconds
[2023-10-27 05:34:24,239] {processor.py:153} INFO - Started process (PID=736) to work on /home/airflow/.local/lib/python3.7/site-packages/airflow/example_dags/example_local_kubernetes_executor.py
[2023-10-27 05:34:24,239] {processor.py:641} INFO - Processing file /home/airflow/.local/lib/python3.7/site-packages/airflow/example_dags/example_local_kubernetes_executor.py for tasks to queue
[2023-10-27 05:34:24,240] {logging_mixin.py:115} INFO - [2023-10-27 05:34:24,240] {dagbag.py:508} INFO - Filling up the DagBag from /home/airflow/.local/lib/python3.7/site-packages/airflow/example_dags/example_local_kubernetes_executor.py
[2023-10-27 05:34:24,265] {processor.py:651} INFO - DAG(s) dict_keys(['example_local_kubernetes_executor']) retrieved from /home/airflow/.local/lib/python3.7/site-packages/airflow/example_dags/example_local_kubernetes_executor.py
[2023-10-27 05:34:24,447] {logging_mixin.py:115} INFO - [2023-10-27 05:34:24,447] {dag.py:2420} INFO - Sync 1 DAGs
[2023-10-27 05:34:24,469] {logging_mixin.py:115} INFO - [2023-10-27 05:34:24,469] {dag.py:2972} INFO - Setting next_dagrun for example_local_kubernetes_executor to None, run_after=None
[2023-10-27 05:34:24,481] {processor.py:161} INFO - Processing /home/airflow/.local/lib/python3.7/site-packages/airflow/example_dags/example_local_kubernetes_executor.py took 0.247 seconds
[2023-10-27 05:34:55,219] {processor.py:153} INFO - Started process (PID=797) to work on /home/airflow/.local/lib/python3.7/site-packages/airflow/example_dags/example_local_kubernetes_executor.py
[2023-10-27 05:34:55,221] {processor.py:641} INFO - Processing file /home/airflow/.local/lib/python3.7/site-packages/airflow/example_dags/example_local_kubernetes_executor.py for tasks to queue
[2023-10-27 05:34:55,222] {logging_mixin.py:115} INFO - [2023-10-27 05:34:55,222] {dagbag.py:508} INFO - Filling up the DagBag from /home/airflow/.local/lib/python3.7/site-packages/airflow/example_dags/example_local_kubernetes_executor.py
[2023-10-27 05:34:55,247] {processor.py:651} INFO - DAG(s) dict_keys(['example_local_kubernetes_executor']) retrieved from /home/airflow/.local/lib/python3.7/site-packages/airflow/example_dags/example_local_kubernetes_executor.py
[2023-10-27 05:34:55,457] {logging_mixin.py:115} INFO - [2023-10-27 05:34:55,457] {dag.py:2420} INFO - Sync 1 DAGs
[2023-10-27 05:34:55,479] {logging_mixin.py:115} INFO - [2023-10-27 05:34:55,479] {dag.py:2972} INFO - Setting next_dagrun for example_local_kubernetes_executor to None, run_after=None
[2023-10-27 05:34:55,491] {processor.py:161} INFO - Processing /home/airflow/.local/lib/python3.7/site-packages/airflow/example_dags/example_local_kubernetes_executor.py took 0.276 seconds
[2023-10-27 05:35:25,514] {processor.py:153} INFO - Started process (PID=850) to work on /home/airflow/.local/lib/python3.7/site-packages/airflow/example_dags/example_local_kubernetes_executor.py
[2023-10-27 05:35:25,515] {processor.py:641} INFO - Processing file /home/airflow/.local/lib/python3.7/site-packages/airflow/example_dags/example_local_kubernetes_executor.py for tasks to queue
[2023-10-27 05:35:25,516] {logging_mixin.py:115} INFO - [2023-10-27 05:35:25,515] {dagbag.py:508} INFO - Filling up the DagBag from /home/airflow/.local/lib/python3.7/site-packages/airflow/example_dags/example_local_kubernetes_executor.py
[2023-10-27 05:35:25,541] {processor.py:651} INFO - DAG(s) dict_keys(['example_local_kubernetes_executor']) retrieved from /home/airflow/.local/lib/python3.7/site-packages/airflow/example_dags/example_local_kubernetes_executor.py
[2023-10-27 05:35:25,739] {logging_mixin.py:115} INFO - [2023-10-27 05:35:25,739] {dag.py:2420} INFO - Sync 1 DAGs
[2023-10-27 05:35:25,760] {logging_mixin.py:115} INFO - [2023-10-27 05:35:25,760] {dag.py:2972} INFO - Setting next_dagrun for example_local_kubernetes_executor to None, run_after=None
[2023-10-27 05:35:25,772] {processor.py:161} INFO - Processing /home/airflow/.local/lib/python3.7/site-packages/airflow/example_dags/example_local_kubernetes_executor.py took 0.262 seconds
[2023-10-27 05:35:55,823] {processor.py:153} INFO - Started process (PID=911) to work on /home/airflow/.local/lib/python3.7/site-packages/airflow/example_dags/example_local_kubernetes_executor.py
[2023-10-27 05:35:55,824] {processor.py:641} INFO - Processing file /home/airflow/.local/lib/python3.7/site-packages/airflow/example_dags/example_local_kubernetes_executor.py for tasks to queue
[2023-10-27 05:35:55,825] {logging_mixin.py:115} INFO - [2023-10-27 05:35:55,825] {dagbag.py:508} INFO - Filling up the DagBag from /home/airflow/.local/lib/python3.7/site-packages/airflow/example_dags/example_local_kubernetes_executor.py
[2023-10-27 05:35:55,852] {processor.py:651} INFO - DAG(s) dict_keys(['example_local_kubernetes_executor']) retrieved from /home/airflow/.local/lib/python3.7/site-packages/airflow/example_dags/example_local_kubernetes_executor.py
[2023-10-27 05:35:56,041] {logging_mixin.py:115} INFO - [2023-10-27 05:35:56,041] {dag.py:2420} INFO - Sync 1 DAGs
[2023-10-27 05:35:56,065] {logging_mixin.py:115} INFO - [2023-10-27 05:35:56,065] {dag.py:2972} INFO - Setting next_dagrun for example_local_kubernetes_executor to None, run_after=None
[2023-10-27 05:35:56,078] {processor.py:161} INFO - Processing /home/airflow/.local/lib/python3.7/site-packages/airflow/example_dags/example_local_kubernetes_executor.py took 0.259 seconds
[2023-10-27 05:36:26,155] {processor.py:153} INFO - Started process (PID=962) to work on /home/airflow/.local/lib/python3.7/site-packages/airflow/example_dags/example_local_kubernetes_executor.py
[2023-10-27 05:36:26,155] {processor.py:641} INFO - Processing file /home/airflow/.local/lib/python3.7/site-packages/airflow/example_dags/example_local_kubernetes_executor.py for tasks to queue
[2023-10-27 05:36:26,156] {logging_mixin.py:115} INFO - [2023-10-27 05:36:26,156] {dagbag.py:508} INFO - Filling up the DagBag from /home/airflow/.local/lib/python3.7/site-packages/airflow/example_dags/example_local_kubernetes_executor.py
[2023-10-27 05:36:26,186] {processor.py:651} INFO - DAG(s) dict_keys(['example_local_kubernetes_executor']) retrieved from /home/airflow/.local/lib/python3.7/site-packages/airflow/example_dags/example_local_kubernetes_executor.py
[2023-10-27 05:36:26,386] {logging_mixin.py:115} INFO - [2023-10-27 05:36:26,386] {dag.py:2420} INFO - Sync 1 DAGs
[2023-10-27 05:36:26,408] {logging_mixin.py:115} INFO - [2023-10-27 05:36:26,408] {dag.py:2972} INFO - Setting next_dagrun for example_local_kubernetes_executor to None, run_after=None
[2023-10-27 05:36:26,421] {processor.py:161} INFO - Processing /home/airflow/.local/lib/python3.7/site-packages/airflow/example_dags/example_local_kubernetes_executor.py took 0.272 seconds
[2023-10-27 05:36:56,783] {processor.py:153} INFO - Started process (PID=1021) to work on /home/airflow/.local/lib/python3.7/site-packages/airflow/example_dags/example_local_kubernetes_executor.py
[2023-10-27 05:36:56,784] {processor.py:641} INFO - Processing file /home/airflow/.local/lib/python3.7/site-packages/airflow/example_dags/example_local_kubernetes_executor.py for tasks to queue
[2023-10-27 05:36:56,785] {logging_mixin.py:115} INFO - [2023-10-27 05:36:56,785] {dagbag.py:508} INFO - Filling up the DagBag from /home/airflow/.local/lib/python3.7/site-packages/airflow/example_dags/example_local_kubernetes_executor.py
[2023-10-27 05:36:56,811] {processor.py:651} INFO - DAG(s) dict_keys(['example_local_kubernetes_executor']) retrieved from /home/airflow/.local/lib/python3.7/site-packages/airflow/example_dags/example_local_kubernetes_executor.py
[2023-10-27 05:36:57,000] {logging_mixin.py:115} INFO - [2023-10-27 05:36:57,000] {dag.py:2420} INFO - Sync 1 DAGs
[2023-10-27 05:36:57,022] {logging_mixin.py:115} INFO - [2023-10-27 05:36:57,022] {dag.py:2972} INFO - Setting next_dagrun for example_local_kubernetes_executor to None, run_after=None
[2023-10-27 05:36:57,034] {processor.py:161} INFO - Processing /home/airflow/.local/lib/python3.7/site-packages/airflow/example_dags/example_local_kubernetes_executor.py took 0.255 seconds
[2023-10-27 05:37:27,092] {processor.py:153} INFO - Started process (PID=1082) to work on /home/airflow/.local/lib/python3.7/site-packages/airflow/example_dags/example_local_kubernetes_executor.py
[2023-10-27 05:37:27,093] {processor.py:641} INFO - Processing file /home/airflow/.local/lib/python3.7/site-packages/airflow/example_dags/example_local_kubernetes_executor.py for tasks to queue
[2023-10-27 05:37:27,093] {logging_mixin.py:115} INFO - [2023-10-27 05:37:27,093] {dagbag.py:508} INFO - Filling up the DagBag from /home/airflow/.local/lib/python3.7/site-packages/airflow/example_dags/example_local_kubernetes_executor.py
[2023-10-27 05:37:27,118] {processor.py:651} INFO - DAG(s) dict_keys(['example_local_kubernetes_executor']) retrieved from /home/airflow/.local/lib/python3.7/site-packages/airflow/example_dags/example_local_kubernetes_executor.py
[2023-10-27 05:37:27,307] {logging_mixin.py:115} INFO - [2023-10-27 05:37:27,307] {dag.py:2420} INFO - Sync 1 DAGs
[2023-10-27 05:37:27,330] {logging_mixin.py:115} INFO - [2023-10-27 05:37:27,330] {dag.py:2972} INFO - Setting next_dagrun for example_local_kubernetes_executor to None, run_after=None
[2023-10-27 05:37:27,342] {processor.py:161} INFO - Processing /home/airflow/.local/lib/python3.7/site-packages/airflow/example_dags/example_local_kubernetes_executor.py took 0.254 seconds
[2023-10-27 05:37:58,033] {processor.py:153} INFO - Started process (PID=1134) to work on /home/airflow/.local/lib/python3.7/site-packages/airflow/example_dags/example_local_kubernetes_executor.py
[2023-10-27 05:37:58,034] {processor.py:641} INFO - Processing file /home/airflow/.local/lib/python3.7/site-packages/airflow/example_dags/example_local_kubernetes_executor.py for tasks to queue
[2023-10-27 05:37:58,034] {logging_mixin.py:115} INFO - [2023-10-27 05:37:58,034] {dagbag.py:508} INFO - Filling up the DagBag from /home/airflow/.local/lib/python3.7/site-packages/airflow/example_dags/example_local_kubernetes_executor.py
[2023-10-27 05:37:58,058] {processor.py:651} INFO - DAG(s) dict_keys(['example_local_kubernetes_executor']) retrieved from /home/airflow/.local/lib/python3.7/site-packages/airflow/example_dags/example_local_kubernetes_executor.py
[2023-10-27 05:37:58,240] {logging_mixin.py:115} INFO - [2023-10-27 05:37:58,240] {dag.py:2420} INFO - Sync 1 DAGs
[2023-10-27 05:37:58,262] {logging_mixin.py:115} INFO - [2023-10-27 05:37:58,262] {dag.py:2972} INFO - Setting next_dagrun for example_local_kubernetes_executor to None, run_after=None
[2023-10-27 05:37:58,275] {processor.py:161} INFO - Processing /home/airflow/.local/lib/python3.7/site-packages/airflow/example_dags/example_local_kubernetes_executor.py took 0.246 seconds
[2023-10-27 05:38:28,495] {processor.py:153} INFO - Started process (PID=1196) to work on /home/airflow/.local/lib/python3.7/site-packages/airflow/example_dags/example_local_kubernetes_executor.py
[2023-10-27 05:38:28,496] {processor.py:641} INFO - Processing file /home/airflow/.local/lib/python3.7/site-packages/airflow/example_dags/example_local_kubernetes_executor.py for tasks to queue
[2023-10-27 05:38:28,496] {logging_mixin.py:115} INFO - [2023-10-27 05:38:28,496] {dagbag.py:508} INFO - Filling up the DagBag from /home/airflow/.local/lib/python3.7/site-packages/airflow/example_dags/example_local_kubernetes_executor.py
[2023-10-27 05:38:28,521] {processor.py:651} INFO - DAG(s) dict_keys(['example_local_kubernetes_executor']) retrieved from /home/airflow/.local/lib/python3.7/site-packages/airflow/example_dags/example_local_kubernetes_executor.py
[2023-10-27 05:38:28,698] {logging_mixin.py:115} INFO - [2023-10-27 05:38:28,698] {dag.py:2420} INFO - Sync 1 DAGs
[2023-10-27 05:38:28,720] {logging_mixin.py:115} INFO - [2023-10-27 05:38:28,720] {dag.py:2972} INFO - Setting next_dagrun for example_local_kubernetes_executor to None, run_after=None
[2023-10-27 05:38:28,732] {processor.py:161} INFO - Processing /home/airflow/.local/lib/python3.7/site-packages/airflow/example_dags/example_local_kubernetes_executor.py took 0.241 seconds
[2023-10-27 05:38:58,906] {processor.py:153} INFO - Started process (PID=1248) to work on /home/airflow/.local/lib/python3.7/site-packages/airflow/example_dags/example_local_kubernetes_executor.py
[2023-10-27 05:38:58,907] {processor.py:641} INFO - Processing file /home/airflow/.local/lib/python3.7/site-packages/airflow/example_dags/example_local_kubernetes_executor.py for tasks to queue
[2023-10-27 05:38:58,907] {logging_mixin.py:115} INFO - [2023-10-27 05:38:58,907] {dagbag.py:508} INFO - Filling up the DagBag from /home/airflow/.local/lib/python3.7/site-packages/airflow/example_dags/example_local_kubernetes_executor.py
[2023-10-27 05:38:58,942] {processor.py:651} INFO - DAG(s) dict_keys(['example_local_kubernetes_executor']) retrieved from /home/airflow/.local/lib/python3.7/site-packages/airflow/example_dags/example_local_kubernetes_executor.py
[2023-10-27 05:38:59,170] {logging_mixin.py:115} INFO - [2023-10-27 05:38:59,169] {dag.py:2420} INFO - Sync 1 DAGs
[2023-10-27 05:38:59,219] {logging_mixin.py:115} INFO - [2023-10-27 05:38:59,219] {dag.py:2972} INFO - Setting next_dagrun for example_local_kubernetes_executor to None, run_after=None
[2023-10-27 05:38:59,232] {processor.py:161} INFO - Processing /home/airflow/.local/lib/python3.7/site-packages/airflow/example_dags/example_local_kubernetes_executor.py took 0.332 seconds
[2023-10-27 05:39:29,310] {processor.py:153} INFO - Started process (PID=1309) to work on /home/airflow/.local/lib/python3.7/site-packages/airflow/example_dags/example_local_kubernetes_executor.py
[2023-10-27 05:39:29,311] {processor.py:641} INFO - Processing file /home/airflow/.local/lib/python3.7/site-packages/airflow/example_dags/example_local_kubernetes_executor.py for tasks to queue
[2023-10-27 05:39:29,311] {logging_mixin.py:115} INFO - [2023-10-27 05:39:29,311] {dagbag.py:508} INFO - Filling up the DagBag from /home/airflow/.local/lib/python3.7/site-packages/airflow/example_dags/example_local_kubernetes_executor.py
[2023-10-27 05:39:29,339] {processor.py:651} INFO - DAG(s) dict_keys(['example_local_kubernetes_executor']) retrieved from /home/airflow/.local/lib/python3.7/site-packages/airflow/example_dags/example_local_kubernetes_executor.py
[2023-10-27 05:39:29,547] {logging_mixin.py:115} INFO - [2023-10-27 05:39:29,547] {dag.py:2420} INFO - Sync 1 DAGs
[2023-10-27 05:39:29,570] {logging_mixin.py:115} INFO - [2023-10-27 05:39:29,570] {dag.py:2972} INFO - Setting next_dagrun for example_local_kubernetes_executor to None, run_after=None
[2023-10-27 05:39:29,582] {processor.py:161} INFO - Processing /home/airflow/.local/lib/python3.7/site-packages/airflow/example_dags/example_local_kubernetes_executor.py took 0.277 seconds
[2023-10-27 05:39:59,740] {processor.py:153} INFO - Started process (PID=1369) to work on /home/airflow/.local/lib/python3.7/site-packages/airflow/example_dags/example_local_kubernetes_executor.py
[2023-10-27 05:39:59,741] {processor.py:641} INFO - Processing file /home/airflow/.local/lib/python3.7/site-packages/airflow/example_dags/example_local_kubernetes_executor.py for tasks to queue
[2023-10-27 05:39:59,742] {logging_mixin.py:115} INFO - [2023-10-27 05:39:59,741] {dagbag.py:508} INFO - Filling up the DagBag from /home/airflow/.local/lib/python3.7/site-packages/airflow/example_dags/example_local_kubernetes_executor.py
[2023-10-27 05:39:59,766] {processor.py:651} INFO - DAG(s) dict_keys(['example_local_kubernetes_executor']) retrieved from /home/airflow/.local/lib/python3.7/site-packages/airflow/example_dags/example_local_kubernetes_executor.py
[2023-10-27 05:39:59,944] {logging_mixin.py:115} INFO - [2023-10-27 05:39:59,944] {dag.py:2420} INFO - Sync 1 DAGs
[2023-10-27 05:39:59,967] {logging_mixin.py:115} INFO - [2023-10-27 05:39:59,967] {dag.py:2972} INFO - Setting next_dagrun for example_local_kubernetes_executor to None, run_after=None
[2023-10-27 05:39:59,979] {processor.py:161} INFO - Processing /home/airflow/.local/lib/python3.7/site-packages/airflow/example_dags/example_local_kubernetes_executor.py took 0.243 seconds
[2023-10-27 05:40:30,297] {processor.py:153} INFO - Started process (PID=1422) to work on /home/airflow/.local/lib/python3.7/site-packages/airflow/example_dags/example_local_kubernetes_executor.py
[2023-10-27 05:40:30,298] {processor.py:641} INFO - Processing file /home/airflow/.local/lib/python3.7/site-packages/airflow/example_dags/example_local_kubernetes_executor.py for tasks to queue
[2023-10-27 05:40:30,298] {logging_mixin.py:115} INFO - [2023-10-27 05:40:30,298] {dagbag.py:508} INFO - Filling up the DagBag from /home/airflow/.local/lib/python3.7/site-packages/airflow/example_dags/example_local_kubernetes_executor.py
[2023-10-27 05:40:30,322] {processor.py:651} INFO - DAG(s) dict_keys(['example_local_kubernetes_executor']) retrieved from /home/airflow/.local/lib/python3.7/site-packages/airflow/example_dags/example_local_kubernetes_executor.py
[2023-10-27 05:40:30,503] {logging_mixin.py:115} INFO - [2023-10-27 05:40:30,503] {dag.py:2420} INFO - Sync 1 DAGs
[2023-10-27 05:40:30,525] {logging_mixin.py:115} INFO - [2023-10-27 05:40:30,525] {dag.py:2972} INFO - Setting next_dagrun for example_local_kubernetes_executor to None, run_after=None
[2023-10-27 05:40:30,537] {processor.py:161} INFO - Processing /home/airflow/.local/lib/python3.7/site-packages/airflow/example_dags/example_local_kubernetes_executor.py took 0.244 seconds
[2023-10-27 05:41:00,693] {processor.py:153} INFO - Started process (PID=1483) to work on /home/airflow/.local/lib/python3.7/site-packages/airflow/example_dags/example_local_kubernetes_executor.py
[2023-10-27 05:41:00,694] {processor.py:641} INFO - Processing file /home/airflow/.local/lib/python3.7/site-packages/airflow/example_dags/example_local_kubernetes_executor.py for tasks to queue
[2023-10-27 05:41:00,695] {logging_mixin.py:115} INFO - [2023-10-27 05:41:00,695] {dagbag.py:508} INFO - Filling up the DagBag from /home/airflow/.local/lib/python3.7/site-packages/airflow/example_dags/example_local_kubernetes_executor.py
[2023-10-27 05:41:00,720] {processor.py:651} INFO - DAG(s) dict_keys(['example_local_kubernetes_executor']) retrieved from /home/airflow/.local/lib/python3.7/site-packages/airflow/example_dags/example_local_kubernetes_executor.py
[2023-10-27 05:41:00,907] {logging_mixin.py:115} INFO - [2023-10-27 05:41:00,907] {dag.py:2420} INFO - Sync 1 DAGs
[2023-10-27 05:41:00,929] {logging_mixin.py:115} INFO - [2023-10-27 05:41:00,929] {dag.py:2972} INFO - Setting next_dagrun for example_local_kubernetes_executor to None, run_after=None
[2023-10-27 05:41:00,942] {processor.py:161} INFO - Processing /home/airflow/.local/lib/python3.7/site-packages/airflow/example_dags/example_local_kubernetes_executor.py took 0.252 seconds
[2023-10-27 05:41:31,262] {processor.py:153} INFO - Started process (PID=1535) to work on /home/airflow/.local/lib/python3.7/site-packages/airflow/example_dags/example_local_kubernetes_executor.py
[2023-10-27 05:41:31,262] {processor.py:641} INFO - Processing file /home/airflow/.local/lib/python3.7/site-packages/airflow/example_dags/example_local_kubernetes_executor.py for tasks to queue
[2023-10-27 05:41:31,263] {logging_mixin.py:115} INFO - [2023-10-27 05:41:31,263] {dagbag.py:508} INFO - Filling up the DagBag from /home/airflow/.local/lib/python3.7/site-packages/airflow/example_dags/example_local_kubernetes_executor.py
[2023-10-27 05:41:31,287] {processor.py:651} INFO - DAG(s) dict_keys(['example_local_kubernetes_executor']) retrieved from /home/airflow/.local/lib/python3.7/site-packages/airflow/example_dags/example_local_kubernetes_executor.py
[2023-10-27 05:41:31,463] {logging_mixin.py:115} INFO - [2023-10-27 05:41:31,463] {dag.py:2420} INFO - Sync 1 DAGs
[2023-10-27 05:41:31,485] {logging_mixin.py:115} INFO - [2023-10-27 05:41:31,485] {dag.py:2972} INFO - Setting next_dagrun for example_local_kubernetes_executor to None, run_after=None
[2023-10-27 05:41:31,497] {processor.py:161} INFO - Processing /home/airflow/.local/lib/python3.7/site-packages/airflow/example_dags/example_local_kubernetes_executor.py took 0.240 seconds
[2023-10-27 05:42:02,019] {processor.py:153} INFO - Started process (PID=1596) to work on /home/airflow/.local/lib/python3.7/site-packages/airflow/example_dags/example_local_kubernetes_executor.py
[2023-10-27 05:42:02,020] {processor.py:641} INFO - Processing file /home/airflow/.local/lib/python3.7/site-packages/airflow/example_dags/example_local_kubernetes_executor.py for tasks to queue
[2023-10-27 05:42:02,021] {logging_mixin.py:115} INFO - [2023-10-27 05:42:02,021] {dagbag.py:508} INFO - Filling up the DagBag from /home/airflow/.local/lib/python3.7/site-packages/airflow/example_dags/example_local_kubernetes_executor.py
[2023-10-27 05:42:02,045] {processor.py:651} INFO - DAG(s) dict_keys(['example_local_kubernetes_executor']) retrieved from /home/airflow/.local/lib/python3.7/site-packages/airflow/example_dags/example_local_kubernetes_executor.py
[2023-10-27 05:42:02,226] {logging_mixin.py:115} INFO - [2023-10-27 05:42:02,226] {dag.py:2420} INFO - Sync 1 DAGs
[2023-10-27 05:42:02,248] {logging_mixin.py:115} INFO - [2023-10-27 05:42:02,247] {dag.py:2972} INFO - Setting next_dagrun for example_local_kubernetes_executor to None, run_after=None
[2023-10-27 05:42:02,259] {processor.py:161} INFO - Processing /home/airflow/.local/lib/python3.7/site-packages/airflow/example_dags/example_local_kubernetes_executor.py took 0.244 seconds
[2023-10-27 05:42:33,010] {processor.py:153} INFO - Started process (PID=1648) to work on /home/airflow/.local/lib/python3.7/site-packages/airflow/example_dags/example_local_kubernetes_executor.py
[2023-10-27 05:42:33,010] {processor.py:641} INFO - Processing file /home/airflow/.local/lib/python3.7/site-packages/airflow/example_dags/example_local_kubernetes_executor.py for tasks to queue
[2023-10-27 05:42:33,011] {logging_mixin.py:115} INFO - [2023-10-27 05:42:33,011] {dagbag.py:508} INFO - Filling up the DagBag from /home/airflow/.local/lib/python3.7/site-packages/airflow/example_dags/example_local_kubernetes_executor.py
[2023-10-27 05:42:33,038] {processor.py:651} INFO - DAG(s) dict_keys(['example_local_kubernetes_executor']) retrieved from /home/airflow/.local/lib/python3.7/site-packages/airflow/example_dags/example_local_kubernetes_executor.py
[2023-10-27 05:42:33,228] {logging_mixin.py:115} INFO - [2023-10-27 05:42:33,228] {dag.py:2420} INFO - Sync 1 DAGs
[2023-10-27 05:42:33,249] {logging_mixin.py:115} INFO - [2023-10-27 05:42:33,249] {dag.py:2972} INFO - Setting next_dagrun for example_local_kubernetes_executor to None, run_after=None
[2023-10-27 05:42:33,261] {processor.py:161} INFO - Processing /home/airflow/.local/lib/python3.7/site-packages/airflow/example_dags/example_local_kubernetes_executor.py took 0.255 seconds
[2023-10-27 05:43:03,445] {processor.py:153} INFO - Started process (PID=1709) to work on /home/airflow/.local/lib/python3.7/site-packages/airflow/example_dags/example_local_kubernetes_executor.py
[2023-10-27 05:43:03,446] {processor.py:641} INFO - Processing file /home/airflow/.local/lib/python3.7/site-packages/airflow/example_dags/example_local_kubernetes_executor.py for tasks to queue
[2023-10-27 05:43:03,446] {logging_mixin.py:115} INFO - [2023-10-27 05:43:03,446] {dagbag.py:508} INFO - Filling up the DagBag from /home/airflow/.local/lib/python3.7/site-packages/airflow/example_dags/example_local_kubernetes_executor.py
[2023-10-27 05:43:03,470] {processor.py:651} INFO - DAG(s) dict_keys(['example_local_kubernetes_executor']) retrieved from /home/airflow/.local/lib/python3.7/site-packages/airflow/example_dags/example_local_kubernetes_executor.py
[2023-10-27 05:43:03,648] {logging_mixin.py:115} INFO - [2023-10-27 05:43:03,648] {dag.py:2420} INFO - Sync 1 DAGs
[2023-10-27 05:43:03,670] {logging_mixin.py:115} INFO - [2023-10-27 05:43:03,670] {dag.py:2972} INFO - Setting next_dagrun for example_local_kubernetes_executor to None, run_after=None
[2023-10-27 05:43:03,682] {processor.py:161} INFO - Processing /home/airflow/.local/lib/python3.7/site-packages/airflow/example_dags/example_local_kubernetes_executor.py took 0.241 seconds
[2023-10-27 05:43:34,403] {processor.py:153} INFO - Started process (PID=1769) to work on /home/airflow/.local/lib/python3.7/site-packages/airflow/example_dags/example_local_kubernetes_executor.py
[2023-10-27 05:43:34,403] {processor.py:641} INFO - Processing file /home/airflow/.local/lib/python3.7/site-packages/airflow/example_dags/example_local_kubernetes_executor.py for tasks to queue
[2023-10-27 05:43:34,404] {logging_mixin.py:115} INFO - [2023-10-27 05:43:34,404] {dagbag.py:508} INFO - Filling up the DagBag from /home/airflow/.local/lib/python3.7/site-packages/airflow/example_dags/example_local_kubernetes_executor.py
[2023-10-27 05:43:34,588] {processor.py:651} INFO - DAG(s) dict_keys(['example_local_kubernetes_executor']) retrieved from /home/airflow/.local/lib/python3.7/site-packages/airflow/example_dags/example_local_kubernetes_executor.py
[2023-10-27 05:43:34,611] {logging_mixin.py:115} INFO - [2023-10-27 05:43:34,611] {dag.py:2420} INFO - Sync 1 DAGs
[2023-10-27 05:43:34,635] {logging_mixin.py:115} INFO - [2023-10-27 05:43:34,635] {dag.py:2972} INFO - Setting next_dagrun for example_local_kubernetes_executor to None, run_after=None
[2023-10-27 05:43:34,648] {processor.py:161} INFO - Processing /home/airflow/.local/lib/python3.7/site-packages/airflow/example_dags/example_local_kubernetes_executor.py took 0.249 seconds
[2023-10-27 05:44:04,771] {processor.py:153} INFO - Started process (PID=1820) to work on /home/airflow/.local/lib/python3.7/site-packages/airflow/example_dags/example_local_kubernetes_executor.py
[2023-10-27 05:44:04,772] {processor.py:641} INFO - Processing file /home/airflow/.local/lib/python3.7/site-packages/airflow/example_dags/example_local_kubernetes_executor.py for tasks to queue
[2023-10-27 05:44:04,772] {logging_mixin.py:115} INFO - [2023-10-27 05:44:04,772] {dagbag.py:508} INFO - Filling up the DagBag from /home/airflow/.local/lib/python3.7/site-packages/airflow/example_dags/example_local_kubernetes_executor.py
[2023-10-27 05:44:04,955] {processor.py:651} INFO - DAG(s) dict_keys(['example_local_kubernetes_executor']) retrieved from /home/airflow/.local/lib/python3.7/site-packages/airflow/example_dags/example_local_kubernetes_executor.py
[2023-10-27 05:44:04,977] {logging_mixin.py:115} INFO - [2023-10-27 05:44:04,977] {dag.py:2420} INFO - Sync 1 DAGs
[2023-10-27 05:44:04,999] {logging_mixin.py:115} INFO - [2023-10-27 05:44:04,999] {dag.py:2972} INFO - Setting next_dagrun for example_local_kubernetes_executor to None, run_after=None
[2023-10-27 05:44:05,011] {processor.py:161} INFO - Processing /home/airflow/.local/lib/python3.7/site-packages/airflow/example_dags/example_local_kubernetes_executor.py took 0.244 seconds
[2023-10-27 05:44:35,175] {processor.py:153} INFO - Started process (PID=1881) to work on /home/airflow/.local/lib/python3.7/site-packages/airflow/example_dags/example_local_kubernetes_executor.py
[2023-10-27 05:44:35,175] {processor.py:641} INFO - Processing file /home/airflow/.local/lib/python3.7/site-packages/airflow/example_dags/example_local_kubernetes_executor.py for tasks to queue
[2023-10-27 05:44:35,176] {logging_mixin.py:115} INFO - [2023-10-27 05:44:35,176] {dagbag.py:508} INFO - Filling up the DagBag from /home/airflow/.local/lib/python3.7/site-packages/airflow/example_dags/example_local_kubernetes_executor.py
[2023-10-27 05:44:35,356] {processor.py:651} INFO - DAG(s) dict_keys(['example_local_kubernetes_executor']) retrieved from /home/airflow/.local/lib/python3.7/site-packages/airflow/example_dags/example_local_kubernetes_executor.py
[2023-10-27 05:44:35,378] {logging_mixin.py:115} INFO - [2023-10-27 05:44:35,378] {dag.py:2420} INFO - Sync 1 DAGs
[2023-10-27 05:44:35,401] {logging_mixin.py:115} INFO - [2023-10-27 05:44:35,400] {dag.py:2972} INFO - Setting next_dagrun for example_local_kubernetes_executor to None, run_after=None
[2023-10-27 05:44:35,413] {processor.py:161} INFO - Processing /home/airflow/.local/lib/python3.7/site-packages/airflow/example_dags/example_local_kubernetes_executor.py took 0.242 seconds
[2023-10-27 05:45:05,637] {processor.py:153} INFO - Started process (PID=1933) to work on /home/airflow/.local/lib/python3.7/site-packages/airflow/example_dags/example_local_kubernetes_executor.py
[2023-10-27 05:45:05,638] {processor.py:641} INFO - Processing file /home/airflow/.local/lib/python3.7/site-packages/airflow/example_dags/example_local_kubernetes_executor.py for tasks to queue
[2023-10-27 05:45:05,638] {logging_mixin.py:115} INFO - [2023-10-27 05:45:05,638] {dagbag.py:508} INFO - Filling up the DagBag from /home/airflow/.local/lib/python3.7/site-packages/airflow/example_dags/example_local_kubernetes_executor.py
[2023-10-27 05:45:05,826] {processor.py:651} INFO - DAG(s) dict_keys(['example_local_kubernetes_executor']) retrieved from /home/airflow/.local/lib/python3.7/site-packages/airflow/example_dags/example_local_kubernetes_executor.py
[2023-10-27 05:45:05,849] {logging_mixin.py:115} INFO - [2023-10-27 05:45:05,849] {dag.py:2420} INFO - Sync 1 DAGs
[2023-10-27 05:45:05,871] {logging_mixin.py:115} INFO - [2023-10-27 05:45:05,871] {dag.py:2972} INFO - Setting next_dagrun for example_local_kubernetes_executor to None, run_after=None
[2023-10-27 05:45:05,883] {processor.py:161} INFO - Processing /home/airflow/.local/lib/python3.7/site-packages/airflow/example_dags/example_local_kubernetes_executor.py took 0.250 seconds
[2023-10-27 05:45:36,339] {processor.py:153} INFO - Started process (PID=1995) to work on /home/airflow/.local/lib/python3.7/site-packages/airflow/example_dags/example_local_kubernetes_executor.py
[2023-10-27 05:45:36,339] {processor.py:641} INFO - Processing file /home/airflow/.local/lib/python3.7/site-packages/airflow/example_dags/example_local_kubernetes_executor.py for tasks to queue
[2023-10-27 05:45:36,340] {logging_mixin.py:115} INFO - [2023-10-27 05:45:36,340] {dagbag.py:508} INFO - Filling up the DagBag from /home/airflow/.local/lib/python3.7/site-packages/airflow/example_dags/example_local_kubernetes_executor.py
[2023-10-27 05:45:36,543] {processor.py:651} INFO - DAG(s) dict_keys(['example_local_kubernetes_executor']) retrieved from /home/airflow/.local/lib/python3.7/site-packages/airflow/example_dags/example_local_kubernetes_executor.py
[2023-10-27 05:45:36,567] {logging_mixin.py:115} INFO - [2023-10-27 05:45:36,567] {dag.py:2420} INFO - Sync 1 DAGs
[2023-10-27 05:45:36,590] {logging_mixin.py:115} INFO - [2023-10-27 05:45:36,590] {dag.py:2972} INFO - Setting next_dagrun for example_local_kubernetes_executor to None, run_after=None
[2023-10-27 05:45:36,604] {processor.py:161} INFO - Processing /home/airflow/.local/lib/python3.7/site-packages/airflow/example_dags/example_local_kubernetes_executor.py took 0.270 seconds
[2023-10-27 05:46:06,816] {processor.py:153} INFO - Started process (PID=2048) to work on /home/airflow/.local/lib/python3.7/site-packages/airflow/example_dags/example_local_kubernetes_executor.py
[2023-10-27 05:46:06,817] {processor.py:641} INFO - Processing file /home/airflow/.local/lib/python3.7/site-packages/airflow/example_dags/example_local_kubernetes_executor.py for tasks to queue
[2023-10-27 05:46:06,818] {logging_mixin.py:115} INFO - [2023-10-27 05:46:06,818] {dagbag.py:508} INFO - Filling up the DagBag from /home/airflow/.local/lib/python3.7/site-packages/airflow/example_dags/example_local_kubernetes_executor.py
[2023-10-27 05:46:07,005] {processor.py:651} INFO - DAG(s) dict_keys(['example_local_kubernetes_executor']) retrieved from /home/airflow/.local/lib/python3.7/site-packages/airflow/example_dags/example_local_kubernetes_executor.py
[2023-10-27 05:46:07,027] {logging_mixin.py:115} INFO - [2023-10-27 05:46:07,027] {dag.py:2420} INFO - Sync 1 DAGs
[2023-10-27 05:46:07,050] {logging_mixin.py:115} INFO - [2023-10-27 05:46:07,050] {dag.py:2972} INFO - Setting next_dagrun for example_local_kubernetes_executor to None, run_after=None
[2023-10-27 05:46:07,062] {processor.py:161} INFO - Processing /home/airflow/.local/lib/python3.7/site-packages/airflow/example_dags/example_local_kubernetes_executor.py took 0.250 seconds
[2023-10-27 05:46:37,255] {processor.py:153} INFO - Started process (PID=2112) to work on /home/airflow/.local/lib/python3.7/site-packages/airflow/example_dags/example_local_kubernetes_executor.py
[2023-10-27 05:46:37,255] {processor.py:641} INFO - Processing file /home/airflow/.local/lib/python3.7/site-packages/airflow/example_dags/example_local_kubernetes_executor.py for tasks to queue
[2023-10-27 05:46:37,256] {logging_mixin.py:115} INFO - [2023-10-27 05:46:37,256] {dagbag.py:508} INFO - Filling up the DagBag from /home/airflow/.local/lib/python3.7/site-packages/airflow/example_dags/example_local_kubernetes_executor.py
[2023-10-27 05:46:37,436] {processor.py:651} INFO - DAG(s) dict_keys(['example_local_kubernetes_executor']) retrieved from /home/airflow/.local/lib/python3.7/site-packages/airflow/example_dags/example_local_kubernetes_executor.py
[2023-10-27 05:46:37,459] {logging_mixin.py:115} INFO - [2023-10-27 05:46:37,459] {dag.py:2420} INFO - Sync 1 DAGs
[2023-10-27 05:46:37,481] {logging_mixin.py:115} INFO - [2023-10-27 05:46:37,481] {dag.py:2972} INFO - Setting next_dagrun for example_local_kubernetes_executor to None, run_after=None
[2023-10-27 05:46:37,493] {processor.py:161} INFO - Processing /home/airflow/.local/lib/python3.7/site-packages/airflow/example_dags/example_local_kubernetes_executor.py took 0.242 seconds
[2023-10-27 05:47:07,599] {processor.py:153} INFO - Started process (PID=2165) to work on /home/airflow/.local/lib/python3.7/site-packages/airflow/example_dags/example_local_kubernetes_executor.py
[2023-10-27 05:47:07,600] {processor.py:641} INFO - Processing file /home/airflow/.local/lib/python3.7/site-packages/airflow/example_dags/example_local_kubernetes_executor.py for tasks to queue
[2023-10-27 05:47:07,600] {logging_mixin.py:115} INFO - [2023-10-27 05:47:07,600] {dagbag.py:508} INFO - Filling up the DagBag from /home/airflow/.local/lib/python3.7/site-packages/airflow/example_dags/example_local_kubernetes_executor.py
[2023-10-27 05:47:07,779] {processor.py:651} INFO - DAG(s) dict_keys(['example_local_kubernetes_executor']) retrieved from /home/airflow/.local/lib/python3.7/site-packages/airflow/example_dags/example_local_kubernetes_executor.py
[2023-10-27 05:47:07,809] {logging_mixin.py:115} INFO - [2023-10-27 05:47:07,809] {dag.py:2420} INFO - Sync 1 DAGs
[2023-10-27 05:47:07,830] {logging_mixin.py:115} INFO - [2023-10-27 05:47:07,830] {dag.py:2972} INFO - Setting next_dagrun for example_local_kubernetes_executor to None, run_after=None
[2023-10-27 05:47:07,841] {processor.py:161} INFO - Processing /home/airflow/.local/lib/python3.7/site-packages/airflow/example_dags/example_local_kubernetes_executor.py took 0.247 seconds
[2023-10-27 05:47:38,213] {processor.py:153} INFO - Started process (PID=2227) to work on /home/airflow/.local/lib/python3.7/site-packages/airflow/example_dags/example_local_kubernetes_executor.py
[2023-10-27 05:47:38,214] {processor.py:641} INFO - Processing file /home/airflow/.local/lib/python3.7/site-packages/airflow/example_dags/example_local_kubernetes_executor.py for tasks to queue
[2023-10-27 05:47:38,214] {logging_mixin.py:115} INFO - [2023-10-27 05:47:38,214] {dagbag.py:508} INFO - Filling up the DagBag from /home/airflow/.local/lib/python3.7/site-packages/airflow/example_dags/example_local_kubernetes_executor.py
[2023-10-27 05:47:38,397] {processor.py:651} INFO - DAG(s) dict_keys(['example_local_kubernetes_executor']) retrieved from /home/airflow/.local/lib/python3.7/site-packages/airflow/example_dags/example_local_kubernetes_executor.py
[2023-10-27 05:47:38,419] {logging_mixin.py:115} INFO - [2023-10-27 05:47:38,419] {dag.py:2420} INFO - Sync 1 DAGs
[2023-10-27 05:47:38,442] {logging_mixin.py:115} INFO - [2023-10-27 05:47:38,442] {dag.py:2972} INFO - Setting next_dagrun for example_local_kubernetes_executor to None, run_after=None
[2023-10-27 05:47:38,455] {processor.py:161} INFO - Processing /home/airflow/.local/lib/python3.7/site-packages/airflow/example_dags/example_local_kubernetes_executor.py took 0.246 seconds
[2023-10-27 05:48:08,510] {processor.py:153} INFO - Started process (PID=2287) to work on /home/airflow/.local/lib/python3.7/site-packages/airflow/example_dags/example_local_kubernetes_executor.py
[2023-10-27 05:48:08,511] {processor.py:641} INFO - Processing file /home/airflow/.local/lib/python3.7/site-packages/airflow/example_dags/example_local_kubernetes_executor.py for tasks to queue
[2023-10-27 05:48:08,512] {logging_mixin.py:115} INFO - [2023-10-27 05:48:08,511] {dagbag.py:508} INFO - Filling up the DagBag from /home/airflow/.local/lib/python3.7/site-packages/airflow/example_dags/example_local_kubernetes_executor.py
[2023-10-27 05:48:08,694] {processor.py:651} INFO - DAG(s) dict_keys(['example_local_kubernetes_executor']) retrieved from /home/airflow/.local/lib/python3.7/site-packages/airflow/example_dags/example_local_kubernetes_executor.py
[2023-10-27 05:48:08,716] {logging_mixin.py:115} INFO - [2023-10-27 05:48:08,716] {dag.py:2420} INFO - Sync 1 DAGs
[2023-10-27 05:48:08,739] {logging_mixin.py:115} INFO - [2023-10-27 05:48:08,739] {dag.py:2972} INFO - Setting next_dagrun for example_local_kubernetes_executor to None, run_after=None
[2023-10-27 05:48:08,751] {processor.py:161} INFO - Processing /home/airflow/.local/lib/python3.7/site-packages/airflow/example_dags/example_local_kubernetes_executor.py took 0.245 seconds
[2023-10-27 05:48:38,930] {processor.py:153} INFO - Started process (PID=2340) to work on /home/airflow/.local/lib/python3.7/site-packages/airflow/example_dags/example_local_kubernetes_executor.py
[2023-10-27 05:48:38,930] {processor.py:641} INFO - Processing file /home/airflow/.local/lib/python3.7/site-packages/airflow/example_dags/example_local_kubernetes_executor.py for tasks to queue
[2023-10-27 05:48:38,931] {logging_mixin.py:115} INFO - [2023-10-27 05:48:38,931] {dagbag.py:508} INFO - Filling up the DagBag from /home/airflow/.local/lib/python3.7/site-packages/airflow/example_dags/example_local_kubernetes_executor.py
[2023-10-27 05:48:39,124] {processor.py:651} INFO - DAG(s) dict_keys(['example_local_kubernetes_executor']) retrieved from /home/airflow/.local/lib/python3.7/site-packages/airflow/example_dags/example_local_kubernetes_executor.py
[2023-10-27 05:48:39,146] {logging_mixin.py:115} INFO - [2023-10-27 05:48:39,146] {dag.py:2420} INFO - Sync 1 DAGs
[2023-10-27 05:48:39,169] {logging_mixin.py:115} INFO - [2023-10-27 05:48:39,169] {dag.py:2972} INFO - Setting next_dagrun for example_local_kubernetes_executor to None, run_after=None
[2023-10-27 05:48:39,181] {processor.py:161} INFO - Processing /home/airflow/.local/lib/python3.7/site-packages/airflow/example_dags/example_local_kubernetes_executor.py took 0.258 seconds
[2023-10-27 05:49:09,411] {processor.py:153} INFO - Started process (PID=2402) to work on /home/airflow/.local/lib/python3.7/site-packages/airflow/example_dags/example_local_kubernetes_executor.py
[2023-10-27 05:49:09,412] {processor.py:641} INFO - Processing file /home/airflow/.local/lib/python3.7/site-packages/airflow/example_dags/example_local_kubernetes_executor.py for tasks to queue
[2023-10-27 05:49:09,412] {logging_mixin.py:115} INFO - [2023-10-27 05:49:09,412] {dagbag.py:508} INFO - Filling up the DagBag from /home/airflow/.local/lib/python3.7/site-packages/airflow/example_dags/example_local_kubernetes_executor.py
[2023-10-27 05:49:09,596] {processor.py:651} INFO - DAG(s) dict_keys(['example_local_kubernetes_executor']) retrieved from /home/airflow/.local/lib/python3.7/site-packages/airflow/example_dags/example_local_kubernetes_executor.py
[2023-10-27 05:49:09,620] {logging_mixin.py:115} INFO - [2023-10-27 05:49:09,620] {dag.py:2420} INFO - Sync 1 DAGs
[2023-10-27 05:49:09,645] {logging_mixin.py:115} INFO - [2023-10-27 05:49:09,645] {dag.py:2972} INFO - Setting next_dagrun for example_local_kubernetes_executor to None, run_after=None
[2023-10-27 05:49:09,656] {processor.py:161} INFO - Processing /home/airflow/.local/lib/python3.7/site-packages/airflow/example_dags/example_local_kubernetes_executor.py took 0.249 seconds
[2023-10-27 05:49:40,237] {processor.py:153} INFO - Started process (PID=2454) to work on /home/airflow/.local/lib/python3.7/site-packages/airflow/example_dags/example_local_kubernetes_executor.py
[2023-10-27 05:49:40,237] {processor.py:641} INFO - Processing file /home/airflow/.local/lib/python3.7/site-packages/airflow/example_dags/example_local_kubernetes_executor.py for tasks to queue
[2023-10-27 05:49:40,238] {logging_mixin.py:115} INFO - [2023-10-27 05:49:40,238] {dagbag.py:508} INFO - Filling up the DagBag from /home/airflow/.local/lib/python3.7/site-packages/airflow/example_dags/example_local_kubernetes_executor.py
[2023-10-27 05:49:40,445] {processor.py:651} INFO - DAG(s) dict_keys(['example_local_kubernetes_executor']) retrieved from /home/airflow/.local/lib/python3.7/site-packages/airflow/example_dags/example_local_kubernetes_executor.py
[2023-10-27 05:49:40,471] {logging_mixin.py:115} INFO - [2023-10-27 05:49:40,471] {dag.py:2420} INFO - Sync 1 DAGs
[2023-10-27 05:49:40,499] {logging_mixin.py:115} INFO - [2023-10-27 05:49:40,499] {dag.py:2972} INFO - Setting next_dagrun for example_local_kubernetes_executor to None, run_after=None
[2023-10-27 05:49:40,514] {processor.py:161} INFO - Processing /home/airflow/.local/lib/python3.7/site-packages/airflow/example_dags/example_local_kubernetes_executor.py took 0.281 seconds
[2023-10-27 05:50:10,572] {processor.py:153} INFO - Started process (PID=2517) to work on /home/airflow/.local/lib/python3.7/site-packages/airflow/example_dags/example_local_kubernetes_executor.py
[2023-10-27 05:50:10,573] {processor.py:641} INFO - Processing file /home/airflow/.local/lib/python3.7/site-packages/airflow/example_dags/example_local_kubernetes_executor.py for tasks to queue
[2023-10-27 05:50:10,573] {logging_mixin.py:115} INFO - [2023-10-27 05:50:10,573] {dagbag.py:508} INFO - Filling up the DagBag from /home/airflow/.local/lib/python3.7/site-packages/airflow/example_dags/example_local_kubernetes_executor.py
[2023-10-27 05:50:10,773] {processor.py:651} INFO - DAG(s) dict_keys(['example_local_kubernetes_executor']) retrieved from /home/airflow/.local/lib/python3.7/site-packages/airflow/example_dags/example_local_kubernetes_executor.py
[2023-10-27 05:50:10,799] {logging_mixin.py:115} INFO - [2023-10-27 05:50:10,799] {dag.py:2420} INFO - Sync 1 DAGs
[2023-10-27 05:50:10,827] {logging_mixin.py:115} INFO - [2023-10-27 05:50:10,827] {dag.py:2972} INFO - Setting next_dagrun for example_local_kubernetes_executor to None, run_after=None
[2023-10-27 05:50:10,839] {processor.py:161} INFO - Processing /home/airflow/.local/lib/python3.7/site-packages/airflow/example_dags/example_local_kubernetes_executor.py took 0.271 seconds
[2023-10-27 05:50:41,143] {processor.py:153} INFO - Started process (PID=2578) to work on /home/airflow/.local/lib/python3.7/site-packages/airflow/example_dags/example_local_kubernetes_executor.py
[2023-10-27 05:50:41,144] {processor.py:641} INFO - Processing file /home/airflow/.local/lib/python3.7/site-packages/airflow/example_dags/example_local_kubernetes_executor.py for tasks to queue
[2023-10-27 05:50:41,144] {logging_mixin.py:115} INFO - [2023-10-27 05:50:41,144] {dagbag.py:508} INFO - Filling up the DagBag from /home/airflow/.local/lib/python3.7/site-packages/airflow/example_dags/example_local_kubernetes_executor.py
[2023-10-27 05:50:41,328] {processor.py:651} INFO - DAG(s) dict_keys(['example_local_kubernetes_executor']) retrieved from /home/airflow/.local/lib/python3.7/site-packages/airflow/example_dags/example_local_kubernetes_executor.py
[2023-10-27 05:50:41,351] {logging_mixin.py:115} INFO - [2023-10-27 05:50:41,351] {dag.py:2420} INFO - Sync 1 DAGs
[2023-10-27 05:50:41,374] {logging_mixin.py:115} INFO - [2023-10-27 05:50:41,374] {dag.py:2972} INFO - Setting next_dagrun for example_local_kubernetes_executor to None, run_after=None
[2023-10-27 05:50:41,386] {processor.py:161} INFO - Processing /home/airflow/.local/lib/python3.7/site-packages/airflow/example_dags/example_local_kubernetes_executor.py took 0.247 seconds
[2023-10-27 05:51:11,661] {processor.py:153} INFO - Started process (PID=2629) to work on /home/airflow/.local/lib/python3.7/site-packages/airflow/example_dags/example_local_kubernetes_executor.py
[2023-10-27 05:51:11,662] {processor.py:641} INFO - Processing file /home/airflow/.local/lib/python3.7/site-packages/airflow/example_dags/example_local_kubernetes_executor.py for tasks to queue
[2023-10-27 05:51:11,663] {logging_mixin.py:115} INFO - [2023-10-27 05:51:11,663] {dagbag.py:508} INFO - Filling up the DagBag from /home/airflow/.local/lib/python3.7/site-packages/airflow/example_dags/example_local_kubernetes_executor.py
[2023-10-27 05:51:11,838] {processor.py:651} INFO - DAG(s) dict_keys(['example_local_kubernetes_executor']) retrieved from /home/airflow/.local/lib/python3.7/site-packages/airflow/example_dags/example_local_kubernetes_executor.py
[2023-10-27 05:51:11,859] {logging_mixin.py:115} INFO - [2023-10-27 05:51:11,859] {dag.py:2420} INFO - Sync 1 DAGs
[2023-10-27 05:51:11,882] {logging_mixin.py:115} INFO - [2023-10-27 05:51:11,881] {dag.py:2972} INFO - Setting next_dagrun for example_local_kubernetes_executor to None, run_after=None
[2023-10-27 05:51:11,893] {processor.py:161} INFO - Processing /home/airflow/.local/lib/python3.7/site-packages/airflow/example_dags/example_local_kubernetes_executor.py took 0.236 seconds
[2023-10-27 05:51:42,087] {processor.py:153} INFO - Started process (PID=2690) to work on /home/airflow/.local/lib/python3.7/site-packages/airflow/example_dags/example_local_kubernetes_executor.py
[2023-10-27 05:51:42,088] {processor.py:641} INFO - Processing file /home/airflow/.local/lib/python3.7/site-packages/airflow/example_dags/example_local_kubernetes_executor.py for tasks to queue
[2023-10-27 05:51:42,088] {logging_mixin.py:115} INFO - [2023-10-27 05:51:42,088] {dagbag.py:508} INFO - Filling up the DagBag from /home/airflow/.local/lib/python3.7/site-packages/airflow/example_dags/example_local_kubernetes_executor.py
[2023-10-27 05:51:42,271] {processor.py:651} INFO - DAG(s) dict_keys(['example_local_kubernetes_executor']) retrieved from /home/airflow/.local/lib/python3.7/site-packages/airflow/example_dags/example_local_kubernetes_executor.py
[2023-10-27 05:51:42,293] {logging_mixin.py:115} INFO - [2023-10-27 05:51:42,293] {dag.py:2420} INFO - Sync 1 DAGs
[2023-10-27 05:51:42,314] {logging_mixin.py:115} INFO - [2023-10-27 05:51:42,314] {dag.py:2972} INFO - Setting next_dagrun for example_local_kubernetes_executor to None, run_after=None
[2023-10-27 05:51:42,326] {processor.py:161} INFO - Processing /home/airflow/.local/lib/python3.7/site-packages/airflow/example_dags/example_local_kubernetes_executor.py took 0.243 seconds
[2023-10-27 05:52:12,865] {processor.py:153} INFO - Started process (PID=2744) to work on /home/airflow/.local/lib/python3.7/site-packages/airflow/example_dags/example_local_kubernetes_executor.py
[2023-10-27 05:52:12,865] {processor.py:641} INFO - Processing file /home/airflow/.local/lib/python3.7/site-packages/airflow/example_dags/example_local_kubernetes_executor.py for tasks to queue
[2023-10-27 05:52:12,866] {logging_mixin.py:115} INFO - [2023-10-27 05:52:12,866] {dagbag.py:508} INFO - Filling up the DagBag from /home/airflow/.local/lib/python3.7/site-packages/airflow/example_dags/example_local_kubernetes_executor.py
[2023-10-27 05:52:13,056] {processor.py:651} INFO - DAG(s) dict_keys(['example_local_kubernetes_executor']) retrieved from /home/airflow/.local/lib/python3.7/site-packages/airflow/example_dags/example_local_kubernetes_executor.py
[2023-10-27 05:52:13,079] {logging_mixin.py:115} INFO - [2023-10-27 05:52:13,079] {dag.py:2420} INFO - Sync 1 DAGs
[2023-10-27 05:52:13,100] {logging_mixin.py:115} INFO - [2023-10-27 05:52:13,100] {dag.py:2972} INFO - Setting next_dagrun for example_local_kubernetes_executor to None, run_after=None
[2023-10-27 05:52:13,113] {processor.py:161} INFO - Processing /home/airflow/.local/lib/python3.7/site-packages/airflow/example_dags/example_local_kubernetes_executor.py took 0.252 seconds
[2023-10-27 05:52:43,824] {processor.py:153} INFO - Started process (PID=2805) to work on /home/airflow/.local/lib/python3.7/site-packages/airflow/example_dags/example_local_kubernetes_executor.py
[2023-10-27 05:52:43,825] {processor.py:641} INFO - Processing file /home/airflow/.local/lib/python3.7/site-packages/airflow/example_dags/example_local_kubernetes_executor.py for tasks to queue
[2023-10-27 05:52:43,826] {logging_mixin.py:115} INFO - [2023-10-27 05:52:43,826] {dagbag.py:508} INFO - Filling up the DagBag from /home/airflow/.local/lib/python3.7/site-packages/airflow/example_dags/example_local_kubernetes_executor.py
[2023-10-27 05:52:44,004] {processor.py:651} INFO - DAG(s) dict_keys(['example_local_kubernetes_executor']) retrieved from /home/airflow/.local/lib/python3.7/site-packages/airflow/example_dags/example_local_kubernetes_executor.py
[2023-10-27 05:52:44,027] {logging_mixin.py:115} INFO - [2023-10-27 05:52:44,026] {dag.py:2420} INFO - Sync 1 DAGs
[2023-10-27 05:52:44,048] {logging_mixin.py:115} INFO - [2023-10-27 05:52:44,048] {dag.py:2972} INFO - Setting next_dagrun for example_local_kubernetes_executor to None, run_after=None
[2023-10-27 05:52:44,060] {processor.py:161} INFO - Processing /home/airflow/.local/lib/python3.7/site-packages/airflow/example_dags/example_local_kubernetes_executor.py took 0.240 seconds
[2023-10-27 05:53:14,091] {processor.py:153} INFO - Started process (PID=2866) to work on /home/airflow/.local/lib/python3.7/site-packages/airflow/example_dags/example_local_kubernetes_executor.py
[2023-10-27 05:53:14,091] {processor.py:641} INFO - Processing file /home/airflow/.local/lib/python3.7/site-packages/airflow/example_dags/example_local_kubernetes_executor.py for tasks to queue
[2023-10-27 05:53:14,092] {logging_mixin.py:115} INFO - [2023-10-27 05:53:14,092] {dagbag.py:508} INFO - Filling up the DagBag from /home/airflow/.local/lib/python3.7/site-packages/airflow/example_dags/example_local_kubernetes_executor.py
[2023-10-27 05:53:14,274] {processor.py:651} INFO - DAG(s) dict_keys(['example_local_kubernetes_executor']) retrieved from /home/airflow/.local/lib/python3.7/site-packages/airflow/example_dags/example_local_kubernetes_executor.py
[2023-10-27 05:53:14,296] {logging_mixin.py:115} INFO - [2023-10-27 05:53:14,296] {dag.py:2420} INFO - Sync 1 DAGs
[2023-10-27 05:53:14,318] {logging_mixin.py:115} INFO - [2023-10-27 05:53:14,318] {dag.py:2972} INFO - Setting next_dagrun for example_local_kubernetes_executor to None, run_after=None
[2023-10-27 05:53:14,330] {processor.py:161} INFO - Processing /home/airflow/.local/lib/python3.7/site-packages/airflow/example_dags/example_local_kubernetes_executor.py took 0.243 seconds
[2023-10-27 05:53:44,431] {processor.py:153} INFO - Started process (PID=2918) to work on /home/airflow/.local/lib/python3.7/site-packages/airflow/example_dags/example_local_kubernetes_executor.py
[2023-10-27 05:53:44,432] {processor.py:641} INFO - Processing file /home/airflow/.local/lib/python3.7/site-packages/airflow/example_dags/example_local_kubernetes_executor.py for tasks to queue
[2023-10-27 05:53:44,433] {logging_mixin.py:115} INFO - [2023-10-27 05:53:44,433] {dagbag.py:508} INFO - Filling up the DagBag from /home/airflow/.local/lib/python3.7/site-packages/airflow/example_dags/example_local_kubernetes_executor.py
[2023-10-27 05:53:44,613] {processor.py:651} INFO - DAG(s) dict_keys(['example_local_kubernetes_executor']) retrieved from /home/airflow/.local/lib/python3.7/site-packages/airflow/example_dags/example_local_kubernetes_executor.py
[2023-10-27 05:53:44,635] {logging_mixin.py:115} INFO - [2023-10-27 05:53:44,635] {dag.py:2420} INFO - Sync 1 DAGs
[2023-10-27 05:53:44,658] {logging_mixin.py:115} INFO - [2023-10-27 05:53:44,658] {dag.py:2972} INFO - Setting next_dagrun for example_local_kubernetes_executor to None, run_after=None
[2023-10-27 05:53:44,670] {processor.py:161} INFO - Processing /home/airflow/.local/lib/python3.7/site-packages/airflow/example_dags/example_local_kubernetes_executor.py took 0.243 seconds
