[2023-10-27 05:19:33,334] {processor.py:153} INFO - Started process (PID=53) to work on /home/airflow/.local/lib/python3.7/site-packages/airflow/example_dags/example_sla_dag.py
[2023-10-27 05:19:33,334] {processor.py:641} INFO - Processing file /home/airflow/.local/lib/python3.7/site-packages/airflow/example_dags/example_sla_dag.py for tasks to queue
[2023-10-27 05:19:33,335] {logging_mixin.py:115} INFO - [2023-10-27 05:19:33,335] {dagbag.py:508} INFO - Filling up the DagBag from /home/airflow/.local/lib/python3.7/site-packages/airflow/example_dags/example_sla_dag.py
[2023-10-27 05:19:33,367] {processor.py:651} INFO - DAG(s) dict_keys(['example_sla_dag']) retrieved from /home/airflow/.local/lib/python3.7/site-packages/airflow/example_dags/example_sla_dag.py
[2023-10-27 05:19:33,482] {logging_mixin.py:115} INFO - [2023-10-27 05:19:33,482] {manager.py:508} INFO - Created Permission View: can delete on DAG:example_sla_dag
[2023-10-27 05:19:33,494] {logging_mixin.py:115} INFO - [2023-10-27 05:19:33,494] {manager.py:508} INFO - Created Permission View: can read on DAG:example_sla_dag
[2023-10-27 05:19:33,503] {logging_mixin.py:115} INFO - [2023-10-27 05:19:33,502] {manager.py:508} INFO - Created Permission View: can edit on DAG:example_sla_dag
[2023-10-27 05:19:33,503] {logging_mixin.py:115} INFO - [2023-10-27 05:19:33,503] {dag.py:2420} INFO - Sync 1 DAGs
[2023-10-27 05:19:33,514] {logging_mixin.py:115} INFO - [2023-10-27 05:19:33,514] {dag.py:2439} INFO - Creating ORM DAG for example_sla_dag
[2023-10-27 05:19:33,539] {logging_mixin.py:115} INFO - [2023-10-27 05:19:33,539] {dag.py:2972} INFO - Setting next_dagrun for example_sla_dag to 2023-10-27T05:16:00+00:00, run_after=2023-10-27T05:18:00+00:00
[2023-10-27 05:19:33,553] {processor.py:161} INFO - Processing /home/airflow/.local/lib/python3.7/site-packages/airflow/example_dags/example_sla_dag.py took 0.231 seconds
[2023-10-27 05:20:03,594] {processor.py:153} INFO - Started process (PID=116) to work on /home/airflow/.local/lib/python3.7/site-packages/airflow/example_dags/example_sla_dag.py
[2023-10-27 05:20:03,594] {processor.py:641} INFO - Processing file /home/airflow/.local/lib/python3.7/site-packages/airflow/example_dags/example_sla_dag.py for tasks to queue
[2023-10-27 05:20:03,595] {logging_mixin.py:115} INFO - [2023-10-27 05:20:03,595] {dagbag.py:508} INFO - Filling up the DagBag from /home/airflow/.local/lib/python3.7/site-packages/airflow/example_dags/example_sla_dag.py
[2023-10-27 05:20:03,616] {processor.py:651} INFO - DAG(s) dict_keys(['example_sla_dag']) retrieved from /home/airflow/.local/lib/python3.7/site-packages/airflow/example_dags/example_sla_dag.py
[2023-10-27 05:20:03,646] {logging_mixin.py:115} INFO - [2023-10-27 05:20:03,645] {dag.py:2420} INFO - Sync 1 DAGs
[2023-10-27 05:20:03,675] {logging_mixin.py:115} INFO - [2023-10-27 05:20:03,675] {dag.py:2972} INFO - Setting next_dagrun for example_sla_dag to 2023-10-27T05:18:00+00:00, run_after=2023-10-27T05:20:00+00:00
[2023-10-27 05:20:03,688] {processor.py:161} INFO - Processing /home/airflow/.local/lib/python3.7/site-packages/airflow/example_dags/example_sla_dag.py took 0.098 seconds
[2023-10-27 05:20:33,779] {processor.py:153} INFO - Started process (PID=168) to work on /home/airflow/.local/lib/python3.7/site-packages/airflow/example_dags/example_sla_dag.py
[2023-10-27 05:20:33,780] {processor.py:641} INFO - Processing file /home/airflow/.local/lib/python3.7/site-packages/airflow/example_dags/example_sla_dag.py for tasks to queue
[2023-10-27 05:20:33,781] {logging_mixin.py:115} INFO - [2023-10-27 05:20:33,781] {dagbag.py:508} INFO - Filling up the DagBag from /home/airflow/.local/lib/python3.7/site-packages/airflow/example_dags/example_sla_dag.py
[2023-10-27 05:20:33,802] {processor.py:651} INFO - DAG(s) dict_keys(['example_sla_dag']) retrieved from /home/airflow/.local/lib/python3.7/site-packages/airflow/example_dags/example_sla_dag.py
[2023-10-27 05:20:33,831] {logging_mixin.py:115} INFO - [2023-10-27 05:20:33,831] {dag.py:2420} INFO - Sync 1 DAGs
[2023-10-27 05:20:33,861] {logging_mixin.py:115} INFO - [2023-10-27 05:20:33,861] {dag.py:2972} INFO - Setting next_dagrun for example_sla_dag to 2023-10-27T05:18:00+00:00, run_after=2023-10-27T05:20:00+00:00
[2023-10-27 05:20:33,874] {processor.py:161} INFO - Processing /home/airflow/.local/lib/python3.7/site-packages/airflow/example_dags/example_sla_dag.py took 0.098 seconds
[2023-10-27 05:21:03,997] {processor.py:153} INFO - Started process (PID=229) to work on /home/airflow/.local/lib/python3.7/site-packages/airflow/example_dags/example_sla_dag.py
[2023-10-27 05:21:03,998] {processor.py:641} INFO - Processing file /home/airflow/.local/lib/python3.7/site-packages/airflow/example_dags/example_sla_dag.py for tasks to queue
[2023-10-27 05:21:03,998] {logging_mixin.py:115} INFO - [2023-10-27 05:21:03,998] {dagbag.py:508} INFO - Filling up the DagBag from /home/airflow/.local/lib/python3.7/site-packages/airflow/example_dags/example_sla_dag.py
[2023-10-27 05:21:04,024] {processor.py:651} INFO - DAG(s) dict_keys(['example_sla_dag']) retrieved from /home/airflow/.local/lib/python3.7/site-packages/airflow/example_dags/example_sla_dag.py
[2023-10-27 05:21:04,063] {logging_mixin.py:115} INFO - [2023-10-27 05:21:04,063] {dag.py:2420} INFO - Sync 1 DAGs
[2023-10-27 05:21:04,094] {logging_mixin.py:115} INFO - [2023-10-27 05:21:04,094] {dag.py:2972} INFO - Setting next_dagrun for example_sla_dag to 2023-10-27T05:18:00+00:00, run_after=2023-10-27T05:20:00+00:00
[2023-10-27 05:21:04,108] {processor.py:161} INFO - Processing /home/airflow/.local/lib/python3.7/site-packages/airflow/example_dags/example_sla_dag.py took 0.116 seconds
[2023-10-27 05:21:34,231] {processor.py:153} INFO - Started process (PID=290) to work on /home/airflow/.local/lib/python3.7/site-packages/airflow/example_dags/example_sla_dag.py
[2023-10-27 05:21:34,233] {processor.py:641} INFO - Processing file /home/airflow/.local/lib/python3.7/site-packages/airflow/example_dags/example_sla_dag.py for tasks to queue
[2023-10-27 05:21:34,233] {logging_mixin.py:115} INFO - [2023-10-27 05:21:34,233] {dagbag.py:508} INFO - Filling up the DagBag from /home/airflow/.local/lib/python3.7/site-packages/airflow/example_dags/example_sla_dag.py
[2023-10-27 05:21:34,255] {processor.py:651} INFO - DAG(s) dict_keys(['example_sla_dag']) retrieved from /home/airflow/.local/lib/python3.7/site-packages/airflow/example_dags/example_sla_dag.py
[2023-10-27 05:21:34,286] {logging_mixin.py:115} INFO - [2023-10-27 05:21:34,285] {dag.py:2420} INFO - Sync 1 DAGs
[2023-10-27 05:21:34,315] {logging_mixin.py:115} INFO - [2023-10-27 05:21:34,315] {dag.py:2972} INFO - Setting next_dagrun for example_sla_dag to 2023-10-27T05:18:00+00:00, run_after=2023-10-27T05:20:00+00:00
[2023-10-27 05:21:34,327] {processor.py:161} INFO - Processing /home/airflow/.local/lib/python3.7/site-packages/airflow/example_dags/example_sla_dag.py took 0.100 seconds
[2023-10-27 05:22:04,386] {processor.py:153} INFO - Started process (PID=343) to work on /home/airflow/.local/lib/python3.7/site-packages/airflow/example_dags/example_sla_dag.py
[2023-10-27 05:22:04,386] {processor.py:641} INFO - Processing file /home/airflow/.local/lib/python3.7/site-packages/airflow/example_dags/example_sla_dag.py for tasks to queue
[2023-10-27 05:22:04,387] {logging_mixin.py:115} INFO - [2023-10-27 05:22:04,387] {dagbag.py:508} INFO - Filling up the DagBag from /home/airflow/.local/lib/python3.7/site-packages/airflow/example_dags/example_sla_dag.py
[2023-10-27 05:22:04,408] {processor.py:651} INFO - DAG(s) dict_keys(['example_sla_dag']) retrieved from /home/airflow/.local/lib/python3.7/site-packages/airflow/example_dags/example_sla_dag.py
[2023-10-27 05:22:04,439] {logging_mixin.py:115} INFO - [2023-10-27 05:22:04,439] {dag.py:2420} INFO - Sync 1 DAGs
[2023-10-27 05:22:04,469] {logging_mixin.py:115} INFO - [2023-10-27 05:22:04,469] {dag.py:2972} INFO - Setting next_dagrun for example_sla_dag to 2023-10-27T05:20:00+00:00, run_after=2023-10-27T05:22:00+00:00
[2023-10-27 05:22:04,483] {processor.py:161} INFO - Processing /home/airflow/.local/lib/python3.7/site-packages/airflow/example_dags/example_sla_dag.py took 0.101 seconds
[2023-10-27 05:22:34,598] {processor.py:153} INFO - Started process (PID=395) to work on /home/airflow/.local/lib/python3.7/site-packages/airflow/example_dags/example_sla_dag.py
[2023-10-27 05:22:34,599] {processor.py:641} INFO - Processing file /home/airflow/.local/lib/python3.7/site-packages/airflow/example_dags/example_sla_dag.py for tasks to queue
[2023-10-27 05:22:34,600] {logging_mixin.py:115} INFO - [2023-10-27 05:22:34,600] {dagbag.py:508} INFO - Filling up the DagBag from /home/airflow/.local/lib/python3.7/site-packages/airflow/example_dags/example_sla_dag.py
[2023-10-27 05:22:34,622] {processor.py:651} INFO - DAG(s) dict_keys(['example_sla_dag']) retrieved from /home/airflow/.local/lib/python3.7/site-packages/airflow/example_dags/example_sla_dag.py
[2023-10-27 05:22:34,651] {logging_mixin.py:115} INFO - [2023-10-27 05:22:34,651] {dag.py:2420} INFO - Sync 1 DAGs
[2023-10-27 05:22:34,682] {logging_mixin.py:115} INFO - [2023-10-27 05:22:34,681] {dag.py:2972} INFO - Setting next_dagrun for example_sla_dag to 2023-10-27T05:20:00+00:00, run_after=2023-10-27T05:22:00+00:00
[2023-10-27 05:22:34,694] {processor.py:161} INFO - Processing /home/airflow/.local/lib/python3.7/site-packages/airflow/example_dags/example_sla_dag.py took 0.100 seconds
[2023-10-27 05:23:04,762] {processor.py:153} INFO - Started process (PID=455) to work on /home/airflow/.local/lib/python3.7/site-packages/airflow/example_dags/example_sla_dag.py
[2023-10-27 05:23:04,762] {processor.py:641} INFO - Processing file /home/airflow/.local/lib/python3.7/site-packages/airflow/example_dags/example_sla_dag.py for tasks to queue
[2023-10-27 05:23:04,763] {logging_mixin.py:115} INFO - [2023-10-27 05:23:04,763] {dagbag.py:508} INFO - Filling up the DagBag from /home/airflow/.local/lib/python3.7/site-packages/airflow/example_dags/example_sla_dag.py
[2023-10-27 05:23:04,784] {processor.py:651} INFO - DAG(s) dict_keys(['example_sla_dag']) retrieved from /home/airflow/.local/lib/python3.7/site-packages/airflow/example_dags/example_sla_dag.py
[2023-10-27 05:23:04,814] {logging_mixin.py:115} INFO - [2023-10-27 05:23:04,813] {dag.py:2420} INFO - Sync 1 DAGs
[2023-10-27 05:23:04,844] {logging_mixin.py:115} INFO - [2023-10-27 05:23:04,844] {dag.py:2972} INFO - Setting next_dagrun for example_sla_dag to 2023-10-27T05:20:00+00:00, run_after=2023-10-27T05:22:00+00:00
[2023-10-27 05:23:04,856] {processor.py:161} INFO - Processing /home/airflow/.local/lib/python3.7/site-packages/airflow/example_dags/example_sla_dag.py took 0.099 seconds
[2023-10-27 05:23:34,999] {processor.py:153} INFO - Started process (PID=514) to work on /home/airflow/.local/lib/python3.7/site-packages/airflow/example_dags/example_sla_dag.py
[2023-10-27 05:23:35,000] {processor.py:641} INFO - Processing file /home/airflow/.local/lib/python3.7/site-packages/airflow/example_dags/example_sla_dag.py for tasks to queue
[2023-10-27 05:23:35,001] {logging_mixin.py:115} INFO - [2023-10-27 05:23:35,001] {dagbag.py:508} INFO - Filling up the DagBag from /home/airflow/.local/lib/python3.7/site-packages/airflow/example_dags/example_sla_dag.py
[2023-10-27 05:23:35,023] {processor.py:651} INFO - DAG(s) dict_keys(['example_sla_dag']) retrieved from /home/airflow/.local/lib/python3.7/site-packages/airflow/example_dags/example_sla_dag.py
[2023-10-27 05:23:35,054] {logging_mixin.py:115} INFO - [2023-10-27 05:23:35,054] {dag.py:2420} INFO - Sync 1 DAGs
[2023-10-27 05:23:35,086] {logging_mixin.py:115} INFO - [2023-10-27 05:23:35,086] {dag.py:2972} INFO - Setting next_dagrun for example_sla_dag to 2023-10-27T05:20:00+00:00, run_after=2023-10-27T05:22:00+00:00
[2023-10-27 05:23:35,099] {processor.py:161} INFO - Processing /home/airflow/.local/lib/python3.7/site-packages/airflow/example_dags/example_sla_dag.py took 0.104 seconds
[2023-10-27 05:24:59,060] {processor.py:153} INFO - Started process (PID=53) to work on /home/airflow/.local/lib/python3.7/site-packages/airflow/example_dags/example_sla_dag.py
[2023-10-27 05:24:59,065] {processor.py:641} INFO - Processing file /home/airflow/.local/lib/python3.7/site-packages/airflow/example_dags/example_sla_dag.py for tasks to queue
[2023-10-27 05:24:59,066] {logging_mixin.py:115} INFO - [2023-10-27 05:24:59,066] {dagbag.py:508} INFO - Filling up the DagBag from /home/airflow/.local/lib/python3.7/site-packages/airflow/example_dags/example_sla_dag.py
[2023-10-27 05:24:59,142] {processor.py:651} INFO - DAG(s) dict_keys(['example_sla_dag']) retrieved from /home/airflow/.local/lib/python3.7/site-packages/airflow/example_dags/example_sla_dag.py
[2023-10-27 05:24:59,521] {logging_mixin.py:115} INFO - [2023-10-27 05:24:59,521] {dag.py:2420} INFO - Sync 1 DAGs
[2023-10-27 05:24:59,577] {logging_mixin.py:115} INFO - [2023-10-27 05:24:59,577] {dag.py:2972} INFO - Setting next_dagrun for example_sla_dag to 2023-10-27T05:22:00+00:00, run_after=2023-10-27T05:24:00+00:00
[2023-10-27 05:24:59,600] {processor.py:161} INFO - Processing /home/airflow/.local/lib/python3.7/site-packages/airflow/example_dags/example_sla_dag.py took 0.572 seconds
[2023-10-27 05:25:29,853] {processor.py:153} INFO - Started process (PID=105) to work on /home/airflow/.local/lib/python3.7/site-packages/airflow/example_dags/example_sla_dag.py
[2023-10-27 05:25:29,854] {processor.py:641} INFO - Processing file /home/airflow/.local/lib/python3.7/site-packages/airflow/example_dags/example_sla_dag.py for tasks to queue
[2023-10-27 05:25:29,855] {logging_mixin.py:115} INFO - [2023-10-27 05:25:29,854] {dagbag.py:508} INFO - Filling up the DagBag from /home/airflow/.local/lib/python3.7/site-packages/airflow/example_dags/example_sla_dag.py
[2023-10-27 05:25:29,875] {processor.py:651} INFO - DAG(s) dict_keys(['example_sla_dag']) retrieved from /home/airflow/.local/lib/python3.7/site-packages/airflow/example_dags/example_sla_dag.py
[2023-10-27 05:25:30,063] {logging_mixin.py:115} INFO - [2023-10-27 05:25:30,063] {dag.py:2420} INFO - Sync 1 DAGs
[2023-10-27 05:25:30,090] {logging_mixin.py:115} INFO - [2023-10-27 05:25:30,090] {dag.py:2972} INFO - Setting next_dagrun for example_sla_dag to 2023-10-27T05:22:00+00:00, run_after=2023-10-27T05:24:00+00:00
[2023-10-27 05:25:30,102] {processor.py:161} INFO - Processing /home/airflow/.local/lib/python3.7/site-packages/airflow/example_dags/example_sla_dag.py took 0.253 seconds
[2023-10-27 05:26:00,729] {processor.py:153} INFO - Started process (PID=166) to work on /home/airflow/.local/lib/python3.7/site-packages/airflow/example_dags/example_sla_dag.py
[2023-10-27 05:26:00,729] {processor.py:641} INFO - Processing file /home/airflow/.local/lib/python3.7/site-packages/airflow/example_dags/example_sla_dag.py for tasks to queue
[2023-10-27 05:26:00,730] {logging_mixin.py:115} INFO - [2023-10-27 05:26:00,730] {dagbag.py:508} INFO - Filling up the DagBag from /home/airflow/.local/lib/python3.7/site-packages/airflow/example_dags/example_sla_dag.py
[2023-10-27 05:26:00,750] {processor.py:651} INFO - DAG(s) dict_keys(['example_sla_dag']) retrieved from /home/airflow/.local/lib/python3.7/site-packages/airflow/example_dags/example_sla_dag.py
[2023-10-27 05:26:00,938] {logging_mixin.py:115} INFO - [2023-10-27 05:26:00,938] {dag.py:2420} INFO - Sync 1 DAGs
[2023-10-27 05:26:00,964] {logging_mixin.py:115} INFO - [2023-10-27 05:26:00,964] {dag.py:2972} INFO - Setting next_dagrun for example_sla_dag to 2023-10-27T05:24:00+00:00, run_after=2023-10-27T05:26:00+00:00
[2023-10-27 05:26:00,976] {processor.py:161} INFO - Processing /home/airflow/.local/lib/python3.7/site-packages/airflow/example_dags/example_sla_dag.py took 0.252 seconds
[2023-10-27 05:26:31,011] {processor.py:153} INFO - Started process (PID=216) to work on /home/airflow/.local/lib/python3.7/site-packages/airflow/example_dags/example_sla_dag.py
[2023-10-27 05:26:31,011] {processor.py:641} INFO - Processing file /home/airflow/.local/lib/python3.7/site-packages/airflow/example_dags/example_sla_dag.py for tasks to queue
[2023-10-27 05:26:31,012] {logging_mixin.py:115} INFO - [2023-10-27 05:26:31,012] {dagbag.py:508} INFO - Filling up the DagBag from /home/airflow/.local/lib/python3.7/site-packages/airflow/example_dags/example_sla_dag.py
[2023-10-27 05:26:31,033] {processor.py:651} INFO - DAG(s) dict_keys(['example_sla_dag']) retrieved from /home/airflow/.local/lib/python3.7/site-packages/airflow/example_dags/example_sla_dag.py
[2023-10-27 05:26:31,219] {logging_mixin.py:115} INFO - [2023-10-27 05:26:31,219] {dag.py:2420} INFO - Sync 1 DAGs
[2023-10-27 05:26:31,245] {logging_mixin.py:115} INFO - [2023-10-27 05:26:31,244] {dag.py:2972} INFO - Setting next_dagrun for example_sla_dag to 2023-10-27T05:24:00+00:00, run_after=2023-10-27T05:26:00+00:00
[2023-10-27 05:26:31,256] {processor.py:161} INFO - Processing /home/airflow/.local/lib/python3.7/site-packages/airflow/example_dags/example_sla_dag.py took 0.250 seconds
[2023-10-27 05:27:01,605] {processor.py:153} INFO - Started process (PID=277) to work on /home/airflow/.local/lib/python3.7/site-packages/airflow/example_dags/example_sla_dag.py
[2023-10-27 05:27:01,606] {processor.py:641} INFO - Processing file /home/airflow/.local/lib/python3.7/site-packages/airflow/example_dags/example_sla_dag.py for tasks to queue
[2023-10-27 05:27:01,607] {logging_mixin.py:115} INFO - [2023-10-27 05:27:01,607] {dagbag.py:508} INFO - Filling up the DagBag from /home/airflow/.local/lib/python3.7/site-packages/airflow/example_dags/example_sla_dag.py
[2023-10-27 05:27:01,628] {processor.py:651} INFO - DAG(s) dict_keys(['example_sla_dag']) retrieved from /home/airflow/.local/lib/python3.7/site-packages/airflow/example_dags/example_sla_dag.py
[2023-10-27 05:27:01,814] {logging_mixin.py:115} INFO - [2023-10-27 05:27:01,814] {dag.py:2420} INFO - Sync 1 DAGs
[2023-10-27 05:27:01,840] {logging_mixin.py:115} INFO - [2023-10-27 05:27:01,840] {dag.py:2972} INFO - Setting next_dagrun for example_sla_dag to 2023-10-27T05:24:00+00:00, run_after=2023-10-27T05:26:00+00:00
[2023-10-27 05:27:01,852] {processor.py:161} INFO - Processing /home/airflow/.local/lib/python3.7/site-packages/airflow/example_dags/example_sla_dag.py took 0.251 seconds
[2023-10-27 05:28:14,757] {processor.py:153} INFO - Started process (PID=51) to work on /home/airflow/.local/lib/python3.7/site-packages/airflow/example_dags/example_sla_dag.py
[2023-10-27 05:28:14,758] {processor.py:641} INFO - Processing file /home/airflow/.local/lib/python3.7/site-packages/airflow/example_dags/example_sla_dag.py for tasks to queue
[2023-10-27 05:28:14,759] {logging_mixin.py:115} INFO - [2023-10-27 05:28:14,759] {dagbag.py:508} INFO - Filling up the DagBag from /home/airflow/.local/lib/python3.7/site-packages/airflow/example_dags/example_sla_dag.py
[2023-10-27 05:28:14,786] {processor.py:651} INFO - DAG(s) dict_keys(['example_sla_dag']) retrieved from /home/airflow/.local/lib/python3.7/site-packages/airflow/example_dags/example_sla_dag.py
[2023-10-27 05:28:15,288] {logging_mixin.py:115} INFO - [2023-10-27 05:28:15,288] {dag.py:2420} INFO - Sync 1 DAGs
[2023-10-27 05:28:15,383] {logging_mixin.py:115} INFO - [2023-10-27 05:28:15,383] {dag.py:2972} INFO - Setting next_dagrun for example_sla_dag to 2023-10-27T05:26:00+00:00, run_after=2023-10-27T05:28:00+00:00
[2023-10-27 05:28:15,416] {processor.py:161} INFO - Processing /home/airflow/.local/lib/python3.7/site-packages/airflow/example_dags/example_sla_dag.py took 0.664 seconds
[2023-10-27 05:28:50,100] {processor.py:153} INFO - Started process (PID=106) to work on /home/airflow/.local/lib/python3.7/site-packages/airflow/example_dags/example_sla_dag.py
[2023-10-27 05:28:50,101] {processor.py:641} INFO - Processing file /home/airflow/.local/lib/python3.7/site-packages/airflow/example_dags/example_sla_dag.py for tasks to queue
[2023-10-27 05:28:50,102] {logging_mixin.py:115} INFO - [2023-10-27 05:28:50,102] {dagbag.py:508} INFO - Filling up the DagBag from /home/airflow/.local/lib/python3.7/site-packages/airflow/example_dags/example_sla_dag.py
[2023-10-27 05:28:50,126] {processor.py:651} INFO - DAG(s) dict_keys(['example_sla_dag']) retrieved from /home/airflow/.local/lib/python3.7/site-packages/airflow/example_dags/example_sla_dag.py
[2023-10-27 05:28:50,330] {logging_mixin.py:115} INFO - [2023-10-27 05:28:50,330] {dag.py:2420} INFO - Sync 1 DAGs
[2023-10-27 05:28:50,365] {logging_mixin.py:115} INFO - [2023-10-27 05:28:50,365] {dag.py:2972} INFO - Setting next_dagrun for example_sla_dag to 2023-10-27T05:26:00+00:00, run_after=2023-10-27T05:28:00+00:00
[2023-10-27 05:28:50,377] {processor.py:161} INFO - Processing /home/airflow/.local/lib/python3.7/site-packages/airflow/example_dags/example_sla_dag.py took 0.282 seconds
[2023-10-27 05:29:20,470] {processor.py:153} INFO - Started process (PID=167) to work on /home/airflow/.local/lib/python3.7/site-packages/airflow/example_dags/example_sla_dag.py
[2023-10-27 05:29:20,471] {processor.py:641} INFO - Processing file /home/airflow/.local/lib/python3.7/site-packages/airflow/example_dags/example_sla_dag.py for tasks to queue
[2023-10-27 05:29:20,472] {logging_mixin.py:115} INFO - [2023-10-27 05:29:20,472] {dagbag.py:508} INFO - Filling up the DagBag from /home/airflow/.local/lib/python3.7/site-packages/airflow/example_dags/example_sla_dag.py
[2023-10-27 05:29:20,493] {processor.py:651} INFO - DAG(s) dict_keys(['example_sla_dag']) retrieved from /home/airflow/.local/lib/python3.7/site-packages/airflow/example_dags/example_sla_dag.py
[2023-10-27 05:29:20,681] {logging_mixin.py:115} INFO - [2023-10-27 05:29:20,681] {dag.py:2420} INFO - Sync 1 DAGs
[2023-10-27 05:29:20,708] {logging_mixin.py:115} INFO - [2023-10-27 05:29:20,708] {dag.py:2972} INFO - Setting next_dagrun for example_sla_dag to 2023-10-27T05:26:00+00:00, run_after=2023-10-27T05:28:00+00:00
[2023-10-27 05:29:20,721] {processor.py:161} INFO - Processing /home/airflow/.local/lib/python3.7/site-packages/airflow/example_dags/example_sla_dag.py took 0.255 seconds
[2023-10-27 05:29:50,992] {processor.py:153} INFO - Started process (PID=228) to work on /home/airflow/.local/lib/python3.7/site-packages/airflow/example_dags/example_sla_dag.py
[2023-10-27 05:29:50,993] {processor.py:641} INFO - Processing file /home/airflow/.local/lib/python3.7/site-packages/airflow/example_dags/example_sla_dag.py for tasks to queue
[2023-10-27 05:29:50,994] {logging_mixin.py:115} INFO - [2023-10-27 05:29:50,994] {dagbag.py:508} INFO - Filling up the DagBag from /home/airflow/.local/lib/python3.7/site-packages/airflow/example_dags/example_sla_dag.py
[2023-10-27 05:29:51,018] {processor.py:651} INFO - DAG(s) dict_keys(['example_sla_dag']) retrieved from /home/airflow/.local/lib/python3.7/site-packages/airflow/example_dags/example_sla_dag.py
[2023-10-27 05:29:51,214] {logging_mixin.py:115} INFO - [2023-10-27 05:29:51,214] {dag.py:2420} INFO - Sync 1 DAGs
[2023-10-27 05:29:51,244] {logging_mixin.py:115} INFO - [2023-10-27 05:29:51,244] {dag.py:2972} INFO - Setting next_dagrun for example_sla_dag to 2023-10-27T05:26:00+00:00, run_after=2023-10-27T05:28:00+00:00
[2023-10-27 05:29:51,256] {processor.py:161} INFO - Processing /home/airflow/.local/lib/python3.7/site-packages/airflow/example_dags/example_sla_dag.py took 0.268 seconds
[2023-10-27 05:30:21,405] {processor.py:153} INFO - Started process (PID=279) to work on /home/airflow/.local/lib/python3.7/site-packages/airflow/example_dags/example_sla_dag.py
[2023-10-27 05:30:21,406] {processor.py:641} INFO - Processing file /home/airflow/.local/lib/python3.7/site-packages/airflow/example_dags/example_sla_dag.py for tasks to queue
[2023-10-27 05:30:21,406] {logging_mixin.py:115} INFO - [2023-10-27 05:30:21,406] {dagbag.py:508} INFO - Filling up the DagBag from /home/airflow/.local/lib/python3.7/site-packages/airflow/example_dags/example_sla_dag.py
[2023-10-27 05:30:21,426] {processor.py:651} INFO - DAG(s) dict_keys(['example_sla_dag']) retrieved from /home/airflow/.local/lib/python3.7/site-packages/airflow/example_dags/example_sla_dag.py
[2023-10-27 05:30:21,609] {logging_mixin.py:115} INFO - [2023-10-27 05:30:21,609] {dag.py:2420} INFO - Sync 1 DAGs
[2023-10-27 05:30:21,636] {logging_mixin.py:115} INFO - [2023-10-27 05:30:21,636] {dag.py:2972} INFO - Setting next_dagrun for example_sla_dag to 2023-10-27T05:28:00+00:00, run_after=2023-10-27T05:30:00+00:00
[2023-10-27 05:30:21,648] {processor.py:161} INFO - Processing /home/airflow/.local/lib/python3.7/site-packages/airflow/example_dags/example_sla_dag.py took 0.247 seconds
[2023-10-27 05:30:51,670] {processor.py:153} INFO - Started process (PID=340) to work on /home/airflow/.local/lib/python3.7/site-packages/airflow/example_dags/example_sla_dag.py
[2023-10-27 05:30:51,671] {processor.py:641} INFO - Processing file /home/airflow/.local/lib/python3.7/site-packages/airflow/example_dags/example_sla_dag.py for tasks to queue
[2023-10-27 05:30:51,672] {logging_mixin.py:115} INFO - [2023-10-27 05:30:51,671] {dagbag.py:508} INFO - Filling up the DagBag from /home/airflow/.local/lib/python3.7/site-packages/airflow/example_dags/example_sla_dag.py
[2023-10-27 05:30:51,692] {processor.py:651} INFO - DAG(s) dict_keys(['example_sla_dag']) retrieved from /home/airflow/.local/lib/python3.7/site-packages/airflow/example_dags/example_sla_dag.py
[2023-10-27 05:30:51,878] {logging_mixin.py:115} INFO - [2023-10-27 05:30:51,878] {dag.py:2420} INFO - Sync 1 DAGs
[2023-10-27 05:30:51,905] {logging_mixin.py:115} INFO - [2023-10-27 05:30:51,904] {dag.py:2972} INFO - Setting next_dagrun for example_sla_dag to 2023-10-27T05:28:00+00:00, run_after=2023-10-27T05:30:00+00:00
[2023-10-27 05:30:51,916] {processor.py:161} INFO - Processing /home/airflow/.local/lib/python3.7/site-packages/airflow/example_dags/example_sla_dag.py took 0.250 seconds
[2023-10-27 05:31:22,016] {processor.py:153} INFO - Started process (PID=393) to work on /home/airflow/.local/lib/python3.7/site-packages/airflow/example_dags/example_sla_dag.py
[2023-10-27 05:31:22,016] {processor.py:641} INFO - Processing file /home/airflow/.local/lib/python3.7/site-packages/airflow/example_dags/example_sla_dag.py for tasks to queue
[2023-10-27 05:31:22,017] {logging_mixin.py:115} INFO - [2023-10-27 05:31:22,017] {dagbag.py:508} INFO - Filling up the DagBag from /home/airflow/.local/lib/python3.7/site-packages/airflow/example_dags/example_sla_dag.py
[2023-10-27 05:31:22,038] {processor.py:651} INFO - DAG(s) dict_keys(['example_sla_dag']) retrieved from /home/airflow/.local/lib/python3.7/site-packages/airflow/example_dags/example_sla_dag.py
[2023-10-27 05:31:22,222] {logging_mixin.py:115} INFO - [2023-10-27 05:31:22,222] {dag.py:2420} INFO - Sync 1 DAGs
[2023-10-27 05:31:22,248] {logging_mixin.py:115} INFO - [2023-10-27 05:31:22,248] {dag.py:2972} INFO - Setting next_dagrun for example_sla_dag to 2023-10-27T05:28:00+00:00, run_after=2023-10-27T05:30:00+00:00
[2023-10-27 05:31:22,259] {processor.py:161} INFO - Processing /home/airflow/.local/lib/python3.7/site-packages/airflow/example_dags/example_sla_dag.py took 0.248 seconds
[2023-10-27 05:31:52,334] {processor.py:153} INFO - Started process (PID=454) to work on /home/airflow/.local/lib/python3.7/site-packages/airflow/example_dags/example_sla_dag.py
[2023-10-27 05:31:52,335] {processor.py:641} INFO - Processing file /home/airflow/.local/lib/python3.7/site-packages/airflow/example_dags/example_sla_dag.py for tasks to queue
[2023-10-27 05:31:52,336] {logging_mixin.py:115} INFO - [2023-10-27 05:31:52,336] {dagbag.py:508} INFO - Filling up the DagBag from /home/airflow/.local/lib/python3.7/site-packages/airflow/example_dags/example_sla_dag.py
[2023-10-27 05:31:52,356] {processor.py:651} INFO - DAG(s) dict_keys(['example_sla_dag']) retrieved from /home/airflow/.local/lib/python3.7/site-packages/airflow/example_dags/example_sla_dag.py
[2023-10-27 05:31:52,539] {logging_mixin.py:115} INFO - [2023-10-27 05:31:52,539] {dag.py:2420} INFO - Sync 1 DAGs
[2023-10-27 05:31:52,564] {logging_mixin.py:115} INFO - [2023-10-27 05:31:52,564] {dag.py:2972} INFO - Setting next_dagrun for example_sla_dag to 2023-10-27T05:28:00+00:00, run_after=2023-10-27T05:30:00+00:00
[2023-10-27 05:31:52,575] {processor.py:161} INFO - Processing /home/airflow/.local/lib/python3.7/site-packages/airflow/example_dags/example_sla_dag.py took 0.245 seconds
[2023-10-27 05:32:22,665] {processor.py:153} INFO - Started process (PID=515) to work on /home/airflow/.local/lib/python3.7/site-packages/airflow/example_dags/example_sla_dag.py
[2023-10-27 05:32:22,665] {processor.py:641} INFO - Processing file /home/airflow/.local/lib/python3.7/site-packages/airflow/example_dags/example_sla_dag.py for tasks to queue
[2023-10-27 05:32:22,666] {logging_mixin.py:115} INFO - [2023-10-27 05:32:22,666] {dagbag.py:508} INFO - Filling up the DagBag from /home/airflow/.local/lib/python3.7/site-packages/airflow/example_dags/example_sla_dag.py
[2023-10-27 05:32:22,687] {processor.py:651} INFO - DAG(s) dict_keys(['example_sla_dag']) retrieved from /home/airflow/.local/lib/python3.7/site-packages/airflow/example_dags/example_sla_dag.py
[2023-10-27 05:32:22,882] {logging_mixin.py:115} INFO - [2023-10-27 05:32:22,882] {dag.py:2420} INFO - Sync 1 DAGs
[2023-10-27 05:32:22,909] {logging_mixin.py:115} INFO - [2023-10-27 05:32:22,909] {dag.py:2972} INFO - Setting next_dagrun for example_sla_dag to 2023-10-27T05:30:00+00:00, run_after=2023-10-27T05:32:00+00:00
[2023-10-27 05:32:22,922] {processor.py:161} INFO - Processing /home/airflow/.local/lib/python3.7/site-packages/airflow/example_dags/example_sla_dag.py took 0.262 seconds
[2023-10-27 05:32:53,221] {processor.py:153} INFO - Started process (PID=567) to work on /home/airflow/.local/lib/python3.7/site-packages/airflow/example_dags/example_sla_dag.py
[2023-10-27 05:32:53,222] {processor.py:641} INFO - Processing file /home/airflow/.local/lib/python3.7/site-packages/airflow/example_dags/example_sla_dag.py for tasks to queue
[2023-10-27 05:32:53,222] {logging_mixin.py:115} INFO - [2023-10-27 05:32:53,222] {dagbag.py:508} INFO - Filling up the DagBag from /home/airflow/.local/lib/python3.7/site-packages/airflow/example_dags/example_sla_dag.py
[2023-10-27 05:32:53,243] {processor.py:651} INFO - DAG(s) dict_keys(['example_sla_dag']) retrieved from /home/airflow/.local/lib/python3.7/site-packages/airflow/example_dags/example_sla_dag.py
[2023-10-27 05:32:53,426] {logging_mixin.py:115} INFO - [2023-10-27 05:32:53,426] {dag.py:2420} INFO - Sync 1 DAGs
[2023-10-27 05:32:53,453] {logging_mixin.py:115} INFO - [2023-10-27 05:32:53,452] {dag.py:2972} INFO - Setting next_dagrun for example_sla_dag to 2023-10-27T05:30:00+00:00, run_after=2023-10-27T05:32:00+00:00
[2023-10-27 05:32:53,464] {processor.py:161} INFO - Processing /home/airflow/.local/lib/python3.7/site-packages/airflow/example_dags/example_sla_dag.py took 0.248 seconds
[2023-10-27 05:33:24,205] {processor.py:153} INFO - Started process (PID=628) to work on /home/airflow/.local/lib/python3.7/site-packages/airflow/example_dags/example_sla_dag.py
[2023-10-27 05:33:24,205] {processor.py:641} INFO - Processing file /home/airflow/.local/lib/python3.7/site-packages/airflow/example_dags/example_sla_dag.py for tasks to queue
[2023-10-27 05:33:24,206] {logging_mixin.py:115} INFO - [2023-10-27 05:33:24,206] {dagbag.py:508} INFO - Filling up the DagBag from /home/airflow/.local/lib/python3.7/site-packages/airflow/example_dags/example_sla_dag.py
[2023-10-27 05:33:24,231] {processor.py:651} INFO - DAG(s) dict_keys(['example_sla_dag']) retrieved from /home/airflow/.local/lib/python3.7/site-packages/airflow/example_dags/example_sla_dag.py
[2023-10-27 05:33:24,418] {logging_mixin.py:115} INFO - [2023-10-27 05:33:24,418] {dag.py:2420} INFO - Sync 1 DAGs
[2023-10-27 05:33:24,447] {logging_mixin.py:115} INFO - [2023-10-27 05:33:24,447] {dag.py:2972} INFO - Setting next_dagrun for example_sla_dag to 2023-10-27T05:30:00+00:00, run_after=2023-10-27T05:32:00+00:00
[2023-10-27 05:33:24,459] {processor.py:161} INFO - Processing /home/airflow/.local/lib/python3.7/site-packages/airflow/example_dags/example_sla_dag.py took 0.258 seconds
[2023-10-27 05:33:55,225] {processor.py:153} INFO - Started process (PID=680) to work on /home/airflow/.local/lib/python3.7/site-packages/airflow/example_dags/example_sla_dag.py
[2023-10-27 05:33:55,226] {processor.py:641} INFO - Processing file /home/airflow/.local/lib/python3.7/site-packages/airflow/example_dags/example_sla_dag.py for tasks to queue
[2023-10-27 05:33:55,227] {logging_mixin.py:115} INFO - [2023-10-27 05:33:55,226] {dagbag.py:508} INFO - Filling up the DagBag from /home/airflow/.local/lib/python3.7/site-packages/airflow/example_dags/example_sla_dag.py
[2023-10-27 05:33:55,252] {processor.py:651} INFO - DAG(s) dict_keys(['example_sla_dag']) retrieved from /home/airflow/.local/lib/python3.7/site-packages/airflow/example_dags/example_sla_dag.py
[2023-10-27 05:33:55,435] {logging_mixin.py:115} INFO - [2023-10-27 05:33:55,435] {dag.py:2420} INFO - Sync 1 DAGs
[2023-10-27 05:33:55,462] {logging_mixin.py:115} INFO - [2023-10-27 05:33:55,461] {dag.py:2972} INFO - Setting next_dagrun for example_sla_dag to 2023-10-27T05:30:00+00:00, run_after=2023-10-27T05:32:00+00:00
[2023-10-27 05:33:55,473] {processor.py:161} INFO - Processing /home/airflow/.local/lib/python3.7/site-packages/airflow/example_dags/example_sla_dag.py took 0.252 seconds
[2023-10-27 05:34:25,525] {processor.py:153} INFO - Started process (PID=740) to work on /home/airflow/.local/lib/python3.7/site-packages/airflow/example_dags/example_sla_dag.py
[2023-10-27 05:34:25,526] {processor.py:641} INFO - Processing file /home/airflow/.local/lib/python3.7/site-packages/airflow/example_dags/example_sla_dag.py for tasks to queue
[2023-10-27 05:34:25,527] {logging_mixin.py:115} INFO - [2023-10-27 05:34:25,526] {dagbag.py:508} INFO - Filling up the DagBag from /home/airflow/.local/lib/python3.7/site-packages/airflow/example_dags/example_sla_dag.py
[2023-10-27 05:34:25,552] {processor.py:651} INFO - DAG(s) dict_keys(['example_sla_dag']) retrieved from /home/airflow/.local/lib/python3.7/site-packages/airflow/example_dags/example_sla_dag.py
[2023-10-27 05:34:25,753] {logging_mixin.py:115} INFO - [2023-10-27 05:34:25,753] {dag.py:2420} INFO - Sync 1 DAGs
[2023-10-27 05:34:25,786] {logging_mixin.py:115} INFO - [2023-10-27 05:34:25,786] {dag.py:2972} INFO - Setting next_dagrun for example_sla_dag to 2023-10-27T05:32:00+00:00, run_after=2023-10-27T05:34:00+00:00
[2023-10-27 05:34:25,798] {processor.py:161} INFO - Processing /home/airflow/.local/lib/python3.7/site-packages/airflow/example_dags/example_sla_dag.py took 0.277 seconds
[2023-10-27 05:34:56,168] {processor.py:153} INFO - Started process (PID=801) to work on /home/airflow/.local/lib/python3.7/site-packages/airflow/example_dags/example_sla_dag.py
[2023-10-27 05:34:56,171] {processor.py:641} INFO - Processing file /home/airflow/.local/lib/python3.7/site-packages/airflow/example_dags/example_sla_dag.py for tasks to queue
[2023-10-27 05:34:56,172] {logging_mixin.py:115} INFO - [2023-10-27 05:34:56,172] {dagbag.py:508} INFO - Filling up the DagBag from /home/airflow/.local/lib/python3.7/site-packages/airflow/example_dags/example_sla_dag.py
[2023-10-27 05:34:56,206] {processor.py:651} INFO - DAG(s) dict_keys(['example_sla_dag']) retrieved from /home/airflow/.local/lib/python3.7/site-packages/airflow/example_dags/example_sla_dag.py
[2023-10-27 05:34:56,400] {logging_mixin.py:115} INFO - [2023-10-27 05:34:56,399] {dag.py:2420} INFO - Sync 1 DAGs
[2023-10-27 05:34:56,430] {logging_mixin.py:115} INFO - [2023-10-27 05:34:56,430] {dag.py:2972} INFO - Setting next_dagrun for example_sla_dag to 2023-10-27T05:32:00+00:00, run_after=2023-10-27T05:34:00+00:00
[2023-10-27 05:34:56,442] {processor.py:161} INFO - Processing /home/airflow/.local/lib/python3.7/site-packages/airflow/example_dags/example_sla_dag.py took 0.278 seconds
[2023-10-27 05:35:26,845] {processor.py:153} INFO - Started process (PID=854) to work on /home/airflow/.local/lib/python3.7/site-packages/airflow/example_dags/example_sla_dag.py
[2023-10-27 05:35:26,846] {processor.py:641} INFO - Processing file /home/airflow/.local/lib/python3.7/site-packages/airflow/example_dags/example_sla_dag.py for tasks to queue
[2023-10-27 05:35:26,846] {logging_mixin.py:115} INFO - [2023-10-27 05:35:26,846] {dagbag.py:508} INFO - Filling up the DagBag from /home/airflow/.local/lib/python3.7/site-packages/airflow/example_dags/example_sla_dag.py
[2023-10-27 05:35:26,872] {processor.py:651} INFO - DAG(s) dict_keys(['example_sla_dag']) retrieved from /home/airflow/.local/lib/python3.7/site-packages/airflow/example_dags/example_sla_dag.py
[2023-10-27 05:35:27,056] {logging_mixin.py:115} INFO - [2023-10-27 05:35:27,056] {dag.py:2420} INFO - Sync 1 DAGs
[2023-10-27 05:35:27,084] {logging_mixin.py:115} INFO - [2023-10-27 05:35:27,084] {dag.py:2972} INFO - Setting next_dagrun for example_sla_dag to 2023-10-27T05:32:00+00:00, run_after=2023-10-27T05:34:00+00:00
[2023-10-27 05:35:27,096] {processor.py:161} INFO - Processing /home/airflow/.local/lib/python3.7/site-packages/airflow/example_dags/example_sla_dag.py took 0.255 seconds
[2023-10-27 05:35:57,637] {processor.py:153} INFO - Started process (PID=915) to work on /home/airflow/.local/lib/python3.7/site-packages/airflow/example_dags/example_sla_dag.py
[2023-10-27 05:35:57,638] {processor.py:641} INFO - Processing file /home/airflow/.local/lib/python3.7/site-packages/airflow/example_dags/example_sla_dag.py for tasks to queue
[2023-10-27 05:35:57,638] {logging_mixin.py:115} INFO - [2023-10-27 05:35:57,638] {dagbag.py:508} INFO - Filling up the DagBag from /home/airflow/.local/lib/python3.7/site-packages/airflow/example_dags/example_sla_dag.py
[2023-10-27 05:35:57,663] {processor.py:651} INFO - DAG(s) dict_keys(['example_sla_dag']) retrieved from /home/airflow/.local/lib/python3.7/site-packages/airflow/example_dags/example_sla_dag.py
[2023-10-27 05:35:57,844] {logging_mixin.py:115} INFO - [2023-10-27 05:35:57,843] {dag.py:2420} INFO - Sync 1 DAGs
[2023-10-27 05:35:57,873] {logging_mixin.py:115} INFO - [2023-10-27 05:35:57,873] {dag.py:2972} INFO - Setting next_dagrun for example_sla_dag to 2023-10-27T05:32:00+00:00, run_after=2023-10-27T05:34:00+00:00
[2023-10-27 05:35:57,885] {processor.py:161} INFO - Processing /home/airflow/.local/lib/python3.7/site-packages/airflow/example_dags/example_sla_dag.py took 0.253 seconds
[2023-10-27 05:36:27,991] {processor.py:153} INFO - Started process (PID=966) to work on /home/airflow/.local/lib/python3.7/site-packages/airflow/example_dags/example_sla_dag.py
[2023-10-27 05:36:27,991] {processor.py:641} INFO - Processing file /home/airflow/.local/lib/python3.7/site-packages/airflow/example_dags/example_sla_dag.py for tasks to queue
[2023-10-27 05:36:27,992] {logging_mixin.py:115} INFO - [2023-10-27 05:36:27,992] {dagbag.py:508} INFO - Filling up the DagBag from /home/airflow/.local/lib/python3.7/site-packages/airflow/example_dags/example_sla_dag.py
[2023-10-27 05:36:28,017] {processor.py:651} INFO - DAG(s) dict_keys(['example_sla_dag']) retrieved from /home/airflow/.local/lib/python3.7/site-packages/airflow/example_dags/example_sla_dag.py
[2023-10-27 05:36:28,209] {logging_mixin.py:115} INFO - [2023-10-27 05:36:28,209] {dag.py:2420} INFO - Sync 1 DAGs
[2023-10-27 05:36:28,236] {logging_mixin.py:115} INFO - [2023-10-27 05:36:28,236] {dag.py:2972} INFO - Setting next_dagrun for example_sla_dag to 2023-10-27T05:34:00+00:00, run_after=2023-10-27T05:36:00+00:00
[2023-10-27 05:36:28,248] {processor.py:161} INFO - Processing /home/airflow/.local/lib/python3.7/site-packages/airflow/example_dags/example_sla_dag.py took 0.261 seconds
[2023-10-27 05:36:58,319] {processor.py:153} INFO - Started process (PID=1025) to work on /home/airflow/.local/lib/python3.7/site-packages/airflow/example_dags/example_sla_dag.py
[2023-10-27 05:36:58,320] {processor.py:641} INFO - Processing file /home/airflow/.local/lib/python3.7/site-packages/airflow/example_dags/example_sla_dag.py for tasks to queue
[2023-10-27 05:36:58,320] {logging_mixin.py:115} INFO - [2023-10-27 05:36:58,320] {dagbag.py:508} INFO - Filling up the DagBag from /home/airflow/.local/lib/python3.7/site-packages/airflow/example_dags/example_sla_dag.py
[2023-10-27 05:36:58,345] {processor.py:651} INFO - DAG(s) dict_keys(['example_sla_dag']) retrieved from /home/airflow/.local/lib/python3.7/site-packages/airflow/example_dags/example_sla_dag.py
[2023-10-27 05:36:58,529] {logging_mixin.py:115} INFO - [2023-10-27 05:36:58,529] {dag.py:2420} INFO - Sync 1 DAGs
[2023-10-27 05:36:58,558] {logging_mixin.py:115} INFO - [2023-10-27 05:36:58,558] {dag.py:2972} INFO - Setting next_dagrun for example_sla_dag to 2023-10-27T05:34:00+00:00, run_after=2023-10-27T05:36:00+00:00
[2023-10-27 05:36:58,579] {processor.py:161} INFO - Processing /home/airflow/.local/lib/python3.7/site-packages/airflow/example_dags/example_sla_dag.py took 0.264 seconds
[2023-10-27 05:37:28,638] {processor.py:153} INFO - Started process (PID=1086) to work on /home/airflow/.local/lib/python3.7/site-packages/airflow/example_dags/example_sla_dag.py
[2023-10-27 05:37:28,638] {processor.py:641} INFO - Processing file /home/airflow/.local/lib/python3.7/site-packages/airflow/example_dags/example_sla_dag.py for tasks to queue
[2023-10-27 05:37:28,639] {logging_mixin.py:115} INFO - [2023-10-27 05:37:28,639] {dagbag.py:508} INFO - Filling up the DagBag from /home/airflow/.local/lib/python3.7/site-packages/airflow/example_dags/example_sla_dag.py
[2023-10-27 05:37:28,664] {processor.py:651} INFO - DAG(s) dict_keys(['example_sla_dag']) retrieved from /home/airflow/.local/lib/python3.7/site-packages/airflow/example_dags/example_sla_dag.py
[2023-10-27 05:37:28,841] {logging_mixin.py:115} INFO - [2023-10-27 05:37:28,841] {dag.py:2420} INFO - Sync 1 DAGs
[2023-10-27 05:37:28,867] {logging_mixin.py:115} INFO - [2023-10-27 05:37:28,867] {dag.py:2972} INFO - Setting next_dagrun for example_sla_dag to 2023-10-27T05:34:00+00:00, run_after=2023-10-27T05:36:00+00:00
[2023-10-27 05:37:28,878] {processor.py:161} INFO - Processing /home/airflow/.local/lib/python3.7/site-packages/airflow/example_dags/example_sla_dag.py took 0.244 seconds
[2023-10-27 05:37:59,347] {processor.py:153} INFO - Started process (PID=1138) to work on /home/airflow/.local/lib/python3.7/site-packages/airflow/example_dags/example_sla_dag.py
[2023-10-27 05:37:59,348] {processor.py:641} INFO - Processing file /home/airflow/.local/lib/python3.7/site-packages/airflow/example_dags/example_sla_dag.py for tasks to queue
[2023-10-27 05:37:59,348] {logging_mixin.py:115} INFO - [2023-10-27 05:37:59,348] {dagbag.py:508} INFO - Filling up the DagBag from /home/airflow/.local/lib/python3.7/site-packages/airflow/example_dags/example_sla_dag.py
[2023-10-27 05:37:59,374] {processor.py:651} INFO - DAG(s) dict_keys(['example_sla_dag']) retrieved from /home/airflow/.local/lib/python3.7/site-packages/airflow/example_dags/example_sla_dag.py
[2023-10-27 05:37:59,565] {logging_mixin.py:115} INFO - [2023-10-27 05:37:59,565] {dag.py:2420} INFO - Sync 1 DAGs
[2023-10-27 05:37:59,596] {logging_mixin.py:115} INFO - [2023-10-27 05:37:59,596] {dag.py:2972} INFO - Setting next_dagrun for example_sla_dag to 2023-10-27T05:34:00+00:00, run_after=2023-10-27T05:36:00+00:00
[2023-10-27 05:37:59,607] {processor.py:161} INFO - Processing /home/airflow/.local/lib/python3.7/site-packages/airflow/example_dags/example_sla_dag.py took 0.265 seconds
[2023-10-27 05:38:29,814] {processor.py:153} INFO - Started process (PID=1200) to work on /home/airflow/.local/lib/python3.7/site-packages/airflow/example_dags/example_sla_dag.py
[2023-10-27 05:38:29,815] {processor.py:641} INFO - Processing file /home/airflow/.local/lib/python3.7/site-packages/airflow/example_dags/example_sla_dag.py for tasks to queue
[2023-10-27 05:38:29,815] {logging_mixin.py:115} INFO - [2023-10-27 05:38:29,815] {dagbag.py:508} INFO - Filling up the DagBag from /home/airflow/.local/lib/python3.7/site-packages/airflow/example_dags/example_sla_dag.py
[2023-10-27 05:38:29,840] {processor.py:651} INFO - DAG(s) dict_keys(['example_sla_dag']) retrieved from /home/airflow/.local/lib/python3.7/site-packages/airflow/example_dags/example_sla_dag.py
[2023-10-27 05:38:30,018] {logging_mixin.py:115} INFO - [2023-10-27 05:38:30,018] {dag.py:2420} INFO - Sync 1 DAGs
[2023-10-27 05:38:30,043] {logging_mixin.py:115} INFO - [2023-10-27 05:38:30,043] {dag.py:2972} INFO - Setting next_dagrun for example_sla_dag to 2023-10-27T05:36:00+00:00, run_after=2023-10-27T05:38:00+00:00
[2023-10-27 05:38:30,055] {processor.py:161} INFO - Processing /home/airflow/.local/lib/python3.7/site-packages/airflow/example_dags/example_sla_dag.py took 0.245 seconds
[2023-10-27 05:39:00,546] {processor.py:153} INFO - Started process (PID=1262) to work on /home/airflow/.local/lib/python3.7/site-packages/airflow/example_dags/example_sla_dag.py
[2023-10-27 05:39:00,547] {processor.py:641} INFO - Processing file /home/airflow/.local/lib/python3.7/site-packages/airflow/example_dags/example_sla_dag.py for tasks to queue
[2023-10-27 05:39:00,548] {logging_mixin.py:115} INFO - [2023-10-27 05:39:00,548] {dagbag.py:508} INFO - Filling up the DagBag from /home/airflow/.local/lib/python3.7/site-packages/airflow/example_dags/example_sla_dag.py
[2023-10-27 05:39:00,573] {processor.py:651} INFO - DAG(s) dict_keys(['example_sla_dag']) retrieved from /home/airflow/.local/lib/python3.7/site-packages/airflow/example_dags/example_sla_dag.py
[2023-10-27 05:39:00,755] {logging_mixin.py:115} INFO - [2023-10-27 05:39:00,755] {dag.py:2420} INFO - Sync 1 DAGs
[2023-10-27 05:39:00,783] {logging_mixin.py:115} INFO - [2023-10-27 05:39:00,783] {dag.py:2972} INFO - Setting next_dagrun for example_sla_dag to 2023-10-27T05:36:00+00:00, run_after=2023-10-27T05:38:00+00:00
[2023-10-27 05:39:00,795] {processor.py:161} INFO - Processing /home/airflow/.local/lib/python3.7/site-packages/airflow/example_dags/example_sla_dag.py took 0.253 seconds
[2023-10-27 05:39:30,908] {processor.py:153} INFO - Started process (PID=1313) to work on /home/airflow/.local/lib/python3.7/site-packages/airflow/example_dags/example_sla_dag.py
[2023-10-27 05:39:30,908] {processor.py:641} INFO - Processing file /home/airflow/.local/lib/python3.7/site-packages/airflow/example_dags/example_sla_dag.py for tasks to queue
[2023-10-27 05:39:30,909] {logging_mixin.py:115} INFO - [2023-10-27 05:39:30,909] {dagbag.py:508} INFO - Filling up the DagBag from /home/airflow/.local/lib/python3.7/site-packages/airflow/example_dags/example_sla_dag.py
[2023-10-27 05:39:30,935] {processor.py:651} INFO - DAG(s) dict_keys(['example_sla_dag']) retrieved from /home/airflow/.local/lib/python3.7/site-packages/airflow/example_dags/example_sla_dag.py
[2023-10-27 05:39:31,117] {logging_mixin.py:115} INFO - [2023-10-27 05:39:31,117] {dag.py:2420} INFO - Sync 1 DAGs
[2023-10-27 05:39:31,143] {logging_mixin.py:115} INFO - [2023-10-27 05:39:31,143] {dag.py:2972} INFO - Setting next_dagrun for example_sla_dag to 2023-10-27T05:36:00+00:00, run_after=2023-10-27T05:38:00+00:00
[2023-10-27 05:39:31,154] {processor.py:161} INFO - Processing /home/airflow/.local/lib/python3.7/site-packages/airflow/example_dags/example_sla_dag.py took 0.251 seconds
[2023-10-27 05:40:02,051] {processor.py:153} INFO - Started process (PID=1373) to work on /home/airflow/.local/lib/python3.7/site-packages/airflow/example_dags/example_sla_dag.py
[2023-10-27 05:40:02,052] {processor.py:641} INFO - Processing file /home/airflow/.local/lib/python3.7/site-packages/airflow/example_dags/example_sla_dag.py for tasks to queue
[2023-10-27 05:40:02,052] {logging_mixin.py:115} INFO - [2023-10-27 05:40:02,052] {dagbag.py:508} INFO - Filling up the DagBag from /home/airflow/.local/lib/python3.7/site-packages/airflow/example_dags/example_sla_dag.py
[2023-10-27 05:40:02,078] {processor.py:651} INFO - DAG(s) dict_keys(['example_sla_dag']) retrieved from /home/airflow/.local/lib/python3.7/site-packages/airflow/example_dags/example_sla_dag.py
[2023-10-27 05:40:02,257] {logging_mixin.py:115} INFO - [2023-10-27 05:40:02,257] {dag.py:2420} INFO - Sync 1 DAGs
[2023-10-27 05:40:02,284] {logging_mixin.py:115} INFO - [2023-10-27 05:40:02,284] {dag.py:2972} INFO - Setting next_dagrun for example_sla_dag to 2023-10-27T05:38:00+00:00, run_after=2023-10-27T05:40:00+00:00
[2023-10-27 05:40:02,295] {processor.py:161} INFO - Processing /home/airflow/.local/lib/python3.7/site-packages/airflow/example_dags/example_sla_dag.py took 0.248 seconds
[2023-10-27 05:40:32,568] {processor.py:153} INFO - Started process (PID=1425) to work on /home/airflow/.local/lib/python3.7/site-packages/airflow/example_dags/example_sla_dag.py
[2023-10-27 05:40:32,569] {processor.py:641} INFO - Processing file /home/airflow/.local/lib/python3.7/site-packages/airflow/example_dags/example_sla_dag.py for tasks to queue
[2023-10-27 05:40:32,569] {logging_mixin.py:115} INFO - [2023-10-27 05:40:32,569] {dagbag.py:508} INFO - Filling up the DagBag from /home/airflow/.local/lib/python3.7/site-packages/airflow/example_dags/example_sla_dag.py
[2023-10-27 05:40:32,595] {processor.py:651} INFO - DAG(s) dict_keys(['example_sla_dag']) retrieved from /home/airflow/.local/lib/python3.7/site-packages/airflow/example_dags/example_sla_dag.py
[2023-10-27 05:40:32,790] {logging_mixin.py:115} INFO - [2023-10-27 05:40:32,790] {dag.py:2420} INFO - Sync 1 DAGs
[2023-10-27 05:40:32,818] {logging_mixin.py:115} INFO - [2023-10-27 05:40:32,818] {dag.py:2972} INFO - Setting next_dagrun for example_sla_dag to 2023-10-27T05:38:00+00:00, run_after=2023-10-27T05:40:00+00:00
[2023-10-27 05:40:32,831] {processor.py:161} INFO - Processing /home/airflow/.local/lib/python3.7/site-packages/airflow/example_dags/example_sla_dag.py took 0.267 seconds
[2023-10-27 05:41:02,959] {processor.py:153} INFO - Started process (PID=1486) to work on /home/airflow/.local/lib/python3.7/site-packages/airflow/example_dags/example_sla_dag.py
[2023-10-27 05:41:02,960] {processor.py:641} INFO - Processing file /home/airflow/.local/lib/python3.7/site-packages/airflow/example_dags/example_sla_dag.py for tasks to queue
[2023-10-27 05:41:02,961] {logging_mixin.py:115} INFO - [2023-10-27 05:41:02,961] {dagbag.py:508} INFO - Filling up the DagBag from /home/airflow/.local/lib/python3.7/site-packages/airflow/example_dags/example_sla_dag.py
[2023-10-27 05:41:02,986] {processor.py:651} INFO - DAG(s) dict_keys(['example_sla_dag']) retrieved from /home/airflow/.local/lib/python3.7/site-packages/airflow/example_dags/example_sla_dag.py
[2023-10-27 05:41:03,166] {logging_mixin.py:115} INFO - [2023-10-27 05:41:03,165] {dag.py:2420} INFO - Sync 1 DAGs
[2023-10-27 05:41:03,192] {logging_mixin.py:115} INFO - [2023-10-27 05:41:03,192] {dag.py:2972} INFO - Setting next_dagrun for example_sla_dag to 2023-10-27T05:38:00+00:00, run_after=2023-10-27T05:40:00+00:00
[2023-10-27 05:41:03,203] {processor.py:161} INFO - Processing /home/airflow/.local/lib/python3.7/site-packages/airflow/example_dags/example_sla_dag.py took 0.248 seconds
[2023-10-27 05:41:33,547] {processor.py:153} INFO - Started process (PID=1538) to work on /home/airflow/.local/lib/python3.7/site-packages/airflow/example_dags/example_sla_dag.py
[2023-10-27 05:41:33,547] {processor.py:641} INFO - Processing file /home/airflow/.local/lib/python3.7/site-packages/airflow/example_dags/example_sla_dag.py for tasks to queue
[2023-10-27 05:41:33,548] {logging_mixin.py:115} INFO - [2023-10-27 05:41:33,548] {dagbag.py:508} INFO - Filling up the DagBag from /home/airflow/.local/lib/python3.7/site-packages/airflow/example_dags/example_sla_dag.py
[2023-10-27 05:41:33,573] {processor.py:651} INFO - DAG(s) dict_keys(['example_sla_dag']) retrieved from /home/airflow/.local/lib/python3.7/site-packages/airflow/example_dags/example_sla_dag.py
[2023-10-27 05:41:33,752] {logging_mixin.py:115} INFO - [2023-10-27 05:41:33,752] {dag.py:2420} INFO - Sync 1 DAGs
[2023-10-27 05:41:33,779] {logging_mixin.py:115} INFO - [2023-10-27 05:41:33,779] {dag.py:2972} INFO - Setting next_dagrun for example_sla_dag to 2023-10-27T05:38:00+00:00, run_after=2023-10-27T05:40:00+00:00
[2023-10-27 05:41:33,790] {processor.py:161} INFO - Processing /home/airflow/.local/lib/python3.7/site-packages/airflow/example_dags/example_sla_dag.py took 0.247 seconds
[2023-10-27 05:42:04,282] {processor.py:153} INFO - Started process (PID=1599) to work on /home/airflow/.local/lib/python3.7/site-packages/airflow/example_dags/example_sla_dag.py
[2023-10-27 05:42:04,283] {processor.py:641} INFO - Processing file /home/airflow/.local/lib/python3.7/site-packages/airflow/example_dags/example_sla_dag.py for tasks to queue
[2023-10-27 05:42:04,284] {logging_mixin.py:115} INFO - [2023-10-27 05:42:04,284] {dagbag.py:508} INFO - Filling up the DagBag from /home/airflow/.local/lib/python3.7/site-packages/airflow/example_dags/example_sla_dag.py
[2023-10-27 05:42:04,309] {processor.py:651} INFO - DAG(s) dict_keys(['example_sla_dag']) retrieved from /home/airflow/.local/lib/python3.7/site-packages/airflow/example_dags/example_sla_dag.py
[2023-10-27 05:42:04,493] {logging_mixin.py:115} INFO - [2023-10-27 05:42:04,493] {dag.py:2420} INFO - Sync 1 DAGs
[2023-10-27 05:42:04,520] {logging_mixin.py:115} INFO - [2023-10-27 05:42:04,519] {dag.py:2972} INFO - Setting next_dagrun for example_sla_dag to 2023-10-27T05:40:00+00:00, run_after=2023-10-27T05:42:00+00:00
[2023-10-27 05:42:04,533] {processor.py:161} INFO - Processing /home/airflow/.local/lib/python3.7/site-packages/airflow/example_dags/example_sla_dag.py took 0.254 seconds
[2023-10-27 05:42:34,840] {processor.py:153} INFO - Started process (PID=1651) to work on /home/airflow/.local/lib/python3.7/site-packages/airflow/example_dags/example_sla_dag.py
[2023-10-27 05:42:34,841] {processor.py:641} INFO - Processing file /home/airflow/.local/lib/python3.7/site-packages/airflow/example_dags/example_sla_dag.py for tasks to queue
[2023-10-27 05:42:34,841] {logging_mixin.py:115} INFO - [2023-10-27 05:42:34,841] {dagbag.py:508} INFO - Filling up the DagBag from /home/airflow/.local/lib/python3.7/site-packages/airflow/example_dags/example_sla_dag.py
[2023-10-27 05:42:34,867] {processor.py:651} INFO - DAG(s) dict_keys(['example_sla_dag']) retrieved from /home/airflow/.local/lib/python3.7/site-packages/airflow/example_dags/example_sla_dag.py
[2023-10-27 05:42:35,053] {logging_mixin.py:115} INFO - [2023-10-27 05:42:35,053] {dag.py:2420} INFO - Sync 1 DAGs
[2023-10-27 05:42:35,079] {logging_mixin.py:115} INFO - [2023-10-27 05:42:35,079] {dag.py:2972} INFO - Setting next_dagrun for example_sla_dag to 2023-10-27T05:40:00+00:00, run_after=2023-10-27T05:42:00+00:00
[2023-10-27 05:42:35,091] {processor.py:161} INFO - Processing /home/airflow/.local/lib/python3.7/site-packages/airflow/example_dags/example_sla_dag.py took 0.255 seconds
[2023-10-27 05:43:05,227] {processor.py:153} INFO - Started process (PID=1712) to work on /home/airflow/.local/lib/python3.7/site-packages/airflow/example_dags/example_sla_dag.py
[2023-10-27 05:43:05,228] {processor.py:641} INFO - Processing file /home/airflow/.local/lib/python3.7/site-packages/airflow/example_dags/example_sla_dag.py for tasks to queue
[2023-10-27 05:43:05,228] {logging_mixin.py:115} INFO - [2023-10-27 05:43:05,228] {dagbag.py:508} INFO - Filling up the DagBag from /home/airflow/.local/lib/python3.7/site-packages/airflow/example_dags/example_sla_dag.py
[2023-10-27 05:43:05,253] {processor.py:651} INFO - DAG(s) dict_keys(['example_sla_dag']) retrieved from /home/airflow/.local/lib/python3.7/site-packages/airflow/example_dags/example_sla_dag.py
[2023-10-27 05:43:05,434] {logging_mixin.py:115} INFO - [2023-10-27 05:43:05,434] {dag.py:2420} INFO - Sync 1 DAGs
[2023-10-27 05:43:05,460] {logging_mixin.py:115} INFO - [2023-10-27 05:43:05,460] {dag.py:2972} INFO - Setting next_dagrun for example_sla_dag to 2023-10-27T05:40:00+00:00, run_after=2023-10-27T05:42:00+00:00
[2023-10-27 05:43:05,471] {processor.py:161} INFO - Processing /home/airflow/.local/lib/python3.7/site-packages/airflow/example_dags/example_sla_dag.py took 0.248 seconds
[2023-10-27 05:43:35,698] {processor.py:153} INFO - Started process (PID=1772) to work on /home/airflow/.local/lib/python3.7/site-packages/airflow/example_dags/example_sla_dag.py
[2023-10-27 05:43:35,699] {processor.py:641} INFO - Processing file /home/airflow/.local/lib/python3.7/site-packages/airflow/example_dags/example_sla_dag.py for tasks to queue
[2023-10-27 05:43:35,700] {logging_mixin.py:115} INFO - [2023-10-27 05:43:35,700] {dagbag.py:508} INFO - Filling up the DagBag from /home/airflow/.local/lib/python3.7/site-packages/airflow/example_dags/example_sla_dag.py
[2023-10-27 05:43:35,882] {processor.py:651} INFO - DAG(s) dict_keys(['example_sla_dag']) retrieved from /home/airflow/.local/lib/python3.7/site-packages/airflow/example_dags/example_sla_dag.py
[2023-10-27 05:43:35,903] {logging_mixin.py:115} INFO - [2023-10-27 05:43:35,903] {dag.py:2420} INFO - Sync 1 DAGs
[2023-10-27 05:43:35,929] {logging_mixin.py:115} INFO - [2023-10-27 05:43:35,929] {dag.py:2972} INFO - Setting next_dagrun for example_sla_dag to 2023-10-27T05:40:00+00:00, run_after=2023-10-27T05:42:00+00:00
[2023-10-27 05:43:35,941] {processor.py:161} INFO - Processing /home/airflow/.local/lib/python3.7/site-packages/airflow/example_dags/example_sla_dag.py took 0.247 seconds
[2023-10-27 05:44:06,042] {processor.py:153} INFO - Started process (PID=1823) to work on /home/airflow/.local/lib/python3.7/site-packages/airflow/example_dags/example_sla_dag.py
[2023-10-27 05:44:06,043] {processor.py:641} INFO - Processing file /home/airflow/.local/lib/python3.7/site-packages/airflow/example_dags/example_sla_dag.py for tasks to queue
[2023-10-27 05:44:06,043] {logging_mixin.py:115} INFO - [2023-10-27 05:44:06,043] {dagbag.py:508} INFO - Filling up the DagBag from /home/airflow/.local/lib/python3.7/site-packages/airflow/example_dags/example_sla_dag.py
[2023-10-27 05:44:06,234] {processor.py:651} INFO - DAG(s) dict_keys(['example_sla_dag']) retrieved from /home/airflow/.local/lib/python3.7/site-packages/airflow/example_dags/example_sla_dag.py
[2023-10-27 05:44:06,262] {logging_mixin.py:115} INFO - [2023-10-27 05:44:06,262] {dag.py:2420} INFO - Sync 1 DAGs
[2023-10-27 05:44:06,291] {logging_mixin.py:115} INFO - [2023-10-27 05:44:06,290] {dag.py:2972} INFO - Setting next_dagrun for example_sla_dag to 2023-10-27T05:42:00+00:00, run_after=2023-10-27T05:44:00+00:00
[2023-10-27 05:44:06,302] {processor.py:161} INFO - Processing /home/airflow/.local/lib/python3.7/site-packages/airflow/example_dags/example_sla_dag.py took 0.264 seconds
[2023-10-27 05:44:36,700] {processor.py:153} INFO - Started process (PID=1884) to work on /home/airflow/.local/lib/python3.7/site-packages/airflow/example_dags/example_sla_dag.py
[2023-10-27 05:44:36,700] {processor.py:641} INFO - Processing file /home/airflow/.local/lib/python3.7/site-packages/airflow/example_dags/example_sla_dag.py for tasks to queue
[2023-10-27 05:44:36,701] {logging_mixin.py:115} INFO - [2023-10-27 05:44:36,701] {dagbag.py:508} INFO - Filling up the DagBag from /home/airflow/.local/lib/python3.7/site-packages/airflow/example_dags/example_sla_dag.py
[2023-10-27 05:44:36,897] {processor.py:651} INFO - DAG(s) dict_keys(['example_sla_dag']) retrieved from /home/airflow/.local/lib/python3.7/site-packages/airflow/example_dags/example_sla_dag.py
[2023-10-27 05:44:36,920] {logging_mixin.py:115} INFO - [2023-10-27 05:44:36,920] {dag.py:2420} INFO - Sync 1 DAGs
[2023-10-27 05:44:36,955] {logging_mixin.py:115} INFO - [2023-10-27 05:44:36,955] {dag.py:2972} INFO - Setting next_dagrun for example_sla_dag to 2023-10-27T05:42:00+00:00, run_after=2023-10-27T05:44:00+00:00
[2023-10-27 05:44:36,969] {processor.py:161} INFO - Processing /home/airflow/.local/lib/python3.7/site-packages/airflow/example_dags/example_sla_dag.py took 0.274 seconds
[2023-10-27 05:45:07,174] {processor.py:153} INFO - Started process (PID=1944) to work on /home/airflow/.local/lib/python3.7/site-packages/airflow/example_dags/example_sla_dag.py
[2023-10-27 05:45:07,175] {processor.py:641} INFO - Processing file /home/airflow/.local/lib/python3.7/site-packages/airflow/example_dags/example_sla_dag.py for tasks to queue
[2023-10-27 05:45:07,177] {logging_mixin.py:115} INFO - [2023-10-27 05:45:07,176] {dagbag.py:508} INFO - Filling up the DagBag from /home/airflow/.local/lib/python3.7/site-packages/airflow/example_dags/example_sla_dag.py
[2023-10-27 05:45:07,390] {processor.py:651} INFO - DAG(s) dict_keys(['example_sla_dag']) retrieved from /home/airflow/.local/lib/python3.7/site-packages/airflow/example_dags/example_sla_dag.py
[2023-10-27 05:45:07,415] {logging_mixin.py:115} INFO - [2023-10-27 05:45:07,415] {dag.py:2420} INFO - Sync 1 DAGs
[2023-10-27 05:45:07,449] {logging_mixin.py:115} INFO - [2023-10-27 05:45:07,449] {dag.py:2972} INFO - Setting next_dagrun for example_sla_dag to 2023-10-27T05:42:00+00:00, run_after=2023-10-27T05:44:00+00:00
[2023-10-27 05:45:07,471] {processor.py:161} INFO - Processing /home/airflow/.local/lib/python3.7/site-packages/airflow/example_dags/example_sla_dag.py took 0.301 seconds
[2023-10-27 05:45:37,634] {processor.py:153} INFO - Started process (PID=1998) to work on /home/airflow/.local/lib/python3.7/site-packages/airflow/example_dags/example_sla_dag.py
[2023-10-27 05:45:37,635] {processor.py:641} INFO - Processing file /home/airflow/.local/lib/python3.7/site-packages/airflow/example_dags/example_sla_dag.py for tasks to queue
[2023-10-27 05:45:37,636] {logging_mixin.py:115} INFO - [2023-10-27 05:45:37,636] {dagbag.py:508} INFO - Filling up the DagBag from /home/airflow/.local/lib/python3.7/site-packages/airflow/example_dags/example_sla_dag.py
[2023-10-27 05:45:37,821] {processor.py:651} INFO - DAG(s) dict_keys(['example_sla_dag']) retrieved from /home/airflow/.local/lib/python3.7/site-packages/airflow/example_dags/example_sla_dag.py
[2023-10-27 05:45:37,844] {logging_mixin.py:115} INFO - [2023-10-27 05:45:37,844] {dag.py:2420} INFO - Sync 1 DAGs
[2023-10-27 05:45:37,871] {logging_mixin.py:115} INFO - [2023-10-27 05:45:37,871] {dag.py:2972} INFO - Setting next_dagrun for example_sla_dag to 2023-10-27T05:42:00+00:00, run_after=2023-10-27T05:44:00+00:00
[2023-10-27 05:45:37,886] {processor.py:161} INFO - Processing /home/airflow/.local/lib/python3.7/site-packages/airflow/example_dags/example_sla_dag.py took 0.255 seconds
[2023-10-27 05:46:08,342] {processor.py:153} INFO - Started process (PID=2051) to work on /home/airflow/.local/lib/python3.7/site-packages/airflow/example_dags/example_sla_dag.py
[2023-10-27 05:46:08,342] {processor.py:641} INFO - Processing file /home/airflow/.local/lib/python3.7/site-packages/airflow/example_dags/example_sla_dag.py for tasks to queue
[2023-10-27 05:46:08,343] {logging_mixin.py:115} INFO - [2023-10-27 05:46:08,343] {dagbag.py:508} INFO - Filling up the DagBag from /home/airflow/.local/lib/python3.7/site-packages/airflow/example_dags/example_sla_dag.py
[2023-10-27 05:46:08,548] {processor.py:651} INFO - DAG(s) dict_keys(['example_sla_dag']) retrieved from /home/airflow/.local/lib/python3.7/site-packages/airflow/example_dags/example_sla_dag.py
[2023-10-27 05:46:08,580] {logging_mixin.py:115} INFO - [2023-10-27 05:46:08,580] {dag.py:2420} INFO - Sync 1 DAGs
[2023-10-27 05:46:08,609] {logging_mixin.py:115} INFO - [2023-10-27 05:46:08,609] {dag.py:2972} INFO - Setting next_dagrun for example_sla_dag to 2023-10-27T05:44:00+00:00, run_after=2023-10-27T05:46:00+00:00
[2023-10-27 05:46:08,621] {processor.py:161} INFO - Processing /home/airflow/.local/lib/python3.7/site-packages/airflow/example_dags/example_sla_dag.py took 0.284 seconds
[2023-10-27 05:46:39,525] {processor.py:153} INFO - Started process (PID=2115) to work on /home/airflow/.local/lib/python3.7/site-packages/airflow/example_dags/example_sla_dag.py
[2023-10-27 05:46:39,526] {processor.py:641} INFO - Processing file /home/airflow/.local/lib/python3.7/site-packages/airflow/example_dags/example_sla_dag.py for tasks to queue
[2023-10-27 05:46:39,527] {logging_mixin.py:115} INFO - [2023-10-27 05:46:39,526] {dagbag.py:508} INFO - Filling up the DagBag from /home/airflow/.local/lib/python3.7/site-packages/airflow/example_dags/example_sla_dag.py
[2023-10-27 05:46:39,709] {processor.py:651} INFO - DAG(s) dict_keys(['example_sla_dag']) retrieved from /home/airflow/.local/lib/python3.7/site-packages/airflow/example_dags/example_sla_dag.py
[2023-10-27 05:46:39,731] {logging_mixin.py:115} INFO - [2023-10-27 05:46:39,731] {dag.py:2420} INFO - Sync 1 DAGs
[2023-10-27 05:46:39,757] {logging_mixin.py:115} INFO - [2023-10-27 05:46:39,757] {dag.py:2972} INFO - Setting next_dagrun for example_sla_dag to 2023-10-27T05:44:00+00:00, run_after=2023-10-27T05:46:00+00:00
[2023-10-27 05:46:39,769] {processor.py:161} INFO - Processing /home/airflow/.local/lib/python3.7/site-packages/airflow/example_dags/example_sla_dag.py took 0.247 seconds
[2023-10-27 05:47:09,870] {processor.py:153} INFO - Started process (PID=2177) to work on /home/airflow/.local/lib/python3.7/site-packages/airflow/example_dags/example_sla_dag.py
[2023-10-27 05:47:09,871] {processor.py:641} INFO - Processing file /home/airflow/.local/lib/python3.7/site-packages/airflow/example_dags/example_sla_dag.py for tasks to queue
[2023-10-27 05:47:09,871] {logging_mixin.py:115} INFO - [2023-10-27 05:47:09,871] {dagbag.py:508} INFO - Filling up the DagBag from /home/airflow/.local/lib/python3.7/site-packages/airflow/example_dags/example_sla_dag.py
[2023-10-27 05:47:10,056] {processor.py:651} INFO - DAG(s) dict_keys(['example_sla_dag']) retrieved from /home/airflow/.local/lib/python3.7/site-packages/airflow/example_dags/example_sla_dag.py
[2023-10-27 05:47:10,078] {logging_mixin.py:115} INFO - [2023-10-27 05:47:10,078] {dag.py:2420} INFO - Sync 1 DAGs
[2023-10-27 05:47:10,105] {logging_mixin.py:115} INFO - [2023-10-27 05:47:10,105] {dag.py:2972} INFO - Setting next_dagrun for example_sla_dag to 2023-10-27T05:44:00+00:00, run_after=2023-10-27T05:46:00+00:00
[2023-10-27 05:47:10,116] {processor.py:161} INFO - Processing /home/airflow/.local/lib/python3.7/site-packages/airflow/example_dags/example_sla_dag.py took 0.250 seconds
[2023-10-27 05:47:40,483] {processor.py:153} INFO - Started process (PID=2229) to work on /home/airflow/.local/lib/python3.7/site-packages/airflow/example_dags/example_sla_dag.py
[2023-10-27 05:47:40,484] {processor.py:641} INFO - Processing file /home/airflow/.local/lib/python3.7/site-packages/airflow/example_dags/example_sla_dag.py for tasks to queue
[2023-10-27 05:47:40,484] {logging_mixin.py:115} INFO - [2023-10-27 05:47:40,484] {dagbag.py:508} INFO - Filling up the DagBag from /home/airflow/.local/lib/python3.7/site-packages/airflow/example_dags/example_sla_dag.py
[2023-10-27 05:47:40,674] {processor.py:651} INFO - DAG(s) dict_keys(['example_sla_dag']) retrieved from /home/airflow/.local/lib/python3.7/site-packages/airflow/example_dags/example_sla_dag.py
[2023-10-27 05:47:40,696] {logging_mixin.py:115} INFO - [2023-10-27 05:47:40,696] {dag.py:2420} INFO - Sync 1 DAGs
[2023-10-27 05:47:40,723] {logging_mixin.py:115} INFO - [2023-10-27 05:47:40,723] {dag.py:2972} INFO - Setting next_dagrun for example_sla_dag to 2023-10-27T05:44:00+00:00, run_after=2023-10-27T05:46:00+00:00
[2023-10-27 05:47:40,735] {processor.py:161} INFO - Processing /home/airflow/.local/lib/python3.7/site-packages/airflow/example_dags/example_sla_dag.py took 0.256 seconds
[2023-10-27 05:48:10,778] {processor.py:153} INFO - Started process (PID=2289) to work on /home/airflow/.local/lib/python3.7/site-packages/airflow/example_dags/example_sla_dag.py
[2023-10-27 05:48:10,779] {processor.py:641} INFO - Processing file /home/airflow/.local/lib/python3.7/site-packages/airflow/example_dags/example_sla_dag.py for tasks to queue
[2023-10-27 05:48:10,779] {logging_mixin.py:115} INFO - [2023-10-27 05:48:10,779] {dagbag.py:508} INFO - Filling up the DagBag from /home/airflow/.local/lib/python3.7/site-packages/airflow/example_dags/example_sla_dag.py
[2023-10-27 05:48:10,961] {processor.py:651} INFO - DAG(s) dict_keys(['example_sla_dag']) retrieved from /home/airflow/.local/lib/python3.7/site-packages/airflow/example_dags/example_sla_dag.py
[2023-10-27 05:48:10,982] {logging_mixin.py:115} INFO - [2023-10-27 05:48:10,982] {dag.py:2420} INFO - Sync 1 DAGs
[2023-10-27 05:48:11,008] {logging_mixin.py:115} INFO - [2023-10-27 05:48:11,008] {dag.py:2972} INFO - Setting next_dagrun for example_sla_dag to 2023-10-27T05:46:00+00:00, run_after=2023-10-27T05:48:00+00:00
[2023-10-27 05:48:11,020] {processor.py:161} INFO - Processing /home/airflow/.local/lib/python3.7/site-packages/airflow/example_dags/example_sla_dag.py took 0.246 seconds
[2023-10-27 05:48:41,208] {processor.py:153} INFO - Started process (PID=2342) to work on /home/airflow/.local/lib/python3.7/site-packages/airflow/example_dags/example_sla_dag.py
[2023-10-27 05:48:41,209] {processor.py:641} INFO - Processing file /home/airflow/.local/lib/python3.7/site-packages/airflow/example_dags/example_sla_dag.py for tasks to queue
[2023-10-27 05:48:41,209] {logging_mixin.py:115} INFO - [2023-10-27 05:48:41,209] {dagbag.py:508} INFO - Filling up the DagBag from /home/airflow/.local/lib/python3.7/site-packages/airflow/example_dags/example_sla_dag.py
[2023-10-27 05:48:41,396] {processor.py:651} INFO - DAG(s) dict_keys(['example_sla_dag']) retrieved from /home/airflow/.local/lib/python3.7/site-packages/airflow/example_dags/example_sla_dag.py
[2023-10-27 05:48:41,419] {logging_mixin.py:115} INFO - [2023-10-27 05:48:41,419] {dag.py:2420} INFO - Sync 1 DAGs
[2023-10-27 05:48:41,446] {logging_mixin.py:115} INFO - [2023-10-27 05:48:41,446] {dag.py:2972} INFO - Setting next_dagrun for example_sla_dag to 2023-10-27T05:46:00+00:00, run_after=2023-10-27T05:48:00+00:00
[2023-10-27 05:48:41,458] {processor.py:161} INFO - Processing /home/airflow/.local/lib/python3.7/site-packages/airflow/example_dags/example_sla_dag.py took 0.255 seconds
[2023-10-27 05:49:11,684] {processor.py:153} INFO - Started process (PID=2404) to work on /home/airflow/.local/lib/python3.7/site-packages/airflow/example_dags/example_sla_dag.py
[2023-10-27 05:49:11,685] {processor.py:641} INFO - Processing file /home/airflow/.local/lib/python3.7/site-packages/airflow/example_dags/example_sla_dag.py for tasks to queue
[2023-10-27 05:49:11,686] {logging_mixin.py:115} INFO - [2023-10-27 05:49:11,685] {dagbag.py:508} INFO - Filling up the DagBag from /home/airflow/.local/lib/python3.7/site-packages/airflow/example_dags/example_sla_dag.py
[2023-10-27 05:49:11,878] {processor.py:651} INFO - DAG(s) dict_keys(['example_sla_dag']) retrieved from /home/airflow/.local/lib/python3.7/site-packages/airflow/example_dags/example_sla_dag.py
[2023-10-27 05:49:11,900] {logging_mixin.py:115} INFO - [2023-10-27 05:49:11,900] {dag.py:2420} INFO - Sync 1 DAGs
[2023-10-27 05:49:11,927] {logging_mixin.py:115} INFO - [2023-10-27 05:49:11,927] {dag.py:2972} INFO - Setting next_dagrun for example_sla_dag to 2023-10-27T05:46:00+00:00, run_after=2023-10-27T05:48:00+00:00
[2023-10-27 05:49:11,940] {processor.py:161} INFO - Processing /home/airflow/.local/lib/python3.7/site-packages/airflow/example_dags/example_sla_dag.py took 0.260 seconds
[2023-10-27 05:49:42,547] {processor.py:153} INFO - Started process (PID=2466) to work on /home/airflow/.local/lib/python3.7/site-packages/airflow/example_dags/example_sla_dag.py
[2023-10-27 05:49:42,548] {processor.py:641} INFO - Processing file /home/airflow/.local/lib/python3.7/site-packages/airflow/example_dags/example_sla_dag.py for tasks to queue
[2023-10-27 05:49:42,548] {logging_mixin.py:115} INFO - [2023-10-27 05:49:42,548] {dagbag.py:508} INFO - Filling up the DagBag from /home/airflow/.local/lib/python3.7/site-packages/airflow/example_dags/example_sla_dag.py
[2023-10-27 05:49:42,735] {processor.py:651} INFO - DAG(s) dict_keys(['example_sla_dag']) retrieved from /home/airflow/.local/lib/python3.7/site-packages/airflow/example_dags/example_sla_dag.py
[2023-10-27 05:49:42,758] {logging_mixin.py:115} INFO - [2023-10-27 05:49:42,758] {dag.py:2420} INFO - Sync 1 DAGs
[2023-10-27 05:49:42,785] {logging_mixin.py:115} INFO - [2023-10-27 05:49:42,785] {dag.py:2972} INFO - Setting next_dagrun for example_sla_dag to 2023-10-27T05:46:00+00:00, run_after=2023-10-27T05:48:00+00:00
[2023-10-27 05:49:42,800] {processor.py:161} INFO - Processing /home/airflow/.local/lib/python3.7/site-packages/airflow/example_dags/example_sla_dag.py took 0.257 seconds
[2023-10-27 05:50:12,871] {processor.py:153} INFO - Started process (PID=2519) to work on /home/airflow/.local/lib/python3.7/site-packages/airflow/example_dags/example_sla_dag.py
[2023-10-27 05:50:12,872] {processor.py:641} INFO - Processing file /home/airflow/.local/lib/python3.7/site-packages/airflow/example_dags/example_sla_dag.py for tasks to queue
[2023-10-27 05:50:12,873] {logging_mixin.py:115} INFO - [2023-10-27 05:50:12,873] {dagbag.py:508} INFO - Filling up the DagBag from /home/airflow/.local/lib/python3.7/site-packages/airflow/example_dags/example_sla_dag.py
[2023-10-27 05:50:13,058] {processor.py:651} INFO - DAG(s) dict_keys(['example_sla_dag']) retrieved from /home/airflow/.local/lib/python3.7/site-packages/airflow/example_dags/example_sla_dag.py
[2023-10-27 05:50:13,080] {logging_mixin.py:115} INFO - [2023-10-27 05:50:13,080] {dag.py:2420} INFO - Sync 1 DAGs
[2023-10-27 05:50:13,108] {logging_mixin.py:115} INFO - [2023-10-27 05:50:13,108] {dag.py:2972} INFO - Setting next_dagrun for example_sla_dag to 2023-10-27T05:48:00+00:00, run_after=2023-10-27T05:50:00+00:00
[2023-10-27 05:50:13,121] {processor.py:161} INFO - Processing /home/airflow/.local/lib/python3.7/site-packages/airflow/example_dags/example_sla_dag.py took 0.254 seconds
[2023-10-27 05:50:43,718] {processor.py:153} INFO - Started process (PID=2580) to work on /home/airflow/.local/lib/python3.7/site-packages/airflow/example_dags/example_sla_dag.py
[2023-10-27 05:50:43,719] {processor.py:641} INFO - Processing file /home/airflow/.local/lib/python3.7/site-packages/airflow/example_dags/example_sla_dag.py for tasks to queue
[2023-10-27 05:50:43,719] {logging_mixin.py:115} INFO - [2023-10-27 05:50:43,719] {dagbag.py:508} INFO - Filling up the DagBag from /home/airflow/.local/lib/python3.7/site-packages/airflow/example_dags/example_sla_dag.py
[2023-10-27 05:50:43,903] {processor.py:651} INFO - DAG(s) dict_keys(['example_sla_dag']) retrieved from /home/airflow/.local/lib/python3.7/site-packages/airflow/example_dags/example_sla_dag.py
[2023-10-27 05:50:43,926] {logging_mixin.py:115} INFO - [2023-10-27 05:50:43,926] {dag.py:2420} INFO - Sync 1 DAGs
[2023-10-27 05:50:43,953] {logging_mixin.py:115} INFO - [2023-10-27 05:50:43,952] {dag.py:2972} INFO - Setting next_dagrun for example_sla_dag to 2023-10-27T05:48:00+00:00, run_after=2023-10-27T05:50:00+00:00
[2023-10-27 05:50:43,965] {processor.py:161} INFO - Processing /home/airflow/.local/lib/python3.7/site-packages/airflow/example_dags/example_sla_dag.py took 0.251 seconds
[2023-10-27 05:51:14,183] {processor.py:153} INFO - Started process (PID=2632) to work on /home/airflow/.local/lib/python3.7/site-packages/airflow/example_dags/example_sla_dag.py
[2023-10-27 05:51:14,184] {processor.py:641} INFO - Processing file /home/airflow/.local/lib/python3.7/site-packages/airflow/example_dags/example_sla_dag.py for tasks to queue
[2023-10-27 05:51:14,184] {logging_mixin.py:115} INFO - [2023-10-27 05:51:14,184] {dagbag.py:508} INFO - Filling up the DagBag from /home/airflow/.local/lib/python3.7/site-packages/airflow/example_dags/example_sla_dag.py
[2023-10-27 05:51:14,368] {processor.py:651} INFO - DAG(s) dict_keys(['example_sla_dag']) retrieved from /home/airflow/.local/lib/python3.7/site-packages/airflow/example_dags/example_sla_dag.py
[2023-10-27 05:51:14,390] {logging_mixin.py:115} INFO - [2023-10-27 05:51:14,390] {dag.py:2420} INFO - Sync 1 DAGs
[2023-10-27 05:51:14,416] {logging_mixin.py:115} INFO - [2023-10-27 05:51:14,416] {dag.py:2972} INFO - Setting next_dagrun for example_sla_dag to 2023-10-27T05:48:00+00:00, run_after=2023-10-27T05:50:00+00:00
[2023-10-27 05:51:14,427] {processor.py:161} INFO - Processing /home/airflow/.local/lib/python3.7/site-packages/airflow/example_dags/example_sla_dag.py took 0.247 seconds
[2023-10-27 05:51:44,672] {processor.py:153} INFO - Started process (PID=2693) to work on /home/airflow/.local/lib/python3.7/site-packages/airflow/example_dags/example_sla_dag.py
[2023-10-27 05:51:44,673] {processor.py:641} INFO - Processing file /home/airflow/.local/lib/python3.7/site-packages/airflow/example_dags/example_sla_dag.py for tasks to queue
[2023-10-27 05:51:44,673] {logging_mixin.py:115} INFO - [2023-10-27 05:51:44,673] {dagbag.py:508} INFO - Filling up the DagBag from /home/airflow/.local/lib/python3.7/site-packages/airflow/example_dags/example_sla_dag.py
[2023-10-27 05:51:44,860] {processor.py:651} INFO - DAG(s) dict_keys(['example_sla_dag']) retrieved from /home/airflow/.local/lib/python3.7/site-packages/airflow/example_dags/example_sla_dag.py
[2023-10-27 05:51:44,886] {logging_mixin.py:115} INFO - [2023-10-27 05:51:44,886] {dag.py:2420} INFO - Sync 1 DAGs
[2023-10-27 05:51:44,913] {logging_mixin.py:115} INFO - [2023-10-27 05:51:44,913] {dag.py:2972} INFO - Setting next_dagrun for example_sla_dag to 2023-10-27T05:48:00+00:00, run_after=2023-10-27T05:50:00+00:00
[2023-10-27 05:51:44,925] {processor.py:161} INFO - Processing /home/airflow/.local/lib/python3.7/site-packages/airflow/example_dags/example_sla_dag.py took 0.258 seconds
[2023-10-27 05:52:15,146] {processor.py:153} INFO - Started process (PID=2756) to work on /home/airflow/.local/lib/python3.7/site-packages/airflow/example_dags/example_sla_dag.py
[2023-10-27 05:52:15,147] {processor.py:641} INFO - Processing file /home/airflow/.local/lib/python3.7/site-packages/airflow/example_dags/example_sla_dag.py for tasks to queue
[2023-10-27 05:52:15,148] {logging_mixin.py:115} INFO - [2023-10-27 05:52:15,148] {dagbag.py:508} INFO - Filling up the DagBag from /home/airflow/.local/lib/python3.7/site-packages/airflow/example_dags/example_sla_dag.py
[2023-10-27 05:52:15,351] {processor.py:651} INFO - DAG(s) dict_keys(['example_sla_dag']) retrieved from /home/airflow/.local/lib/python3.7/site-packages/airflow/example_dags/example_sla_dag.py
[2023-10-27 05:52:15,375] {logging_mixin.py:115} INFO - [2023-10-27 05:52:15,375] {dag.py:2420} INFO - Sync 1 DAGs
[2023-10-27 05:52:15,410] {logging_mixin.py:115} INFO - [2023-10-27 05:52:15,410] {dag.py:2972} INFO - Setting next_dagrun for example_sla_dag to 2023-10-27T05:50:00+00:00, run_after=2023-10-27T05:52:00+00:00
[2023-10-27 05:52:15,433] {processor.py:161} INFO - Processing /home/airflow/.local/lib/python3.7/site-packages/airflow/example_dags/example_sla_dag.py took 0.291 seconds
[2023-10-27 05:52:46,178] {processor.py:153} INFO - Started process (PID=2808) to work on /home/airflow/.local/lib/python3.7/site-packages/airflow/example_dags/example_sla_dag.py
[2023-10-27 05:52:46,179] {processor.py:641} INFO - Processing file /home/airflow/.local/lib/python3.7/site-packages/airflow/example_dags/example_sla_dag.py for tasks to queue
[2023-10-27 05:52:46,180] {logging_mixin.py:115} INFO - [2023-10-27 05:52:46,180] {dagbag.py:508} INFO - Filling up the DagBag from /home/airflow/.local/lib/python3.7/site-packages/airflow/example_dags/example_sla_dag.py
[2023-10-27 05:52:46,361] {processor.py:651} INFO - DAG(s) dict_keys(['example_sla_dag']) retrieved from /home/airflow/.local/lib/python3.7/site-packages/airflow/example_dags/example_sla_dag.py
[2023-10-27 05:52:46,385] {logging_mixin.py:115} INFO - [2023-10-27 05:52:46,384] {dag.py:2420} INFO - Sync 1 DAGs
[2023-10-27 05:52:46,411] {logging_mixin.py:115} INFO - [2023-10-27 05:52:46,411] {dag.py:2972} INFO - Setting next_dagrun for example_sla_dag to 2023-10-27T05:50:00+00:00, run_after=2023-10-27T05:52:00+00:00
[2023-10-27 05:52:46,422] {processor.py:161} INFO - Processing /home/airflow/.local/lib/python3.7/site-packages/airflow/example_dags/example_sla_dag.py took 0.249 seconds
[2023-10-27 05:53:16,678] {processor.py:153} INFO - Started process (PID=2869) to work on /home/airflow/.local/lib/python3.7/site-packages/airflow/example_dags/example_sla_dag.py
[2023-10-27 05:53:16,679] {processor.py:641} INFO - Processing file /home/airflow/.local/lib/python3.7/site-packages/airflow/example_dags/example_sla_dag.py for tasks to queue
[2023-10-27 05:53:16,679] {logging_mixin.py:115} INFO - [2023-10-27 05:53:16,679] {dagbag.py:508} INFO - Filling up the DagBag from /home/airflow/.local/lib/python3.7/site-packages/airflow/example_dags/example_sla_dag.py
[2023-10-27 05:53:16,863] {processor.py:651} INFO - DAG(s) dict_keys(['example_sla_dag']) retrieved from /home/airflow/.local/lib/python3.7/site-packages/airflow/example_dags/example_sla_dag.py
[2023-10-27 05:53:16,887] {logging_mixin.py:115} INFO - [2023-10-27 05:53:16,887] {dag.py:2420} INFO - Sync 1 DAGs
[2023-10-27 05:53:16,918] {logging_mixin.py:115} INFO - [2023-10-27 05:53:16,918] {dag.py:2972} INFO - Setting next_dagrun for example_sla_dag to 2023-10-27T05:50:00+00:00, run_after=2023-10-27T05:52:00+00:00
[2023-10-27 05:53:16,932] {processor.py:161} INFO - Processing /home/airflow/.local/lib/python3.7/site-packages/airflow/example_dags/example_sla_dag.py took 0.258 seconds
[2023-10-27 05:53:47,025] {processor.py:153} INFO - Started process (PID=2921) to work on /home/airflow/.local/lib/python3.7/site-packages/airflow/example_dags/example_sla_dag.py
[2023-10-27 05:53:47,025] {processor.py:641} INFO - Processing file /home/airflow/.local/lib/python3.7/site-packages/airflow/example_dags/example_sla_dag.py for tasks to queue
[2023-10-27 05:53:47,026] {logging_mixin.py:115} INFO - [2023-10-27 05:53:47,026] {dagbag.py:508} INFO - Filling up the DagBag from /home/airflow/.local/lib/python3.7/site-packages/airflow/example_dags/example_sla_dag.py
[2023-10-27 05:53:47,204] {processor.py:651} INFO - DAG(s) dict_keys(['example_sla_dag']) retrieved from /home/airflow/.local/lib/python3.7/site-packages/airflow/example_dags/example_sla_dag.py
[2023-10-27 05:53:47,226] {logging_mixin.py:115} INFO - [2023-10-27 05:53:47,226] {dag.py:2420} INFO - Sync 1 DAGs
[2023-10-27 05:53:47,256] {logging_mixin.py:115} INFO - [2023-10-27 05:53:47,255] {dag.py:2972} INFO - Setting next_dagrun for example_sla_dag to 2023-10-27T05:50:00+00:00, run_after=2023-10-27T05:52:00+00:00
[2023-10-27 05:53:47,270] {processor.py:161} INFO - Processing /home/airflow/.local/lib/python3.7/site-packages/airflow/example_dags/example_sla_dag.py took 0.249 seconds
