[2023-10-27 05:19:34,972] {processor.py:153} INFO - Started process (PID=64) to work on /home/airflow/.local/lib/python3.7/site-packages/airflow/example_dags/example_trigger_target_dag.py
[2023-10-27 05:19:34,977] {processor.py:641} INFO - Processing file /home/airflow/.local/lib/python3.7/site-packages/airflow/example_dags/example_trigger_target_dag.py for tasks to queue
[2023-10-27 05:19:34,978] {logging_mixin.py:115} INFO - [2023-10-27 05:19:34,978] {dagbag.py:508} INFO - Filling up the DagBag from /home/airflow/.local/lib/python3.7/site-packages/airflow/example_dags/example_trigger_target_dag.py
[2023-10-27 05:19:35,020] {processor.py:651} INFO - DAG(s) dict_keys(['example_trigger_target_dag']) retrieved from /home/airflow/.local/lib/python3.7/site-packages/airflow/example_dags/example_trigger_target_dag.py
[2023-10-27 05:19:35,267] {logging_mixin.py:115} INFO - [2023-10-27 05:19:35,267] {manager.py:508} INFO - Created Permission View: can delete on DAG:example_trigger_target_dag
[2023-10-27 05:19:35,291] {logging_mixin.py:115} INFO - [2023-10-27 05:19:35,290] {manager.py:508} INFO - Created Permission View: can read on DAG:example_trigger_target_dag
[2023-10-27 05:19:35,312] {logging_mixin.py:115} INFO - [2023-10-27 05:19:35,311] {manager.py:508} INFO - Created Permission View: can edit on DAG:example_trigger_target_dag
[2023-10-27 05:19:35,312] {logging_mixin.py:115} INFO - [2023-10-27 05:19:35,312] {dag.py:2420} INFO - Sync 1 DAGs
[2023-10-27 05:19:35,343] {logging_mixin.py:115} INFO - [2023-10-27 05:19:35,343] {dag.py:2439} INFO - Creating ORM DAG for example_trigger_target_dag
[2023-10-27 05:19:35,382] {logging_mixin.py:115} INFO - [2023-10-27 05:19:35,382] {dag.py:2972} INFO - Setting next_dagrun for example_trigger_target_dag to None, run_after=None
[2023-10-27 05:19:35,417] {processor.py:161} INFO - Processing /home/airflow/.local/lib/python3.7/site-packages/airflow/example_dags/example_trigger_target_dag.py took 0.450 seconds
[2023-10-27 05:20:06,201] {processor.py:153} INFO - Started process (PID=127) to work on /home/airflow/.local/lib/python3.7/site-packages/airflow/example_dags/example_trigger_target_dag.py
[2023-10-27 05:20:06,201] {processor.py:641} INFO - Processing file /home/airflow/.local/lib/python3.7/site-packages/airflow/example_dags/example_trigger_target_dag.py for tasks to queue
[2023-10-27 05:20:06,202] {logging_mixin.py:115} INFO - [2023-10-27 05:20:06,202] {dagbag.py:508} INFO - Filling up the DagBag from /home/airflow/.local/lib/python3.7/site-packages/airflow/example_dags/example_trigger_target_dag.py
[2023-10-27 05:20:06,221] {processor.py:651} INFO - DAG(s) dict_keys(['example_trigger_target_dag']) retrieved from /home/airflow/.local/lib/python3.7/site-packages/airflow/example_dags/example_trigger_target_dag.py
[2023-10-27 05:20:06,255] {logging_mixin.py:115} INFO - [2023-10-27 05:20:06,255] {dag.py:2420} INFO - Sync 1 DAGs
[2023-10-27 05:20:06,282] {logging_mixin.py:115} INFO - [2023-10-27 05:20:06,282] {dag.py:2972} INFO - Setting next_dagrun for example_trigger_target_dag to None, run_after=None
[2023-10-27 05:20:06,295] {processor.py:161} INFO - Processing /home/airflow/.local/lib/python3.7/site-packages/airflow/example_dags/example_trigger_target_dag.py took 0.099 seconds
[2023-10-27 05:20:36,528] {processor.py:153} INFO - Started process (PID=188) to work on /home/airflow/.local/lib/python3.7/site-packages/airflow/example_dags/example_trigger_target_dag.py
[2023-10-27 05:20:36,529] {processor.py:641} INFO - Processing file /home/airflow/.local/lib/python3.7/site-packages/airflow/example_dags/example_trigger_target_dag.py for tasks to queue
[2023-10-27 05:20:36,530] {logging_mixin.py:115} INFO - [2023-10-27 05:20:36,530] {dagbag.py:508} INFO - Filling up the DagBag from /home/airflow/.local/lib/python3.7/site-packages/airflow/example_dags/example_trigger_target_dag.py
[2023-10-27 05:20:36,548] {processor.py:651} INFO - DAG(s) dict_keys(['example_trigger_target_dag']) retrieved from /home/airflow/.local/lib/python3.7/site-packages/airflow/example_dags/example_trigger_target_dag.py
[2023-10-27 05:20:36,587] {logging_mixin.py:115} INFO - [2023-10-27 05:20:36,587] {dag.py:2420} INFO - Sync 1 DAGs
[2023-10-27 05:20:36,613] {logging_mixin.py:115} INFO - [2023-10-27 05:20:36,613] {dag.py:2972} INFO - Setting next_dagrun for example_trigger_target_dag to None, run_after=None
[2023-10-27 05:20:36,627] {processor.py:161} INFO - Processing /home/airflow/.local/lib/python3.7/site-packages/airflow/example_dags/example_trigger_target_dag.py took 0.103 seconds
[2023-10-27 05:21:06,732] {processor.py:153} INFO - Started process (PID=240) to work on /home/airflow/.local/lib/python3.7/site-packages/airflow/example_dags/example_trigger_target_dag.py
[2023-10-27 05:21:06,733] {processor.py:641} INFO - Processing file /home/airflow/.local/lib/python3.7/site-packages/airflow/example_dags/example_trigger_target_dag.py for tasks to queue
[2023-10-27 05:21:06,733] {logging_mixin.py:115} INFO - [2023-10-27 05:21:06,733] {dagbag.py:508} INFO - Filling up the DagBag from /home/airflow/.local/lib/python3.7/site-packages/airflow/example_dags/example_trigger_target_dag.py
[2023-10-27 05:21:06,752] {processor.py:651} INFO - DAG(s) dict_keys(['example_trigger_target_dag']) retrieved from /home/airflow/.local/lib/python3.7/site-packages/airflow/example_dags/example_trigger_target_dag.py
[2023-10-27 05:21:06,786] {logging_mixin.py:115} INFO - [2023-10-27 05:21:06,786] {dag.py:2420} INFO - Sync 1 DAGs
[2023-10-27 05:21:06,813] {logging_mixin.py:115} INFO - [2023-10-27 05:21:06,813] {dag.py:2972} INFO - Setting next_dagrun for example_trigger_target_dag to None, run_after=None
[2023-10-27 05:21:06,825] {processor.py:161} INFO - Processing /home/airflow/.local/lib/python3.7/site-packages/airflow/example_dags/example_trigger_target_dag.py took 0.097 seconds
[2023-10-27 05:21:36,933] {processor.py:153} INFO - Started process (PID=301) to work on /home/airflow/.local/lib/python3.7/site-packages/airflow/example_dags/example_trigger_target_dag.py
[2023-10-27 05:21:36,934] {processor.py:641} INFO - Processing file /home/airflow/.local/lib/python3.7/site-packages/airflow/example_dags/example_trigger_target_dag.py for tasks to queue
[2023-10-27 05:21:36,934] {logging_mixin.py:115} INFO - [2023-10-27 05:21:36,934] {dagbag.py:508} INFO - Filling up the DagBag from /home/airflow/.local/lib/python3.7/site-packages/airflow/example_dags/example_trigger_target_dag.py
[2023-10-27 05:21:36,952] {processor.py:651} INFO - DAG(s) dict_keys(['example_trigger_target_dag']) retrieved from /home/airflow/.local/lib/python3.7/site-packages/airflow/example_dags/example_trigger_target_dag.py
[2023-10-27 05:21:36,982] {logging_mixin.py:115} INFO - [2023-10-27 05:21:36,982] {dag.py:2420} INFO - Sync 1 DAGs
[2023-10-27 05:21:37,007] {logging_mixin.py:115} INFO - [2023-10-27 05:21:37,007] {dag.py:2972} INFO - Setting next_dagrun for example_trigger_target_dag to None, run_after=None
[2023-10-27 05:21:37,019] {processor.py:161} INFO - Processing /home/airflow/.local/lib/python3.7/site-packages/airflow/example_dags/example_trigger_target_dag.py took 0.090 seconds
[2023-10-27 05:22:07,141] {processor.py:153} INFO - Started process (PID=354) to work on /home/airflow/.local/lib/python3.7/site-packages/airflow/example_dags/example_trigger_target_dag.py
[2023-10-27 05:22:07,142] {processor.py:641} INFO - Processing file /home/airflow/.local/lib/python3.7/site-packages/airflow/example_dags/example_trigger_target_dag.py for tasks to queue
[2023-10-27 05:22:07,142] {logging_mixin.py:115} INFO - [2023-10-27 05:22:07,142] {dagbag.py:508} INFO - Filling up the DagBag from /home/airflow/.local/lib/python3.7/site-packages/airflow/example_dags/example_trigger_target_dag.py
[2023-10-27 05:22:07,160] {processor.py:651} INFO - DAG(s) dict_keys(['example_trigger_target_dag']) retrieved from /home/airflow/.local/lib/python3.7/site-packages/airflow/example_dags/example_trigger_target_dag.py
[2023-10-27 05:22:07,191] {logging_mixin.py:115} INFO - [2023-10-27 05:22:07,191] {dag.py:2420} INFO - Sync 1 DAGs
[2023-10-27 05:22:07,216] {logging_mixin.py:115} INFO - [2023-10-27 05:22:07,216] {dag.py:2972} INFO - Setting next_dagrun for example_trigger_target_dag to None, run_after=None
[2023-10-27 05:22:07,230] {processor.py:161} INFO - Processing /home/airflow/.local/lib/python3.7/site-packages/airflow/example_dags/example_trigger_target_dag.py took 0.094 seconds
[2023-10-27 05:22:37,335] {processor.py:153} INFO - Started process (PID=415) to work on /home/airflow/.local/lib/python3.7/site-packages/airflow/example_dags/example_trigger_target_dag.py
[2023-10-27 05:22:37,336] {processor.py:641} INFO - Processing file /home/airflow/.local/lib/python3.7/site-packages/airflow/example_dags/example_trigger_target_dag.py for tasks to queue
[2023-10-27 05:22:37,337] {logging_mixin.py:115} INFO - [2023-10-27 05:22:37,337] {dagbag.py:508} INFO - Filling up the DagBag from /home/airflow/.local/lib/python3.7/site-packages/airflow/example_dags/example_trigger_target_dag.py
[2023-10-27 05:22:37,356] {processor.py:651} INFO - DAG(s) dict_keys(['example_trigger_target_dag']) retrieved from /home/airflow/.local/lib/python3.7/site-packages/airflow/example_dags/example_trigger_target_dag.py
[2023-10-27 05:22:37,387] {logging_mixin.py:115} INFO - [2023-10-27 05:22:37,386] {dag.py:2420} INFO - Sync 1 DAGs
[2023-10-27 05:22:37,416] {logging_mixin.py:115} INFO - [2023-10-27 05:22:37,415] {dag.py:2972} INFO - Setting next_dagrun for example_trigger_target_dag to None, run_after=None
[2023-10-27 05:22:37,428] {processor.py:161} INFO - Processing /home/airflow/.local/lib/python3.7/site-packages/airflow/example_dags/example_trigger_target_dag.py took 0.097 seconds
[2023-10-27 05:23:07,538] {processor.py:153} INFO - Started process (PID=466) to work on /home/airflow/.local/lib/python3.7/site-packages/airflow/example_dags/example_trigger_target_dag.py
[2023-10-27 05:23:07,539] {processor.py:641} INFO - Processing file /home/airflow/.local/lib/python3.7/site-packages/airflow/example_dags/example_trigger_target_dag.py for tasks to queue
[2023-10-27 05:23:07,539] {logging_mixin.py:115} INFO - [2023-10-27 05:23:07,539] {dagbag.py:508} INFO - Filling up the DagBag from /home/airflow/.local/lib/python3.7/site-packages/airflow/example_dags/example_trigger_target_dag.py
[2023-10-27 05:23:07,557] {processor.py:651} INFO - DAG(s) dict_keys(['example_trigger_target_dag']) retrieved from /home/airflow/.local/lib/python3.7/site-packages/airflow/example_dags/example_trigger_target_dag.py
[2023-10-27 05:23:07,587] {logging_mixin.py:115} INFO - [2023-10-27 05:23:07,587] {dag.py:2420} INFO - Sync 1 DAGs
[2023-10-27 05:23:07,612] {logging_mixin.py:115} INFO - [2023-10-27 05:23:07,612] {dag.py:2972} INFO - Setting next_dagrun for example_trigger_target_dag to None, run_after=None
[2023-10-27 05:23:07,625] {processor.py:161} INFO - Processing /home/airflow/.local/lib/python3.7/site-packages/airflow/example_dags/example_trigger_target_dag.py took 0.092 seconds
[2023-10-27 05:25:01,562] {processor.py:153} INFO - Started process (PID=64) to work on /home/airflow/.local/lib/python3.7/site-packages/airflow/example_dags/example_trigger_target_dag.py
[2023-10-27 05:25:01,563] {processor.py:641} INFO - Processing file /home/airflow/.local/lib/python3.7/site-packages/airflow/example_dags/example_trigger_target_dag.py for tasks to queue
[2023-10-27 05:25:01,563] {logging_mixin.py:115} INFO - [2023-10-27 05:25:01,563] {dagbag.py:508} INFO - Filling up the DagBag from /home/airflow/.local/lib/python3.7/site-packages/airflow/example_dags/example_trigger_target_dag.py
[2023-10-27 05:25:01,581] {processor.py:651} INFO - DAG(s) dict_keys(['example_trigger_target_dag']) retrieved from /home/airflow/.local/lib/python3.7/site-packages/airflow/example_dags/example_trigger_target_dag.py
[2023-10-27 05:25:01,827] {logging_mixin.py:115} INFO - [2023-10-27 05:25:01,827] {dag.py:2420} INFO - Sync 1 DAGs
[2023-10-27 05:25:01,853] {logging_mixin.py:115} INFO - [2023-10-27 05:25:01,853] {dag.py:2972} INFO - Setting next_dagrun for example_trigger_target_dag to None, run_after=None
[2023-10-27 05:25:01,866] {processor.py:161} INFO - Processing /home/airflow/.local/lib/python3.7/site-packages/airflow/example_dags/example_trigger_target_dag.py took 0.308 seconds
[2023-10-27 05:25:31,912] {processor.py:153} INFO - Started process (PID=116) to work on /home/airflow/.local/lib/python3.7/site-packages/airflow/example_dags/example_trigger_target_dag.py
[2023-10-27 05:25:31,912] {processor.py:641} INFO - Processing file /home/airflow/.local/lib/python3.7/site-packages/airflow/example_dags/example_trigger_target_dag.py for tasks to queue
[2023-10-27 05:25:31,913] {logging_mixin.py:115} INFO - [2023-10-27 05:25:31,913] {dagbag.py:508} INFO - Filling up the DagBag from /home/airflow/.local/lib/python3.7/site-packages/airflow/example_dags/example_trigger_target_dag.py
[2023-10-27 05:25:31,931] {processor.py:651} INFO - DAG(s) dict_keys(['example_trigger_target_dag']) retrieved from /home/airflow/.local/lib/python3.7/site-packages/airflow/example_dags/example_trigger_target_dag.py
[2023-10-27 05:25:32,117] {logging_mixin.py:115} INFO - [2023-10-27 05:25:32,117] {dag.py:2420} INFO - Sync 1 DAGs
[2023-10-27 05:25:32,141] {logging_mixin.py:115} INFO - [2023-10-27 05:25:32,141] {dag.py:2972} INFO - Setting next_dagrun for example_trigger_target_dag to None, run_after=None
[2023-10-27 05:25:32,153] {processor.py:161} INFO - Processing /home/airflow/.local/lib/python3.7/site-packages/airflow/example_dags/example_trigger_target_dag.py took 0.245 seconds
[2023-10-27 05:26:03,013] {processor.py:153} INFO - Started process (PID=177) to work on /home/airflow/.local/lib/python3.7/site-packages/airflow/example_dags/example_trigger_target_dag.py
[2023-10-27 05:26:03,014] {processor.py:641} INFO - Processing file /home/airflow/.local/lib/python3.7/site-packages/airflow/example_dags/example_trigger_target_dag.py for tasks to queue
[2023-10-27 05:26:03,015] {logging_mixin.py:115} INFO - [2023-10-27 05:26:03,015] {dagbag.py:508} INFO - Filling up the DagBag from /home/airflow/.local/lib/python3.7/site-packages/airflow/example_dags/example_trigger_target_dag.py
[2023-10-27 05:26:03,038] {processor.py:651} INFO - DAG(s) dict_keys(['example_trigger_target_dag']) retrieved from /home/airflow/.local/lib/python3.7/site-packages/airflow/example_dags/example_trigger_target_dag.py
[2023-10-27 05:26:03,219] {logging_mixin.py:115} INFO - [2023-10-27 05:26:03,219] {dag.py:2420} INFO - Sync 1 DAGs
[2023-10-27 05:26:03,243] {logging_mixin.py:115} INFO - [2023-10-27 05:26:03,243] {dag.py:2972} INFO - Setting next_dagrun for example_trigger_target_dag to None, run_after=None
[2023-10-27 05:26:03,256] {processor.py:161} INFO - Processing /home/airflow/.local/lib/python3.7/site-packages/airflow/example_dags/example_trigger_target_dag.py took 0.247 seconds
[2023-10-27 05:26:33,942] {processor.py:153} INFO - Started process (PID=237) to work on /home/airflow/.local/lib/python3.7/site-packages/airflow/example_dags/example_trigger_target_dag.py
[2023-10-27 05:26:33,943] {processor.py:641} INFO - Processing file /home/airflow/.local/lib/python3.7/site-packages/airflow/example_dags/example_trigger_target_dag.py for tasks to queue
[2023-10-27 05:26:33,944] {logging_mixin.py:115} INFO - [2023-10-27 05:26:33,944] {dagbag.py:508} INFO - Filling up the DagBag from /home/airflow/.local/lib/python3.7/site-packages/airflow/example_dags/example_trigger_target_dag.py
[2023-10-27 05:26:33,966] {processor.py:651} INFO - DAG(s) dict_keys(['example_trigger_target_dag']) retrieved from /home/airflow/.local/lib/python3.7/site-packages/airflow/example_dags/example_trigger_target_dag.py
[2023-10-27 05:26:34,149] {logging_mixin.py:115} INFO - [2023-10-27 05:26:34,149] {dag.py:2420} INFO - Sync 1 DAGs
[2023-10-27 05:26:34,173] {logging_mixin.py:115} INFO - [2023-10-27 05:26:34,173] {dag.py:2972} INFO - Setting next_dagrun for example_trigger_target_dag to None, run_after=None
[2023-10-27 05:26:34,186] {processor.py:161} INFO - Processing /home/airflow/.local/lib/python3.7/site-packages/airflow/example_dags/example_trigger_target_dag.py took 0.247 seconds
[2023-10-27 05:27:04,654] {processor.py:153} INFO - Started process (PID=289) to work on /home/airflow/.local/lib/python3.7/site-packages/airflow/example_dags/example_trigger_target_dag.py
[2023-10-27 05:27:04,655] {processor.py:641} INFO - Processing file /home/airflow/.local/lib/python3.7/site-packages/airflow/example_dags/example_trigger_target_dag.py for tasks to queue
[2023-10-27 05:27:04,656] {logging_mixin.py:115} INFO - [2023-10-27 05:27:04,656] {dagbag.py:508} INFO - Filling up the DagBag from /home/airflow/.local/lib/python3.7/site-packages/airflow/example_dags/example_trigger_target_dag.py
[2023-10-27 05:27:04,678] {processor.py:651} INFO - DAG(s) dict_keys(['example_trigger_target_dag']) retrieved from /home/airflow/.local/lib/python3.7/site-packages/airflow/example_dags/example_trigger_target_dag.py
[2023-10-27 05:27:04,863] {logging_mixin.py:115} INFO - [2023-10-27 05:27:04,862] {dag.py:2420} INFO - Sync 1 DAGs
[2023-10-27 05:27:04,886] {logging_mixin.py:115} INFO - [2023-10-27 05:27:04,886] {dag.py:2972} INFO - Setting next_dagrun for example_trigger_target_dag to None, run_after=None
[2023-10-27 05:27:04,898] {processor.py:161} INFO - Processing /home/airflow/.local/lib/python3.7/site-packages/airflow/example_dags/example_trigger_target_dag.py took 0.249 seconds
[2023-10-27 05:28:18,490] {processor.py:153} INFO - Started process (PID=64) to work on /home/airflow/.local/lib/python3.7/site-packages/airflow/example_dags/example_trigger_target_dag.py
[2023-10-27 05:28:18,491] {processor.py:641} INFO - Processing file /home/airflow/.local/lib/python3.7/site-packages/airflow/example_dags/example_trigger_target_dag.py for tasks to queue
[2023-10-27 05:28:18,492] {logging_mixin.py:115} INFO - [2023-10-27 05:28:18,492] {dagbag.py:508} INFO - Filling up the DagBag from /home/airflow/.local/lib/python3.7/site-packages/airflow/example_dags/example_trigger_target_dag.py
[2023-10-27 05:28:18,511] {processor.py:651} INFO - DAG(s) dict_keys(['example_trigger_target_dag']) retrieved from /home/airflow/.local/lib/python3.7/site-packages/airflow/example_dags/example_trigger_target_dag.py
[2023-10-27 05:28:18,704] {logging_mixin.py:115} INFO - [2023-10-27 05:28:18,704] {dag.py:2420} INFO - Sync 1 DAGs
[2023-10-27 05:28:18,731] {logging_mixin.py:115} INFO - [2023-10-27 05:28:18,731] {dag.py:2972} INFO - Setting next_dagrun for example_trigger_target_dag to None, run_after=None
[2023-10-27 05:28:18,745] {processor.py:161} INFO - Processing /home/airflow/.local/lib/python3.7/site-packages/airflow/example_dags/example_trigger_target_dag.py took 0.259 seconds
[2023-10-27 05:28:51,664] {processor.py:153} INFO - Started process (PID=124) to work on /home/airflow/.local/lib/python3.7/site-packages/airflow/example_dags/example_trigger_target_dag.py
[2023-10-27 05:28:51,665] {processor.py:641} INFO - Processing file /home/airflow/.local/lib/python3.7/site-packages/airflow/example_dags/example_trigger_target_dag.py for tasks to queue
[2023-10-27 05:28:51,665] {logging_mixin.py:115} INFO - [2023-10-27 05:28:51,665] {dagbag.py:508} INFO - Filling up the DagBag from /home/airflow/.local/lib/python3.7/site-packages/airflow/example_dags/example_trigger_target_dag.py
[2023-10-27 05:28:51,683] {processor.py:651} INFO - DAG(s) dict_keys(['example_trigger_target_dag']) retrieved from /home/airflow/.local/lib/python3.7/site-packages/airflow/example_dags/example_trigger_target_dag.py
[2023-10-27 05:28:51,874] {logging_mixin.py:115} INFO - [2023-10-27 05:28:51,874] {dag.py:2420} INFO - Sync 1 DAGs
[2023-10-27 05:28:51,909] {logging_mixin.py:115} INFO - [2023-10-27 05:28:51,909] {dag.py:2972} INFO - Setting next_dagrun for example_trigger_target_dag to None, run_after=None
[2023-10-27 05:28:51,929] {processor.py:161} INFO - Processing /home/airflow/.local/lib/python3.7/site-packages/airflow/example_dags/example_trigger_target_dag.py took 0.270 seconds
[2023-10-27 05:29:21,987] {processor.py:153} INFO - Started process (PID=178) to work on /home/airflow/.local/lib/python3.7/site-packages/airflow/example_dags/example_trigger_target_dag.py
[2023-10-27 05:29:21,988] {processor.py:641} INFO - Processing file /home/airflow/.local/lib/python3.7/site-packages/airflow/example_dags/example_trigger_target_dag.py for tasks to queue
[2023-10-27 05:29:21,989] {logging_mixin.py:115} INFO - [2023-10-27 05:29:21,989] {dagbag.py:508} INFO - Filling up the DagBag from /home/airflow/.local/lib/python3.7/site-packages/airflow/example_dags/example_trigger_target_dag.py
[2023-10-27 05:29:22,013] {processor.py:651} INFO - DAG(s) dict_keys(['example_trigger_target_dag']) retrieved from /home/airflow/.local/lib/python3.7/site-packages/airflow/example_dags/example_trigger_target_dag.py
[2023-10-27 05:29:22,200] {logging_mixin.py:115} INFO - [2023-10-27 05:29:22,200] {dag.py:2420} INFO - Sync 1 DAGs
[2023-10-27 05:29:22,222] {logging_mixin.py:115} INFO - [2023-10-27 05:29:22,222] {dag.py:2972} INFO - Setting next_dagrun for example_trigger_target_dag to None, run_after=None
[2023-10-27 05:29:22,234] {processor.py:161} INFO - Processing /home/airflow/.local/lib/python3.7/site-packages/airflow/example_dags/example_trigger_target_dag.py took 0.253 seconds
[2023-10-27 05:29:52,468] {processor.py:153} INFO - Started process (PID=239) to work on /home/airflow/.local/lib/python3.7/site-packages/airflow/example_dags/example_trigger_target_dag.py
[2023-10-27 05:29:52,469] {processor.py:641} INFO - Processing file /home/airflow/.local/lib/python3.7/site-packages/airflow/example_dags/example_trigger_target_dag.py for tasks to queue
[2023-10-27 05:29:52,470] {logging_mixin.py:115} INFO - [2023-10-27 05:29:52,470] {dagbag.py:508} INFO - Filling up the DagBag from /home/airflow/.local/lib/python3.7/site-packages/airflow/example_dags/example_trigger_target_dag.py
[2023-10-27 05:29:52,493] {processor.py:651} INFO - DAG(s) dict_keys(['example_trigger_target_dag']) retrieved from /home/airflow/.local/lib/python3.7/site-packages/airflow/example_dags/example_trigger_target_dag.py
[2023-10-27 05:29:52,677] {logging_mixin.py:115} INFO - [2023-10-27 05:29:52,677] {dag.py:2420} INFO - Sync 1 DAGs
[2023-10-27 05:29:52,700] {logging_mixin.py:115} INFO - [2023-10-27 05:29:52,700] {dag.py:2972} INFO - Setting next_dagrun for example_trigger_target_dag to None, run_after=None
[2023-10-27 05:29:52,712] {processor.py:161} INFO - Processing /home/airflow/.local/lib/python3.7/site-packages/airflow/example_dags/example_trigger_target_dag.py took 0.248 seconds
[2023-10-27 05:30:24,425] {processor.py:153} INFO - Started process (PID=290) to work on /home/airflow/.local/lib/python3.7/site-packages/airflow/example_dags/example_trigger_target_dag.py
[2023-10-27 05:30:24,426] {processor.py:641} INFO - Processing file /home/airflow/.local/lib/python3.7/site-packages/airflow/example_dags/example_trigger_target_dag.py for tasks to queue
[2023-10-27 05:30:24,426] {logging_mixin.py:115} INFO - [2023-10-27 05:30:24,426] {dagbag.py:508} INFO - Filling up the DagBag from /home/airflow/.local/lib/python3.7/site-packages/airflow/example_dags/example_trigger_target_dag.py
[2023-10-27 05:30:24,448] {processor.py:651} INFO - DAG(s) dict_keys(['example_trigger_target_dag']) retrieved from /home/airflow/.local/lib/python3.7/site-packages/airflow/example_dags/example_trigger_target_dag.py
[2023-10-27 05:30:24,634] {logging_mixin.py:115} INFO - [2023-10-27 05:30:24,634] {dag.py:2420} INFO - Sync 1 DAGs
[2023-10-27 05:30:24,656] {logging_mixin.py:115} INFO - [2023-10-27 05:30:24,656] {dag.py:2972} INFO - Setting next_dagrun for example_trigger_target_dag to None, run_after=None
[2023-10-27 05:30:24,669] {processor.py:161} INFO - Processing /home/airflow/.local/lib/python3.7/site-packages/airflow/example_dags/example_trigger_target_dag.py took 0.248 seconds
[2023-10-27 05:30:55,178] {processor.py:153} INFO - Started process (PID=351) to work on /home/airflow/.local/lib/python3.7/site-packages/airflow/example_dags/example_trigger_target_dag.py
[2023-10-27 05:30:55,180] {processor.py:641} INFO - Processing file /home/airflow/.local/lib/python3.7/site-packages/airflow/example_dags/example_trigger_target_dag.py for tasks to queue
[2023-10-27 05:30:55,181] {logging_mixin.py:115} INFO - [2023-10-27 05:30:55,181] {dagbag.py:508} INFO - Filling up the DagBag from /home/airflow/.local/lib/python3.7/site-packages/airflow/example_dags/example_trigger_target_dag.py
[2023-10-27 05:30:55,203] {processor.py:651} INFO - DAG(s) dict_keys(['example_trigger_target_dag']) retrieved from /home/airflow/.local/lib/python3.7/site-packages/airflow/example_dags/example_trigger_target_dag.py
[2023-10-27 05:30:55,394] {logging_mixin.py:115} INFO - [2023-10-27 05:30:55,394] {dag.py:2420} INFO - Sync 1 DAGs
[2023-10-27 05:30:55,416] {logging_mixin.py:115} INFO - [2023-10-27 05:30:55,416] {dag.py:2972} INFO - Setting next_dagrun for example_trigger_target_dag to None, run_after=None
[2023-10-27 05:30:55,429] {processor.py:161} INFO - Processing /home/airflow/.local/lib/python3.7/site-packages/airflow/example_dags/example_trigger_target_dag.py took 0.255 seconds
[2023-10-27 05:31:25,493] {processor.py:153} INFO - Started process (PID=412) to work on /home/airflow/.local/lib/python3.7/site-packages/airflow/example_dags/example_trigger_target_dag.py
[2023-10-27 05:31:25,494] {processor.py:641} INFO - Processing file /home/airflow/.local/lib/python3.7/site-packages/airflow/example_dags/example_trigger_target_dag.py for tasks to queue
[2023-10-27 05:31:25,494] {logging_mixin.py:115} INFO - [2023-10-27 05:31:25,494] {dagbag.py:508} INFO - Filling up the DagBag from /home/airflow/.local/lib/python3.7/site-packages/airflow/example_dags/example_trigger_target_dag.py
[2023-10-27 05:31:25,512] {processor.py:651} INFO - DAG(s) dict_keys(['example_trigger_target_dag']) retrieved from /home/airflow/.local/lib/python3.7/site-packages/airflow/example_dags/example_trigger_target_dag.py
[2023-10-27 05:31:25,702] {logging_mixin.py:115} INFO - [2023-10-27 05:31:25,702] {dag.py:2420} INFO - Sync 1 DAGs
[2023-10-27 05:31:25,724] {logging_mixin.py:115} INFO - [2023-10-27 05:31:25,724] {dag.py:2972} INFO - Setting next_dagrun for example_trigger_target_dag to None, run_after=None
[2023-10-27 05:31:25,737] {processor.py:161} INFO - Processing /home/airflow/.local/lib/python3.7/site-packages/airflow/example_dags/example_trigger_target_dag.py took 0.248 seconds
[2023-10-27 05:31:55,988] {processor.py:153} INFO - Started process (PID=464) to work on /home/airflow/.local/lib/python3.7/site-packages/airflow/example_dags/example_trigger_target_dag.py
[2023-10-27 05:31:55,989] {processor.py:641} INFO - Processing file /home/airflow/.local/lib/python3.7/site-packages/airflow/example_dags/example_trigger_target_dag.py for tasks to queue
[2023-10-27 05:31:55,990] {logging_mixin.py:115} INFO - [2023-10-27 05:31:55,990] {dagbag.py:508} INFO - Filling up the DagBag from /home/airflow/.local/lib/python3.7/site-packages/airflow/example_dags/example_trigger_target_dag.py
[2023-10-27 05:31:56,013] {processor.py:651} INFO - DAG(s) dict_keys(['example_trigger_target_dag']) retrieved from /home/airflow/.local/lib/python3.7/site-packages/airflow/example_dags/example_trigger_target_dag.py
[2023-10-27 05:31:56,201] {logging_mixin.py:115} INFO - [2023-10-27 05:31:56,201] {dag.py:2420} INFO - Sync 1 DAGs
[2023-10-27 05:31:56,223] {logging_mixin.py:115} INFO - [2023-10-27 05:31:56,223] {dag.py:2972} INFO - Setting next_dagrun for example_trigger_target_dag to None, run_after=None
[2023-10-27 05:31:56,234] {processor.py:161} INFO - Processing /home/airflow/.local/lib/python3.7/site-packages/airflow/example_dags/example_trigger_target_dag.py took 0.251 seconds
[2023-10-27 05:32:26,406] {processor.py:153} INFO - Started process (PID=525) to work on /home/airflow/.local/lib/python3.7/site-packages/airflow/example_dags/example_trigger_target_dag.py
[2023-10-27 05:32:26,407] {processor.py:641} INFO - Processing file /home/airflow/.local/lib/python3.7/site-packages/airflow/example_dags/example_trigger_target_dag.py for tasks to queue
[2023-10-27 05:32:26,407] {logging_mixin.py:115} INFO - [2023-10-27 05:32:26,407] {dagbag.py:508} INFO - Filling up the DagBag from /home/airflow/.local/lib/python3.7/site-packages/airflow/example_dags/example_trigger_target_dag.py
[2023-10-27 05:32:26,430] {processor.py:651} INFO - DAG(s) dict_keys(['example_trigger_target_dag']) retrieved from /home/airflow/.local/lib/python3.7/site-packages/airflow/example_dags/example_trigger_target_dag.py
[2023-10-27 05:32:26,609] {logging_mixin.py:115} INFO - [2023-10-27 05:32:26,608] {dag.py:2420} INFO - Sync 1 DAGs
[2023-10-27 05:32:26,631] {logging_mixin.py:115} INFO - [2023-10-27 05:32:26,631] {dag.py:2972} INFO - Setting next_dagrun for example_trigger_target_dag to None, run_after=None
[2023-10-27 05:32:26,643] {processor.py:161} INFO - Processing /home/airflow/.local/lib/python3.7/site-packages/airflow/example_dags/example_trigger_target_dag.py took 0.241 seconds
[2023-10-27 05:32:56,850] {processor.py:153} INFO - Started process (PID=577) to work on /home/airflow/.local/lib/python3.7/site-packages/airflow/example_dags/example_trigger_target_dag.py
[2023-10-27 05:32:56,852] {processor.py:641} INFO - Processing file /home/airflow/.local/lib/python3.7/site-packages/airflow/example_dags/example_trigger_target_dag.py for tasks to queue
[2023-10-27 05:32:56,853] {logging_mixin.py:115} INFO - [2023-10-27 05:32:56,853] {dagbag.py:508} INFO - Filling up the DagBag from /home/airflow/.local/lib/python3.7/site-packages/airflow/example_dags/example_trigger_target_dag.py
[2023-10-27 05:32:56,877] {processor.py:651} INFO - DAG(s) dict_keys(['example_trigger_target_dag']) retrieved from /home/airflow/.local/lib/python3.7/site-packages/airflow/example_dags/example_trigger_target_dag.py
[2023-10-27 05:32:57,066] {logging_mixin.py:115} INFO - [2023-10-27 05:32:57,066] {dag.py:2420} INFO - Sync 1 DAGs
[2023-10-27 05:32:57,087] {logging_mixin.py:115} INFO - [2023-10-27 05:32:57,087] {dag.py:2972} INFO - Setting next_dagrun for example_trigger_target_dag to None, run_after=None
[2023-10-27 05:32:57,099] {processor.py:161} INFO - Processing /home/airflow/.local/lib/python3.7/site-packages/airflow/example_dags/example_trigger_target_dag.py took 0.253 seconds
[2023-10-27 05:33:27,628] {processor.py:153} INFO - Started process (PID=638) to work on /home/airflow/.local/lib/python3.7/site-packages/airflow/example_dags/example_trigger_target_dag.py
[2023-10-27 05:33:27,629] {processor.py:641} INFO - Processing file /home/airflow/.local/lib/python3.7/site-packages/airflow/example_dags/example_trigger_target_dag.py for tasks to queue
[2023-10-27 05:33:27,629] {logging_mixin.py:115} INFO - [2023-10-27 05:33:27,629] {dagbag.py:508} INFO - Filling up the DagBag from /home/airflow/.local/lib/python3.7/site-packages/airflow/example_dags/example_trigger_target_dag.py
[2023-10-27 05:33:27,653] {processor.py:651} INFO - DAG(s) dict_keys(['example_trigger_target_dag']) retrieved from /home/airflow/.local/lib/python3.7/site-packages/airflow/example_dags/example_trigger_target_dag.py
[2023-10-27 05:33:27,862] {logging_mixin.py:115} INFO - [2023-10-27 05:33:27,862] {dag.py:2420} INFO - Sync 1 DAGs
[2023-10-27 05:33:27,892] {logging_mixin.py:115} INFO - [2023-10-27 05:33:27,892] {dag.py:2972} INFO - Setting next_dagrun for example_trigger_target_dag to None, run_after=None
[2023-10-27 05:33:27,908] {processor.py:161} INFO - Processing /home/airflow/.local/lib/python3.7/site-packages/airflow/example_dags/example_trigger_target_dag.py took 0.285 seconds
[2023-10-27 05:33:58,851] {processor.py:153} INFO - Started process (PID=699) to work on /home/airflow/.local/lib/python3.7/site-packages/airflow/example_dags/example_trigger_target_dag.py
[2023-10-27 05:33:58,852] {processor.py:641} INFO - Processing file /home/airflow/.local/lib/python3.7/site-packages/airflow/example_dags/example_trigger_target_dag.py for tasks to queue
[2023-10-27 05:33:58,852] {logging_mixin.py:115} INFO - [2023-10-27 05:33:58,852] {dagbag.py:508} INFO - Filling up the DagBag from /home/airflow/.local/lib/python3.7/site-packages/airflow/example_dags/example_trigger_target_dag.py
[2023-10-27 05:33:58,876] {processor.py:651} INFO - DAG(s) dict_keys(['example_trigger_target_dag']) retrieved from /home/airflow/.local/lib/python3.7/site-packages/airflow/example_dags/example_trigger_target_dag.py
[2023-10-27 05:33:59,060] {logging_mixin.py:115} INFO - [2023-10-27 05:33:59,060] {dag.py:2420} INFO - Sync 1 DAGs
[2023-10-27 05:33:59,082] {logging_mixin.py:115} INFO - [2023-10-27 05:33:59,082] {dag.py:2972} INFO - Setting next_dagrun for example_trigger_target_dag to None, run_after=None
[2023-10-27 05:33:59,094] {processor.py:161} INFO - Processing /home/airflow/.local/lib/python3.7/site-packages/airflow/example_dags/example_trigger_target_dag.py took 0.247 seconds
[2023-10-27 05:34:29,905] {processor.py:153} INFO - Started process (PID=750) to work on /home/airflow/.local/lib/python3.7/site-packages/airflow/example_dags/example_trigger_target_dag.py
[2023-10-27 05:34:29,906] {processor.py:641} INFO - Processing file /home/airflow/.local/lib/python3.7/site-packages/airflow/example_dags/example_trigger_target_dag.py for tasks to queue
[2023-10-27 05:34:29,907] {logging_mixin.py:115} INFO - [2023-10-27 05:34:29,906] {dagbag.py:508} INFO - Filling up the DagBag from /home/airflow/.local/lib/python3.7/site-packages/airflow/example_dags/example_trigger_target_dag.py
[2023-10-27 05:34:29,929] {processor.py:651} INFO - DAG(s) dict_keys(['example_trigger_target_dag']) retrieved from /home/airflow/.local/lib/python3.7/site-packages/airflow/example_dags/example_trigger_target_dag.py
[2023-10-27 05:34:30,113] {logging_mixin.py:115} INFO - [2023-10-27 05:34:30,113] {dag.py:2420} INFO - Sync 1 DAGs
[2023-10-27 05:34:30,135] {logging_mixin.py:115} INFO - [2023-10-27 05:34:30,135] {dag.py:2972} INFO - Setting next_dagrun for example_trigger_target_dag to None, run_after=None
[2023-10-27 05:34:30,147] {processor.py:161} INFO - Processing /home/airflow/.local/lib/python3.7/site-packages/airflow/example_dags/example_trigger_target_dag.py took 0.246 seconds
[2023-10-27 05:35:00,898] {processor.py:153} INFO - Started process (PID=811) to work on /home/airflow/.local/lib/python3.7/site-packages/airflow/example_dags/example_trigger_target_dag.py
[2023-10-27 05:35:00,898] {processor.py:641} INFO - Processing file /home/airflow/.local/lib/python3.7/site-packages/airflow/example_dags/example_trigger_target_dag.py for tasks to queue
[2023-10-27 05:35:00,899] {logging_mixin.py:115} INFO - [2023-10-27 05:35:00,899] {dagbag.py:508} INFO - Filling up the DagBag from /home/airflow/.local/lib/python3.7/site-packages/airflow/example_dags/example_trigger_target_dag.py
[2023-10-27 05:35:00,921] {processor.py:651} INFO - DAG(s) dict_keys(['example_trigger_target_dag']) retrieved from /home/airflow/.local/lib/python3.7/site-packages/airflow/example_dags/example_trigger_target_dag.py
[2023-10-27 05:35:01,103] {logging_mixin.py:115} INFO - [2023-10-27 05:35:01,103] {dag.py:2420} INFO - Sync 1 DAGs
[2023-10-27 05:35:01,126] {logging_mixin.py:115} INFO - [2023-10-27 05:35:01,126] {dag.py:2972} INFO - Setting next_dagrun for example_trigger_target_dag to None, run_after=None
[2023-10-27 05:35:01,138] {processor.py:161} INFO - Processing /home/airflow/.local/lib/python3.7/site-packages/airflow/example_dags/example_trigger_target_dag.py took 0.245 seconds
[2023-10-27 05:35:31,252] {processor.py:153} INFO - Started process (PID=873) to work on /home/airflow/.local/lib/python3.7/site-packages/airflow/example_dags/example_trigger_target_dag.py
[2023-10-27 05:35:31,253] {processor.py:641} INFO - Processing file /home/airflow/.local/lib/python3.7/site-packages/airflow/example_dags/example_trigger_target_dag.py for tasks to queue
[2023-10-27 05:35:31,253] {logging_mixin.py:115} INFO - [2023-10-27 05:35:31,253] {dagbag.py:508} INFO - Filling up the DagBag from /home/airflow/.local/lib/python3.7/site-packages/airflow/example_dags/example_trigger_target_dag.py
[2023-10-27 05:35:31,276] {processor.py:651} INFO - DAG(s) dict_keys(['example_trigger_target_dag']) retrieved from /home/airflow/.local/lib/python3.7/site-packages/airflow/example_dags/example_trigger_target_dag.py
[2023-10-27 05:35:31,462] {logging_mixin.py:115} INFO - [2023-10-27 05:35:31,462] {dag.py:2420} INFO - Sync 1 DAGs
[2023-10-27 05:35:31,484] {logging_mixin.py:115} INFO - [2023-10-27 05:35:31,484] {dag.py:2972} INFO - Setting next_dagrun for example_trigger_target_dag to None, run_after=None
[2023-10-27 05:35:31,496] {processor.py:161} INFO - Processing /home/airflow/.local/lib/python3.7/site-packages/airflow/example_dags/example_trigger_target_dag.py took 0.249 seconds
[2023-10-27 05:36:02,101] {processor.py:153} INFO - Started process (PID=925) to work on /home/airflow/.local/lib/python3.7/site-packages/airflow/example_dags/example_trigger_target_dag.py
[2023-10-27 05:36:02,102] {processor.py:641} INFO - Processing file /home/airflow/.local/lib/python3.7/site-packages/airflow/example_dags/example_trigger_target_dag.py for tasks to queue
[2023-10-27 05:36:02,103] {logging_mixin.py:115} INFO - [2023-10-27 05:36:02,102] {dagbag.py:508} INFO - Filling up the DagBag from /home/airflow/.local/lib/python3.7/site-packages/airflow/example_dags/example_trigger_target_dag.py
[2023-10-27 05:36:02,124] {processor.py:651} INFO - DAG(s) dict_keys(['example_trigger_target_dag']) retrieved from /home/airflow/.local/lib/python3.7/site-packages/airflow/example_dags/example_trigger_target_dag.py
[2023-10-27 05:36:02,316] {logging_mixin.py:115} INFO - [2023-10-27 05:36:02,316] {dag.py:2420} INFO - Sync 1 DAGs
[2023-10-27 05:36:02,338] {logging_mixin.py:115} INFO - [2023-10-27 05:36:02,338] {dag.py:2972} INFO - Setting next_dagrun for example_trigger_target_dag to None, run_after=None
[2023-10-27 05:36:02,350] {processor.py:161} INFO - Processing /home/airflow/.local/lib/python3.7/site-packages/airflow/example_dags/example_trigger_target_dag.py took 0.253 seconds
[2023-10-27 05:36:33,187] {processor.py:153} INFO - Started process (PID=985) to work on /home/airflow/.local/lib/python3.7/site-packages/airflow/example_dags/example_trigger_target_dag.py
[2023-10-27 05:36:33,188] {processor.py:641} INFO - Processing file /home/airflow/.local/lib/python3.7/site-packages/airflow/example_dags/example_trigger_target_dag.py for tasks to queue
[2023-10-27 05:36:33,188] {logging_mixin.py:115} INFO - [2023-10-27 05:36:33,188] {dagbag.py:508} INFO - Filling up the DagBag from /home/airflow/.local/lib/python3.7/site-packages/airflow/example_dags/example_trigger_target_dag.py
[2023-10-27 05:36:33,211] {processor.py:651} INFO - DAG(s) dict_keys(['example_trigger_target_dag']) retrieved from /home/airflow/.local/lib/python3.7/site-packages/airflow/example_dags/example_trigger_target_dag.py
[2023-10-27 05:36:33,398] {logging_mixin.py:115} INFO - [2023-10-27 05:36:33,398] {dag.py:2420} INFO - Sync 1 DAGs
[2023-10-27 05:36:33,423] {logging_mixin.py:115} INFO - [2023-10-27 05:36:33,423] {dag.py:2972} INFO - Setting next_dagrun for example_trigger_target_dag to None, run_after=None
[2023-10-27 05:36:33,435] {processor.py:161} INFO - Processing /home/airflow/.local/lib/python3.7/site-packages/airflow/example_dags/example_trigger_target_dag.py took 0.252 seconds
[2023-10-27 05:37:03,572] {processor.py:153} INFO - Started process (PID=1044) to work on /home/airflow/.local/lib/python3.7/site-packages/airflow/example_dags/example_trigger_target_dag.py
[2023-10-27 05:37:03,573] {processor.py:641} INFO - Processing file /home/airflow/.local/lib/python3.7/site-packages/airflow/example_dags/example_trigger_target_dag.py for tasks to queue
[2023-10-27 05:37:03,574] {logging_mixin.py:115} INFO - [2023-10-27 05:37:03,574] {dagbag.py:508} INFO - Filling up the DagBag from /home/airflow/.local/lib/python3.7/site-packages/airflow/example_dags/example_trigger_target_dag.py
[2023-10-27 05:37:03,596] {processor.py:651} INFO - DAG(s) dict_keys(['example_trigger_target_dag']) retrieved from /home/airflow/.local/lib/python3.7/site-packages/airflow/example_dags/example_trigger_target_dag.py
[2023-10-27 05:37:03,793] {logging_mixin.py:115} INFO - [2023-10-27 05:37:03,793] {dag.py:2420} INFO - Sync 1 DAGs
[2023-10-27 05:37:03,822] {logging_mixin.py:115} INFO - [2023-10-27 05:37:03,821] {dag.py:2972} INFO - Setting next_dagrun for example_trigger_target_dag to None, run_after=None
[2023-10-27 05:37:03,833] {processor.py:161} INFO - Processing /home/airflow/.local/lib/python3.7/site-packages/airflow/example_dags/example_trigger_target_dag.py took 0.265 seconds
[2023-10-27 05:37:34,037] {processor.py:153} INFO - Started process (PID=1096) to work on /home/airflow/.local/lib/python3.7/site-packages/airflow/example_dags/example_trigger_target_dag.py
[2023-10-27 05:37:34,037] {processor.py:641} INFO - Processing file /home/airflow/.local/lib/python3.7/site-packages/airflow/example_dags/example_trigger_target_dag.py for tasks to queue
[2023-10-27 05:37:34,038] {logging_mixin.py:115} INFO - [2023-10-27 05:37:34,038] {dagbag.py:508} INFO - Filling up the DagBag from /home/airflow/.local/lib/python3.7/site-packages/airflow/example_dags/example_trigger_target_dag.py
[2023-10-27 05:37:34,061] {processor.py:651} INFO - DAG(s) dict_keys(['example_trigger_target_dag']) retrieved from /home/airflow/.local/lib/python3.7/site-packages/airflow/example_dags/example_trigger_target_dag.py
[2023-10-27 05:37:34,241] {logging_mixin.py:115} INFO - [2023-10-27 05:37:34,241] {dag.py:2420} INFO - Sync 1 DAGs
[2023-10-27 05:37:34,263] {logging_mixin.py:115} INFO - [2023-10-27 05:37:34,263] {dag.py:2972} INFO - Setting next_dagrun for example_trigger_target_dag to None, run_after=None
[2023-10-27 05:37:34,275] {processor.py:161} INFO - Processing /home/airflow/.local/lib/python3.7/site-packages/airflow/example_dags/example_trigger_target_dag.py took 0.243 seconds
[2023-10-27 05:38:04,443] {processor.py:153} INFO - Started process (PID=1157) to work on /home/airflow/.local/lib/python3.7/site-packages/airflow/example_dags/example_trigger_target_dag.py
[2023-10-27 05:38:04,444] {processor.py:641} INFO - Processing file /home/airflow/.local/lib/python3.7/site-packages/airflow/example_dags/example_trigger_target_dag.py for tasks to queue
[2023-10-27 05:38:04,445] {logging_mixin.py:115} INFO - [2023-10-27 05:38:04,445] {dagbag.py:508} INFO - Filling up the DagBag from /home/airflow/.local/lib/python3.7/site-packages/airflow/example_dags/example_trigger_target_dag.py
[2023-10-27 05:38:04,466] {processor.py:651} INFO - DAG(s) dict_keys(['example_trigger_target_dag']) retrieved from /home/airflow/.local/lib/python3.7/site-packages/airflow/example_dags/example_trigger_target_dag.py
[2023-10-27 05:38:04,641] {logging_mixin.py:115} INFO - [2023-10-27 05:38:04,641] {dag.py:2420} INFO - Sync 1 DAGs
[2023-10-27 05:38:04,662] {logging_mixin.py:115} INFO - [2023-10-27 05:38:04,662] {dag.py:2972} INFO - Setting next_dagrun for example_trigger_target_dag to None, run_after=None
[2023-10-27 05:38:04,674] {processor.py:161} INFO - Processing /home/airflow/.local/lib/python3.7/site-packages/airflow/example_dags/example_trigger_target_dag.py took 0.234 seconds
[2023-10-27 05:38:34,892] {processor.py:153} INFO - Started process (PID=1209) to work on /home/airflow/.local/lib/python3.7/site-packages/airflow/example_dags/example_trigger_target_dag.py
[2023-10-27 05:38:34,893] {processor.py:641} INFO - Processing file /home/airflow/.local/lib/python3.7/site-packages/airflow/example_dags/example_trigger_target_dag.py for tasks to queue
[2023-10-27 05:38:34,894] {logging_mixin.py:115} INFO - [2023-10-27 05:38:34,893] {dagbag.py:508} INFO - Filling up the DagBag from /home/airflow/.local/lib/python3.7/site-packages/airflow/example_dags/example_trigger_target_dag.py
[2023-10-27 05:38:34,918] {processor.py:651} INFO - DAG(s) dict_keys(['example_trigger_target_dag']) retrieved from /home/airflow/.local/lib/python3.7/site-packages/airflow/example_dags/example_trigger_target_dag.py
[2023-10-27 05:38:35,134] {logging_mixin.py:115} INFO - [2023-10-27 05:38:35,133] {dag.py:2420} INFO - Sync 1 DAGs
[2023-10-27 05:38:35,181] {logging_mixin.py:115} INFO - [2023-10-27 05:38:35,181] {dag.py:2972} INFO - Setting next_dagrun for example_trigger_target_dag to None, run_after=None
[2023-10-27 05:38:35,196] {processor.py:161} INFO - Processing /home/airflow/.local/lib/python3.7/site-packages/airflow/example_dags/example_trigger_target_dag.py took 0.308 seconds
[2023-10-27 05:39:05,372] {processor.py:153} INFO - Started process (PID=1271) to work on /home/airflow/.local/lib/python3.7/site-packages/airflow/example_dags/example_trigger_target_dag.py
[2023-10-27 05:39:05,373] {processor.py:641} INFO - Processing file /home/airflow/.local/lib/python3.7/site-packages/airflow/example_dags/example_trigger_target_dag.py for tasks to queue
[2023-10-27 05:39:05,373] {logging_mixin.py:115} INFO - [2023-10-27 05:39:05,373] {dagbag.py:508} INFO - Filling up the DagBag from /home/airflow/.local/lib/python3.7/site-packages/airflow/example_dags/example_trigger_target_dag.py
[2023-10-27 05:39:05,396] {processor.py:651} INFO - DAG(s) dict_keys(['example_trigger_target_dag']) retrieved from /home/airflow/.local/lib/python3.7/site-packages/airflow/example_dags/example_trigger_target_dag.py
[2023-10-27 05:39:05,583] {logging_mixin.py:115} INFO - [2023-10-27 05:39:05,583] {dag.py:2420} INFO - Sync 1 DAGs
[2023-10-27 05:39:05,608] {logging_mixin.py:115} INFO - [2023-10-27 05:39:05,607] {dag.py:2972} INFO - Setting next_dagrun for example_trigger_target_dag to None, run_after=None
[2023-10-27 05:39:05,620] {processor.py:161} INFO - Processing /home/airflow/.local/lib/python3.7/site-packages/airflow/example_dags/example_trigger_target_dag.py took 0.252 seconds
[2023-10-27 05:39:36,033] {processor.py:153} INFO - Started process (PID=1330) to work on /home/airflow/.local/lib/python3.7/site-packages/airflow/example_dags/example_trigger_target_dag.py
[2023-10-27 05:39:36,034] {processor.py:641} INFO - Processing file /home/airflow/.local/lib/python3.7/site-packages/airflow/example_dags/example_trigger_target_dag.py for tasks to queue
[2023-10-27 05:39:36,034] {logging_mixin.py:115} INFO - [2023-10-27 05:39:36,034] {dagbag.py:508} INFO - Filling up the DagBag from /home/airflow/.local/lib/python3.7/site-packages/airflow/example_dags/example_trigger_target_dag.py
[2023-10-27 05:39:36,057] {processor.py:651} INFO - DAG(s) dict_keys(['example_trigger_target_dag']) retrieved from /home/airflow/.local/lib/python3.7/site-packages/airflow/example_dags/example_trigger_target_dag.py
[2023-10-27 05:39:36,247] {logging_mixin.py:115} INFO - [2023-10-27 05:39:36,247] {dag.py:2420} INFO - Sync 1 DAGs
[2023-10-27 05:39:36,269] {logging_mixin.py:115} INFO - [2023-10-27 05:39:36,269] {dag.py:2972} INFO - Setting next_dagrun for example_trigger_target_dag to None, run_after=None
[2023-10-27 05:39:36,281] {processor.py:161} INFO - Processing /home/airflow/.local/lib/python3.7/site-packages/airflow/example_dags/example_trigger_target_dag.py took 0.252 seconds
[2023-10-27 05:40:06,908] {processor.py:153} INFO - Started process (PID=1382) to work on /home/airflow/.local/lib/python3.7/site-packages/airflow/example_dags/example_trigger_target_dag.py
[2023-10-27 05:40:06,909] {processor.py:641} INFO - Processing file /home/airflow/.local/lib/python3.7/site-packages/airflow/example_dags/example_trigger_target_dag.py for tasks to queue
[2023-10-27 05:40:06,910] {logging_mixin.py:115} INFO - [2023-10-27 05:40:06,910] {dagbag.py:508} INFO - Filling up the DagBag from /home/airflow/.local/lib/python3.7/site-packages/airflow/example_dags/example_trigger_target_dag.py
[2023-10-27 05:40:06,932] {processor.py:651} INFO - DAG(s) dict_keys(['example_trigger_target_dag']) retrieved from /home/airflow/.local/lib/python3.7/site-packages/airflow/example_dags/example_trigger_target_dag.py
[2023-10-27 05:40:07,114] {logging_mixin.py:115} INFO - [2023-10-27 05:40:07,114] {dag.py:2420} INFO - Sync 1 DAGs
[2023-10-27 05:40:07,137] {logging_mixin.py:115} INFO - [2023-10-27 05:40:07,137] {dag.py:2972} INFO - Setting next_dagrun for example_trigger_target_dag to None, run_after=None
[2023-10-27 05:40:07,149] {processor.py:161} INFO - Processing /home/airflow/.local/lib/python3.7/site-packages/airflow/example_dags/example_trigger_target_dag.py took 0.245 seconds
[2023-10-27 05:40:38,232] {processor.py:153} INFO - Started process (PID=1444) to work on /home/airflow/.local/lib/python3.7/site-packages/airflow/example_dags/example_trigger_target_dag.py
[2023-10-27 05:40:38,233] {processor.py:641} INFO - Processing file /home/airflow/.local/lib/python3.7/site-packages/airflow/example_dags/example_trigger_target_dag.py for tasks to queue
[2023-10-27 05:40:38,233] {logging_mixin.py:115} INFO - [2023-10-27 05:40:38,233] {dagbag.py:508} INFO - Filling up the DagBag from /home/airflow/.local/lib/python3.7/site-packages/airflow/example_dags/example_trigger_target_dag.py
[2023-10-27 05:40:38,255] {processor.py:651} INFO - DAG(s) dict_keys(['example_trigger_target_dag']) retrieved from /home/airflow/.local/lib/python3.7/site-packages/airflow/example_dags/example_trigger_target_dag.py
[2023-10-27 05:40:38,434] {logging_mixin.py:115} INFO - [2023-10-27 05:40:38,434] {dag.py:2420} INFO - Sync 1 DAGs
[2023-10-27 05:40:38,456] {logging_mixin.py:115} INFO - [2023-10-27 05:40:38,456] {dag.py:2972} INFO - Setting next_dagrun for example_trigger_target_dag to None, run_after=None
[2023-10-27 05:40:38,467] {processor.py:161} INFO - Processing /home/airflow/.local/lib/python3.7/site-packages/airflow/example_dags/example_trigger_target_dag.py took 0.239 seconds
[2023-10-27 05:41:08,626] {processor.py:153} INFO - Started process (PID=1502) to work on /home/airflow/.local/lib/python3.7/site-packages/airflow/example_dags/example_trigger_target_dag.py
[2023-10-27 05:41:08,626] {processor.py:641} INFO - Processing file /home/airflow/.local/lib/python3.7/site-packages/airflow/example_dags/example_trigger_target_dag.py for tasks to queue
[2023-10-27 05:41:08,627] {logging_mixin.py:115} INFO - [2023-10-27 05:41:08,627] {dagbag.py:508} INFO - Filling up the DagBag from /home/airflow/.local/lib/python3.7/site-packages/airflow/example_dags/example_trigger_target_dag.py
[2023-10-27 05:41:08,649] {processor.py:651} INFO - DAG(s) dict_keys(['example_trigger_target_dag']) retrieved from /home/airflow/.local/lib/python3.7/site-packages/airflow/example_dags/example_trigger_target_dag.py
[2023-10-27 05:41:08,831] {logging_mixin.py:115} INFO - [2023-10-27 05:41:08,831] {dag.py:2420} INFO - Sync 1 DAGs
[2023-10-27 05:41:08,853] {logging_mixin.py:115} INFO - [2023-10-27 05:41:08,853] {dag.py:2972} INFO - Setting next_dagrun for example_trigger_target_dag to None, run_after=None
[2023-10-27 05:41:08,866] {processor.py:161} INFO - Processing /home/airflow/.local/lib/python3.7/site-packages/airflow/example_dags/example_trigger_target_dag.py took 0.245 seconds
[2023-10-27 05:41:39,642] {processor.py:153} INFO - Started process (PID=1557) to work on /home/airflow/.local/lib/python3.7/site-packages/airflow/example_dags/example_trigger_target_dag.py
[2023-10-27 05:41:39,643] {processor.py:641} INFO - Processing file /home/airflow/.local/lib/python3.7/site-packages/airflow/example_dags/example_trigger_target_dag.py for tasks to queue
[2023-10-27 05:41:39,643] {logging_mixin.py:115} INFO - [2023-10-27 05:41:39,643] {dagbag.py:508} INFO - Filling up the DagBag from /home/airflow/.local/lib/python3.7/site-packages/airflow/example_dags/example_trigger_target_dag.py
[2023-10-27 05:41:39,682] {processor.py:651} INFO - DAG(s) dict_keys(['example_trigger_target_dag']) retrieved from /home/airflow/.local/lib/python3.7/site-packages/airflow/example_dags/example_trigger_target_dag.py
[2023-10-27 05:41:39,876] {logging_mixin.py:115} INFO - [2023-10-27 05:41:39,875] {dag.py:2420} INFO - Sync 1 DAGs
[2023-10-27 05:41:39,898] {logging_mixin.py:115} INFO - [2023-10-27 05:41:39,898] {dag.py:2972} INFO - Setting next_dagrun for example_trigger_target_dag to None, run_after=None
[2023-10-27 05:41:39,909] {processor.py:161} INFO - Processing /home/airflow/.local/lib/python3.7/site-packages/airflow/example_dags/example_trigger_target_dag.py took 0.271 seconds
[2023-10-27 05:42:10,420] {processor.py:153} INFO - Started process (PID=1609) to work on /home/airflow/.local/lib/python3.7/site-packages/airflow/example_dags/example_trigger_target_dag.py
[2023-10-27 05:42:10,421] {processor.py:641} INFO - Processing file /home/airflow/.local/lib/python3.7/site-packages/airflow/example_dags/example_trigger_target_dag.py for tasks to queue
[2023-10-27 05:42:10,421] {logging_mixin.py:115} INFO - [2023-10-27 05:42:10,421] {dagbag.py:508} INFO - Filling up the DagBag from /home/airflow/.local/lib/python3.7/site-packages/airflow/example_dags/example_trigger_target_dag.py
[2023-10-27 05:42:10,443] {processor.py:651} INFO - DAG(s) dict_keys(['example_trigger_target_dag']) retrieved from /home/airflow/.local/lib/python3.7/site-packages/airflow/example_dags/example_trigger_target_dag.py
[2023-10-27 05:42:10,628] {logging_mixin.py:115} INFO - [2023-10-27 05:42:10,628] {dag.py:2420} INFO - Sync 1 DAGs
[2023-10-27 05:42:10,660] {logging_mixin.py:115} INFO - [2023-10-27 05:42:10,660] {dag.py:2972} INFO - Setting next_dagrun for example_trigger_target_dag to None, run_after=None
[2023-10-27 05:42:10,672] {processor.py:161} INFO - Processing /home/airflow/.local/lib/python3.7/site-packages/airflow/example_dags/example_trigger_target_dag.py took 0.257 seconds
[2023-10-27 05:42:41,199] {processor.py:153} INFO - Started process (PID=1669) to work on /home/airflow/.local/lib/python3.7/site-packages/airflow/example_dags/example_trigger_target_dag.py
[2023-10-27 05:42:41,199] {processor.py:641} INFO - Processing file /home/airflow/.local/lib/python3.7/site-packages/airflow/example_dags/example_trigger_target_dag.py for tasks to queue
[2023-10-27 05:42:41,200] {logging_mixin.py:115} INFO - [2023-10-27 05:42:41,200] {dagbag.py:508} INFO - Filling up the DagBag from /home/airflow/.local/lib/python3.7/site-packages/airflow/example_dags/example_trigger_target_dag.py
[2023-10-27 05:42:41,223] {processor.py:651} INFO - DAG(s) dict_keys(['example_trigger_target_dag']) retrieved from /home/airflow/.local/lib/python3.7/site-packages/airflow/example_dags/example_trigger_target_dag.py
[2023-10-27 05:42:41,411] {logging_mixin.py:115} INFO - [2023-10-27 05:42:41,411] {dag.py:2420} INFO - Sync 1 DAGs
[2023-10-27 05:42:41,433] {logging_mixin.py:115} INFO - [2023-10-27 05:42:41,433] {dag.py:2972} INFO - Setting next_dagrun for example_trigger_target_dag to None, run_after=None
[2023-10-27 05:42:41,445] {processor.py:161} INFO - Processing /home/airflow/.local/lib/python3.7/site-packages/airflow/example_dags/example_trigger_target_dag.py took 0.251 seconds
[2023-10-27 05:43:11,555] {processor.py:153} INFO - Started process (PID=1730) to work on /home/airflow/.local/lib/python3.7/site-packages/airflow/example_dags/example_trigger_target_dag.py
[2023-10-27 05:43:11,556] {processor.py:641} INFO - Processing file /home/airflow/.local/lib/python3.7/site-packages/airflow/example_dags/example_trigger_target_dag.py for tasks to queue
[2023-10-27 05:43:11,557] {logging_mixin.py:115} INFO - [2023-10-27 05:43:11,557] {dagbag.py:508} INFO - Filling up the DagBag from /home/airflow/.local/lib/python3.7/site-packages/airflow/example_dags/example_trigger_target_dag.py
[2023-10-27 05:43:11,580] {processor.py:651} INFO - DAG(s) dict_keys(['example_trigger_target_dag']) retrieved from /home/airflow/.local/lib/python3.7/site-packages/airflow/example_dags/example_trigger_target_dag.py
[2023-10-27 05:43:11,765] {logging_mixin.py:115} INFO - [2023-10-27 05:43:11,765] {dag.py:2420} INFO - Sync 1 DAGs
[2023-10-27 05:43:11,790] {logging_mixin.py:115} INFO - [2023-10-27 05:43:11,790] {dag.py:2972} INFO - Setting next_dagrun for example_trigger_target_dag to None, run_after=None
[2023-10-27 05:43:11,804] {processor.py:161} INFO - Processing /home/airflow/.local/lib/python3.7/site-packages/airflow/example_dags/example_trigger_target_dag.py took 0.253 seconds
[2023-10-27 05:43:42,014] {processor.py:153} INFO - Started process (PID=1782) to work on /home/airflow/.local/lib/python3.7/site-packages/airflow/example_dags/example_trigger_target_dag.py
[2023-10-27 05:43:42,015] {processor.py:641} INFO - Processing file /home/airflow/.local/lib/python3.7/site-packages/airflow/example_dags/example_trigger_target_dag.py for tasks to queue
[2023-10-27 05:43:42,015] {logging_mixin.py:115} INFO - [2023-10-27 05:43:42,015] {dagbag.py:508} INFO - Filling up the DagBag from /home/airflow/.local/lib/python3.7/site-packages/airflow/example_dags/example_trigger_target_dag.py
[2023-10-27 05:43:42,203] {processor.py:651} INFO - DAG(s) dict_keys(['example_trigger_target_dag']) retrieved from /home/airflow/.local/lib/python3.7/site-packages/airflow/example_dags/example_trigger_target_dag.py
[2023-10-27 05:43:42,229] {logging_mixin.py:115} INFO - [2023-10-27 05:43:42,229] {dag.py:2420} INFO - Sync 1 DAGs
[2023-10-27 05:43:42,253] {logging_mixin.py:115} INFO - [2023-10-27 05:43:42,253] {dag.py:2972} INFO - Setting next_dagrun for example_trigger_target_dag to None, run_after=None
[2023-10-27 05:43:42,268] {processor.py:161} INFO - Processing /home/airflow/.local/lib/python3.7/site-packages/airflow/example_dags/example_trigger_target_dag.py took 0.258 seconds
[2023-10-27 05:44:12,401] {processor.py:153} INFO - Started process (PID=1842) to work on /home/airflow/.local/lib/python3.7/site-packages/airflow/example_dags/example_trigger_target_dag.py
[2023-10-27 05:44:12,401] {processor.py:641} INFO - Processing file /home/airflow/.local/lib/python3.7/site-packages/airflow/example_dags/example_trigger_target_dag.py for tasks to queue
[2023-10-27 05:44:12,402] {logging_mixin.py:115} INFO - [2023-10-27 05:44:12,402] {dagbag.py:508} INFO - Filling up the DagBag from /home/airflow/.local/lib/python3.7/site-packages/airflow/example_dags/example_trigger_target_dag.py
[2023-10-27 05:44:12,583] {processor.py:651} INFO - DAG(s) dict_keys(['example_trigger_target_dag']) retrieved from /home/airflow/.local/lib/python3.7/site-packages/airflow/example_dags/example_trigger_target_dag.py
[2023-10-27 05:44:12,604] {logging_mixin.py:115} INFO - [2023-10-27 05:44:12,604] {dag.py:2420} INFO - Sync 1 DAGs
[2023-10-27 05:44:12,625] {logging_mixin.py:115} INFO - [2023-10-27 05:44:12,625] {dag.py:2972} INFO - Setting next_dagrun for example_trigger_target_dag to None, run_after=None
[2023-10-27 05:44:12,637] {processor.py:161} INFO - Processing /home/airflow/.local/lib/python3.7/site-packages/airflow/example_dags/example_trigger_target_dag.py took 0.241 seconds
[2023-10-27 05:44:42,799] {processor.py:153} INFO - Started process (PID=1894) to work on /home/airflow/.local/lib/python3.7/site-packages/airflow/example_dags/example_trigger_target_dag.py
[2023-10-27 05:44:42,799] {processor.py:641} INFO - Processing file /home/airflow/.local/lib/python3.7/site-packages/airflow/example_dags/example_trigger_target_dag.py for tasks to queue
[2023-10-27 05:44:42,800] {logging_mixin.py:115} INFO - [2023-10-27 05:44:42,800] {dagbag.py:508} INFO - Filling up the DagBag from /home/airflow/.local/lib/python3.7/site-packages/airflow/example_dags/example_trigger_target_dag.py
[2023-10-27 05:44:42,991] {processor.py:651} INFO - DAG(s) dict_keys(['example_trigger_target_dag']) retrieved from /home/airflow/.local/lib/python3.7/site-packages/airflow/example_dags/example_trigger_target_dag.py
[2023-10-27 05:44:43,014] {logging_mixin.py:115} INFO - [2023-10-27 05:44:43,014] {dag.py:2420} INFO - Sync 1 DAGs
[2023-10-27 05:44:43,037] {logging_mixin.py:115} INFO - [2023-10-27 05:44:43,037] {dag.py:2972} INFO - Setting next_dagrun for example_trigger_target_dag to None, run_after=None
[2023-10-27 05:44:43,051] {processor.py:161} INFO - Processing /home/airflow/.local/lib/python3.7/site-packages/airflow/example_dags/example_trigger_target_dag.py took 0.257 seconds
[2023-10-27 05:45:13,267] {processor.py:153} INFO - Started process (PID=1956) to work on /home/airflow/.local/lib/python3.7/site-packages/airflow/example_dags/example_trigger_target_dag.py
[2023-10-27 05:45:13,267] {processor.py:641} INFO - Processing file /home/airflow/.local/lib/python3.7/site-packages/airflow/example_dags/example_trigger_target_dag.py for tasks to queue
[2023-10-27 05:45:13,268] {logging_mixin.py:115} INFO - [2023-10-27 05:45:13,268] {dagbag.py:508} INFO - Filling up the DagBag from /home/airflow/.local/lib/python3.7/site-packages/airflow/example_dags/example_trigger_target_dag.py
[2023-10-27 05:45:13,447] {processor.py:651} INFO - DAG(s) dict_keys(['example_trigger_target_dag']) retrieved from /home/airflow/.local/lib/python3.7/site-packages/airflow/example_dags/example_trigger_target_dag.py
[2023-10-27 05:45:13,469] {logging_mixin.py:115} INFO - [2023-10-27 05:45:13,468] {dag.py:2420} INFO - Sync 1 DAGs
[2023-10-27 05:45:13,491] {logging_mixin.py:115} INFO - [2023-10-27 05:45:13,491] {dag.py:2972} INFO - Setting next_dagrun for example_trigger_target_dag to None, run_after=None
[2023-10-27 05:45:13,503] {processor.py:161} INFO - Processing /home/airflow/.local/lib/python3.7/site-packages/airflow/example_dags/example_trigger_target_dag.py took 0.241 seconds
[2023-10-27 05:45:43,968] {processor.py:153} INFO - Started process (PID=2008) to work on /home/airflow/.local/lib/python3.7/site-packages/airflow/example_dags/example_trigger_target_dag.py
[2023-10-27 05:45:43,969] {processor.py:641} INFO - Processing file /home/airflow/.local/lib/python3.7/site-packages/airflow/example_dags/example_trigger_target_dag.py for tasks to queue
[2023-10-27 05:45:43,969] {logging_mixin.py:115} INFO - [2023-10-27 05:45:43,969] {dagbag.py:508} INFO - Filling up the DagBag from /home/airflow/.local/lib/python3.7/site-packages/airflow/example_dags/example_trigger_target_dag.py
[2023-10-27 05:45:44,150] {processor.py:651} INFO - DAG(s) dict_keys(['example_trigger_target_dag']) retrieved from /home/airflow/.local/lib/python3.7/site-packages/airflow/example_dags/example_trigger_target_dag.py
[2023-10-27 05:45:44,173] {logging_mixin.py:115} INFO - [2023-10-27 05:45:44,173] {dag.py:2420} INFO - Sync 1 DAGs
[2023-10-27 05:45:44,194] {logging_mixin.py:115} INFO - [2023-10-27 05:45:44,194] {dag.py:2972} INFO - Setting next_dagrun for example_trigger_target_dag to None, run_after=None
[2023-10-27 05:45:44,206] {processor.py:161} INFO - Processing /home/airflow/.local/lib/python3.7/site-packages/airflow/example_dags/example_trigger_target_dag.py took 0.242 seconds
[2023-10-27 05:46:14,432] {processor.py:153} INFO - Started process (PID=2071) to work on /home/airflow/.local/lib/python3.7/site-packages/airflow/example_dags/example_trigger_target_dag.py
[2023-10-27 05:46:14,433] {processor.py:641} INFO - Processing file /home/airflow/.local/lib/python3.7/site-packages/airflow/example_dags/example_trigger_target_dag.py for tasks to queue
[2023-10-27 05:46:14,434] {logging_mixin.py:115} INFO - [2023-10-27 05:46:14,433] {dagbag.py:508} INFO - Filling up the DagBag from /home/airflow/.local/lib/python3.7/site-packages/airflow/example_dags/example_trigger_target_dag.py
[2023-10-27 05:46:14,615] {processor.py:651} INFO - DAG(s) dict_keys(['example_trigger_target_dag']) retrieved from /home/airflow/.local/lib/python3.7/site-packages/airflow/example_dags/example_trigger_target_dag.py
[2023-10-27 05:46:14,637] {logging_mixin.py:115} INFO - [2023-10-27 05:46:14,637] {dag.py:2420} INFO - Sync 1 DAGs
[2023-10-27 05:46:14,658] {logging_mixin.py:115} INFO - [2023-10-27 05:46:14,658] {dag.py:2972} INFO - Setting next_dagrun for example_trigger_target_dag to None, run_after=None
[2023-10-27 05:46:14,671] {processor.py:161} INFO - Processing /home/airflow/.local/lib/python3.7/site-packages/airflow/example_dags/example_trigger_target_dag.py took 0.243 seconds
[2023-10-27 05:46:45,032] {processor.py:153} INFO - Started process (PID=2125) to work on /home/airflow/.local/lib/python3.7/site-packages/airflow/example_dags/example_trigger_target_dag.py
[2023-10-27 05:46:45,033] {processor.py:641} INFO - Processing file /home/airflow/.local/lib/python3.7/site-packages/airflow/example_dags/example_trigger_target_dag.py for tasks to queue
[2023-10-27 05:46:45,033] {logging_mixin.py:115} INFO - [2023-10-27 05:46:45,033] {dagbag.py:508} INFO - Filling up the DagBag from /home/airflow/.local/lib/python3.7/site-packages/airflow/example_dags/example_trigger_target_dag.py
[2023-10-27 05:46:45,217] {processor.py:651} INFO - DAG(s) dict_keys(['example_trigger_target_dag']) retrieved from /home/airflow/.local/lib/python3.7/site-packages/airflow/example_dags/example_trigger_target_dag.py
[2023-10-27 05:46:45,240] {logging_mixin.py:115} INFO - [2023-10-27 05:46:45,240] {dag.py:2420} INFO - Sync 1 DAGs
[2023-10-27 05:46:45,265] {logging_mixin.py:115} INFO - [2023-10-27 05:46:45,264] {dag.py:2972} INFO - Setting next_dagrun for example_trigger_target_dag to None, run_after=None
[2023-10-27 05:46:45,276] {processor.py:161} INFO - Processing /home/airflow/.local/lib/python3.7/site-packages/airflow/example_dags/example_trigger_target_dag.py took 0.248 seconds
[2023-10-27 05:47:15,551] {processor.py:153} INFO - Started process (PID=2188) to work on /home/airflow/.local/lib/python3.7/site-packages/airflow/example_dags/example_trigger_target_dag.py
[2023-10-27 05:47:15,552] {processor.py:641} INFO - Processing file /home/airflow/.local/lib/python3.7/site-packages/airflow/example_dags/example_trigger_target_dag.py for tasks to queue
[2023-10-27 05:47:15,552] {logging_mixin.py:115} INFO - [2023-10-27 05:47:15,552] {dagbag.py:508} INFO - Filling up the DagBag from /home/airflow/.local/lib/python3.7/site-packages/airflow/example_dags/example_trigger_target_dag.py
[2023-10-27 05:47:15,738] {processor.py:651} INFO - DAG(s) dict_keys(['example_trigger_target_dag']) retrieved from /home/airflow/.local/lib/python3.7/site-packages/airflow/example_dags/example_trigger_target_dag.py
[2023-10-27 05:47:15,761] {logging_mixin.py:115} INFO - [2023-10-27 05:47:15,761] {dag.py:2420} INFO - Sync 1 DAGs
[2023-10-27 05:47:15,786] {logging_mixin.py:115} INFO - [2023-10-27 05:47:15,786] {dag.py:2972} INFO - Setting next_dagrun for example_trigger_target_dag to None, run_after=None
[2023-10-27 05:47:15,800] {processor.py:161} INFO - Processing /home/airflow/.local/lib/python3.7/site-packages/airflow/example_dags/example_trigger_target_dag.py took 0.253 seconds
[2023-10-27 05:47:46,409] {processor.py:153} INFO - Started process (PID=2249) to work on /home/airflow/.local/lib/python3.7/site-packages/airflow/example_dags/example_trigger_target_dag.py
[2023-10-27 05:47:46,410] {processor.py:641} INFO - Processing file /home/airflow/.local/lib/python3.7/site-packages/airflow/example_dags/example_trigger_target_dag.py for tasks to queue
[2023-10-27 05:47:46,410] {logging_mixin.py:115} INFO - [2023-10-27 05:47:46,410] {dagbag.py:508} INFO - Filling up the DagBag from /home/airflow/.local/lib/python3.7/site-packages/airflow/example_dags/example_trigger_target_dag.py
[2023-10-27 05:47:46,594] {processor.py:651} INFO - DAG(s) dict_keys(['example_trigger_target_dag']) retrieved from /home/airflow/.local/lib/python3.7/site-packages/airflow/example_dags/example_trigger_target_dag.py
[2023-10-27 05:47:46,617] {logging_mixin.py:115} INFO - [2023-10-27 05:47:46,616] {dag.py:2420} INFO - Sync 1 DAGs
[2023-10-27 05:47:46,638] {logging_mixin.py:115} INFO - [2023-10-27 05:47:46,638] {dag.py:2972} INFO - Setting next_dagrun for example_trigger_target_dag to None, run_after=None
[2023-10-27 05:47:46,649] {processor.py:161} INFO - Processing /home/airflow/.local/lib/python3.7/site-packages/airflow/example_dags/example_trigger_target_dag.py took 0.245 seconds
[2023-10-27 05:48:16,897] {processor.py:153} INFO - Started process (PID=2301) to work on /home/airflow/.local/lib/python3.7/site-packages/airflow/example_dags/example_trigger_target_dag.py
[2023-10-27 05:48:16,897] {processor.py:641} INFO - Processing file /home/airflow/.local/lib/python3.7/site-packages/airflow/example_dags/example_trigger_target_dag.py for tasks to queue
[2023-10-27 05:48:16,898] {logging_mixin.py:115} INFO - [2023-10-27 05:48:16,898] {dagbag.py:508} INFO - Filling up the DagBag from /home/airflow/.local/lib/python3.7/site-packages/airflow/example_dags/example_trigger_target_dag.py
[2023-10-27 05:48:17,080] {processor.py:651} INFO - DAG(s) dict_keys(['example_trigger_target_dag']) retrieved from /home/airflow/.local/lib/python3.7/site-packages/airflow/example_dags/example_trigger_target_dag.py
[2023-10-27 05:48:17,102] {logging_mixin.py:115} INFO - [2023-10-27 05:48:17,102] {dag.py:2420} INFO - Sync 1 DAGs
[2023-10-27 05:48:17,125] {logging_mixin.py:115} INFO - [2023-10-27 05:48:17,125] {dag.py:2972} INFO - Setting next_dagrun for example_trigger_target_dag to None, run_after=None
[2023-10-27 05:48:17,136] {processor.py:161} INFO - Processing /home/airflow/.local/lib/python3.7/site-packages/airflow/example_dags/example_trigger_target_dag.py took 0.244 seconds
[2023-10-27 05:48:47,823] {processor.py:153} INFO - Started process (PID=2363) to work on /home/airflow/.local/lib/python3.7/site-packages/airflow/example_dags/example_trigger_target_dag.py
[2023-10-27 05:48:47,824] {processor.py:641} INFO - Processing file /home/airflow/.local/lib/python3.7/site-packages/airflow/example_dags/example_trigger_target_dag.py for tasks to queue
[2023-10-27 05:48:47,825] {logging_mixin.py:115} INFO - [2023-10-27 05:48:47,825] {dagbag.py:508} INFO - Filling up the DagBag from /home/airflow/.local/lib/python3.7/site-packages/airflow/example_dags/example_trigger_target_dag.py
[2023-10-27 05:48:48,018] {processor.py:651} INFO - DAG(s) dict_keys(['example_trigger_target_dag']) retrieved from /home/airflow/.local/lib/python3.7/site-packages/airflow/example_dags/example_trigger_target_dag.py
[2023-10-27 05:48:48,040] {logging_mixin.py:115} INFO - [2023-10-27 05:48:48,040] {dag.py:2420} INFO - Sync 1 DAGs
[2023-10-27 05:48:48,062] {logging_mixin.py:115} INFO - [2023-10-27 05:48:48,062] {dag.py:2972} INFO - Setting next_dagrun for example_trigger_target_dag to None, run_after=None
[2023-10-27 05:48:48,074] {processor.py:161} INFO - Processing /home/airflow/.local/lib/python3.7/site-packages/airflow/example_dags/example_trigger_target_dag.py took 0.255 seconds
[2023-10-27 05:49:18,288] {processor.py:153} INFO - Started process (PID=2425) to work on /home/airflow/.local/lib/python3.7/site-packages/airflow/example_dags/example_trigger_target_dag.py
[2023-10-27 05:49:18,288] {processor.py:641} INFO - Processing file /home/airflow/.local/lib/python3.7/site-packages/airflow/example_dags/example_trigger_target_dag.py for tasks to queue
[2023-10-27 05:49:18,289] {logging_mixin.py:115} INFO - [2023-10-27 05:49:18,289] {dagbag.py:508} INFO - Filling up the DagBag from /home/airflow/.local/lib/python3.7/site-packages/airflow/example_dags/example_trigger_target_dag.py
[2023-10-27 05:49:18,477] {processor.py:651} INFO - DAG(s) dict_keys(['example_trigger_target_dag']) retrieved from /home/airflow/.local/lib/python3.7/site-packages/airflow/example_dags/example_trigger_target_dag.py
[2023-10-27 05:49:18,500] {logging_mixin.py:115} INFO - [2023-10-27 05:49:18,500] {dag.py:2420} INFO - Sync 1 DAGs
[2023-10-27 05:49:18,526] {logging_mixin.py:115} INFO - [2023-10-27 05:49:18,526] {dag.py:2972} INFO - Setting next_dagrun for example_trigger_target_dag to None, run_after=None
[2023-10-27 05:49:18,538] {processor.py:161} INFO - Processing /home/airflow/.local/lib/python3.7/site-packages/airflow/example_dags/example_trigger_target_dag.py took 0.255 seconds
[2023-10-27 05:49:49,118] {processor.py:153} INFO - Started process (PID=2478) to work on /home/airflow/.local/lib/python3.7/site-packages/airflow/example_dags/example_trigger_target_dag.py
[2023-10-27 05:49:49,118] {processor.py:641} INFO - Processing file /home/airflow/.local/lib/python3.7/site-packages/airflow/example_dags/example_trigger_target_dag.py for tasks to queue
[2023-10-27 05:49:49,119] {logging_mixin.py:115} INFO - [2023-10-27 05:49:49,119] {dagbag.py:508} INFO - Filling up the DagBag from /home/airflow/.local/lib/python3.7/site-packages/airflow/example_dags/example_trigger_target_dag.py
[2023-10-27 05:49:49,299] {processor.py:651} INFO - DAG(s) dict_keys(['example_trigger_target_dag']) retrieved from /home/airflow/.local/lib/python3.7/site-packages/airflow/example_dags/example_trigger_target_dag.py
[2023-10-27 05:49:49,321] {logging_mixin.py:115} INFO - [2023-10-27 05:49:49,321] {dag.py:2420} INFO - Sync 1 DAGs
[2023-10-27 05:49:49,343] {logging_mixin.py:115} INFO - [2023-10-27 05:49:49,343] {dag.py:2972} INFO - Setting next_dagrun for example_trigger_target_dag to None, run_after=None
[2023-10-27 05:49:49,355] {processor.py:161} INFO - Processing /home/airflow/.local/lib/python3.7/site-packages/airflow/example_dags/example_trigger_target_dag.py took 0.241 seconds
[2023-10-27 05:50:19,505] {processor.py:153} INFO - Started process (PID=2540) to work on /home/airflow/.local/lib/python3.7/site-packages/airflow/example_dags/example_trigger_target_dag.py
[2023-10-27 05:50:19,505] {processor.py:641} INFO - Processing file /home/airflow/.local/lib/python3.7/site-packages/airflow/example_dags/example_trigger_target_dag.py for tasks to queue
[2023-10-27 05:50:19,506] {logging_mixin.py:115} INFO - [2023-10-27 05:50:19,506] {dagbag.py:508} INFO - Filling up the DagBag from /home/airflow/.local/lib/python3.7/site-packages/airflow/example_dags/example_trigger_target_dag.py
[2023-10-27 05:50:19,693] {processor.py:651} INFO - DAG(s) dict_keys(['example_trigger_target_dag']) retrieved from /home/airflow/.local/lib/python3.7/site-packages/airflow/example_dags/example_trigger_target_dag.py
[2023-10-27 05:50:19,716] {logging_mixin.py:115} INFO - [2023-10-27 05:50:19,716] {dag.py:2420} INFO - Sync 1 DAGs
[2023-10-27 05:50:19,739] {logging_mixin.py:115} INFO - [2023-10-27 05:50:19,739] {dag.py:2972} INFO - Setting next_dagrun for example_trigger_target_dag to None, run_after=None
[2023-10-27 05:50:19,751] {processor.py:161} INFO - Processing /home/airflow/.local/lib/python3.7/site-packages/airflow/example_dags/example_trigger_target_dag.py took 0.251 seconds
[2023-10-27 05:50:50,050] {processor.py:153} INFO - Started process (PID=2592) to work on /home/airflow/.local/lib/python3.7/site-packages/airflow/example_dags/example_trigger_target_dag.py
[2023-10-27 05:50:50,051] {processor.py:641} INFO - Processing file /home/airflow/.local/lib/python3.7/site-packages/airflow/example_dags/example_trigger_target_dag.py for tasks to queue
[2023-10-27 05:50:50,052] {logging_mixin.py:115} INFO - [2023-10-27 05:50:50,052] {dagbag.py:508} INFO - Filling up the DagBag from /home/airflow/.local/lib/python3.7/site-packages/airflow/example_dags/example_trigger_target_dag.py
[2023-10-27 05:50:50,233] {processor.py:651} INFO - DAG(s) dict_keys(['example_trigger_target_dag']) retrieved from /home/airflow/.local/lib/python3.7/site-packages/airflow/example_dags/example_trigger_target_dag.py
[2023-10-27 05:50:50,255] {logging_mixin.py:115} INFO - [2023-10-27 05:50:50,255] {dag.py:2420} INFO - Sync 1 DAGs
[2023-10-27 05:50:50,279] {logging_mixin.py:115} INFO - [2023-10-27 05:50:50,278] {dag.py:2972} INFO - Setting next_dagrun for example_trigger_target_dag to None, run_after=None
[2023-10-27 05:50:50,290] {processor.py:161} INFO - Processing /home/airflow/.local/lib/python3.7/site-packages/airflow/example_dags/example_trigger_target_dag.py took 0.244 seconds
[2023-10-27 05:51:20,881] {processor.py:153} INFO - Started process (PID=2653) to work on /home/airflow/.local/lib/python3.7/site-packages/airflow/example_dags/example_trigger_target_dag.py
[2023-10-27 05:51:20,881] {processor.py:641} INFO - Processing file /home/airflow/.local/lib/python3.7/site-packages/airflow/example_dags/example_trigger_target_dag.py for tasks to queue
[2023-10-27 05:51:20,882] {logging_mixin.py:115} INFO - [2023-10-27 05:51:20,882] {dagbag.py:508} INFO - Filling up the DagBag from /home/airflow/.local/lib/python3.7/site-packages/airflow/example_dags/example_trigger_target_dag.py
[2023-10-27 05:51:21,065] {processor.py:651} INFO - DAG(s) dict_keys(['example_trigger_target_dag']) retrieved from /home/airflow/.local/lib/python3.7/site-packages/airflow/example_dags/example_trigger_target_dag.py
[2023-10-27 05:51:21,089] {logging_mixin.py:115} INFO - [2023-10-27 05:51:21,089] {dag.py:2420} INFO - Sync 1 DAGs
[2023-10-27 05:51:21,112] {logging_mixin.py:115} INFO - [2023-10-27 05:51:21,112] {dag.py:2972} INFO - Setting next_dagrun for example_trigger_target_dag to None, run_after=None
[2023-10-27 05:51:21,124] {processor.py:161} INFO - Processing /home/airflow/.local/lib/python3.7/site-packages/airflow/example_dags/example_trigger_target_dag.py took 0.248 seconds
[2023-10-27 05:51:51,322] {processor.py:153} INFO - Started process (PID=2714) to work on /home/airflow/.local/lib/python3.7/site-packages/airflow/example_dags/example_trigger_target_dag.py
[2023-10-27 05:51:51,323] {processor.py:641} INFO - Processing file /home/airflow/.local/lib/python3.7/site-packages/airflow/example_dags/example_trigger_target_dag.py for tasks to queue
[2023-10-27 05:51:51,324] {logging_mixin.py:115} INFO - [2023-10-27 05:51:51,323] {dagbag.py:508} INFO - Filling up the DagBag from /home/airflow/.local/lib/python3.7/site-packages/airflow/example_dags/example_trigger_target_dag.py
[2023-10-27 05:51:51,509] {processor.py:651} INFO - DAG(s) dict_keys(['example_trigger_target_dag']) retrieved from /home/airflow/.local/lib/python3.7/site-packages/airflow/example_dags/example_trigger_target_dag.py
[2023-10-27 05:51:51,532] {logging_mixin.py:115} INFO - [2023-10-27 05:51:51,532] {dag.py:2420} INFO - Sync 1 DAGs
[2023-10-27 05:51:51,554] {logging_mixin.py:115} INFO - [2023-10-27 05:51:51,554] {dag.py:2972} INFO - Setting next_dagrun for example_trigger_target_dag to None, run_after=None
[2023-10-27 05:51:51,566] {processor.py:161} INFO - Processing /home/airflow/.local/lib/python3.7/site-packages/airflow/example_dags/example_trigger_target_dag.py took 0.249 seconds
[2023-10-27 05:52:21,788] {processor.py:153} INFO - Started process (PID=2767) to work on /home/airflow/.local/lib/python3.7/site-packages/airflow/example_dags/example_trigger_target_dag.py
[2023-10-27 05:52:21,789] {processor.py:641} INFO - Processing file /home/airflow/.local/lib/python3.7/site-packages/airflow/example_dags/example_trigger_target_dag.py for tasks to queue
[2023-10-27 05:52:21,789] {logging_mixin.py:115} INFO - [2023-10-27 05:52:21,789] {dagbag.py:508} INFO - Filling up the DagBag from /home/airflow/.local/lib/python3.7/site-packages/airflow/example_dags/example_trigger_target_dag.py
[2023-10-27 05:52:21,968] {processor.py:651} INFO - DAG(s) dict_keys(['example_trigger_target_dag']) retrieved from /home/airflow/.local/lib/python3.7/site-packages/airflow/example_dags/example_trigger_target_dag.py
[2023-10-27 05:52:21,990] {logging_mixin.py:115} INFO - [2023-10-27 05:52:21,990] {dag.py:2420} INFO - Sync 1 DAGs
[2023-10-27 05:52:22,012] {logging_mixin.py:115} INFO - [2023-10-27 05:52:22,011] {dag.py:2972} INFO - Setting next_dagrun for example_trigger_target_dag to None, run_after=None
[2023-10-27 05:52:22,023] {processor.py:161} INFO - Processing /home/airflow/.local/lib/python3.7/site-packages/airflow/example_dags/example_trigger_target_dag.py took 0.239 seconds
[2023-10-27 05:52:52,615] {processor.py:153} INFO - Started process (PID=2827) to work on /home/airflow/.local/lib/python3.7/site-packages/airflow/example_dags/example_trigger_target_dag.py
[2023-10-27 05:52:52,616] {processor.py:641} INFO - Processing file /home/airflow/.local/lib/python3.7/site-packages/airflow/example_dags/example_trigger_target_dag.py for tasks to queue
[2023-10-27 05:52:52,617] {logging_mixin.py:115} INFO - [2023-10-27 05:52:52,617] {dagbag.py:508} INFO - Filling up the DagBag from /home/airflow/.local/lib/python3.7/site-packages/airflow/example_dags/example_trigger_target_dag.py
[2023-10-27 05:52:52,802] {processor.py:651} INFO - DAG(s) dict_keys(['example_trigger_target_dag']) retrieved from /home/airflow/.local/lib/python3.7/site-packages/airflow/example_dags/example_trigger_target_dag.py
[2023-10-27 05:52:52,824] {logging_mixin.py:115} INFO - [2023-10-27 05:52:52,824] {dag.py:2420} INFO - Sync 1 DAGs
[2023-10-27 05:52:52,846] {logging_mixin.py:115} INFO - [2023-10-27 05:52:52,845] {dag.py:2972} INFO - Setting next_dagrun for example_trigger_target_dag to None, run_after=None
[2023-10-27 05:52:52,857] {processor.py:161} INFO - Processing /home/airflow/.local/lib/python3.7/site-packages/airflow/example_dags/example_trigger_target_dag.py took 0.246 seconds
[2023-10-27 05:53:23,012] {processor.py:153} INFO - Started process (PID=2879) to work on /home/airflow/.local/lib/python3.7/site-packages/airflow/example_dags/example_trigger_target_dag.py
[2023-10-27 05:53:23,013] {processor.py:641} INFO - Processing file /home/airflow/.local/lib/python3.7/site-packages/airflow/example_dags/example_trigger_target_dag.py for tasks to queue
[2023-10-27 05:53:23,013] {logging_mixin.py:115} INFO - [2023-10-27 05:53:23,013] {dagbag.py:508} INFO - Filling up the DagBag from /home/airflow/.local/lib/python3.7/site-packages/airflow/example_dags/example_trigger_target_dag.py
[2023-10-27 05:53:23,190] {processor.py:651} INFO - DAG(s) dict_keys(['example_trigger_target_dag']) retrieved from /home/airflow/.local/lib/python3.7/site-packages/airflow/example_dags/example_trigger_target_dag.py
[2023-10-27 05:53:23,213] {logging_mixin.py:115} INFO - [2023-10-27 05:53:23,212] {dag.py:2420} INFO - Sync 1 DAGs
[2023-10-27 05:53:23,235] {logging_mixin.py:115} INFO - [2023-10-27 05:53:23,235] {dag.py:2972} INFO - Setting next_dagrun for example_trigger_target_dag to None, run_after=None
[2023-10-27 05:53:23,247] {processor.py:161} INFO - Processing /home/airflow/.local/lib/python3.7/site-packages/airflow/example_dags/example_trigger_target_dag.py took 0.239 seconds
[2023-10-27 05:53:53,362] {processor.py:153} INFO - Started process (PID=2940) to work on /home/airflow/.local/lib/python3.7/site-packages/airflow/example_dags/example_trigger_target_dag.py
[2023-10-27 05:53:53,363] {processor.py:641} INFO - Processing file /home/airflow/.local/lib/python3.7/site-packages/airflow/example_dags/example_trigger_target_dag.py for tasks to queue
[2023-10-27 05:53:53,363] {logging_mixin.py:115} INFO - [2023-10-27 05:53:53,363] {dagbag.py:508} INFO - Filling up the DagBag from /home/airflow/.local/lib/python3.7/site-packages/airflow/example_dags/example_trigger_target_dag.py
[2023-10-27 05:53:53,540] {processor.py:651} INFO - DAG(s) dict_keys(['example_trigger_target_dag']) retrieved from /home/airflow/.local/lib/python3.7/site-packages/airflow/example_dags/example_trigger_target_dag.py
[2023-10-27 05:53:53,561] {logging_mixin.py:115} INFO - [2023-10-27 05:53:53,561] {dag.py:2420} INFO - Sync 1 DAGs
[2023-10-27 05:53:53,583] {logging_mixin.py:115} INFO - [2023-10-27 05:53:53,583] {dag.py:2972} INFO - Setting next_dagrun for example_trigger_target_dag to None, run_after=None
[2023-10-27 05:53:53,595] {processor.py:161} INFO - Processing /home/airflow/.local/lib/python3.7/site-packages/airflow/example_dags/example_trigger_target_dag.py took 0.237 seconds
