[2023-10-27 05:19:36,329] {processor.py:153} INFO - Started process (PID=78) to work on /home/airflow/.local/lib/python3.7/site-packages/airflow/example_dags/example_branch_day_of_week_operator.py
[2023-10-27 05:19:36,329] {processor.py:641} INFO - Processing file /home/airflow/.local/lib/python3.7/site-packages/airflow/example_dags/example_branch_day_of_week_operator.py for tasks to queue
[2023-10-27 05:19:36,330] {logging_mixin.py:115} INFO - [2023-10-27 05:19:36,330] {dagbag.py:508} INFO - Filling up the DagBag from /home/airflow/.local/lib/python3.7/site-packages/airflow/example_dags/example_branch_day_of_week_operator.py
[2023-10-27 05:19:36,390] {processor.py:651} INFO - DAG(s) dict_keys(['example_weekday_branch_operator']) retrieved from /home/airflow/.local/lib/python3.7/site-packages/airflow/example_dags/example_branch_day_of_week_operator.py
[2023-10-27 05:19:36,649] {logging_mixin.py:115} INFO - [2023-10-27 05:19:36,649] {manager.py:508} INFO - Created Permission View: can delete on DAG:example_weekday_branch_operator
[2023-10-27 05:19:36,668] {logging_mixin.py:115} INFO - [2023-10-27 05:19:36,667] {manager.py:508} INFO - Created Permission View: can read on DAG:example_weekday_branch_operator
[2023-10-27 05:19:36,682] {logging_mixin.py:115} INFO - [2023-10-27 05:19:36,682] {manager.py:508} INFO - Created Permission View: can edit on DAG:example_weekday_branch_operator
[2023-10-27 05:19:36,682] {logging_mixin.py:115} INFO - [2023-10-27 05:19:36,682] {dag.py:2420} INFO - Sync 1 DAGs
[2023-10-27 05:19:36,700] {logging_mixin.py:115} INFO - [2023-10-27 05:19:36,700] {dag.py:2439} INFO - Creating ORM DAG for example_weekday_branch_operator
[2023-10-27 05:19:36,735] {logging_mixin.py:115} INFO - [2023-10-27 05:19:36,734] {dag.py:2972} INFO - Setting next_dagrun for example_weekday_branch_operator to 2023-10-26T00:00:00+00:00, run_after=2023-10-27T00:00:00+00:00
[2023-10-27 05:19:36,773] {processor.py:161} INFO - Processing /home/airflow/.local/lib/python3.7/site-packages/airflow/example_dags/example_branch_day_of_week_operator.py took 0.461 seconds
[2023-10-27 05:20:07,434] {processor.py:153} INFO - Started process (PID=132) to work on /home/airflow/.local/lib/python3.7/site-packages/airflow/example_dags/example_branch_day_of_week_operator.py
[2023-10-27 05:20:07,434] {processor.py:641} INFO - Processing file /home/airflow/.local/lib/python3.7/site-packages/airflow/example_dags/example_branch_day_of_week_operator.py for tasks to queue
[2023-10-27 05:20:07,435] {logging_mixin.py:115} INFO - [2023-10-27 05:20:07,435] {dagbag.py:508} INFO - Filling up the DagBag from /home/airflow/.local/lib/python3.7/site-packages/airflow/example_dags/example_branch_day_of_week_operator.py
[2023-10-27 05:20:07,446] {processor.py:651} INFO - DAG(s) dict_keys(['example_weekday_branch_operator']) retrieved from /home/airflow/.local/lib/python3.7/site-packages/airflow/example_dags/example_branch_day_of_week_operator.py
[2023-10-27 05:20:07,480] {logging_mixin.py:115} INFO - [2023-10-27 05:20:07,480] {dag.py:2420} INFO - Sync 1 DAGs
[2023-10-27 05:20:07,513] {logging_mixin.py:115} INFO - [2023-10-27 05:20:07,513] {dag.py:2972} INFO - Setting next_dagrun for example_weekday_branch_operator to 2023-10-26T00:00:00+00:00, run_after=2023-10-27T00:00:00+00:00
[2023-10-27 05:20:07,529] {processor.py:161} INFO - Processing /home/airflow/.local/lib/python3.7/site-packages/airflow/example_dags/example_branch_day_of_week_operator.py took 0.099 seconds
[2023-10-27 05:20:37,763] {processor.py:153} INFO - Started process (PID=193) to work on /home/airflow/.local/lib/python3.7/site-packages/airflow/example_dags/example_branch_day_of_week_operator.py
[2023-10-27 05:20:37,764] {processor.py:641} INFO - Processing file /home/airflow/.local/lib/python3.7/site-packages/airflow/example_dags/example_branch_day_of_week_operator.py for tasks to queue
[2023-10-27 05:20:37,765] {logging_mixin.py:115} INFO - [2023-10-27 05:20:37,765] {dagbag.py:508} INFO - Filling up the DagBag from /home/airflow/.local/lib/python3.7/site-packages/airflow/example_dags/example_branch_day_of_week_operator.py
[2023-10-27 05:20:37,775] {processor.py:651} INFO - DAG(s) dict_keys(['example_weekday_branch_operator']) retrieved from /home/airflow/.local/lib/python3.7/site-packages/airflow/example_dags/example_branch_day_of_week_operator.py
[2023-10-27 05:20:37,805] {logging_mixin.py:115} INFO - [2023-10-27 05:20:37,805] {dag.py:2420} INFO - Sync 1 DAGs
[2023-10-27 05:20:37,834] {logging_mixin.py:115} INFO - [2023-10-27 05:20:37,833] {dag.py:2972} INFO - Setting next_dagrun for example_weekday_branch_operator to 2023-10-26T00:00:00+00:00, run_after=2023-10-27T00:00:00+00:00
[2023-10-27 05:20:37,848] {processor.py:161} INFO - Processing /home/airflow/.local/lib/python3.7/site-packages/airflow/example_dags/example_branch_day_of_week_operator.py took 0.088 seconds
[2023-10-27 05:21:07,970] {processor.py:153} INFO - Started process (PID=245) to work on /home/airflow/.local/lib/python3.7/site-packages/airflow/example_dags/example_branch_day_of_week_operator.py
[2023-10-27 05:21:07,971] {processor.py:641} INFO - Processing file /home/airflow/.local/lib/python3.7/site-packages/airflow/example_dags/example_branch_day_of_week_operator.py for tasks to queue
[2023-10-27 05:21:07,971] {logging_mixin.py:115} INFO - [2023-10-27 05:21:07,971] {dagbag.py:508} INFO - Filling up the DagBag from /home/airflow/.local/lib/python3.7/site-packages/airflow/example_dags/example_branch_day_of_week_operator.py
[2023-10-27 05:21:07,983] {processor.py:651} INFO - DAG(s) dict_keys(['example_weekday_branch_operator']) retrieved from /home/airflow/.local/lib/python3.7/site-packages/airflow/example_dags/example_branch_day_of_week_operator.py
[2023-10-27 05:21:08,015] {logging_mixin.py:115} INFO - [2023-10-27 05:21:08,015] {dag.py:2420} INFO - Sync 1 DAGs
[2023-10-27 05:21:08,043] {logging_mixin.py:115} INFO - [2023-10-27 05:21:08,043] {dag.py:2972} INFO - Setting next_dagrun for example_weekday_branch_operator to 2023-10-26T00:00:00+00:00, run_after=2023-10-27T00:00:00+00:00
[2023-10-27 05:21:08,056] {processor.py:161} INFO - Processing /home/airflow/.local/lib/python3.7/site-packages/airflow/example_dags/example_branch_day_of_week_operator.py took 0.090 seconds
[2023-10-27 05:21:38,150] {processor.py:153} INFO - Started process (PID=306) to work on /home/airflow/.local/lib/python3.7/site-packages/airflow/example_dags/example_branch_day_of_week_operator.py
[2023-10-27 05:21:38,151] {processor.py:641} INFO - Processing file /home/airflow/.local/lib/python3.7/site-packages/airflow/example_dags/example_branch_day_of_week_operator.py for tasks to queue
[2023-10-27 05:21:38,151] {logging_mixin.py:115} INFO - [2023-10-27 05:21:38,151] {dagbag.py:508} INFO - Filling up the DagBag from /home/airflow/.local/lib/python3.7/site-packages/airflow/example_dags/example_branch_day_of_week_operator.py
[2023-10-27 05:21:38,162] {processor.py:651} INFO - DAG(s) dict_keys(['example_weekday_branch_operator']) retrieved from /home/airflow/.local/lib/python3.7/site-packages/airflow/example_dags/example_branch_day_of_week_operator.py
[2023-10-27 05:21:38,192] {logging_mixin.py:115} INFO - [2023-10-27 05:21:38,192] {dag.py:2420} INFO - Sync 1 DAGs
[2023-10-27 05:21:38,221] {logging_mixin.py:115} INFO - [2023-10-27 05:21:38,221] {dag.py:2972} INFO - Setting next_dagrun for example_weekday_branch_operator to 2023-10-26T00:00:00+00:00, run_after=2023-10-27T00:00:00+00:00
[2023-10-27 05:21:38,234] {processor.py:161} INFO - Processing /home/airflow/.local/lib/python3.7/site-packages/airflow/example_dags/example_branch_day_of_week_operator.py took 0.088 seconds
[2023-10-27 05:22:08,391] {processor.py:153} INFO - Started process (PID=359) to work on /home/airflow/.local/lib/python3.7/site-packages/airflow/example_dags/example_branch_day_of_week_operator.py
[2023-10-27 05:22:08,392] {processor.py:641} INFO - Processing file /home/airflow/.local/lib/python3.7/site-packages/airflow/example_dags/example_branch_day_of_week_operator.py for tasks to queue
[2023-10-27 05:22:08,392] {logging_mixin.py:115} INFO - [2023-10-27 05:22:08,392] {dagbag.py:508} INFO - Filling up the DagBag from /home/airflow/.local/lib/python3.7/site-packages/airflow/example_dags/example_branch_day_of_week_operator.py
[2023-10-27 05:22:08,403] {processor.py:651} INFO - DAG(s) dict_keys(['example_weekday_branch_operator']) retrieved from /home/airflow/.local/lib/python3.7/site-packages/airflow/example_dags/example_branch_day_of_week_operator.py
[2023-10-27 05:22:08,435] {logging_mixin.py:115} INFO - [2023-10-27 05:22:08,435] {dag.py:2420} INFO - Sync 1 DAGs
[2023-10-27 05:22:08,464] {logging_mixin.py:115} INFO - [2023-10-27 05:22:08,464] {dag.py:2972} INFO - Setting next_dagrun for example_weekday_branch_operator to 2023-10-26T00:00:00+00:00, run_after=2023-10-27T00:00:00+00:00
[2023-10-27 05:22:08,477] {processor.py:161} INFO - Processing /home/airflow/.local/lib/python3.7/site-packages/airflow/example_dags/example_branch_day_of_week_operator.py took 0.090 seconds
[2023-10-27 05:22:38,579] {processor.py:153} INFO - Started process (PID=420) to work on /home/airflow/.local/lib/python3.7/site-packages/airflow/example_dags/example_branch_day_of_week_operator.py
[2023-10-27 05:22:38,580] {processor.py:641} INFO - Processing file /home/airflow/.local/lib/python3.7/site-packages/airflow/example_dags/example_branch_day_of_week_operator.py for tasks to queue
[2023-10-27 05:22:38,581] {logging_mixin.py:115} INFO - [2023-10-27 05:22:38,581] {dagbag.py:508} INFO - Filling up the DagBag from /home/airflow/.local/lib/python3.7/site-packages/airflow/example_dags/example_branch_day_of_week_operator.py
[2023-10-27 05:22:38,591] {processor.py:651} INFO - DAG(s) dict_keys(['example_weekday_branch_operator']) retrieved from /home/airflow/.local/lib/python3.7/site-packages/airflow/example_dags/example_branch_day_of_week_operator.py
[2023-10-27 05:22:38,620] {logging_mixin.py:115} INFO - [2023-10-27 05:22:38,620] {dag.py:2420} INFO - Sync 1 DAGs
[2023-10-27 05:22:38,647] {logging_mixin.py:115} INFO - [2023-10-27 05:22:38,647] {dag.py:2972} INFO - Setting next_dagrun for example_weekday_branch_operator to 2023-10-26T00:00:00+00:00, run_after=2023-10-27T00:00:00+00:00
[2023-10-27 05:22:38,663] {processor.py:161} INFO - Processing /home/airflow/.local/lib/python3.7/site-packages/airflow/example_dags/example_branch_day_of_week_operator.py took 0.088 seconds
[2023-10-27 05:23:08,773] {processor.py:153} INFO - Started process (PID=471) to work on /home/airflow/.local/lib/python3.7/site-packages/airflow/example_dags/example_branch_day_of_week_operator.py
[2023-10-27 05:23:08,773] {processor.py:641} INFO - Processing file /home/airflow/.local/lib/python3.7/site-packages/airflow/example_dags/example_branch_day_of_week_operator.py for tasks to queue
[2023-10-27 05:23:08,774] {logging_mixin.py:115} INFO - [2023-10-27 05:23:08,774] {dagbag.py:508} INFO - Filling up the DagBag from /home/airflow/.local/lib/python3.7/site-packages/airflow/example_dags/example_branch_day_of_week_operator.py
[2023-10-27 05:23:08,784] {processor.py:651} INFO - DAG(s) dict_keys(['example_weekday_branch_operator']) retrieved from /home/airflow/.local/lib/python3.7/site-packages/airflow/example_dags/example_branch_day_of_week_operator.py
[2023-10-27 05:23:08,814] {logging_mixin.py:115} INFO - [2023-10-27 05:23:08,814] {dag.py:2420} INFO - Sync 1 DAGs
[2023-10-27 05:23:08,843] {logging_mixin.py:115} INFO - [2023-10-27 05:23:08,843] {dag.py:2972} INFO - Setting next_dagrun for example_weekday_branch_operator to 2023-10-26T00:00:00+00:00, run_after=2023-10-27T00:00:00+00:00
[2023-10-27 05:23:08,858] {processor.py:161} INFO - Processing /home/airflow/.local/lib/python3.7/site-packages/airflow/example_dags/example_branch_day_of_week_operator.py took 0.089 seconds
[2023-10-27 05:25:02,224] {processor.py:153} INFO - Started process (PID=69) to work on /home/airflow/.local/lib/python3.7/site-packages/airflow/example_dags/example_branch_day_of_week_operator.py
[2023-10-27 05:25:02,225] {processor.py:641} INFO - Processing file /home/airflow/.local/lib/python3.7/site-packages/airflow/example_dags/example_branch_day_of_week_operator.py for tasks to queue
[2023-10-27 05:25:02,226] {logging_mixin.py:115} INFO - [2023-10-27 05:25:02,225] {dagbag.py:508} INFO - Filling up the DagBag from /home/airflow/.local/lib/python3.7/site-packages/airflow/example_dags/example_branch_day_of_week_operator.py
[2023-10-27 05:25:02,237] {processor.py:651} INFO - DAG(s) dict_keys(['example_weekday_branch_operator']) retrieved from /home/airflow/.local/lib/python3.7/site-packages/airflow/example_dags/example_branch_day_of_week_operator.py
[2023-10-27 05:25:02,273] {logging_mixin.py:115} INFO - [2023-10-27 05:25:02,273] {dag.py:2420} INFO - Sync 1 DAGs
[2023-10-27 05:25:02,469] {logging_mixin.py:115} INFO - [2023-10-27 05:25:02,469] {dag.py:2972} INFO - Setting next_dagrun for example_weekday_branch_operator to 2023-10-26T00:00:00+00:00, run_after=2023-10-27T00:00:00+00:00
[2023-10-27 05:25:02,481] {processor.py:161} INFO - Processing /home/airflow/.local/lib/python3.7/site-packages/airflow/example_dags/example_branch_day_of_week_operator.py took 0.262 seconds
[2023-10-27 05:25:32,747] {processor.py:153} INFO - Started process (PID=121) to work on /home/airflow/.local/lib/python3.7/site-packages/airflow/example_dags/example_branch_day_of_week_operator.py
[2023-10-27 05:25:32,748] {processor.py:641} INFO - Processing file /home/airflow/.local/lib/python3.7/site-packages/airflow/example_dags/example_branch_day_of_week_operator.py for tasks to queue
[2023-10-27 05:25:32,749] {logging_mixin.py:115} INFO - [2023-10-27 05:25:32,748] {dagbag.py:508} INFO - Filling up the DagBag from /home/airflow/.local/lib/python3.7/site-packages/airflow/example_dags/example_branch_day_of_week_operator.py
[2023-10-27 05:25:32,759] {processor.py:651} INFO - DAG(s) dict_keys(['example_weekday_branch_operator']) retrieved from /home/airflow/.local/lib/python3.7/site-packages/airflow/example_dags/example_branch_day_of_week_operator.py
[2023-10-27 05:25:32,795] {logging_mixin.py:115} INFO - [2023-10-27 05:25:32,795] {dag.py:2420} INFO - Sync 1 DAGs
[2023-10-27 05:25:32,975] {logging_mixin.py:115} INFO - [2023-10-27 05:25:32,975] {dag.py:2972} INFO - Setting next_dagrun for example_weekday_branch_operator to 2023-10-26T00:00:00+00:00, run_after=2023-10-27T00:00:00+00:00
[2023-10-27 05:25:32,986] {processor.py:161} INFO - Processing /home/airflow/.local/lib/python3.7/site-packages/airflow/example_dags/example_branch_day_of_week_operator.py took 0.243 seconds
[2023-10-27 05:26:03,625] {processor.py:153} INFO - Started process (PID=182) to work on /home/airflow/.local/lib/python3.7/site-packages/airflow/example_dags/example_branch_day_of_week_operator.py
[2023-10-27 05:26:03,626] {processor.py:641} INFO - Processing file /home/airflow/.local/lib/python3.7/site-packages/airflow/example_dags/example_branch_day_of_week_operator.py for tasks to queue
[2023-10-27 05:26:03,626] {logging_mixin.py:115} INFO - [2023-10-27 05:26:03,626] {dagbag.py:508} INFO - Filling up the DagBag from /home/airflow/.local/lib/python3.7/site-packages/airflow/example_dags/example_branch_day_of_week_operator.py
[2023-10-27 05:26:03,636] {processor.py:651} INFO - DAG(s) dict_keys(['example_weekday_branch_operator']) retrieved from /home/airflow/.local/lib/python3.7/site-packages/airflow/example_dags/example_branch_day_of_week_operator.py
[2023-10-27 05:26:03,671] {logging_mixin.py:115} INFO - [2023-10-27 05:26:03,671] {dag.py:2420} INFO - Sync 1 DAGs
[2023-10-27 05:26:03,852] {logging_mixin.py:115} INFO - [2023-10-27 05:26:03,852] {dag.py:2972} INFO - Setting next_dagrun for example_weekday_branch_operator to 2023-10-26T00:00:00+00:00, run_after=2023-10-27T00:00:00+00:00
[2023-10-27 05:26:03,865] {processor.py:161} INFO - Processing /home/airflow/.local/lib/python3.7/site-packages/airflow/example_dags/example_branch_day_of_week_operator.py took 0.244 seconds
[2023-10-27 05:26:34,531] {processor.py:153} INFO - Started process (PID=242) to work on /home/airflow/.local/lib/python3.7/site-packages/airflow/example_dags/example_branch_day_of_week_operator.py
[2023-10-27 05:26:34,532] {processor.py:641} INFO - Processing file /home/airflow/.local/lib/python3.7/site-packages/airflow/example_dags/example_branch_day_of_week_operator.py for tasks to queue
[2023-10-27 05:26:34,532] {logging_mixin.py:115} INFO - [2023-10-27 05:26:34,532] {dagbag.py:508} INFO - Filling up the DagBag from /home/airflow/.local/lib/python3.7/site-packages/airflow/example_dags/example_branch_day_of_week_operator.py
[2023-10-27 05:26:34,542] {processor.py:651} INFO - DAG(s) dict_keys(['example_weekday_branch_operator']) retrieved from /home/airflow/.local/lib/python3.7/site-packages/airflow/example_dags/example_branch_day_of_week_operator.py
[2023-10-27 05:26:34,577] {logging_mixin.py:115} INFO - [2023-10-27 05:26:34,577] {dag.py:2420} INFO - Sync 1 DAGs
[2023-10-27 05:26:34,778] {logging_mixin.py:115} INFO - [2023-10-27 05:26:34,778] {dag.py:2972} INFO - Setting next_dagrun for example_weekday_branch_operator to 2023-10-26T00:00:00+00:00, run_after=2023-10-27T00:00:00+00:00
[2023-10-27 05:26:34,791] {processor.py:161} INFO - Processing /home/airflow/.local/lib/python3.7/site-packages/airflow/example_dags/example_branch_day_of_week_operator.py took 0.264 seconds
[2023-10-27 05:27:05,243] {processor.py:153} INFO - Started process (PID=294) to work on /home/airflow/.local/lib/python3.7/site-packages/airflow/example_dags/example_branch_day_of_week_operator.py
[2023-10-27 05:27:05,244] {processor.py:641} INFO - Processing file /home/airflow/.local/lib/python3.7/site-packages/airflow/example_dags/example_branch_day_of_week_operator.py for tasks to queue
[2023-10-27 05:27:05,244] {logging_mixin.py:115} INFO - [2023-10-27 05:27:05,244] {dagbag.py:508} INFO - Filling up the DagBag from /home/airflow/.local/lib/python3.7/site-packages/airflow/example_dags/example_branch_day_of_week_operator.py
[2023-10-27 05:27:05,255] {processor.py:651} INFO - DAG(s) dict_keys(['example_weekday_branch_operator']) retrieved from /home/airflow/.local/lib/python3.7/site-packages/airflow/example_dags/example_branch_day_of_week_operator.py
[2023-10-27 05:27:05,288] {logging_mixin.py:115} INFO - [2023-10-27 05:27:05,288] {dag.py:2420} INFO - Sync 1 DAGs
[2023-10-27 05:27:05,461] {logging_mixin.py:115} INFO - [2023-10-27 05:27:05,461] {dag.py:2972} INFO - Setting next_dagrun for example_weekday_branch_operator to 2023-10-26T00:00:00+00:00, run_after=2023-10-27T00:00:00+00:00
[2023-10-27 05:27:05,473] {processor.py:161} INFO - Processing /home/airflow/.local/lib/python3.7/site-packages/airflow/example_dags/example_branch_day_of_week_operator.py took 0.234 seconds
[2023-10-27 05:28:19,255] {processor.py:153} INFO - Started process (PID=69) to work on /home/airflow/.local/lib/python3.7/site-packages/airflow/example_dags/example_branch_day_of_week_operator.py
[2023-10-27 05:28:19,256] {processor.py:641} INFO - Processing file /home/airflow/.local/lib/python3.7/site-packages/airflow/example_dags/example_branch_day_of_week_operator.py for tasks to queue
[2023-10-27 05:28:19,257] {logging_mixin.py:115} INFO - [2023-10-27 05:28:19,257] {dagbag.py:508} INFO - Filling up the DagBag from /home/airflow/.local/lib/python3.7/site-packages/airflow/example_dags/example_branch_day_of_week_operator.py
[2023-10-27 05:28:19,267] {processor.py:651} INFO - DAG(s) dict_keys(['example_weekday_branch_operator']) retrieved from /home/airflow/.local/lib/python3.7/site-packages/airflow/example_dags/example_branch_day_of_week_operator.py
[2023-10-27 05:28:19,301] {logging_mixin.py:115} INFO - [2023-10-27 05:28:19,301] {dag.py:2420} INFO - Sync 1 DAGs
[2023-10-27 05:28:19,485] {logging_mixin.py:115} INFO - [2023-10-27 05:28:19,485] {dag.py:2972} INFO - Setting next_dagrun for example_weekday_branch_operator to 2023-10-26T00:00:00+00:00, run_after=2023-10-27T00:00:00+00:00
[2023-10-27 05:28:19,505] {processor.py:161} INFO - Processing /home/airflow/.local/lib/python3.7/site-packages/airflow/example_dags/example_branch_day_of_week_operator.py took 0.254 seconds
[2023-10-27 05:28:52,528] {processor.py:153} INFO - Started process (PID=131) to work on /home/airflow/.local/lib/python3.7/site-packages/airflow/example_dags/example_branch_day_of_week_operator.py
[2023-10-27 05:28:52,529] {processor.py:641} INFO - Processing file /home/airflow/.local/lib/python3.7/site-packages/airflow/example_dags/example_branch_day_of_week_operator.py for tasks to queue
[2023-10-27 05:28:52,529] {logging_mixin.py:115} INFO - [2023-10-27 05:28:52,529] {dagbag.py:508} INFO - Filling up the DagBag from /home/airflow/.local/lib/python3.7/site-packages/airflow/example_dags/example_branch_day_of_week_operator.py
[2023-10-27 05:28:52,540] {processor.py:651} INFO - DAG(s) dict_keys(['example_weekday_branch_operator']) retrieved from /home/airflow/.local/lib/python3.7/site-packages/airflow/example_dags/example_branch_day_of_week_operator.py
[2023-10-27 05:28:52,579] {logging_mixin.py:115} INFO - [2023-10-27 05:28:52,579] {dag.py:2420} INFO - Sync 1 DAGs
[2023-10-27 05:28:52,806] {logging_mixin.py:115} INFO - [2023-10-27 05:28:52,806] {dag.py:2972} INFO - Setting next_dagrun for example_weekday_branch_operator to 2023-10-26T00:00:00+00:00, run_after=2023-10-27T00:00:00+00:00
[2023-10-27 05:28:52,822] {processor.py:161} INFO - Processing /home/airflow/.local/lib/python3.7/site-packages/airflow/example_dags/example_branch_day_of_week_operator.py took 0.298 seconds
[2023-10-27 05:29:23,073] {processor.py:153} INFO - Started process (PID=183) to work on /home/airflow/.local/lib/python3.7/site-packages/airflow/example_dags/example_branch_day_of_week_operator.py
[2023-10-27 05:29:23,073] {processor.py:641} INFO - Processing file /home/airflow/.local/lib/python3.7/site-packages/airflow/example_dags/example_branch_day_of_week_operator.py for tasks to queue
[2023-10-27 05:29:23,074] {logging_mixin.py:115} INFO - [2023-10-27 05:29:23,074] {dagbag.py:508} INFO - Filling up the DagBag from /home/airflow/.local/lib/python3.7/site-packages/airflow/example_dags/example_branch_day_of_week_operator.py
[2023-10-27 05:29:23,085] {processor.py:651} INFO - DAG(s) dict_keys(['example_weekday_branch_operator']) retrieved from /home/airflow/.local/lib/python3.7/site-packages/airflow/example_dags/example_branch_day_of_week_operator.py
[2023-10-27 05:29:23,128] {logging_mixin.py:115} INFO - [2023-10-27 05:29:23,128] {dag.py:2420} INFO - Sync 1 DAGs
[2023-10-27 05:29:23,310] {logging_mixin.py:115} INFO - [2023-10-27 05:29:23,310] {dag.py:2972} INFO - Setting next_dagrun for example_weekday_branch_operator to 2023-10-26T00:00:00+00:00, run_after=2023-10-27T00:00:00+00:00
[2023-10-27 05:29:23,322] {processor.py:161} INFO - Processing /home/airflow/.local/lib/python3.7/site-packages/airflow/example_dags/example_branch_day_of_week_operator.py took 0.253 seconds
[2023-10-27 05:29:53,508] {processor.py:153} INFO - Started process (PID=244) to work on /home/airflow/.local/lib/python3.7/site-packages/airflow/example_dags/example_branch_day_of_week_operator.py
[2023-10-27 05:29:53,509] {processor.py:641} INFO - Processing file /home/airflow/.local/lib/python3.7/site-packages/airflow/example_dags/example_branch_day_of_week_operator.py for tasks to queue
[2023-10-27 05:29:53,514] {logging_mixin.py:115} INFO - [2023-10-27 05:29:53,514] {dagbag.py:508} INFO - Filling up the DagBag from /home/airflow/.local/lib/python3.7/site-packages/airflow/example_dags/example_branch_day_of_week_operator.py
[2023-10-27 05:29:53,525] {processor.py:651} INFO - DAG(s) dict_keys(['example_weekday_branch_operator']) retrieved from /home/airflow/.local/lib/python3.7/site-packages/airflow/example_dags/example_branch_day_of_week_operator.py
[2023-10-27 05:29:53,560] {logging_mixin.py:115} INFO - [2023-10-27 05:29:53,560] {dag.py:2420} INFO - Sync 1 DAGs
[2023-10-27 05:29:53,758] {logging_mixin.py:115} INFO - [2023-10-27 05:29:53,758] {dag.py:2972} INFO - Setting next_dagrun for example_weekday_branch_operator to 2023-10-26T00:00:00+00:00, run_after=2023-10-27T00:00:00+00:00
[2023-10-27 05:29:53,773] {processor.py:161} INFO - Processing /home/airflow/.local/lib/python3.7/site-packages/airflow/example_dags/example_branch_day_of_week_operator.py took 0.269 seconds
[2023-10-27 05:30:25,529] {processor.py:153} INFO - Started process (PID=303) to work on /home/airflow/.local/lib/python3.7/site-packages/airflow/example_dags/example_branch_day_of_week_operator.py
[2023-10-27 05:30:25,530] {processor.py:641} INFO - Processing file /home/airflow/.local/lib/python3.7/site-packages/airflow/example_dags/example_branch_day_of_week_operator.py for tasks to queue
[2023-10-27 05:30:25,530] {logging_mixin.py:115} INFO - [2023-10-27 05:30:25,530] {dagbag.py:508} INFO - Filling up the DagBag from /home/airflow/.local/lib/python3.7/site-packages/airflow/example_dags/example_branch_day_of_week_operator.py
[2023-10-27 05:30:25,541] {processor.py:651} INFO - DAG(s) dict_keys(['example_weekday_branch_operator']) retrieved from /home/airflow/.local/lib/python3.7/site-packages/airflow/example_dags/example_branch_day_of_week_operator.py
[2023-10-27 05:30:25,575] {logging_mixin.py:115} INFO - [2023-10-27 05:30:25,575] {dag.py:2420} INFO - Sync 1 DAGs
[2023-10-27 05:30:25,752] {logging_mixin.py:115} INFO - [2023-10-27 05:30:25,752] {dag.py:2972} INFO - Setting next_dagrun for example_weekday_branch_operator to 2023-10-26T00:00:00+00:00, run_after=2023-10-27T00:00:00+00:00
[2023-10-27 05:30:25,764] {processor.py:161} INFO - Processing /home/airflow/.local/lib/python3.7/site-packages/airflow/example_dags/example_branch_day_of_week_operator.py took 0.239 seconds
[2023-10-27 05:31:00,996] {processor.py:153} INFO - Started process (PID=365) to work on /home/airflow/.local/lib/python3.7/site-packages/airflow/example_dags/example_branch_day_of_week_operator.py
[2023-10-27 05:31:00,997] {processor.py:641} INFO - Processing file /home/airflow/.local/lib/python3.7/site-packages/airflow/example_dags/example_branch_day_of_week_operator.py for tasks to queue
[2023-10-27 05:31:00,998] {logging_mixin.py:115} INFO - [2023-10-27 05:31:00,998] {dagbag.py:508} INFO - Filling up the DagBag from /home/airflow/.local/lib/python3.7/site-packages/airflow/example_dags/example_branch_day_of_week_operator.py
[2023-10-27 05:31:01,008] {processor.py:651} INFO - DAG(s) dict_keys(['example_weekday_branch_operator']) retrieved from /home/airflow/.local/lib/python3.7/site-packages/airflow/example_dags/example_branch_day_of_week_operator.py
[2023-10-27 05:31:01,041] {logging_mixin.py:115} INFO - [2023-10-27 05:31:01,041] {dag.py:2420} INFO - Sync 1 DAGs
[2023-10-27 05:31:01,224] {logging_mixin.py:115} INFO - [2023-10-27 05:31:01,224] {dag.py:2972} INFO - Setting next_dagrun for example_weekday_branch_operator to 2023-10-26T00:00:00+00:00, run_after=2023-10-27T00:00:00+00:00
[2023-10-27 05:31:01,236] {processor.py:161} INFO - Processing /home/airflow/.local/lib/python3.7/site-packages/airflow/example_dags/example_branch_day_of_week_operator.py took 0.244 seconds
[2023-10-27 05:31:31,796] {processor.py:153} INFO - Started process (PID=416) to work on /home/airflow/.local/lib/python3.7/site-packages/airflow/example_dags/example_branch_day_of_week_operator.py
[2023-10-27 05:31:31,796] {processor.py:641} INFO - Processing file /home/airflow/.local/lib/python3.7/site-packages/airflow/example_dags/example_branch_day_of_week_operator.py for tasks to queue
[2023-10-27 05:31:31,797] {logging_mixin.py:115} INFO - [2023-10-27 05:31:31,797] {dagbag.py:508} INFO - Filling up the DagBag from /home/airflow/.local/lib/python3.7/site-packages/airflow/example_dags/example_branch_day_of_week_operator.py
[2023-10-27 05:31:31,807] {processor.py:651} INFO - DAG(s) dict_keys(['example_weekday_branch_operator']) retrieved from /home/airflow/.local/lib/python3.7/site-packages/airflow/example_dags/example_branch_day_of_week_operator.py
[2023-10-27 05:31:31,840] {logging_mixin.py:115} INFO - [2023-10-27 05:31:31,840] {dag.py:2420} INFO - Sync 1 DAGs
[2023-10-27 05:31:32,016] {logging_mixin.py:115} INFO - [2023-10-27 05:31:32,016] {dag.py:2972} INFO - Setting next_dagrun for example_weekday_branch_operator to 2023-10-26T00:00:00+00:00, run_after=2023-10-27T00:00:00+00:00
[2023-10-27 05:31:32,028] {processor.py:161} INFO - Processing /home/airflow/.local/lib/python3.7/site-packages/airflow/example_dags/example_branch_day_of_week_operator.py took 0.236 seconds
[2023-10-27 05:32:02,509] {processor.py:153} INFO - Started process (PID=476) to work on /home/airflow/.local/lib/python3.7/site-packages/airflow/example_dags/example_branch_day_of_week_operator.py
[2023-10-27 05:32:02,510] {processor.py:641} INFO - Processing file /home/airflow/.local/lib/python3.7/site-packages/airflow/example_dags/example_branch_day_of_week_operator.py for tasks to queue
[2023-10-27 05:32:02,511] {logging_mixin.py:115} INFO - [2023-10-27 05:32:02,511] {dagbag.py:508} INFO - Filling up the DagBag from /home/airflow/.local/lib/python3.7/site-packages/airflow/example_dags/example_branch_day_of_week_operator.py
[2023-10-27 05:32:02,521] {processor.py:651} INFO - DAG(s) dict_keys(['example_weekday_branch_operator']) retrieved from /home/airflow/.local/lib/python3.7/site-packages/airflow/example_dags/example_branch_day_of_week_operator.py
[2023-10-27 05:32:02,555] {logging_mixin.py:115} INFO - [2023-10-27 05:32:02,554] {dag.py:2420} INFO - Sync 1 DAGs
[2023-10-27 05:32:02,741] {logging_mixin.py:115} INFO - [2023-10-27 05:32:02,741] {dag.py:2972} INFO - Setting next_dagrun for example_weekday_branch_operator to 2023-10-26T00:00:00+00:00, run_after=2023-10-27T00:00:00+00:00
[2023-10-27 05:32:02,753] {processor.py:161} INFO - Processing /home/airflow/.local/lib/python3.7/site-packages/airflow/example_dags/example_branch_day_of_week_operator.py took 0.248 seconds
[2023-10-27 05:32:32,922] {processor.py:153} INFO - Started process (PID=528) to work on /home/airflow/.local/lib/python3.7/site-packages/airflow/example_dags/example_branch_day_of_week_operator.py
[2023-10-27 05:32:32,923] {processor.py:641} INFO - Processing file /home/airflow/.local/lib/python3.7/site-packages/airflow/example_dags/example_branch_day_of_week_operator.py for tasks to queue
[2023-10-27 05:32:32,924] {logging_mixin.py:115} INFO - [2023-10-27 05:32:32,923] {dagbag.py:508} INFO - Filling up the DagBag from /home/airflow/.local/lib/python3.7/site-packages/airflow/example_dags/example_branch_day_of_week_operator.py
[2023-10-27 05:32:32,934] {processor.py:651} INFO - DAG(s) dict_keys(['example_weekday_branch_operator']) retrieved from /home/airflow/.local/lib/python3.7/site-packages/airflow/example_dags/example_branch_day_of_week_operator.py
[2023-10-27 05:32:32,971] {logging_mixin.py:115} INFO - [2023-10-27 05:32:32,971] {dag.py:2420} INFO - Sync 1 DAGs
[2023-10-27 05:32:33,164] {logging_mixin.py:115} INFO - [2023-10-27 05:32:33,163] {dag.py:2972} INFO - Setting next_dagrun for example_weekday_branch_operator to 2023-10-26T00:00:00+00:00, run_after=2023-10-27T00:00:00+00:00
[2023-10-27 05:32:33,177] {processor.py:161} INFO - Processing /home/airflow/.local/lib/python3.7/site-packages/airflow/example_dags/example_branch_day_of_week_operator.py took 0.258 seconds
[2023-10-27 05:33:03,381] {processor.py:153} INFO - Started process (PID=589) to work on /home/airflow/.local/lib/python3.7/site-packages/airflow/example_dags/example_branch_day_of_week_operator.py
[2023-10-27 05:33:03,382] {processor.py:641} INFO - Processing file /home/airflow/.local/lib/python3.7/site-packages/airflow/example_dags/example_branch_day_of_week_operator.py for tasks to queue
[2023-10-27 05:33:03,383] {logging_mixin.py:115} INFO - [2023-10-27 05:33:03,383] {dagbag.py:508} INFO - Filling up the DagBag from /home/airflow/.local/lib/python3.7/site-packages/airflow/example_dags/example_branch_day_of_week_operator.py
[2023-10-27 05:33:03,393] {processor.py:651} INFO - DAG(s) dict_keys(['example_weekday_branch_operator']) retrieved from /home/airflow/.local/lib/python3.7/site-packages/airflow/example_dags/example_branch_day_of_week_operator.py
[2023-10-27 05:33:03,426] {logging_mixin.py:115} INFO - [2023-10-27 05:33:03,426] {dag.py:2420} INFO - Sync 1 DAGs
[2023-10-27 05:33:03,608] {logging_mixin.py:115} INFO - [2023-10-27 05:33:03,608] {dag.py:2972} INFO - Setting next_dagrun for example_weekday_branch_operator to 2023-10-26T00:00:00+00:00, run_after=2023-10-27T00:00:00+00:00
[2023-10-27 05:33:03,621] {processor.py:161} INFO - Processing /home/airflow/.local/lib/python3.7/site-packages/airflow/example_dags/example_branch_day_of_week_operator.py took 0.244 seconds
[2023-10-27 05:33:33,955] {processor.py:153} INFO - Started process (PID=651) to work on /home/airflow/.local/lib/python3.7/site-packages/airflow/example_dags/example_branch_day_of_week_operator.py
[2023-10-27 05:33:33,955] {processor.py:641} INFO - Processing file /home/airflow/.local/lib/python3.7/site-packages/airflow/example_dags/example_branch_day_of_week_operator.py for tasks to queue
[2023-10-27 05:33:33,956] {logging_mixin.py:115} INFO - [2023-10-27 05:33:33,956] {dagbag.py:508} INFO - Filling up the DagBag from /home/airflow/.local/lib/python3.7/site-packages/airflow/example_dags/example_branch_day_of_week_operator.py
[2023-10-27 05:33:33,966] {processor.py:651} INFO - DAG(s) dict_keys(['example_weekday_branch_operator']) retrieved from /home/airflow/.local/lib/python3.7/site-packages/airflow/example_dags/example_branch_day_of_week_operator.py
[2023-10-27 05:33:34,000] {logging_mixin.py:115} INFO - [2023-10-27 05:33:34,000] {dag.py:2420} INFO - Sync 1 DAGs
[2023-10-27 05:33:34,182] {logging_mixin.py:115} INFO - [2023-10-27 05:33:34,182] {dag.py:2972} INFO - Setting next_dagrun for example_weekday_branch_operator to 2023-10-26T00:00:00+00:00, run_after=2023-10-27T00:00:00+00:00
[2023-10-27 05:33:34,194] {processor.py:161} INFO - Processing /home/airflow/.local/lib/python3.7/site-packages/airflow/example_dags/example_branch_day_of_week_operator.py took 0.243 seconds
[2023-10-27 05:34:05,027] {processor.py:153} INFO - Started process (PID=704) to work on /home/airflow/.local/lib/python3.7/site-packages/airflow/example_dags/example_branch_day_of_week_operator.py
[2023-10-27 05:34:05,028] {processor.py:641} INFO - Processing file /home/airflow/.local/lib/python3.7/site-packages/airflow/example_dags/example_branch_day_of_week_operator.py for tasks to queue
[2023-10-27 05:34:05,028] {logging_mixin.py:115} INFO - [2023-10-27 05:34:05,028] {dagbag.py:508} INFO - Filling up the DagBag from /home/airflow/.local/lib/python3.7/site-packages/airflow/example_dags/example_branch_day_of_week_operator.py
[2023-10-27 05:34:05,039] {processor.py:651} INFO - DAG(s) dict_keys(['example_weekday_branch_operator']) retrieved from /home/airflow/.local/lib/python3.7/site-packages/airflow/example_dags/example_branch_day_of_week_operator.py
[2023-10-27 05:34:05,072] {logging_mixin.py:115} INFO - [2023-10-27 05:34:05,072] {dag.py:2420} INFO - Sync 1 DAGs
[2023-10-27 05:34:05,256] {logging_mixin.py:115} INFO - [2023-10-27 05:34:05,255] {dag.py:2972} INFO - Setting next_dagrun for example_weekday_branch_operator to 2023-10-26T00:00:00+00:00, run_after=2023-10-27T00:00:00+00:00
[2023-10-27 05:34:05,268] {processor.py:161} INFO - Processing /home/airflow/.local/lib/python3.7/site-packages/airflow/example_dags/example_branch_day_of_week_operator.py took 0.246 seconds
[2023-10-27 05:34:35,763] {processor.py:153} INFO - Started process (PID=766) to work on /home/airflow/.local/lib/python3.7/site-packages/airflow/example_dags/example_branch_day_of_week_operator.py
[2023-10-27 05:34:35,764] {processor.py:641} INFO - Processing file /home/airflow/.local/lib/python3.7/site-packages/airflow/example_dags/example_branch_day_of_week_operator.py for tasks to queue
[2023-10-27 05:34:35,764] {logging_mixin.py:115} INFO - [2023-10-27 05:34:35,764] {dagbag.py:508} INFO - Filling up the DagBag from /home/airflow/.local/lib/python3.7/site-packages/airflow/example_dags/example_branch_day_of_week_operator.py
[2023-10-27 05:34:35,776] {processor.py:651} INFO - DAG(s) dict_keys(['example_weekday_branch_operator']) retrieved from /home/airflow/.local/lib/python3.7/site-packages/airflow/example_dags/example_branch_day_of_week_operator.py
[2023-10-27 05:34:35,811] {logging_mixin.py:115} INFO - [2023-10-27 05:34:35,811] {dag.py:2420} INFO - Sync 1 DAGs
[2023-10-27 05:34:36,002] {logging_mixin.py:115} INFO - [2023-10-27 05:34:36,002] {dag.py:2972} INFO - Setting next_dagrun for example_weekday_branch_operator to 2023-10-26T00:00:00+00:00, run_after=2023-10-27T00:00:00+00:00
[2023-10-27 05:34:36,014] {processor.py:161} INFO - Processing /home/airflow/.local/lib/python3.7/site-packages/airflow/example_dags/example_branch_day_of_week_operator.py took 0.261 seconds
[2023-10-27 05:35:06,504] {processor.py:153} INFO - Started process (PID=825) to work on /home/airflow/.local/lib/python3.7/site-packages/airflow/example_dags/example_branch_day_of_week_operator.py
[2023-10-27 05:35:06,505] {processor.py:641} INFO - Processing file /home/airflow/.local/lib/python3.7/site-packages/airflow/example_dags/example_branch_day_of_week_operator.py for tasks to queue
[2023-10-27 05:35:06,506] {logging_mixin.py:115} INFO - [2023-10-27 05:35:06,506] {dagbag.py:508} INFO - Filling up the DagBag from /home/airflow/.local/lib/python3.7/site-packages/airflow/example_dags/example_branch_day_of_week_operator.py
[2023-10-27 05:35:06,516] {processor.py:651} INFO - DAG(s) dict_keys(['example_weekday_branch_operator']) retrieved from /home/airflow/.local/lib/python3.7/site-packages/airflow/example_dags/example_branch_day_of_week_operator.py
[2023-10-27 05:35:06,550] {logging_mixin.py:115} INFO - [2023-10-27 05:35:06,550] {dag.py:2420} INFO - Sync 1 DAGs
[2023-10-27 05:35:06,732] {logging_mixin.py:115} INFO - [2023-10-27 05:35:06,732] {dag.py:2972} INFO - Setting next_dagrun for example_weekday_branch_operator to 2023-10-26T00:00:00+00:00, run_after=2023-10-27T00:00:00+00:00
[2023-10-27 05:35:06,744] {processor.py:161} INFO - Processing /home/airflow/.local/lib/python3.7/site-packages/airflow/example_dags/example_branch_day_of_week_operator.py took 0.244 seconds
[2023-10-27 05:35:36,819] {processor.py:153} INFO - Started process (PID=878) to work on /home/airflow/.local/lib/python3.7/site-packages/airflow/example_dags/example_branch_day_of_week_operator.py
[2023-10-27 05:35:36,820] {processor.py:641} INFO - Processing file /home/airflow/.local/lib/python3.7/site-packages/airflow/example_dags/example_branch_day_of_week_operator.py for tasks to queue
[2023-10-27 05:35:36,820] {logging_mixin.py:115} INFO - [2023-10-27 05:35:36,820] {dagbag.py:508} INFO - Filling up the DagBag from /home/airflow/.local/lib/python3.7/site-packages/airflow/example_dags/example_branch_day_of_week_operator.py
[2023-10-27 05:35:36,830] {processor.py:651} INFO - DAG(s) dict_keys(['example_weekday_branch_operator']) retrieved from /home/airflow/.local/lib/python3.7/site-packages/airflow/example_dags/example_branch_day_of_week_operator.py
[2023-10-27 05:35:36,864] {logging_mixin.py:115} INFO - [2023-10-27 05:35:36,864] {dag.py:2420} INFO - Sync 1 DAGs
[2023-10-27 05:35:37,042] {logging_mixin.py:115} INFO - [2023-10-27 05:35:37,042] {dag.py:2972} INFO - Setting next_dagrun for example_weekday_branch_operator to 2023-10-26T00:00:00+00:00, run_after=2023-10-27T00:00:00+00:00
[2023-10-27 05:35:37,054] {processor.py:161} INFO - Processing /home/airflow/.local/lib/python3.7/site-packages/airflow/example_dags/example_branch_day_of_week_operator.py took 0.239 seconds
[2023-10-27 05:36:07,411] {processor.py:153} INFO - Started process (PID=939) to work on /home/airflow/.local/lib/python3.7/site-packages/airflow/example_dags/example_branch_day_of_week_operator.py
[2023-10-27 05:36:07,412] {processor.py:641} INFO - Processing file /home/airflow/.local/lib/python3.7/site-packages/airflow/example_dags/example_branch_day_of_week_operator.py for tasks to queue
[2023-10-27 05:36:07,413] {logging_mixin.py:115} INFO - [2023-10-27 05:36:07,413] {dagbag.py:508} INFO - Filling up the DagBag from /home/airflow/.local/lib/python3.7/site-packages/airflow/example_dags/example_branch_day_of_week_operator.py
[2023-10-27 05:36:07,425] {processor.py:651} INFO - DAG(s) dict_keys(['example_weekday_branch_operator']) retrieved from /home/airflow/.local/lib/python3.7/site-packages/airflow/example_dags/example_branch_day_of_week_operator.py
[2023-10-27 05:36:07,459] {logging_mixin.py:115} INFO - [2023-10-27 05:36:07,459] {dag.py:2420} INFO - Sync 1 DAGs
[2023-10-27 05:36:07,640] {logging_mixin.py:115} INFO - [2023-10-27 05:36:07,639] {dag.py:2972} INFO - Setting next_dagrun for example_weekday_branch_operator to 2023-10-26T00:00:00+00:00, run_after=2023-10-27T00:00:00+00:00
[2023-10-27 05:36:07,651] {processor.py:161} INFO - Processing /home/airflow/.local/lib/python3.7/site-packages/airflow/example_dags/example_branch_day_of_week_operator.py took 0.244 seconds
[2023-10-27 05:36:37,761] {processor.py:153} INFO - Started process (PID=990) to work on /home/airflow/.local/lib/python3.7/site-packages/airflow/example_dags/example_branch_day_of_week_operator.py
[2023-10-27 05:36:37,762] {processor.py:641} INFO - Processing file /home/airflow/.local/lib/python3.7/site-packages/airflow/example_dags/example_branch_day_of_week_operator.py for tasks to queue
[2023-10-27 05:36:37,762] {logging_mixin.py:115} INFO - [2023-10-27 05:36:37,762] {dagbag.py:508} INFO - Filling up the DagBag from /home/airflow/.local/lib/python3.7/site-packages/airflow/example_dags/example_branch_day_of_week_operator.py
[2023-10-27 05:36:37,774] {processor.py:651} INFO - DAG(s) dict_keys(['example_weekday_branch_operator']) retrieved from /home/airflow/.local/lib/python3.7/site-packages/airflow/example_dags/example_branch_day_of_week_operator.py
[2023-10-27 05:36:37,808] {logging_mixin.py:115} INFO - [2023-10-27 05:36:37,808] {dag.py:2420} INFO - Sync 1 DAGs
[2023-10-27 05:36:38,017] {logging_mixin.py:115} INFO - [2023-10-27 05:36:38,017] {dag.py:2972} INFO - Setting next_dagrun for example_weekday_branch_operator to 2023-10-26T00:00:00+00:00, run_after=2023-10-27T00:00:00+00:00
[2023-10-27 05:36:38,029] {processor.py:161} INFO - Processing /home/airflow/.local/lib/python3.7/site-packages/airflow/example_dags/example_branch_day_of_week_operator.py took 0.272 seconds
[2023-10-27 05:37:08,154] {processor.py:153} INFO - Started process (PID=1050) to work on /home/airflow/.local/lib/python3.7/site-packages/airflow/example_dags/example_branch_day_of_week_operator.py
[2023-10-27 05:37:08,155] {processor.py:641} INFO - Processing file /home/airflow/.local/lib/python3.7/site-packages/airflow/example_dags/example_branch_day_of_week_operator.py for tasks to queue
[2023-10-27 05:37:08,156] {logging_mixin.py:115} INFO - [2023-10-27 05:37:08,156] {dagbag.py:508} INFO - Filling up the DagBag from /home/airflow/.local/lib/python3.7/site-packages/airflow/example_dags/example_branch_day_of_week_operator.py
[2023-10-27 05:37:08,166] {processor.py:651} INFO - DAG(s) dict_keys(['example_weekday_branch_operator']) retrieved from /home/airflow/.local/lib/python3.7/site-packages/airflow/example_dags/example_branch_day_of_week_operator.py
[2023-10-27 05:37:08,201] {logging_mixin.py:115} INFO - [2023-10-27 05:37:08,201] {dag.py:2420} INFO - Sync 1 DAGs
[2023-10-27 05:37:08,384] {logging_mixin.py:115} INFO - [2023-10-27 05:37:08,384] {dag.py:2972} INFO - Setting next_dagrun for example_weekday_branch_operator to 2023-10-26T00:00:00+00:00, run_after=2023-10-27T00:00:00+00:00
[2023-10-27 05:37:08,395] {processor.py:161} INFO - Processing /home/airflow/.local/lib/python3.7/site-packages/airflow/example_dags/example_branch_day_of_week_operator.py took 0.245 seconds
[2023-10-27 05:37:39,050] {processor.py:153} INFO - Started process (PID=1111) to work on /home/airflow/.local/lib/python3.7/site-packages/airflow/example_dags/example_branch_day_of_week_operator.py
[2023-10-27 05:37:39,051] {processor.py:641} INFO - Processing file /home/airflow/.local/lib/python3.7/site-packages/airflow/example_dags/example_branch_day_of_week_operator.py for tasks to queue
[2023-10-27 05:37:39,051] {logging_mixin.py:115} INFO - [2023-10-27 05:37:39,051] {dagbag.py:508} INFO - Filling up the DagBag from /home/airflow/.local/lib/python3.7/site-packages/airflow/example_dags/example_branch_day_of_week_operator.py
[2023-10-27 05:37:39,061] {processor.py:651} INFO - DAG(s) dict_keys(['example_weekday_branch_operator']) retrieved from /home/airflow/.local/lib/python3.7/site-packages/airflow/example_dags/example_branch_day_of_week_operator.py
[2023-10-27 05:37:39,097] {logging_mixin.py:115} INFO - [2023-10-27 05:37:39,097] {dag.py:2420} INFO - Sync 1 DAGs
[2023-10-27 05:37:39,273] {logging_mixin.py:115} INFO - [2023-10-27 05:37:39,273] {dag.py:2972} INFO - Setting next_dagrun for example_weekday_branch_operator to 2023-10-26T00:00:00+00:00, run_after=2023-10-27T00:00:00+00:00
[2023-10-27 05:37:39,285] {processor.py:161} INFO - Processing /home/airflow/.local/lib/python3.7/site-packages/airflow/example_dags/example_branch_day_of_week_operator.py took 0.239 seconds
[2023-10-27 05:38:09,506] {processor.py:153} INFO - Started process (PID=1163) to work on /home/airflow/.local/lib/python3.7/site-packages/airflow/example_dags/example_branch_day_of_week_operator.py
[2023-10-27 05:38:09,507] {processor.py:641} INFO - Processing file /home/airflow/.local/lib/python3.7/site-packages/airflow/example_dags/example_branch_day_of_week_operator.py for tasks to queue
[2023-10-27 05:38:09,508] {logging_mixin.py:115} INFO - [2023-10-27 05:38:09,508] {dagbag.py:508} INFO - Filling up the DagBag from /home/airflow/.local/lib/python3.7/site-packages/airflow/example_dags/example_branch_day_of_week_operator.py
[2023-10-27 05:38:09,518] {processor.py:651} INFO - DAG(s) dict_keys(['example_weekday_branch_operator']) retrieved from /home/airflow/.local/lib/python3.7/site-packages/airflow/example_dags/example_branch_day_of_week_operator.py
[2023-10-27 05:38:09,552] {logging_mixin.py:115} INFO - [2023-10-27 05:38:09,552] {dag.py:2420} INFO - Sync 1 DAGs
[2023-10-27 05:38:09,728] {logging_mixin.py:115} INFO - [2023-10-27 05:38:09,728] {dag.py:2972} INFO - Setting next_dagrun for example_weekday_branch_operator to 2023-10-26T00:00:00+00:00, run_after=2023-10-27T00:00:00+00:00
[2023-10-27 05:38:09,740] {processor.py:161} INFO - Processing /home/airflow/.local/lib/python3.7/site-packages/airflow/example_dags/example_branch_day_of_week_operator.py took 0.238 seconds
[2023-10-27 05:38:39,792] {processor.py:153} INFO - Started process (PID=1224) to work on /home/airflow/.local/lib/python3.7/site-packages/airflow/example_dags/example_branch_day_of_week_operator.py
[2023-10-27 05:38:39,793] {processor.py:641} INFO - Processing file /home/airflow/.local/lib/python3.7/site-packages/airflow/example_dags/example_branch_day_of_week_operator.py for tasks to queue
[2023-10-27 05:38:39,793] {logging_mixin.py:115} INFO - [2023-10-27 05:38:39,793] {dagbag.py:508} INFO - Filling up the DagBag from /home/airflow/.local/lib/python3.7/site-packages/airflow/example_dags/example_branch_day_of_week_operator.py
[2023-10-27 05:38:39,804] {processor.py:651} INFO - DAG(s) dict_keys(['example_weekday_branch_operator']) retrieved from /home/airflow/.local/lib/python3.7/site-packages/airflow/example_dags/example_branch_day_of_week_operator.py
[2023-10-27 05:38:39,837] {logging_mixin.py:115} INFO - [2023-10-27 05:38:39,836] {dag.py:2420} INFO - Sync 1 DAGs
[2023-10-27 05:38:40,014] {logging_mixin.py:115} INFO - [2023-10-27 05:38:40,014] {dag.py:2972} INFO - Setting next_dagrun for example_weekday_branch_operator to 2023-10-26T00:00:00+00:00, run_after=2023-10-27T00:00:00+00:00
[2023-10-27 05:38:40,027] {processor.py:161} INFO - Processing /home/airflow/.local/lib/python3.7/site-packages/airflow/example_dags/example_branch_day_of_week_operator.py took 0.238 seconds
[2023-10-27 05:39:10,252] {processor.py:153} INFO - Started process (PID=1277) to work on /home/airflow/.local/lib/python3.7/site-packages/airflow/example_dags/example_branch_day_of_week_operator.py
[2023-10-27 05:39:10,253] {processor.py:641} INFO - Processing file /home/airflow/.local/lib/python3.7/site-packages/airflow/example_dags/example_branch_day_of_week_operator.py for tasks to queue
[2023-10-27 05:39:10,253] {logging_mixin.py:115} INFO - [2023-10-27 05:39:10,253] {dagbag.py:508} INFO - Filling up the DagBag from /home/airflow/.local/lib/python3.7/site-packages/airflow/example_dags/example_branch_day_of_week_operator.py
[2023-10-27 05:39:10,265] {processor.py:651} INFO - DAG(s) dict_keys(['example_weekday_branch_operator']) retrieved from /home/airflow/.local/lib/python3.7/site-packages/airflow/example_dags/example_branch_day_of_week_operator.py
[2023-10-27 05:39:10,300] {logging_mixin.py:115} INFO - [2023-10-27 05:39:10,300] {dag.py:2420} INFO - Sync 1 DAGs
[2023-10-27 05:39:10,486] {logging_mixin.py:115} INFO - [2023-10-27 05:39:10,486] {dag.py:2972} INFO - Setting next_dagrun for example_weekday_branch_operator to 2023-10-26T00:00:00+00:00, run_after=2023-10-27T00:00:00+00:00
[2023-10-27 05:39:10,501] {processor.py:161} INFO - Processing /home/airflow/.local/lib/python3.7/site-packages/airflow/example_dags/example_branch_day_of_week_operator.py took 0.254 seconds
[2023-10-27 05:39:40,607] {processor.py:153} INFO - Started process (PID=1336) to work on /home/airflow/.local/lib/python3.7/site-packages/airflow/example_dags/example_branch_day_of_week_operator.py
[2023-10-27 05:39:40,607] {processor.py:641} INFO - Processing file /home/airflow/.local/lib/python3.7/site-packages/airflow/example_dags/example_branch_day_of_week_operator.py for tasks to queue
[2023-10-27 05:39:40,608] {logging_mixin.py:115} INFO - [2023-10-27 05:39:40,608] {dagbag.py:508} INFO - Filling up the DagBag from /home/airflow/.local/lib/python3.7/site-packages/airflow/example_dags/example_branch_day_of_week_operator.py
[2023-10-27 05:39:40,619] {processor.py:651} INFO - DAG(s) dict_keys(['example_weekday_branch_operator']) retrieved from /home/airflow/.local/lib/python3.7/site-packages/airflow/example_dags/example_branch_day_of_week_operator.py
[2023-10-27 05:39:40,670] {logging_mixin.py:115} INFO - [2023-10-27 05:39:40,669] {dag.py:2420} INFO - Sync 1 DAGs
[2023-10-27 05:39:40,882] {logging_mixin.py:115} INFO - [2023-10-27 05:39:40,882] {dag.py:2972} INFO - Setting next_dagrun for example_weekday_branch_operator to 2023-10-26T00:00:00+00:00, run_after=2023-10-27T00:00:00+00:00
[2023-10-27 05:39:40,895] {processor.py:161} INFO - Processing /home/airflow/.local/lib/python3.7/site-packages/airflow/example_dags/example_branch_day_of_week_operator.py took 0.293 seconds
[2023-10-27 05:40:11,493] {processor.py:153} INFO - Started process (PID=1398) to work on /home/airflow/.local/lib/python3.7/site-packages/airflow/example_dags/example_branch_day_of_week_operator.py
[2023-10-27 05:40:11,494] {processor.py:641} INFO - Processing file /home/airflow/.local/lib/python3.7/site-packages/airflow/example_dags/example_branch_day_of_week_operator.py for tasks to queue
[2023-10-27 05:40:11,494] {logging_mixin.py:115} INFO - [2023-10-27 05:40:11,494] {dagbag.py:508} INFO - Filling up the DagBag from /home/airflow/.local/lib/python3.7/site-packages/airflow/example_dags/example_branch_day_of_week_operator.py
[2023-10-27 05:40:11,504] {processor.py:651} INFO - DAG(s) dict_keys(['example_weekday_branch_operator']) retrieved from /home/airflow/.local/lib/python3.7/site-packages/airflow/example_dags/example_branch_day_of_week_operator.py
[2023-10-27 05:40:11,544] {logging_mixin.py:115} INFO - [2023-10-27 05:40:11,544] {dag.py:2420} INFO - Sync 1 DAGs
[2023-10-27 05:40:11,727] {logging_mixin.py:115} INFO - [2023-10-27 05:40:11,727] {dag.py:2972} INFO - Setting next_dagrun for example_weekday_branch_operator to 2023-10-26T00:00:00+00:00, run_after=2023-10-27T00:00:00+00:00
[2023-10-27 05:40:11,739] {processor.py:161} INFO - Processing /home/airflow/.local/lib/python3.7/site-packages/airflow/example_dags/example_branch_day_of_week_operator.py took 0.250 seconds
[2023-10-27 05:40:42,065] {processor.py:153} INFO - Started process (PID=1450) to work on /home/airflow/.local/lib/python3.7/site-packages/airflow/example_dags/example_branch_day_of_week_operator.py
[2023-10-27 05:40:42,065] {processor.py:641} INFO - Processing file /home/airflow/.local/lib/python3.7/site-packages/airflow/example_dags/example_branch_day_of_week_operator.py for tasks to queue
[2023-10-27 05:40:42,066] {logging_mixin.py:115} INFO - [2023-10-27 05:40:42,066] {dagbag.py:508} INFO - Filling up the DagBag from /home/airflow/.local/lib/python3.7/site-packages/airflow/example_dags/example_branch_day_of_week_operator.py
[2023-10-27 05:40:42,077] {processor.py:651} INFO - DAG(s) dict_keys(['example_weekday_branch_operator']) retrieved from /home/airflow/.local/lib/python3.7/site-packages/airflow/example_dags/example_branch_day_of_week_operator.py
[2023-10-27 05:40:42,116] {logging_mixin.py:115} INFO - [2023-10-27 05:40:42,116] {dag.py:2420} INFO - Sync 1 DAGs
[2023-10-27 05:40:42,293] {logging_mixin.py:115} INFO - [2023-10-27 05:40:42,292] {dag.py:2972} INFO - Setting next_dagrun for example_weekday_branch_operator to 2023-10-26T00:00:00+00:00, run_after=2023-10-27T00:00:00+00:00
[2023-10-27 05:40:42,304] {processor.py:161} INFO - Processing /home/airflow/.local/lib/python3.7/site-packages/airflow/example_dags/example_branch_day_of_week_operator.py took 0.244 seconds
[2023-10-27 05:41:12,464] {processor.py:153} INFO - Started process (PID=1511) to work on /home/airflow/.local/lib/python3.7/site-packages/airflow/example_dags/example_branch_day_of_week_operator.py
[2023-10-27 05:41:12,465] {processor.py:641} INFO - Processing file /home/airflow/.local/lib/python3.7/site-packages/airflow/example_dags/example_branch_day_of_week_operator.py for tasks to queue
[2023-10-27 05:41:12,466] {logging_mixin.py:115} INFO - [2023-10-27 05:41:12,466] {dagbag.py:508} INFO - Filling up the DagBag from /home/airflow/.local/lib/python3.7/site-packages/airflow/example_dags/example_branch_day_of_week_operator.py
[2023-10-27 05:41:12,476] {processor.py:651} INFO - DAG(s) dict_keys(['example_weekday_branch_operator']) retrieved from /home/airflow/.local/lib/python3.7/site-packages/airflow/example_dags/example_branch_day_of_week_operator.py
[2023-10-27 05:41:12,510] {logging_mixin.py:115} INFO - [2023-10-27 05:41:12,510] {dag.py:2420} INFO - Sync 1 DAGs
[2023-10-27 05:41:12,688] {logging_mixin.py:115} INFO - [2023-10-27 05:41:12,688] {dag.py:2972} INFO - Setting next_dagrun for example_weekday_branch_operator to 2023-10-26T00:00:00+00:00, run_after=2023-10-27T00:00:00+00:00
[2023-10-27 05:41:12,701] {processor.py:161} INFO - Processing /home/airflow/.local/lib/python3.7/site-packages/airflow/example_dags/example_branch_day_of_week_operator.py took 0.240 seconds
[2023-10-27 05:41:43,498] {processor.py:153} INFO - Started process (PID=1563) to work on /home/airflow/.local/lib/python3.7/site-packages/airflow/example_dags/example_branch_day_of_week_operator.py
[2023-10-27 05:41:43,499] {processor.py:641} INFO - Processing file /home/airflow/.local/lib/python3.7/site-packages/airflow/example_dags/example_branch_day_of_week_operator.py for tasks to queue
[2023-10-27 05:41:43,500] {logging_mixin.py:115} INFO - [2023-10-27 05:41:43,499] {dagbag.py:508} INFO - Filling up the DagBag from /home/airflow/.local/lib/python3.7/site-packages/airflow/example_dags/example_branch_day_of_week_operator.py
[2023-10-27 05:41:43,510] {processor.py:651} INFO - DAG(s) dict_keys(['example_weekday_branch_operator']) retrieved from /home/airflow/.local/lib/python3.7/site-packages/airflow/example_dags/example_branch_day_of_week_operator.py
[2023-10-27 05:41:43,544] {logging_mixin.py:115} INFO - [2023-10-27 05:41:43,543] {dag.py:2420} INFO - Sync 1 DAGs
[2023-10-27 05:41:43,723] {logging_mixin.py:115} INFO - [2023-10-27 05:41:43,723] {dag.py:2972} INFO - Setting next_dagrun for example_weekday_branch_operator to 2023-10-26T00:00:00+00:00, run_after=2023-10-27T00:00:00+00:00
[2023-10-27 05:41:43,735] {processor.py:161} INFO - Processing /home/airflow/.local/lib/python3.7/site-packages/airflow/example_dags/example_branch_day_of_week_operator.py took 0.241 seconds
[2023-10-27 05:42:14,282] {processor.py:153} INFO - Started process (PID=1624) to work on /home/airflow/.local/lib/python3.7/site-packages/airflow/example_dags/example_branch_day_of_week_operator.py
[2023-10-27 05:42:14,283] {processor.py:641} INFO - Processing file /home/airflow/.local/lib/python3.7/site-packages/airflow/example_dags/example_branch_day_of_week_operator.py for tasks to queue
[2023-10-27 05:42:14,283] {logging_mixin.py:115} INFO - [2023-10-27 05:42:14,283] {dagbag.py:508} INFO - Filling up the DagBag from /home/airflow/.local/lib/python3.7/site-packages/airflow/example_dags/example_branch_day_of_week_operator.py
[2023-10-27 05:42:14,294] {processor.py:651} INFO - DAG(s) dict_keys(['example_weekday_branch_operator']) retrieved from /home/airflow/.local/lib/python3.7/site-packages/airflow/example_dags/example_branch_day_of_week_operator.py
[2023-10-27 05:42:14,328] {logging_mixin.py:115} INFO - [2023-10-27 05:42:14,328] {dag.py:2420} INFO - Sync 1 DAGs
[2023-10-27 05:42:14,516] {logging_mixin.py:115} INFO - [2023-10-27 05:42:14,516] {dag.py:2972} INFO - Setting next_dagrun for example_weekday_branch_operator to 2023-10-26T00:00:00+00:00, run_after=2023-10-27T00:00:00+00:00
[2023-10-27 05:42:14,528] {processor.py:161} INFO - Processing /home/airflow/.local/lib/python3.7/site-packages/airflow/example_dags/example_branch_day_of_week_operator.py took 0.251 seconds
[2023-10-27 05:42:45,013] {processor.py:153} INFO - Started process (PID=1675) to work on /home/airflow/.local/lib/python3.7/site-packages/airflow/example_dags/example_branch_day_of_week_operator.py
[2023-10-27 05:42:45,014] {processor.py:641} INFO - Processing file /home/airflow/.local/lib/python3.7/site-packages/airflow/example_dags/example_branch_day_of_week_operator.py for tasks to queue
[2023-10-27 05:42:45,014] {logging_mixin.py:115} INFO - [2023-10-27 05:42:45,014] {dagbag.py:508} INFO - Filling up the DagBag from /home/airflow/.local/lib/python3.7/site-packages/airflow/example_dags/example_branch_day_of_week_operator.py
[2023-10-27 05:42:45,025] {processor.py:651} INFO - DAG(s) dict_keys(['example_weekday_branch_operator']) retrieved from /home/airflow/.local/lib/python3.7/site-packages/airflow/example_dags/example_branch_day_of_week_operator.py
[2023-10-27 05:42:45,058] {logging_mixin.py:115} INFO - [2023-10-27 05:42:45,058] {dag.py:2420} INFO - Sync 1 DAGs
[2023-10-27 05:42:45,254] {logging_mixin.py:115} INFO - [2023-10-27 05:42:45,254] {dag.py:2972} INFO - Setting next_dagrun for example_weekday_branch_operator to 2023-10-26T00:00:00+00:00, run_after=2023-10-27T00:00:00+00:00
[2023-10-27 05:42:45,266] {processor.py:161} INFO - Processing /home/airflow/.local/lib/python3.7/site-packages/airflow/example_dags/example_branch_day_of_week_operator.py took 0.256 seconds
[2023-10-27 05:43:15,388] {processor.py:153} INFO - Started process (PID=1736) to work on /home/airflow/.local/lib/python3.7/site-packages/airflow/example_dags/example_branch_day_of_week_operator.py
[2023-10-27 05:43:15,389] {processor.py:641} INFO - Processing file /home/airflow/.local/lib/python3.7/site-packages/airflow/example_dags/example_branch_day_of_week_operator.py for tasks to queue
[2023-10-27 05:43:15,389] {logging_mixin.py:115} INFO - [2023-10-27 05:43:15,389] {dagbag.py:508} INFO - Filling up the DagBag from /home/airflow/.local/lib/python3.7/site-packages/airflow/example_dags/example_branch_day_of_week_operator.py
[2023-10-27 05:43:15,400] {processor.py:651} INFO - DAG(s) dict_keys(['example_weekday_branch_operator']) retrieved from /home/airflow/.local/lib/python3.7/site-packages/airflow/example_dags/example_branch_day_of_week_operator.py
[2023-10-27 05:43:15,607] {logging_mixin.py:115} INFO - [2023-10-27 05:43:15,607] {dag.py:2420} INFO - Sync 1 DAGs
[2023-10-27 05:43:15,633] {logging_mixin.py:115} INFO - [2023-10-27 05:43:15,633] {dag.py:2972} INFO - Setting next_dagrun for example_weekday_branch_operator to 2023-10-26T00:00:00+00:00, run_after=2023-10-27T00:00:00+00:00
[2023-10-27 05:43:15,647] {processor.py:161} INFO - Processing /home/airflow/.local/lib/python3.7/site-packages/airflow/example_dags/example_branch_day_of_week_operator.py took 0.264 seconds
[2023-10-27 05:43:45,850] {processor.py:153} INFO - Started process (PID=1796) to work on /home/airflow/.local/lib/python3.7/site-packages/airflow/example_dags/example_branch_day_of_week_operator.py
[2023-10-27 05:43:45,850] {processor.py:641} INFO - Processing file /home/airflow/.local/lib/python3.7/site-packages/airflow/example_dags/example_branch_day_of_week_operator.py for tasks to queue
[2023-10-27 05:43:45,851] {logging_mixin.py:115} INFO - [2023-10-27 05:43:45,851] {dagbag.py:508} INFO - Filling up the DagBag from /home/airflow/.local/lib/python3.7/site-packages/airflow/example_dags/example_branch_day_of_week_operator.py
[2023-10-27 05:43:45,861] {processor.py:651} INFO - DAG(s) dict_keys(['example_weekday_branch_operator']) retrieved from /home/airflow/.local/lib/python3.7/site-packages/airflow/example_dags/example_branch_day_of_week_operator.py
[2023-10-27 05:43:46,055] {logging_mixin.py:115} INFO - [2023-10-27 05:43:46,055] {dag.py:2420} INFO - Sync 1 DAGs
[2023-10-27 05:43:46,080] {logging_mixin.py:115} INFO - [2023-10-27 05:43:46,080] {dag.py:2972} INFO - Setting next_dagrun for example_weekday_branch_operator to 2023-10-26T00:00:00+00:00, run_after=2023-10-27T00:00:00+00:00
[2023-10-27 05:43:46,094] {processor.py:161} INFO - Processing /home/airflow/.local/lib/python3.7/site-packages/airflow/example_dags/example_branch_day_of_week_operator.py took 0.248 seconds
[2023-10-27 05:44:16,247] {processor.py:153} INFO - Started process (PID=1848) to work on /home/airflow/.local/lib/python3.7/site-packages/airflow/example_dags/example_branch_day_of_week_operator.py
[2023-10-27 05:44:16,248] {processor.py:641} INFO - Processing file /home/airflow/.local/lib/python3.7/site-packages/airflow/example_dags/example_branch_day_of_week_operator.py for tasks to queue
[2023-10-27 05:44:16,248] {logging_mixin.py:115} INFO - [2023-10-27 05:44:16,248] {dagbag.py:508} INFO - Filling up the DagBag from /home/airflow/.local/lib/python3.7/site-packages/airflow/example_dags/example_branch_day_of_week_operator.py
[2023-10-27 05:44:16,258] {processor.py:651} INFO - DAG(s) dict_keys(['example_weekday_branch_operator']) retrieved from /home/airflow/.local/lib/python3.7/site-packages/airflow/example_dags/example_branch_day_of_week_operator.py
[2023-10-27 05:44:16,448] {logging_mixin.py:115} INFO - [2023-10-27 05:44:16,448] {dag.py:2420} INFO - Sync 1 DAGs
[2023-10-27 05:44:16,473] {logging_mixin.py:115} INFO - [2023-10-27 05:44:16,472] {dag.py:2972} INFO - Setting next_dagrun for example_weekday_branch_operator to 2023-10-26T00:00:00+00:00, run_after=2023-10-27T00:00:00+00:00
[2023-10-27 05:44:16,484] {processor.py:161} INFO - Processing /home/airflow/.local/lib/python3.7/site-packages/airflow/example_dags/example_branch_day_of_week_operator.py took 0.241 seconds
[2023-10-27 05:44:46,657] {processor.py:153} INFO - Started process (PID=1909) to work on /home/airflow/.local/lib/python3.7/site-packages/airflow/example_dags/example_branch_day_of_week_operator.py
[2023-10-27 05:44:46,657] {processor.py:641} INFO - Processing file /home/airflow/.local/lib/python3.7/site-packages/airflow/example_dags/example_branch_day_of_week_operator.py for tasks to queue
[2023-10-27 05:44:46,658] {logging_mixin.py:115} INFO - [2023-10-27 05:44:46,658] {dagbag.py:508} INFO - Filling up the DagBag from /home/airflow/.local/lib/python3.7/site-packages/airflow/example_dags/example_branch_day_of_week_operator.py
[2023-10-27 05:44:46,668] {processor.py:651} INFO - DAG(s) dict_keys(['example_weekday_branch_operator']) retrieved from /home/airflow/.local/lib/python3.7/site-packages/airflow/example_dags/example_branch_day_of_week_operator.py
[2023-10-27 05:44:46,860] {logging_mixin.py:115} INFO - [2023-10-27 05:44:46,860] {dag.py:2420} INFO - Sync 1 DAGs
[2023-10-27 05:44:46,885] {logging_mixin.py:115} INFO - [2023-10-27 05:44:46,885] {dag.py:2972} INFO - Setting next_dagrun for example_weekday_branch_operator to 2023-10-26T00:00:00+00:00, run_after=2023-10-27T00:00:00+00:00
[2023-10-27 05:44:46,897] {processor.py:161} INFO - Processing /home/airflow/.local/lib/python3.7/site-packages/airflow/example_dags/example_branch_day_of_week_operator.py took 0.244 seconds
[2023-10-27 05:45:17,082] {processor.py:153} INFO - Started process (PID=1962) to work on /home/airflow/.local/lib/python3.7/site-packages/airflow/example_dags/example_branch_day_of_week_operator.py
[2023-10-27 05:45:17,083] {processor.py:641} INFO - Processing file /home/airflow/.local/lib/python3.7/site-packages/airflow/example_dags/example_branch_day_of_week_operator.py for tasks to queue
[2023-10-27 05:45:17,084] {logging_mixin.py:115} INFO - [2023-10-27 05:45:17,084] {dagbag.py:508} INFO - Filling up the DagBag from /home/airflow/.local/lib/python3.7/site-packages/airflow/example_dags/example_branch_day_of_week_operator.py
[2023-10-27 05:45:17,094] {processor.py:651} INFO - DAG(s) dict_keys(['example_weekday_branch_operator']) retrieved from /home/airflow/.local/lib/python3.7/site-packages/airflow/example_dags/example_branch_day_of_week_operator.py
[2023-10-27 05:45:17,282] {logging_mixin.py:115} INFO - [2023-10-27 05:45:17,282] {dag.py:2420} INFO - Sync 1 DAGs
[2023-10-27 05:45:17,306] {logging_mixin.py:115} INFO - [2023-10-27 05:45:17,306] {dag.py:2972} INFO - Setting next_dagrun for example_weekday_branch_operator to 2023-10-26T00:00:00+00:00, run_after=2023-10-27T00:00:00+00:00
[2023-10-27 05:45:17,318] {processor.py:161} INFO - Processing /home/airflow/.local/lib/python3.7/site-packages/airflow/example_dags/example_branch_day_of_week_operator.py took 0.240 seconds
[2023-10-27 05:45:47,798] {processor.py:153} INFO - Started process (PID=2024) to work on /home/airflow/.local/lib/python3.7/site-packages/airflow/example_dags/example_branch_day_of_week_operator.py
[2023-10-27 05:45:47,798] {processor.py:641} INFO - Processing file /home/airflow/.local/lib/python3.7/site-packages/airflow/example_dags/example_branch_day_of_week_operator.py for tasks to queue
[2023-10-27 05:45:47,799] {logging_mixin.py:115} INFO - [2023-10-27 05:45:47,799] {dagbag.py:508} INFO - Filling up the DagBag from /home/airflow/.local/lib/python3.7/site-packages/airflow/example_dags/example_branch_day_of_week_operator.py
[2023-10-27 05:45:47,811] {processor.py:651} INFO - DAG(s) dict_keys(['example_weekday_branch_operator']) retrieved from /home/airflow/.local/lib/python3.7/site-packages/airflow/example_dags/example_branch_day_of_week_operator.py
[2023-10-27 05:45:48,026] {logging_mixin.py:115} INFO - [2023-10-27 05:45:48,026] {dag.py:2420} INFO - Sync 1 DAGs
[2023-10-27 05:45:48,051] {logging_mixin.py:115} INFO - [2023-10-27 05:45:48,051] {dag.py:2972} INFO - Setting next_dagrun for example_weekday_branch_operator to 2023-10-26T00:00:00+00:00, run_after=2023-10-27T00:00:00+00:00
[2023-10-27 05:45:48,063] {processor.py:161} INFO - Processing /home/airflow/.local/lib/python3.7/site-packages/airflow/example_dags/example_branch_day_of_week_operator.py took 0.270 seconds
[2023-10-27 05:46:18,251] {processor.py:153} INFO - Started process (PID=2076) to work on /home/airflow/.local/lib/python3.7/site-packages/airflow/example_dags/example_branch_day_of_week_operator.py
[2023-10-27 05:46:18,253] {processor.py:641} INFO - Processing file /home/airflow/.local/lib/python3.7/site-packages/airflow/example_dags/example_branch_day_of_week_operator.py for tasks to queue
[2023-10-27 05:46:18,253] {logging_mixin.py:115} INFO - [2023-10-27 05:46:18,253] {dagbag.py:508} INFO - Filling up the DagBag from /home/airflow/.local/lib/python3.7/site-packages/airflow/example_dags/example_branch_day_of_week_operator.py
[2023-10-27 05:46:18,263] {processor.py:651} INFO - DAG(s) dict_keys(['example_weekday_branch_operator']) retrieved from /home/airflow/.local/lib/python3.7/site-packages/airflow/example_dags/example_branch_day_of_week_operator.py
[2023-10-27 05:46:18,449] {logging_mixin.py:115} INFO - [2023-10-27 05:46:18,449] {dag.py:2420} INFO - Sync 1 DAGs
[2023-10-27 05:46:18,473] {logging_mixin.py:115} INFO - [2023-10-27 05:46:18,473] {dag.py:2972} INFO - Setting next_dagrun for example_weekday_branch_operator to 2023-10-26T00:00:00+00:00, run_after=2023-10-27T00:00:00+00:00
[2023-10-27 05:46:18,484] {processor.py:161} INFO - Processing /home/airflow/.local/lib/python3.7/site-packages/airflow/example_dags/example_branch_day_of_week_operator.py took 0.237 seconds
[2023-10-27 05:46:48,650] {processor.py:153} INFO - Started process (PID=2140) to work on /home/airflow/.local/lib/python3.7/site-packages/airflow/example_dags/example_branch_day_of_week_operator.py
[2023-10-27 05:46:48,651] {processor.py:641} INFO - Processing file /home/airflow/.local/lib/python3.7/site-packages/airflow/example_dags/example_branch_day_of_week_operator.py for tasks to queue
[2023-10-27 05:46:48,651] {logging_mixin.py:115} INFO - [2023-10-27 05:46:48,651] {dagbag.py:508} INFO - Filling up the DagBag from /home/airflow/.local/lib/python3.7/site-packages/airflow/example_dags/example_branch_day_of_week_operator.py
[2023-10-27 05:46:48,662] {processor.py:651} INFO - DAG(s) dict_keys(['example_weekday_branch_operator']) retrieved from /home/airflow/.local/lib/python3.7/site-packages/airflow/example_dags/example_branch_day_of_week_operator.py
[2023-10-27 05:46:48,857] {logging_mixin.py:115} INFO - [2023-10-27 05:46:48,857] {dag.py:2420} INFO - Sync 1 DAGs
[2023-10-27 05:46:48,883] {logging_mixin.py:115} INFO - [2023-10-27 05:46:48,883] {dag.py:2972} INFO - Setting next_dagrun for example_weekday_branch_operator to 2023-10-26T00:00:00+00:00, run_after=2023-10-27T00:00:00+00:00
[2023-10-27 05:46:48,896] {processor.py:161} INFO - Processing /home/airflow/.local/lib/python3.7/site-packages/airflow/example_dags/example_branch_day_of_week_operator.py took 0.250 seconds
[2023-10-27 05:47:19,111] {processor.py:153} INFO - Started process (PID=2193) to work on /home/airflow/.local/lib/python3.7/site-packages/airflow/example_dags/example_branch_day_of_week_operator.py
[2023-10-27 05:47:19,112] {processor.py:641} INFO - Processing file /home/airflow/.local/lib/python3.7/site-packages/airflow/example_dags/example_branch_day_of_week_operator.py for tasks to queue
[2023-10-27 05:47:19,113] {logging_mixin.py:115} INFO - [2023-10-27 05:47:19,113] {dagbag.py:508} INFO - Filling up the DagBag from /home/airflow/.local/lib/python3.7/site-packages/airflow/example_dags/example_branch_day_of_week_operator.py
[2023-10-27 05:47:19,123] {processor.py:651} INFO - DAG(s) dict_keys(['example_weekday_branch_operator']) retrieved from /home/airflow/.local/lib/python3.7/site-packages/airflow/example_dags/example_branch_day_of_week_operator.py
[2023-10-27 05:47:19,315] {logging_mixin.py:115} INFO - [2023-10-27 05:47:19,315] {dag.py:2420} INFO - Sync 1 DAGs
[2023-10-27 05:47:19,340] {logging_mixin.py:115} INFO - [2023-10-27 05:47:19,340] {dag.py:2972} INFO - Setting next_dagrun for example_weekday_branch_operator to 2023-10-26T00:00:00+00:00, run_after=2023-10-27T00:00:00+00:00
[2023-10-27 05:47:19,353] {processor.py:161} INFO - Processing /home/airflow/.local/lib/python3.7/site-packages/airflow/example_dags/example_branch_day_of_week_operator.py took 0.246 seconds
[2023-10-27 05:47:49,695] {processor.py:153} INFO - Started process (PID=2254) to work on /home/airflow/.local/lib/python3.7/site-packages/airflow/example_dags/example_branch_day_of_week_operator.py
[2023-10-27 05:47:49,696] {processor.py:641} INFO - Processing file /home/airflow/.local/lib/python3.7/site-packages/airflow/example_dags/example_branch_day_of_week_operator.py for tasks to queue
[2023-10-27 05:47:49,697] {logging_mixin.py:115} INFO - [2023-10-27 05:47:49,697] {dagbag.py:508} INFO - Filling up the DagBag from /home/airflow/.local/lib/python3.7/site-packages/airflow/example_dags/example_branch_day_of_week_operator.py
[2023-10-27 05:47:49,707] {processor.py:651} INFO - DAG(s) dict_keys(['example_weekday_branch_operator']) retrieved from /home/airflow/.local/lib/python3.7/site-packages/airflow/example_dags/example_branch_day_of_week_operator.py
[2023-10-27 05:47:49,898] {logging_mixin.py:115} INFO - [2023-10-27 05:47:49,898] {dag.py:2420} INFO - Sync 1 DAGs
[2023-10-27 05:47:49,925] {logging_mixin.py:115} INFO - [2023-10-27 05:47:49,925] {dag.py:2972} INFO - Setting next_dagrun for example_weekday_branch_operator to 2023-10-26T00:00:00+00:00, run_after=2023-10-27T00:00:00+00:00
[2023-10-27 05:47:49,938] {processor.py:161} INFO - Processing /home/airflow/.local/lib/python3.7/site-packages/airflow/example_dags/example_branch_day_of_week_operator.py took 0.246 seconds
[2023-10-27 05:48:20,481] {processor.py:153} INFO - Started process (PID=2316) to work on /home/airflow/.local/lib/python3.7/site-packages/airflow/example_dags/example_branch_day_of_week_operator.py
[2023-10-27 05:48:20,482] {processor.py:641} INFO - Processing file /home/airflow/.local/lib/python3.7/site-packages/airflow/example_dags/example_branch_day_of_week_operator.py for tasks to queue
[2023-10-27 05:48:20,483] {logging_mixin.py:115} INFO - [2023-10-27 05:48:20,483] {dagbag.py:508} INFO - Filling up the DagBag from /home/airflow/.local/lib/python3.7/site-packages/airflow/example_dags/example_branch_day_of_week_operator.py
[2023-10-27 05:48:20,498] {processor.py:651} INFO - DAG(s) dict_keys(['example_weekday_branch_operator']) retrieved from /home/airflow/.local/lib/python3.7/site-packages/airflow/example_dags/example_branch_day_of_week_operator.py
[2023-10-27 05:48:25,683] {logging_mixin.py:115} INFO - [2023-10-27 05:48:25,683] {dag.py:2420} INFO - Sync 1 DAGs
[2023-10-27 05:48:25,707] {logging_mixin.py:115} INFO - [2023-10-27 05:48:25,707] {dag.py:2972} INFO - Setting next_dagrun for example_weekday_branch_operator to 2023-10-26T00:00:00+00:00, run_after=2023-10-27T00:00:00+00:00
[2023-10-27 05:48:25,719] {processor.py:161} INFO - Processing /home/airflow/.local/lib/python3.7/site-packages/airflow/example_dags/example_branch_day_of_week_operator.py took 5.242 seconds
[2023-10-27 05:48:55,953] {processor.py:153} INFO - Started process (PID=2378) to work on /home/airflow/.local/lib/python3.7/site-packages/airflow/example_dags/example_branch_day_of_week_operator.py
[2023-10-27 05:48:55,954] {processor.py:641} INFO - Processing file /home/airflow/.local/lib/python3.7/site-packages/airflow/example_dags/example_branch_day_of_week_operator.py for tasks to queue
[2023-10-27 05:48:55,954] {logging_mixin.py:115} INFO - [2023-10-27 05:48:55,954] {dagbag.py:508} INFO - Filling up the DagBag from /home/airflow/.local/lib/python3.7/site-packages/airflow/example_dags/example_branch_day_of_week_operator.py
[2023-10-27 05:48:55,970] {processor.py:651} INFO - DAG(s) dict_keys(['example_weekday_branch_operator']) retrieved from /home/airflow/.local/lib/python3.7/site-packages/airflow/example_dags/example_branch_day_of_week_operator.py
[2023-10-27 05:48:56,155] {logging_mixin.py:115} INFO - [2023-10-27 05:48:56,155] {dag.py:2420} INFO - Sync 1 DAGs
[2023-10-27 05:48:56,179] {logging_mixin.py:115} INFO - [2023-10-27 05:48:56,178] {dag.py:2972} INFO - Setting next_dagrun for example_weekday_branch_operator to 2023-10-26T00:00:00+00:00, run_after=2023-10-27T00:00:00+00:00
[2023-10-27 05:48:56,191] {processor.py:161} INFO - Processing /home/airflow/.local/lib/python3.7/site-packages/airflow/example_dags/example_branch_day_of_week_operator.py took 0.242 seconds
[2023-10-27 05:49:26,440] {processor.py:153} INFO - Started process (PID=2431) to work on /home/airflow/.local/lib/python3.7/site-packages/airflow/example_dags/example_branch_day_of_week_operator.py
[2023-10-27 05:49:26,440] {processor.py:641} INFO - Processing file /home/airflow/.local/lib/python3.7/site-packages/airflow/example_dags/example_branch_day_of_week_operator.py for tasks to queue
[2023-10-27 05:49:26,441] {logging_mixin.py:115} INFO - [2023-10-27 05:49:26,441] {dagbag.py:508} INFO - Filling up the DagBag from /home/airflow/.local/lib/python3.7/site-packages/airflow/example_dags/example_branch_day_of_week_operator.py
[2023-10-27 05:49:26,456] {processor.py:651} INFO - DAG(s) dict_keys(['example_weekday_branch_operator']) retrieved from /home/airflow/.local/lib/python3.7/site-packages/airflow/example_dags/example_branch_day_of_week_operator.py
[2023-10-27 05:49:26,639] {logging_mixin.py:115} INFO - [2023-10-27 05:49:26,639] {dag.py:2420} INFO - Sync 1 DAGs
[2023-10-27 05:49:26,663] {logging_mixin.py:115} INFO - [2023-10-27 05:49:26,663] {dag.py:2972} INFO - Setting next_dagrun for example_weekday_branch_operator to 2023-10-26T00:00:00+00:00, run_after=2023-10-27T00:00:00+00:00
[2023-10-27 05:49:26,675] {processor.py:161} INFO - Processing /home/airflow/.local/lib/python3.7/site-packages/airflow/example_dags/example_branch_day_of_week_operator.py took 0.239 seconds
[2023-10-27 05:49:56,742] {processor.py:153} INFO - Started process (PID=2493) to work on /home/airflow/.local/lib/python3.7/site-packages/airflow/example_dags/example_branch_day_of_week_operator.py
[2023-10-27 05:49:56,743] {processor.py:641} INFO - Processing file /home/airflow/.local/lib/python3.7/site-packages/airflow/example_dags/example_branch_day_of_week_operator.py for tasks to queue
[2023-10-27 05:49:56,744] {logging_mixin.py:115} INFO - [2023-10-27 05:49:56,744] {dagbag.py:508} INFO - Filling up the DagBag from /home/airflow/.local/lib/python3.7/site-packages/airflow/example_dags/example_branch_day_of_week_operator.py
[2023-10-27 05:49:56,758] {processor.py:651} INFO - DAG(s) dict_keys(['example_weekday_branch_operator']) retrieved from /home/airflow/.local/lib/python3.7/site-packages/airflow/example_dags/example_branch_day_of_week_operator.py
[2023-10-27 05:49:56,952] {logging_mixin.py:115} INFO - [2023-10-27 05:49:56,952] {dag.py:2420} INFO - Sync 1 DAGs
[2023-10-27 05:49:56,977] {logging_mixin.py:115} INFO - [2023-10-27 05:49:56,976] {dag.py:2972} INFO - Setting next_dagrun for example_weekday_branch_operator to 2023-10-26T00:00:00+00:00, run_after=2023-10-27T00:00:00+00:00
[2023-10-27 05:49:56,988] {processor.py:161} INFO - Processing /home/airflow/.local/lib/python3.7/site-packages/airflow/example_dags/example_branch_day_of_week_operator.py took 0.250 seconds
[2023-10-27 05:50:27,081] {processor.py:153} INFO - Started process (PID=2546) to work on /home/airflow/.local/lib/python3.7/site-packages/airflow/example_dags/example_branch_day_of_week_operator.py
[2023-10-27 05:50:27,082] {processor.py:641} INFO - Processing file /home/airflow/.local/lib/python3.7/site-packages/airflow/example_dags/example_branch_day_of_week_operator.py for tasks to queue
[2023-10-27 05:50:27,082] {logging_mixin.py:115} INFO - [2023-10-27 05:50:27,082] {dagbag.py:508} INFO - Filling up the DagBag from /home/airflow/.local/lib/python3.7/site-packages/airflow/example_dags/example_branch_day_of_week_operator.py
[2023-10-27 05:50:27,097] {processor.py:651} INFO - DAG(s) dict_keys(['example_weekday_branch_operator']) retrieved from /home/airflow/.local/lib/python3.7/site-packages/airflow/example_dags/example_branch_day_of_week_operator.py
[2023-10-27 05:50:27,291] {logging_mixin.py:115} INFO - [2023-10-27 05:50:27,291] {dag.py:2420} INFO - Sync 1 DAGs
[2023-10-27 05:50:27,316] {logging_mixin.py:115} INFO - [2023-10-27 05:50:27,316] {dag.py:2972} INFO - Setting next_dagrun for example_weekday_branch_operator to 2023-10-26T00:00:00+00:00, run_after=2023-10-27T00:00:00+00:00
[2023-10-27 05:50:27,328] {processor.py:161} INFO - Processing /home/airflow/.local/lib/python3.7/site-packages/airflow/example_dags/example_branch_day_of_week_operator.py took 0.253 seconds
[2023-10-27 05:50:57,381] {processor.py:153} INFO - Started process (PID=2606) to work on /home/airflow/.local/lib/python3.7/site-packages/airflow/example_dags/example_branch_day_of_week_operator.py
[2023-10-27 05:50:57,382] {processor.py:641} INFO - Processing file /home/airflow/.local/lib/python3.7/site-packages/airflow/example_dags/example_branch_day_of_week_operator.py for tasks to queue
[2023-10-27 05:50:57,383] {logging_mixin.py:115} INFO - [2023-10-27 05:50:57,383] {dagbag.py:508} INFO - Filling up the DagBag from /home/airflow/.local/lib/python3.7/site-packages/airflow/example_dags/example_branch_day_of_week_operator.py
[2023-10-27 05:50:57,397] {processor.py:651} INFO - DAG(s) dict_keys(['example_weekday_branch_operator']) retrieved from /home/airflow/.local/lib/python3.7/site-packages/airflow/example_dags/example_branch_day_of_week_operator.py
[2023-10-27 05:50:57,578] {logging_mixin.py:115} INFO - [2023-10-27 05:50:57,577] {dag.py:2420} INFO - Sync 1 DAGs
[2023-10-27 05:50:57,601] {logging_mixin.py:115} INFO - [2023-10-27 05:50:57,601] {dag.py:2972} INFO - Setting next_dagrun for example_weekday_branch_operator to 2023-10-26T00:00:00+00:00, run_after=2023-10-27T00:00:00+00:00
[2023-10-27 05:50:57,613] {processor.py:161} INFO - Processing /home/airflow/.local/lib/python3.7/site-packages/airflow/example_dags/example_branch_day_of_week_operator.py took 0.235 seconds
[2023-10-27 05:51:28,697] {processor.py:153} INFO - Started process (PID=2670) to work on /home/airflow/.local/lib/python3.7/site-packages/airflow/example_dags/example_branch_day_of_week_operator.py
[2023-10-27 05:51:28,698] {processor.py:641} INFO - Processing file /home/airflow/.local/lib/python3.7/site-packages/airflow/example_dags/example_branch_day_of_week_operator.py for tasks to queue
[2023-10-27 05:51:28,698] {logging_mixin.py:115} INFO - [2023-10-27 05:51:28,698] {dagbag.py:508} INFO - Filling up the DagBag from /home/airflow/.local/lib/python3.7/site-packages/airflow/example_dags/example_branch_day_of_week_operator.py
[2023-10-27 05:51:28,713] {processor.py:651} INFO - DAG(s) dict_keys(['example_weekday_branch_operator']) retrieved from /home/airflow/.local/lib/python3.7/site-packages/airflow/example_dags/example_branch_day_of_week_operator.py
[2023-10-27 05:51:28,904] {logging_mixin.py:115} INFO - [2023-10-27 05:51:28,904] {dag.py:2420} INFO - Sync 1 DAGs
[2023-10-27 05:51:28,930] {logging_mixin.py:115} INFO - [2023-10-27 05:51:28,930] {dag.py:2972} INFO - Setting next_dagrun for example_weekday_branch_operator to 2023-10-26T00:00:00+00:00, run_after=2023-10-27T00:00:00+00:00
[2023-10-27 05:51:28,942] {processor.py:161} INFO - Processing /home/airflow/.local/lib/python3.7/site-packages/airflow/example_dags/example_branch_day_of_week_operator.py took 0.250 seconds
[2023-10-27 05:52:00,045] {processor.py:153} INFO - Started process (PID=2724) to work on /home/airflow/.local/lib/python3.7/site-packages/airflow/example_dags/example_branch_day_of_week_operator.py
[2023-10-27 05:52:00,046] {processor.py:641} INFO - Processing file /home/airflow/.local/lib/python3.7/site-packages/airflow/example_dags/example_branch_day_of_week_operator.py for tasks to queue
[2023-10-27 05:52:00,046] {logging_mixin.py:115} INFO - [2023-10-27 05:52:00,046] {dagbag.py:508} INFO - Filling up the DagBag from /home/airflow/.local/lib/python3.7/site-packages/airflow/example_dags/example_branch_day_of_week_operator.py
[2023-10-27 05:52:00,062] {processor.py:651} INFO - DAG(s) dict_keys(['example_weekday_branch_operator']) retrieved from /home/airflow/.local/lib/python3.7/site-packages/airflow/example_dags/example_branch_day_of_week_operator.py
[2023-10-27 05:52:00,259] {logging_mixin.py:115} INFO - [2023-10-27 05:52:00,259] {dag.py:2420} INFO - Sync 1 DAGs
[2023-10-27 05:52:00,283] {logging_mixin.py:115} INFO - [2023-10-27 05:52:00,283] {dag.py:2972} INFO - Setting next_dagrun for example_weekday_branch_operator to 2023-10-26T00:00:00+00:00, run_after=2023-10-27T00:00:00+00:00
[2023-10-27 05:52:00,295] {processor.py:161} INFO - Processing /home/airflow/.local/lib/python3.7/site-packages/airflow/example_dags/example_branch_day_of_week_operator.py took 0.254 seconds
[2023-10-27 05:52:30,427] {processor.py:153} INFO - Started process (PID=2786) to work on /home/airflow/.local/lib/python3.7/site-packages/airflow/example_dags/example_branch_day_of_week_operator.py
[2023-10-27 05:52:30,427] {processor.py:641} INFO - Processing file /home/airflow/.local/lib/python3.7/site-packages/airflow/example_dags/example_branch_day_of_week_operator.py for tasks to queue
[2023-10-27 05:52:30,428] {logging_mixin.py:115} INFO - [2023-10-27 05:52:30,428] {dagbag.py:508} INFO - Filling up the DagBag from /home/airflow/.local/lib/python3.7/site-packages/airflow/example_dags/example_branch_day_of_week_operator.py
[2023-10-27 05:52:30,442] {processor.py:651} INFO - DAG(s) dict_keys(['example_weekday_branch_operator']) retrieved from /home/airflow/.local/lib/python3.7/site-packages/airflow/example_dags/example_branch_day_of_week_operator.py
[2023-10-27 05:52:30,628] {logging_mixin.py:115} INFO - [2023-10-27 05:52:30,628] {dag.py:2420} INFO - Sync 1 DAGs
[2023-10-27 05:52:30,652] {logging_mixin.py:115} INFO - [2023-10-27 05:52:30,652] {dag.py:2972} INFO - Setting next_dagrun for example_weekday_branch_operator to 2023-10-26T00:00:00+00:00, run_after=2023-10-27T00:00:00+00:00
[2023-10-27 05:52:30,664] {processor.py:161} INFO - Processing /home/airflow/.local/lib/python3.7/site-packages/airflow/example_dags/example_branch_day_of_week_operator.py took 0.241 seconds
[2023-10-27 05:53:00,913] {processor.py:153} INFO - Started process (PID=2844) to work on /home/airflow/.local/lib/python3.7/site-packages/airflow/example_dags/example_branch_day_of_week_operator.py
[2023-10-27 05:53:00,914] {processor.py:641} INFO - Processing file /home/airflow/.local/lib/python3.7/site-packages/airflow/example_dags/example_branch_day_of_week_operator.py for tasks to queue
[2023-10-27 05:53:00,914] {logging_mixin.py:115} INFO - [2023-10-27 05:53:00,914] {dagbag.py:508} INFO - Filling up the DagBag from /home/airflow/.local/lib/python3.7/site-packages/airflow/example_dags/example_branch_day_of_week_operator.py
[2023-10-27 05:53:00,929] {processor.py:651} INFO - DAG(s) dict_keys(['example_weekday_branch_operator']) retrieved from /home/airflow/.local/lib/python3.7/site-packages/airflow/example_dags/example_branch_day_of_week_operator.py
[2023-10-27 05:53:01,111] {logging_mixin.py:115} INFO - [2023-10-27 05:53:01,111] {dag.py:2420} INFO - Sync 1 DAGs
[2023-10-27 05:53:01,135] {logging_mixin.py:115} INFO - [2023-10-27 05:53:01,135] {dag.py:2972} INFO - Setting next_dagrun for example_weekday_branch_operator to 2023-10-26T00:00:00+00:00, run_after=2023-10-27T00:00:00+00:00
[2023-10-27 05:53:01,148] {processor.py:161} INFO - Processing /home/airflow/.local/lib/python3.7/site-packages/airflow/example_dags/example_branch_day_of_week_operator.py took 0.239 seconds
[2023-10-27 05:53:31,215] {processor.py:153} INFO - Started process (PID=2899) to work on /home/airflow/.local/lib/python3.7/site-packages/airflow/example_dags/example_branch_day_of_week_operator.py
[2023-10-27 05:53:31,216] {processor.py:641} INFO - Processing file /home/airflow/.local/lib/python3.7/site-packages/airflow/example_dags/example_branch_day_of_week_operator.py for tasks to queue
[2023-10-27 05:53:31,216] {logging_mixin.py:115} INFO - [2023-10-27 05:53:31,216] {dagbag.py:508} INFO - Filling up the DagBag from /home/airflow/.local/lib/python3.7/site-packages/airflow/example_dags/example_branch_day_of_week_operator.py
[2023-10-27 05:53:31,226] {processor.py:651} INFO - DAG(s) dict_keys(['example_weekday_branch_operator']) retrieved from /home/airflow/.local/lib/python3.7/site-packages/airflow/example_dags/example_branch_day_of_week_operator.py
[2023-10-27 05:53:31,410] {logging_mixin.py:115} INFO - [2023-10-27 05:53:31,410] {dag.py:2420} INFO - Sync 1 DAGs
[2023-10-27 05:53:31,434] {logging_mixin.py:115} INFO - [2023-10-27 05:53:31,433] {dag.py:2972} INFO - Setting next_dagrun for example_weekday_branch_operator to 2023-10-26T00:00:00+00:00, run_after=2023-10-27T00:00:00+00:00
[2023-10-27 05:53:31,445] {processor.py:161} INFO - Processing /home/airflow/.local/lib/python3.7/site-packages/airflow/example_dags/example_branch_day_of_week_operator.py took 0.234 seconds
