[2023-10-27 05:19:36,700] {processor.py:153} INFO - Started process (PID=80) to work on /home/airflow/.local/lib/python3.7/site-packages/airflow/example_dags/example_xcomargs.py
[2023-10-27 05:19:36,702] {processor.py:641} INFO - Processing file /home/airflow/.local/lib/python3.7/site-packages/airflow/example_dags/example_xcomargs.py for tasks to queue
[2023-10-27 05:19:36,703] {logging_mixin.py:115} INFO - [2023-10-27 05:19:36,703] {dagbag.py:508} INFO - Filling up the DagBag from /home/airflow/.local/lib/python3.7/site-packages/airflow/example_dags/example_xcomargs.py
[2023-10-27 05:19:36,753] {processor.py:651} INFO - DAG(s) dict_keys(['example_xcom_args', 'example_xcom_args_with_operators']) retrieved from /home/airflow/.local/lib/python3.7/site-packages/airflow/example_dags/example_xcomargs.py
[2023-10-27 05:19:36,983] {logging_mixin.py:115} INFO - [2023-10-27 05:19:36,983] {manager.py:508} INFO - Created Permission View: can delete on DAG:example_xcom_args
[2023-10-27 05:19:37,021] {logging_mixin.py:115} INFO - [2023-10-27 05:19:37,021] {manager.py:508} INFO - Created Permission View: can read on DAG:example_xcom_args
[2023-10-27 05:19:37,038] {logging_mixin.py:115} INFO - [2023-10-27 05:19:37,038] {manager.py:508} INFO - Created Permission View: can edit on DAG:example_xcom_args
[2023-10-27 05:19:37,090] {logging_mixin.py:115} INFO - [2023-10-27 05:19:37,090] {manager.py:508} INFO - Created Permission View: can delete on DAG:example_xcom_args_with_operators
[2023-10-27 05:19:37,108] {logging_mixin.py:115} INFO - [2023-10-27 05:19:37,108] {manager.py:508} INFO - Created Permission View: can read on DAG:example_xcom_args_with_operators
[2023-10-27 05:19:37,117] {logging_mixin.py:115} INFO - [2023-10-27 05:19:37,117] {manager.py:508} INFO - Created Permission View: can edit on DAG:example_xcom_args_with_operators
[2023-10-27 05:19:37,117] {logging_mixin.py:115} INFO - [2023-10-27 05:19:37,117] {dag.py:2420} INFO - Sync 2 DAGs
[2023-10-27 05:19:37,128] {logging_mixin.py:115} INFO - [2023-10-27 05:19:37,128] {dag.py:2439} INFO - Creating ORM DAG for example_xcom_args
[2023-10-27 05:19:37,129] {logging_mixin.py:115} INFO - [2023-10-27 05:19:37,129] {dag.py:2439} INFO - Creating ORM DAG for example_xcom_args_with_operators
[2023-10-27 05:19:37,147] {logging_mixin.py:115} INFO - [2023-10-27 05:19:37,147] {dag.py:2972} INFO - Setting next_dagrun for example_xcom_args to None, run_after=None
[2023-10-27 05:19:37,147] {logging_mixin.py:115} INFO - [2023-10-27 05:19:37,147] {dag.py:2972} INFO - Setting next_dagrun for example_xcom_args_with_operators to None, run_after=None
[2023-10-27 05:19:37,164] {processor.py:161} INFO - Processing /home/airflow/.local/lib/python3.7/site-packages/airflow/example_dags/example_xcomargs.py took 0.478 seconds
[2023-10-27 05:20:07,547] {processor.py:153} INFO - Started process (PID=134) to work on /home/airflow/.local/lib/python3.7/site-packages/airflow/example_dags/example_xcomargs.py
[2023-10-27 05:20:07,548] {processor.py:641} INFO - Processing file /home/airflow/.local/lib/python3.7/site-packages/airflow/example_dags/example_xcomargs.py for tasks to queue
[2023-10-27 05:20:07,550] {logging_mixin.py:115} INFO - [2023-10-27 05:20:07,549] {dagbag.py:508} INFO - Filling up the DagBag from /home/airflow/.local/lib/python3.7/site-packages/airflow/example_dags/example_xcomargs.py
[2023-10-27 05:20:07,576] {processor.py:651} INFO - DAG(s) dict_keys(['example_xcom_args', 'example_xcom_args_with_operators']) retrieved from /home/airflow/.local/lib/python3.7/site-packages/airflow/example_dags/example_xcomargs.py
[2023-10-27 05:20:07,690] {logging_mixin.py:115} INFO - [2023-10-27 05:20:07,690] {dag.py:2420} INFO - Sync 2 DAGs
[2023-10-27 05:20:07,719] {logging_mixin.py:115} INFO - [2023-10-27 05:20:07,719] {dag.py:2972} INFO - Setting next_dagrun for example_xcom_args to None, run_after=None
[2023-10-27 05:20:07,719] {logging_mixin.py:115} INFO - [2023-10-27 05:20:07,719] {dag.py:2972} INFO - Setting next_dagrun for example_xcom_args_with_operators to None, run_after=None
[2023-10-27 05:20:07,746] {processor.py:161} INFO - Processing /home/airflow/.local/lib/python3.7/site-packages/airflow/example_dags/example_xcomargs.py took 0.204 seconds
[2023-10-27 05:20:37,902] {processor.py:153} INFO - Started process (PID=196) to work on /home/airflow/.local/lib/python3.7/site-packages/airflow/example_dags/example_xcomargs.py
[2023-10-27 05:20:37,903] {processor.py:641} INFO - Processing file /home/airflow/.local/lib/python3.7/site-packages/airflow/example_dags/example_xcomargs.py for tasks to queue
[2023-10-27 05:20:37,903] {logging_mixin.py:115} INFO - [2023-10-27 05:20:37,903] {dagbag.py:508} INFO - Filling up the DagBag from /home/airflow/.local/lib/python3.7/site-packages/airflow/example_dags/example_xcomargs.py
[2023-10-27 05:20:37,929] {processor.py:651} INFO - DAG(s) dict_keys(['example_xcom_args', 'example_xcom_args_with_operators']) retrieved from /home/airflow/.local/lib/python3.7/site-packages/airflow/example_dags/example_xcomargs.py
[2023-10-27 05:20:38,012] {logging_mixin.py:115} INFO - [2023-10-27 05:20:38,012] {dag.py:2420} INFO - Sync 2 DAGs
[2023-10-27 05:20:38,037] {logging_mixin.py:115} INFO - [2023-10-27 05:20:38,037] {dag.py:2972} INFO - Setting next_dagrun for example_xcom_args to None, run_after=None
[2023-10-27 05:20:38,037] {logging_mixin.py:115} INFO - [2023-10-27 05:20:38,037] {dag.py:2972} INFO - Setting next_dagrun for example_xcom_args_with_operators to None, run_after=None
[2023-10-27 05:20:38,052] {processor.py:161} INFO - Processing /home/airflow/.local/lib/python3.7/site-packages/airflow/example_dags/example_xcomargs.py took 0.155 seconds
[2023-10-27 05:21:08,076] {processor.py:153} INFO - Started process (PID=247) to work on /home/airflow/.local/lib/python3.7/site-packages/airflow/example_dags/example_xcomargs.py
[2023-10-27 05:21:08,077] {processor.py:641} INFO - Processing file /home/airflow/.local/lib/python3.7/site-packages/airflow/example_dags/example_xcomargs.py for tasks to queue
[2023-10-27 05:21:08,077] {logging_mixin.py:115} INFO - [2023-10-27 05:21:08,077] {dagbag.py:508} INFO - Filling up the DagBag from /home/airflow/.local/lib/python3.7/site-packages/airflow/example_dags/example_xcomargs.py
[2023-10-27 05:21:08,099] {processor.py:651} INFO - DAG(s) dict_keys(['example_xcom_args', 'example_xcom_args_with_operators']) retrieved from /home/airflow/.local/lib/python3.7/site-packages/airflow/example_dags/example_xcomargs.py
[2023-10-27 05:21:08,182] {logging_mixin.py:115} INFO - [2023-10-27 05:21:08,182] {dag.py:2420} INFO - Sync 2 DAGs
[2023-10-27 05:21:08,205] {logging_mixin.py:115} INFO - [2023-10-27 05:21:08,205] {dag.py:2972} INFO - Setting next_dagrun for example_xcom_args to None, run_after=None
[2023-10-27 05:21:08,205] {logging_mixin.py:115} INFO - [2023-10-27 05:21:08,205] {dag.py:2972} INFO - Setting next_dagrun for example_xcom_args_with_operators to None, run_after=None
[2023-10-27 05:21:08,220] {processor.py:161} INFO - Processing /home/airflow/.local/lib/python3.7/site-packages/airflow/example_dags/example_xcomargs.py took 0.148 seconds
[2023-10-27 05:21:38,252] {processor.py:153} INFO - Started process (PID=308) to work on /home/airflow/.local/lib/python3.7/site-packages/airflow/example_dags/example_xcomargs.py
[2023-10-27 05:21:38,253] {processor.py:641} INFO - Processing file /home/airflow/.local/lib/python3.7/site-packages/airflow/example_dags/example_xcomargs.py for tasks to queue
[2023-10-27 05:21:38,253] {logging_mixin.py:115} INFO - [2023-10-27 05:21:38,253] {dagbag.py:508} INFO - Filling up the DagBag from /home/airflow/.local/lib/python3.7/site-packages/airflow/example_dags/example_xcomargs.py
[2023-10-27 05:21:38,275] {processor.py:651} INFO - DAG(s) dict_keys(['example_xcom_args', 'example_xcom_args_with_operators']) retrieved from /home/airflow/.local/lib/python3.7/site-packages/airflow/example_dags/example_xcomargs.py
[2023-10-27 05:21:38,356] {logging_mixin.py:115} INFO - [2023-10-27 05:21:38,356] {dag.py:2420} INFO - Sync 2 DAGs
[2023-10-27 05:21:38,379] {logging_mixin.py:115} INFO - [2023-10-27 05:21:38,379] {dag.py:2972} INFO - Setting next_dagrun for example_xcom_args to None, run_after=None
[2023-10-27 05:21:38,379] {logging_mixin.py:115} INFO - [2023-10-27 05:21:38,379] {dag.py:2972} INFO - Setting next_dagrun for example_xcom_args_with_operators to None, run_after=None
[2023-10-27 05:21:38,394] {processor.py:161} INFO - Processing /home/airflow/.local/lib/python3.7/site-packages/airflow/example_dags/example_xcomargs.py took 0.146 seconds
[2023-10-27 05:22:08,497] {processor.py:153} INFO - Started process (PID=361) to work on /home/airflow/.local/lib/python3.7/site-packages/airflow/example_dags/example_xcomargs.py
[2023-10-27 05:22:08,498] {processor.py:641} INFO - Processing file /home/airflow/.local/lib/python3.7/site-packages/airflow/example_dags/example_xcomargs.py for tasks to queue
[2023-10-27 05:22:08,498] {logging_mixin.py:115} INFO - [2023-10-27 05:22:08,498] {dagbag.py:508} INFO - Filling up the DagBag from /home/airflow/.local/lib/python3.7/site-packages/airflow/example_dags/example_xcomargs.py
[2023-10-27 05:22:08,521] {processor.py:651} INFO - DAG(s) dict_keys(['example_xcom_args', 'example_xcom_args_with_operators']) retrieved from /home/airflow/.local/lib/python3.7/site-packages/airflow/example_dags/example_xcomargs.py
[2023-10-27 05:22:08,604] {logging_mixin.py:115} INFO - [2023-10-27 05:22:08,604] {dag.py:2420} INFO - Sync 2 DAGs
[2023-10-27 05:22:08,628] {logging_mixin.py:115} INFO - [2023-10-27 05:22:08,628] {dag.py:2972} INFO - Setting next_dagrun for example_xcom_args to None, run_after=None
[2023-10-27 05:22:08,629] {logging_mixin.py:115} INFO - [2023-10-27 05:22:08,629] {dag.py:2972} INFO - Setting next_dagrun for example_xcom_args_with_operators to None, run_after=None
[2023-10-27 05:22:08,643] {processor.py:161} INFO - Processing /home/airflow/.local/lib/python3.7/site-packages/airflow/example_dags/example_xcomargs.py took 0.150 seconds
[2023-10-27 05:22:38,693] {processor.py:153} INFO - Started process (PID=423) to work on /home/airflow/.local/lib/python3.7/site-packages/airflow/example_dags/example_xcomargs.py
[2023-10-27 05:22:38,694] {processor.py:641} INFO - Processing file /home/airflow/.local/lib/python3.7/site-packages/airflow/example_dags/example_xcomargs.py for tasks to queue
[2023-10-27 05:22:38,694] {logging_mixin.py:115} INFO - [2023-10-27 05:22:38,694] {dagbag.py:508} INFO - Filling up the DagBag from /home/airflow/.local/lib/python3.7/site-packages/airflow/example_dags/example_xcomargs.py
[2023-10-27 05:22:38,717] {processor.py:651} INFO - DAG(s) dict_keys(['example_xcom_args', 'example_xcom_args_with_operators']) retrieved from /home/airflow/.local/lib/python3.7/site-packages/airflow/example_dags/example_xcomargs.py
[2023-10-27 05:22:38,751] {logging_mixin.py:115} INFO - [2023-10-27 05:22:38,751] {dag.py:2420} INFO - Sync 2 DAGs
[2023-10-27 05:22:38,776] {logging_mixin.py:115} INFO - [2023-10-27 05:22:38,776] {dag.py:2972} INFO - Setting next_dagrun for example_xcom_args to None, run_after=None
[2023-10-27 05:22:38,776] {logging_mixin.py:115} INFO - [2023-10-27 05:22:38,776] {dag.py:2972} INFO - Setting next_dagrun for example_xcom_args_with_operators to None, run_after=None
[2023-10-27 05:22:38,789] {processor.py:161} INFO - Processing /home/airflow/.local/lib/python3.7/site-packages/airflow/example_dags/example_xcomargs.py took 0.101 seconds
[2023-10-27 05:23:08,889] {processor.py:153} INFO - Started process (PID=473) to work on /home/airflow/.local/lib/python3.7/site-packages/airflow/example_dags/example_xcomargs.py
[2023-10-27 05:23:08,890] {processor.py:641} INFO - Processing file /home/airflow/.local/lib/python3.7/site-packages/airflow/example_dags/example_xcomargs.py for tasks to queue
[2023-10-27 05:23:08,891] {logging_mixin.py:115} INFO - [2023-10-27 05:23:08,890] {dagbag.py:508} INFO - Filling up the DagBag from /home/airflow/.local/lib/python3.7/site-packages/airflow/example_dags/example_xcomargs.py
[2023-10-27 05:23:08,914] {processor.py:651} INFO - DAG(s) dict_keys(['example_xcom_args', 'example_xcom_args_with_operators']) retrieved from /home/airflow/.local/lib/python3.7/site-packages/airflow/example_dags/example_xcomargs.py
[2023-10-27 05:23:09,007] {logging_mixin.py:115} INFO - [2023-10-27 05:23:09,007] {dag.py:2420} INFO - Sync 2 DAGs
[2023-10-27 05:23:09,033] {logging_mixin.py:115} INFO - [2023-10-27 05:23:09,033] {dag.py:2972} INFO - Setting next_dagrun for example_xcom_args to None, run_after=None
[2023-10-27 05:23:09,033] {logging_mixin.py:115} INFO - [2023-10-27 05:23:09,033] {dag.py:2972} INFO - Setting next_dagrun for example_xcom_args_with_operators to None, run_after=None
[2023-10-27 05:23:09,048] {processor.py:161} INFO - Processing /home/airflow/.local/lib/python3.7/site-packages/airflow/example_dags/example_xcomargs.py took 0.163 seconds
[2023-10-27 05:25:02,512] {processor.py:153} INFO - Started process (PID=71) to work on /home/airflow/.local/lib/python3.7/site-packages/airflow/example_dags/example_xcomargs.py
[2023-10-27 05:25:02,514] {processor.py:641} INFO - Processing file /home/airflow/.local/lib/python3.7/site-packages/airflow/example_dags/example_xcomargs.py for tasks to queue
[2023-10-27 05:25:02,514] {logging_mixin.py:115} INFO - [2023-10-27 05:25:02,514] {dagbag.py:508} INFO - Filling up the DagBag from /home/airflow/.local/lib/python3.7/site-packages/airflow/example_dags/example_xcomargs.py
[2023-10-27 05:25:02,542] {processor.py:651} INFO - DAG(s) dict_keys(['example_xcom_args', 'example_xcom_args_with_operators']) retrieved from /home/airflow/.local/lib/python3.7/site-packages/airflow/example_dags/example_xcomargs.py
[2023-10-27 05:25:02,786] {logging_mixin.py:115} INFO - [2023-10-27 05:25:02,786] {dag.py:2420} INFO - Sync 2 DAGs
[2023-10-27 05:25:02,808] {logging_mixin.py:115} INFO - [2023-10-27 05:25:02,808] {dag.py:2972} INFO - Setting next_dagrun for example_xcom_args to None, run_after=None
[2023-10-27 05:25:02,808] {logging_mixin.py:115} INFO - [2023-10-27 05:25:02,808] {dag.py:2972} INFO - Setting next_dagrun for example_xcom_args_with_operators to None, run_after=None
[2023-10-27 05:25:02,822] {processor.py:161} INFO - Processing /home/airflow/.local/lib/python3.7/site-packages/airflow/example_dags/example_xcomargs.py took 0.314 seconds
[2023-10-27 05:25:33,009] {processor.py:153} INFO - Started process (PID=123) to work on /home/airflow/.local/lib/python3.7/site-packages/airflow/example_dags/example_xcomargs.py
[2023-10-27 05:25:33,010] {processor.py:641} INFO - Processing file /home/airflow/.local/lib/python3.7/site-packages/airflow/example_dags/example_xcomargs.py for tasks to queue
[2023-10-27 05:25:33,010] {logging_mixin.py:115} INFO - [2023-10-27 05:25:33,010] {dagbag.py:508} INFO - Filling up the DagBag from /home/airflow/.local/lib/python3.7/site-packages/airflow/example_dags/example_xcomargs.py
[2023-10-27 05:25:33,036] {processor.py:651} INFO - DAG(s) dict_keys(['example_xcom_args', 'example_xcom_args_with_operators']) retrieved from /home/airflow/.local/lib/python3.7/site-packages/airflow/example_dags/example_xcomargs.py
[2023-10-27 05:25:33,264] {logging_mixin.py:115} INFO - [2023-10-27 05:25:33,264] {dag.py:2420} INFO - Sync 2 DAGs
[2023-10-27 05:25:33,285] {logging_mixin.py:115} INFO - [2023-10-27 05:25:33,285] {dag.py:2972} INFO - Setting next_dagrun for example_xcom_args to None, run_after=None
[2023-10-27 05:25:33,286] {logging_mixin.py:115} INFO - [2023-10-27 05:25:33,285] {dag.py:2972} INFO - Setting next_dagrun for example_xcom_args_with_operators to None, run_after=None
[2023-10-27 05:25:33,300] {processor.py:161} INFO - Processing /home/airflow/.local/lib/python3.7/site-packages/airflow/example_dags/example_xcomargs.py took 0.295 seconds
[2023-10-27 05:26:03,887] {processor.py:153} INFO - Started process (PID=184) to work on /home/airflow/.local/lib/python3.7/site-packages/airflow/example_dags/example_xcomargs.py
[2023-10-27 05:26:03,888] {processor.py:641} INFO - Processing file /home/airflow/.local/lib/python3.7/site-packages/airflow/example_dags/example_xcomargs.py for tasks to queue
[2023-10-27 05:26:03,889] {logging_mixin.py:115} INFO - [2023-10-27 05:26:03,889] {dagbag.py:508} INFO - Filling up the DagBag from /home/airflow/.local/lib/python3.7/site-packages/airflow/example_dags/example_xcomargs.py
[2023-10-27 05:26:03,916] {processor.py:651} INFO - DAG(s) dict_keys(['example_xcom_args', 'example_xcom_args_with_operators']) retrieved from /home/airflow/.local/lib/python3.7/site-packages/airflow/example_dags/example_xcomargs.py
[2023-10-27 05:26:04,146] {logging_mixin.py:115} INFO - [2023-10-27 05:26:04,146] {dag.py:2420} INFO - Sync 2 DAGs
[2023-10-27 05:26:04,168] {logging_mixin.py:115} INFO - [2023-10-27 05:26:04,168] {dag.py:2972} INFO - Setting next_dagrun for example_xcom_args to None, run_after=None
[2023-10-27 05:26:04,169] {logging_mixin.py:115} INFO - [2023-10-27 05:26:04,168] {dag.py:2972} INFO - Setting next_dagrun for example_xcom_args_with_operators to None, run_after=None
[2023-10-27 05:26:04,183] {processor.py:161} INFO - Processing /home/airflow/.local/lib/python3.7/site-packages/airflow/example_dags/example_xcomargs.py took 0.300 seconds
[2023-10-27 05:26:34,813] {processor.py:153} INFO - Started process (PID=244) to work on /home/airflow/.local/lib/python3.7/site-packages/airflow/example_dags/example_xcomargs.py
[2023-10-27 05:26:34,814] {processor.py:641} INFO - Processing file /home/airflow/.local/lib/python3.7/site-packages/airflow/example_dags/example_xcomargs.py for tasks to queue
[2023-10-27 05:26:34,814] {logging_mixin.py:115} INFO - [2023-10-27 05:26:34,814] {dagbag.py:508} INFO - Filling up the DagBag from /home/airflow/.local/lib/python3.7/site-packages/airflow/example_dags/example_xcomargs.py
[2023-10-27 05:26:34,840] {processor.py:651} INFO - DAG(s) dict_keys(['example_xcom_args', 'example_xcom_args_with_operators']) retrieved from /home/airflow/.local/lib/python3.7/site-packages/airflow/example_dags/example_xcomargs.py
[2023-10-27 05:26:35,072] {logging_mixin.py:115} INFO - [2023-10-27 05:26:35,072] {dag.py:2420} INFO - Sync 2 DAGs
[2023-10-27 05:26:35,094] {logging_mixin.py:115} INFO - [2023-10-27 05:26:35,094] {dag.py:2972} INFO - Setting next_dagrun for example_xcom_args to None, run_after=None
[2023-10-27 05:26:35,094] {logging_mixin.py:115} INFO - [2023-10-27 05:26:35,094] {dag.py:2972} INFO - Setting next_dagrun for example_xcom_args_with_operators to None, run_after=None
[2023-10-27 05:26:35,109] {processor.py:161} INFO - Processing /home/airflow/.local/lib/python3.7/site-packages/airflow/example_dags/example_xcomargs.py took 0.300 seconds
[2023-10-27 05:27:05,761] {processor.py:153} INFO - Started process (PID=296) to work on /home/airflow/.local/lib/python3.7/site-packages/airflow/example_dags/example_xcomargs.py
[2023-10-27 05:27:05,761] {processor.py:641} INFO - Processing file /home/airflow/.local/lib/python3.7/site-packages/airflow/example_dags/example_xcomargs.py for tasks to queue
[2023-10-27 05:27:05,762] {logging_mixin.py:115} INFO - [2023-10-27 05:27:05,762] {dagbag.py:508} INFO - Filling up the DagBag from /home/airflow/.local/lib/python3.7/site-packages/airflow/example_dags/example_xcomargs.py
[2023-10-27 05:27:05,787] {processor.py:651} INFO - DAG(s) dict_keys(['example_xcom_args', 'example_xcom_args_with_operators']) retrieved from /home/airflow/.local/lib/python3.7/site-packages/airflow/example_dags/example_xcomargs.py
[2023-10-27 05:27:06,013] {logging_mixin.py:115} INFO - [2023-10-27 05:27:06,013] {dag.py:2420} INFO - Sync 2 DAGs
[2023-10-27 05:27:06,034] {logging_mixin.py:115} INFO - [2023-10-27 05:27:06,034] {dag.py:2972} INFO - Setting next_dagrun for example_xcom_args to None, run_after=None
[2023-10-27 05:27:06,034] {logging_mixin.py:115} INFO - [2023-10-27 05:27:06,034] {dag.py:2972} INFO - Setting next_dagrun for example_xcom_args_with_operators to None, run_after=None
[2023-10-27 05:27:06,049] {processor.py:161} INFO - Processing /home/airflow/.local/lib/python3.7/site-packages/airflow/example_dags/example_xcomargs.py took 0.292 seconds
[2023-10-27 05:28:19,535] {processor.py:153} INFO - Started process (PID=71) to work on /home/airflow/.local/lib/python3.7/site-packages/airflow/example_dags/example_xcomargs.py
[2023-10-27 05:28:19,536] {processor.py:641} INFO - Processing file /home/airflow/.local/lib/python3.7/site-packages/airflow/example_dags/example_xcomargs.py for tasks to queue
[2023-10-27 05:28:19,537] {logging_mixin.py:115} INFO - [2023-10-27 05:28:19,537] {dagbag.py:508} INFO - Filling up the DagBag from /home/airflow/.local/lib/python3.7/site-packages/airflow/example_dags/example_xcomargs.py
[2023-10-27 05:28:19,565] {processor.py:651} INFO - DAG(s) dict_keys(['example_xcom_args', 'example_xcom_args_with_operators']) retrieved from /home/airflow/.local/lib/python3.7/site-packages/airflow/example_dags/example_xcomargs.py
[2023-10-27 05:28:19,822] {logging_mixin.py:115} INFO - [2023-10-27 05:28:19,822] {dag.py:2420} INFO - Sync 2 DAGs
[2023-10-27 05:28:19,847] {logging_mixin.py:115} INFO - [2023-10-27 05:28:19,847] {dag.py:2972} INFO - Setting next_dagrun for example_xcom_args to None, run_after=None
[2023-10-27 05:28:19,848] {logging_mixin.py:115} INFO - [2023-10-27 05:28:19,847] {dag.py:2972} INFO - Setting next_dagrun for example_xcom_args_with_operators to None, run_after=None
[2023-10-27 05:28:19,862] {processor.py:161} INFO - Processing /home/airflow/.local/lib/python3.7/site-packages/airflow/example_dags/example_xcomargs.py took 0.332 seconds
[2023-10-27 05:28:52,850] {processor.py:153} INFO - Started process (PID=133) to work on /home/airflow/.local/lib/python3.7/site-packages/airflow/example_dags/example_xcomargs.py
[2023-10-27 05:28:52,851] {processor.py:641} INFO - Processing file /home/airflow/.local/lib/python3.7/site-packages/airflow/example_dags/example_xcomargs.py for tasks to queue
[2023-10-27 05:28:52,852] {logging_mixin.py:115} INFO - [2023-10-27 05:28:52,852] {dagbag.py:508} INFO - Filling up the DagBag from /home/airflow/.local/lib/python3.7/site-packages/airflow/example_dags/example_xcomargs.py
[2023-10-27 05:28:52,878] {processor.py:651} INFO - DAG(s) dict_keys(['example_xcom_args', 'example_xcom_args_with_operators']) retrieved from /home/airflow/.local/lib/python3.7/site-packages/airflow/example_dags/example_xcomargs.py
[2023-10-27 05:28:53,115] {logging_mixin.py:115} INFO - [2023-10-27 05:28:53,115] {dag.py:2420} INFO - Sync 2 DAGs
[2023-10-27 05:28:53,138] {logging_mixin.py:115} INFO - [2023-10-27 05:28:53,138] {dag.py:2972} INFO - Setting next_dagrun for example_xcom_args to None, run_after=None
[2023-10-27 05:28:53,138] {logging_mixin.py:115} INFO - [2023-10-27 05:28:53,138] {dag.py:2972} INFO - Setting next_dagrun for example_xcom_args_with_operators to None, run_after=None
[2023-10-27 05:28:53,152] {processor.py:161} INFO - Processing /home/airflow/.local/lib/python3.7/site-packages/airflow/example_dags/example_xcomargs.py took 0.306 seconds
[2023-10-27 05:29:23,345] {processor.py:153} INFO - Started process (PID=185) to work on /home/airflow/.local/lib/python3.7/site-packages/airflow/example_dags/example_xcomargs.py
[2023-10-27 05:29:23,346] {processor.py:641} INFO - Processing file /home/airflow/.local/lib/python3.7/site-packages/airflow/example_dags/example_xcomargs.py for tasks to queue
[2023-10-27 05:29:23,346] {logging_mixin.py:115} INFO - [2023-10-27 05:29:23,346] {dagbag.py:508} INFO - Filling up the DagBag from /home/airflow/.local/lib/python3.7/site-packages/airflow/example_dags/example_xcomargs.py
[2023-10-27 05:29:23,373] {processor.py:651} INFO - DAG(s) dict_keys(['example_xcom_args', 'example_xcom_args_with_operators']) retrieved from /home/airflow/.local/lib/python3.7/site-packages/airflow/example_dags/example_xcomargs.py
[2023-10-27 05:29:23,602] {logging_mixin.py:115} INFO - [2023-10-27 05:29:23,602] {dag.py:2420} INFO - Sync 2 DAGs
[2023-10-27 05:29:23,623] {logging_mixin.py:115} INFO - [2023-10-27 05:29:23,623] {dag.py:2972} INFO - Setting next_dagrun for example_xcom_args to None, run_after=None
[2023-10-27 05:29:23,623] {logging_mixin.py:115} INFO - [2023-10-27 05:29:23,623] {dag.py:2972} INFO - Setting next_dagrun for example_xcom_args_with_operators to None, run_after=None
[2023-10-27 05:29:23,637] {processor.py:161} INFO - Processing /home/airflow/.local/lib/python3.7/site-packages/airflow/example_dags/example_xcomargs.py took 0.296 seconds
[2023-10-27 05:29:54,066] {processor.py:153} INFO - Started process (PID=246) to work on /home/airflow/.local/lib/python3.7/site-packages/airflow/example_dags/example_xcomargs.py
[2023-10-27 05:29:54,067] {processor.py:641} INFO - Processing file /home/airflow/.local/lib/python3.7/site-packages/airflow/example_dags/example_xcomargs.py for tasks to queue
[2023-10-27 05:29:54,068] {logging_mixin.py:115} INFO - [2023-10-27 05:29:54,068] {dagbag.py:508} INFO - Filling up the DagBag from /home/airflow/.local/lib/python3.7/site-packages/airflow/example_dags/example_xcomargs.py
[2023-10-27 05:29:54,095] {processor.py:651} INFO - DAG(s) dict_keys(['example_xcom_args', 'example_xcom_args_with_operators']) retrieved from /home/airflow/.local/lib/python3.7/site-packages/airflow/example_dags/example_xcomargs.py
[2023-10-27 05:29:54,324] {logging_mixin.py:115} INFO - [2023-10-27 05:29:54,324] {dag.py:2420} INFO - Sync 2 DAGs
[2023-10-27 05:29:54,346] {logging_mixin.py:115} INFO - [2023-10-27 05:29:54,346] {dag.py:2972} INFO - Setting next_dagrun for example_xcom_args to None, run_after=None
[2023-10-27 05:29:54,346] {logging_mixin.py:115} INFO - [2023-10-27 05:29:54,346] {dag.py:2972} INFO - Setting next_dagrun for example_xcom_args_with_operators to None, run_after=None
[2023-10-27 05:29:54,362] {processor.py:161} INFO - Processing /home/airflow/.local/lib/python3.7/site-packages/airflow/example_dags/example_xcomargs.py took 0.301 seconds
[2023-10-27 05:30:26,054] {processor.py:153} INFO - Started process (PID=305) to work on /home/airflow/.local/lib/python3.7/site-packages/airflow/example_dags/example_xcomargs.py
[2023-10-27 05:30:26,055] {processor.py:641} INFO - Processing file /home/airflow/.local/lib/python3.7/site-packages/airflow/example_dags/example_xcomargs.py for tasks to queue
[2023-10-27 05:30:26,055] {logging_mixin.py:115} INFO - [2023-10-27 05:30:26,055] {dagbag.py:508} INFO - Filling up the DagBag from /home/airflow/.local/lib/python3.7/site-packages/airflow/example_dags/example_xcomargs.py
[2023-10-27 05:30:26,081] {processor.py:651} INFO - DAG(s) dict_keys(['example_xcom_args', 'example_xcom_args_with_operators']) retrieved from /home/airflow/.local/lib/python3.7/site-packages/airflow/example_dags/example_xcomargs.py
[2023-10-27 05:30:26,309] {logging_mixin.py:115} INFO - [2023-10-27 05:30:26,309] {dag.py:2420} INFO - Sync 2 DAGs
[2023-10-27 05:30:26,332] {logging_mixin.py:115} INFO - [2023-10-27 05:30:26,332] {dag.py:2972} INFO - Setting next_dagrun for example_xcom_args to None, run_after=None
[2023-10-27 05:30:26,333] {logging_mixin.py:115} INFO - [2023-10-27 05:30:26,333] {dag.py:2972} INFO - Setting next_dagrun for example_xcom_args_with_operators to None, run_after=None
[2023-10-27 05:30:26,349] {processor.py:161} INFO - Processing /home/airflow/.local/lib/python3.7/site-packages/airflow/example_dags/example_xcomargs.py took 0.299 seconds
[2023-10-27 05:31:02,127] {processor.py:153} INFO - Started process (PID=369) to work on /home/airflow/.local/lib/python3.7/site-packages/airflow/example_dags/example_xcomargs.py
[2023-10-27 05:31:02,128] {processor.py:641} INFO - Processing file /home/airflow/.local/lib/python3.7/site-packages/airflow/example_dags/example_xcomargs.py for tasks to queue
[2023-10-27 05:31:02,128] {logging_mixin.py:115} INFO - [2023-10-27 05:31:02,128] {dagbag.py:508} INFO - Filling up the DagBag from /home/airflow/.local/lib/python3.7/site-packages/airflow/example_dags/example_xcomargs.py
[2023-10-27 05:31:02,154] {processor.py:651} INFO - DAG(s) dict_keys(['example_xcom_args', 'example_xcom_args_with_operators']) retrieved from /home/airflow/.local/lib/python3.7/site-packages/airflow/example_dags/example_xcomargs.py
[2023-10-27 05:31:02,391] {logging_mixin.py:115} INFO - [2023-10-27 05:31:02,391] {dag.py:2420} INFO - Sync 2 DAGs
[2023-10-27 05:31:02,412] {logging_mixin.py:115} INFO - [2023-10-27 05:31:02,412] {dag.py:2972} INFO - Setting next_dagrun for example_xcom_args to None, run_after=None
[2023-10-27 05:31:02,413] {logging_mixin.py:115} INFO - [2023-10-27 05:31:02,413] {dag.py:2972} INFO - Setting next_dagrun for example_xcom_args_with_operators to None, run_after=None
[2023-10-27 05:31:02,427] {processor.py:161} INFO - Processing /home/airflow/.local/lib/python3.7/site-packages/airflow/example_dags/example_xcomargs.py took 0.304 seconds
[2023-10-27 05:31:32,858] {processor.py:153} INFO - Started process (PID=420) to work on /home/airflow/.local/lib/python3.7/site-packages/airflow/example_dags/example_xcomargs.py
[2023-10-27 05:31:32,859] {processor.py:641} INFO - Processing file /home/airflow/.local/lib/python3.7/site-packages/airflow/example_dags/example_xcomargs.py for tasks to queue
[2023-10-27 05:31:32,859] {logging_mixin.py:115} INFO - [2023-10-27 05:31:32,859] {dagbag.py:508} INFO - Filling up the DagBag from /home/airflow/.local/lib/python3.7/site-packages/airflow/example_dags/example_xcomargs.py
[2023-10-27 05:31:32,886] {processor.py:651} INFO - DAG(s) dict_keys(['example_xcom_args', 'example_xcom_args_with_operators']) retrieved from /home/airflow/.local/lib/python3.7/site-packages/airflow/example_dags/example_xcomargs.py
[2023-10-27 05:31:33,072] {logging_mixin.py:115} INFO - [2023-10-27 05:31:33,071] {dag.py:2420} INFO - Sync 2 DAGs
[2023-10-27 05:31:33,095] {logging_mixin.py:115} INFO - [2023-10-27 05:31:33,095] {dag.py:2972} INFO - Setting next_dagrun for example_xcom_args to None, run_after=None
[2023-10-27 05:31:33,095] {logging_mixin.py:115} INFO - [2023-10-27 05:31:33,095] {dag.py:2972} INFO - Setting next_dagrun for example_xcom_args_with_operators to None, run_after=None
[2023-10-27 05:31:33,107] {processor.py:161} INFO - Processing /home/airflow/.local/lib/python3.7/site-packages/airflow/example_dags/example_xcomargs.py took 0.253 seconds
[2023-10-27 05:32:03,368] {processor.py:153} INFO - Started process (PID=480) to work on /home/airflow/.local/lib/python3.7/site-packages/airflow/example_dags/example_xcomargs.py
[2023-10-27 05:32:03,369] {processor.py:641} INFO - Processing file /home/airflow/.local/lib/python3.7/site-packages/airflow/example_dags/example_xcomargs.py for tasks to queue
[2023-10-27 05:32:03,369] {logging_mixin.py:115} INFO - [2023-10-27 05:32:03,369] {dagbag.py:508} INFO - Filling up the DagBag from /home/airflow/.local/lib/python3.7/site-packages/airflow/example_dags/example_xcomargs.py
[2023-10-27 05:32:03,395] {processor.py:651} INFO - DAG(s) dict_keys(['example_xcom_args', 'example_xcom_args_with_operators']) retrieved from /home/airflow/.local/lib/python3.7/site-packages/airflow/example_dags/example_xcomargs.py
[2023-10-27 05:32:03,626] {logging_mixin.py:115} INFO - [2023-10-27 05:32:03,626] {dag.py:2420} INFO - Sync 2 DAGs
[2023-10-27 05:32:03,648] {logging_mixin.py:115} INFO - [2023-10-27 05:32:03,648] {dag.py:2972} INFO - Setting next_dagrun for example_xcom_args to None, run_after=None
[2023-10-27 05:32:03,649] {logging_mixin.py:115} INFO - [2023-10-27 05:32:03,649] {dag.py:2972} INFO - Setting next_dagrun for example_xcom_args_with_operators to None, run_after=None
[2023-10-27 05:32:03,663] {processor.py:161} INFO - Processing /home/airflow/.local/lib/python3.7/site-packages/airflow/example_dags/example_xcomargs.py took 0.299 seconds
[2023-10-27 05:32:33,792] {processor.py:153} INFO - Started process (PID=532) to work on /home/airflow/.local/lib/python3.7/site-packages/airflow/example_dags/example_xcomargs.py
[2023-10-27 05:32:33,792] {processor.py:641} INFO - Processing file /home/airflow/.local/lib/python3.7/site-packages/airflow/example_dags/example_xcomargs.py for tasks to queue
[2023-10-27 05:32:33,793] {logging_mixin.py:115} INFO - [2023-10-27 05:32:33,793] {dagbag.py:508} INFO - Filling up the DagBag from /home/airflow/.local/lib/python3.7/site-packages/airflow/example_dags/example_xcomargs.py
[2023-10-27 05:32:33,818] {processor.py:651} INFO - DAG(s) dict_keys(['example_xcom_args', 'example_xcom_args_with_operators']) retrieved from /home/airflow/.local/lib/python3.7/site-packages/airflow/example_dags/example_xcomargs.py
[2023-10-27 05:32:34,052] {logging_mixin.py:115} INFO - [2023-10-27 05:32:34,052] {dag.py:2420} INFO - Sync 2 DAGs
[2023-10-27 05:32:34,074] {logging_mixin.py:115} INFO - [2023-10-27 05:32:34,074] {dag.py:2972} INFO - Setting next_dagrun for example_xcom_args to None, run_after=None
[2023-10-27 05:32:34,075] {logging_mixin.py:115} INFO - [2023-10-27 05:32:34,075] {dag.py:2972} INFO - Setting next_dagrun for example_xcom_args_with_operators to None, run_after=None
[2023-10-27 05:32:34,092] {processor.py:161} INFO - Processing /home/airflow/.local/lib/python3.7/site-packages/airflow/example_dags/example_xcomargs.py took 0.304 seconds
[2023-10-27 05:33:04,185] {processor.py:153} INFO - Started process (PID=593) to work on /home/airflow/.local/lib/python3.7/site-packages/airflow/example_dags/example_xcomargs.py
[2023-10-27 05:33:04,187] {processor.py:641} INFO - Processing file /home/airflow/.local/lib/python3.7/site-packages/airflow/example_dags/example_xcomargs.py for tasks to queue
[2023-10-27 05:33:04,187] {logging_mixin.py:115} INFO - [2023-10-27 05:33:04,187] {dagbag.py:508} INFO - Filling up the DagBag from /home/airflow/.local/lib/python3.7/site-packages/airflow/example_dags/example_xcomargs.py
[2023-10-27 05:33:04,214] {processor.py:651} INFO - DAG(s) dict_keys(['example_xcom_args', 'example_xcom_args_with_operators']) retrieved from /home/airflow/.local/lib/python3.7/site-packages/airflow/example_dags/example_xcomargs.py
[2023-10-27 05:33:04,400] {logging_mixin.py:115} INFO - [2023-10-27 05:33:04,400] {dag.py:2420} INFO - Sync 2 DAGs
[2023-10-27 05:33:04,423] {logging_mixin.py:115} INFO - [2023-10-27 05:33:04,423] {dag.py:2972} INFO - Setting next_dagrun for example_xcom_args to None, run_after=None
[2023-10-27 05:33:04,423] {logging_mixin.py:115} INFO - [2023-10-27 05:33:04,423] {dag.py:2972} INFO - Setting next_dagrun for example_xcom_args_with_operators to None, run_after=None
[2023-10-27 05:33:04,435] {processor.py:161} INFO - Processing /home/airflow/.local/lib/python3.7/site-packages/airflow/example_dags/example_xcomargs.py took 0.254 seconds
[2023-10-27 05:33:34,553] {processor.py:153} INFO - Started process (PID=656) to work on /home/airflow/.local/lib/python3.7/site-packages/airflow/example_dags/example_xcomargs.py
[2023-10-27 05:33:34,554] {processor.py:641} INFO - Processing file /home/airflow/.local/lib/python3.7/site-packages/airflow/example_dags/example_xcomargs.py for tasks to queue
[2023-10-27 05:33:34,554] {logging_mixin.py:115} INFO - [2023-10-27 05:33:34,554] {dagbag.py:508} INFO - Filling up the DagBag from /home/airflow/.local/lib/python3.7/site-packages/airflow/example_dags/example_xcomargs.py
[2023-10-27 05:33:34,580] {processor.py:651} INFO - DAG(s) dict_keys(['example_xcom_args', 'example_xcom_args_with_operators']) retrieved from /home/airflow/.local/lib/python3.7/site-packages/airflow/example_dags/example_xcomargs.py
[2023-10-27 05:33:34,807] {logging_mixin.py:115} INFO - [2023-10-27 05:33:34,807] {dag.py:2420} INFO - Sync 2 DAGs
[2023-10-27 05:33:34,828] {logging_mixin.py:115} INFO - [2023-10-27 05:33:34,828] {dag.py:2972} INFO - Setting next_dagrun for example_xcom_args to None, run_after=None
[2023-10-27 05:33:34,828] {logging_mixin.py:115} INFO - [2023-10-27 05:33:34,828] {dag.py:2972} INFO - Setting next_dagrun for example_xcom_args_with_operators to None, run_after=None
[2023-10-27 05:33:34,842] {processor.py:161} INFO - Processing /home/airflow/.local/lib/python3.7/site-packages/airflow/example_dags/example_xcomargs.py took 0.292 seconds
[2023-10-27 05:34:05,331] {processor.py:153} INFO - Started process (PID=708) to work on /home/airflow/.local/lib/python3.7/site-packages/airflow/example_dags/example_xcomargs.py
[2023-10-27 05:34:05,332] {processor.py:641} INFO - Processing file /home/airflow/.local/lib/python3.7/site-packages/airflow/example_dags/example_xcomargs.py for tasks to queue
[2023-10-27 05:34:05,332] {logging_mixin.py:115} INFO - [2023-10-27 05:34:05,332] {dagbag.py:508} INFO - Filling up the DagBag from /home/airflow/.local/lib/python3.7/site-packages/airflow/example_dags/example_xcomargs.py
[2023-10-27 05:34:05,358] {processor.py:651} INFO - DAG(s) dict_keys(['example_xcom_args', 'example_xcom_args_with_operators']) retrieved from /home/airflow/.local/lib/python3.7/site-packages/airflow/example_dags/example_xcomargs.py
[2023-10-27 05:34:05,596] {logging_mixin.py:115} INFO - [2023-10-27 05:34:05,596] {dag.py:2420} INFO - Sync 2 DAGs
[2023-10-27 05:34:05,617] {logging_mixin.py:115} INFO - [2023-10-27 05:34:05,617] {dag.py:2972} INFO - Setting next_dagrun for example_xcom_args to None, run_after=None
[2023-10-27 05:34:05,618] {logging_mixin.py:115} INFO - [2023-10-27 05:34:05,618] {dag.py:2972} INFO - Setting next_dagrun for example_xcom_args_with_operators to None, run_after=None
[2023-10-27 05:34:05,632] {processor.py:161} INFO - Processing /home/airflow/.local/lib/python3.7/site-packages/airflow/example_dags/example_xcomargs.py took 0.306 seconds
[2023-10-27 05:34:36,086] {processor.py:153} INFO - Started process (PID=770) to work on /home/airflow/.local/lib/python3.7/site-packages/airflow/example_dags/example_xcomargs.py
[2023-10-27 05:34:36,087] {processor.py:641} INFO - Processing file /home/airflow/.local/lib/python3.7/site-packages/airflow/example_dags/example_xcomargs.py for tasks to queue
[2023-10-27 05:34:36,087] {logging_mixin.py:115} INFO - [2023-10-27 05:34:36,087] {dagbag.py:508} INFO - Filling up the DagBag from /home/airflow/.local/lib/python3.7/site-packages/airflow/example_dags/example_xcomargs.py
[2023-10-27 05:34:36,112] {processor.py:651} INFO - DAG(s) dict_keys(['example_xcom_args', 'example_xcom_args_with_operators']) retrieved from /home/airflow/.local/lib/python3.7/site-packages/airflow/example_dags/example_xcomargs.py
[2023-10-27 05:34:36,295] {logging_mixin.py:115} INFO - [2023-10-27 05:34:36,295] {dag.py:2420} INFO - Sync 2 DAGs
[2023-10-27 05:34:36,318] {logging_mixin.py:115} INFO - [2023-10-27 05:34:36,318] {dag.py:2972} INFO - Setting next_dagrun for example_xcom_args to None, run_after=None
[2023-10-27 05:34:36,318] {logging_mixin.py:115} INFO - [2023-10-27 05:34:36,318] {dag.py:2972} INFO - Setting next_dagrun for example_xcom_args_with_operators to None, run_after=None
[2023-10-27 05:34:36,331] {processor.py:161} INFO - Processing /home/airflow/.local/lib/python3.7/site-packages/airflow/example_dags/example_xcomargs.py took 0.249 seconds
[2023-10-27 05:35:07,119] {processor.py:153} INFO - Started process (PID=831) to work on /home/airflow/.local/lib/python3.7/site-packages/airflow/example_dags/example_xcomargs.py
[2023-10-27 05:35:07,120] {processor.py:641} INFO - Processing file /home/airflow/.local/lib/python3.7/site-packages/airflow/example_dags/example_xcomargs.py for tasks to queue
[2023-10-27 05:35:07,121] {logging_mixin.py:115} INFO - [2023-10-27 05:35:07,121] {dagbag.py:508} INFO - Filling up the DagBag from /home/airflow/.local/lib/python3.7/site-packages/airflow/example_dags/example_xcomargs.py
[2023-10-27 05:35:07,146] {processor.py:651} INFO - DAG(s) dict_keys(['example_xcom_args', 'example_xcom_args_with_operators']) retrieved from /home/airflow/.local/lib/python3.7/site-packages/airflow/example_dags/example_xcomargs.py
[2023-10-27 05:35:07,332] {logging_mixin.py:115} INFO - [2023-10-27 05:35:07,332] {dag.py:2420} INFO - Sync 2 DAGs
[2023-10-27 05:35:07,356] {logging_mixin.py:115} INFO - [2023-10-27 05:35:07,356] {dag.py:2972} INFO - Setting next_dagrun for example_xcom_args to None, run_after=None
[2023-10-27 05:35:07,357] {logging_mixin.py:115} INFO - [2023-10-27 05:35:07,357] {dag.py:2972} INFO - Setting next_dagrun for example_xcom_args_with_operators to None, run_after=None
[2023-10-27 05:35:07,370] {processor.py:161} INFO - Processing /home/airflow/.local/lib/python3.7/site-packages/airflow/example_dags/example_xcomargs.py took 0.255 seconds
[2023-10-27 05:35:38,352] {processor.py:153} INFO - Started process (PID=882) to work on /home/airflow/.local/lib/python3.7/site-packages/airflow/example_dags/example_xcomargs.py
[2023-10-27 05:35:38,353] {processor.py:641} INFO - Processing file /home/airflow/.local/lib/python3.7/site-packages/airflow/example_dags/example_xcomargs.py for tasks to queue
[2023-10-27 05:35:38,353] {logging_mixin.py:115} INFO - [2023-10-27 05:35:38,353] {dagbag.py:508} INFO - Filling up the DagBag from /home/airflow/.local/lib/python3.7/site-packages/airflow/example_dags/example_xcomargs.py
[2023-10-27 05:35:38,379] {processor.py:651} INFO - DAG(s) dict_keys(['example_xcom_args', 'example_xcom_args_with_operators']) retrieved from /home/airflow/.local/lib/python3.7/site-packages/airflow/example_dags/example_xcomargs.py
[2023-10-27 05:35:38,611] {logging_mixin.py:115} INFO - [2023-10-27 05:35:38,611] {dag.py:2420} INFO - Sync 2 DAGs
[2023-10-27 05:35:38,632] {logging_mixin.py:115} INFO - [2023-10-27 05:35:38,632] {dag.py:2972} INFO - Setting next_dagrun for example_xcom_args to None, run_after=None
[2023-10-27 05:35:38,632] {logging_mixin.py:115} INFO - [2023-10-27 05:35:38,632] {dag.py:2972} INFO - Setting next_dagrun for example_xcom_args_with_operators to None, run_after=None
[2023-10-27 05:35:38,646] {processor.py:161} INFO - Processing /home/airflow/.local/lib/python3.7/site-packages/airflow/example_dags/example_xcomargs.py took 0.297 seconds
[2023-10-27 05:36:08,764] {processor.py:153} INFO - Started process (PID=943) to work on /home/airflow/.local/lib/python3.7/site-packages/airflow/example_dags/example_xcomargs.py
[2023-10-27 05:36:08,764] {processor.py:641} INFO - Processing file /home/airflow/.local/lib/python3.7/site-packages/airflow/example_dags/example_xcomargs.py for tasks to queue
[2023-10-27 05:36:08,765] {logging_mixin.py:115} INFO - [2023-10-27 05:36:08,765] {dagbag.py:508} INFO - Filling up the DagBag from /home/airflow/.local/lib/python3.7/site-packages/airflow/example_dags/example_xcomargs.py
[2023-10-27 05:36:08,791] {processor.py:651} INFO - DAG(s) dict_keys(['example_xcom_args', 'example_xcom_args_with_operators']) retrieved from /home/airflow/.local/lib/python3.7/site-packages/airflow/example_dags/example_xcomargs.py
[2023-10-27 05:36:08,988] {logging_mixin.py:115} INFO - [2023-10-27 05:36:08,988] {dag.py:2420} INFO - Sync 2 DAGs
[2023-10-27 05:36:09,009] {logging_mixin.py:115} INFO - [2023-10-27 05:36:09,009] {dag.py:2972} INFO - Setting next_dagrun for example_xcom_args to None, run_after=None
[2023-10-27 05:36:09,010] {logging_mixin.py:115} INFO - [2023-10-27 05:36:09,010] {dag.py:2972} INFO - Setting next_dagrun for example_xcom_args_with_operators to None, run_after=None
[2023-10-27 05:36:09,022] {processor.py:161} INFO - Processing /home/airflow/.local/lib/python3.7/site-packages/airflow/example_dags/example_xcomargs.py took 0.262 seconds
[2023-10-27 05:36:39,406] {processor.py:153} INFO - Started process (PID=994) to work on /home/airflow/.local/lib/python3.7/site-packages/airflow/example_dags/example_xcomargs.py
[2023-10-27 05:36:39,407] {processor.py:641} INFO - Processing file /home/airflow/.local/lib/python3.7/site-packages/airflow/example_dags/example_xcomargs.py for tasks to queue
[2023-10-27 05:36:39,408] {logging_mixin.py:115} INFO - [2023-10-27 05:36:39,407] {dagbag.py:508} INFO - Filling up the DagBag from /home/airflow/.local/lib/python3.7/site-packages/airflow/example_dags/example_xcomargs.py
[2023-10-27 05:36:39,434] {processor.py:651} INFO - DAG(s) dict_keys(['example_xcom_args', 'example_xcom_args_with_operators']) retrieved from /home/airflow/.local/lib/python3.7/site-packages/airflow/example_dags/example_xcomargs.py
[2023-10-27 05:36:39,623] {logging_mixin.py:115} INFO - [2023-10-27 05:36:39,623] {dag.py:2420} INFO - Sync 2 DAGs
[2023-10-27 05:36:39,645] {logging_mixin.py:115} INFO - [2023-10-27 05:36:39,645] {dag.py:2972} INFO - Setting next_dagrun for example_xcom_args to None, run_after=None
[2023-10-27 05:36:39,645] {logging_mixin.py:115} INFO - [2023-10-27 05:36:39,645] {dag.py:2972} INFO - Setting next_dagrun for example_xcom_args_with_operators to None, run_after=None
[2023-10-27 05:36:39,661] {processor.py:161} INFO - Processing /home/airflow/.local/lib/python3.7/site-packages/airflow/example_dags/example_xcomargs.py took 0.258 seconds
[2023-10-27 05:37:09,724] {processor.py:153} INFO - Started process (PID=1054) to work on /home/airflow/.local/lib/python3.7/site-packages/airflow/example_dags/example_xcomargs.py
[2023-10-27 05:37:09,725] {processor.py:641} INFO - Processing file /home/airflow/.local/lib/python3.7/site-packages/airflow/example_dags/example_xcomargs.py for tasks to queue
[2023-10-27 05:37:09,725] {logging_mixin.py:115} INFO - [2023-10-27 05:37:09,725] {dagbag.py:508} INFO - Filling up the DagBag from /home/airflow/.local/lib/python3.7/site-packages/airflow/example_dags/example_xcomargs.py
[2023-10-27 05:37:09,750] {processor.py:651} INFO - DAG(s) dict_keys(['example_xcom_args', 'example_xcom_args_with_operators']) retrieved from /home/airflow/.local/lib/python3.7/site-packages/airflow/example_dags/example_xcomargs.py
[2023-10-27 05:37:09,981] {logging_mixin.py:115} INFO - [2023-10-27 05:37:09,980] {dag.py:2420} INFO - Sync 2 DAGs
[2023-10-27 05:37:10,003] {logging_mixin.py:115} INFO - [2023-10-27 05:37:10,003] {dag.py:2972} INFO - Setting next_dagrun for example_xcom_args to None, run_after=None
[2023-10-27 05:37:10,004] {logging_mixin.py:115} INFO - [2023-10-27 05:37:10,003] {dag.py:2972} INFO - Setting next_dagrun for example_xcom_args_with_operators to None, run_after=None
[2023-10-27 05:37:10,018] {processor.py:161} INFO - Processing /home/airflow/.local/lib/python3.7/site-packages/airflow/example_dags/example_xcomargs.py took 0.299 seconds
[2023-10-27 05:37:40,625] {processor.py:153} INFO - Started process (PID=1115) to work on /home/airflow/.local/lib/python3.7/site-packages/airflow/example_dags/example_xcomargs.py
[2023-10-27 05:37:40,625] {processor.py:641} INFO - Processing file /home/airflow/.local/lib/python3.7/site-packages/airflow/example_dags/example_xcomargs.py for tasks to queue
[2023-10-27 05:37:40,626] {logging_mixin.py:115} INFO - [2023-10-27 05:37:40,626] {dagbag.py:508} INFO - Filling up the DagBag from /home/airflow/.local/lib/python3.7/site-packages/airflow/example_dags/example_xcomargs.py
[2023-10-27 05:37:40,652] {processor.py:651} INFO - DAG(s) dict_keys(['example_xcom_args', 'example_xcom_args_with_operators']) retrieved from /home/airflow/.local/lib/python3.7/site-packages/airflow/example_dags/example_xcomargs.py
[2023-10-27 05:37:40,902] {logging_mixin.py:115} INFO - [2023-10-27 05:37:40,902] {dag.py:2420} INFO - Sync 2 DAGs
[2023-10-27 05:37:40,923] {logging_mixin.py:115} INFO - [2023-10-27 05:37:40,923] {dag.py:2972} INFO - Setting next_dagrun for example_xcom_args to None, run_after=None
[2023-10-27 05:37:40,923] {logging_mixin.py:115} INFO - [2023-10-27 05:37:40,923] {dag.py:2972} INFO - Setting next_dagrun for example_xcom_args_with_operators to None, run_after=None
[2023-10-27 05:37:40,937] {processor.py:161} INFO - Processing /home/airflow/.local/lib/python3.7/site-packages/airflow/example_dags/example_xcomargs.py took 0.316 seconds
[2023-10-27 05:38:11,037] {processor.py:153} INFO - Started process (PID=1167) to work on /home/airflow/.local/lib/python3.7/site-packages/airflow/example_dags/example_xcomargs.py
[2023-10-27 05:38:11,037] {processor.py:641} INFO - Processing file /home/airflow/.local/lib/python3.7/site-packages/airflow/example_dags/example_xcomargs.py for tasks to queue
[2023-10-27 05:38:11,038] {logging_mixin.py:115} INFO - [2023-10-27 05:38:11,038] {dagbag.py:508} INFO - Filling up the DagBag from /home/airflow/.local/lib/python3.7/site-packages/airflow/example_dags/example_xcomargs.py
[2023-10-27 05:38:11,065] {processor.py:651} INFO - DAG(s) dict_keys(['example_xcom_args', 'example_xcom_args_with_operators']) retrieved from /home/airflow/.local/lib/python3.7/site-packages/airflow/example_dags/example_xcomargs.py
[2023-10-27 05:38:11,302] {logging_mixin.py:115} INFO - [2023-10-27 05:38:11,302] {dag.py:2420} INFO - Sync 2 DAGs
[2023-10-27 05:38:11,323] {logging_mixin.py:115} INFO - [2023-10-27 05:38:11,323] {dag.py:2972} INFO - Setting next_dagrun for example_xcom_args to None, run_after=None
[2023-10-27 05:38:11,324] {logging_mixin.py:115} INFO - [2023-10-27 05:38:11,323] {dag.py:2972} INFO - Setting next_dagrun for example_xcom_args_with_operators to None, run_after=None
[2023-10-27 05:38:11,338] {processor.py:161} INFO - Processing /home/airflow/.local/lib/python3.7/site-packages/airflow/example_dags/example_xcomargs.py took 0.309 seconds
[2023-10-27 05:38:42,138] {processor.py:153} INFO - Started process (PID=1228) to work on /home/airflow/.local/lib/python3.7/site-packages/airflow/example_dags/example_xcomargs.py
[2023-10-27 05:38:42,138] {processor.py:641} INFO - Processing file /home/airflow/.local/lib/python3.7/site-packages/airflow/example_dags/example_xcomargs.py for tasks to queue
[2023-10-27 05:38:42,139] {logging_mixin.py:115} INFO - [2023-10-27 05:38:42,139] {dagbag.py:508} INFO - Filling up the DagBag from /home/airflow/.local/lib/python3.7/site-packages/airflow/example_dags/example_xcomargs.py
[2023-10-27 05:38:42,164] {processor.py:651} INFO - DAG(s) dict_keys(['example_xcom_args', 'example_xcom_args_with_operators']) retrieved from /home/airflow/.local/lib/python3.7/site-packages/airflow/example_dags/example_xcomargs.py
[2023-10-27 05:38:42,394] {logging_mixin.py:115} INFO - [2023-10-27 05:38:42,394] {dag.py:2420} INFO - Sync 2 DAGs
[2023-10-27 05:38:42,416] {logging_mixin.py:115} INFO - [2023-10-27 05:38:42,416] {dag.py:2972} INFO - Setting next_dagrun for example_xcom_args to None, run_after=None
[2023-10-27 05:38:42,416] {logging_mixin.py:115} INFO - [2023-10-27 05:38:42,416] {dag.py:2972} INFO - Setting next_dagrun for example_xcom_args_with_operators to None, run_after=None
[2023-10-27 05:38:42,430] {processor.py:161} INFO - Processing /home/airflow/.local/lib/python3.7/site-packages/airflow/example_dags/example_xcomargs.py took 0.296 seconds
[2023-10-27 05:39:12,530] {processor.py:153} INFO - Started process (PID=1290) to work on /home/airflow/.local/lib/python3.7/site-packages/airflow/example_dags/example_xcomargs.py
[2023-10-27 05:39:12,531] {processor.py:641} INFO - Processing file /home/airflow/.local/lib/python3.7/site-packages/airflow/example_dags/example_xcomargs.py for tasks to queue
[2023-10-27 05:39:12,531] {logging_mixin.py:115} INFO - [2023-10-27 05:39:12,531] {dagbag.py:508} INFO - Filling up the DagBag from /home/airflow/.local/lib/python3.7/site-packages/airflow/example_dags/example_xcomargs.py
[2023-10-27 05:39:12,557] {processor.py:651} INFO - DAG(s) dict_keys(['example_xcom_args', 'example_xcom_args_with_operators']) retrieved from /home/airflow/.local/lib/python3.7/site-packages/airflow/example_dags/example_xcomargs.py
[2023-10-27 05:39:12,789] {logging_mixin.py:115} INFO - [2023-10-27 05:39:12,789] {dag.py:2420} INFO - Sync 2 DAGs
[2023-10-27 05:39:12,811] {logging_mixin.py:115} INFO - [2023-10-27 05:39:12,811] {dag.py:2972} INFO - Setting next_dagrun for example_xcom_args to None, run_after=None
[2023-10-27 05:39:12,811] {logging_mixin.py:115} INFO - [2023-10-27 05:39:12,811] {dag.py:2972} INFO - Setting next_dagrun for example_xcom_args_with_operators to None, run_after=None
[2023-10-27 05:39:12,825] {processor.py:161} INFO - Processing /home/airflow/.local/lib/python3.7/site-packages/airflow/example_dags/example_xcomargs.py took 0.299 seconds
[2023-10-27 05:39:43,006] {processor.py:153} INFO - Started process (PID=1340) to work on /home/airflow/.local/lib/python3.7/site-packages/airflow/example_dags/example_xcomargs.py
[2023-10-27 05:39:43,006] {processor.py:641} INFO - Processing file /home/airflow/.local/lib/python3.7/site-packages/airflow/example_dags/example_xcomargs.py for tasks to queue
[2023-10-27 05:39:43,007] {logging_mixin.py:115} INFO - [2023-10-27 05:39:43,007] {dagbag.py:508} INFO - Filling up the DagBag from /home/airflow/.local/lib/python3.7/site-packages/airflow/example_dags/example_xcomargs.py
[2023-10-27 05:39:43,033] {processor.py:651} INFO - DAG(s) dict_keys(['example_xcom_args', 'example_xcom_args_with_operators']) retrieved from /home/airflow/.local/lib/python3.7/site-packages/airflow/example_dags/example_xcomargs.py
[2023-10-27 05:39:43,267] {logging_mixin.py:115} INFO - [2023-10-27 05:39:43,267] {dag.py:2420} INFO - Sync 2 DAGs
[2023-10-27 05:39:43,287] {logging_mixin.py:115} INFO - [2023-10-27 05:39:43,287] {dag.py:2972} INFO - Setting next_dagrun for example_xcom_args to None, run_after=None
[2023-10-27 05:39:43,287] {logging_mixin.py:115} INFO - [2023-10-27 05:39:43,287] {dag.py:2972} INFO - Setting next_dagrun for example_xcom_args_with_operators to None, run_after=None
[2023-10-27 05:39:43,301] {processor.py:161} INFO - Processing /home/airflow/.local/lib/python3.7/site-packages/airflow/example_dags/example_xcomargs.py took 0.299 seconds
[2023-10-27 05:40:13,878] {processor.py:153} INFO - Started process (PID=1402) to work on /home/airflow/.local/lib/python3.7/site-packages/airflow/example_dags/example_xcomargs.py
[2023-10-27 05:40:13,879] {processor.py:641} INFO - Processing file /home/airflow/.local/lib/python3.7/site-packages/airflow/example_dags/example_xcomargs.py for tasks to queue
[2023-10-27 05:40:13,880] {logging_mixin.py:115} INFO - [2023-10-27 05:40:13,879] {dagbag.py:508} INFO - Filling up the DagBag from /home/airflow/.local/lib/python3.7/site-packages/airflow/example_dags/example_xcomargs.py
[2023-10-27 05:40:13,906] {processor.py:651} INFO - DAG(s) dict_keys(['example_xcom_args', 'example_xcom_args_with_operators']) retrieved from /home/airflow/.local/lib/python3.7/site-packages/airflow/example_dags/example_xcomargs.py
[2023-10-27 05:40:14,098] {logging_mixin.py:115} INFO - [2023-10-27 05:40:14,098] {dag.py:2420} INFO - Sync 2 DAGs
[2023-10-27 05:40:14,121] {logging_mixin.py:115} INFO - [2023-10-27 05:40:14,121] {dag.py:2972} INFO - Setting next_dagrun for example_xcom_args to None, run_after=None
[2023-10-27 05:40:14,122] {logging_mixin.py:115} INFO - [2023-10-27 05:40:14,122] {dag.py:2972} INFO - Setting next_dagrun for example_xcom_args_with_operators to None, run_after=None
[2023-10-27 05:40:14,134] {processor.py:161} INFO - Processing /home/airflow/.local/lib/python3.7/site-packages/airflow/example_dags/example_xcomargs.py took 0.260 seconds
[2023-10-27 05:40:44,382] {processor.py:153} INFO - Started process (PID=1454) to work on /home/airflow/.local/lib/python3.7/site-packages/airflow/example_dags/example_xcomargs.py
[2023-10-27 05:40:44,382] {processor.py:641} INFO - Processing file /home/airflow/.local/lib/python3.7/site-packages/airflow/example_dags/example_xcomargs.py for tasks to queue
[2023-10-27 05:40:44,384] {logging_mixin.py:115} INFO - [2023-10-27 05:40:44,384] {dagbag.py:508} INFO - Filling up the DagBag from /home/airflow/.local/lib/python3.7/site-packages/airflow/example_dags/example_xcomargs.py
[2023-10-27 05:40:44,410] {processor.py:651} INFO - DAG(s) dict_keys(['example_xcom_args', 'example_xcom_args_with_operators']) retrieved from /home/airflow/.local/lib/python3.7/site-packages/airflow/example_dags/example_xcomargs.py
[2023-10-27 05:40:44,639] {logging_mixin.py:115} INFO - [2023-10-27 05:40:44,639] {dag.py:2420} INFO - Sync 2 DAGs
[2023-10-27 05:40:44,660] {logging_mixin.py:115} INFO - [2023-10-27 05:40:44,660] {dag.py:2972} INFO - Setting next_dagrun for example_xcom_args to None, run_after=None
[2023-10-27 05:40:44,660] {logging_mixin.py:115} INFO - [2023-10-27 05:40:44,660] {dag.py:2972} INFO - Setting next_dagrun for example_xcom_args_with_operators to None, run_after=None
[2023-10-27 05:40:44,674] {processor.py:161} INFO - Processing /home/airflow/.local/lib/python3.7/site-packages/airflow/example_dags/example_xcomargs.py took 0.296 seconds
[2023-10-27 05:41:14,767] {processor.py:153} INFO - Started process (PID=1514) to work on /home/airflow/.local/lib/python3.7/site-packages/airflow/example_dags/example_xcomargs.py
[2023-10-27 05:41:14,768] {processor.py:641} INFO - Processing file /home/airflow/.local/lib/python3.7/site-packages/airflow/example_dags/example_xcomargs.py for tasks to queue
[2023-10-27 05:41:14,768] {logging_mixin.py:115} INFO - [2023-10-27 05:41:14,768] {dagbag.py:508} INFO - Filling up the DagBag from /home/airflow/.local/lib/python3.7/site-packages/airflow/example_dags/example_xcomargs.py
[2023-10-27 05:41:14,793] {processor.py:651} INFO - DAG(s) dict_keys(['example_xcom_args', 'example_xcom_args_with_operators']) retrieved from /home/airflow/.local/lib/python3.7/site-packages/airflow/example_dags/example_xcomargs.py
[2023-10-27 05:41:15,024] {logging_mixin.py:115} INFO - [2023-10-27 05:41:15,024] {dag.py:2420} INFO - Sync 2 DAGs
[2023-10-27 05:41:15,045] {logging_mixin.py:115} INFO - [2023-10-27 05:41:15,045] {dag.py:2972} INFO - Setting next_dagrun for example_xcom_args to None, run_after=None
[2023-10-27 05:41:15,046] {logging_mixin.py:115} INFO - [2023-10-27 05:41:15,045] {dag.py:2972} INFO - Setting next_dagrun for example_xcom_args_with_operators to None, run_after=None
[2023-10-27 05:41:15,060] {processor.py:161} INFO - Processing /home/airflow/.local/lib/python3.7/site-packages/airflow/example_dags/example_xcomargs.py took 0.297 seconds
[2023-10-27 05:41:45,802] {processor.py:153} INFO - Started process (PID=1566) to work on /home/airflow/.local/lib/python3.7/site-packages/airflow/example_dags/example_xcomargs.py
[2023-10-27 05:41:45,803] {processor.py:641} INFO - Processing file /home/airflow/.local/lib/python3.7/site-packages/airflow/example_dags/example_xcomargs.py for tasks to queue
[2023-10-27 05:41:45,803] {logging_mixin.py:115} INFO - [2023-10-27 05:41:45,803] {dagbag.py:508} INFO - Filling up the DagBag from /home/airflow/.local/lib/python3.7/site-packages/airflow/example_dags/example_xcomargs.py
[2023-10-27 05:41:45,829] {processor.py:651} INFO - DAG(s) dict_keys(['example_xcom_args', 'example_xcom_args_with_operators']) retrieved from /home/airflow/.local/lib/python3.7/site-packages/airflow/example_dags/example_xcomargs.py
[2023-10-27 05:41:46,022] {logging_mixin.py:115} INFO - [2023-10-27 05:41:46,022] {dag.py:2420} INFO - Sync 2 DAGs
[2023-10-27 05:41:46,045] {logging_mixin.py:115} INFO - [2023-10-27 05:41:46,045] {dag.py:2972} INFO - Setting next_dagrun for example_xcom_args to None, run_after=None
[2023-10-27 05:41:46,045] {logging_mixin.py:115} INFO - [2023-10-27 05:41:46,045] {dag.py:2972} INFO - Setting next_dagrun for example_xcom_args_with_operators to None, run_after=None
[2023-10-27 05:41:46,058] {processor.py:161} INFO - Processing /home/airflow/.local/lib/python3.7/site-packages/airflow/example_dags/example_xcomargs.py took 0.259 seconds
[2023-10-27 05:42:16,601] {processor.py:153} INFO - Started process (PID=1627) to work on /home/airflow/.local/lib/python3.7/site-packages/airflow/example_dags/example_xcomargs.py
[2023-10-27 05:42:16,602] {processor.py:641} INFO - Processing file /home/airflow/.local/lib/python3.7/site-packages/airflow/example_dags/example_xcomargs.py for tasks to queue
[2023-10-27 05:42:16,603] {logging_mixin.py:115} INFO - [2023-10-27 05:42:16,603] {dagbag.py:508} INFO - Filling up the DagBag from /home/airflow/.local/lib/python3.7/site-packages/airflow/example_dags/example_xcomargs.py
[2023-10-27 05:42:16,630] {processor.py:651} INFO - DAG(s) dict_keys(['example_xcom_args', 'example_xcom_args_with_operators']) retrieved from /home/airflow/.local/lib/python3.7/site-packages/airflow/example_dags/example_xcomargs.py
[2023-10-27 05:42:16,827] {logging_mixin.py:115} INFO - [2023-10-27 05:42:16,827] {dag.py:2420} INFO - Sync 2 DAGs
[2023-10-27 05:42:16,850] {logging_mixin.py:115} INFO - [2023-10-27 05:42:16,850] {dag.py:2972} INFO - Setting next_dagrun for example_xcom_args to None, run_after=None
[2023-10-27 05:42:16,850] {logging_mixin.py:115} INFO - [2023-10-27 05:42:16,850] {dag.py:2972} INFO - Setting next_dagrun for example_xcom_args_with_operators to None, run_after=None
[2023-10-27 05:42:16,863] {processor.py:161} INFO - Processing /home/airflow/.local/lib/python3.7/site-packages/airflow/example_dags/example_xcomargs.py took 0.266 seconds
[2023-10-27 05:42:47,334] {processor.py:153} INFO - Started process (PID=1687) to work on /home/airflow/.local/lib/python3.7/site-packages/airflow/example_dags/example_xcomargs.py
[2023-10-27 05:42:47,335] {processor.py:641} INFO - Processing file /home/airflow/.local/lib/python3.7/site-packages/airflow/example_dags/example_xcomargs.py for tasks to queue
[2023-10-27 05:42:47,335] {logging_mixin.py:115} INFO - [2023-10-27 05:42:47,335] {dagbag.py:508} INFO - Filling up the DagBag from /home/airflow/.local/lib/python3.7/site-packages/airflow/example_dags/example_xcomargs.py
[2023-10-27 05:42:47,361] {processor.py:651} INFO - DAG(s) dict_keys(['example_xcom_args', 'example_xcom_args_with_operators']) retrieved from /home/airflow/.local/lib/python3.7/site-packages/airflow/example_dags/example_xcomargs.py
[2023-10-27 05:42:52,555] {logging_mixin.py:115} INFO - [2023-10-27 05:42:52,555] {dag.py:2420} INFO - Sync 2 DAGs
[2023-10-27 05:42:52,577] {logging_mixin.py:115} INFO - [2023-10-27 05:42:52,577] {dag.py:2972} INFO - Setting next_dagrun for example_xcom_args to None, run_after=None
[2023-10-27 05:42:52,577] {logging_mixin.py:115} INFO - [2023-10-27 05:42:52,577] {dag.py:2972} INFO - Setting next_dagrun for example_xcom_args_with_operators to None, run_after=None
[2023-10-27 05:42:52,589] {processor.py:161} INFO - Processing /home/airflow/.local/lib/python3.7/site-packages/airflow/example_dags/example_xcomargs.py took 5.259 seconds
[2023-10-27 05:43:23,313] {processor.py:153} INFO - Started process (PID=1753) to work on /home/airflow/.local/lib/python3.7/site-packages/airflow/example_dags/example_xcomargs.py
[2023-10-27 05:43:23,314] {processor.py:641} INFO - Processing file /home/airflow/.local/lib/python3.7/site-packages/airflow/example_dags/example_xcomargs.py for tasks to queue
[2023-10-27 05:43:23,314] {logging_mixin.py:115} INFO - [2023-10-27 05:43:23,314] {dagbag.py:508} INFO - Filling up the DagBag from /home/airflow/.local/lib/python3.7/site-packages/airflow/example_dags/example_xcomargs.py
[2023-10-27 05:43:23,499] {processor.py:651} INFO - DAG(s) dict_keys(['example_xcom_args', 'example_xcom_args_with_operators']) retrieved from /home/airflow/.local/lib/python3.7/site-packages/airflow/example_dags/example_xcomargs.py
[2023-10-27 05:43:23,590] {logging_mixin.py:115} INFO - [2023-10-27 05:43:23,590] {dag.py:2420} INFO - Sync 2 DAGs
[2023-10-27 05:43:23,610] {logging_mixin.py:115} INFO - [2023-10-27 05:43:23,610] {dag.py:2972} INFO - Setting next_dagrun for example_xcom_args to None, run_after=None
[2023-10-27 05:43:23,611] {logging_mixin.py:115} INFO - [2023-10-27 05:43:23,610] {dag.py:2972} INFO - Setting next_dagrun for example_xcom_args_with_operators to None, run_after=None
[2023-10-27 05:43:23,626] {processor.py:161} INFO - Processing /home/airflow/.local/lib/python3.7/site-packages/airflow/example_dags/example_xcomargs.py took 0.317 seconds
[2023-10-27 05:43:53,786] {processor.py:153} INFO - Started process (PID=1804) to work on /home/airflow/.local/lib/python3.7/site-packages/airflow/example_dags/example_xcomargs.py
[2023-10-27 05:43:53,787] {processor.py:641} INFO - Processing file /home/airflow/.local/lib/python3.7/site-packages/airflow/example_dags/example_xcomargs.py for tasks to queue
[2023-10-27 05:43:53,788] {logging_mixin.py:115} INFO - [2023-10-27 05:43:53,788] {dagbag.py:508} INFO - Filling up the DagBag from /home/airflow/.local/lib/python3.7/site-packages/airflow/example_dags/example_xcomargs.py
[2023-10-27 05:43:53,972] {processor.py:651} INFO - DAG(s) dict_keys(['example_xcom_args', 'example_xcom_args_with_operators']) retrieved from /home/airflow/.local/lib/python3.7/site-packages/airflow/example_dags/example_xcomargs.py
[2023-10-27 05:43:54,041] {logging_mixin.py:115} INFO - [2023-10-27 05:43:54,041] {dag.py:2420} INFO - Sync 2 DAGs
[2023-10-27 05:43:54,062] {logging_mixin.py:115} INFO - [2023-10-27 05:43:54,062] {dag.py:2972} INFO - Setting next_dagrun for example_xcom_args to None, run_after=None
[2023-10-27 05:43:54,062] {logging_mixin.py:115} INFO - [2023-10-27 05:43:54,062] {dag.py:2972} INFO - Setting next_dagrun for example_xcom_args_with_operators to None, run_after=None
[2023-10-27 05:43:54,077] {processor.py:161} INFO - Processing /home/airflow/.local/lib/python3.7/site-packages/airflow/example_dags/example_xcomargs.py took 0.295 seconds
[2023-10-27 05:44:24,160] {processor.py:153} INFO - Started process (PID=1865) to work on /home/airflow/.local/lib/python3.7/site-packages/airflow/example_dags/example_xcomargs.py
[2023-10-27 05:44:24,161] {processor.py:641} INFO - Processing file /home/airflow/.local/lib/python3.7/site-packages/airflow/example_dags/example_xcomargs.py for tasks to queue
[2023-10-27 05:44:24,161] {logging_mixin.py:115} INFO - [2023-10-27 05:44:24,161] {dagbag.py:508} INFO - Filling up the DagBag from /home/airflow/.local/lib/python3.7/site-packages/airflow/example_dags/example_xcomargs.py
[2023-10-27 05:44:24,345] {processor.py:651} INFO - DAG(s) dict_keys(['example_xcom_args', 'example_xcom_args_with_operators']) retrieved from /home/airflow/.local/lib/python3.7/site-packages/airflow/example_dags/example_xcomargs.py
[2023-10-27 05:44:24,415] {logging_mixin.py:115} INFO - [2023-10-27 05:44:24,415] {dag.py:2420} INFO - Sync 2 DAGs
[2023-10-27 05:44:24,436] {logging_mixin.py:115} INFO - [2023-10-27 05:44:24,436] {dag.py:2972} INFO - Setting next_dagrun for example_xcom_args to None, run_after=None
[2023-10-27 05:44:24,436] {logging_mixin.py:115} INFO - [2023-10-27 05:44:24,436] {dag.py:2972} INFO - Setting next_dagrun for example_xcom_args_with_operators to None, run_after=None
[2023-10-27 05:44:24,451] {processor.py:161} INFO - Processing /home/airflow/.local/lib/python3.7/site-packages/airflow/example_dags/example_xcomargs.py took 0.295 seconds
[2023-10-27 05:44:54,595] {processor.py:153} INFO - Started process (PID=1917) to work on /home/airflow/.local/lib/python3.7/site-packages/airflow/example_dags/example_xcomargs.py
[2023-10-27 05:44:54,596] {processor.py:641} INFO - Processing file /home/airflow/.local/lib/python3.7/site-packages/airflow/example_dags/example_xcomargs.py for tasks to queue
[2023-10-27 05:44:54,597] {logging_mixin.py:115} INFO - [2023-10-27 05:44:54,597] {dagbag.py:508} INFO - Filling up the DagBag from /home/airflow/.local/lib/python3.7/site-packages/airflow/example_dags/example_xcomargs.py
[2023-10-27 05:44:54,788] {processor.py:651} INFO - DAG(s) dict_keys(['example_xcom_args', 'example_xcom_args_with_operators']) retrieved from /home/airflow/.local/lib/python3.7/site-packages/airflow/example_dags/example_xcomargs.py
[2023-10-27 05:44:54,861] {logging_mixin.py:115} INFO - [2023-10-27 05:44:54,861] {dag.py:2420} INFO - Sync 2 DAGs
[2023-10-27 05:44:54,882] {logging_mixin.py:115} INFO - [2023-10-27 05:44:54,882] {dag.py:2972} INFO - Setting next_dagrun for example_xcom_args to None, run_after=None
[2023-10-27 05:44:54,882] {logging_mixin.py:115} INFO - [2023-10-27 05:44:54,882] {dag.py:2972} INFO - Setting next_dagrun for example_xcom_args_with_operators to None, run_after=None
[2023-10-27 05:44:54,897] {processor.py:161} INFO - Processing /home/airflow/.local/lib/python3.7/site-packages/airflow/example_dags/example_xcomargs.py took 0.306 seconds
[2023-10-27 05:45:25,249] {processor.py:153} INFO - Started process (PID=1979) to work on /home/airflow/.local/lib/python3.7/site-packages/airflow/example_dags/example_xcomargs.py
[2023-10-27 05:45:25,249] {processor.py:641} INFO - Processing file /home/airflow/.local/lib/python3.7/site-packages/airflow/example_dags/example_xcomargs.py for tasks to queue
[2023-10-27 05:45:25,250] {logging_mixin.py:115} INFO - [2023-10-27 05:45:25,250] {dagbag.py:508} INFO - Filling up the DagBag from /home/airflow/.local/lib/python3.7/site-packages/airflow/example_dags/example_xcomargs.py
[2023-10-27 05:45:25,438] {processor.py:651} INFO - DAG(s) dict_keys(['example_xcom_args', 'example_xcom_args_with_operators']) retrieved from /home/airflow/.local/lib/python3.7/site-packages/airflow/example_dags/example_xcomargs.py
[2023-10-27 05:45:25,465] {logging_mixin.py:115} INFO - [2023-10-27 05:45:25,465] {dag.py:2420} INFO - Sync 2 DAGs
[2023-10-27 05:45:25,486] {logging_mixin.py:115} INFO - [2023-10-27 05:45:25,486] {dag.py:2972} INFO - Setting next_dagrun for example_xcom_args to None, run_after=None
[2023-10-27 05:45:25,487] {logging_mixin.py:115} INFO - [2023-10-27 05:45:25,487] {dag.py:2972} INFO - Setting next_dagrun for example_xcom_args_with_operators to None, run_after=None
[2023-10-27 05:45:25,499] {processor.py:161} INFO - Processing /home/airflow/.local/lib/python3.7/site-packages/airflow/example_dags/example_xcomargs.py took 0.255 seconds
[2023-10-27 05:45:55,708] {processor.py:153} INFO - Started process (PID=2032) to work on /home/airflow/.local/lib/python3.7/site-packages/airflow/example_dags/example_xcomargs.py
[2023-10-27 05:45:55,709] {processor.py:641} INFO - Processing file /home/airflow/.local/lib/python3.7/site-packages/airflow/example_dags/example_xcomargs.py for tasks to queue
[2023-10-27 05:45:55,709] {logging_mixin.py:115} INFO - [2023-10-27 05:45:55,709] {dagbag.py:508} INFO - Filling up the DagBag from /home/airflow/.local/lib/python3.7/site-packages/airflow/example_dags/example_xcomargs.py
[2023-10-27 05:45:55,891] {processor.py:651} INFO - DAG(s) dict_keys(['example_xcom_args', 'example_xcom_args_with_operators']) retrieved from /home/airflow/.local/lib/python3.7/site-packages/airflow/example_dags/example_xcomargs.py
[2023-10-27 05:46:00,963] {logging_mixin.py:115} INFO - [2023-10-27 05:46:00,963] {dag.py:2420} INFO - Sync 2 DAGs
[2023-10-27 05:46:00,983] {logging_mixin.py:115} INFO - [2023-10-27 05:46:00,983] {dag.py:2972} INFO - Setting next_dagrun for example_xcom_args to None, run_after=None
[2023-10-27 05:46:00,984] {logging_mixin.py:115} INFO - [2023-10-27 05:46:00,984] {dag.py:2972} INFO - Setting next_dagrun for example_xcom_args_with_operators to None, run_after=None
[2023-10-27 05:46:00,999] {processor.py:161} INFO - Processing /home/airflow/.local/lib/python3.7/site-packages/airflow/example_dags/example_xcomargs.py took 5.295 seconds
[2023-10-27 05:46:31,500] {processor.py:153} INFO - Started process (PID=2097) to work on /home/airflow/.local/lib/python3.7/site-packages/airflow/example_dags/example_xcomargs.py
[2023-10-27 05:46:31,501] {processor.py:641} INFO - Processing file /home/airflow/.local/lib/python3.7/site-packages/airflow/example_dags/example_xcomargs.py for tasks to queue
[2023-10-27 05:46:31,501] {logging_mixin.py:115} INFO - [2023-10-27 05:46:31,501] {dagbag.py:508} INFO - Filling up the DagBag from /home/airflow/.local/lib/python3.7/site-packages/airflow/example_dags/example_xcomargs.py
[2023-10-27 05:46:31,684] {processor.py:651} INFO - DAG(s) dict_keys(['example_xcom_args', 'example_xcom_args_with_operators']) retrieved from /home/airflow/.local/lib/python3.7/site-packages/airflow/example_dags/example_xcomargs.py
[2023-10-27 05:46:31,753] {logging_mixin.py:115} INFO - [2023-10-27 05:46:31,753] {dag.py:2420} INFO - Sync 2 DAGs
[2023-10-27 05:46:31,775] {logging_mixin.py:115} INFO - [2023-10-27 05:46:31,775] {dag.py:2972} INFO - Setting next_dagrun for example_xcom_args to None, run_after=None
[2023-10-27 05:46:31,775] {logging_mixin.py:115} INFO - [2023-10-27 05:46:31,775] {dag.py:2972} INFO - Setting next_dagrun for example_xcom_args_with_operators to None, run_after=None
[2023-10-27 05:46:31,790] {processor.py:161} INFO - Processing /home/airflow/.local/lib/python3.7/site-packages/airflow/example_dags/example_xcomargs.py took 0.295 seconds
[2023-10-27 05:47:01,908] {processor.py:153} INFO - Started process (PID=2160) to work on /home/airflow/.local/lib/python3.7/site-packages/airflow/example_dags/example_xcomargs.py
[2023-10-27 05:47:01,909] {processor.py:641} INFO - Processing file /home/airflow/.local/lib/python3.7/site-packages/airflow/example_dags/example_xcomargs.py for tasks to queue
[2023-10-27 05:47:01,909] {logging_mixin.py:115} INFO - [2023-10-27 05:47:01,909] {dagbag.py:508} INFO - Filling up the DagBag from /home/airflow/.local/lib/python3.7/site-packages/airflow/example_dags/example_xcomargs.py
[2023-10-27 05:47:02,100] {processor.py:651} INFO - DAG(s) dict_keys(['example_xcom_args', 'example_xcom_args_with_operators']) retrieved from /home/airflow/.local/lib/python3.7/site-packages/airflow/example_dags/example_xcomargs.py
[2023-10-27 05:47:02,171] {logging_mixin.py:115} INFO - [2023-10-27 05:47:02,171] {dag.py:2420} INFO - Sync 2 DAGs
[2023-10-27 05:47:02,193] {logging_mixin.py:115} INFO - [2023-10-27 05:47:02,193] {dag.py:2972} INFO - Setting next_dagrun for example_xcom_args to None, run_after=None
[2023-10-27 05:47:02,193] {logging_mixin.py:115} INFO - [2023-10-27 05:47:02,193] {dag.py:2972} INFO - Setting next_dagrun for example_xcom_args_with_operators to None, run_after=None
[2023-10-27 05:47:02,209] {processor.py:161} INFO - Processing /home/airflow/.local/lib/python3.7/site-packages/airflow/example_dags/example_xcomargs.py took 0.306 seconds
[2023-10-27 05:47:32,574] {processor.py:153} INFO - Started process (PID=2221) to work on /home/airflow/.local/lib/python3.7/site-packages/airflow/example_dags/example_xcomargs.py
[2023-10-27 05:47:32,575] {processor.py:641} INFO - Processing file /home/airflow/.local/lib/python3.7/site-packages/airflow/example_dags/example_xcomargs.py for tasks to queue
[2023-10-27 05:47:32,576] {logging_mixin.py:115} INFO - [2023-10-27 05:47:32,576] {dagbag.py:508} INFO - Filling up the DagBag from /home/airflow/.local/lib/python3.7/site-packages/airflow/example_dags/example_xcomargs.py
[2023-10-27 05:47:32,799] {processor.py:651} INFO - DAG(s) dict_keys(['example_xcom_args', 'example_xcom_args_with_operators']) retrieved from /home/airflow/.local/lib/python3.7/site-packages/airflow/example_dags/example_xcomargs.py
[2023-10-27 05:47:32,870] {logging_mixin.py:115} INFO - [2023-10-27 05:47:32,870] {dag.py:2420} INFO - Sync 2 DAGs
[2023-10-27 05:47:32,891] {logging_mixin.py:115} INFO - [2023-10-27 05:47:32,891] {dag.py:2972} INFO - Setting next_dagrun for example_xcom_args to None, run_after=None
[2023-10-27 05:47:32,892] {logging_mixin.py:115} INFO - [2023-10-27 05:47:32,891] {dag.py:2972} INFO - Setting next_dagrun for example_xcom_args_with_operators to None, run_after=None
[2023-10-27 05:47:32,908] {processor.py:161} INFO - Processing /home/airflow/.local/lib/python3.7/site-packages/airflow/example_dags/example_xcomargs.py took 0.339 seconds
[2023-10-27 05:48:02,972] {processor.py:153} INFO - Started process (PID=2275) to work on /home/airflow/.local/lib/python3.7/site-packages/airflow/example_dags/example_xcomargs.py
[2023-10-27 05:48:02,972] {processor.py:641} INFO - Processing file /home/airflow/.local/lib/python3.7/site-packages/airflow/example_dags/example_xcomargs.py for tasks to queue
[2023-10-27 05:48:02,973] {logging_mixin.py:115} INFO - [2023-10-27 05:48:02,973] {dagbag.py:508} INFO - Filling up the DagBag from /home/airflow/.local/lib/python3.7/site-packages/airflow/example_dags/example_xcomargs.py
[2023-10-27 05:48:03,162] {processor.py:651} INFO - DAG(s) dict_keys(['example_xcom_args', 'example_xcom_args_with_operators']) retrieved from /home/airflow/.local/lib/python3.7/site-packages/airflow/example_dags/example_xcomargs.py
[2023-10-27 05:48:03,190] {logging_mixin.py:115} INFO - [2023-10-27 05:48:03,190] {dag.py:2420} INFO - Sync 2 DAGs
[2023-10-27 05:48:03,216] {logging_mixin.py:115} INFO - [2023-10-27 05:48:03,216] {dag.py:2972} INFO - Setting next_dagrun for example_xcom_args to None, run_after=None
[2023-10-27 05:48:03,217] {logging_mixin.py:115} INFO - [2023-10-27 05:48:03,217] {dag.py:2972} INFO - Setting next_dagrun for example_xcom_args_with_operators to None, run_after=None
[2023-10-27 05:48:03,232] {processor.py:161} INFO - Processing /home/airflow/.local/lib/python3.7/site-packages/airflow/example_dags/example_xcomargs.py took 0.264 seconds
[2023-10-27 05:48:33,350] {processor.py:153} INFO - Started process (PID=2337) to work on /home/airflow/.local/lib/python3.7/site-packages/airflow/example_dags/example_xcomargs.py
[2023-10-27 05:48:33,351] {processor.py:641} INFO - Processing file /home/airflow/.local/lib/python3.7/site-packages/airflow/example_dags/example_xcomargs.py for tasks to queue
[2023-10-27 05:48:33,352] {logging_mixin.py:115} INFO - [2023-10-27 05:48:33,352] {dagbag.py:508} INFO - Filling up the DagBag from /home/airflow/.local/lib/python3.7/site-packages/airflow/example_dags/example_xcomargs.py
[2023-10-27 05:48:33,538] {processor.py:651} INFO - DAG(s) dict_keys(['example_xcom_args', 'example_xcom_args_with_operators']) retrieved from /home/airflow/.local/lib/python3.7/site-packages/airflow/example_dags/example_xcomargs.py
[2023-10-27 05:48:33,610] {logging_mixin.py:115} INFO - [2023-10-27 05:48:33,610] {dag.py:2420} INFO - Sync 2 DAGs
[2023-10-27 05:48:33,632] {logging_mixin.py:115} INFO - [2023-10-27 05:48:33,632] {dag.py:2972} INFO - Setting next_dagrun for example_xcom_args to None, run_after=None
[2023-10-27 05:48:33,633] {logging_mixin.py:115} INFO - [2023-10-27 05:48:33,633] {dag.py:2972} INFO - Setting next_dagrun for example_xcom_args_with_operators to None, run_after=None
[2023-10-27 05:48:33,648] {processor.py:161} INFO - Processing /home/airflow/.local/lib/python3.7/site-packages/airflow/example_dags/example_xcomargs.py took 0.302 seconds
[2023-10-27 05:49:04,384] {processor.py:153} INFO - Started process (PID=2389) to work on /home/airflow/.local/lib/python3.7/site-packages/airflow/example_dags/example_xcomargs.py
[2023-10-27 05:49:04,384] {processor.py:641} INFO - Processing file /home/airflow/.local/lib/python3.7/site-packages/airflow/example_dags/example_xcomargs.py for tasks to queue
[2023-10-27 05:49:04,385] {logging_mixin.py:115} INFO - [2023-10-27 05:49:04,385] {dagbag.py:508} INFO - Filling up the DagBag from /home/airflow/.local/lib/python3.7/site-packages/airflow/example_dags/example_xcomargs.py
[2023-10-27 05:49:04,571] {processor.py:651} INFO - DAG(s) dict_keys(['example_xcom_args', 'example_xcom_args_with_operators']) retrieved from /home/airflow/.local/lib/python3.7/site-packages/airflow/example_dags/example_xcomargs.py
[2023-10-27 05:49:04,598] {logging_mixin.py:115} INFO - [2023-10-27 05:49:04,598] {dag.py:2420} INFO - Sync 2 DAGs
[2023-10-27 05:49:04,622] {logging_mixin.py:115} INFO - [2023-10-27 05:49:04,621] {dag.py:2972} INFO - Setting next_dagrun for example_xcom_args to None, run_after=None
[2023-10-27 05:49:04,622] {logging_mixin.py:115} INFO - [2023-10-27 05:49:04,622] {dag.py:2972} INFO - Setting next_dagrun for example_xcom_args_with_operators to None, run_after=None
[2023-10-27 05:49:04,634] {processor.py:161} INFO - Processing /home/airflow/.local/lib/python3.7/site-packages/airflow/example_dags/example_xcomargs.py took 0.255 seconds
[2023-10-27 05:49:34,666] {processor.py:153} INFO - Started process (PID=2450) to work on /home/airflow/.local/lib/python3.7/site-packages/airflow/example_dags/example_xcomargs.py
[2023-10-27 05:49:34,667] {processor.py:641} INFO - Processing file /home/airflow/.local/lib/python3.7/site-packages/airflow/example_dags/example_xcomargs.py for tasks to queue
[2023-10-27 05:49:34,667] {logging_mixin.py:115} INFO - [2023-10-27 05:49:34,667] {dagbag.py:508} INFO - Filling up the DagBag from /home/airflow/.local/lib/python3.7/site-packages/airflow/example_dags/example_xcomargs.py
[2023-10-27 05:49:34,853] {processor.py:651} INFO - DAG(s) dict_keys(['example_xcom_args', 'example_xcom_args_with_operators']) retrieved from /home/airflow/.local/lib/python3.7/site-packages/airflow/example_dags/example_xcomargs.py
[2023-10-27 05:49:34,925] {logging_mixin.py:115} INFO - [2023-10-27 05:49:34,925] {dag.py:2420} INFO - Sync 2 DAGs
[2023-10-27 05:49:34,946] {logging_mixin.py:115} INFO - [2023-10-27 05:49:34,946] {dag.py:2972} INFO - Setting next_dagrun for example_xcom_args to None, run_after=None
[2023-10-27 05:49:34,947] {logging_mixin.py:115} INFO - [2023-10-27 05:49:34,947] {dag.py:2972} INFO - Setting next_dagrun for example_xcom_args_with_operators to None, run_after=None
[2023-10-27 05:49:34,963] {processor.py:161} INFO - Processing /home/airflow/.local/lib/python3.7/site-packages/airflow/example_dags/example_xcomargs.py took 0.302 seconds
[2023-10-27 05:50:04,994] {processor.py:153} INFO - Started process (PID=2512) to work on /home/airflow/.local/lib/python3.7/site-packages/airflow/example_dags/example_xcomargs.py
[2023-10-27 05:50:04,994] {processor.py:641} INFO - Processing file /home/airflow/.local/lib/python3.7/site-packages/airflow/example_dags/example_xcomargs.py for tasks to queue
[2023-10-27 05:50:04,995] {logging_mixin.py:115} INFO - [2023-10-27 05:50:04,995] {dagbag.py:508} INFO - Filling up the DagBag from /home/airflow/.local/lib/python3.7/site-packages/airflow/example_dags/example_xcomargs.py
[2023-10-27 05:50:05,182] {processor.py:651} INFO - DAG(s) dict_keys(['example_xcom_args', 'example_xcom_args_with_operators']) retrieved from /home/airflow/.local/lib/python3.7/site-packages/airflow/example_dags/example_xcomargs.py
[2023-10-27 05:50:05,257] {logging_mixin.py:115} INFO - [2023-10-27 05:50:05,257] {dag.py:2420} INFO - Sync 2 DAGs
[2023-10-27 05:50:05,278] {logging_mixin.py:115} INFO - [2023-10-27 05:50:05,278] {dag.py:2972} INFO - Setting next_dagrun for example_xcom_args to None, run_after=None
[2023-10-27 05:50:05,278] {logging_mixin.py:115} INFO - [2023-10-27 05:50:05,278] {dag.py:2972} INFO - Setting next_dagrun for example_xcom_args_with_operators to None, run_after=None
[2023-10-27 05:50:05,294] {processor.py:161} INFO - Processing /home/airflow/.local/lib/python3.7/site-packages/airflow/example_dags/example_xcomargs.py took 0.304 seconds
[2023-10-27 05:50:35,545] {processor.py:153} INFO - Started process (PID=2565) to work on /home/airflow/.local/lib/python3.7/site-packages/airflow/example_dags/example_xcomargs.py
[2023-10-27 05:50:35,546] {processor.py:641} INFO - Processing file /home/airflow/.local/lib/python3.7/site-packages/airflow/example_dags/example_xcomargs.py for tasks to queue
[2023-10-27 05:50:35,546] {logging_mixin.py:115} INFO - [2023-10-27 05:50:35,546] {dagbag.py:508} INFO - Filling up the DagBag from /home/airflow/.local/lib/python3.7/site-packages/airflow/example_dags/example_xcomargs.py
[2023-10-27 05:50:35,740] {processor.py:651} INFO - DAG(s) dict_keys(['example_xcom_args', 'example_xcom_args_with_operators']) retrieved from /home/airflow/.local/lib/python3.7/site-packages/airflow/example_dags/example_xcomargs.py
[2023-10-27 05:50:35,810] {logging_mixin.py:115} INFO - [2023-10-27 05:50:35,810] {dag.py:2420} INFO - Sync 2 DAGs
[2023-10-27 05:50:35,830] {logging_mixin.py:115} INFO - [2023-10-27 05:50:35,830] {dag.py:2972} INFO - Setting next_dagrun for example_xcom_args to None, run_after=None
[2023-10-27 05:50:35,830] {logging_mixin.py:115} INFO - [2023-10-27 05:50:35,830] {dag.py:2972} INFO - Setting next_dagrun for example_xcom_args_with_operators to None, run_after=None
[2023-10-27 05:50:35,846] {processor.py:161} INFO - Processing /home/airflow/.local/lib/python3.7/site-packages/airflow/example_dags/example_xcomargs.py took 0.305 seconds
[2023-10-27 05:51:06,065] {processor.py:153} INFO - Started process (PID=2626) to work on /home/airflow/.local/lib/python3.7/site-packages/airflow/example_dags/example_xcomargs.py
[2023-10-27 05:51:06,066] {processor.py:641} INFO - Processing file /home/airflow/.local/lib/python3.7/site-packages/airflow/example_dags/example_xcomargs.py for tasks to queue
[2023-10-27 05:51:06,066] {logging_mixin.py:115} INFO - [2023-10-27 05:51:06,066] {dagbag.py:508} INFO - Filling up the DagBag from /home/airflow/.local/lib/python3.7/site-packages/airflow/example_dags/example_xcomargs.py
[2023-10-27 05:51:06,249] {processor.py:651} INFO - DAG(s) dict_keys(['example_xcom_args', 'example_xcom_args_with_operators']) retrieved from /home/airflow/.local/lib/python3.7/site-packages/airflow/example_dags/example_xcomargs.py
[2023-10-27 05:51:06,322] {logging_mixin.py:115} INFO - [2023-10-27 05:51:06,322] {dag.py:2420} INFO - Sync 2 DAGs
[2023-10-27 05:51:06,343] {logging_mixin.py:115} INFO - [2023-10-27 05:51:06,343] {dag.py:2972} INFO - Setting next_dagrun for example_xcom_args to None, run_after=None
[2023-10-27 05:51:06,343] {logging_mixin.py:115} INFO - [2023-10-27 05:51:06,343] {dag.py:2972} INFO - Setting next_dagrun for example_xcom_args_with_operators to None, run_after=None
[2023-10-27 05:51:06,359] {processor.py:161} INFO - Processing /home/airflow/.local/lib/python3.7/site-packages/airflow/example_dags/example_xcomargs.py took 0.298 seconds
[2023-10-27 05:51:36,525] {processor.py:153} INFO - Started process (PID=2678) to work on /home/airflow/.local/lib/python3.7/site-packages/airflow/example_dags/example_xcomargs.py
[2023-10-27 05:51:36,525] {processor.py:641} INFO - Processing file /home/airflow/.local/lib/python3.7/site-packages/airflow/example_dags/example_xcomargs.py for tasks to queue
[2023-10-27 05:51:36,526] {logging_mixin.py:115} INFO - [2023-10-27 05:51:36,526] {dagbag.py:508} INFO - Filling up the DagBag from /home/airflow/.local/lib/python3.7/site-packages/airflow/example_dags/example_xcomargs.py
[2023-10-27 05:51:36,713] {processor.py:651} INFO - DAG(s) dict_keys(['example_xcom_args', 'example_xcom_args_with_operators']) retrieved from /home/airflow/.local/lib/python3.7/site-packages/airflow/example_dags/example_xcomargs.py
[2023-10-27 05:51:36,785] {logging_mixin.py:115} INFO - [2023-10-27 05:51:36,784] {dag.py:2420} INFO - Sync 2 DAGs
[2023-10-27 05:51:36,806] {logging_mixin.py:115} INFO - [2023-10-27 05:51:36,806] {dag.py:2972} INFO - Setting next_dagrun for example_xcom_args to None, run_after=None
[2023-10-27 05:51:36,806] {logging_mixin.py:115} INFO - [2023-10-27 05:51:36,806] {dag.py:2972} INFO - Setting next_dagrun for example_xcom_args_with_operators to None, run_after=None
[2023-10-27 05:51:36,821] {processor.py:161} INFO - Processing /home/airflow/.local/lib/python3.7/site-packages/airflow/example_dags/example_xcomargs.py took 0.301 seconds
[2023-10-27 05:52:07,607] {processor.py:153} INFO - Started process (PID=2741) to work on /home/airflow/.local/lib/python3.7/site-packages/airflow/example_dags/example_xcomargs.py
[2023-10-27 05:52:07,608] {processor.py:641} INFO - Processing file /home/airflow/.local/lib/python3.7/site-packages/airflow/example_dags/example_xcomargs.py for tasks to queue
[2023-10-27 05:52:07,608] {logging_mixin.py:115} INFO - [2023-10-27 05:52:07,608] {dagbag.py:508} INFO - Filling up the DagBag from /home/airflow/.local/lib/python3.7/site-packages/airflow/example_dags/example_xcomargs.py
[2023-10-27 05:52:07,787] {processor.py:651} INFO - DAG(s) dict_keys(['example_xcom_args', 'example_xcom_args_with_operators']) retrieved from /home/airflow/.local/lib/python3.7/site-packages/airflow/example_dags/example_xcomargs.py
[2023-10-27 05:52:07,864] {logging_mixin.py:115} INFO - [2023-10-27 05:52:07,864] {dag.py:2420} INFO - Sync 2 DAGs
[2023-10-27 05:52:07,886] {logging_mixin.py:115} INFO - [2023-10-27 05:52:07,886] {dag.py:2972} INFO - Setting next_dagrun for example_xcom_args to None, run_after=None
[2023-10-27 05:52:07,887] {logging_mixin.py:115} INFO - [2023-10-27 05:52:07,887] {dag.py:2972} INFO - Setting next_dagrun for example_xcom_args_with_operators to None, run_after=None
[2023-10-27 05:52:07,901] {processor.py:161} INFO - Processing /home/airflow/.local/lib/python3.7/site-packages/airflow/example_dags/example_xcomargs.py took 0.298 seconds
[2023-10-27 05:52:38,237] {processor.py:153} INFO - Started process (PID=2801) to work on /home/airflow/.local/lib/python3.7/site-packages/airflow/example_dags/example_xcomargs.py
[2023-10-27 05:52:38,238] {processor.py:641} INFO - Processing file /home/airflow/.local/lib/python3.7/site-packages/airflow/example_dags/example_xcomargs.py for tasks to queue
[2023-10-27 05:52:38,238] {logging_mixin.py:115} INFO - [2023-10-27 05:52:38,238] {dagbag.py:508} INFO - Filling up the DagBag from /home/airflow/.local/lib/python3.7/site-packages/airflow/example_dags/example_xcomargs.py
[2023-10-27 05:52:38,420] {processor.py:651} INFO - DAG(s) dict_keys(['example_xcom_args', 'example_xcom_args_with_operators']) retrieved from /home/airflow/.local/lib/python3.7/site-packages/airflow/example_dags/example_xcomargs.py
[2023-10-27 05:52:38,498] {logging_mixin.py:115} INFO - [2023-10-27 05:52:38,498] {dag.py:2420} INFO - Sync 2 DAGs
[2023-10-27 05:52:38,519] {logging_mixin.py:115} INFO - [2023-10-27 05:52:38,519] {dag.py:2972} INFO - Setting next_dagrun for example_xcom_args to None, run_after=None
[2023-10-27 05:52:38,519] {logging_mixin.py:115} INFO - [2023-10-27 05:52:38,519] {dag.py:2972} INFO - Setting next_dagrun for example_xcom_args_with_operators to None, run_after=None
[2023-10-27 05:52:38,535] {processor.py:161} INFO - Processing /home/airflow/.local/lib/python3.7/site-packages/airflow/example_dags/example_xcomargs.py took 0.303 seconds
[2023-10-27 05:53:09,505] {processor.py:153} INFO - Started process (PID=2852) to work on /home/airflow/.local/lib/python3.7/site-packages/airflow/example_dags/example_xcomargs.py
[2023-10-27 05:53:09,505] {processor.py:641} INFO - Processing file /home/airflow/.local/lib/python3.7/site-packages/airflow/example_dags/example_xcomargs.py for tasks to queue
[2023-10-27 05:53:09,506] {logging_mixin.py:115} INFO - [2023-10-27 05:53:09,506] {dagbag.py:508} INFO - Filling up the DagBag from /home/airflow/.local/lib/python3.7/site-packages/airflow/example_dags/example_xcomargs.py
[2023-10-27 05:53:09,689] {processor.py:651} INFO - DAG(s) dict_keys(['example_xcom_args', 'example_xcom_args_with_operators']) retrieved from /home/airflow/.local/lib/python3.7/site-packages/airflow/example_dags/example_xcomargs.py
[2023-10-27 05:53:09,759] {logging_mixin.py:115} INFO - [2023-10-27 05:53:09,758] {dag.py:2420} INFO - Sync 2 DAGs
[2023-10-27 05:53:09,779] {logging_mixin.py:115} INFO - [2023-10-27 05:53:09,779] {dag.py:2972} INFO - Setting next_dagrun for example_xcom_args to None, run_after=None
[2023-10-27 05:53:09,780] {logging_mixin.py:115} INFO - [2023-10-27 05:53:09,780] {dag.py:2972} INFO - Setting next_dagrun for example_xcom_args_with_operators to None, run_after=None
[2023-10-27 05:53:09,794] {processor.py:161} INFO - Processing /home/airflow/.local/lib/python3.7/site-packages/airflow/example_dags/example_xcomargs.py took 0.294 seconds
[2023-10-27 05:53:39,846] {processor.py:153} INFO - Started process (PID=2914) to work on /home/airflow/.local/lib/python3.7/site-packages/airflow/example_dags/example_xcomargs.py
[2023-10-27 05:53:39,847] {processor.py:641} INFO - Processing file /home/airflow/.local/lib/python3.7/site-packages/airflow/example_dags/example_xcomargs.py for tasks to queue
[2023-10-27 05:53:39,848] {logging_mixin.py:115} INFO - [2023-10-27 05:53:39,848] {dagbag.py:508} INFO - Filling up the DagBag from /home/airflow/.local/lib/python3.7/site-packages/airflow/example_dags/example_xcomargs.py
[2023-10-27 05:53:40,030] {processor.py:651} INFO - DAG(s) dict_keys(['example_xcom_args', 'example_xcom_args_with_operators']) retrieved from /home/airflow/.local/lib/python3.7/site-packages/airflow/example_dags/example_xcomargs.py
[2023-10-27 05:53:40,100] {logging_mixin.py:115} INFO - [2023-10-27 05:53:40,100] {dag.py:2420} INFO - Sync 2 DAGs
[2023-10-27 05:53:40,123] {logging_mixin.py:115} INFO - [2023-10-27 05:53:40,123] {dag.py:2972} INFO - Setting next_dagrun for example_xcom_args to None, run_after=None
[2023-10-27 05:53:40,123] {logging_mixin.py:115} INFO - [2023-10-27 05:53:40,123] {dag.py:2972} INFO - Setting next_dagrun for example_xcom_args_with_operators to None, run_after=None
[2023-10-27 05:53:40,137] {processor.py:161} INFO - Processing /home/airflow/.local/lib/python3.7/site-packages/airflow/example_dags/example_xcomargs.py took 0.295 seconds
