[2023-10-27 05:19:32,667] {processor.py:153} INFO - Started process (PID=49) to work on /home/airflow/.local/lib/python3.7/site-packages/airflow/example_dags/example_xcom.py
[2023-10-27 05:19:32,668] {processor.py:641} INFO - Processing file /home/airflow/.local/lib/python3.7/site-packages/airflow/example_dags/example_xcom.py for tasks to queue
[2023-10-27 05:19:32,669] {logging_mixin.py:115} INFO - [2023-10-27 05:19:32,669] {dagbag.py:508} INFO - Filling up the DagBag from /home/airflow/.local/lib/python3.7/site-packages/airflow/example_dags/example_xcom.py
[2023-10-27 05:19:32,709] {processor.py:651} INFO - DAG(s) dict_keys(['example_xcom']) retrieved from /home/airflow/.local/lib/python3.7/site-packages/airflow/example_dags/example_xcom.py
[2023-10-27 05:19:32,886] {logging_mixin.py:115} INFO - [2023-10-27 05:19:32,886] {manager.py:508} INFO - Created Permission View: can delete on DAG:example_xcom
[2023-10-27 05:19:32,903] {logging_mixin.py:115} INFO - [2023-10-27 05:19:32,903] {manager.py:508} INFO - Created Permission View: can read on DAG:example_xcom
[2023-10-27 05:19:32,924] {logging_mixin.py:115} INFO - [2023-10-27 05:19:32,924] {manager.py:508} INFO - Created Permission View: can edit on DAG:example_xcom
[2023-10-27 05:19:32,925] {logging_mixin.py:115} INFO - [2023-10-27 05:19:32,925] {dag.py:2420} INFO - Sync 1 DAGs
[2023-10-27 05:19:32,945] {logging_mixin.py:115} INFO - [2023-10-27 05:19:32,945] {dag.py:2439} INFO - Creating ORM DAG for example_xcom
[2023-10-27 05:19:32,963] {logging_mixin.py:115} INFO - [2023-10-27 05:19:32,963] {dag.py:2972} INFO - Setting next_dagrun for example_xcom to 2021-01-01T00:00:00+00:00, run_after=2021-01-01T00:00:00+00:00
[2023-10-27 05:19:32,984] {processor.py:161} INFO - Processing /home/airflow/.local/lib/python3.7/site-packages/airflow/example_dags/example_xcom.py took 0.329 seconds
[2023-10-27 05:20:03,083] {processor.py:153} INFO - Started process (PID=112) to work on /home/airflow/.local/lib/python3.7/site-packages/airflow/example_dags/example_xcom.py
[2023-10-27 05:20:03,083] {processor.py:641} INFO - Processing file /home/airflow/.local/lib/python3.7/site-packages/airflow/example_dags/example_xcom.py for tasks to queue
[2023-10-27 05:20:03,084] {logging_mixin.py:115} INFO - [2023-10-27 05:20:03,084] {dagbag.py:508} INFO - Filling up the DagBag from /home/airflow/.local/lib/python3.7/site-packages/airflow/example_dags/example_xcom.py
[2023-10-27 05:20:03,105] {processor.py:651} INFO - DAG(s) dict_keys(['example_xcom']) retrieved from /home/airflow/.local/lib/python3.7/site-packages/airflow/example_dags/example_xcom.py
[2023-10-27 05:20:03,184] {logging_mixin.py:115} INFO - [2023-10-27 05:20:03,184] {dag.py:2420} INFO - Sync 1 DAGs
[2023-10-27 05:20:03,206] {logging_mixin.py:115} INFO - [2023-10-27 05:20:03,206] {dag.py:2972} INFO - Setting next_dagrun for example_xcom to 2021-01-01T00:00:00+00:00, run_after=2021-01-01T00:00:00+00:00
[2023-10-27 05:20:03,221] {processor.py:161} INFO - Processing /home/airflow/.local/lib/python3.7/site-packages/airflow/example_dags/example_xcom.py took 0.143 seconds
[2023-10-27 05:20:33,401] {processor.py:153} INFO - Started process (PID=164) to work on /home/airflow/.local/lib/python3.7/site-packages/airflow/example_dags/example_xcom.py
[2023-10-27 05:20:33,402] {processor.py:641} INFO - Processing file /home/airflow/.local/lib/python3.7/site-packages/airflow/example_dags/example_xcom.py for tasks to queue
[2023-10-27 05:20:33,403] {logging_mixin.py:115} INFO - [2023-10-27 05:20:33,403] {dagbag.py:508} INFO - Filling up the DagBag from /home/airflow/.local/lib/python3.7/site-packages/airflow/example_dags/example_xcom.py
[2023-10-27 05:20:33,425] {processor.py:651} INFO - DAG(s) dict_keys(['example_xcom']) retrieved from /home/airflow/.local/lib/python3.7/site-packages/airflow/example_dags/example_xcom.py
[2023-10-27 05:20:33,505] {logging_mixin.py:115} INFO - [2023-10-27 05:20:33,505] {dag.py:2420} INFO - Sync 1 DAGs
[2023-10-27 05:20:33,530] {logging_mixin.py:115} INFO - [2023-10-27 05:20:33,530] {dag.py:2972} INFO - Setting next_dagrun for example_xcom to 2021-01-01T00:00:00+00:00, run_after=2021-01-01T00:00:00+00:00
[2023-10-27 05:20:33,546] {processor.py:161} INFO - Processing /home/airflow/.local/lib/python3.7/site-packages/airflow/example_dags/example_xcom.py took 0.149 seconds
[2023-10-27 05:21:03,641] {processor.py:153} INFO - Started process (PID=225) to work on /home/airflow/.local/lib/python3.7/site-packages/airflow/example_dags/example_xcom.py
[2023-10-27 05:21:03,641] {processor.py:641} INFO - Processing file /home/airflow/.local/lib/python3.7/site-packages/airflow/example_dags/example_xcom.py for tasks to queue
[2023-10-27 05:21:03,642] {logging_mixin.py:115} INFO - [2023-10-27 05:21:03,642] {dagbag.py:508} INFO - Filling up the DagBag from /home/airflow/.local/lib/python3.7/site-packages/airflow/example_dags/example_xcom.py
[2023-10-27 05:21:03,663] {processor.py:651} INFO - DAG(s) dict_keys(['example_xcom']) retrieved from /home/airflow/.local/lib/python3.7/site-packages/airflow/example_dags/example_xcom.py
[2023-10-27 05:21:03,745] {logging_mixin.py:115} INFO - [2023-10-27 05:21:03,745] {dag.py:2420} INFO - Sync 1 DAGs
[2023-10-27 05:21:03,769] {logging_mixin.py:115} INFO - [2023-10-27 05:21:03,769] {dag.py:2972} INFO - Setting next_dagrun for example_xcom to 2021-01-01T00:00:00+00:00, run_after=2021-01-01T00:00:00+00:00
[2023-10-27 05:21:03,784] {processor.py:161} INFO - Processing /home/airflow/.local/lib/python3.7/site-packages/airflow/example_dags/example_xcom.py took 0.148 seconds
[2023-10-27 05:21:33,929] {processor.py:153} INFO - Started process (PID=286) to work on /home/airflow/.local/lib/python3.7/site-packages/airflow/example_dags/example_xcom.py
[2023-10-27 05:21:33,930] {processor.py:641} INFO - Processing file /home/airflow/.local/lib/python3.7/site-packages/airflow/example_dags/example_xcom.py for tasks to queue
[2023-10-27 05:21:33,931] {logging_mixin.py:115} INFO - [2023-10-27 05:21:33,931] {dagbag.py:508} INFO - Filling up the DagBag from /home/airflow/.local/lib/python3.7/site-packages/airflow/example_dags/example_xcom.py
[2023-10-27 05:21:33,957] {processor.py:651} INFO - DAG(s) dict_keys(['example_xcom']) retrieved from /home/airflow/.local/lib/python3.7/site-packages/airflow/example_dags/example_xcom.py
[2023-10-27 05:21:34,050] {logging_mixin.py:115} INFO - [2023-10-27 05:21:34,050] {dag.py:2420} INFO - Sync 1 DAGs
[2023-10-27 05:21:34,075] {logging_mixin.py:115} INFO - [2023-10-27 05:21:34,075] {dag.py:2972} INFO - Setting next_dagrun for example_xcom to 2021-01-01T00:00:00+00:00, run_after=2021-01-01T00:00:00+00:00
[2023-10-27 05:21:34,091] {processor.py:161} INFO - Processing /home/airflow/.local/lib/python3.7/site-packages/airflow/example_dags/example_xcom.py took 0.167 seconds
[2023-10-27 05:22:04,168] {processor.py:153} INFO - Started process (PID=340) to work on /home/airflow/.local/lib/python3.7/site-packages/airflow/example_dags/example_xcom.py
[2023-10-27 05:22:04,168] {processor.py:641} INFO - Processing file /home/airflow/.local/lib/python3.7/site-packages/airflow/example_dags/example_xcom.py for tasks to queue
[2023-10-27 05:22:04,169] {logging_mixin.py:115} INFO - [2023-10-27 05:22:04,169] {dagbag.py:508} INFO - Filling up the DagBag from /home/airflow/.local/lib/python3.7/site-packages/airflow/example_dags/example_xcom.py
[2023-10-27 05:22:04,190] {processor.py:651} INFO - DAG(s) dict_keys(['example_xcom']) retrieved from /home/airflow/.local/lib/python3.7/site-packages/airflow/example_dags/example_xcom.py
[2023-10-27 05:22:04,222] {logging_mixin.py:115} INFO - [2023-10-27 05:22:04,222] {dag.py:2420} INFO - Sync 1 DAGs
[2023-10-27 05:22:04,248] {logging_mixin.py:115} INFO - [2023-10-27 05:22:04,248] {dag.py:2972} INFO - Setting next_dagrun for example_xcom to 2021-01-01T00:00:00+00:00, run_after=2021-01-01T00:00:00+00:00
[2023-10-27 05:22:04,261] {processor.py:161} INFO - Processing /home/airflow/.local/lib/python3.7/site-packages/airflow/example_dags/example_xcom.py took 0.098 seconds
[2023-10-27 05:22:34,357] {processor.py:153} INFO - Started process (PID=392) to work on /home/airflow/.local/lib/python3.7/site-packages/airflow/example_dags/example_xcom.py
[2023-10-27 05:22:34,357] {processor.py:641} INFO - Processing file /home/airflow/.local/lib/python3.7/site-packages/airflow/example_dags/example_xcom.py for tasks to queue
[2023-10-27 05:22:34,358] {logging_mixin.py:115} INFO - [2023-10-27 05:22:34,358] {dagbag.py:508} INFO - Filling up the DagBag from /home/airflow/.local/lib/python3.7/site-packages/airflow/example_dags/example_xcom.py
[2023-10-27 05:22:34,380] {processor.py:651} INFO - DAG(s) dict_keys(['example_xcom']) retrieved from /home/airflow/.local/lib/python3.7/site-packages/airflow/example_dags/example_xcom.py
[2023-10-27 05:22:34,463] {logging_mixin.py:115} INFO - [2023-10-27 05:22:34,462] {dag.py:2420} INFO - Sync 1 DAGs
[2023-10-27 05:22:34,487] {logging_mixin.py:115} INFO - [2023-10-27 05:22:34,487] {dag.py:2972} INFO - Setting next_dagrun for example_xcom to 2021-01-01T00:00:00+00:00, run_after=2021-01-01T00:00:00+00:00
[2023-10-27 05:22:34,503] {processor.py:161} INFO - Processing /home/airflow/.local/lib/python3.7/site-packages/airflow/example_dags/example_xcom.py took 0.150 seconds
[2023-10-27 05:23:04,600] {processor.py:153} INFO - Started process (PID=452) to work on /home/airflow/.local/lib/python3.7/site-packages/airflow/example_dags/example_xcom.py
[2023-10-27 05:23:04,600] {processor.py:641} INFO - Processing file /home/airflow/.local/lib/python3.7/site-packages/airflow/example_dags/example_xcom.py for tasks to queue
[2023-10-27 05:23:04,601] {logging_mixin.py:115} INFO - [2023-10-27 05:23:04,601] {dagbag.py:508} INFO - Filling up the DagBag from /home/airflow/.local/lib/python3.7/site-packages/airflow/example_dags/example_xcom.py
[2023-10-27 05:23:04,622] {processor.py:651} INFO - DAG(s) dict_keys(['example_xcom']) retrieved from /home/airflow/.local/lib/python3.7/site-packages/airflow/example_dags/example_xcom.py
[2023-10-27 05:23:04,703] {logging_mixin.py:115} INFO - [2023-10-27 05:23:04,703] {dag.py:2420} INFO - Sync 1 DAGs
[2023-10-27 05:23:04,727] {logging_mixin.py:115} INFO - [2023-10-27 05:23:04,727] {dag.py:2972} INFO - Setting next_dagrun for example_xcom to 2021-01-01T00:00:00+00:00, run_after=2021-01-01T00:00:00+00:00
[2023-10-27 05:23:04,742] {processor.py:161} INFO - Processing /home/airflow/.local/lib/python3.7/site-packages/airflow/example_dags/example_xcom.py took 0.147 seconds
[2023-10-27 05:23:34,806] {processor.py:153} INFO - Started process (PID=504) to work on /home/airflow/.local/lib/python3.7/site-packages/airflow/example_dags/example_xcom.py
[2023-10-27 05:23:34,806] {processor.py:641} INFO - Processing file /home/airflow/.local/lib/python3.7/site-packages/airflow/example_dags/example_xcom.py for tasks to queue
[2023-10-27 05:23:34,807] {logging_mixin.py:115} INFO - [2023-10-27 05:23:34,807] {dagbag.py:508} INFO - Filling up the DagBag from /home/airflow/.local/lib/python3.7/site-packages/airflow/example_dags/example_xcom.py
[2023-10-27 05:23:34,832] {processor.py:651} INFO - DAG(s) dict_keys(['example_xcom']) retrieved from /home/airflow/.local/lib/python3.7/site-packages/airflow/example_dags/example_xcom.py
[2023-10-27 05:23:34,868] {logging_mixin.py:115} INFO - [2023-10-27 05:23:34,868] {dag.py:2420} INFO - Sync 1 DAGs
[2023-10-27 05:23:34,895] {logging_mixin.py:115} INFO - [2023-10-27 05:23:34,895] {dag.py:2972} INFO - Setting next_dagrun for example_xcom to 2021-01-01T00:00:00+00:00, run_after=2021-01-01T00:00:00+00:00
[2023-10-27 05:23:34,909] {processor.py:161} INFO - Processing /home/airflow/.local/lib/python3.7/site-packages/airflow/example_dags/example_xcom.py took 0.108 seconds
[2023-10-27 05:24:57,051] {processor.py:153} INFO - Started process (PID=47) to work on /home/airflow/.local/lib/python3.7/site-packages/airflow/example_dags/example_xcom.py
[2023-10-27 05:24:57,055] {processor.py:641} INFO - Processing file /home/airflow/.local/lib/python3.7/site-packages/airflow/example_dags/example_xcom.py for tasks to queue
[2023-10-27 05:24:57,059] {logging_mixin.py:115} INFO - [2023-10-27 05:24:57,059] {dagbag.py:508} INFO - Filling up the DagBag from /home/airflow/.local/lib/python3.7/site-packages/airflow/example_dags/example_xcom.py
[2023-10-27 05:24:57,121] {processor.py:651} INFO - DAG(s) dict_keys(['example_xcom']) retrieved from /home/airflow/.local/lib/python3.7/site-packages/airflow/example_dags/example_xcom.py
[2023-10-27 05:24:57,820] {logging_mixin.py:115} INFO - [2023-10-27 05:24:57,820] {dag.py:2420} INFO - Sync 1 DAGs
[2023-10-27 05:24:57,879] {logging_mixin.py:115} INFO - [2023-10-27 05:24:57,879] {dag.py:2972} INFO - Setting next_dagrun for example_xcom to 2021-01-01T00:00:00+00:00, run_after=2021-01-01T00:00:00+00:00
[2023-10-27 05:24:57,913] {processor.py:161} INFO - Processing /home/airflow/.local/lib/python3.7/site-packages/airflow/example_dags/example_xcom.py took 0.879 seconds
[2023-10-27 05:25:28,262] {processor.py:153} INFO - Started process (PID=101) to work on /home/airflow/.local/lib/python3.7/site-packages/airflow/example_dags/example_xcom.py
[2023-10-27 05:25:28,262] {processor.py:641} INFO - Processing file /home/airflow/.local/lib/python3.7/site-packages/airflow/example_dags/example_xcom.py for tasks to queue
[2023-10-27 05:25:28,263] {logging_mixin.py:115} INFO - [2023-10-27 05:25:28,263] {dagbag.py:508} INFO - Filling up the DagBag from /home/airflow/.local/lib/python3.7/site-packages/airflow/example_dags/example_xcom.py
[2023-10-27 05:25:28,288] {processor.py:651} INFO - DAG(s) dict_keys(['example_xcom']) retrieved from /home/airflow/.local/lib/python3.7/site-packages/airflow/example_dags/example_xcom.py
[2023-10-27 05:25:28,520] {logging_mixin.py:115} INFO - [2023-10-27 05:25:28,520] {dag.py:2420} INFO - Sync 1 DAGs
[2023-10-27 05:25:28,543] {logging_mixin.py:115} INFO - [2023-10-27 05:25:28,543] {dag.py:2972} INFO - Setting next_dagrun for example_xcom to 2021-01-01T00:00:00+00:00, run_after=2021-01-01T00:00:00+00:00
[2023-10-27 05:25:28,557] {processor.py:161} INFO - Processing /home/airflow/.local/lib/python3.7/site-packages/airflow/example_dags/example_xcom.py took 0.299 seconds
[2023-10-27 05:25:58,909] {processor.py:153} INFO - Started process (PID=162) to work on /home/airflow/.local/lib/python3.7/site-packages/airflow/example_dags/example_xcom.py
[2023-10-27 05:25:58,909] {processor.py:641} INFO - Processing file /home/airflow/.local/lib/python3.7/site-packages/airflow/example_dags/example_xcom.py for tasks to queue
[2023-10-27 05:25:58,910] {logging_mixin.py:115} INFO - [2023-10-27 05:25:58,910] {dagbag.py:508} INFO - Filling up the DagBag from /home/airflow/.local/lib/python3.7/site-packages/airflow/example_dags/example_xcom.py
[2023-10-27 05:25:58,937] {processor.py:651} INFO - DAG(s) dict_keys(['example_xcom']) retrieved from /home/airflow/.local/lib/python3.7/site-packages/airflow/example_dags/example_xcom.py
[2023-10-27 05:25:59,161] {logging_mixin.py:115} INFO - [2023-10-27 05:25:59,161] {dag.py:2420} INFO - Sync 1 DAGs
[2023-10-27 05:25:59,182] {logging_mixin.py:115} INFO - [2023-10-27 05:25:59,182] {dag.py:2972} INFO - Setting next_dagrun for example_xcom to 2021-01-01T00:00:00+00:00, run_after=2021-01-01T00:00:00+00:00
[2023-10-27 05:25:59,195] {processor.py:161} INFO - Processing /home/airflow/.local/lib/python3.7/site-packages/airflow/example_dags/example_xcom.py took 0.291 seconds
[2023-10-27 05:26:29,399] {processor.py:153} INFO - Started process (PID=212) to work on /home/airflow/.local/lib/python3.7/site-packages/airflow/example_dags/example_xcom.py
[2023-10-27 05:26:29,400] {processor.py:641} INFO - Processing file /home/airflow/.local/lib/python3.7/site-packages/airflow/example_dags/example_xcom.py for tasks to queue
[2023-10-27 05:26:29,400] {logging_mixin.py:115} INFO - [2023-10-27 05:26:29,400] {dagbag.py:508} INFO - Filling up the DagBag from /home/airflow/.local/lib/python3.7/site-packages/airflow/example_dags/example_xcom.py
[2023-10-27 05:26:29,426] {processor.py:651} INFO - DAG(s) dict_keys(['example_xcom']) retrieved from /home/airflow/.local/lib/python3.7/site-packages/airflow/example_dags/example_xcom.py
[2023-10-27 05:26:29,652] {logging_mixin.py:115} INFO - [2023-10-27 05:26:29,652] {dag.py:2420} INFO - Sync 1 DAGs
[2023-10-27 05:26:29,674] {logging_mixin.py:115} INFO - [2023-10-27 05:26:29,673] {dag.py:2972} INFO - Setting next_dagrun for example_xcom to 2021-01-01T00:00:00+00:00, run_after=2021-01-01T00:00:00+00:00
[2023-10-27 05:26:29,688] {processor.py:161} INFO - Processing /home/airflow/.local/lib/python3.7/site-packages/airflow/example_dags/example_xcom.py took 0.293 seconds
[2023-10-27 05:27:00,236] {processor.py:153} INFO - Started process (PID=273) to work on /home/airflow/.local/lib/python3.7/site-packages/airflow/example_dags/example_xcom.py
[2023-10-27 05:27:00,240] {processor.py:641} INFO - Processing file /home/airflow/.local/lib/python3.7/site-packages/airflow/example_dags/example_xcom.py for tasks to queue
[2023-10-27 05:27:00,241] {logging_mixin.py:115} INFO - [2023-10-27 05:27:00,241] {dagbag.py:508} INFO - Filling up the DagBag from /home/airflow/.local/lib/python3.7/site-packages/airflow/example_dags/example_xcom.py
[2023-10-27 05:27:00,269] {processor.py:651} INFO - DAG(s) dict_keys(['example_xcom']) retrieved from /home/airflow/.local/lib/python3.7/site-packages/airflow/example_dags/example_xcom.py
[2023-10-27 05:27:00,501] {logging_mixin.py:115} INFO - [2023-10-27 05:27:00,501] {dag.py:2420} INFO - Sync 1 DAGs
[2023-10-27 05:27:00,526] {logging_mixin.py:115} INFO - [2023-10-27 05:27:00,526] {dag.py:2972} INFO - Setting next_dagrun for example_xcom to 2021-01-01T00:00:00+00:00, run_after=2021-01-01T00:00:00+00:00
[2023-10-27 05:27:00,542] {processor.py:161} INFO - Processing /home/airflow/.local/lib/python3.7/site-packages/airflow/example_dags/example_xcom.py took 0.311 seconds
[2023-10-27 05:28:13,802] {processor.py:153} INFO - Started process (PID=40) to work on /home/airflow/.local/lib/python3.7/site-packages/airflow/example_dags/example_xcom.py
[2023-10-27 05:28:13,811] {processor.py:641} INFO - Processing file /home/airflow/.local/lib/python3.7/site-packages/airflow/example_dags/example_xcom.py for tasks to queue
[2023-10-27 05:28:13,823] {logging_mixin.py:115} INFO - [2023-10-27 05:28:13,823] {dagbag.py:508} INFO - Filling up the DagBag from /home/airflow/.local/lib/python3.7/site-packages/airflow/example_dags/example_xcom.py
[2023-10-27 05:28:13,861] {processor.py:651} INFO - DAG(s) dict_keys(['example_xcom']) retrieved from /home/airflow/.local/lib/python3.7/site-packages/airflow/example_dags/example_xcom.py
[2023-10-27 05:28:14,136] {logging_mixin.py:115} INFO - [2023-10-27 05:28:14,136] {dag.py:2420} INFO - Sync 1 DAGs
[2023-10-27 05:28:14,171] {logging_mixin.py:115} INFO - [2023-10-27 05:28:14,171] {dag.py:2972} INFO - Setting next_dagrun for example_xcom to 2021-01-01T00:00:00+00:00, run_after=2021-01-01T00:00:00+00:00
[2023-10-27 05:28:14,207] {processor.py:161} INFO - Processing /home/airflow/.local/lib/python3.7/site-packages/airflow/example_dags/example_xcom.py took 0.409 seconds
[2023-10-27 05:28:48,983] {processor.py:153} INFO - Started process (PID=102) to work on /home/airflow/.local/lib/python3.7/site-packages/airflow/example_dags/example_xcom.py
[2023-10-27 05:28:48,984] {processor.py:641} INFO - Processing file /home/airflow/.local/lib/python3.7/site-packages/airflow/example_dags/example_xcom.py for tasks to queue
[2023-10-27 05:28:48,985] {logging_mixin.py:115} INFO - [2023-10-27 05:28:48,985] {dagbag.py:508} INFO - Filling up the DagBag from /home/airflow/.local/lib/python3.7/site-packages/airflow/example_dags/example_xcom.py
[2023-10-27 05:28:49,010] {processor.py:651} INFO - DAG(s) dict_keys(['example_xcom']) retrieved from /home/airflow/.local/lib/python3.7/site-packages/airflow/example_dags/example_xcom.py
[2023-10-27 05:28:49,237] {logging_mixin.py:115} INFO - [2023-10-27 05:28:49,237] {dag.py:2420} INFO - Sync 1 DAGs
[2023-10-27 05:28:49,257] {logging_mixin.py:115} INFO - [2023-10-27 05:28:49,257] {dag.py:2972} INFO - Setting next_dagrun for example_xcom to 2021-01-01T00:00:00+00:00, run_after=2021-01-01T00:00:00+00:00
[2023-10-27 05:28:49,270] {processor.py:161} INFO - Processing /home/airflow/.local/lib/python3.7/site-packages/airflow/example_dags/example_xcom.py took 0.291 seconds
[2023-10-27 05:29:19,339] {processor.py:153} INFO - Started process (PID=162) to work on /home/airflow/.local/lib/python3.7/site-packages/airflow/example_dags/example_xcom.py
[2023-10-27 05:29:19,340] {processor.py:641} INFO - Processing file /home/airflow/.local/lib/python3.7/site-packages/airflow/example_dags/example_xcom.py for tasks to queue
[2023-10-27 05:29:19,340] {logging_mixin.py:115} INFO - [2023-10-27 05:29:19,340] {dagbag.py:508} INFO - Filling up the DagBag from /home/airflow/.local/lib/python3.7/site-packages/airflow/example_dags/example_xcom.py
[2023-10-27 05:29:19,367] {processor.py:651} INFO - DAG(s) dict_keys(['example_xcom']) retrieved from /home/airflow/.local/lib/python3.7/site-packages/airflow/example_dags/example_xcom.py
[2023-10-27 05:29:19,596] {logging_mixin.py:115} INFO - [2023-10-27 05:29:19,596] {dag.py:2420} INFO - Sync 1 DAGs
[2023-10-27 05:29:19,617] {logging_mixin.py:115} INFO - [2023-10-27 05:29:19,617] {dag.py:2972} INFO - Setting next_dagrun for example_xcom to 2021-01-01T00:00:00+00:00, run_after=2021-01-01T00:00:00+00:00
[2023-10-27 05:29:19,631] {processor.py:161} INFO - Processing /home/airflow/.local/lib/python3.7/site-packages/airflow/example_dags/example_xcom.py took 0.296 seconds
[2023-10-27 05:29:49,834] {processor.py:153} INFO - Started process (PID=214) to work on /home/airflow/.local/lib/python3.7/site-packages/airflow/example_dags/example_xcom.py
[2023-10-27 05:29:49,835] {processor.py:641} INFO - Processing file /home/airflow/.local/lib/python3.7/site-packages/airflow/example_dags/example_xcom.py for tasks to queue
[2023-10-27 05:29:49,836] {logging_mixin.py:115} INFO - [2023-10-27 05:29:49,836] {dagbag.py:508} INFO - Filling up the DagBag from /home/airflow/.local/lib/python3.7/site-packages/airflow/example_dags/example_xcom.py
[2023-10-27 05:29:49,873] {processor.py:651} INFO - DAG(s) dict_keys(['example_xcom']) retrieved from /home/airflow/.local/lib/python3.7/site-packages/airflow/example_dags/example_xcom.py
[2023-10-27 05:29:50,136] {logging_mixin.py:115} INFO - [2023-10-27 05:29:50,136] {dag.py:2420} INFO - Sync 1 DAGs
[2023-10-27 05:29:50,164] {logging_mixin.py:115} INFO - [2023-10-27 05:29:50,164] {dag.py:2972} INFO - Setting next_dagrun for example_xcom to 2021-01-01T00:00:00+00:00, run_after=2021-01-01T00:00:00+00:00
[2023-10-27 05:29:50,180] {processor.py:161} INFO - Processing /home/airflow/.local/lib/python3.7/site-packages/airflow/example_dags/example_xcom.py took 0.350 seconds
[2023-10-27 05:30:20,303] {processor.py:153} INFO - Started process (PID=274) to work on /home/airflow/.local/lib/python3.7/site-packages/airflow/example_dags/example_xcom.py
[2023-10-27 05:30:20,304] {processor.py:641} INFO - Processing file /home/airflow/.local/lib/python3.7/site-packages/airflow/example_dags/example_xcom.py for tasks to queue
[2023-10-27 05:30:20,305] {logging_mixin.py:115} INFO - [2023-10-27 05:30:20,304] {dagbag.py:508} INFO - Filling up the DagBag from /home/airflow/.local/lib/python3.7/site-packages/airflow/example_dags/example_xcom.py
[2023-10-27 05:30:20,330] {processor.py:651} INFO - DAG(s) dict_keys(['example_xcom']) retrieved from /home/airflow/.local/lib/python3.7/site-packages/airflow/example_dags/example_xcom.py
[2023-10-27 05:30:20,523] {logging_mixin.py:115} INFO - [2023-10-27 05:30:20,523] {dag.py:2420} INFO - Sync 1 DAGs
[2023-10-27 05:30:20,546] {logging_mixin.py:115} INFO - [2023-10-27 05:30:20,545] {dag.py:2972} INFO - Setting next_dagrun for example_xcom to 2021-01-01T00:00:00+00:00, run_after=2021-01-01T00:00:00+00:00
[2023-10-27 05:30:20,558] {processor.py:161} INFO - Processing /home/airflow/.local/lib/python3.7/site-packages/airflow/example_dags/example_xcom.py took 0.259 seconds
[2023-10-27 05:30:50,833] {processor.py:153} INFO - Started process (PID=336) to work on /home/airflow/.local/lib/python3.7/site-packages/airflow/example_dags/example_xcom.py
[2023-10-27 05:30:50,834] {processor.py:641} INFO - Processing file /home/airflow/.local/lib/python3.7/site-packages/airflow/example_dags/example_xcom.py for tasks to queue
[2023-10-27 05:30:50,834] {logging_mixin.py:115} INFO - [2023-10-27 05:30:50,834] {dagbag.py:508} INFO - Filling up the DagBag from /home/airflow/.local/lib/python3.7/site-packages/airflow/example_dags/example_xcom.py
[2023-10-27 05:30:50,860] {processor.py:651} INFO - DAG(s) dict_keys(['example_xcom']) retrieved from /home/airflow/.local/lib/python3.7/site-packages/airflow/example_dags/example_xcom.py
[2023-10-27 05:30:51,091] {logging_mixin.py:115} INFO - [2023-10-27 05:30:51,090] {dag.py:2420} INFO - Sync 1 DAGs
[2023-10-27 05:30:51,112] {logging_mixin.py:115} INFO - [2023-10-27 05:30:51,112] {dag.py:2972} INFO - Setting next_dagrun for example_xcom to 2021-01-01T00:00:00+00:00, run_after=2021-01-01T00:00:00+00:00
[2023-10-27 05:30:51,127] {processor.py:161} INFO - Processing /home/airflow/.local/lib/python3.7/site-packages/airflow/example_dags/example_xcom.py took 0.298 seconds
[2023-10-27 05:31:21,188] {processor.py:153} INFO - Started process (PID=389) to work on /home/airflow/.local/lib/python3.7/site-packages/airflow/example_dags/example_xcom.py
[2023-10-27 05:31:21,189] {processor.py:641} INFO - Processing file /home/airflow/.local/lib/python3.7/site-packages/airflow/example_dags/example_xcom.py for tasks to queue
[2023-10-27 05:31:21,189] {logging_mixin.py:115} INFO - [2023-10-27 05:31:21,189] {dagbag.py:508} INFO - Filling up the DagBag from /home/airflow/.local/lib/python3.7/site-packages/airflow/example_dags/example_xcom.py
[2023-10-27 05:31:21,214] {processor.py:651} INFO - DAG(s) dict_keys(['example_xcom']) retrieved from /home/airflow/.local/lib/python3.7/site-packages/airflow/example_dags/example_xcom.py
[2023-10-27 05:31:21,398] {logging_mixin.py:115} INFO - [2023-10-27 05:31:21,398] {dag.py:2420} INFO - Sync 1 DAGs
[2023-10-27 05:31:21,419] {logging_mixin.py:115} INFO - [2023-10-27 05:31:21,419] {dag.py:2972} INFO - Setting next_dagrun for example_xcom to 2021-01-01T00:00:00+00:00, run_after=2021-01-01T00:00:00+00:00
[2023-10-27 05:31:21,430] {processor.py:161} INFO - Processing /home/airflow/.local/lib/python3.7/site-packages/airflow/example_dags/example_xcom.py took 0.246 seconds
[2023-10-27 05:31:51,579] {processor.py:153} INFO - Started process (PID=450) to work on /home/airflow/.local/lib/python3.7/site-packages/airflow/example_dags/example_xcom.py
[2023-10-27 05:31:51,580] {processor.py:641} INFO - Processing file /home/airflow/.local/lib/python3.7/site-packages/airflow/example_dags/example_xcom.py for tasks to queue
[2023-10-27 05:31:51,581] {logging_mixin.py:115} INFO - [2023-10-27 05:31:51,581] {dagbag.py:508} INFO - Filling up the DagBag from /home/airflow/.local/lib/python3.7/site-packages/airflow/example_dags/example_xcom.py
[2023-10-27 05:31:51,606] {processor.py:651} INFO - DAG(s) dict_keys(['example_xcom']) retrieved from /home/airflow/.local/lib/python3.7/site-packages/airflow/example_dags/example_xcom.py
[2023-10-27 05:31:51,842] {logging_mixin.py:115} INFO - [2023-10-27 05:31:51,842] {dag.py:2420} INFO - Sync 1 DAGs
[2023-10-27 05:31:51,863] {logging_mixin.py:115} INFO - [2023-10-27 05:31:51,863] {dag.py:2972} INFO - Setting next_dagrun for example_xcom to 2021-01-01T00:00:00+00:00, run_after=2021-01-01T00:00:00+00:00
[2023-10-27 05:31:51,877] {processor.py:161} INFO - Processing /home/airflow/.local/lib/python3.7/site-packages/airflow/example_dags/example_xcom.py took 0.301 seconds
[2023-10-27 05:32:21,928] {processor.py:153} INFO - Started process (PID=502) to work on /home/airflow/.local/lib/python3.7/site-packages/airflow/example_dags/example_xcom.py
[2023-10-27 05:32:21,929] {processor.py:641} INFO - Processing file /home/airflow/.local/lib/python3.7/site-packages/airflow/example_dags/example_xcom.py for tasks to queue
[2023-10-27 05:32:21,929] {logging_mixin.py:115} INFO - [2023-10-27 05:32:21,929] {dagbag.py:508} INFO - Filling up the DagBag from /home/airflow/.local/lib/python3.7/site-packages/airflow/example_dags/example_xcom.py
[2023-10-27 05:32:21,971] {processor.py:651} INFO - DAG(s) dict_keys(['example_xcom']) retrieved from /home/airflow/.local/lib/python3.7/site-packages/airflow/example_dags/example_xcom.py
[2023-10-27 05:32:22,242] {logging_mixin.py:115} INFO - [2023-10-27 05:32:22,242] {dag.py:2420} INFO - Sync 1 DAGs
[2023-10-27 05:32:22,271] {logging_mixin.py:115} INFO - [2023-10-27 05:32:22,271] {dag.py:2972} INFO - Setting next_dagrun for example_xcom to 2021-01-01T00:00:00+00:00, run_after=2021-01-01T00:00:00+00:00
[2023-10-27 05:32:22,287] {processor.py:161} INFO - Processing /home/airflow/.local/lib/python3.7/site-packages/airflow/example_dags/example_xcom.py took 0.364 seconds
[2023-10-27 05:32:52,597] {processor.py:153} INFO - Started process (PID=563) to work on /home/airflow/.local/lib/python3.7/site-packages/airflow/example_dags/example_xcom.py
[2023-10-27 05:32:52,598] {processor.py:641} INFO - Processing file /home/airflow/.local/lib/python3.7/site-packages/airflow/example_dags/example_xcom.py for tasks to queue
[2023-10-27 05:32:52,599] {logging_mixin.py:115} INFO - [2023-10-27 05:32:52,599] {dagbag.py:508} INFO - Filling up the DagBag from /home/airflow/.local/lib/python3.7/site-packages/airflow/example_dags/example_xcom.py
[2023-10-27 05:32:52,624] {processor.py:651} INFO - DAG(s) dict_keys(['example_xcom']) retrieved from /home/airflow/.local/lib/python3.7/site-packages/airflow/example_dags/example_xcom.py
[2023-10-27 05:32:52,851] {logging_mixin.py:115} INFO - [2023-10-27 05:32:52,851] {dag.py:2420} INFO - Sync 1 DAGs
[2023-10-27 05:32:52,872] {logging_mixin.py:115} INFO - [2023-10-27 05:32:52,872] {dag.py:2972} INFO - Setting next_dagrun for example_xcom to 2021-01-01T00:00:00+00:00, run_after=2021-01-01T00:00:00+00:00
[2023-10-27 05:32:52,887] {processor.py:161} INFO - Processing /home/airflow/.local/lib/python3.7/site-packages/airflow/example_dags/example_xcom.py took 0.294 seconds
[2023-10-27 05:33:23,632] {processor.py:153} INFO - Started process (PID=624) to work on /home/airflow/.local/lib/python3.7/site-packages/airflow/example_dags/example_xcom.py
[2023-10-27 05:33:23,632] {processor.py:641} INFO - Processing file /home/airflow/.local/lib/python3.7/site-packages/airflow/example_dags/example_xcom.py for tasks to queue
[2023-10-27 05:33:23,633] {logging_mixin.py:115} INFO - [2023-10-27 05:33:23,633] {dagbag.py:508} INFO - Filling up the DagBag from /home/airflow/.local/lib/python3.7/site-packages/airflow/example_dags/example_xcom.py
[2023-10-27 05:33:23,658] {processor.py:651} INFO - DAG(s) dict_keys(['example_xcom']) retrieved from /home/airflow/.local/lib/python3.7/site-packages/airflow/example_dags/example_xcom.py
[2023-10-27 05:33:23,887] {logging_mixin.py:115} INFO - [2023-10-27 05:33:23,887] {dag.py:2420} INFO - Sync 1 DAGs
[2023-10-27 05:33:23,909] {logging_mixin.py:115} INFO - [2023-10-27 05:33:23,908] {dag.py:2972} INFO - Setting next_dagrun for example_xcom to 2021-01-01T00:00:00+00:00, run_after=2021-01-01T00:00:00+00:00
[2023-10-27 05:33:23,923] {processor.py:161} INFO - Processing /home/airflow/.local/lib/python3.7/site-packages/airflow/example_dags/example_xcom.py took 0.295 seconds
[2023-10-27 05:33:54,422] {processor.py:153} INFO - Started process (PID=676) to work on /home/airflow/.local/lib/python3.7/site-packages/airflow/example_dags/example_xcom.py
[2023-10-27 05:33:54,423] {processor.py:641} INFO - Processing file /home/airflow/.local/lib/python3.7/site-packages/airflow/example_dags/example_xcom.py for tasks to queue
[2023-10-27 05:33:54,424] {logging_mixin.py:115} INFO - [2023-10-27 05:33:54,424] {dagbag.py:508} INFO - Filling up the DagBag from /home/airflow/.local/lib/python3.7/site-packages/airflow/example_dags/example_xcom.py
[2023-10-27 05:33:54,449] {processor.py:651} INFO - DAG(s) dict_keys(['example_xcom']) retrieved from /home/airflow/.local/lib/python3.7/site-packages/airflow/example_dags/example_xcom.py
[2023-10-27 05:33:59,679] {logging_mixin.py:115} INFO - [2023-10-27 05:33:59,679] {dag.py:2420} INFO - Sync 1 DAGs
[2023-10-27 05:33:59,699] {logging_mixin.py:115} INFO - [2023-10-27 05:33:59,699] {dag.py:2972} INFO - Setting next_dagrun for example_xcom to 2021-01-01T00:00:00+00:00, run_after=2021-01-01T00:00:00+00:00
[2023-10-27 05:33:59,712] {processor.py:161} INFO - Processing /home/airflow/.local/lib/python3.7/site-packages/airflow/example_dags/example_xcom.py took 5.294 seconds
[2023-10-27 05:34:30,170] {processor.py:153} INFO - Started process (PID=751) to work on /home/airflow/.local/lib/python3.7/site-packages/airflow/example_dags/example_xcom.py
[2023-10-27 05:34:30,171] {processor.py:641} INFO - Processing file /home/airflow/.local/lib/python3.7/site-packages/airflow/example_dags/example_xcom.py for tasks to queue
[2023-10-27 05:34:30,171] {logging_mixin.py:115} INFO - [2023-10-27 05:34:30,171] {dagbag.py:508} INFO - Filling up the DagBag from /home/airflow/.local/lib/python3.7/site-packages/airflow/example_dags/example_xcom.py
[2023-10-27 05:34:30,196] {processor.py:651} INFO - DAG(s) dict_keys(['example_xcom']) retrieved from /home/airflow/.local/lib/python3.7/site-packages/airflow/example_dags/example_xcom.py
[2023-10-27 05:34:30,417] {logging_mixin.py:115} INFO - [2023-10-27 05:34:30,417] {dag.py:2420} INFO - Sync 1 DAGs
[2023-10-27 05:34:30,438] {logging_mixin.py:115} INFO - [2023-10-27 05:34:30,438] {dag.py:2972} INFO - Setting next_dagrun for example_xcom to 2021-01-01T00:00:00+00:00, run_after=2021-01-01T00:00:00+00:00
[2023-10-27 05:34:30,453] {processor.py:161} INFO - Processing /home/airflow/.local/lib/python3.7/site-packages/airflow/example_dags/example_xcom.py took 0.286 seconds
[2023-10-27 05:35:00,573] {processor.py:153} INFO - Started process (PID=809) to work on /home/airflow/.local/lib/python3.7/site-packages/airflow/example_dags/example_xcom.py
[2023-10-27 05:35:00,574] {processor.py:641} INFO - Processing file /home/airflow/.local/lib/python3.7/site-packages/airflow/example_dags/example_xcom.py for tasks to queue
[2023-10-27 05:35:00,575] {logging_mixin.py:115} INFO - [2023-10-27 05:35:00,574] {dagbag.py:508} INFO - Filling up the DagBag from /home/airflow/.local/lib/python3.7/site-packages/airflow/example_dags/example_xcom.py
[2023-10-27 05:35:00,600] {processor.py:651} INFO - DAG(s) dict_keys(['example_xcom']) retrieved from /home/airflow/.local/lib/python3.7/site-packages/airflow/example_dags/example_xcom.py
[2023-10-27 05:35:00,857] {logging_mixin.py:115} INFO - [2023-10-27 05:35:00,857] {dag.py:2420} INFO - Sync 1 DAGs
[2023-10-27 05:35:00,880] {logging_mixin.py:115} INFO - [2023-10-27 05:35:00,880] {dag.py:2972} INFO - Setting next_dagrun for example_xcom to 2021-01-01T00:00:00+00:00, run_after=2021-01-01T00:00:00+00:00
[2023-10-27 05:35:00,895] {processor.py:161} INFO - Processing /home/airflow/.local/lib/python3.7/site-packages/airflow/example_dags/example_xcom.py took 0.325 seconds
[2023-10-27 05:35:30,972] {processor.py:153} INFO - Started process (PID=871) to work on /home/airflow/.local/lib/python3.7/site-packages/airflow/example_dags/example_xcom.py
[2023-10-27 05:35:30,973] {processor.py:641} INFO - Processing file /home/airflow/.local/lib/python3.7/site-packages/airflow/example_dags/example_xcom.py for tasks to queue
[2023-10-27 05:35:30,974] {logging_mixin.py:115} INFO - [2023-10-27 05:35:30,973] {dagbag.py:508} INFO - Filling up the DagBag from /home/airflow/.local/lib/python3.7/site-packages/airflow/example_dags/example_xcom.py
[2023-10-27 05:35:31,002] {processor.py:651} INFO - DAG(s) dict_keys(['example_xcom']) retrieved from /home/airflow/.local/lib/python3.7/site-packages/airflow/example_dags/example_xcom.py
[2023-10-27 05:35:31,191] {logging_mixin.py:115} INFO - [2023-10-27 05:35:31,191] {dag.py:2420} INFO - Sync 1 DAGs
[2023-10-27 05:35:31,214] {logging_mixin.py:115} INFO - [2023-10-27 05:35:31,214] {dag.py:2972} INFO - Setting next_dagrun for example_xcom to 2021-01-01T00:00:00+00:00, run_after=2021-01-01T00:00:00+00:00
[2023-10-27 05:35:31,226] {processor.py:161} INFO - Processing /home/airflow/.local/lib/python3.7/site-packages/airflow/example_dags/example_xcom.py took 0.258 seconds
[2023-10-27 05:36:01,822] {processor.py:153} INFO - Started process (PID=923) to work on /home/airflow/.local/lib/python3.7/site-packages/airflow/example_dags/example_xcom.py
[2023-10-27 05:36:01,823] {processor.py:641} INFO - Processing file /home/airflow/.local/lib/python3.7/site-packages/airflow/example_dags/example_xcom.py for tasks to queue
[2023-10-27 05:36:01,823] {logging_mixin.py:115} INFO - [2023-10-27 05:36:01,823] {dagbag.py:508} INFO - Filling up the DagBag from /home/airflow/.local/lib/python3.7/site-packages/airflow/example_dags/example_xcom.py
[2023-10-27 05:36:01,849] {processor.py:651} INFO - DAG(s) dict_keys(['example_xcom']) retrieved from /home/airflow/.local/lib/python3.7/site-packages/airflow/example_dags/example_xcom.py
[2023-10-27 05:36:02,043] {logging_mixin.py:115} INFO - [2023-10-27 05:36:02,043] {dag.py:2420} INFO - Sync 1 DAGs
[2023-10-27 05:36:02,065] {logging_mixin.py:115} INFO - [2023-10-27 05:36:02,065] {dag.py:2972} INFO - Setting next_dagrun for example_xcom to 2021-01-01T00:00:00+00:00, run_after=2021-01-01T00:00:00+00:00
[2023-10-27 05:36:02,077] {processor.py:161} INFO - Processing /home/airflow/.local/lib/python3.7/site-packages/airflow/example_dags/example_xcom.py took 0.259 seconds
[2023-10-27 05:36:32,603] {processor.py:153} INFO - Started process (PID=983) to work on /home/airflow/.local/lib/python3.7/site-packages/airflow/example_dags/example_xcom.py
[2023-10-27 05:36:32,604] {processor.py:641} INFO - Processing file /home/airflow/.local/lib/python3.7/site-packages/airflow/example_dags/example_xcom.py for tasks to queue
[2023-10-27 05:36:32,605] {logging_mixin.py:115} INFO - [2023-10-27 05:36:32,604] {dagbag.py:508} INFO - Filling up the DagBag from /home/airflow/.local/lib/python3.7/site-packages/airflow/example_dags/example_xcom.py
[2023-10-27 05:36:32,629] {processor.py:651} INFO - DAG(s) dict_keys(['example_xcom']) retrieved from /home/airflow/.local/lib/python3.7/site-packages/airflow/example_dags/example_xcom.py
[2023-10-27 05:36:32,856] {logging_mixin.py:115} INFO - [2023-10-27 05:36:32,856] {dag.py:2420} INFO - Sync 1 DAGs
[2023-10-27 05:36:32,877] {logging_mixin.py:115} INFO - [2023-10-27 05:36:32,877] {dag.py:2972} INFO - Setting next_dagrun for example_xcom to 2021-01-01T00:00:00+00:00, run_after=2021-01-01T00:00:00+00:00
[2023-10-27 05:36:32,891] {processor.py:161} INFO - Processing /home/airflow/.local/lib/python3.7/site-packages/airflow/example_dags/example_xcom.py took 0.291 seconds
[2023-10-27 05:37:02,978] {processor.py:153} INFO - Started process (PID=1033) to work on /home/airflow/.local/lib/python3.7/site-packages/airflow/example_dags/example_xcom.py
[2023-10-27 05:37:02,979] {processor.py:641} INFO - Processing file /home/airflow/.local/lib/python3.7/site-packages/airflow/example_dags/example_xcom.py for tasks to queue
[2023-10-27 05:37:02,979] {logging_mixin.py:115} INFO - [2023-10-27 05:37:02,979] {dagbag.py:508} INFO - Filling up the DagBag from /home/airflow/.local/lib/python3.7/site-packages/airflow/example_dags/example_xcom.py
[2023-10-27 05:37:03,006] {processor.py:651} INFO - DAG(s) dict_keys(['example_xcom']) retrieved from /home/airflow/.local/lib/python3.7/site-packages/airflow/example_dags/example_xcom.py
[2023-10-27 05:37:03,239] {logging_mixin.py:115} INFO - [2023-10-27 05:37:03,238] {dag.py:2420} INFO - Sync 1 DAGs
[2023-10-27 05:37:03,260] {logging_mixin.py:115} INFO - [2023-10-27 05:37:03,260] {dag.py:2972} INFO - Setting next_dagrun for example_xcom to 2021-01-01T00:00:00+00:00, run_after=2021-01-01T00:00:00+00:00
[2023-10-27 05:37:03,275] {processor.py:161} INFO - Processing /home/airflow/.local/lib/python3.7/site-packages/airflow/example_dags/example_xcom.py took 0.301 seconds
[2023-10-27 05:37:33,732] {processor.py:153} INFO - Started process (PID=1094) to work on /home/airflow/.local/lib/python3.7/site-packages/airflow/example_dags/example_xcom.py
[2023-10-27 05:37:33,733] {processor.py:641} INFO - Processing file /home/airflow/.local/lib/python3.7/site-packages/airflow/example_dags/example_xcom.py for tasks to queue
[2023-10-27 05:37:33,733] {logging_mixin.py:115} INFO - [2023-10-27 05:37:33,733] {dagbag.py:508} INFO - Filling up the DagBag from /home/airflow/.local/lib/python3.7/site-packages/airflow/example_dags/example_xcom.py
[2023-10-27 05:37:33,758] {processor.py:651} INFO - DAG(s) dict_keys(['example_xcom']) retrieved from /home/airflow/.local/lib/python3.7/site-packages/airflow/example_dags/example_xcom.py
[2023-10-27 05:37:33,979] {logging_mixin.py:115} INFO - [2023-10-27 05:37:33,979] {dag.py:2420} INFO - Sync 1 DAGs
[2023-10-27 05:37:33,999] {logging_mixin.py:115} INFO - [2023-10-27 05:37:33,999] {dag.py:2972} INFO - Setting next_dagrun for example_xcom to 2021-01-01T00:00:00+00:00, run_after=2021-01-01T00:00:00+00:00
[2023-10-27 05:37:34,013] {processor.py:161} INFO - Processing /home/airflow/.local/lib/python3.7/site-packages/airflow/example_dags/example_xcom.py took 0.286 seconds
[2023-10-27 05:38:04,439] {processor.py:153} INFO - Started process (PID=1156) to work on /home/airflow/.local/lib/python3.7/site-packages/airflow/example_dags/example_xcom.py
[2023-10-27 05:38:04,440] {processor.py:641} INFO - Processing file /home/airflow/.local/lib/python3.7/site-packages/airflow/example_dags/example_xcom.py for tasks to queue
[2023-10-27 05:38:04,440] {logging_mixin.py:115} INFO - [2023-10-27 05:38:04,440] {dagbag.py:508} INFO - Filling up the DagBag from /home/airflow/.local/lib/python3.7/site-packages/airflow/example_dags/example_xcom.py
[2023-10-27 05:38:04,465] {processor.py:651} INFO - DAG(s) dict_keys(['example_xcom']) retrieved from /home/airflow/.local/lib/python3.7/site-packages/airflow/example_dags/example_xcom.py
[2023-10-27 05:38:04,647] {logging_mixin.py:115} INFO - [2023-10-27 05:38:04,647] {dag.py:2420} INFO - Sync 1 DAGs
[2023-10-27 05:38:04,669] {logging_mixin.py:115} INFO - [2023-10-27 05:38:04,669] {dag.py:2972} INFO - Setting next_dagrun for example_xcom to 2021-01-01T00:00:00+00:00, run_after=2021-01-01T00:00:00+00:00
[2023-10-27 05:38:04,681] {processor.py:161} INFO - Processing /home/airflow/.local/lib/python3.7/site-packages/airflow/example_dags/example_xcom.py took 0.246 seconds
[2023-10-27 05:38:34,885] {processor.py:153} INFO - Started process (PID=1208) to work on /home/airflow/.local/lib/python3.7/site-packages/airflow/example_dags/example_xcom.py
[2023-10-27 05:38:34,886] {processor.py:641} INFO - Processing file /home/airflow/.local/lib/python3.7/site-packages/airflow/example_dags/example_xcom.py for tasks to queue
[2023-10-27 05:38:34,887] {logging_mixin.py:115} INFO - [2023-10-27 05:38:34,887] {dagbag.py:508} INFO - Filling up the DagBag from /home/airflow/.local/lib/python3.7/site-packages/airflow/example_dags/example_xcom.py
[2023-10-27 05:38:34,917] {processor.py:651} INFO - DAG(s) dict_keys(['example_xcom']) retrieved from /home/airflow/.local/lib/python3.7/site-packages/airflow/example_dags/example_xcom.py
[2023-10-27 05:38:35,168] {logging_mixin.py:115} INFO - [2023-10-27 05:38:35,168] {dag.py:2420} INFO - Sync 1 DAGs
[2023-10-27 05:38:35,192] {logging_mixin.py:115} INFO - [2023-10-27 05:38:35,192] {dag.py:2972} INFO - Setting next_dagrun for example_xcom to 2021-01-01T00:00:00+00:00, run_after=2021-01-01T00:00:00+00:00
[2023-10-27 05:38:35,208] {processor.py:161} INFO - Processing /home/airflow/.local/lib/python3.7/site-packages/airflow/example_dags/example_xcom.py took 0.327 seconds
[2023-10-27 05:39:05,366] {processor.py:153} INFO - Started process (PID=1270) to work on /home/airflow/.local/lib/python3.7/site-packages/airflow/example_dags/example_xcom.py
[2023-10-27 05:39:05,367] {processor.py:641} INFO - Processing file /home/airflow/.local/lib/python3.7/site-packages/airflow/example_dags/example_xcom.py for tasks to queue
[2023-10-27 05:39:05,368] {logging_mixin.py:115} INFO - [2023-10-27 05:39:05,368] {dagbag.py:508} INFO - Filling up the DagBag from /home/airflow/.local/lib/python3.7/site-packages/airflow/example_dags/example_xcom.py
[2023-10-27 05:39:05,394] {processor.py:651} INFO - DAG(s) dict_keys(['example_xcom']) retrieved from /home/airflow/.local/lib/python3.7/site-packages/airflow/example_dags/example_xcom.py
[2023-10-27 05:39:05,639] {logging_mixin.py:115} INFO - [2023-10-27 05:39:05,639] {dag.py:2420} INFO - Sync 1 DAGs
[2023-10-27 05:39:05,660] {logging_mixin.py:115} INFO - [2023-10-27 05:39:05,659] {dag.py:2972} INFO - Setting next_dagrun for example_xcom to 2021-01-01T00:00:00+00:00, run_after=2021-01-01T00:00:00+00:00
[2023-10-27 05:39:05,673] {processor.py:161} INFO - Processing /home/airflow/.local/lib/python3.7/site-packages/airflow/example_dags/example_xcom.py took 0.311 seconds
[2023-10-27 05:39:36,029] {processor.py:153} INFO - Started process (PID=1329) to work on /home/airflow/.local/lib/python3.7/site-packages/airflow/example_dags/example_xcom.py
[2023-10-27 05:39:36,030] {processor.py:641} INFO - Processing file /home/airflow/.local/lib/python3.7/site-packages/airflow/example_dags/example_xcom.py for tasks to queue
[2023-10-27 05:39:36,030] {logging_mixin.py:115} INFO - [2023-10-27 05:39:36,030] {dagbag.py:508} INFO - Filling up the DagBag from /home/airflow/.local/lib/python3.7/site-packages/airflow/example_dags/example_xcom.py
[2023-10-27 05:39:36,057] {processor.py:651} INFO - DAG(s) dict_keys(['example_xcom']) retrieved from /home/airflow/.local/lib/python3.7/site-packages/airflow/example_dags/example_xcom.py
[2023-10-27 05:39:36,252] {logging_mixin.py:115} INFO - [2023-10-27 05:39:36,252] {dag.py:2420} INFO - Sync 1 DAGs
[2023-10-27 05:39:36,277] {logging_mixin.py:115} INFO - [2023-10-27 05:39:36,277] {dag.py:2972} INFO - Setting next_dagrun for example_xcom to 2021-01-01T00:00:00+00:00, run_after=2021-01-01T00:00:00+00:00
[2023-10-27 05:39:36,289] {processor.py:161} INFO - Processing /home/airflow/.local/lib/python3.7/site-packages/airflow/example_dags/example_xcom.py took 0.264 seconds
[2023-10-27 05:40:06,905] {processor.py:153} INFO - Started process (PID=1381) to work on /home/airflow/.local/lib/python3.7/site-packages/airflow/example_dags/example_xcom.py
[2023-10-27 05:40:06,905] {processor.py:641} INFO - Processing file /home/airflow/.local/lib/python3.7/site-packages/airflow/example_dags/example_xcom.py for tasks to queue
[2023-10-27 05:40:06,906] {logging_mixin.py:115} INFO - [2023-10-27 05:40:06,906] {dagbag.py:508} INFO - Filling up the DagBag from /home/airflow/.local/lib/python3.7/site-packages/airflow/example_dags/example_xcom.py
[2023-10-27 05:40:06,931] {processor.py:651} INFO - DAG(s) dict_keys(['example_xcom']) retrieved from /home/airflow/.local/lib/python3.7/site-packages/airflow/example_dags/example_xcom.py
[2023-10-27 05:40:07,115] {logging_mixin.py:115} INFO - [2023-10-27 05:40:07,115] {dag.py:2420} INFO - Sync 1 DAGs
[2023-10-27 05:40:07,137] {logging_mixin.py:115} INFO - [2023-10-27 05:40:07,137] {dag.py:2972} INFO - Setting next_dagrun for example_xcom to 2021-01-01T00:00:00+00:00, run_after=2021-01-01T00:00:00+00:00
[2023-10-27 05:40:07,150] {processor.py:161} INFO - Processing /home/airflow/.local/lib/python3.7/site-packages/airflow/example_dags/example_xcom.py took 0.250 seconds
[2023-10-27 05:40:37,922] {processor.py:153} INFO - Started process (PID=1443) to work on /home/airflow/.local/lib/python3.7/site-packages/airflow/example_dags/example_xcom.py
[2023-10-27 05:40:37,923] {processor.py:641} INFO - Processing file /home/airflow/.local/lib/python3.7/site-packages/airflow/example_dags/example_xcom.py for tasks to queue
[2023-10-27 05:40:37,924] {logging_mixin.py:115} INFO - [2023-10-27 05:40:37,924] {dagbag.py:508} INFO - Filling up the DagBag from /home/airflow/.local/lib/python3.7/site-packages/airflow/example_dags/example_xcom.py
[2023-10-27 05:40:37,949] {processor.py:651} INFO - DAG(s) dict_keys(['example_xcom']) retrieved from /home/airflow/.local/lib/python3.7/site-packages/airflow/example_dags/example_xcom.py
[2023-10-27 05:40:38,176] {logging_mixin.py:115} INFO - [2023-10-27 05:40:38,176] {dag.py:2420} INFO - Sync 1 DAGs
[2023-10-27 05:40:38,197] {logging_mixin.py:115} INFO - [2023-10-27 05:40:38,197] {dag.py:2972} INFO - Setting next_dagrun for example_xcom to 2021-01-01T00:00:00+00:00, run_after=2021-01-01T00:00:00+00:00
[2023-10-27 05:40:38,211] {processor.py:161} INFO - Processing /home/airflow/.local/lib/python3.7/site-packages/airflow/example_dags/example_xcom.py took 0.293 seconds
[2023-10-27 05:41:08,305] {processor.py:153} INFO - Started process (PID=1494) to work on /home/airflow/.local/lib/python3.7/site-packages/airflow/example_dags/example_xcom.py
[2023-10-27 05:41:08,306] {processor.py:641} INFO - Processing file /home/airflow/.local/lib/python3.7/site-packages/airflow/example_dags/example_xcom.py for tasks to queue
[2023-10-27 05:41:08,306] {logging_mixin.py:115} INFO - [2023-10-27 05:41:08,306] {dagbag.py:508} INFO - Filling up the DagBag from /home/airflow/.local/lib/python3.7/site-packages/airflow/example_dags/example_xcom.py
[2023-10-27 05:41:08,332] {processor.py:651} INFO - DAG(s) dict_keys(['example_xcom']) retrieved from /home/airflow/.local/lib/python3.7/site-packages/airflow/example_dags/example_xcom.py
[2023-10-27 05:41:08,567] {logging_mixin.py:115} INFO - [2023-10-27 05:41:08,567] {dag.py:2420} INFO - Sync 1 DAGs
[2023-10-27 05:41:08,589] {logging_mixin.py:115} INFO - [2023-10-27 05:41:08,589] {dag.py:2972} INFO - Setting next_dagrun for example_xcom to 2021-01-01T00:00:00+00:00, run_after=2021-01-01T00:00:00+00:00
[2023-10-27 05:41:08,603] {processor.py:161} INFO - Processing /home/airflow/.local/lib/python3.7/site-packages/airflow/example_dags/example_xcom.py took 0.301 seconds
[2023-10-27 05:41:38,627] {processor.py:153} INFO - Started process (PID=1555) to work on /home/airflow/.local/lib/python3.7/site-packages/airflow/example_dags/example_xcom.py
[2023-10-27 05:41:38,628] {processor.py:641} INFO - Processing file /home/airflow/.local/lib/python3.7/site-packages/airflow/example_dags/example_xcom.py for tasks to queue
[2023-10-27 05:41:38,628] {logging_mixin.py:115} INFO - [2023-10-27 05:41:38,628] {dagbag.py:508} INFO - Filling up the DagBag from /home/airflow/.local/lib/python3.7/site-packages/airflow/example_dags/example_xcom.py
[2023-10-27 05:41:38,654] {processor.py:651} INFO - DAG(s) dict_keys(['example_xcom']) retrieved from /home/airflow/.local/lib/python3.7/site-packages/airflow/example_dags/example_xcom.py
[2023-10-27 05:41:38,838] {logging_mixin.py:115} INFO - [2023-10-27 05:41:38,838] {dag.py:2420} INFO - Sync 1 DAGs
[2023-10-27 05:41:38,861] {logging_mixin.py:115} INFO - [2023-10-27 05:41:38,861] {dag.py:2972} INFO - Setting next_dagrun for example_xcom to 2021-01-01T00:00:00+00:00, run_after=2021-01-01T00:00:00+00:00
[2023-10-27 05:41:38,873] {processor.py:161} INFO - Processing /home/airflow/.local/lib/python3.7/site-packages/airflow/example_dags/example_xcom.py took 0.250 seconds
[2023-10-27 05:42:09,404] {processor.py:153} INFO - Started process (PID=1607) to work on /home/airflow/.local/lib/python3.7/site-packages/airflow/example_dags/example_xcom.py
[2023-10-27 05:42:09,405] {processor.py:641} INFO - Processing file /home/airflow/.local/lib/python3.7/site-packages/airflow/example_dags/example_xcom.py for tasks to queue
[2023-10-27 05:42:09,405] {logging_mixin.py:115} INFO - [2023-10-27 05:42:09,405] {dagbag.py:508} INFO - Filling up the DagBag from /home/airflow/.local/lib/python3.7/site-packages/airflow/example_dags/example_xcom.py
[2023-10-27 05:42:09,430] {processor.py:651} INFO - DAG(s) dict_keys(['example_xcom']) retrieved from /home/airflow/.local/lib/python3.7/site-packages/airflow/example_dags/example_xcom.py
[2023-10-27 05:42:09,657] {logging_mixin.py:115} INFO - [2023-10-27 05:42:09,657] {dag.py:2420} INFO - Sync 1 DAGs
[2023-10-27 05:42:09,678] {logging_mixin.py:115} INFO - [2023-10-27 05:42:09,678] {dag.py:2972} INFO - Setting next_dagrun for example_xcom to 2021-01-01T00:00:00+00:00, run_after=2021-01-01T00:00:00+00:00
[2023-10-27 05:42:09,692] {processor.py:161} INFO - Processing /home/airflow/.local/lib/python3.7/site-packages/airflow/example_dags/example_xcom.py took 0.292 seconds
[2023-10-27 05:42:39,945] {processor.py:153} INFO - Started process (PID=1667) to work on /home/airflow/.local/lib/python3.7/site-packages/airflow/example_dags/example_xcom.py
[2023-10-27 05:42:39,946] {processor.py:641} INFO - Processing file /home/airflow/.local/lib/python3.7/site-packages/airflow/example_dags/example_xcom.py for tasks to queue
[2023-10-27 05:42:39,946] {logging_mixin.py:115} INFO - [2023-10-27 05:42:39,946] {dagbag.py:508} INFO - Filling up the DagBag from /home/airflow/.local/lib/python3.7/site-packages/airflow/example_dags/example_xcom.py
[2023-10-27 05:42:39,972] {processor.py:651} INFO - DAG(s) dict_keys(['example_xcom']) retrieved from /home/airflow/.local/lib/python3.7/site-packages/airflow/example_dags/example_xcom.py
[2023-10-27 05:42:40,209] {logging_mixin.py:115} INFO - [2023-10-27 05:42:40,209] {dag.py:2420} INFO - Sync 1 DAGs
[2023-10-27 05:42:40,230] {logging_mixin.py:115} INFO - [2023-10-27 05:42:40,230] {dag.py:2972} INFO - Setting next_dagrun for example_xcom to 2021-01-01T00:00:00+00:00, run_after=2021-01-01T00:00:00+00:00
[2023-10-27 05:42:40,244] {processor.py:161} INFO - Processing /home/airflow/.local/lib/python3.7/site-packages/airflow/example_dags/example_xcom.py took 0.303 seconds
[2023-10-27 05:43:10,302] {processor.py:153} INFO - Started process (PID=1726) to work on /home/airflow/.local/lib/python3.7/site-packages/airflow/example_dags/example_xcom.py
[2023-10-27 05:43:10,302] {processor.py:641} INFO - Processing file /home/airflow/.local/lib/python3.7/site-packages/airflow/example_dags/example_xcom.py for tasks to queue
[2023-10-27 05:43:10,303] {logging_mixin.py:115} INFO - [2023-10-27 05:43:10,303] {dagbag.py:508} INFO - Filling up the DagBag from /home/airflow/.local/lib/python3.7/site-packages/airflow/example_dags/example_xcom.py
[2023-10-27 05:43:10,329] {processor.py:651} INFO - DAG(s) dict_keys(['example_xcom']) retrieved from /home/airflow/.local/lib/python3.7/site-packages/airflow/example_dags/example_xcom.py
[2023-10-27 05:43:10,517] {logging_mixin.py:115} INFO - [2023-10-27 05:43:10,517] {dag.py:2420} INFO - Sync 1 DAGs
[2023-10-27 05:43:10,539] {logging_mixin.py:115} INFO - [2023-10-27 05:43:10,539] {dag.py:2972} INFO - Setting next_dagrun for example_xcom to 2021-01-01T00:00:00+00:00, run_after=2021-01-01T00:00:00+00:00
[2023-10-27 05:43:10,550] {processor.py:161} INFO - Processing /home/airflow/.local/lib/python3.7/site-packages/airflow/example_dags/example_xcom.py took 0.253 seconds
[2023-10-27 05:43:40,759] {processor.py:153} INFO - Started process (PID=1780) to work on /home/airflow/.local/lib/python3.7/site-packages/airflow/example_dags/example_xcom.py
[2023-10-27 05:43:40,760] {processor.py:641} INFO - Processing file /home/airflow/.local/lib/python3.7/site-packages/airflow/example_dags/example_xcom.py for tasks to queue
[2023-10-27 05:43:40,761] {logging_mixin.py:115} INFO - [2023-10-27 05:43:40,761] {dagbag.py:508} INFO - Filling up the DagBag from /home/airflow/.local/lib/python3.7/site-packages/airflow/example_dags/example_xcom.py
[2023-10-27 05:43:40,950] {processor.py:651} INFO - DAG(s) dict_keys(['example_xcom']) retrieved from /home/airflow/.local/lib/python3.7/site-packages/airflow/example_dags/example_xcom.py
[2023-10-27 05:43:41,018] {logging_mixin.py:115} INFO - [2023-10-27 05:43:41,017] {dag.py:2420} INFO - Sync 1 DAGs
[2023-10-27 05:43:41,038] {logging_mixin.py:115} INFO - [2023-10-27 05:43:41,038] {dag.py:2972} INFO - Setting next_dagrun for example_xcom to 2021-01-01T00:00:00+00:00, run_after=2021-01-01T00:00:00+00:00
[2023-10-27 05:43:41,053] {processor.py:161} INFO - Processing /home/airflow/.local/lib/python3.7/site-packages/airflow/example_dags/example_xcom.py took 0.298 seconds
[2023-10-27 05:44:11,144] {processor.py:153} INFO - Started process (PID=1840) to work on /home/airflow/.local/lib/python3.7/site-packages/airflow/example_dags/example_xcom.py
[2023-10-27 05:44:11,144] {processor.py:641} INFO - Processing file /home/airflow/.local/lib/python3.7/site-packages/airflow/example_dags/example_xcom.py for tasks to queue
[2023-10-27 05:44:11,145] {logging_mixin.py:115} INFO - [2023-10-27 05:44:11,145] {dagbag.py:508} INFO - Filling up the DagBag from /home/airflow/.local/lib/python3.7/site-packages/airflow/example_dags/example_xcom.py
[2023-10-27 05:44:11,330] {processor.py:651} INFO - DAG(s) dict_keys(['example_xcom']) retrieved from /home/airflow/.local/lib/python3.7/site-packages/airflow/example_dags/example_xcom.py
[2023-10-27 05:44:11,397] {logging_mixin.py:115} INFO - [2023-10-27 05:44:11,397] {dag.py:2420} INFO - Sync 1 DAGs
[2023-10-27 05:44:11,417] {logging_mixin.py:115} INFO - [2023-10-27 05:44:11,417] {dag.py:2972} INFO - Setting next_dagrun for example_xcom to 2021-01-01T00:00:00+00:00, run_after=2021-01-01T00:00:00+00:00
[2023-10-27 05:44:11,432] {processor.py:161} INFO - Processing /home/airflow/.local/lib/python3.7/site-packages/airflow/example_dags/example_xcom.py took 0.292 seconds
[2023-10-27 05:44:41,777] {processor.py:153} INFO - Started process (PID=1892) to work on /home/airflow/.local/lib/python3.7/site-packages/airflow/example_dags/example_xcom.py
[2023-10-27 05:44:41,780] {processor.py:641} INFO - Processing file /home/airflow/.local/lib/python3.7/site-packages/airflow/example_dags/example_xcom.py for tasks to queue
[2023-10-27 05:44:41,780] {logging_mixin.py:115} INFO - [2023-10-27 05:44:41,780] {dagbag.py:508} INFO - Filling up the DagBag from /home/airflow/.local/lib/python3.7/site-packages/airflow/example_dags/example_xcom.py
[2023-10-27 05:44:41,966] {processor.py:651} INFO - DAG(s) dict_keys(['example_xcom']) retrieved from /home/airflow/.local/lib/python3.7/site-packages/airflow/example_dags/example_xcom.py
[2023-10-27 05:44:41,989] {logging_mixin.py:115} INFO - [2023-10-27 05:44:41,989] {dag.py:2420} INFO - Sync 1 DAGs
[2023-10-27 05:44:42,012] {logging_mixin.py:115} INFO - [2023-10-27 05:44:42,012] {dag.py:2972} INFO - Setting next_dagrun for example_xcom to 2021-01-01T00:00:00+00:00, run_after=2021-01-01T00:00:00+00:00
[2023-10-27 05:44:42,024] {processor.py:161} INFO - Processing /home/airflow/.local/lib/python3.7/site-packages/airflow/example_dags/example_xcom.py took 0.251 seconds
[2023-10-27 05:45:12,256] {processor.py:153} INFO - Started process (PID=1954) to work on /home/airflow/.local/lib/python3.7/site-packages/airflow/example_dags/example_xcom.py
[2023-10-27 05:45:12,256] {processor.py:641} INFO - Processing file /home/airflow/.local/lib/python3.7/site-packages/airflow/example_dags/example_xcom.py for tasks to queue
[2023-10-27 05:45:12,257] {logging_mixin.py:115} INFO - [2023-10-27 05:45:12,257] {dagbag.py:508} INFO - Filling up the DagBag from /home/airflow/.local/lib/python3.7/site-packages/airflow/example_dags/example_xcom.py
[2023-10-27 05:45:12,436] {processor.py:651} INFO - DAG(s) dict_keys(['example_xcom']) retrieved from /home/airflow/.local/lib/python3.7/site-packages/airflow/example_dags/example_xcom.py
[2023-10-27 05:45:12,503] {logging_mixin.py:115} INFO - [2023-10-27 05:45:12,503] {dag.py:2420} INFO - Sync 1 DAGs
[2023-10-27 05:45:12,523] {logging_mixin.py:115} INFO - [2023-10-27 05:45:12,523] {dag.py:2972} INFO - Setting next_dagrun for example_xcom to 2021-01-01T00:00:00+00:00, run_after=2021-01-01T00:00:00+00:00
[2023-10-27 05:45:12,541] {processor.py:161} INFO - Processing /home/airflow/.local/lib/python3.7/site-packages/airflow/example_dags/example_xcom.py took 0.289 seconds
[2023-10-27 05:45:42,711] {processor.py:153} INFO - Started process (PID=2006) to work on /home/airflow/.local/lib/python3.7/site-packages/airflow/example_dags/example_xcom.py
[2023-10-27 05:45:42,712] {processor.py:641} INFO - Processing file /home/airflow/.local/lib/python3.7/site-packages/airflow/example_dags/example_xcom.py for tasks to queue
[2023-10-27 05:45:42,712] {logging_mixin.py:115} INFO - [2023-10-27 05:45:42,712] {dagbag.py:508} INFO - Filling up the DagBag from /home/airflow/.local/lib/python3.7/site-packages/airflow/example_dags/example_xcom.py
[2023-10-27 05:45:42,898] {processor.py:651} INFO - DAG(s) dict_keys(['example_xcom']) retrieved from /home/airflow/.local/lib/python3.7/site-packages/airflow/example_dags/example_xcom.py
[2023-10-27 05:45:42,922] {logging_mixin.py:115} INFO - [2023-10-27 05:45:42,922] {dag.py:2420} INFO - Sync 1 DAGs
[2023-10-27 05:45:42,944] {logging_mixin.py:115} INFO - [2023-10-27 05:45:42,944] {dag.py:2972} INFO - Setting next_dagrun for example_xcom to 2021-01-01T00:00:00+00:00, run_after=2021-01-01T00:00:00+00:00
[2023-10-27 05:45:42,957] {processor.py:161} INFO - Processing /home/airflow/.local/lib/python3.7/site-packages/airflow/example_dags/example_xcom.py took 0.250 seconds
[2023-10-27 05:46:13,417] {processor.py:153} INFO - Started process (PID=2069) to work on /home/airflow/.local/lib/python3.7/site-packages/airflow/example_dags/example_xcom.py
[2023-10-27 05:46:13,418] {processor.py:641} INFO - Processing file /home/airflow/.local/lib/python3.7/site-packages/airflow/example_dags/example_xcom.py for tasks to queue
[2023-10-27 05:46:13,418] {logging_mixin.py:115} INFO - [2023-10-27 05:46:13,418] {dagbag.py:508} INFO - Filling up the DagBag from /home/airflow/.local/lib/python3.7/site-packages/airflow/example_dags/example_xcom.py
[2023-10-27 05:46:13,607] {processor.py:651} INFO - DAG(s) dict_keys(['example_xcom']) retrieved from /home/airflow/.local/lib/python3.7/site-packages/airflow/example_dags/example_xcom.py
[2023-10-27 05:46:13,649] {logging_mixin.py:115} INFO - [2023-10-27 05:46:13,648] {dag.py:2420} INFO - Sync 1 DAGs
[2023-10-27 05:46:13,672] {logging_mixin.py:115} INFO - [2023-10-27 05:46:13,672] {dag.py:2972} INFO - Setting next_dagrun for example_xcom to 2021-01-01T00:00:00+00:00, run_after=2021-01-01T00:00:00+00:00
[2023-10-27 05:46:13,684] {processor.py:161} INFO - Processing /home/airflow/.local/lib/python3.7/site-packages/airflow/example_dags/example_xcom.py took 0.271 seconds
[2023-10-27 05:46:43,774] {processor.py:153} INFO - Started process (PID=2123) to work on /home/airflow/.local/lib/python3.7/site-packages/airflow/example_dags/example_xcom.py
[2023-10-27 05:46:43,775] {processor.py:641} INFO - Processing file /home/airflow/.local/lib/python3.7/site-packages/airflow/example_dags/example_xcom.py for tasks to queue
[2023-10-27 05:46:43,776] {logging_mixin.py:115} INFO - [2023-10-27 05:46:43,775] {dagbag.py:508} INFO - Filling up the DagBag from /home/airflow/.local/lib/python3.7/site-packages/airflow/example_dags/example_xcom.py
[2023-10-27 05:46:43,957] {processor.py:651} INFO - DAG(s) dict_keys(['example_xcom']) retrieved from /home/airflow/.local/lib/python3.7/site-packages/airflow/example_dags/example_xcom.py
[2023-10-27 05:46:43,979] {logging_mixin.py:115} INFO - [2023-10-27 05:46:43,979] {dag.py:2420} INFO - Sync 1 DAGs
[2023-10-27 05:46:44,000] {logging_mixin.py:115} INFO - [2023-10-27 05:46:44,000] {dag.py:2972} INFO - Setting next_dagrun for example_xcom to 2021-01-01T00:00:00+00:00, run_after=2021-01-01T00:00:00+00:00
[2023-10-27 05:46:44,012] {processor.py:161} INFO - Processing /home/airflow/.local/lib/python3.7/site-packages/airflow/example_dags/example_xcom.py took 0.242 seconds
[2023-10-27 05:47:14,537] {processor.py:153} INFO - Started process (PID=2186) to work on /home/airflow/.local/lib/python3.7/site-packages/airflow/example_dags/example_xcom.py
[2023-10-27 05:47:14,537] {processor.py:641} INFO - Processing file /home/airflow/.local/lib/python3.7/site-packages/airflow/example_dags/example_xcom.py for tasks to queue
[2023-10-27 05:47:14,538] {logging_mixin.py:115} INFO - [2023-10-27 05:47:14,538] {dagbag.py:508} INFO - Filling up the DagBag from /home/airflow/.local/lib/python3.7/site-packages/airflow/example_dags/example_xcom.py
[2023-10-27 05:47:14,733] {processor.py:651} INFO - DAG(s) dict_keys(['example_xcom']) retrieved from /home/airflow/.local/lib/python3.7/site-packages/airflow/example_dags/example_xcom.py
[2023-10-27 05:47:14,756] {logging_mixin.py:115} INFO - [2023-10-27 05:47:14,756] {dag.py:2420} INFO - Sync 1 DAGs
[2023-10-27 05:47:14,777] {logging_mixin.py:115} INFO - [2023-10-27 05:47:14,777] {dag.py:2972} INFO - Setting next_dagrun for example_xcom to 2021-01-01T00:00:00+00:00, run_after=2021-01-01T00:00:00+00:00
[2023-10-27 05:47:14,789] {processor.py:161} INFO - Processing /home/airflow/.local/lib/python3.7/site-packages/airflow/example_dags/example_xcom.py took 0.256 seconds
[2023-10-27 05:47:45,399] {processor.py:153} INFO - Started process (PID=2247) to work on /home/airflow/.local/lib/python3.7/site-packages/airflow/example_dags/example_xcom.py
[2023-10-27 05:47:45,400] {processor.py:641} INFO - Processing file /home/airflow/.local/lib/python3.7/site-packages/airflow/example_dags/example_xcom.py for tasks to queue
[2023-10-27 05:47:45,400] {logging_mixin.py:115} INFO - [2023-10-27 05:47:45,400] {dagbag.py:508} INFO - Filling up the DagBag from /home/airflow/.local/lib/python3.7/site-packages/airflow/example_dags/example_xcom.py
[2023-10-27 05:47:45,590] {processor.py:651} INFO - DAG(s) dict_keys(['example_xcom']) retrieved from /home/airflow/.local/lib/python3.7/site-packages/airflow/example_dags/example_xcom.py
[2023-10-27 05:47:45,659] {logging_mixin.py:115} INFO - [2023-10-27 05:47:45,659] {dag.py:2420} INFO - Sync 1 DAGs
[2023-10-27 05:47:45,680] {logging_mixin.py:115} INFO - [2023-10-27 05:47:45,680] {dag.py:2972} INFO - Setting next_dagrun for example_xcom to 2021-01-01T00:00:00+00:00, run_after=2021-01-01T00:00:00+00:00
[2023-10-27 05:47:45,696] {processor.py:161} INFO - Processing /home/airflow/.local/lib/python3.7/site-packages/airflow/example_dags/example_xcom.py took 0.301 seconds
[2023-10-27 05:48:15,875] {processor.py:153} INFO - Started process (PID=2299) to work on /home/airflow/.local/lib/python3.7/site-packages/airflow/example_dags/example_xcom.py
[2023-10-27 05:48:15,876] {processor.py:641} INFO - Processing file /home/airflow/.local/lib/python3.7/site-packages/airflow/example_dags/example_xcom.py for tasks to queue
[2023-10-27 05:48:15,877] {logging_mixin.py:115} INFO - [2023-10-27 05:48:15,877] {dagbag.py:508} INFO - Filling up the DagBag from /home/airflow/.local/lib/python3.7/site-packages/airflow/example_dags/example_xcom.py
[2023-10-27 05:48:16,057] {processor.py:651} INFO - DAG(s) dict_keys(['example_xcom']) retrieved from /home/airflow/.local/lib/python3.7/site-packages/airflow/example_dags/example_xcom.py
[2023-10-27 05:48:16,128] {logging_mixin.py:115} INFO - [2023-10-27 05:48:16,128] {dag.py:2420} INFO - Sync 1 DAGs
[2023-10-27 05:48:16,150] {logging_mixin.py:115} INFO - [2023-10-27 05:48:16,149] {dag.py:2972} INFO - Setting next_dagrun for example_xcom to 2021-01-01T00:00:00+00:00, run_after=2021-01-01T00:00:00+00:00
[2023-10-27 05:48:16,166] {processor.py:161} INFO - Processing /home/airflow/.local/lib/python3.7/site-packages/airflow/example_dags/example_xcom.py took 0.294 seconds
[2023-10-27 05:48:46,550] {processor.py:153} INFO - Started process (PID=2361) to work on /home/airflow/.local/lib/python3.7/site-packages/airflow/example_dags/example_xcom.py
[2023-10-27 05:48:46,551] {processor.py:641} INFO - Processing file /home/airflow/.local/lib/python3.7/site-packages/airflow/example_dags/example_xcom.py for tasks to queue
[2023-10-27 05:48:46,551] {logging_mixin.py:115} INFO - [2023-10-27 05:48:46,551] {dagbag.py:508} INFO - Filling up the DagBag from /home/airflow/.local/lib/python3.7/site-packages/airflow/example_dags/example_xcom.py
[2023-10-27 05:48:46,738] {processor.py:651} INFO - DAG(s) dict_keys(['example_xcom']) retrieved from /home/airflow/.local/lib/python3.7/site-packages/airflow/example_dags/example_xcom.py
[2023-10-27 05:48:46,761] {logging_mixin.py:115} INFO - [2023-10-27 05:48:46,761] {dag.py:2420} INFO - Sync 1 DAGs
[2023-10-27 05:48:46,783] {logging_mixin.py:115} INFO - [2023-10-27 05:48:46,783] {dag.py:2972} INFO - Setting next_dagrun for example_xcom to 2021-01-01T00:00:00+00:00, run_after=2021-01-01T00:00:00+00:00
[2023-10-27 05:48:46,795] {processor.py:161} INFO - Processing /home/airflow/.local/lib/python3.7/site-packages/airflow/example_dags/example_xcom.py took 0.250 seconds
[2023-10-27 05:49:17,005] {processor.py:153} INFO - Started process (PID=2413) to work on /home/airflow/.local/lib/python3.7/site-packages/airflow/example_dags/example_xcom.py
[2023-10-27 05:49:17,006] {processor.py:641} INFO - Processing file /home/airflow/.local/lib/python3.7/site-packages/airflow/example_dags/example_xcom.py for tasks to queue
[2023-10-27 05:49:17,006] {logging_mixin.py:115} INFO - [2023-10-27 05:49:17,006] {dagbag.py:508} INFO - Filling up the DagBag from /home/airflow/.local/lib/python3.7/site-packages/airflow/example_dags/example_xcom.py
[2023-10-27 05:49:17,204] {processor.py:651} INFO - DAG(s) dict_keys(['example_xcom']) retrieved from /home/airflow/.local/lib/python3.7/site-packages/airflow/example_dags/example_xcom.py
[2023-10-27 05:49:17,273] {logging_mixin.py:115} INFO - [2023-10-27 05:49:17,273] {dag.py:2420} INFO - Sync 1 DAGs
[2023-10-27 05:49:17,294] {logging_mixin.py:115} INFO - [2023-10-27 05:49:17,294] {dag.py:2972} INFO - Setting next_dagrun for example_xcom to 2021-01-01T00:00:00+00:00, run_after=2021-01-01T00:00:00+00:00
[2023-10-27 05:49:17,309] {processor.py:161} INFO - Processing /home/airflow/.local/lib/python3.7/site-packages/airflow/example_dags/example_xcom.py took 0.308 seconds
[2023-10-27 05:49:47,626] {processor.py:153} INFO - Started process (PID=2475) to work on /home/airflow/.local/lib/python3.7/site-packages/airflow/example_dags/example_xcom.py
[2023-10-27 05:49:47,627] {processor.py:641} INFO - Processing file /home/airflow/.local/lib/python3.7/site-packages/airflow/example_dags/example_xcom.py for tasks to queue
[2023-10-27 05:49:47,628] {logging_mixin.py:115} INFO - [2023-10-27 05:49:47,628] {dagbag.py:508} INFO - Filling up the DagBag from /home/airflow/.local/lib/python3.7/site-packages/airflow/example_dags/example_xcom.py
[2023-10-27 05:49:47,809] {processor.py:651} INFO - DAG(s) dict_keys(['example_xcom']) retrieved from /home/airflow/.local/lib/python3.7/site-packages/airflow/example_dags/example_xcom.py
[2023-10-27 05:49:47,831] {logging_mixin.py:115} INFO - [2023-10-27 05:49:47,831] {dag.py:2420} INFO - Sync 1 DAGs
[2023-10-27 05:49:47,853] {logging_mixin.py:115} INFO - [2023-10-27 05:49:47,853] {dag.py:2972} INFO - Setting next_dagrun for example_xcom to 2021-01-01T00:00:00+00:00, run_after=2021-01-01T00:00:00+00:00
[2023-10-27 05:49:47,865] {processor.py:161} INFO - Processing /home/airflow/.local/lib/python3.7/site-packages/airflow/example_dags/example_xcom.py took 0.243 seconds
[2023-10-27 05:50:17,978] {processor.py:153} INFO - Started process (PID=2536) to work on /home/airflow/.local/lib/python3.7/site-packages/airflow/example_dags/example_xcom.py
[2023-10-27 05:50:17,979] {processor.py:641} INFO - Processing file /home/airflow/.local/lib/python3.7/site-packages/airflow/example_dags/example_xcom.py for tasks to queue
[2023-10-27 05:50:17,979] {logging_mixin.py:115} INFO - [2023-10-27 05:50:17,979] {dagbag.py:508} INFO - Filling up the DagBag from /home/airflow/.local/lib/python3.7/site-packages/airflow/example_dags/example_xcom.py
[2023-10-27 05:50:18,160] {processor.py:651} INFO - DAG(s) dict_keys(['example_xcom']) retrieved from /home/airflow/.local/lib/python3.7/site-packages/airflow/example_dags/example_xcom.py
[2023-10-27 05:50:18,183] {logging_mixin.py:115} INFO - [2023-10-27 05:50:18,183] {dag.py:2420} INFO - Sync 1 DAGs
[2023-10-27 05:50:18,205] {logging_mixin.py:115} INFO - [2023-10-27 05:50:18,205] {dag.py:2972} INFO - Setting next_dagrun for example_xcom to 2021-01-01T00:00:00+00:00, run_after=2021-01-01T00:00:00+00:00
[2023-10-27 05:50:18,218] {processor.py:161} INFO - Processing /home/airflow/.local/lib/python3.7/site-packages/airflow/example_dags/example_xcom.py took 0.244 seconds
[2023-10-27 05:50:48,522] {processor.py:153} INFO - Started process (PID=2588) to work on /home/airflow/.local/lib/python3.7/site-packages/airflow/example_dags/example_xcom.py
[2023-10-27 05:50:48,523] {processor.py:641} INFO - Processing file /home/airflow/.local/lib/python3.7/site-packages/airflow/example_dags/example_xcom.py for tasks to queue
[2023-10-27 05:50:48,523] {logging_mixin.py:115} INFO - [2023-10-27 05:50:48,523] {dagbag.py:508} INFO - Filling up the DagBag from /home/airflow/.local/lib/python3.7/site-packages/airflow/example_dags/example_xcom.py
[2023-10-27 05:50:48,706] {processor.py:651} INFO - DAG(s) dict_keys(['example_xcom']) retrieved from /home/airflow/.local/lib/python3.7/site-packages/airflow/example_dags/example_xcom.py
[2023-10-27 05:50:48,777] {logging_mixin.py:115} INFO - [2023-10-27 05:50:48,777] {dag.py:2420} INFO - Sync 1 DAGs
[2023-10-27 05:50:48,798] {logging_mixin.py:115} INFO - [2023-10-27 05:50:48,798] {dag.py:2972} INFO - Setting next_dagrun for example_xcom to 2021-01-01T00:00:00+00:00, run_after=2021-01-01T00:00:00+00:00
[2023-10-27 05:50:48,814] {processor.py:161} INFO - Processing /home/airflow/.local/lib/python3.7/site-packages/airflow/example_dags/example_xcom.py took 0.296 seconds
[2023-10-27 05:51:19,036] {processor.py:153} INFO - Started process (PID=2649) to work on /home/airflow/.local/lib/python3.7/site-packages/airflow/example_dags/example_xcom.py
[2023-10-27 05:51:19,037] {processor.py:641} INFO - Processing file /home/airflow/.local/lib/python3.7/site-packages/airflow/example_dags/example_xcom.py for tasks to queue
[2023-10-27 05:51:19,037] {logging_mixin.py:115} INFO - [2023-10-27 05:51:19,037] {dagbag.py:508} INFO - Filling up the DagBag from /home/airflow/.local/lib/python3.7/site-packages/airflow/example_dags/example_xcom.py
[2023-10-27 05:51:19,220] {processor.py:651} INFO - DAG(s) dict_keys(['example_xcom']) retrieved from /home/airflow/.local/lib/python3.7/site-packages/airflow/example_dags/example_xcom.py
[2023-10-27 05:51:19,288] {logging_mixin.py:115} INFO - [2023-10-27 05:51:19,288] {dag.py:2420} INFO - Sync 1 DAGs
[2023-10-27 05:51:19,308] {logging_mixin.py:115} INFO - [2023-10-27 05:51:19,308] {dag.py:2972} INFO - Setting next_dagrun for example_xcom to 2021-01-01T00:00:00+00:00, run_after=2021-01-01T00:00:00+00:00
[2023-10-27 05:51:19,323] {processor.py:161} INFO - Processing /home/airflow/.local/lib/python3.7/site-packages/airflow/example_dags/example_xcom.py took 0.291 seconds
[2023-10-27 05:51:49,476] {processor.py:153} INFO - Started process (PID=2700) to work on /home/airflow/.local/lib/python3.7/site-packages/airflow/example_dags/example_xcom.py
[2023-10-27 05:51:49,477] {processor.py:641} INFO - Processing file /home/airflow/.local/lib/python3.7/site-packages/airflow/example_dags/example_xcom.py for tasks to queue
[2023-10-27 05:51:49,478] {logging_mixin.py:115} INFO - [2023-10-27 05:51:49,478] {dagbag.py:508} INFO - Filling up the DagBag from /home/airflow/.local/lib/python3.7/site-packages/airflow/example_dags/example_xcom.py
[2023-10-27 05:51:49,666] {processor.py:651} INFO - DAG(s) dict_keys(['example_xcom']) retrieved from /home/airflow/.local/lib/python3.7/site-packages/airflow/example_dags/example_xcom.py
[2023-10-27 05:51:49,689] {logging_mixin.py:115} INFO - [2023-10-27 05:51:49,688] {dag.py:2420} INFO - Sync 1 DAGs
[2023-10-27 05:51:49,712] {logging_mixin.py:115} INFO - [2023-10-27 05:51:49,711] {dag.py:2972} INFO - Setting next_dagrun for example_xcom to 2021-01-01T00:00:00+00:00, run_after=2021-01-01T00:00:00+00:00
[2023-10-27 05:51:49,724] {processor.py:161} INFO - Processing /home/airflow/.local/lib/python3.7/site-packages/airflow/example_dags/example_xcom.py took 0.252 seconds
[2023-10-27 05:52:20,009] {processor.py:153} INFO - Started process (PID=2763) to work on /home/airflow/.local/lib/python3.7/site-packages/airflow/example_dags/example_xcom.py
[2023-10-27 05:52:20,010] {processor.py:641} INFO - Processing file /home/airflow/.local/lib/python3.7/site-packages/airflow/example_dags/example_xcom.py for tasks to queue
[2023-10-27 05:52:20,010] {logging_mixin.py:115} INFO - [2023-10-27 05:52:20,010] {dagbag.py:508} INFO - Filling up the DagBag from /home/airflow/.local/lib/python3.7/site-packages/airflow/example_dags/example_xcom.py
[2023-10-27 05:52:20,191] {processor.py:651} INFO - DAG(s) dict_keys(['example_xcom']) retrieved from /home/airflow/.local/lib/python3.7/site-packages/airflow/example_dags/example_xcom.py
[2023-10-27 05:52:25,215] {logging_mixin.py:115} INFO - [2023-10-27 05:52:25,215] {dag.py:2420} INFO - Sync 1 DAGs
[2023-10-27 05:52:25,236] {logging_mixin.py:115} INFO - [2023-10-27 05:52:25,236] {dag.py:2972} INFO - Setting next_dagrun for example_xcom to 2021-01-01T00:00:00+00:00, run_after=2021-01-01T00:00:00+00:00
[2023-10-27 05:52:25,249] {processor.py:161} INFO - Processing /home/airflow/.local/lib/python3.7/site-packages/airflow/example_dags/example_xcom.py took 5.243 seconds
[2023-10-27 05:52:56,148] {processor.py:153} INFO - Started process (PID=2832) to work on /home/airflow/.local/lib/python3.7/site-packages/airflow/example_dags/example_xcom.py
[2023-10-27 05:52:56,148] {processor.py:641} INFO - Processing file /home/airflow/.local/lib/python3.7/site-packages/airflow/example_dags/example_xcom.py for tasks to queue
[2023-10-27 05:52:56,149] {logging_mixin.py:115} INFO - [2023-10-27 05:52:56,149] {dagbag.py:508} INFO - Filling up the DagBag from /home/airflow/.local/lib/python3.7/site-packages/airflow/example_dags/example_xcom.py
[2023-10-27 05:52:56,333] {processor.py:651} INFO - DAG(s) dict_keys(['example_xcom']) retrieved from /home/airflow/.local/lib/python3.7/site-packages/airflow/example_dags/example_xcom.py
[2023-10-27 05:52:56,402] {logging_mixin.py:115} INFO - [2023-10-27 05:52:56,402] {dag.py:2420} INFO - Sync 1 DAGs
[2023-10-27 05:52:56,423] {logging_mixin.py:115} INFO - [2023-10-27 05:52:56,423] {dag.py:2972} INFO - Setting next_dagrun for example_xcom to 2021-01-01T00:00:00+00:00, run_after=2021-01-01T00:00:00+00:00
[2023-10-27 05:52:56,438] {processor.py:161} INFO - Processing /home/airflow/.local/lib/python3.7/site-packages/airflow/example_dags/example_xcom.py took 0.295 seconds
[2023-10-27 05:53:26,556] {processor.py:153} INFO - Started process (PID=2893) to work on /home/airflow/.local/lib/python3.7/site-packages/airflow/example_dags/example_xcom.py
[2023-10-27 05:53:26,556] {processor.py:641} INFO - Processing file /home/airflow/.local/lib/python3.7/site-packages/airflow/example_dags/example_xcom.py for tasks to queue
[2023-10-27 05:53:26,557] {logging_mixin.py:115} INFO - [2023-10-27 05:53:26,557] {dagbag.py:508} INFO - Filling up the DagBag from /home/airflow/.local/lib/python3.7/site-packages/airflow/example_dags/example_xcom.py
[2023-10-27 05:53:26,738] {processor.py:651} INFO - DAG(s) dict_keys(['example_xcom']) retrieved from /home/airflow/.local/lib/python3.7/site-packages/airflow/example_dags/example_xcom.py
[2023-10-27 05:53:26,806] {logging_mixin.py:115} INFO - [2023-10-27 05:53:26,806] {dag.py:2420} INFO - Sync 1 DAGs
[2023-10-27 05:53:26,829] {logging_mixin.py:115} INFO - [2023-10-27 05:53:26,829] {dag.py:2972} INFO - Setting next_dagrun for example_xcom to 2021-01-01T00:00:00+00:00, run_after=2021-01-01T00:00:00+00:00
[2023-10-27 05:53:26,843] {processor.py:161} INFO - Processing /home/airflow/.local/lib/python3.7/site-packages/airflow/example_dags/example_xcom.py took 0.292 seconds
