[2023-10-27 05:19:31,631] {processor.py:153} INFO - Started process (PID=43) to work on /home/airflow/.local/lib/python3.7/site-packages/airflow/example_dags/example_latest_only_with_trigger.py
[2023-10-27 05:19:31,631] {processor.py:641} INFO - Processing file /home/airflow/.local/lib/python3.7/site-packages/airflow/example_dags/example_latest_only_with_trigger.py for tasks to queue
[2023-10-27 05:19:31,632] {logging_mixin.py:115} INFO - [2023-10-27 05:19:31,632] {dagbag.py:508} INFO - Filling up the DagBag from /home/airflow/.local/lib/python3.7/site-packages/airflow/example_dags/example_latest_only_with_trigger.py
[2023-10-27 05:19:31,655] {processor.py:651} INFO - DAG(s) dict_keys(['latest_only_with_trigger']) retrieved from /home/airflow/.local/lib/python3.7/site-packages/airflow/example_dags/example_latest_only_with_trigger.py
[2023-10-27 05:19:31,847] {logging_mixin.py:115} INFO - [2023-10-27 05:19:31,847] {manager.py:508} INFO - Created Permission View: can delete on DAG:latest_only_with_trigger
[2023-10-27 05:19:31,866] {logging_mixin.py:115} INFO - [2023-10-27 05:19:31,866] {manager.py:508} INFO - Created Permission View: can read on DAG:latest_only_with_trigger
[2023-10-27 05:19:31,876] {logging_mixin.py:115} INFO - [2023-10-27 05:19:31,876] {manager.py:508} INFO - Created Permission View: can edit on DAG:latest_only_with_trigger
[2023-10-27 05:19:31,876] {logging_mixin.py:115} INFO - [2023-10-27 05:19:31,876] {dag.py:2420} INFO - Sync 1 DAGs
[2023-10-27 05:19:31,890] {logging_mixin.py:115} INFO - [2023-10-27 05:19:31,890] {dag.py:2439} INFO - Creating ORM DAG for latest_only_with_trigger
[2023-10-27 05:19:31,912] {logging_mixin.py:115} INFO - [2023-10-27 05:19:31,912] {dag.py:2972} INFO - Setting next_dagrun for latest_only_with_trigger to 2023-10-27T01:19:31.912300+00:00, run_after=2023-10-27T05:19:31.912300+00:00
[2023-10-27 05:19:31,933] {processor.py:161} INFO - Processing /home/airflow/.local/lib/python3.7/site-packages/airflow/example_dags/example_latest_only_with_trigger.py took 0.306 seconds
[2023-10-27 05:20:02,330] {processor.py:153} INFO - Started process (PID=106) to work on /home/airflow/.local/lib/python3.7/site-packages/airflow/example_dags/example_latest_only_with_trigger.py
[2023-10-27 05:20:02,331] {processor.py:641} INFO - Processing file /home/airflow/.local/lib/python3.7/site-packages/airflow/example_dags/example_latest_only_with_trigger.py for tasks to queue
[2023-10-27 05:20:02,331] {logging_mixin.py:115} INFO - [2023-10-27 05:20:02,331] {dagbag.py:508} INFO - Filling up the DagBag from /home/airflow/.local/lib/python3.7/site-packages/airflow/example_dags/example_latest_only_with_trigger.py
[2023-10-27 05:20:02,338] {processor.py:651} INFO - DAG(s) dict_keys(['latest_only_with_trigger']) retrieved from /home/airflow/.local/lib/python3.7/site-packages/airflow/example_dags/example_latest_only_with_trigger.py
[2023-10-27 05:20:02,368] {logging_mixin.py:115} INFO - [2023-10-27 05:20:02,368] {dag.py:2420} INFO - Sync 1 DAGs
[2023-10-27 05:20:02,395] {logging_mixin.py:115} INFO - [2023-10-27 05:20:02,395] {dag.py:2972} INFO - Setting next_dagrun for latest_only_with_trigger to 2023-10-27T01:20:02.395023+00:00, run_after=2023-10-27T05:20:02.395023+00:00
[2023-10-27 05:20:02,409] {processor.py:161} INFO - Processing /home/airflow/.local/lib/python3.7/site-packages/airflow/example_dags/example_latest_only_with_trigger.py took 0.082 seconds
[2023-10-27 05:20:32,916] {processor.py:153} INFO - Started process (PID=158) to work on /home/airflow/.local/lib/python3.7/site-packages/airflow/example_dags/example_latest_only_with_trigger.py
[2023-10-27 05:20:32,917] {processor.py:641} INFO - Processing file /home/airflow/.local/lib/python3.7/site-packages/airflow/example_dags/example_latest_only_with_trigger.py for tasks to queue
[2023-10-27 05:20:32,917] {logging_mixin.py:115} INFO - [2023-10-27 05:20:32,917] {dagbag.py:508} INFO - Filling up the DagBag from /home/airflow/.local/lib/python3.7/site-packages/airflow/example_dags/example_latest_only_with_trigger.py
[2023-10-27 05:20:32,924] {processor.py:651} INFO - DAG(s) dict_keys(['latest_only_with_trigger']) retrieved from /home/airflow/.local/lib/python3.7/site-packages/airflow/example_dags/example_latest_only_with_trigger.py
[2023-10-27 05:20:32,954] {logging_mixin.py:115} INFO - [2023-10-27 05:20:32,954] {dag.py:2420} INFO - Sync 1 DAGs
[2023-10-27 05:20:32,979] {logging_mixin.py:115} INFO - [2023-10-27 05:20:32,979] {dag.py:2972} INFO - Setting next_dagrun for latest_only_with_trigger to 2023-10-27T01:20:32.979176+00:00, run_after=2023-10-27T05:20:32.979176+00:00
[2023-10-27 05:20:32,993] {processor.py:161} INFO - Processing /home/airflow/.local/lib/python3.7/site-packages/airflow/example_dags/example_latest_only_with_trigger.py took 0.081 seconds
[2023-10-27 05:21:03,170] {processor.py:153} INFO - Started process (PID=219) to work on /home/airflow/.local/lib/python3.7/site-packages/airflow/example_dags/example_latest_only_with_trigger.py
[2023-10-27 05:21:03,170] {processor.py:641} INFO - Processing file /home/airflow/.local/lib/python3.7/site-packages/airflow/example_dags/example_latest_only_with_trigger.py for tasks to queue
[2023-10-27 05:21:03,171] {logging_mixin.py:115} INFO - [2023-10-27 05:21:03,171] {dagbag.py:508} INFO - Filling up the DagBag from /home/airflow/.local/lib/python3.7/site-packages/airflow/example_dags/example_latest_only_with_trigger.py
[2023-10-27 05:21:03,177] {processor.py:651} INFO - DAG(s) dict_keys(['latest_only_with_trigger']) retrieved from /home/airflow/.local/lib/python3.7/site-packages/airflow/example_dags/example_latest_only_with_trigger.py
[2023-10-27 05:21:03,207] {logging_mixin.py:115} INFO - [2023-10-27 05:21:03,207] {dag.py:2420} INFO - Sync 1 DAGs
[2023-10-27 05:21:03,233] {logging_mixin.py:115} INFO - [2023-10-27 05:21:03,233] {dag.py:2972} INFO - Setting next_dagrun for latest_only_with_trigger to 2023-10-27T01:21:03.233525+00:00, run_after=2023-10-27T05:21:03.233525+00:00
[2023-10-27 05:21:03,250] {processor.py:161} INFO - Processing /home/airflow/.local/lib/python3.7/site-packages/airflow/example_dags/example_latest_only_with_trigger.py took 0.085 seconds
[2023-10-27 05:21:33,389] {processor.py:153} INFO - Started process (PID=278) to work on /home/airflow/.local/lib/python3.7/site-packages/airflow/example_dags/example_latest_only_with_trigger.py
[2023-10-27 05:21:33,391] {processor.py:641} INFO - Processing file /home/airflow/.local/lib/python3.7/site-packages/airflow/example_dags/example_latest_only_with_trigger.py for tasks to queue
[2023-10-27 05:21:33,394] {logging_mixin.py:115} INFO - [2023-10-27 05:21:33,393] {dagbag.py:508} INFO - Filling up the DagBag from /home/airflow/.local/lib/python3.7/site-packages/airflow/example_dags/example_latest_only_with_trigger.py
[2023-10-27 05:21:33,405] {processor.py:651} INFO - DAG(s) dict_keys(['latest_only_with_trigger']) retrieved from /home/airflow/.local/lib/python3.7/site-packages/airflow/example_dags/example_latest_only_with_trigger.py
[2023-10-27 05:21:33,446] {logging_mixin.py:115} INFO - [2023-10-27 05:21:33,445] {dag.py:2420} INFO - Sync 1 DAGs
[2023-10-27 05:21:33,472] {logging_mixin.py:115} INFO - [2023-10-27 05:21:33,472] {dag.py:2972} INFO - Setting next_dagrun for latest_only_with_trigger to 2023-10-27T01:21:33.472197+00:00, run_after=2023-10-27T05:21:33.472197+00:00
[2023-10-27 05:21:33,485] {processor.py:161} INFO - Processing /home/airflow/.local/lib/python3.7/site-packages/airflow/example_dags/example_latest_only_with_trigger.py took 0.101 seconds
[2023-10-27 05:22:03,542] {processor.py:153} INFO - Started process (PID=333) to work on /home/airflow/.local/lib/python3.7/site-packages/airflow/example_dags/example_latest_only_with_trigger.py
[2023-10-27 05:22:03,543] {processor.py:641} INFO - Processing file /home/airflow/.local/lib/python3.7/site-packages/airflow/example_dags/example_latest_only_with_trigger.py for tasks to queue
[2023-10-27 05:22:03,544] {logging_mixin.py:115} INFO - [2023-10-27 05:22:03,544] {dagbag.py:508} INFO - Filling up the DagBag from /home/airflow/.local/lib/python3.7/site-packages/airflow/example_dags/example_latest_only_with_trigger.py
[2023-10-27 05:22:03,551] {processor.py:651} INFO - DAG(s) dict_keys(['latest_only_with_trigger']) retrieved from /home/airflow/.local/lib/python3.7/site-packages/airflow/example_dags/example_latest_only_with_trigger.py
[2023-10-27 05:22:03,582] {logging_mixin.py:115} INFO - [2023-10-27 05:22:03,581] {dag.py:2420} INFO - Sync 1 DAGs
[2023-10-27 05:22:03,608] {logging_mixin.py:115} INFO - [2023-10-27 05:22:03,608] {dag.py:2972} INFO - Setting next_dagrun for latest_only_with_trigger to 2023-10-27T01:22:03.608486+00:00, run_after=2023-10-27T05:22:03.608486+00:00
[2023-10-27 05:22:03,622] {processor.py:161} INFO - Processing /home/airflow/.local/lib/python3.7/site-packages/airflow/example_dags/example_latest_only_with_trigger.py took 0.084 seconds
[2023-10-27 05:22:33,798] {processor.py:153} INFO - Started process (PID=385) to work on /home/airflow/.local/lib/python3.7/site-packages/airflow/example_dags/example_latest_only_with_trigger.py
[2023-10-27 05:22:33,798] {processor.py:641} INFO - Processing file /home/airflow/.local/lib/python3.7/site-packages/airflow/example_dags/example_latest_only_with_trigger.py for tasks to queue
[2023-10-27 05:22:33,799] {logging_mixin.py:115} INFO - [2023-10-27 05:22:33,799] {dagbag.py:508} INFO - Filling up the DagBag from /home/airflow/.local/lib/python3.7/site-packages/airflow/example_dags/example_latest_only_with_trigger.py
[2023-10-27 05:22:33,806] {processor.py:651} INFO - DAG(s) dict_keys(['latest_only_with_trigger']) retrieved from /home/airflow/.local/lib/python3.7/site-packages/airflow/example_dags/example_latest_only_with_trigger.py
[2023-10-27 05:22:33,835] {logging_mixin.py:115} INFO - [2023-10-27 05:22:33,835] {dag.py:2420} INFO - Sync 1 DAGs
[2023-10-27 05:22:33,860] {logging_mixin.py:115} INFO - [2023-10-27 05:22:33,860] {dag.py:2972} INFO - Setting next_dagrun for latest_only_with_trigger to 2023-10-27T01:22:33.860574+00:00, run_after=2023-10-27T05:22:33.860574+00:00
[2023-10-27 05:22:33,873] {processor.py:161} INFO - Processing /home/airflow/.local/lib/python3.7/site-packages/airflow/example_dags/example_latest_only_with_trigger.py took 0.080 seconds
[2023-10-27 05:23:03,990] {processor.py:153} INFO - Started process (PID=445) to work on /home/airflow/.local/lib/python3.7/site-packages/airflow/example_dags/example_latest_only_with_trigger.py
[2023-10-27 05:23:03,991] {processor.py:641} INFO - Processing file /home/airflow/.local/lib/python3.7/site-packages/airflow/example_dags/example_latest_only_with_trigger.py for tasks to queue
[2023-10-27 05:23:03,991] {logging_mixin.py:115} INFO - [2023-10-27 05:23:03,991] {dagbag.py:508} INFO - Filling up the DagBag from /home/airflow/.local/lib/python3.7/site-packages/airflow/example_dags/example_latest_only_with_trigger.py
[2023-10-27 05:23:03,998] {processor.py:651} INFO - DAG(s) dict_keys(['latest_only_with_trigger']) retrieved from /home/airflow/.local/lib/python3.7/site-packages/airflow/example_dags/example_latest_only_with_trigger.py
[2023-10-27 05:23:04,027] {logging_mixin.py:115} INFO - [2023-10-27 05:23:04,027] {dag.py:2420} INFO - Sync 1 DAGs
[2023-10-27 05:23:04,052] {logging_mixin.py:115} INFO - [2023-10-27 05:23:04,052] {dag.py:2972} INFO - Setting next_dagrun for latest_only_with_trigger to 2023-10-27T01:23:04.052343+00:00, run_after=2023-10-27T05:23:04.052343+00:00
[2023-10-27 05:23:04,066] {processor.py:161} INFO - Processing /home/airflow/.local/lib/python3.7/site-packages/airflow/example_dags/example_latest_only_with_trigger.py took 0.080 seconds
[2023-10-27 05:23:34,199] {processor.py:153} INFO - Started process (PID=497) to work on /home/airflow/.local/lib/python3.7/site-packages/airflow/example_dags/example_latest_only_with_trigger.py
[2023-10-27 05:23:34,199] {processor.py:641} INFO - Processing file /home/airflow/.local/lib/python3.7/site-packages/airflow/example_dags/example_latest_only_with_trigger.py for tasks to queue
[2023-10-27 05:23:34,200] {logging_mixin.py:115} INFO - [2023-10-27 05:23:34,200] {dagbag.py:508} INFO - Filling up the DagBag from /home/airflow/.local/lib/python3.7/site-packages/airflow/example_dags/example_latest_only_with_trigger.py
[2023-10-27 05:23:34,207] {processor.py:651} INFO - DAG(s) dict_keys(['latest_only_with_trigger']) retrieved from /home/airflow/.local/lib/python3.7/site-packages/airflow/example_dags/example_latest_only_with_trigger.py
[2023-10-27 05:23:34,236] {logging_mixin.py:115} INFO - [2023-10-27 05:23:34,236] {dag.py:2420} INFO - Sync 1 DAGs
[2023-10-27 05:23:34,268] {logging_mixin.py:115} INFO - [2023-10-27 05:23:34,268] {dag.py:2972} INFO - Setting next_dagrun for latest_only_with_trigger to 2023-10-27T01:23:34.268451+00:00, run_after=2023-10-27T05:23:34.268451+00:00
[2023-10-27 05:23:34,284] {processor.py:161} INFO - Processing /home/airflow/.local/lib/python3.7/site-packages/airflow/example_dags/example_latest_only_with_trigger.py took 0.090 seconds
[2023-10-27 05:24:55,720] {processor.py:153} INFO - Started process (PID=34) to work on /home/airflow/.local/lib/python3.7/site-packages/airflow/example_dags/example_latest_only_with_trigger.py
[2023-10-27 05:24:55,729] {processor.py:641} INFO - Processing file /home/airflow/.local/lib/python3.7/site-packages/airflow/example_dags/example_latest_only_with_trigger.py for tasks to queue
[2023-10-27 05:24:55,731] {logging_mixin.py:115} INFO - [2023-10-27 05:24:55,731] {dagbag.py:508} INFO - Filling up the DagBag from /home/airflow/.local/lib/python3.7/site-packages/airflow/example_dags/example_latest_only_with_trigger.py
[2023-10-27 05:24:55,741] {processor.py:651} INFO - DAG(s) dict_keys(['latest_only_with_trigger']) retrieved from /home/airflow/.local/lib/python3.7/site-packages/airflow/example_dags/example_latest_only_with_trigger.py
[2023-10-27 05:24:55,862] {logging_mixin.py:115} INFO - [2023-10-27 05:24:55,862] {dag.py:2420} INFO - Sync 1 DAGs
[2023-10-27 05:24:56,098] {logging_mixin.py:115} INFO - [2023-10-27 05:24:56,098] {dag.py:2972} INFO - Setting next_dagrun for latest_only_with_trigger to 2023-10-27T01:24:56.098013+00:00, run_after=2023-10-27T05:24:56.098013+00:00
[2023-10-27 05:24:56,111] {processor.py:161} INFO - Processing /home/airflow/.local/lib/python3.7/site-packages/airflow/example_dags/example_latest_only_with_trigger.py took 0.403 seconds
[2023-10-27 05:25:26,190] {processor.py:153} INFO - Started process (PID=95) to work on /home/airflow/.local/lib/python3.7/site-packages/airflow/example_dags/example_latest_only_with_trigger.py
[2023-10-27 05:25:26,191] {processor.py:641} INFO - Processing file /home/airflow/.local/lib/python3.7/site-packages/airflow/example_dags/example_latest_only_with_trigger.py for tasks to queue
[2023-10-27 05:25:26,191] {logging_mixin.py:115} INFO - [2023-10-27 05:25:26,191] {dagbag.py:508} INFO - Filling up the DagBag from /home/airflow/.local/lib/python3.7/site-packages/airflow/example_dags/example_latest_only_with_trigger.py
[2023-10-27 05:25:26,198] {processor.py:651} INFO - DAG(s) dict_keys(['latest_only_with_trigger']) retrieved from /home/airflow/.local/lib/python3.7/site-packages/airflow/example_dags/example_latest_only_with_trigger.py
[2023-10-27 05:25:26,229] {logging_mixin.py:115} INFO - [2023-10-27 05:25:26,229] {dag.py:2420} INFO - Sync 1 DAGs
[2023-10-27 05:25:26,403] {logging_mixin.py:115} INFO - [2023-10-27 05:25:26,402] {dag.py:2972} INFO - Setting next_dagrun for latest_only_with_trigger to 2023-10-27T01:25:26.402736+00:00, run_after=2023-10-27T05:25:26.402736+00:00
[2023-10-27 05:25:26,415] {processor.py:161} INFO - Processing /home/airflow/.local/lib/python3.7/site-packages/airflow/example_dags/example_latest_only_with_trigger.py took 0.229 seconds
[2023-10-27 05:25:56,688] {processor.py:153} INFO - Started process (PID=147) to work on /home/airflow/.local/lib/python3.7/site-packages/airflow/example_dags/example_latest_only_with_trigger.py
[2023-10-27 05:25:56,689] {processor.py:641} INFO - Processing file /home/airflow/.local/lib/python3.7/site-packages/airflow/example_dags/example_latest_only_with_trigger.py for tasks to queue
[2023-10-27 05:25:56,689] {logging_mixin.py:115} INFO - [2023-10-27 05:25:56,689] {dagbag.py:508} INFO - Filling up the DagBag from /home/airflow/.local/lib/python3.7/site-packages/airflow/example_dags/example_latest_only_with_trigger.py
[2023-10-27 05:25:56,696] {processor.py:651} INFO - DAG(s) dict_keys(['latest_only_with_trigger']) retrieved from /home/airflow/.local/lib/python3.7/site-packages/airflow/example_dags/example_latest_only_with_trigger.py
[2023-10-27 05:25:56,728] {logging_mixin.py:115} INFO - [2023-10-27 05:25:56,728] {dag.py:2420} INFO - Sync 1 DAGs
[2023-10-27 05:25:56,904] {logging_mixin.py:115} INFO - [2023-10-27 05:25:56,903] {dag.py:2972} INFO - Setting next_dagrun for latest_only_with_trigger to 2023-10-27T01:25:56.903722+00:00, run_after=2023-10-27T05:25:56.903722+00:00
[2023-10-27 05:25:56,916] {processor.py:161} INFO - Processing /home/airflow/.local/lib/python3.7/site-packages/airflow/example_dags/example_latest_only_with_trigger.py took 0.233 seconds
[2023-10-27 05:26:27,537] {processor.py:153} INFO - Started process (PID=207) to work on /home/airflow/.local/lib/python3.7/site-packages/airflow/example_dags/example_latest_only_with_trigger.py
[2023-10-27 05:26:27,537] {processor.py:641} INFO - Processing file /home/airflow/.local/lib/python3.7/site-packages/airflow/example_dags/example_latest_only_with_trigger.py for tasks to queue
[2023-10-27 05:26:27,538] {logging_mixin.py:115} INFO - [2023-10-27 05:26:27,537] {dagbag.py:508} INFO - Filling up the DagBag from /home/airflow/.local/lib/python3.7/site-packages/airflow/example_dags/example_latest_only_with_trigger.py
[2023-10-27 05:26:27,544] {processor.py:651} INFO - DAG(s) dict_keys(['latest_only_with_trigger']) retrieved from /home/airflow/.local/lib/python3.7/site-packages/airflow/example_dags/example_latest_only_with_trigger.py
[2023-10-27 05:26:27,579] {logging_mixin.py:115} INFO - [2023-10-27 05:26:27,579] {dag.py:2420} INFO - Sync 1 DAGs
[2023-10-27 05:26:27,758] {logging_mixin.py:115} INFO - [2023-10-27 05:26:27,758] {dag.py:2972} INFO - Setting next_dagrun for latest_only_with_trigger to 2023-10-27T01:26:27.757948+00:00, run_after=2023-10-27T05:26:27.757948+00:00
[2023-10-27 05:26:27,771] {processor.py:161} INFO - Processing /home/airflow/.local/lib/python3.7/site-packages/airflow/example_dags/example_latest_only_with_trigger.py took 0.238 seconds
[2023-10-27 05:26:58,355] {processor.py:153} INFO - Started process (PID=268) to work on /home/airflow/.local/lib/python3.7/site-packages/airflow/example_dags/example_latest_only_with_trigger.py
[2023-10-27 05:26:58,356] {processor.py:641} INFO - Processing file /home/airflow/.local/lib/python3.7/site-packages/airflow/example_dags/example_latest_only_with_trigger.py for tasks to queue
[2023-10-27 05:26:58,356] {logging_mixin.py:115} INFO - [2023-10-27 05:26:58,356] {dagbag.py:508} INFO - Filling up the DagBag from /home/airflow/.local/lib/python3.7/site-packages/airflow/example_dags/example_latest_only_with_trigger.py
[2023-10-27 05:26:58,363] {processor.py:651} INFO - DAG(s) dict_keys(['latest_only_with_trigger']) retrieved from /home/airflow/.local/lib/python3.7/site-packages/airflow/example_dags/example_latest_only_with_trigger.py
[2023-10-27 05:26:58,396] {logging_mixin.py:115} INFO - [2023-10-27 05:26:58,396] {dag.py:2420} INFO - Sync 1 DAGs
[2023-10-27 05:26:58,571] {logging_mixin.py:115} INFO - [2023-10-27 05:26:58,571] {dag.py:2972} INFO - Setting next_dagrun for latest_only_with_trigger to 2023-10-27T01:26:58.571006+00:00, run_after=2023-10-27T05:26:58.571006+00:00
[2023-10-27 05:26:58,584] {processor.py:161} INFO - Processing /home/airflow/.local/lib/python3.7/site-packages/airflow/example_dags/example_latest_only_with_trigger.py took 0.233 seconds
[2023-10-27 05:28:12,761] {processor.py:153} INFO - Started process (PID=34) to work on /home/airflow/.local/lib/python3.7/site-packages/airflow/example_dags/example_latest_only_with_trigger.py
[2023-10-27 05:28:12,778] {processor.py:641} INFO - Processing file /home/airflow/.local/lib/python3.7/site-packages/airflow/example_dags/example_latest_only_with_trigger.py for tasks to queue
[2023-10-27 05:28:12,778] {logging_mixin.py:115} INFO - [2023-10-27 05:28:12,778] {dagbag.py:508} INFO - Filling up the DagBag from /home/airflow/.local/lib/python3.7/site-packages/airflow/example_dags/example_latest_only_with_trigger.py
[2023-10-27 05:28:12,786] {processor.py:651} INFO - DAG(s) dict_keys(['latest_only_with_trigger']) retrieved from /home/airflow/.local/lib/python3.7/site-packages/airflow/example_dags/example_latest_only_with_trigger.py
[2023-10-27 05:28:12,839] {logging_mixin.py:115} INFO - [2023-10-27 05:28:12,839] {dag.py:2420} INFO - Sync 1 DAGs
[2023-10-27 05:28:13,103] {logging_mixin.py:115} INFO - [2023-10-27 05:28:13,103] {dag.py:2972} INFO - Setting next_dagrun for latest_only_with_trigger to 2023-10-27T01:28:13.103362+00:00, run_after=2023-10-27T05:28:13.103362+00:00
[2023-10-27 05:28:13,128] {processor.py:161} INFO - Processing /home/airflow/.local/lib/python3.7/site-packages/airflow/example_dags/example_latest_only_with_trigger.py took 0.370 seconds
[2023-10-27 05:28:43,209] {processor.py:153} INFO - Started process (PID=96) to work on /home/airflow/.local/lib/python3.7/site-packages/airflow/example_dags/example_latest_only_with_trigger.py
[2023-10-27 05:28:43,210] {processor.py:641} INFO - Processing file /home/airflow/.local/lib/python3.7/site-packages/airflow/example_dags/example_latest_only_with_trigger.py for tasks to queue
[2023-10-27 05:28:43,210] {logging_mixin.py:115} INFO - [2023-10-27 05:28:43,210] {dagbag.py:508} INFO - Filling up the DagBag from /home/airflow/.local/lib/python3.7/site-packages/airflow/example_dags/example_latest_only_with_trigger.py
[2023-10-27 05:28:43,219] {processor.py:651} INFO - DAG(s) dict_keys(['latest_only_with_trigger']) retrieved from /home/airflow/.local/lib/python3.7/site-packages/airflow/example_dags/example_latest_only_with_trigger.py
[2023-10-27 05:28:43,258] {logging_mixin.py:115} INFO - [2023-10-27 05:28:43,258] {dag.py:2420} INFO - Sync 1 DAGs
[2023-10-27 05:28:43,435] {logging_mixin.py:115} INFO - [2023-10-27 05:28:43,435] {dag.py:2972} INFO - Setting next_dagrun for latest_only_with_trigger to 2023-10-27T01:28:43.434906+00:00, run_after=2023-10-27T05:28:43.434906+00:00
[2023-10-27 05:28:43,447] {processor.py:161} INFO - Processing /home/airflow/.local/lib/python3.7/site-packages/airflow/example_dags/example_latest_only_with_trigger.py took 0.244 seconds
[2023-10-27 05:29:13,542] {processor.py:153} INFO - Started process (PID=148) to work on /home/airflow/.local/lib/python3.7/site-packages/airflow/example_dags/example_latest_only_with_trigger.py
[2023-10-27 05:29:13,543] {processor.py:641} INFO - Processing file /home/airflow/.local/lib/python3.7/site-packages/airflow/example_dags/example_latest_only_with_trigger.py for tasks to queue
[2023-10-27 05:29:13,544] {logging_mixin.py:115} INFO - [2023-10-27 05:29:13,544] {dagbag.py:508} INFO - Filling up the DagBag from /home/airflow/.local/lib/python3.7/site-packages/airflow/example_dags/example_latest_only_with_trigger.py
[2023-10-27 05:29:13,551] {processor.py:651} INFO - DAG(s) dict_keys(['latest_only_with_trigger']) retrieved from /home/airflow/.local/lib/python3.7/site-packages/airflow/example_dags/example_latest_only_with_trigger.py
[2023-10-27 05:29:13,586] {logging_mixin.py:115} INFO - [2023-10-27 05:29:13,586] {dag.py:2420} INFO - Sync 1 DAGs
[2023-10-27 05:29:13,762] {logging_mixin.py:115} INFO - [2023-10-27 05:29:13,762] {dag.py:2972} INFO - Setting next_dagrun for latest_only_with_trigger to 2023-10-27T01:29:13.761823+00:00, run_after=2023-10-27T05:29:13.761823+00:00
[2023-10-27 05:29:13,774] {processor.py:161} INFO - Processing /home/airflow/.local/lib/python3.7/site-packages/airflow/example_dags/example_latest_only_with_trigger.py took 0.236 seconds
[2023-10-27 05:29:44,021] {processor.py:153} INFO - Started process (PID=208) to work on /home/airflow/.local/lib/python3.7/site-packages/airflow/example_dags/example_latest_only_with_trigger.py
[2023-10-27 05:29:44,022] {processor.py:641} INFO - Processing file /home/airflow/.local/lib/python3.7/site-packages/airflow/example_dags/example_latest_only_with_trigger.py for tasks to queue
[2023-10-27 05:29:44,022] {logging_mixin.py:115} INFO - [2023-10-27 05:29:44,022] {dagbag.py:508} INFO - Filling up the DagBag from /home/airflow/.local/lib/python3.7/site-packages/airflow/example_dags/example_latest_only_with_trigger.py
[2023-10-27 05:29:44,029] {processor.py:651} INFO - DAG(s) dict_keys(['latest_only_with_trigger']) retrieved from /home/airflow/.local/lib/python3.7/site-packages/airflow/example_dags/example_latest_only_with_trigger.py
[2023-10-27 05:29:44,064] {logging_mixin.py:115} INFO - [2023-10-27 05:29:44,064] {dag.py:2420} INFO - Sync 1 DAGs
[2023-10-27 05:29:44,245] {logging_mixin.py:115} INFO - [2023-10-27 05:29:44,245] {dag.py:2972} INFO - Setting next_dagrun for latest_only_with_trigger to 2023-10-27T01:29:44.244803+00:00, run_after=2023-10-27T05:29:44.244803+00:00
[2023-10-27 05:29:44,257] {processor.py:161} INFO - Processing /home/airflow/.local/lib/python3.7/site-packages/airflow/example_dags/example_latest_only_with_trigger.py took 0.240 seconds
[2023-10-27 05:30:14,495] {processor.py:153} INFO - Started process (PID=268) to work on /home/airflow/.local/lib/python3.7/site-packages/airflow/example_dags/example_latest_only_with_trigger.py
[2023-10-27 05:30:14,496] {processor.py:641} INFO - Processing file /home/airflow/.local/lib/python3.7/site-packages/airflow/example_dags/example_latest_only_with_trigger.py for tasks to queue
[2023-10-27 05:30:14,496] {logging_mixin.py:115} INFO - [2023-10-27 05:30:14,496] {dagbag.py:508} INFO - Filling up the DagBag from /home/airflow/.local/lib/python3.7/site-packages/airflow/example_dags/example_latest_only_with_trigger.py
[2023-10-27 05:30:14,503] {processor.py:651} INFO - DAG(s) dict_keys(['latest_only_with_trigger']) retrieved from /home/airflow/.local/lib/python3.7/site-packages/airflow/example_dags/example_latest_only_with_trigger.py
[2023-10-27 05:30:14,547] {logging_mixin.py:115} INFO - [2023-10-27 05:30:14,547] {dag.py:2420} INFO - Sync 1 DAGs
[2023-10-27 05:30:14,723] {logging_mixin.py:115} INFO - [2023-10-27 05:30:14,723] {dag.py:2972} INFO - Setting next_dagrun for latest_only_with_trigger to 2023-10-27T01:30:14.722971+00:00, run_after=2023-10-27T05:30:14.722971+00:00
[2023-10-27 05:30:14,735] {processor.py:161} INFO - Processing /home/airflow/.local/lib/python3.7/site-packages/airflow/example_dags/example_latest_only_with_trigger.py took 0.245 seconds
[2023-10-27 05:30:44,807] {processor.py:153} INFO - Started process (PID=320) to work on /home/airflow/.local/lib/python3.7/site-packages/airflow/example_dags/example_latest_only_with_trigger.py
[2023-10-27 05:30:44,808] {processor.py:641} INFO - Processing file /home/airflow/.local/lib/python3.7/site-packages/airflow/example_dags/example_latest_only_with_trigger.py for tasks to queue
[2023-10-27 05:30:44,809] {logging_mixin.py:115} INFO - [2023-10-27 05:30:44,809] {dagbag.py:508} INFO - Filling up the DagBag from /home/airflow/.local/lib/python3.7/site-packages/airflow/example_dags/example_latest_only_with_trigger.py
[2023-10-27 05:30:44,816] {processor.py:651} INFO - DAG(s) dict_keys(['latest_only_with_trigger']) retrieved from /home/airflow/.local/lib/python3.7/site-packages/airflow/example_dags/example_latest_only_with_trigger.py
[2023-10-27 05:30:44,851] {logging_mixin.py:115} INFO - [2023-10-27 05:30:44,851] {dag.py:2420} INFO - Sync 1 DAGs
[2023-10-27 05:30:45,034] {logging_mixin.py:115} INFO - [2023-10-27 05:30:45,034] {dag.py:2972} INFO - Setting next_dagrun for latest_only_with_trigger to 2023-10-27T01:30:45.033892+00:00, run_after=2023-10-27T05:30:45.033892+00:00
[2023-10-27 05:30:45,047] {processor.py:161} INFO - Processing /home/airflow/.local/lib/python3.7/site-packages/airflow/example_dags/example_latest_only_with_trigger.py took 0.243 seconds
[2023-10-27 05:31:15,112] {processor.py:153} INFO - Started process (PID=383) to work on /home/airflow/.local/lib/python3.7/site-packages/airflow/example_dags/example_latest_only_with_trigger.py
[2023-10-27 05:31:15,112] {processor.py:641} INFO - Processing file /home/airflow/.local/lib/python3.7/site-packages/airflow/example_dags/example_latest_only_with_trigger.py for tasks to queue
[2023-10-27 05:31:15,113] {logging_mixin.py:115} INFO - [2023-10-27 05:31:15,113] {dagbag.py:508} INFO - Filling up the DagBag from /home/airflow/.local/lib/python3.7/site-packages/airflow/example_dags/example_latest_only_with_trigger.py
[2023-10-27 05:31:15,120] {processor.py:651} INFO - DAG(s) dict_keys(['latest_only_with_trigger']) retrieved from /home/airflow/.local/lib/python3.7/site-packages/airflow/example_dags/example_latest_only_with_trigger.py
[2023-10-27 05:31:15,154] {logging_mixin.py:115} INFO - [2023-10-27 05:31:15,154] {dag.py:2420} INFO - Sync 1 DAGs
[2023-10-27 05:31:15,333] {logging_mixin.py:115} INFO - [2023-10-27 05:31:15,333] {dag.py:2972} INFO - Setting next_dagrun for latest_only_with_trigger to 2023-10-27T01:31:15.333385+00:00, run_after=2023-10-27T05:31:15.333385+00:00
[2023-10-27 05:31:15,347] {processor.py:161} INFO - Processing /home/airflow/.local/lib/python3.7/site-packages/airflow/example_dags/example_latest_only_with_trigger.py took 0.239 seconds
[2023-10-27 05:31:46,024] {processor.py:153} INFO - Started process (PID=435) to work on /home/airflow/.local/lib/python3.7/site-packages/airflow/example_dags/example_latest_only_with_trigger.py
[2023-10-27 05:31:46,024] {processor.py:641} INFO - Processing file /home/airflow/.local/lib/python3.7/site-packages/airflow/example_dags/example_latest_only_with_trigger.py for tasks to queue
[2023-10-27 05:31:46,025] {logging_mixin.py:115} INFO - [2023-10-27 05:31:46,025] {dagbag.py:508} INFO - Filling up the DagBag from /home/airflow/.local/lib/python3.7/site-packages/airflow/example_dags/example_latest_only_with_trigger.py
[2023-10-27 05:31:46,031] {processor.py:651} INFO - DAG(s) dict_keys(['latest_only_with_trigger']) retrieved from /home/airflow/.local/lib/python3.7/site-packages/airflow/example_dags/example_latest_only_with_trigger.py
[2023-10-27 05:31:46,067] {logging_mixin.py:115} INFO - [2023-10-27 05:31:46,067] {dag.py:2420} INFO - Sync 1 DAGs
[2023-10-27 05:31:46,254] {logging_mixin.py:115} INFO - [2023-10-27 05:31:46,254] {dag.py:2972} INFO - Setting next_dagrun for latest_only_with_trigger to 2023-10-27T01:31:46.253947+00:00, run_after=2023-10-27T05:31:46.253947+00:00
[2023-10-27 05:31:46,266] {processor.py:161} INFO - Processing /home/airflow/.local/lib/python3.7/site-packages/airflow/example_dags/example_latest_only_with_trigger.py took 0.246 seconds
[2023-10-27 05:32:16,358] {processor.py:153} INFO - Started process (PID=496) to work on /home/airflow/.local/lib/python3.7/site-packages/airflow/example_dags/example_latest_only_with_trigger.py
[2023-10-27 05:32:16,359] {processor.py:641} INFO - Processing file /home/airflow/.local/lib/python3.7/site-packages/airflow/example_dags/example_latest_only_with_trigger.py for tasks to queue
[2023-10-27 05:32:16,359] {logging_mixin.py:115} INFO - [2023-10-27 05:32:16,359] {dagbag.py:508} INFO - Filling up the DagBag from /home/airflow/.local/lib/python3.7/site-packages/airflow/example_dags/example_latest_only_with_trigger.py
[2023-10-27 05:32:16,366] {processor.py:651} INFO - DAG(s) dict_keys(['latest_only_with_trigger']) retrieved from /home/airflow/.local/lib/python3.7/site-packages/airflow/example_dags/example_latest_only_with_trigger.py
[2023-10-27 05:32:16,402] {logging_mixin.py:115} INFO - [2023-10-27 05:32:16,402] {dag.py:2420} INFO - Sync 1 DAGs
[2023-10-27 05:32:16,584] {logging_mixin.py:115} INFO - [2023-10-27 05:32:16,584] {dag.py:2972} INFO - Setting next_dagrun for latest_only_with_trigger to 2023-10-27T01:32:16.584109+00:00, run_after=2023-10-27T05:32:16.584109+00:00
[2023-10-27 05:32:16,598] {processor.py:161} INFO - Processing /home/airflow/.local/lib/python3.7/site-packages/airflow/example_dags/example_latest_only_with_trigger.py took 0.245 seconds
[2023-10-27 05:32:46,756] {processor.py:153} INFO - Started process (PID=557) to work on /home/airflow/.local/lib/python3.7/site-packages/airflow/example_dags/example_latest_only_with_trigger.py
[2023-10-27 05:32:46,757] {processor.py:641} INFO - Processing file /home/airflow/.local/lib/python3.7/site-packages/airflow/example_dags/example_latest_only_with_trigger.py for tasks to queue
[2023-10-27 05:32:46,758] {logging_mixin.py:115} INFO - [2023-10-27 05:32:46,757] {dagbag.py:508} INFO - Filling up the DagBag from /home/airflow/.local/lib/python3.7/site-packages/airflow/example_dags/example_latest_only_with_trigger.py
[2023-10-27 05:32:46,771] {processor.py:651} INFO - DAG(s) dict_keys(['latest_only_with_trigger']) retrieved from /home/airflow/.local/lib/python3.7/site-packages/airflow/example_dags/example_latest_only_with_trigger.py
[2023-10-27 05:32:46,808] {logging_mixin.py:115} INFO - [2023-10-27 05:32:46,808] {dag.py:2420} INFO - Sync 1 DAGs
[2023-10-27 05:32:47,007] {logging_mixin.py:115} INFO - [2023-10-27 05:32:47,007] {dag.py:2972} INFO - Setting next_dagrun for latest_only_with_trigger to 2023-10-27T01:32:47.006727+00:00, run_after=2023-10-27T05:32:47.006727+00:00
[2023-10-27 05:32:47,019] {processor.py:161} INFO - Processing /home/airflow/.local/lib/python3.7/site-packages/airflow/example_dags/example_latest_only_with_trigger.py took 0.268 seconds
[2023-10-27 05:33:17,083] {processor.py:153} INFO - Started process (PID=609) to work on /home/airflow/.local/lib/python3.7/site-packages/airflow/example_dags/example_latest_only_with_trigger.py
[2023-10-27 05:33:17,084] {processor.py:641} INFO - Processing file /home/airflow/.local/lib/python3.7/site-packages/airflow/example_dags/example_latest_only_with_trigger.py for tasks to queue
[2023-10-27 05:33:17,085] {logging_mixin.py:115} INFO - [2023-10-27 05:33:17,085] {dagbag.py:508} INFO - Filling up the DagBag from /home/airflow/.local/lib/python3.7/site-packages/airflow/example_dags/example_latest_only_with_trigger.py
[2023-10-27 05:33:17,092] {processor.py:651} INFO - DAG(s) dict_keys(['latest_only_with_trigger']) retrieved from /home/airflow/.local/lib/python3.7/site-packages/airflow/example_dags/example_latest_only_with_trigger.py
[2023-10-27 05:33:17,126] {logging_mixin.py:115} INFO - [2023-10-27 05:33:17,126] {dag.py:2420} INFO - Sync 1 DAGs
[2023-10-27 05:33:17,304] {logging_mixin.py:115} INFO - [2023-10-27 05:33:17,304] {dag.py:2972} INFO - Setting next_dagrun for latest_only_with_trigger to 2023-10-27T01:33:17.303938+00:00, run_after=2023-10-27T05:33:17.303938+00:00
[2023-10-27 05:33:17,316] {processor.py:161} INFO - Processing /home/airflow/.local/lib/python3.7/site-packages/airflow/example_dags/example_latest_only_with_trigger.py took 0.237 seconds
[2023-10-27 05:33:47,867] {processor.py:153} INFO - Started process (PID=670) to work on /home/airflow/.local/lib/python3.7/site-packages/airflow/example_dags/example_latest_only_with_trigger.py
[2023-10-27 05:33:47,868] {processor.py:641} INFO - Processing file /home/airflow/.local/lib/python3.7/site-packages/airflow/example_dags/example_latest_only_with_trigger.py for tasks to queue
[2023-10-27 05:33:47,868] {logging_mixin.py:115} INFO - [2023-10-27 05:33:47,868] {dagbag.py:508} INFO - Filling up the DagBag from /home/airflow/.local/lib/python3.7/site-packages/airflow/example_dags/example_latest_only_with_trigger.py
[2023-10-27 05:33:47,875] {processor.py:651} INFO - DAG(s) dict_keys(['latest_only_with_trigger']) retrieved from /home/airflow/.local/lib/python3.7/site-packages/airflow/example_dags/example_latest_only_with_trigger.py
[2023-10-27 05:33:47,932] {logging_mixin.py:115} INFO - [2023-10-27 05:33:47,932] {dag.py:2420} INFO - Sync 1 DAGs
[2023-10-27 05:33:48,112] {logging_mixin.py:115} INFO - [2023-10-27 05:33:48,112] {dag.py:2972} INFO - Setting next_dagrun for latest_only_with_trigger to 2023-10-27T01:33:48.112069+00:00, run_after=2023-10-27T05:33:48.112069+00:00
[2023-10-27 05:33:48,124] {processor.py:161} INFO - Processing /home/airflow/.local/lib/python3.7/site-packages/airflow/example_dags/example_latest_only_with_trigger.py took 0.262 seconds
[2023-10-27 05:34:18,702] {processor.py:153} INFO - Started process (PID=723) to work on /home/airflow/.local/lib/python3.7/site-packages/airflow/example_dags/example_latest_only_with_trigger.py
[2023-10-27 05:34:18,703] {processor.py:641} INFO - Processing file /home/airflow/.local/lib/python3.7/site-packages/airflow/example_dags/example_latest_only_with_trigger.py for tasks to queue
[2023-10-27 05:34:18,703] {logging_mixin.py:115} INFO - [2023-10-27 05:34:18,703] {dagbag.py:508} INFO - Filling up the DagBag from /home/airflow/.local/lib/python3.7/site-packages/airflow/example_dags/example_latest_only_with_trigger.py
[2023-10-27 05:34:18,710] {processor.py:651} INFO - DAG(s) dict_keys(['latest_only_with_trigger']) retrieved from /home/airflow/.local/lib/python3.7/site-packages/airflow/example_dags/example_latest_only_with_trigger.py
[2023-10-27 05:34:18,746] {logging_mixin.py:115} INFO - [2023-10-27 05:34:18,746] {dag.py:2420} INFO - Sync 1 DAGs
[2023-10-27 05:34:18,935] {logging_mixin.py:115} INFO - [2023-10-27 05:34:18,935] {dag.py:2972} INFO - Setting next_dagrun for latest_only_with_trigger to 2023-10-27T01:34:18.935498+00:00, run_after=2023-10-27T05:34:18.935498+00:00
[2023-10-27 05:34:18,949] {processor.py:161} INFO - Processing /home/airflow/.local/lib/python3.7/site-packages/airflow/example_dags/example_latest_only_with_trigger.py took 0.251 seconds
[2023-10-27 05:34:49,649] {processor.py:153} INFO - Started process (PID=784) to work on /home/airflow/.local/lib/python3.7/site-packages/airflow/example_dags/example_latest_only_with_trigger.py
[2023-10-27 05:34:49,649] {processor.py:641} INFO - Processing file /home/airflow/.local/lib/python3.7/site-packages/airflow/example_dags/example_latest_only_with_trigger.py for tasks to queue
[2023-10-27 05:34:49,650] {logging_mixin.py:115} INFO - [2023-10-27 05:34:49,650] {dagbag.py:508} INFO - Filling up the DagBag from /home/airflow/.local/lib/python3.7/site-packages/airflow/example_dags/example_latest_only_with_trigger.py
[2023-10-27 05:34:49,656] {processor.py:651} INFO - DAG(s) dict_keys(['latest_only_with_trigger']) retrieved from /home/airflow/.local/lib/python3.7/site-packages/airflow/example_dags/example_latest_only_with_trigger.py
[2023-10-27 05:34:49,691] {logging_mixin.py:115} INFO - [2023-10-27 05:34:49,691] {dag.py:2420} INFO - Sync 1 DAGs
[2023-10-27 05:34:49,867] {logging_mixin.py:115} INFO - [2023-10-27 05:34:49,866] {dag.py:2972} INFO - Setting next_dagrun for latest_only_with_trigger to 2023-10-27T01:34:49.866754+00:00, run_after=2023-10-27T05:34:49.866754+00:00
[2023-10-27 05:34:49,880] {processor.py:161} INFO - Processing /home/airflow/.local/lib/python3.7/site-packages/airflow/example_dags/example_latest_only_with_trigger.py took 0.235 seconds
[2023-10-27 05:35:19,961] {processor.py:153} INFO - Started process (PID=845) to work on /home/airflow/.local/lib/python3.7/site-packages/airflow/example_dags/example_latest_only_with_trigger.py
[2023-10-27 05:35:19,962] {processor.py:641} INFO - Processing file /home/airflow/.local/lib/python3.7/site-packages/airflow/example_dags/example_latest_only_with_trigger.py for tasks to queue
[2023-10-27 05:35:19,963] {logging_mixin.py:115} INFO - [2023-10-27 05:35:19,963] {dagbag.py:508} INFO - Filling up the DagBag from /home/airflow/.local/lib/python3.7/site-packages/airflow/example_dags/example_latest_only_with_trigger.py
[2023-10-27 05:35:19,970] {processor.py:651} INFO - DAG(s) dict_keys(['latest_only_with_trigger']) retrieved from /home/airflow/.local/lib/python3.7/site-packages/airflow/example_dags/example_latest_only_with_trigger.py
[2023-10-27 05:35:20,008] {logging_mixin.py:115} INFO - [2023-10-27 05:35:20,008] {dag.py:2420} INFO - Sync 1 DAGs
[2023-10-27 05:35:20,192] {logging_mixin.py:115} INFO - [2023-10-27 05:35:20,192] {dag.py:2972} INFO - Setting next_dagrun for latest_only_with_trigger to 2023-10-27T01:35:20.191985+00:00, run_after=2023-10-27T05:35:20.191985+00:00
[2023-10-27 05:35:20,204] {processor.py:161} INFO - Processing /home/airflow/.local/lib/python3.7/site-packages/airflow/example_dags/example_latest_only_with_trigger.py took 0.247 seconds
[2023-10-27 05:35:50,251] {processor.py:153} INFO - Started process (PID=897) to work on /home/airflow/.local/lib/python3.7/site-packages/airflow/example_dags/example_latest_only_with_trigger.py
[2023-10-27 05:35:50,252] {processor.py:641} INFO - Processing file /home/airflow/.local/lib/python3.7/site-packages/airflow/example_dags/example_latest_only_with_trigger.py for tasks to queue
[2023-10-27 05:35:50,253] {logging_mixin.py:115} INFO - [2023-10-27 05:35:50,253] {dagbag.py:508} INFO - Filling up the DagBag from /home/airflow/.local/lib/python3.7/site-packages/airflow/example_dags/example_latest_only_with_trigger.py
[2023-10-27 05:35:50,259] {processor.py:651} INFO - DAG(s) dict_keys(['latest_only_with_trigger']) retrieved from /home/airflow/.local/lib/python3.7/site-packages/airflow/example_dags/example_latest_only_with_trigger.py
[2023-10-27 05:35:50,295] {logging_mixin.py:115} INFO - [2023-10-27 05:35:50,295] {dag.py:2420} INFO - Sync 1 DAGs
[2023-10-27 05:35:50,478] {logging_mixin.py:115} INFO - [2023-10-27 05:35:50,478] {dag.py:2972} INFO - Setting next_dagrun for latest_only_with_trigger to 2023-10-27T01:35:50.478196+00:00, run_after=2023-10-27T05:35:50.478196+00:00
[2023-10-27 05:35:50,490] {processor.py:161} INFO - Processing /home/airflow/.local/lib/python3.7/site-packages/airflow/example_dags/example_latest_only_with_trigger.py took 0.243 seconds
[2023-10-27 05:36:20,592] {processor.py:153} INFO - Started process (PID=958) to work on /home/airflow/.local/lib/python3.7/site-packages/airflow/example_dags/example_latest_only_with_trigger.py
[2023-10-27 05:36:20,592] {processor.py:641} INFO - Processing file /home/airflow/.local/lib/python3.7/site-packages/airflow/example_dags/example_latest_only_with_trigger.py for tasks to queue
[2023-10-27 05:36:20,593] {logging_mixin.py:115} INFO - [2023-10-27 05:36:20,593] {dagbag.py:508} INFO - Filling up the DagBag from /home/airflow/.local/lib/python3.7/site-packages/airflow/example_dags/example_latest_only_with_trigger.py
[2023-10-27 05:36:20,600] {processor.py:651} INFO - DAG(s) dict_keys(['latest_only_with_trigger']) retrieved from /home/airflow/.local/lib/python3.7/site-packages/airflow/example_dags/example_latest_only_with_trigger.py
[2023-10-27 05:36:25,645] {logging_mixin.py:115} INFO - [2023-10-27 05:36:25,645] {dag.py:2420} INFO - Sync 1 DAGs
[2023-10-27 05:36:25,838] {logging_mixin.py:115} INFO - [2023-10-27 05:36:25,838] {dag.py:2972} INFO - Setting next_dagrun for latest_only_with_trigger to 2023-10-27T01:36:25.838381+00:00, run_after=2023-10-27T05:36:25.838381+00:00
[2023-10-27 05:36:25,853] {processor.py:161} INFO - Processing /home/airflow/.local/lib/python3.7/site-packages/airflow/example_dags/example_latest_only_with_trigger.py took 5.266 seconds
[2023-10-27 05:36:56,515] {processor.py:153} INFO - Started process (PID=1019) to work on /home/airflow/.local/lib/python3.7/site-packages/airflow/example_dags/example_latest_only_with_trigger.py
[2023-10-27 05:36:56,516] {processor.py:641} INFO - Processing file /home/airflow/.local/lib/python3.7/site-packages/airflow/example_dags/example_latest_only_with_trigger.py for tasks to queue
[2023-10-27 05:36:56,517] {logging_mixin.py:115} INFO - [2023-10-27 05:36:56,517] {dagbag.py:508} INFO - Filling up the DagBag from /home/airflow/.local/lib/python3.7/site-packages/airflow/example_dags/example_latest_only_with_trigger.py
[2023-10-27 05:36:56,524] {processor.py:651} INFO - DAG(s) dict_keys(['latest_only_with_trigger']) retrieved from /home/airflow/.local/lib/python3.7/site-packages/airflow/example_dags/example_latest_only_with_trigger.py
[2023-10-27 05:36:56,559] {logging_mixin.py:115} INFO - [2023-10-27 05:36:56,559] {dag.py:2420} INFO - Sync 1 DAGs
[2023-10-27 05:36:56,744] {logging_mixin.py:115} INFO - [2023-10-27 05:36:56,743] {dag.py:2972} INFO - Setting next_dagrun for latest_only_with_trigger to 2023-10-27T01:36:56.743681+00:00, run_after=2023-10-27T05:36:56.743681+00:00
[2023-10-27 05:36:56,756] {processor.py:161} INFO - Processing /home/airflow/.local/lib/python3.7/site-packages/airflow/example_dags/example_latest_only_with_trigger.py took 0.246 seconds
[2023-10-27 05:37:26,814] {processor.py:153} INFO - Started process (PID=1080) to work on /home/airflow/.local/lib/python3.7/site-packages/airflow/example_dags/example_latest_only_with_trigger.py
[2023-10-27 05:37:26,815] {processor.py:641} INFO - Processing file /home/airflow/.local/lib/python3.7/site-packages/airflow/example_dags/example_latest_only_with_trigger.py for tasks to queue
[2023-10-27 05:37:26,816] {logging_mixin.py:115} INFO - [2023-10-27 05:37:26,816] {dagbag.py:508} INFO - Filling up the DagBag from /home/airflow/.local/lib/python3.7/site-packages/airflow/example_dags/example_latest_only_with_trigger.py
[2023-10-27 05:37:26,826] {processor.py:651} INFO - DAG(s) dict_keys(['latest_only_with_trigger']) retrieved from /home/airflow/.local/lib/python3.7/site-packages/airflow/example_dags/example_latest_only_with_trigger.py
[2023-10-27 05:37:26,867] {logging_mixin.py:115} INFO - [2023-10-27 05:37:26,867] {dag.py:2420} INFO - Sync 1 DAGs
[2023-10-27 05:37:27,057] {logging_mixin.py:115} INFO - [2023-10-27 05:37:27,056] {dag.py:2972} INFO - Setting next_dagrun for latest_only_with_trigger to 2023-10-27T01:37:27.056671+00:00, run_after=2023-10-27T05:37:27.056671+00:00
[2023-10-27 05:37:27,070] {processor.py:161} INFO - Processing /home/airflow/.local/lib/python3.7/site-packages/airflow/example_dags/example_latest_only_with_trigger.py took 0.261 seconds
[2023-10-27 05:37:57,762] {processor.py:153} INFO - Started process (PID=1132) to work on /home/airflow/.local/lib/python3.7/site-packages/airflow/example_dags/example_latest_only_with_trigger.py
[2023-10-27 05:37:57,763] {processor.py:641} INFO - Processing file /home/airflow/.local/lib/python3.7/site-packages/airflow/example_dags/example_latest_only_with_trigger.py for tasks to queue
[2023-10-27 05:37:57,764] {logging_mixin.py:115} INFO - [2023-10-27 05:37:57,764] {dagbag.py:508} INFO - Filling up the DagBag from /home/airflow/.local/lib/python3.7/site-packages/airflow/example_dags/example_latest_only_with_trigger.py
[2023-10-27 05:37:57,770] {processor.py:651} INFO - DAG(s) dict_keys(['latest_only_with_trigger']) retrieved from /home/airflow/.local/lib/python3.7/site-packages/airflow/example_dags/example_latest_only_with_trigger.py
[2023-10-27 05:37:57,808] {logging_mixin.py:115} INFO - [2023-10-27 05:37:57,808] {dag.py:2420} INFO - Sync 1 DAGs
[2023-10-27 05:37:57,998] {logging_mixin.py:115} INFO - [2023-10-27 05:37:57,998] {dag.py:2972} INFO - Setting next_dagrun for latest_only_with_trigger to 2023-10-27T01:37:57.998587+00:00, run_after=2023-10-27T05:37:57.998587+00:00
[2023-10-27 05:37:58,011] {processor.py:161} INFO - Processing /home/airflow/.local/lib/python3.7/site-packages/airflow/example_dags/example_latest_only_with_trigger.py took 0.253 seconds
[2023-10-27 05:38:28,233] {processor.py:153} INFO - Started process (PID=1194) to work on /home/airflow/.local/lib/python3.7/site-packages/airflow/example_dags/example_latest_only_with_trigger.py
[2023-10-27 05:38:28,234] {processor.py:641} INFO - Processing file /home/airflow/.local/lib/python3.7/site-packages/airflow/example_dags/example_latest_only_with_trigger.py for tasks to queue
[2023-10-27 05:38:28,235] {logging_mixin.py:115} INFO - [2023-10-27 05:38:28,235] {dagbag.py:508} INFO - Filling up the DagBag from /home/airflow/.local/lib/python3.7/site-packages/airflow/example_dags/example_latest_only_with_trigger.py
[2023-10-27 05:38:28,242] {processor.py:651} INFO - DAG(s) dict_keys(['latest_only_with_trigger']) retrieved from /home/airflow/.local/lib/python3.7/site-packages/airflow/example_dags/example_latest_only_with_trigger.py
[2023-10-27 05:38:28,278] {logging_mixin.py:115} INFO - [2023-10-27 05:38:28,278] {dag.py:2420} INFO - Sync 1 DAGs
[2023-10-27 05:38:28,459] {logging_mixin.py:115} INFO - [2023-10-27 05:38:28,459] {dag.py:2972} INFO - Setting next_dagrun for latest_only_with_trigger to 2023-10-27T01:38:28.459235+00:00, run_after=2023-10-27T05:38:28.459235+00:00
[2023-10-27 05:38:28,471] {processor.py:161} INFO - Processing /home/airflow/.local/lib/python3.7/site-packages/airflow/example_dags/example_latest_only_with_trigger.py took 0.242 seconds
[2023-10-27 05:38:58,579] {processor.py:153} INFO - Started process (PID=1246) to work on /home/airflow/.local/lib/python3.7/site-packages/airflow/example_dags/example_latest_only_with_trigger.py
[2023-10-27 05:38:58,580] {processor.py:641} INFO - Processing file /home/airflow/.local/lib/python3.7/site-packages/airflow/example_dags/example_latest_only_with_trigger.py for tasks to queue
[2023-10-27 05:38:58,580] {logging_mixin.py:115} INFO - [2023-10-27 05:38:58,580] {dagbag.py:508} INFO - Filling up the DagBag from /home/airflow/.local/lib/python3.7/site-packages/airflow/example_dags/example_latest_only_with_trigger.py
[2023-10-27 05:38:58,588] {processor.py:651} INFO - DAG(s) dict_keys(['latest_only_with_trigger']) retrieved from /home/airflow/.local/lib/python3.7/site-packages/airflow/example_dags/example_latest_only_with_trigger.py
[2023-10-27 05:38:58,634] {logging_mixin.py:115} INFO - [2023-10-27 05:38:58,634] {dag.py:2420} INFO - Sync 1 DAGs
[2023-10-27 05:38:58,914] {logging_mixin.py:115} INFO - [2023-10-27 05:38:58,914] {dag.py:2972} INFO - Setting next_dagrun for latest_only_with_trigger to 2023-10-27T01:38:58.914543+00:00, run_after=2023-10-27T05:38:58.914543+00:00
[2023-10-27 05:38:58,962] {processor.py:161} INFO - Processing /home/airflow/.local/lib/python3.7/site-packages/airflow/example_dags/example_latest_only_with_trigger.py took 0.387 seconds
[2023-10-27 05:39:28,994] {processor.py:153} INFO - Started process (PID=1307) to work on /home/airflow/.local/lib/python3.7/site-packages/airflow/example_dags/example_latest_only_with_trigger.py
[2023-10-27 05:39:28,995] {processor.py:641} INFO - Processing file /home/airflow/.local/lib/python3.7/site-packages/airflow/example_dags/example_latest_only_with_trigger.py for tasks to queue
[2023-10-27 05:39:28,996] {logging_mixin.py:115} INFO - [2023-10-27 05:39:28,996] {dagbag.py:508} INFO - Filling up the DagBag from /home/airflow/.local/lib/python3.7/site-packages/airflow/example_dags/example_latest_only_with_trigger.py
[2023-10-27 05:39:29,005] {processor.py:651} INFO - DAG(s) dict_keys(['latest_only_with_trigger']) retrieved from /home/airflow/.local/lib/python3.7/site-packages/airflow/example_dags/example_latest_only_with_trigger.py
[2023-10-27 05:39:29,043] {logging_mixin.py:115} INFO - [2023-10-27 05:39:29,042] {dag.py:2420} INFO - Sync 1 DAGs
[2023-10-27 05:39:29,256] {logging_mixin.py:115} INFO - [2023-10-27 05:39:29,255] {dag.py:2972} INFO - Setting next_dagrun for latest_only_with_trigger to 2023-10-27T01:39:29.255710+00:00, run_after=2023-10-27T05:39:29.255710+00:00
[2023-10-27 05:39:29,268] {processor.py:161} INFO - Processing /home/airflow/.local/lib/python3.7/site-packages/airflow/example_dags/example_latest_only_with_trigger.py took 0.278 seconds
[2023-10-27 05:39:59,453] {processor.py:153} INFO - Started process (PID=1367) to work on /home/airflow/.local/lib/python3.7/site-packages/airflow/example_dags/example_latest_only_with_trigger.py
[2023-10-27 05:39:59,454] {processor.py:641} INFO - Processing file /home/airflow/.local/lib/python3.7/site-packages/airflow/example_dags/example_latest_only_with_trigger.py for tasks to queue
[2023-10-27 05:39:59,455] {logging_mixin.py:115} INFO - [2023-10-27 05:39:59,455] {dagbag.py:508} INFO - Filling up the DagBag from /home/airflow/.local/lib/python3.7/site-packages/airflow/example_dags/example_latest_only_with_trigger.py
[2023-10-27 05:39:59,462] {processor.py:651} INFO - DAG(s) dict_keys(['latest_only_with_trigger']) retrieved from /home/airflow/.local/lib/python3.7/site-packages/airflow/example_dags/example_latest_only_with_trigger.py
[2023-10-27 05:39:59,500] {logging_mixin.py:115} INFO - [2023-10-27 05:39:59,500] {dag.py:2420} INFO - Sync 1 DAGs
[2023-10-27 05:39:59,704] {logging_mixin.py:115} INFO - [2023-10-27 05:39:59,704] {dag.py:2972} INFO - Setting next_dagrun for latest_only_with_trigger to 2023-10-27T01:39:59.703988+00:00, run_after=2023-10-27T05:39:59.703988+00:00
[2023-10-27 05:39:59,716] {processor.py:161} INFO - Processing /home/airflow/.local/lib/python3.7/site-packages/airflow/example_dags/example_latest_only_with_trigger.py took 0.267 seconds
[2023-10-27 05:40:30,038] {processor.py:153} INFO - Started process (PID=1420) to work on /home/airflow/.local/lib/python3.7/site-packages/airflow/example_dags/example_latest_only_with_trigger.py
[2023-10-27 05:40:30,038] {processor.py:641} INFO - Processing file /home/airflow/.local/lib/python3.7/site-packages/airflow/example_dags/example_latest_only_with_trigger.py for tasks to queue
[2023-10-27 05:40:30,039] {logging_mixin.py:115} INFO - [2023-10-27 05:40:30,039] {dagbag.py:508} INFO - Filling up the DagBag from /home/airflow/.local/lib/python3.7/site-packages/airflow/example_dags/example_latest_only_with_trigger.py
[2023-10-27 05:40:30,046] {processor.py:651} INFO - DAG(s) dict_keys(['latest_only_with_trigger']) retrieved from /home/airflow/.local/lib/python3.7/site-packages/airflow/example_dags/example_latest_only_with_trigger.py
[2023-10-27 05:40:30,082] {logging_mixin.py:115} INFO - [2023-10-27 05:40:30,082] {dag.py:2420} INFO - Sync 1 DAGs
[2023-10-27 05:40:30,265] {logging_mixin.py:115} INFO - [2023-10-27 05:40:30,265] {dag.py:2972} INFO - Setting next_dagrun for latest_only_with_trigger to 2023-10-27T01:40:30.265188+00:00, run_after=2023-10-27T05:40:30.265188+00:00
[2023-10-27 05:40:30,277] {processor.py:161} INFO - Processing /home/airflow/.local/lib/python3.7/site-packages/airflow/example_dags/example_latest_only_with_trigger.py took 0.244 seconds
[2023-10-27 05:41:00,433] {processor.py:153} INFO - Started process (PID=1481) to work on /home/airflow/.local/lib/python3.7/site-packages/airflow/example_dags/example_latest_only_with_trigger.py
[2023-10-27 05:41:00,434] {processor.py:641} INFO - Processing file /home/airflow/.local/lib/python3.7/site-packages/airflow/example_dags/example_latest_only_with_trigger.py for tasks to queue
[2023-10-27 05:41:00,435] {logging_mixin.py:115} INFO - [2023-10-27 05:41:00,435] {dagbag.py:508} INFO - Filling up the DagBag from /home/airflow/.local/lib/python3.7/site-packages/airflow/example_dags/example_latest_only_with_trigger.py
[2023-10-27 05:41:00,443] {processor.py:651} INFO - DAG(s) dict_keys(['latest_only_with_trigger']) retrieved from /home/airflow/.local/lib/python3.7/site-packages/airflow/example_dags/example_latest_only_with_trigger.py
[2023-10-27 05:41:00,478] {logging_mixin.py:115} INFO - [2023-10-27 05:41:00,477] {dag.py:2420} INFO - Sync 1 DAGs
[2023-10-27 05:41:00,656] {logging_mixin.py:115} INFO - [2023-10-27 05:41:00,656] {dag.py:2972} INFO - Setting next_dagrun for latest_only_with_trigger to 2023-10-27T01:41:00.656525+00:00, run_after=2023-10-27T05:41:00.656525+00:00
[2023-10-27 05:41:00,669] {processor.py:161} INFO - Processing /home/airflow/.local/lib/python3.7/site-packages/airflow/example_dags/example_latest_only_with_trigger.py took 0.239 seconds
[2023-10-27 05:41:30,992] {processor.py:153} INFO - Started process (PID=1533) to work on /home/airflow/.local/lib/python3.7/site-packages/airflow/example_dags/example_latest_only_with_trigger.py
[2023-10-27 05:41:30,992] {processor.py:641} INFO - Processing file /home/airflow/.local/lib/python3.7/site-packages/airflow/example_dags/example_latest_only_with_trigger.py for tasks to queue
[2023-10-27 05:41:30,993] {logging_mixin.py:115} INFO - [2023-10-27 05:41:30,993] {dagbag.py:508} INFO - Filling up the DagBag from /home/airflow/.local/lib/python3.7/site-packages/airflow/example_dags/example_latest_only_with_trigger.py
[2023-10-27 05:41:31,001] {processor.py:651} INFO - DAG(s) dict_keys(['latest_only_with_trigger']) retrieved from /home/airflow/.local/lib/python3.7/site-packages/airflow/example_dags/example_latest_only_with_trigger.py
[2023-10-27 05:41:31,038] {logging_mixin.py:115} INFO - [2023-10-27 05:41:31,037] {dag.py:2420} INFO - Sync 1 DAGs
[2023-10-27 05:41:31,226] {logging_mixin.py:115} INFO - [2023-10-27 05:41:31,226] {dag.py:2972} INFO - Setting next_dagrun for latest_only_with_trigger to 2023-10-27T01:41:31.226297+00:00, run_after=2023-10-27T05:41:31.226297+00:00
[2023-10-27 05:41:31,239] {processor.py:161} INFO - Processing /home/airflow/.local/lib/python3.7/site-packages/airflow/example_dags/example_latest_only_with_trigger.py took 0.251 seconds
[2023-10-27 05:42:01,758] {processor.py:153} INFO - Started process (PID=1594) to work on /home/airflow/.local/lib/python3.7/site-packages/airflow/example_dags/example_latest_only_with_trigger.py
[2023-10-27 05:42:01,759] {processor.py:641} INFO - Processing file /home/airflow/.local/lib/python3.7/site-packages/airflow/example_dags/example_latest_only_with_trigger.py for tasks to queue
[2023-10-27 05:42:01,760] {logging_mixin.py:115} INFO - [2023-10-27 05:42:01,759] {dagbag.py:508} INFO - Filling up the DagBag from /home/airflow/.local/lib/python3.7/site-packages/airflow/example_dags/example_latest_only_with_trigger.py
[2023-10-27 05:42:01,767] {processor.py:651} INFO - DAG(s) dict_keys(['latest_only_with_trigger']) retrieved from /home/airflow/.local/lib/python3.7/site-packages/airflow/example_dags/example_latest_only_with_trigger.py
[2023-10-27 05:42:01,801] {logging_mixin.py:115} INFO - [2023-10-27 05:42:01,801] {dag.py:2420} INFO - Sync 1 DAGs
[2023-10-27 05:42:01,984] {logging_mixin.py:115} INFO - [2023-10-27 05:42:01,984] {dag.py:2972} INFO - Setting next_dagrun for latest_only_with_trigger to 2023-10-27T01:42:01.984607+00:00, run_after=2023-10-27T05:42:01.984607+00:00
[2023-10-27 05:42:01,997] {processor.py:161} INFO - Processing /home/airflow/.local/lib/python3.7/site-packages/airflow/example_dags/example_latest_only_with_trigger.py took 0.242 seconds
[2023-10-27 05:42:32,756] {processor.py:153} INFO - Started process (PID=1646) to work on /home/airflow/.local/lib/python3.7/site-packages/airflow/example_dags/example_latest_only_with_trigger.py
[2023-10-27 05:42:32,757] {processor.py:641} INFO - Processing file /home/airflow/.local/lib/python3.7/site-packages/airflow/example_dags/example_latest_only_with_trigger.py for tasks to queue
[2023-10-27 05:42:32,757] {logging_mixin.py:115} INFO - [2023-10-27 05:42:32,757] {dagbag.py:508} INFO - Filling up the DagBag from /home/airflow/.local/lib/python3.7/site-packages/airflow/example_dags/example_latest_only_with_trigger.py
[2023-10-27 05:42:32,765] {processor.py:651} INFO - DAG(s) dict_keys(['latest_only_with_trigger']) retrieved from /home/airflow/.local/lib/python3.7/site-packages/airflow/example_dags/example_latest_only_with_trigger.py
[2023-10-27 05:42:32,798] {logging_mixin.py:115} INFO - [2023-10-27 05:42:32,798] {dag.py:2420} INFO - Sync 1 DAGs
[2023-10-27 05:42:32,976] {logging_mixin.py:115} INFO - [2023-10-27 05:42:32,976] {dag.py:2972} INFO - Setting next_dagrun for latest_only_with_trigger to 2023-10-27T01:42:32.976395+00:00, run_after=2023-10-27T05:42:32.976395+00:00
[2023-10-27 05:42:32,988] {processor.py:161} INFO - Processing /home/airflow/.local/lib/python3.7/site-packages/airflow/example_dags/example_latest_only_with_trigger.py took 0.235 seconds
[2023-10-27 05:43:03,168] {processor.py:153} INFO - Started process (PID=1707) to work on /home/airflow/.local/lib/python3.7/site-packages/airflow/example_dags/example_latest_only_with_trigger.py
[2023-10-27 05:43:03,168] {processor.py:641} INFO - Processing file /home/airflow/.local/lib/python3.7/site-packages/airflow/example_dags/example_latest_only_with_trigger.py for tasks to queue
[2023-10-27 05:43:03,169] {logging_mixin.py:115} INFO - [2023-10-27 05:43:03,169] {dagbag.py:508} INFO - Filling up the DagBag from /home/airflow/.local/lib/python3.7/site-packages/airflow/example_dags/example_latest_only_with_trigger.py
[2023-10-27 05:43:03,176] {processor.py:651} INFO - DAG(s) dict_keys(['latest_only_with_trigger']) retrieved from /home/airflow/.local/lib/python3.7/site-packages/airflow/example_dags/example_latest_only_with_trigger.py
[2023-10-27 05:43:03,214] {logging_mixin.py:115} INFO - [2023-10-27 05:43:03,214] {dag.py:2420} INFO - Sync 1 DAGs
[2023-10-27 05:43:03,416] {logging_mixin.py:115} INFO - [2023-10-27 05:43:03,416] {dag.py:2972} INFO - Setting next_dagrun for latest_only_with_trigger to 2023-10-27T01:43:03.416427+00:00, run_after=2023-10-27T05:43:03.416427+00:00
[2023-10-27 05:43:03,429] {processor.py:161} INFO - Processing /home/airflow/.local/lib/python3.7/site-packages/airflow/example_dags/example_latest_only_with_trigger.py took 0.265 seconds
[2023-10-27 05:43:34,128] {processor.py:153} INFO - Started process (PID=1767) to work on /home/airflow/.local/lib/python3.7/site-packages/airflow/example_dags/example_latest_only_with_trigger.py
[2023-10-27 05:43:34,129] {processor.py:641} INFO - Processing file /home/airflow/.local/lib/python3.7/site-packages/airflow/example_dags/example_latest_only_with_trigger.py for tasks to queue
[2023-10-27 05:43:34,130] {logging_mixin.py:115} INFO - [2023-10-27 05:43:34,129] {dagbag.py:508} INFO - Filling up the DagBag from /home/airflow/.local/lib/python3.7/site-packages/airflow/example_dags/example_latest_only_with_trigger.py
[2023-10-27 05:43:34,137] {processor.py:651} INFO - DAG(s) dict_keys(['latest_only_with_trigger']) retrieved from /home/airflow/.local/lib/python3.7/site-packages/airflow/example_dags/example_latest_only_with_trigger.py
[2023-10-27 05:43:34,344] {logging_mixin.py:115} INFO - [2023-10-27 05:43:34,344] {dag.py:2420} INFO - Sync 1 DAGs
[2023-10-27 05:43:34,367] {logging_mixin.py:115} INFO - [2023-10-27 05:43:34,367] {dag.py:2972} INFO - Setting next_dagrun for latest_only_with_trigger to 2023-10-27T01:43:34.367357+00:00, run_after=2023-10-27T05:43:34.367357+00:00
[2023-10-27 05:43:34,380] {processor.py:161} INFO - Processing /home/airflow/.local/lib/python3.7/site-packages/airflow/example_dags/example_latest_only_with_trigger.py took 0.256 seconds
[2023-10-27 05:44:04,516] {processor.py:153} INFO - Started process (PID=1818) to work on /home/airflow/.local/lib/python3.7/site-packages/airflow/example_dags/example_latest_only_with_trigger.py
[2023-10-27 05:44:04,517] {processor.py:641} INFO - Processing file /home/airflow/.local/lib/python3.7/site-packages/airflow/example_dags/example_latest_only_with_trigger.py for tasks to queue
[2023-10-27 05:44:04,518] {logging_mixin.py:115} INFO - [2023-10-27 05:44:04,518] {dagbag.py:508} INFO - Filling up the DagBag from /home/airflow/.local/lib/python3.7/site-packages/airflow/example_dags/example_latest_only_with_trigger.py
[2023-10-27 05:44:04,524] {processor.py:651} INFO - DAG(s) dict_keys(['latest_only_with_trigger']) retrieved from /home/airflow/.local/lib/python3.7/site-packages/airflow/example_dags/example_latest_only_with_trigger.py
[2023-10-27 05:44:04,714] {logging_mixin.py:115} INFO - [2023-10-27 05:44:04,714] {dag.py:2420} INFO - Sync 1 DAGs
[2023-10-27 05:44:04,737] {logging_mixin.py:115} INFO - [2023-10-27 05:44:04,737] {dag.py:2972} INFO - Setting next_dagrun for latest_only_with_trigger to 2023-10-27T01:44:04.736982+00:00, run_after=2023-10-27T05:44:04.736982+00:00
[2023-10-27 05:44:04,749] {processor.py:161} INFO - Processing /home/airflow/.local/lib/python3.7/site-packages/airflow/example_dags/example_latest_only_with_trigger.py took 0.236 seconds
[2023-10-27 05:44:34,915] {processor.py:153} INFO - Started process (PID=1879) to work on /home/airflow/.local/lib/python3.7/site-packages/airflow/example_dags/example_latest_only_with_trigger.py
[2023-10-27 05:44:34,915] {processor.py:641} INFO - Processing file /home/airflow/.local/lib/python3.7/site-packages/airflow/example_dags/example_latest_only_with_trigger.py for tasks to queue
[2023-10-27 05:44:34,916] {logging_mixin.py:115} INFO - [2023-10-27 05:44:34,916] {dagbag.py:508} INFO - Filling up the DagBag from /home/airflow/.local/lib/python3.7/site-packages/airflow/example_dags/example_latest_only_with_trigger.py
[2023-10-27 05:44:34,923] {processor.py:651} INFO - DAG(s) dict_keys(['latest_only_with_trigger']) retrieved from /home/airflow/.local/lib/python3.7/site-packages/airflow/example_dags/example_latest_only_with_trigger.py
[2023-10-27 05:44:35,116] {logging_mixin.py:115} INFO - [2023-10-27 05:44:35,115] {dag.py:2420} INFO - Sync 1 DAGs
[2023-10-27 05:44:35,138] {logging_mixin.py:115} INFO - [2023-10-27 05:44:35,138] {dag.py:2972} INFO - Setting next_dagrun for latest_only_with_trigger to 2023-10-27T01:44:35.138413+00:00, run_after=2023-10-27T05:44:35.138413+00:00
[2023-10-27 05:44:35,150] {processor.py:161} INFO - Processing /home/airflow/.local/lib/python3.7/site-packages/airflow/example_dags/example_latest_only_with_trigger.py took 0.240 seconds
[2023-10-27 05:45:05,351] {processor.py:153} INFO - Started process (PID=1931) to work on /home/airflow/.local/lib/python3.7/site-packages/airflow/example_dags/example_latest_only_with_trigger.py
[2023-10-27 05:45:05,352] {processor.py:641} INFO - Processing file /home/airflow/.local/lib/python3.7/site-packages/airflow/example_dags/example_latest_only_with_trigger.py for tasks to queue
[2023-10-27 05:45:05,353] {logging_mixin.py:115} INFO - [2023-10-27 05:45:05,353] {dagbag.py:508} INFO - Filling up the DagBag from /home/airflow/.local/lib/python3.7/site-packages/airflow/example_dags/example_latest_only_with_trigger.py
[2023-10-27 05:45:05,360] {processor.py:651} INFO - DAG(s) dict_keys(['latest_only_with_trigger']) retrieved from /home/airflow/.local/lib/python3.7/site-packages/airflow/example_dags/example_latest_only_with_trigger.py
[2023-10-27 05:45:05,571] {logging_mixin.py:115} INFO - [2023-10-27 05:45:05,571] {dag.py:2420} INFO - Sync 1 DAGs
[2023-10-27 05:45:05,597] {logging_mixin.py:115} INFO - [2023-10-27 05:45:05,596] {dag.py:2972} INFO - Setting next_dagrun for latest_only_with_trigger to 2023-10-27T01:45:05.596730+00:00, run_after=2023-10-27T05:45:05.596730+00:00
[2023-10-27 05:45:05,610] {processor.py:161} INFO - Processing /home/airflow/.local/lib/python3.7/site-packages/airflow/example_dags/example_latest_only_with_trigger.py took 0.263 seconds
[2023-10-27 05:45:36,057] {processor.py:153} INFO - Started process (PID=1993) to work on /home/airflow/.local/lib/python3.7/site-packages/airflow/example_dags/example_latest_only_with_trigger.py
[2023-10-27 05:45:36,064] {processor.py:641} INFO - Processing file /home/airflow/.local/lib/python3.7/site-packages/airflow/example_dags/example_latest_only_with_trigger.py for tasks to queue
[2023-10-27 05:45:36,065] {logging_mixin.py:115} INFO - [2023-10-27 05:45:36,065] {dagbag.py:508} INFO - Filling up the DagBag from /home/airflow/.local/lib/python3.7/site-packages/airflow/example_dags/example_latest_only_with_trigger.py
[2023-10-27 05:45:36,075] {processor.py:651} INFO - DAG(s) dict_keys(['latest_only_with_trigger']) retrieved from /home/airflow/.local/lib/python3.7/site-packages/airflow/example_dags/example_latest_only_with_trigger.py
[2023-10-27 05:45:36,282] {logging_mixin.py:115} INFO - [2023-10-27 05:45:36,281] {dag.py:2420} INFO - Sync 1 DAGs
[2023-10-27 05:45:36,304] {logging_mixin.py:115} INFO - [2023-10-27 05:45:36,304] {dag.py:2972} INFO - Setting next_dagrun for latest_only_with_trigger to 2023-10-27T01:45:36.303924+00:00, run_after=2023-10-27T05:45:36.303924+00:00
[2023-10-27 05:45:36,315] {processor.py:161} INFO - Processing /home/airflow/.local/lib/python3.7/site-packages/airflow/example_dags/example_latest_only_with_trigger.py took 0.263 seconds
[2023-10-27 05:46:06,550] {processor.py:153} INFO - Started process (PID=2046) to work on /home/airflow/.local/lib/python3.7/site-packages/airflow/example_dags/example_latest_only_with_trigger.py
[2023-10-27 05:46:06,551] {processor.py:641} INFO - Processing file /home/airflow/.local/lib/python3.7/site-packages/airflow/example_dags/example_latest_only_with_trigger.py for tasks to queue
[2023-10-27 05:46:06,552] {logging_mixin.py:115} INFO - [2023-10-27 05:46:06,552] {dagbag.py:508} INFO - Filling up the DagBag from /home/airflow/.local/lib/python3.7/site-packages/airflow/example_dags/example_latest_only_with_trigger.py
[2023-10-27 05:46:06,559] {processor.py:651} INFO - DAG(s) dict_keys(['latest_only_with_trigger']) retrieved from /home/airflow/.local/lib/python3.7/site-packages/airflow/example_dags/example_latest_only_with_trigger.py
[2023-10-27 05:46:06,757] {logging_mixin.py:115} INFO - [2023-10-27 05:46:06,757] {dag.py:2420} INFO - Sync 1 DAGs
[2023-10-27 05:46:06,780] {logging_mixin.py:115} INFO - [2023-10-27 05:46:06,780] {dag.py:2972} INFO - Setting next_dagrun for latest_only_with_trigger to 2023-10-27T01:46:06.780224+00:00, run_after=2023-10-27T05:46:06.780224+00:00
[2023-10-27 05:46:06,792] {processor.py:161} INFO - Processing /home/airflow/.local/lib/python3.7/site-packages/airflow/example_dags/example_latest_only_with_trigger.py took 0.246 seconds
[2023-10-27 05:46:36,991] {processor.py:153} INFO - Started process (PID=2110) to work on /home/airflow/.local/lib/python3.7/site-packages/airflow/example_dags/example_latest_only_with_trigger.py
[2023-10-27 05:46:36,992] {processor.py:641} INFO - Processing file /home/airflow/.local/lib/python3.7/site-packages/airflow/example_dags/example_latest_only_with_trigger.py for tasks to queue
[2023-10-27 05:46:36,993] {logging_mixin.py:115} INFO - [2023-10-27 05:46:36,993] {dagbag.py:508} INFO - Filling up the DagBag from /home/airflow/.local/lib/python3.7/site-packages/airflow/example_dags/example_latest_only_with_trigger.py
[2023-10-27 05:46:36,999] {processor.py:651} INFO - DAG(s) dict_keys(['latest_only_with_trigger']) retrieved from /home/airflow/.local/lib/python3.7/site-packages/airflow/example_dags/example_latest_only_with_trigger.py
[2023-10-27 05:46:37,197] {logging_mixin.py:115} INFO - [2023-10-27 05:46:37,197] {dag.py:2420} INFO - Sync 1 DAGs
[2023-10-27 05:46:37,219] {logging_mixin.py:115} INFO - [2023-10-27 05:46:37,219] {dag.py:2972} INFO - Setting next_dagrun for latest_only_with_trigger to 2023-10-27T01:46:37.219503+00:00, run_after=2023-10-27T05:46:37.219503+00:00
[2023-10-27 05:46:37,231] {processor.py:161} INFO - Processing /home/airflow/.local/lib/python3.7/site-packages/airflow/example_dags/example_latest_only_with_trigger.py took 0.244 seconds
[2023-10-27 05:47:07,345] {processor.py:153} INFO - Started process (PID=2163) to work on /home/airflow/.local/lib/python3.7/site-packages/airflow/example_dags/example_latest_only_with_trigger.py
[2023-10-27 05:47:07,346] {processor.py:641} INFO - Processing file /home/airflow/.local/lib/python3.7/site-packages/airflow/example_dags/example_latest_only_with_trigger.py for tasks to queue
[2023-10-27 05:47:07,346] {logging_mixin.py:115} INFO - [2023-10-27 05:47:07,346] {dagbag.py:508} INFO - Filling up the DagBag from /home/airflow/.local/lib/python3.7/site-packages/airflow/example_dags/example_latest_only_with_trigger.py
[2023-10-27 05:47:07,353] {processor.py:651} INFO - DAG(s) dict_keys(['latest_only_with_trigger']) retrieved from /home/airflow/.local/lib/python3.7/site-packages/airflow/example_dags/example_latest_only_with_trigger.py
[2023-10-27 05:47:07,543] {logging_mixin.py:115} INFO - [2023-10-27 05:47:07,543] {dag.py:2420} INFO - Sync 1 DAGs
[2023-10-27 05:47:07,565] {logging_mixin.py:115} INFO - [2023-10-27 05:47:07,565] {dag.py:2972} INFO - Setting next_dagrun for latest_only_with_trigger to 2023-10-27T01:47:07.565165+00:00, run_after=2023-10-27T05:47:07.565165+00:00
[2023-10-27 05:47:07,577] {processor.py:161} INFO - Processing /home/airflow/.local/lib/python3.7/site-packages/airflow/example_dags/example_latest_only_with_trigger.py took 0.236 seconds
[2023-10-27 05:47:37,944] {processor.py:153} INFO - Started process (PID=2225) to work on /home/airflow/.local/lib/python3.7/site-packages/airflow/example_dags/example_latest_only_with_trigger.py
[2023-10-27 05:47:37,944] {processor.py:641} INFO - Processing file /home/airflow/.local/lib/python3.7/site-packages/airflow/example_dags/example_latest_only_with_trigger.py for tasks to queue
[2023-10-27 05:47:37,945] {logging_mixin.py:115} INFO - [2023-10-27 05:47:37,945] {dagbag.py:508} INFO - Filling up the DagBag from /home/airflow/.local/lib/python3.7/site-packages/airflow/example_dags/example_latest_only_with_trigger.py
[2023-10-27 05:47:37,952] {processor.py:651} INFO - DAG(s) dict_keys(['latest_only_with_trigger']) retrieved from /home/airflow/.local/lib/python3.7/site-packages/airflow/example_dags/example_latest_only_with_trigger.py
[2023-10-27 05:47:43,155] {logging_mixin.py:115} INFO - [2023-10-27 05:47:43,155] {dag.py:2420} INFO - Sync 1 DAGs
[2023-10-27 05:47:43,177] {logging_mixin.py:115} INFO - [2023-10-27 05:47:43,177] {dag.py:2972} INFO - Setting next_dagrun for latest_only_with_trigger to 2023-10-27T01:47:43.177546+00:00, run_after=2023-10-27T05:47:43.177546+00:00
[2023-10-27 05:47:43,189] {processor.py:161} INFO - Processing /home/airflow/.local/lib/python3.7/site-packages/airflow/example_dags/example_latest_only_with_trigger.py took 5.250 seconds
[2023-10-27 05:48:13,360] {processor.py:153} INFO - Started process (PID=2296) to work on /home/airflow/.local/lib/python3.7/site-packages/airflow/example_dags/example_latest_only_with_trigger.py
[2023-10-27 05:48:13,360] {processor.py:641} INFO - Processing file /home/airflow/.local/lib/python3.7/site-packages/airflow/example_dags/example_latest_only_with_trigger.py for tasks to queue
[2023-10-27 05:48:13,361] {logging_mixin.py:115} INFO - [2023-10-27 05:48:13,361] {dagbag.py:508} INFO - Filling up the DagBag from /home/airflow/.local/lib/python3.7/site-packages/airflow/example_dags/example_latest_only_with_trigger.py
[2023-10-27 05:48:13,368] {processor.py:651} INFO - DAG(s) dict_keys(['latest_only_with_trigger']) retrieved from /home/airflow/.local/lib/python3.7/site-packages/airflow/example_dags/example_latest_only_with_trigger.py
[2023-10-27 05:48:13,556] {logging_mixin.py:115} INFO - [2023-10-27 05:48:13,556] {dag.py:2420} INFO - Sync 1 DAGs
[2023-10-27 05:48:13,578] {logging_mixin.py:115} INFO - [2023-10-27 05:48:13,578] {dag.py:2972} INFO - Setting next_dagrun for latest_only_with_trigger to 2023-10-27T01:48:13.578388+00:00, run_after=2023-10-27T05:48:13.578388+00:00
[2023-10-27 05:48:13,591] {processor.py:161} INFO - Processing /home/airflow/.local/lib/python3.7/site-packages/airflow/example_dags/example_latest_only_with_trigger.py took 0.235 seconds
[2023-10-27 05:48:44,285] {processor.py:153} INFO - Started process (PID=2358) to work on /home/airflow/.local/lib/python3.7/site-packages/airflow/example_dags/example_latest_only_with_trigger.py
[2023-10-27 05:48:44,286] {processor.py:641} INFO - Processing file /home/airflow/.local/lib/python3.7/site-packages/airflow/example_dags/example_latest_only_with_trigger.py for tasks to queue
[2023-10-27 05:48:44,287] {logging_mixin.py:115} INFO - [2023-10-27 05:48:44,287] {dagbag.py:508} INFO - Filling up the DagBag from /home/airflow/.local/lib/python3.7/site-packages/airflow/example_dags/example_latest_only_with_trigger.py
[2023-10-27 05:48:44,299] {processor.py:651} INFO - DAG(s) dict_keys(['latest_only_with_trigger']) retrieved from /home/airflow/.local/lib/python3.7/site-packages/airflow/example_dags/example_latest_only_with_trigger.py
[2023-10-27 05:48:44,483] {logging_mixin.py:115} INFO - [2023-10-27 05:48:44,483] {dag.py:2420} INFO - Sync 1 DAGs
[2023-10-27 05:48:44,505] {logging_mixin.py:115} INFO - [2023-10-27 05:48:44,505] {dag.py:2972} INFO - Setting next_dagrun for latest_only_with_trigger to 2023-10-27T01:48:44.505453+00:00, run_after=2023-10-27T05:48:44.505453+00:00
[2023-10-27 05:48:44,517] {processor.py:161} INFO - Processing /home/airflow/.local/lib/python3.7/site-packages/airflow/example_dags/example_latest_only_with_trigger.py took 0.236 seconds
[2023-10-27 05:49:14,743] {processor.py:153} INFO - Started process (PID=2410) to work on /home/airflow/.local/lib/python3.7/site-packages/airflow/example_dags/example_latest_only_with_trigger.py
[2023-10-27 05:49:14,743] {processor.py:641} INFO - Processing file /home/airflow/.local/lib/python3.7/site-packages/airflow/example_dags/example_latest_only_with_trigger.py for tasks to queue
[2023-10-27 05:49:14,744] {logging_mixin.py:115} INFO - [2023-10-27 05:49:14,744] {dagbag.py:508} INFO - Filling up the DagBag from /home/airflow/.local/lib/python3.7/site-packages/airflow/example_dags/example_latest_only_with_trigger.py
[2023-10-27 05:49:14,755] {processor.py:651} INFO - DAG(s) dict_keys(['latest_only_with_trigger']) retrieved from /home/airflow/.local/lib/python3.7/site-packages/airflow/example_dags/example_latest_only_with_trigger.py
[2023-10-27 05:49:14,938] {logging_mixin.py:115} INFO - [2023-10-27 05:49:14,938] {dag.py:2420} INFO - Sync 1 DAGs
[2023-10-27 05:49:14,960] {logging_mixin.py:115} INFO - [2023-10-27 05:49:14,959] {dag.py:2972} INFO - Setting next_dagrun for latest_only_with_trigger to 2023-10-27T01:49:14.959609+00:00, run_after=2023-10-27T05:49:14.959609+00:00
[2023-10-27 05:49:14,972] {processor.py:161} INFO - Processing /home/airflow/.local/lib/python3.7/site-packages/airflow/example_dags/example_latest_only_with_trigger.py took 0.234 seconds
[2023-10-27 05:49:45,357] {processor.py:153} INFO - Started process (PID=2472) to work on /home/airflow/.local/lib/python3.7/site-packages/airflow/example_dags/example_latest_only_with_trigger.py
[2023-10-27 05:49:45,358] {processor.py:641} INFO - Processing file /home/airflow/.local/lib/python3.7/site-packages/airflow/example_dags/example_latest_only_with_trigger.py for tasks to queue
[2023-10-27 05:49:45,358] {logging_mixin.py:115} INFO - [2023-10-27 05:49:45,358] {dagbag.py:508} INFO - Filling up the DagBag from /home/airflow/.local/lib/python3.7/site-packages/airflow/example_dags/example_latest_only_with_trigger.py
[2023-10-27 05:49:45,370] {processor.py:651} INFO - DAG(s) dict_keys(['latest_only_with_trigger']) retrieved from /home/airflow/.local/lib/python3.7/site-packages/airflow/example_dags/example_latest_only_with_trigger.py
[2023-10-27 05:49:45,557] {logging_mixin.py:115} INFO - [2023-10-27 05:49:45,557] {dag.py:2420} INFO - Sync 1 DAGs
[2023-10-27 05:49:45,582] {logging_mixin.py:115} INFO - [2023-10-27 05:49:45,582] {dag.py:2972} INFO - Setting next_dagrun for latest_only_with_trigger to 2023-10-27T01:49:45.581964+00:00, run_after=2023-10-27T05:49:45.581964+00:00
[2023-10-27 05:49:45,594] {processor.py:161} INFO - Processing /home/airflow/.local/lib/python3.7/site-packages/airflow/example_dags/example_latest_only_with_trigger.py took 0.242 seconds
[2023-10-27 05:50:15,695] {processor.py:153} INFO - Started process (PID=2524) to work on /home/airflow/.local/lib/python3.7/site-packages/airflow/example_dags/example_latest_only_with_trigger.py
[2023-10-27 05:50:15,699] {processor.py:641} INFO - Processing file /home/airflow/.local/lib/python3.7/site-packages/airflow/example_dags/example_latest_only_with_trigger.py for tasks to queue
[2023-10-27 05:50:15,699] {logging_mixin.py:115} INFO - [2023-10-27 05:50:15,699] {dagbag.py:508} INFO - Filling up the DagBag from /home/airflow/.local/lib/python3.7/site-packages/airflow/example_dags/example_latest_only_with_trigger.py
[2023-10-27 05:50:15,714] {processor.py:651} INFO - DAG(s) dict_keys(['latest_only_with_trigger']) retrieved from /home/airflow/.local/lib/python3.7/site-packages/airflow/example_dags/example_latest_only_with_trigger.py
[2023-10-27 05:50:15,908] {logging_mixin.py:115} INFO - [2023-10-27 05:50:15,908] {dag.py:2420} INFO - Sync 1 DAGs
[2023-10-27 05:50:15,933] {logging_mixin.py:115} INFO - [2023-10-27 05:50:15,933] {dag.py:2972} INFO - Setting next_dagrun for latest_only_with_trigger to 2023-10-27T01:50:15.933279+00:00, run_after=2023-10-27T05:50:15.933279+00:00
[2023-10-27 05:50:15,946] {processor.py:161} INFO - Processing /home/airflow/.local/lib/python3.7/site-packages/airflow/example_dags/example_latest_only_with_trigger.py took 0.256 seconds
[2023-10-27 05:50:46,255] {processor.py:153} INFO - Started process (PID=2585) to work on /home/airflow/.local/lib/python3.7/site-packages/airflow/example_dags/example_latest_only_with_trigger.py
[2023-10-27 05:50:46,255] {processor.py:641} INFO - Processing file /home/airflow/.local/lib/python3.7/site-packages/airflow/example_dags/example_latest_only_with_trigger.py for tasks to queue
[2023-10-27 05:50:46,256] {logging_mixin.py:115} INFO - [2023-10-27 05:50:46,256] {dagbag.py:508} INFO - Filling up the DagBag from /home/airflow/.local/lib/python3.7/site-packages/airflow/example_dags/example_latest_only_with_trigger.py
[2023-10-27 05:50:46,266] {processor.py:651} INFO - DAG(s) dict_keys(['latest_only_with_trigger']) retrieved from /home/airflow/.local/lib/python3.7/site-packages/airflow/example_dags/example_latest_only_with_trigger.py
[2023-10-27 05:50:46,447] {logging_mixin.py:115} INFO - [2023-10-27 05:50:46,447] {dag.py:2420} INFO - Sync 1 DAGs
[2023-10-27 05:50:46,469] {logging_mixin.py:115} INFO - [2023-10-27 05:50:46,469] {dag.py:2972} INFO - Setting next_dagrun for latest_only_with_trigger to 2023-10-27T01:50:46.469321+00:00, run_after=2023-10-27T05:50:46.469321+00:00
[2023-10-27 05:50:46,482] {processor.py:161} INFO - Processing /home/airflow/.local/lib/python3.7/site-packages/airflow/example_dags/example_latest_only_with_trigger.py took 0.231 seconds
[2023-10-27 05:51:16,777] {processor.py:153} INFO - Started process (PID=2646) to work on /home/airflow/.local/lib/python3.7/site-packages/airflow/example_dags/example_latest_only_with_trigger.py
[2023-10-27 05:51:16,777] {processor.py:641} INFO - Processing file /home/airflow/.local/lib/python3.7/site-packages/airflow/example_dags/example_latest_only_with_trigger.py for tasks to queue
[2023-10-27 05:51:16,778] {logging_mixin.py:115} INFO - [2023-10-27 05:51:16,778] {dagbag.py:508} INFO - Filling up the DagBag from /home/airflow/.local/lib/python3.7/site-packages/airflow/example_dags/example_latest_only_with_trigger.py
[2023-10-27 05:51:16,789] {processor.py:651} INFO - DAG(s) dict_keys(['latest_only_with_trigger']) retrieved from /home/airflow/.local/lib/python3.7/site-packages/airflow/example_dags/example_latest_only_with_trigger.py
[2023-10-27 05:51:16,972] {logging_mixin.py:115} INFO - [2023-10-27 05:51:16,972] {dag.py:2420} INFO - Sync 1 DAGs
[2023-10-27 05:51:16,995] {logging_mixin.py:115} INFO - [2023-10-27 05:51:16,995] {dag.py:2972} INFO - Setting next_dagrun for latest_only_with_trigger to 2023-10-27T01:51:16.994970+00:00, run_after=2023-10-27T05:51:16.994970+00:00
[2023-10-27 05:51:17,008] {processor.py:161} INFO - Processing /home/airflow/.local/lib/python3.7/site-packages/airflow/example_dags/example_latest_only_with_trigger.py took 0.235 seconds
[2023-10-27 05:51:47,220] {processor.py:153} INFO - Started process (PID=2698) to work on /home/airflow/.local/lib/python3.7/site-packages/airflow/example_dags/example_latest_only_with_trigger.py
[2023-10-27 05:51:47,221] {processor.py:641} INFO - Processing file /home/airflow/.local/lib/python3.7/site-packages/airflow/example_dags/example_latest_only_with_trigger.py for tasks to queue
[2023-10-27 05:51:47,221] {logging_mixin.py:115} INFO - [2023-10-27 05:51:47,221] {dagbag.py:508} INFO - Filling up the DagBag from /home/airflow/.local/lib/python3.7/site-packages/airflow/example_dags/example_latest_only_with_trigger.py
[2023-10-27 05:51:47,232] {processor.py:651} INFO - DAG(s) dict_keys(['latest_only_with_trigger']) retrieved from /home/airflow/.local/lib/python3.7/site-packages/airflow/example_dags/example_latest_only_with_trigger.py
[2023-10-27 05:51:47,413] {logging_mixin.py:115} INFO - [2023-10-27 05:51:47,413] {dag.py:2420} INFO - Sync 1 DAGs
[2023-10-27 05:51:47,435] {logging_mixin.py:115} INFO - [2023-10-27 05:51:47,435] {dag.py:2972} INFO - Setting next_dagrun for latest_only_with_trigger to 2023-10-27T01:51:47.435085+00:00, run_after=2023-10-27T05:51:47.435085+00:00
[2023-10-27 05:51:47,447] {processor.py:161} INFO - Processing /home/airflow/.local/lib/python3.7/site-packages/airflow/example_dags/example_latest_only_with_trigger.py took 0.231 seconds
[2023-10-27 05:52:17,742] {processor.py:153} INFO - Started process (PID=2761) to work on /home/airflow/.local/lib/python3.7/site-packages/airflow/example_dags/example_latest_only_with_trigger.py
[2023-10-27 05:52:17,743] {processor.py:641} INFO - Processing file /home/airflow/.local/lib/python3.7/site-packages/airflow/example_dags/example_latest_only_with_trigger.py for tasks to queue
[2023-10-27 05:52:17,743] {logging_mixin.py:115} INFO - [2023-10-27 05:52:17,743] {dagbag.py:508} INFO - Filling up the DagBag from /home/airflow/.local/lib/python3.7/site-packages/airflow/example_dags/example_latest_only_with_trigger.py
[2023-10-27 05:52:17,754] {processor.py:651} INFO - DAG(s) dict_keys(['latest_only_with_trigger']) retrieved from /home/airflow/.local/lib/python3.7/site-packages/airflow/example_dags/example_latest_only_with_trigger.py
[2023-10-27 05:52:17,940] {logging_mixin.py:115} INFO - [2023-10-27 05:52:17,939] {dag.py:2420} INFO - Sync 1 DAGs
[2023-10-27 05:52:17,961] {logging_mixin.py:115} INFO - [2023-10-27 05:52:17,961] {dag.py:2972} INFO - Setting next_dagrun for latest_only_with_trigger to 2023-10-27T01:52:17.961440+00:00, run_after=2023-10-27T05:52:17.961440+00:00
[2023-10-27 05:52:17,973] {processor.py:161} INFO - Processing /home/airflow/.local/lib/python3.7/site-packages/airflow/example_dags/example_latest_only_with_trigger.py took 0.235 seconds
[2023-10-27 05:52:48,729] {processor.py:153} INFO - Started process (PID=2819) to work on /home/airflow/.local/lib/python3.7/site-packages/airflow/example_dags/example_latest_only_with_trigger.py
[2023-10-27 05:52:48,729] {processor.py:641} INFO - Processing file /home/airflow/.local/lib/python3.7/site-packages/airflow/example_dags/example_latest_only_with_trigger.py for tasks to queue
[2023-10-27 05:52:48,730] {logging_mixin.py:115} INFO - [2023-10-27 05:52:48,730] {dagbag.py:508} INFO - Filling up the DagBag from /home/airflow/.local/lib/python3.7/site-packages/airflow/example_dags/example_latest_only_with_trigger.py
[2023-10-27 05:52:48,760] {processor.py:651} INFO - DAG(s) dict_keys(['latest_only_with_trigger']) retrieved from /home/airflow/.local/lib/python3.7/site-packages/airflow/example_dags/example_latest_only_with_trigger.py
[2023-10-27 05:52:49,004] {logging_mixin.py:115} INFO - [2023-10-27 05:52:49,004] {dag.py:2420} INFO - Sync 1 DAGs
[2023-10-27 05:52:49,027] {logging_mixin.py:115} INFO - [2023-10-27 05:52:49,027] {dag.py:2972} INFO - Setting next_dagrun for latest_only_with_trigger to 2023-10-27T01:52:49.027076+00:00, run_after=2023-10-27T05:52:49.027076+00:00
[2023-10-27 05:52:49,042] {processor.py:161} INFO - Processing /home/airflow/.local/lib/python3.7/site-packages/airflow/example_dags/example_latest_only_with_trigger.py took 0.319 seconds
[2023-10-27 05:53:19,224] {processor.py:153} INFO - Started process (PID=2874) to work on /home/airflow/.local/lib/python3.7/site-packages/airflow/example_dags/example_latest_only_with_trigger.py
[2023-10-27 05:53:19,224] {processor.py:641} INFO - Processing file /home/airflow/.local/lib/python3.7/site-packages/airflow/example_dags/example_latest_only_with_trigger.py for tasks to queue
[2023-10-27 05:53:19,225] {logging_mixin.py:115} INFO - [2023-10-27 05:53:19,225] {dagbag.py:508} INFO - Filling up the DagBag from /home/airflow/.local/lib/python3.7/site-packages/airflow/example_dags/example_latest_only_with_trigger.py
[2023-10-27 05:53:19,231] {processor.py:651} INFO - DAG(s) dict_keys(['latest_only_with_trigger']) retrieved from /home/airflow/.local/lib/python3.7/site-packages/airflow/example_dags/example_latest_only_with_trigger.py
[2023-10-27 05:53:19,425] {logging_mixin.py:115} INFO - [2023-10-27 05:53:19,425] {dag.py:2420} INFO - Sync 1 DAGs
[2023-10-27 05:53:19,448] {logging_mixin.py:115} INFO - [2023-10-27 05:53:19,448] {dag.py:2972} INFO - Setting next_dagrun for latest_only_with_trigger to 2023-10-27T01:53:19.447864+00:00, run_after=2023-10-27T05:53:19.447864+00:00
[2023-10-27 05:53:19,460] {processor.py:161} INFO - Processing /home/airflow/.local/lib/python3.7/site-packages/airflow/example_dags/example_latest_only_with_trigger.py took 0.239 seconds
[2023-10-27 05:53:49,836] {processor.py:153} INFO - Started process (PID=2935) to work on /home/airflow/.local/lib/python3.7/site-packages/airflow/example_dags/example_latest_only_with_trigger.py
[2023-10-27 05:53:49,837] {processor.py:641} INFO - Processing file /home/airflow/.local/lib/python3.7/site-packages/airflow/example_dags/example_latest_only_with_trigger.py for tasks to queue
[2023-10-27 05:53:49,837] {logging_mixin.py:115} INFO - [2023-10-27 05:53:49,837] {dagbag.py:508} INFO - Filling up the DagBag from /home/airflow/.local/lib/python3.7/site-packages/airflow/example_dags/example_latest_only_with_trigger.py
[2023-10-27 05:53:49,844] {processor.py:651} INFO - DAG(s) dict_keys(['latest_only_with_trigger']) retrieved from /home/airflow/.local/lib/python3.7/site-packages/airflow/example_dags/example_latest_only_with_trigger.py
[2023-10-27 05:53:50,026] {logging_mixin.py:115} INFO - [2023-10-27 05:53:50,026] {dag.py:2420} INFO - Sync 1 DAGs
[2023-10-27 05:53:50,048] {logging_mixin.py:115} INFO - [2023-10-27 05:53:50,048] {dag.py:2972} INFO - Setting next_dagrun for latest_only_with_trigger to 2023-10-27T01:53:50.048391+00:00, run_after=2023-10-27T05:53:50.048391+00:00
[2023-10-27 05:53:50,060] {processor.py:161} INFO - Processing /home/airflow/.local/lib/python3.7/site-packages/airflow/example_dags/example_latest_only_with_trigger.py took 0.229 seconds
