[2023-10-27 05:19:32,224] {processor.py:153} INFO - Started process (PID=46) to work on /home/airflow/.local/lib/python3.7/site-packages/airflow/example_dags/tutorial_taskflow_api_etl_virtualenv.py
[2023-10-27 05:19:32,224] {processor.py:641} INFO - Processing file /home/airflow/.local/lib/python3.7/site-packages/airflow/example_dags/tutorial_taskflow_api_etl_virtualenv.py for tasks to queue
[2023-10-27 05:19:32,225] {logging_mixin.py:115} INFO - [2023-10-27 05:19:32,225] {dagbag.py:508} INFO - Filling up the DagBag from /home/airflow/.local/lib/python3.7/site-packages/airflow/example_dags/tutorial_taskflow_api_etl_virtualenv.py
[2023-10-27 05:19:32,253] {processor.py:651} INFO - DAG(s) dict_keys(['tutorial_taskflow_api_etl_virtualenv']) retrieved from /home/airflow/.local/lib/python3.7/site-packages/airflow/example_dags/tutorial_taskflow_api_etl_virtualenv.py
[2023-10-27 05:19:32,410] {logging_mixin.py:115} INFO - [2023-10-27 05:19:32,410] {manager.py:508} INFO - Created Permission View: can delete on DAG:tutorial_taskflow_api_etl_virtualenv
[2023-10-27 05:19:32,423] {logging_mixin.py:115} INFO - [2023-10-27 05:19:32,423] {manager.py:508} INFO - Created Permission View: can read on DAG:tutorial_taskflow_api_etl_virtualenv
[2023-10-27 05:19:32,437] {logging_mixin.py:115} INFO - [2023-10-27 05:19:32,437] {manager.py:508} INFO - Created Permission View: can edit on DAG:tutorial_taskflow_api_etl_virtualenv
[2023-10-27 05:19:32,437] {logging_mixin.py:115} INFO - [2023-10-27 05:19:32,437] {dag.py:2420} INFO - Sync 1 DAGs
[2023-10-27 05:19:32,451] {logging_mixin.py:115} INFO - [2023-10-27 05:19:32,450] {dag.py:2439} INFO - Creating ORM DAG for tutorial_taskflow_api_etl_virtualenv
[2023-10-27 05:19:32,471] {logging_mixin.py:115} INFO - [2023-10-27 05:19:32,471] {dag.py:2972} INFO - Setting next_dagrun for tutorial_taskflow_api_etl_virtualenv to None, run_after=None
[2023-10-27 05:19:32,497] {processor.py:161} INFO - Processing /home/airflow/.local/lib/python3.7/site-packages/airflow/example_dags/tutorial_taskflow_api_etl_virtualenv.py took 0.278 seconds
[2023-10-27 05:20:02,630] {processor.py:153} INFO - Started process (PID=109) to work on /home/airflow/.local/lib/python3.7/site-packages/airflow/example_dags/tutorial_taskflow_api_etl_virtualenv.py
[2023-10-27 05:20:02,630] {processor.py:641} INFO - Processing file /home/airflow/.local/lib/python3.7/site-packages/airflow/example_dags/tutorial_taskflow_api_etl_virtualenv.py for tasks to queue
[2023-10-27 05:20:02,631] {logging_mixin.py:115} INFO - [2023-10-27 05:20:02,631] {dagbag.py:508} INFO - Filling up the DagBag from /home/airflow/.local/lib/python3.7/site-packages/airflow/example_dags/tutorial_taskflow_api_etl_virtualenv.py
[2023-10-27 05:20:02,652] {processor.py:651} INFO - DAG(s) dict_keys(['tutorial_taskflow_api_etl_virtualenv']) retrieved from /home/airflow/.local/lib/python3.7/site-packages/airflow/example_dags/tutorial_taskflow_api_etl_virtualenv.py
[2023-10-27 05:20:02,732] {logging_mixin.py:115} INFO - [2023-10-27 05:20:02,731] {dag.py:2420} INFO - Sync 1 DAGs
[2023-10-27 05:20:02,757] {logging_mixin.py:115} INFO - [2023-10-27 05:20:02,757] {dag.py:2972} INFO - Setting next_dagrun for tutorial_taskflow_api_etl_virtualenv to None, run_after=None
[2023-10-27 05:20:02,773] {processor.py:161} INFO - Processing /home/airflow/.local/lib/python3.7/site-packages/airflow/example_dags/tutorial_taskflow_api_etl_virtualenv.py took 0.147 seconds
[2023-10-27 05:20:33,118] {processor.py:153} INFO - Started process (PID=161) to work on /home/airflow/.local/lib/python3.7/site-packages/airflow/example_dags/tutorial_taskflow_api_etl_virtualenv.py
[2023-10-27 05:20:33,120] {processor.py:641} INFO - Processing file /home/airflow/.local/lib/python3.7/site-packages/airflow/example_dags/tutorial_taskflow_api_etl_virtualenv.py for tasks to queue
[2023-10-27 05:20:33,120] {logging_mixin.py:115} INFO - [2023-10-27 05:20:33,120] {dagbag.py:508} INFO - Filling up the DagBag from /home/airflow/.local/lib/python3.7/site-packages/airflow/example_dags/tutorial_taskflow_api_etl_virtualenv.py
[2023-10-27 05:20:33,141] {processor.py:651} INFO - DAG(s) dict_keys(['tutorial_taskflow_api_etl_virtualenv']) retrieved from /home/airflow/.local/lib/python3.7/site-packages/airflow/example_dags/tutorial_taskflow_api_etl_virtualenv.py
[2023-10-27 05:20:33,224] {logging_mixin.py:115} INFO - [2023-10-27 05:20:33,224] {dag.py:2420} INFO - Sync 1 DAGs
[2023-10-27 05:20:33,248] {logging_mixin.py:115} INFO - [2023-10-27 05:20:33,247] {dag.py:2972} INFO - Setting next_dagrun for tutorial_taskflow_api_etl_virtualenv to None, run_after=None
[2023-10-27 05:20:33,262] {processor.py:161} INFO - Processing /home/airflow/.local/lib/python3.7/site-packages/airflow/example_dags/tutorial_taskflow_api_etl_virtualenv.py took 0.148 seconds
[2023-10-27 05:21:03,372] {processor.py:153} INFO - Started process (PID=222) to work on /home/airflow/.local/lib/python3.7/site-packages/airflow/example_dags/tutorial_taskflow_api_etl_virtualenv.py
[2023-10-27 05:21:03,372] {processor.py:641} INFO - Processing file /home/airflow/.local/lib/python3.7/site-packages/airflow/example_dags/tutorial_taskflow_api_etl_virtualenv.py for tasks to queue
[2023-10-27 05:21:03,373] {logging_mixin.py:115} INFO - [2023-10-27 05:21:03,373] {dagbag.py:508} INFO - Filling up the DagBag from /home/airflow/.local/lib/python3.7/site-packages/airflow/example_dags/tutorial_taskflow_api_etl_virtualenv.py
[2023-10-27 05:21:03,393] {processor.py:651} INFO - DAG(s) dict_keys(['tutorial_taskflow_api_etl_virtualenv']) retrieved from /home/airflow/.local/lib/python3.7/site-packages/airflow/example_dags/tutorial_taskflow_api_etl_virtualenv.py
[2023-10-27 05:21:03,473] {logging_mixin.py:115} INFO - [2023-10-27 05:21:03,473] {dag.py:2420} INFO - Sync 1 DAGs
[2023-10-27 05:21:03,498] {logging_mixin.py:115} INFO - [2023-10-27 05:21:03,497] {dag.py:2972} INFO - Setting next_dagrun for tutorial_taskflow_api_etl_virtualenv to None, run_after=None
[2023-10-27 05:21:03,513] {processor.py:161} INFO - Processing /home/airflow/.local/lib/python3.7/site-packages/airflow/example_dags/tutorial_taskflow_api_etl_virtualenv.py took 0.145 seconds
[2023-10-27 05:21:33,608] {processor.py:153} INFO - Started process (PID=283) to work on /home/airflow/.local/lib/python3.7/site-packages/airflow/example_dags/tutorial_taskflow_api_etl_virtualenv.py
[2023-10-27 05:21:33,609] {processor.py:641} INFO - Processing file /home/airflow/.local/lib/python3.7/site-packages/airflow/example_dags/tutorial_taskflow_api_etl_virtualenv.py for tasks to queue
[2023-10-27 05:21:33,610] {logging_mixin.py:115} INFO - [2023-10-27 05:21:33,610] {dagbag.py:508} INFO - Filling up the DagBag from /home/airflow/.local/lib/python3.7/site-packages/airflow/example_dags/tutorial_taskflow_api_etl_virtualenv.py
[2023-10-27 05:21:33,630] {processor.py:651} INFO - DAG(s) dict_keys(['tutorial_taskflow_api_etl_virtualenv']) retrieved from /home/airflow/.local/lib/python3.7/site-packages/airflow/example_dags/tutorial_taskflow_api_etl_virtualenv.py
[2023-10-27 05:21:33,712] {logging_mixin.py:115} INFO - [2023-10-27 05:21:33,711] {dag.py:2420} INFO - Sync 1 DAGs
[2023-10-27 05:21:33,735] {logging_mixin.py:115} INFO - [2023-10-27 05:21:33,735] {dag.py:2972} INFO - Setting next_dagrun for tutorial_taskflow_api_etl_virtualenv to None, run_after=None
[2023-10-27 05:21:33,759] {processor.py:161} INFO - Processing /home/airflow/.local/lib/python3.7/site-packages/airflow/example_dags/tutorial_taskflow_api_etl_virtualenv.py took 0.155 seconds
[2023-10-27 05:22:03,837] {processor.py:153} INFO - Started process (PID=336) to work on /home/airflow/.local/lib/python3.7/site-packages/airflow/example_dags/tutorial_taskflow_api_etl_virtualenv.py
[2023-10-27 05:22:03,838] {processor.py:641} INFO - Processing file /home/airflow/.local/lib/python3.7/site-packages/airflow/example_dags/tutorial_taskflow_api_etl_virtualenv.py for tasks to queue
[2023-10-27 05:22:03,838] {logging_mixin.py:115} INFO - [2023-10-27 05:22:03,838] {dagbag.py:508} INFO - Filling up the DagBag from /home/airflow/.local/lib/python3.7/site-packages/airflow/example_dags/tutorial_taskflow_api_etl_virtualenv.py
[2023-10-27 05:22:03,858] {processor.py:651} INFO - DAG(s) dict_keys(['tutorial_taskflow_api_etl_virtualenv']) retrieved from /home/airflow/.local/lib/python3.7/site-packages/airflow/example_dags/tutorial_taskflow_api_etl_virtualenv.py
[2023-10-27 05:22:03,937] {logging_mixin.py:115} INFO - [2023-10-27 05:22:03,937] {dag.py:2420} INFO - Sync 1 DAGs
[2023-10-27 05:22:03,960] {logging_mixin.py:115} INFO - [2023-10-27 05:22:03,960] {dag.py:2972} INFO - Setting next_dagrun for tutorial_taskflow_api_etl_virtualenv to None, run_after=None
[2023-10-27 05:22:03,974] {processor.py:161} INFO - Processing /home/airflow/.local/lib/python3.7/site-packages/airflow/example_dags/tutorial_taskflow_api_etl_virtualenv.py took 0.141 seconds
[2023-10-27 05:22:33,996] {processor.py:153} INFO - Started process (PID=388) to work on /home/airflow/.local/lib/python3.7/site-packages/airflow/example_dags/tutorial_taskflow_api_etl_virtualenv.py
[2023-10-27 05:22:33,997] {processor.py:641} INFO - Processing file /home/airflow/.local/lib/python3.7/site-packages/airflow/example_dags/tutorial_taskflow_api_etl_virtualenv.py for tasks to queue
[2023-10-27 05:22:33,997] {logging_mixin.py:115} INFO - [2023-10-27 05:22:33,997] {dagbag.py:508} INFO - Filling up the DagBag from /home/airflow/.local/lib/python3.7/site-packages/airflow/example_dags/tutorial_taskflow_api_etl_virtualenv.py
[2023-10-27 05:22:34,017] {processor.py:651} INFO - DAG(s) dict_keys(['tutorial_taskflow_api_etl_virtualenv']) retrieved from /home/airflow/.local/lib/python3.7/site-packages/airflow/example_dags/tutorial_taskflow_api_etl_virtualenv.py
[2023-10-27 05:22:34,097] {logging_mixin.py:115} INFO - [2023-10-27 05:22:34,097] {dag.py:2420} INFO - Sync 1 DAGs
[2023-10-27 05:22:34,120] {logging_mixin.py:115} INFO - [2023-10-27 05:22:34,120] {dag.py:2972} INFO - Setting next_dagrun for tutorial_taskflow_api_etl_virtualenv to None, run_after=None
[2023-10-27 05:22:34,135] {processor.py:161} INFO - Processing /home/airflow/.local/lib/python3.7/site-packages/airflow/example_dags/tutorial_taskflow_api_etl_virtualenv.py took 0.143 seconds
[2023-10-27 05:23:04,186] {processor.py:153} INFO - Started process (PID=448) to work on /home/airflow/.local/lib/python3.7/site-packages/airflow/example_dags/tutorial_taskflow_api_etl_virtualenv.py
[2023-10-27 05:23:04,187] {processor.py:641} INFO - Processing file /home/airflow/.local/lib/python3.7/site-packages/airflow/example_dags/tutorial_taskflow_api_etl_virtualenv.py for tasks to queue
[2023-10-27 05:23:04,187] {logging_mixin.py:115} INFO - [2023-10-27 05:23:04,187] {dagbag.py:508} INFO - Filling up the DagBag from /home/airflow/.local/lib/python3.7/site-packages/airflow/example_dags/tutorial_taskflow_api_etl_virtualenv.py
[2023-10-27 05:23:04,208] {processor.py:651} INFO - DAG(s) dict_keys(['tutorial_taskflow_api_etl_virtualenv']) retrieved from /home/airflow/.local/lib/python3.7/site-packages/airflow/example_dags/tutorial_taskflow_api_etl_virtualenv.py
[2023-10-27 05:23:04,289] {logging_mixin.py:115} INFO - [2023-10-27 05:23:04,289] {dag.py:2420} INFO - Sync 1 DAGs
[2023-10-27 05:23:04,313] {logging_mixin.py:115} INFO - [2023-10-27 05:23:04,312] {dag.py:2972} INFO - Setting next_dagrun for tutorial_taskflow_api_etl_virtualenv to None, run_after=None
[2023-10-27 05:23:04,328] {processor.py:161} INFO - Processing /home/airflow/.local/lib/python3.7/site-packages/airflow/example_dags/tutorial_taskflow_api_etl_virtualenv.py took 0.146 seconds
[2023-10-27 05:23:34,422] {processor.py:153} INFO - Started process (PID=500) to work on /home/airflow/.local/lib/python3.7/site-packages/airflow/example_dags/tutorial_taskflow_api_etl_virtualenv.py
[2023-10-27 05:23:34,423] {processor.py:641} INFO - Processing file /home/airflow/.local/lib/python3.7/site-packages/airflow/example_dags/tutorial_taskflow_api_etl_virtualenv.py for tasks to queue
[2023-10-27 05:23:34,424] {logging_mixin.py:115} INFO - [2023-10-27 05:23:34,423] {dagbag.py:508} INFO - Filling up the DagBag from /home/airflow/.local/lib/python3.7/site-packages/airflow/example_dags/tutorial_taskflow_api_etl_virtualenv.py
[2023-10-27 05:23:34,445] {processor.py:651} INFO - DAG(s) dict_keys(['tutorial_taskflow_api_etl_virtualenv']) retrieved from /home/airflow/.local/lib/python3.7/site-packages/airflow/example_dags/tutorial_taskflow_api_etl_virtualenv.py
[2023-10-27 05:23:34,478] {logging_mixin.py:115} INFO - [2023-10-27 05:23:34,478] {dag.py:2420} INFO - Sync 1 DAGs
[2023-10-27 05:23:34,504] {logging_mixin.py:115} INFO - [2023-10-27 05:23:34,504] {dag.py:2972} INFO - Setting next_dagrun for tutorial_taskflow_api_etl_virtualenv to None, run_after=None
[2023-10-27 05:23:34,518] {processor.py:161} INFO - Processing /home/airflow/.local/lib/python3.7/site-packages/airflow/example_dags/tutorial_taskflow_api_etl_virtualenv.py took 0.103 seconds
[2023-10-27 05:24:56,347] {processor.py:153} INFO - Started process (PID=37) to work on /home/airflow/.local/lib/python3.7/site-packages/airflow/example_dags/tutorial_taskflow_api_etl_virtualenv.py
[2023-10-27 05:24:56,359] {processor.py:641} INFO - Processing file /home/airflow/.local/lib/python3.7/site-packages/airflow/example_dags/tutorial_taskflow_api_etl_virtualenv.py for tasks to queue
[2023-10-27 05:24:56,359] {logging_mixin.py:115} INFO - [2023-10-27 05:24:56,359] {dagbag.py:508} INFO - Filling up the DagBag from /home/airflow/.local/lib/python3.7/site-packages/airflow/example_dags/tutorial_taskflow_api_etl_virtualenv.py
[2023-10-27 05:24:56,394] {processor.py:651} INFO - DAG(s) dict_keys(['tutorial_taskflow_api_etl_virtualenv']) retrieved from /home/airflow/.local/lib/python3.7/site-packages/airflow/example_dags/tutorial_taskflow_api_etl_virtualenv.py
[2023-10-27 05:24:56,713] {logging_mixin.py:115} INFO - [2023-10-27 05:24:56,713] {dag.py:2420} INFO - Sync 1 DAGs
[2023-10-27 05:24:56,735] {logging_mixin.py:115} INFO - [2023-10-27 05:24:56,735] {dag.py:2972} INFO - Setting next_dagrun for tutorial_taskflow_api_etl_virtualenv to None, run_after=None
[2023-10-27 05:24:56,749] {processor.py:161} INFO - Processing /home/airflow/.local/lib/python3.7/site-packages/airflow/example_dags/tutorial_taskflow_api_etl_virtualenv.py took 0.406 seconds
[2023-10-27 05:25:26,945] {processor.py:153} INFO - Started process (PID=98) to work on /home/airflow/.local/lib/python3.7/site-packages/airflow/example_dags/tutorial_taskflow_api_etl_virtualenv.py
[2023-10-27 05:25:26,946] {processor.py:641} INFO - Processing file /home/airflow/.local/lib/python3.7/site-packages/airflow/example_dags/tutorial_taskflow_api_etl_virtualenv.py for tasks to queue
[2023-10-27 05:25:26,947] {logging_mixin.py:115} INFO - [2023-10-27 05:25:26,946] {dagbag.py:508} INFO - Filling up the DagBag from /home/airflow/.local/lib/python3.7/site-packages/airflow/example_dags/tutorial_taskflow_api_etl_virtualenv.py
[2023-10-27 05:25:26,966] {processor.py:651} INFO - DAG(s) dict_keys(['tutorial_taskflow_api_etl_virtualenv']) retrieved from /home/airflow/.local/lib/python3.7/site-packages/airflow/example_dags/tutorial_taskflow_api_etl_virtualenv.py
[2023-10-27 05:25:27,194] {logging_mixin.py:115} INFO - [2023-10-27 05:25:27,194] {dag.py:2420} INFO - Sync 1 DAGs
[2023-10-27 05:25:27,216] {logging_mixin.py:115} INFO - [2023-10-27 05:25:27,216] {dag.py:2972} INFO - Setting next_dagrun for tutorial_taskflow_api_etl_virtualenv to None, run_after=None
[2023-10-27 05:25:27,230] {processor.py:161} INFO - Processing /home/airflow/.local/lib/python3.7/site-packages/airflow/example_dags/tutorial_taskflow_api_etl_virtualenv.py took 0.289 seconds
[2023-10-27 05:25:57,974] {processor.py:153} INFO - Started process (PID=159) to work on /home/airflow/.local/lib/python3.7/site-packages/airflow/example_dags/tutorial_taskflow_api_etl_virtualenv.py
[2023-10-27 05:25:57,975] {processor.py:641} INFO - Processing file /home/airflow/.local/lib/python3.7/site-packages/airflow/example_dags/tutorial_taskflow_api_etl_virtualenv.py for tasks to queue
[2023-10-27 05:25:57,975] {logging_mixin.py:115} INFO - [2023-10-27 05:25:57,975] {dagbag.py:508} INFO - Filling up the DagBag from /home/airflow/.local/lib/python3.7/site-packages/airflow/example_dags/tutorial_taskflow_api_etl_virtualenv.py
[2023-10-27 05:25:57,995] {processor.py:651} INFO - DAG(s) dict_keys(['tutorial_taskflow_api_etl_virtualenv']) retrieved from /home/airflow/.local/lib/python3.7/site-packages/airflow/example_dags/tutorial_taskflow_api_etl_virtualenv.py
[2023-10-27 05:25:58,226] {logging_mixin.py:115} INFO - [2023-10-27 05:25:58,226] {dag.py:2420} INFO - Sync 1 DAGs
[2023-10-27 05:25:58,248] {logging_mixin.py:115} INFO - [2023-10-27 05:25:58,248] {dag.py:2972} INFO - Setting next_dagrun for tutorial_taskflow_api_etl_virtualenv to None, run_after=None
[2023-10-27 05:25:58,262] {processor.py:161} INFO - Processing /home/airflow/.local/lib/python3.7/site-packages/airflow/example_dags/tutorial_taskflow_api_etl_virtualenv.py took 0.292 seconds
[2023-10-27 05:26:28,556] {processor.py:153} INFO - Started process (PID=209) to work on /home/airflow/.local/lib/python3.7/site-packages/airflow/example_dags/tutorial_taskflow_api_etl_virtualenv.py
[2023-10-27 05:26:28,557] {processor.py:641} INFO - Processing file /home/airflow/.local/lib/python3.7/site-packages/airflow/example_dags/tutorial_taskflow_api_etl_virtualenv.py for tasks to queue
[2023-10-27 05:26:28,558] {logging_mixin.py:115} INFO - [2023-10-27 05:26:28,558] {dagbag.py:508} INFO - Filling up the DagBag from /home/airflow/.local/lib/python3.7/site-packages/airflow/example_dags/tutorial_taskflow_api_etl_virtualenv.py
[2023-10-27 05:26:28,577] {processor.py:651} INFO - DAG(s) dict_keys(['tutorial_taskflow_api_etl_virtualenv']) retrieved from /home/airflow/.local/lib/python3.7/site-packages/airflow/example_dags/tutorial_taskflow_api_etl_virtualenv.py
[2023-10-27 05:26:28,806] {logging_mixin.py:115} INFO - [2023-10-27 05:26:28,806] {dag.py:2420} INFO - Sync 1 DAGs
[2023-10-27 05:26:28,826] {logging_mixin.py:115} INFO - [2023-10-27 05:26:28,826] {dag.py:2972} INFO - Setting next_dagrun for tutorial_taskflow_api_etl_virtualenv to None, run_after=None
[2023-10-27 05:26:28,841] {processor.py:161} INFO - Processing /home/airflow/.local/lib/python3.7/site-packages/airflow/example_dags/tutorial_taskflow_api_etl_virtualenv.py took 0.289 seconds
[2023-10-27 05:26:59,529] {processor.py:153} INFO - Started process (PID=270) to work on /home/airflow/.local/lib/python3.7/site-packages/airflow/example_dags/tutorial_taskflow_api_etl_virtualenv.py
[2023-10-27 05:26:59,530] {processor.py:641} INFO - Processing file /home/airflow/.local/lib/python3.7/site-packages/airflow/example_dags/tutorial_taskflow_api_etl_virtualenv.py for tasks to queue
[2023-10-27 05:26:59,531] {logging_mixin.py:115} INFO - [2023-10-27 05:26:59,531] {dagbag.py:508} INFO - Filling up the DagBag from /home/airflow/.local/lib/python3.7/site-packages/airflow/example_dags/tutorial_taskflow_api_etl_virtualenv.py
[2023-10-27 05:26:59,557] {processor.py:651} INFO - DAG(s) dict_keys(['tutorial_taskflow_api_etl_virtualenv']) retrieved from /home/airflow/.local/lib/python3.7/site-packages/airflow/example_dags/tutorial_taskflow_api_etl_virtualenv.py
[2023-10-27 05:26:59,837] {logging_mixin.py:115} INFO - [2023-10-27 05:26:59,837] {dag.py:2420} INFO - Sync 1 DAGs
[2023-10-27 05:26:59,859] {logging_mixin.py:115} INFO - [2023-10-27 05:26:59,859] {dag.py:2972} INFO - Setting next_dagrun for tutorial_taskflow_api_etl_virtualenv to None, run_after=None
[2023-10-27 05:26:59,873] {processor.py:161} INFO - Processing /home/airflow/.local/lib/python3.7/site-packages/airflow/example_dags/tutorial_taskflow_api_etl_virtualenv.py took 0.348 seconds
[2023-10-27 05:28:13,421] {processor.py:153} INFO - Started process (PID=37) to work on /home/airflow/.local/lib/python3.7/site-packages/airflow/example_dags/tutorial_taskflow_api_etl_virtualenv.py
[2023-10-27 05:28:13,422] {processor.py:641} INFO - Processing file /home/airflow/.local/lib/python3.7/site-packages/airflow/example_dags/tutorial_taskflow_api_etl_virtualenv.py for tasks to queue
[2023-10-27 05:28:13,423] {logging_mixin.py:115} INFO - [2023-10-27 05:28:13,423] {dagbag.py:508} INFO - Filling up the DagBag from /home/airflow/.local/lib/python3.7/site-packages/airflow/example_dags/tutorial_taskflow_api_etl_virtualenv.py
[2023-10-27 05:28:13,451] {processor.py:651} INFO - DAG(s) dict_keys(['tutorial_taskflow_api_etl_virtualenv']) retrieved from /home/airflow/.local/lib/python3.7/site-packages/airflow/example_dags/tutorial_taskflow_api_etl_virtualenv.py
[2023-10-27 05:28:13,733] {logging_mixin.py:115} INFO - [2023-10-27 05:28:13,733] {dag.py:2420} INFO - Sync 1 DAGs
[2023-10-27 05:28:13,756] {logging_mixin.py:115} INFO - [2023-10-27 05:28:13,756] {dag.py:2972} INFO - Setting next_dagrun for tutorial_taskflow_api_etl_virtualenv to None, run_after=None
[2023-10-27 05:28:13,777] {processor.py:161} INFO - Processing /home/airflow/.local/lib/python3.7/site-packages/airflow/example_dags/tutorial_taskflow_api_etl_virtualenv.py took 0.361 seconds
[2023-10-27 05:28:44,481] {processor.py:153} INFO - Started process (PID=99) to work on /home/airflow/.local/lib/python3.7/site-packages/airflow/example_dags/tutorial_taskflow_api_etl_virtualenv.py
[2023-10-27 05:28:44,482] {processor.py:641} INFO - Processing file /home/airflow/.local/lib/python3.7/site-packages/airflow/example_dags/tutorial_taskflow_api_etl_virtualenv.py for tasks to queue
[2023-10-27 05:28:44,482] {logging_mixin.py:115} INFO - [2023-10-27 05:28:44,482] {dagbag.py:508} INFO - Filling up the DagBag from /home/airflow/.local/lib/python3.7/site-packages/airflow/example_dags/tutorial_taskflow_api_etl_virtualenv.py
[2023-10-27 05:28:44,502] {processor.py:651} INFO - DAG(s) dict_keys(['tutorial_taskflow_api_etl_virtualenv']) retrieved from /home/airflow/.local/lib/python3.7/site-packages/airflow/example_dags/tutorial_taskflow_api_etl_virtualenv.py
[2023-10-27 05:28:44,730] {logging_mixin.py:115} INFO - [2023-10-27 05:28:44,730] {dag.py:2420} INFO - Sync 1 DAGs
[2023-10-27 05:28:44,751] {logging_mixin.py:115} INFO - [2023-10-27 05:28:44,751] {dag.py:2972} INFO - Setting next_dagrun for tutorial_taskflow_api_etl_virtualenv to None, run_after=None
[2023-10-27 05:28:44,765] {processor.py:161} INFO - Processing /home/airflow/.local/lib/python3.7/site-packages/airflow/example_dags/tutorial_taskflow_api_etl_virtualenv.py took 0.287 seconds
[2023-10-27 05:29:14,804] {processor.py:153} INFO - Started process (PID=150) to work on /home/airflow/.local/lib/python3.7/site-packages/airflow/example_dags/tutorial_taskflow_api_etl_virtualenv.py
[2023-10-27 05:29:14,805] {processor.py:641} INFO - Processing file /home/airflow/.local/lib/python3.7/site-packages/airflow/example_dags/tutorial_taskflow_api_etl_virtualenv.py for tasks to queue
[2023-10-27 05:29:14,805] {logging_mixin.py:115} INFO - [2023-10-27 05:29:14,805] {dagbag.py:508} INFO - Filling up the DagBag from /home/airflow/.local/lib/python3.7/site-packages/airflow/example_dags/tutorial_taskflow_api_etl_virtualenv.py
[2023-10-27 05:29:14,825] {processor.py:651} INFO - DAG(s) dict_keys(['tutorial_taskflow_api_etl_virtualenv']) retrieved from /home/airflow/.local/lib/python3.7/site-packages/airflow/example_dags/tutorial_taskflow_api_etl_virtualenv.py
[2023-10-27 05:29:15,066] {logging_mixin.py:115} INFO - [2023-10-27 05:29:15,066] {dag.py:2420} INFO - Sync 1 DAGs
[2023-10-27 05:29:15,088] {logging_mixin.py:115} INFO - [2023-10-27 05:29:15,088] {dag.py:2972} INFO - Setting next_dagrun for tutorial_taskflow_api_etl_virtualenv to None, run_after=None
[2023-10-27 05:29:15,103] {processor.py:161} INFO - Processing /home/airflow/.local/lib/python3.7/site-packages/airflow/example_dags/tutorial_taskflow_api_etl_virtualenv.py took 0.302 seconds
[2023-10-27 05:29:45,286] {processor.py:153} INFO - Started process (PID=210) to work on /home/airflow/.local/lib/python3.7/site-packages/airflow/example_dags/tutorial_taskflow_api_etl_virtualenv.py
[2023-10-27 05:29:45,287] {processor.py:641} INFO - Processing file /home/airflow/.local/lib/python3.7/site-packages/airflow/example_dags/tutorial_taskflow_api_etl_virtualenv.py for tasks to queue
[2023-10-27 05:29:45,288] {logging_mixin.py:115} INFO - [2023-10-27 05:29:45,288] {dagbag.py:508} INFO - Filling up the DagBag from /home/airflow/.local/lib/python3.7/site-packages/airflow/example_dags/tutorial_taskflow_api_etl_virtualenv.py
[2023-10-27 05:29:45,307] {processor.py:651} INFO - DAG(s) dict_keys(['tutorial_taskflow_api_etl_virtualenv']) retrieved from /home/airflow/.local/lib/python3.7/site-packages/airflow/example_dags/tutorial_taskflow_api_etl_virtualenv.py
[2023-10-27 05:29:45,539] {logging_mixin.py:115} INFO - [2023-10-27 05:29:45,539] {dag.py:2420} INFO - Sync 1 DAGs
[2023-10-27 05:29:45,561] {logging_mixin.py:115} INFO - [2023-10-27 05:29:45,561] {dag.py:2972} INFO - Setting next_dagrun for tutorial_taskflow_api_etl_virtualenv to None, run_after=None
[2023-10-27 05:29:45,575] {processor.py:161} INFO - Processing /home/airflow/.local/lib/python3.7/site-packages/airflow/example_dags/tutorial_taskflow_api_etl_virtualenv.py took 0.293 seconds
[2023-10-27 05:30:15,766] {processor.py:153} INFO - Started process (PID=270) to work on /home/airflow/.local/lib/python3.7/site-packages/airflow/example_dags/tutorial_taskflow_api_etl_virtualenv.py
[2023-10-27 05:30:15,767] {processor.py:641} INFO - Processing file /home/airflow/.local/lib/python3.7/site-packages/airflow/example_dags/tutorial_taskflow_api_etl_virtualenv.py for tasks to queue
[2023-10-27 05:30:15,768] {logging_mixin.py:115} INFO - [2023-10-27 05:30:15,767] {dagbag.py:508} INFO - Filling up the DagBag from /home/airflow/.local/lib/python3.7/site-packages/airflow/example_dags/tutorial_taskflow_api_etl_virtualenv.py
[2023-10-27 05:30:15,786] {processor.py:651} INFO - DAG(s) dict_keys(['tutorial_taskflow_api_etl_virtualenv']) retrieved from /home/airflow/.local/lib/python3.7/site-packages/airflow/example_dags/tutorial_taskflow_api_etl_virtualenv.py
[2023-10-27 05:30:16,015] {logging_mixin.py:115} INFO - [2023-10-27 05:30:16,015] {dag.py:2420} INFO - Sync 1 DAGs
[2023-10-27 05:30:16,036] {logging_mixin.py:115} INFO - [2023-10-27 05:30:16,036] {dag.py:2972} INFO - Setting next_dagrun for tutorial_taskflow_api_etl_virtualenv to None, run_after=None
[2023-10-27 05:30:16,050] {processor.py:161} INFO - Processing /home/airflow/.local/lib/python3.7/site-packages/airflow/example_dags/tutorial_taskflow_api_etl_virtualenv.py took 0.288 seconds
[2023-10-27 05:30:46,073] {processor.py:153} INFO - Started process (PID=322) to work on /home/airflow/.local/lib/python3.7/site-packages/airflow/example_dags/tutorial_taskflow_api_etl_virtualenv.py
[2023-10-27 05:30:46,074] {processor.py:641} INFO - Processing file /home/airflow/.local/lib/python3.7/site-packages/airflow/example_dags/tutorial_taskflow_api_etl_virtualenv.py for tasks to queue
[2023-10-27 05:30:46,075] {logging_mixin.py:115} INFO - [2023-10-27 05:30:46,075] {dagbag.py:508} INFO - Filling up the DagBag from /home/airflow/.local/lib/python3.7/site-packages/airflow/example_dags/tutorial_taskflow_api_etl_virtualenv.py
[2023-10-27 05:30:46,095] {processor.py:651} INFO - DAG(s) dict_keys(['tutorial_taskflow_api_etl_virtualenv']) retrieved from /home/airflow/.local/lib/python3.7/site-packages/airflow/example_dags/tutorial_taskflow_api_etl_virtualenv.py
[2023-10-27 05:30:46,331] {logging_mixin.py:115} INFO - [2023-10-27 05:30:46,331] {dag.py:2420} INFO - Sync 1 DAGs
[2023-10-27 05:30:46,351] {logging_mixin.py:115} INFO - [2023-10-27 05:30:46,351] {dag.py:2972} INFO - Setting next_dagrun for tutorial_taskflow_api_etl_virtualenv to None, run_after=None
[2023-10-27 05:30:46,365] {processor.py:161} INFO - Processing /home/airflow/.local/lib/python3.7/site-packages/airflow/example_dags/tutorial_taskflow_api_etl_virtualenv.py took 0.296 seconds
[2023-10-27 05:31:16,633] {processor.py:153} INFO - Started process (PID=385) to work on /home/airflow/.local/lib/python3.7/site-packages/airflow/example_dags/tutorial_taskflow_api_etl_virtualenv.py
[2023-10-27 05:31:16,633] {processor.py:641} INFO - Processing file /home/airflow/.local/lib/python3.7/site-packages/airflow/example_dags/tutorial_taskflow_api_etl_virtualenv.py for tasks to queue
[2023-10-27 05:31:16,634] {logging_mixin.py:115} INFO - [2023-10-27 05:31:16,634] {dagbag.py:508} INFO - Filling up the DagBag from /home/airflow/.local/lib/python3.7/site-packages/airflow/example_dags/tutorial_taskflow_api_etl_virtualenv.py
[2023-10-27 05:31:16,653] {processor.py:651} INFO - DAG(s) dict_keys(['tutorial_taskflow_api_etl_virtualenv']) retrieved from /home/airflow/.local/lib/python3.7/site-packages/airflow/example_dags/tutorial_taskflow_api_etl_virtualenv.py
[2023-10-27 05:31:16,883] {logging_mixin.py:115} INFO - [2023-10-27 05:31:16,883] {dag.py:2420} INFO - Sync 1 DAGs
[2023-10-27 05:31:16,904] {logging_mixin.py:115} INFO - [2023-10-27 05:31:16,904] {dag.py:2972} INFO - Setting next_dagrun for tutorial_taskflow_api_etl_virtualenv to None, run_after=None
[2023-10-27 05:31:16,917] {processor.py:161} INFO - Processing /home/airflow/.local/lib/python3.7/site-packages/airflow/example_dags/tutorial_taskflow_api_etl_virtualenv.py took 0.289 seconds
[2023-10-27 05:31:47,290] {processor.py:153} INFO - Started process (PID=444) to work on /home/airflow/.local/lib/python3.7/site-packages/airflow/example_dags/tutorial_taskflow_api_etl_virtualenv.py
[2023-10-27 05:31:47,295] {processor.py:641} INFO - Processing file /home/airflow/.local/lib/python3.7/site-packages/airflow/example_dags/tutorial_taskflow_api_etl_virtualenv.py for tasks to queue
[2023-10-27 05:31:47,296] {logging_mixin.py:115} INFO - [2023-10-27 05:31:47,296] {dagbag.py:508} INFO - Filling up the DagBag from /home/airflow/.local/lib/python3.7/site-packages/airflow/example_dags/tutorial_taskflow_api_etl_virtualenv.py
[2023-10-27 05:31:47,316] {processor.py:651} INFO - DAG(s) dict_keys(['tutorial_taskflow_api_etl_virtualenv']) retrieved from /home/airflow/.local/lib/python3.7/site-packages/airflow/example_dags/tutorial_taskflow_api_etl_virtualenv.py
[2023-10-27 05:31:47,543] {logging_mixin.py:115} INFO - [2023-10-27 05:31:47,542] {dag.py:2420} INFO - Sync 1 DAGs
[2023-10-27 05:31:47,563] {logging_mixin.py:115} INFO - [2023-10-27 05:31:47,563] {dag.py:2972} INFO - Setting next_dagrun for tutorial_taskflow_api_etl_virtualenv to None, run_after=None
[2023-10-27 05:31:47,577] {processor.py:161} INFO - Processing /home/airflow/.local/lib/python3.7/site-packages/airflow/example_dags/tutorial_taskflow_api_etl_virtualenv.py took 0.291 seconds
[2023-10-27 05:32:17,604] {processor.py:153} INFO - Started process (PID=498) to work on /home/airflow/.local/lib/python3.7/site-packages/airflow/example_dags/tutorial_taskflow_api_etl_virtualenv.py
[2023-10-27 05:32:17,604] {processor.py:641} INFO - Processing file /home/airflow/.local/lib/python3.7/site-packages/airflow/example_dags/tutorial_taskflow_api_etl_virtualenv.py for tasks to queue
[2023-10-27 05:32:17,605] {logging_mixin.py:115} INFO - [2023-10-27 05:32:17,605] {dagbag.py:508} INFO - Filling up the DagBag from /home/airflow/.local/lib/python3.7/site-packages/airflow/example_dags/tutorial_taskflow_api_etl_virtualenv.py
[2023-10-27 05:32:17,624] {processor.py:651} INFO - DAG(s) dict_keys(['tutorial_taskflow_api_etl_virtualenv']) retrieved from /home/airflow/.local/lib/python3.7/site-packages/airflow/example_dags/tutorial_taskflow_api_etl_virtualenv.py
[2023-10-27 05:32:17,855] {logging_mixin.py:115} INFO - [2023-10-27 05:32:17,855] {dag.py:2420} INFO - Sync 1 DAGs
[2023-10-27 05:32:17,877] {logging_mixin.py:115} INFO - [2023-10-27 05:32:17,877] {dag.py:2972} INFO - Setting next_dagrun for tutorial_taskflow_api_etl_virtualenv to None, run_after=None
[2023-10-27 05:32:17,891] {processor.py:161} INFO - Processing /home/airflow/.local/lib/python3.7/site-packages/airflow/example_dags/tutorial_taskflow_api_etl_virtualenv.py took 0.291 seconds
[2023-10-27 05:32:48,055] {processor.py:153} INFO - Started process (PID=559) to work on /home/airflow/.local/lib/python3.7/site-packages/airflow/example_dags/tutorial_taskflow_api_etl_virtualenv.py
[2023-10-27 05:32:48,055] {processor.py:641} INFO - Processing file /home/airflow/.local/lib/python3.7/site-packages/airflow/example_dags/tutorial_taskflow_api_etl_virtualenv.py for tasks to queue
[2023-10-27 05:32:48,056] {logging_mixin.py:115} INFO - [2023-10-27 05:32:48,056] {dagbag.py:508} INFO - Filling up the DagBag from /home/airflow/.local/lib/python3.7/site-packages/airflow/example_dags/tutorial_taskflow_api_etl_virtualenv.py
[2023-10-27 05:32:48,075] {processor.py:651} INFO - DAG(s) dict_keys(['tutorial_taskflow_api_etl_virtualenv']) retrieved from /home/airflow/.local/lib/python3.7/site-packages/airflow/example_dags/tutorial_taskflow_api_etl_virtualenv.py
[2023-10-27 05:32:48,300] {logging_mixin.py:115} INFO - [2023-10-27 05:32:48,300] {dag.py:2420} INFO - Sync 1 DAGs
[2023-10-27 05:32:48,321] {logging_mixin.py:115} INFO - [2023-10-27 05:32:48,321] {dag.py:2972} INFO - Setting next_dagrun for tutorial_taskflow_api_etl_virtualenv to None, run_after=None
[2023-10-27 05:32:48,335] {processor.py:161} INFO - Processing /home/airflow/.local/lib/python3.7/site-packages/airflow/example_dags/tutorial_taskflow_api_etl_virtualenv.py took 0.284 seconds
[2023-10-27 05:33:19,311] {processor.py:153} INFO - Started process (PID=611) to work on /home/airflow/.local/lib/python3.7/site-packages/airflow/example_dags/tutorial_taskflow_api_etl_virtualenv.py
[2023-10-27 05:33:19,312] {processor.py:641} INFO - Processing file /home/airflow/.local/lib/python3.7/site-packages/airflow/example_dags/tutorial_taskflow_api_etl_virtualenv.py for tasks to queue
[2023-10-27 05:33:19,312] {logging_mixin.py:115} INFO - [2023-10-27 05:33:19,312] {dagbag.py:508} INFO - Filling up the DagBag from /home/airflow/.local/lib/python3.7/site-packages/airflow/example_dags/tutorial_taskflow_api_etl_virtualenv.py
[2023-10-27 05:33:19,335] {processor.py:651} INFO - DAG(s) dict_keys(['tutorial_taskflow_api_etl_virtualenv']) retrieved from /home/airflow/.local/lib/python3.7/site-packages/airflow/example_dags/tutorial_taskflow_api_etl_virtualenv.py
[2023-10-27 05:33:19,564] {logging_mixin.py:115} INFO - [2023-10-27 05:33:19,564] {dag.py:2420} INFO - Sync 1 DAGs
[2023-10-27 05:33:19,585] {logging_mixin.py:115} INFO - [2023-10-27 05:33:19,585] {dag.py:2972} INFO - Setting next_dagrun for tutorial_taskflow_api_etl_virtualenv to None, run_after=None
[2023-10-27 05:33:19,599] {processor.py:161} INFO - Processing /home/airflow/.local/lib/python3.7/site-packages/airflow/example_dags/tutorial_taskflow_api_etl_virtualenv.py took 0.292 seconds
[2023-10-27 05:33:49,896] {processor.py:153} INFO - Started process (PID=672) to work on /home/airflow/.local/lib/python3.7/site-packages/airflow/example_dags/tutorial_taskflow_api_etl_virtualenv.py
[2023-10-27 05:33:49,897] {processor.py:641} INFO - Processing file /home/airflow/.local/lib/python3.7/site-packages/airflow/example_dags/tutorial_taskflow_api_etl_virtualenv.py for tasks to queue
[2023-10-27 05:33:49,897] {logging_mixin.py:115} INFO - [2023-10-27 05:33:49,897] {dagbag.py:508} INFO - Filling up the DagBag from /home/airflow/.local/lib/python3.7/site-packages/airflow/example_dags/tutorial_taskflow_api_etl_virtualenv.py
[2023-10-27 05:33:49,921] {processor.py:651} INFO - DAG(s) dict_keys(['tutorial_taskflow_api_etl_virtualenv']) retrieved from /home/airflow/.local/lib/python3.7/site-packages/airflow/example_dags/tutorial_taskflow_api_etl_virtualenv.py
[2023-10-27 05:33:50,105] {logging_mixin.py:115} INFO - [2023-10-27 05:33:50,105] {dag.py:2420} INFO - Sync 1 DAGs
[2023-10-27 05:33:50,127] {logging_mixin.py:115} INFO - [2023-10-27 05:33:50,127] {dag.py:2972} INFO - Setting next_dagrun for tutorial_taskflow_api_etl_virtualenv to None, run_after=None
[2023-10-27 05:33:50,139] {processor.py:161} INFO - Processing /home/airflow/.local/lib/python3.7/site-packages/airflow/example_dags/tutorial_taskflow_api_etl_virtualenv.py took 0.247 seconds
[2023-10-27 05:34:20,971] {processor.py:153} INFO - Started process (PID=733) to work on /home/airflow/.local/lib/python3.7/site-packages/airflow/example_dags/tutorial_taskflow_api_etl_virtualenv.py
[2023-10-27 05:34:20,971] {processor.py:641} INFO - Processing file /home/airflow/.local/lib/python3.7/site-packages/airflow/example_dags/tutorial_taskflow_api_etl_virtualenv.py for tasks to queue
[2023-10-27 05:34:20,972] {logging_mixin.py:115} INFO - [2023-10-27 05:34:20,971] {dagbag.py:508} INFO - Filling up the DagBag from /home/airflow/.local/lib/python3.7/site-packages/airflow/example_dags/tutorial_taskflow_api_etl_virtualenv.py
[2023-10-27 05:34:20,995] {processor.py:651} INFO - DAG(s) dict_keys(['tutorial_taskflow_api_etl_virtualenv']) retrieved from /home/airflow/.local/lib/python3.7/site-packages/airflow/example_dags/tutorial_taskflow_api_etl_virtualenv.py
[2023-10-27 05:34:21,186] {logging_mixin.py:115} INFO - [2023-10-27 05:34:21,186] {dag.py:2420} INFO - Sync 1 DAGs
[2023-10-27 05:34:21,208] {logging_mixin.py:115} INFO - [2023-10-27 05:34:21,208] {dag.py:2972} INFO - Setting next_dagrun for tutorial_taskflow_api_etl_virtualenv to None, run_after=None
[2023-10-27 05:34:21,219] {processor.py:161} INFO - Processing /home/airflow/.local/lib/python3.7/site-packages/airflow/example_dags/tutorial_taskflow_api_etl_virtualenv.py took 0.253 seconds
[2023-10-27 05:34:51,662] {processor.py:153} INFO - Started process (PID=786) to work on /home/airflow/.local/lib/python3.7/site-packages/airflow/example_dags/tutorial_taskflow_api_etl_virtualenv.py
[2023-10-27 05:34:51,663] {processor.py:641} INFO - Processing file /home/airflow/.local/lib/python3.7/site-packages/airflow/example_dags/tutorial_taskflow_api_etl_virtualenv.py for tasks to queue
[2023-10-27 05:34:51,663] {logging_mixin.py:115} INFO - [2023-10-27 05:34:51,663] {dagbag.py:508} INFO - Filling up the DagBag from /home/airflow/.local/lib/python3.7/site-packages/airflow/example_dags/tutorial_taskflow_api_etl_virtualenv.py
[2023-10-27 05:34:51,688] {processor.py:651} INFO - DAG(s) dict_keys(['tutorial_taskflow_api_etl_virtualenv']) retrieved from /home/airflow/.local/lib/python3.7/site-packages/airflow/example_dags/tutorial_taskflow_api_etl_virtualenv.py
[2023-10-27 05:34:51,872] {logging_mixin.py:115} INFO - [2023-10-27 05:34:51,872] {dag.py:2420} INFO - Sync 1 DAGs
[2023-10-27 05:34:51,895] {logging_mixin.py:115} INFO - [2023-10-27 05:34:51,895] {dag.py:2972} INFO - Setting next_dagrun for tutorial_taskflow_api_etl_virtualenv to None, run_after=None
[2023-10-27 05:34:51,907] {processor.py:161} INFO - Processing /home/airflow/.local/lib/python3.7/site-packages/airflow/example_dags/tutorial_taskflow_api_etl_virtualenv.py took 0.249 seconds
[2023-10-27 05:35:22,233] {processor.py:153} INFO - Started process (PID=847) to work on /home/airflow/.local/lib/python3.7/site-packages/airflow/example_dags/tutorial_taskflow_api_etl_virtualenv.py
[2023-10-27 05:35:22,234] {processor.py:641} INFO - Processing file /home/airflow/.local/lib/python3.7/site-packages/airflow/example_dags/tutorial_taskflow_api_etl_virtualenv.py for tasks to queue
[2023-10-27 05:35:22,234] {logging_mixin.py:115} INFO - [2023-10-27 05:35:22,234] {dagbag.py:508} INFO - Filling up the DagBag from /home/airflow/.local/lib/python3.7/site-packages/airflow/example_dags/tutorial_taskflow_api_etl_virtualenv.py
[2023-10-27 05:35:22,258] {processor.py:651} INFO - DAG(s) dict_keys(['tutorial_taskflow_api_etl_virtualenv']) retrieved from /home/airflow/.local/lib/python3.7/site-packages/airflow/example_dags/tutorial_taskflow_api_etl_virtualenv.py
[2023-10-27 05:35:22,438] {logging_mixin.py:115} INFO - [2023-10-27 05:35:22,438] {dag.py:2420} INFO - Sync 1 DAGs
[2023-10-27 05:35:22,460] {logging_mixin.py:115} INFO - [2023-10-27 05:35:22,459] {dag.py:2972} INFO - Setting next_dagrun for tutorial_taskflow_api_etl_virtualenv to None, run_after=None
[2023-10-27 05:35:22,471] {processor.py:161} INFO - Processing /home/airflow/.local/lib/python3.7/site-packages/airflow/example_dags/tutorial_taskflow_api_etl_virtualenv.py took 0.242 seconds
[2023-10-27 05:35:52,518] {processor.py:153} INFO - Started process (PID=899) to work on /home/airflow/.local/lib/python3.7/site-packages/airflow/example_dags/tutorial_taskflow_api_etl_virtualenv.py
[2023-10-27 05:35:52,519] {processor.py:641} INFO - Processing file /home/airflow/.local/lib/python3.7/site-packages/airflow/example_dags/tutorial_taskflow_api_etl_virtualenv.py for tasks to queue
[2023-10-27 05:35:52,520] {logging_mixin.py:115} INFO - [2023-10-27 05:35:52,520] {dagbag.py:508} INFO - Filling up the DagBag from /home/airflow/.local/lib/python3.7/site-packages/airflow/example_dags/tutorial_taskflow_api_etl_virtualenv.py
[2023-10-27 05:35:52,543] {processor.py:651} INFO - DAG(s) dict_keys(['tutorial_taskflow_api_etl_virtualenv']) retrieved from /home/airflow/.local/lib/python3.7/site-packages/airflow/example_dags/tutorial_taskflow_api_etl_virtualenv.py
[2023-10-27 05:35:52,719] {logging_mixin.py:115} INFO - [2023-10-27 05:35:52,719] {dag.py:2420} INFO - Sync 1 DAGs
[2023-10-27 05:35:52,740] {logging_mixin.py:115} INFO - [2023-10-27 05:35:52,740] {dag.py:2972} INFO - Setting next_dagrun for tutorial_taskflow_api_etl_virtualenv to None, run_after=None
[2023-10-27 05:35:52,751] {processor.py:161} INFO - Processing /home/airflow/.local/lib/python3.7/site-packages/airflow/example_dags/tutorial_taskflow_api_etl_virtualenv.py took 0.237 seconds
[2023-10-27 05:36:22,858] {processor.py:153} INFO - Started process (PID=960) to work on /home/airflow/.local/lib/python3.7/site-packages/airflow/example_dags/tutorial_taskflow_api_etl_virtualenv.py
[2023-10-27 05:36:22,859] {processor.py:641} INFO - Processing file /home/airflow/.local/lib/python3.7/site-packages/airflow/example_dags/tutorial_taskflow_api_etl_virtualenv.py for tasks to queue
[2023-10-27 05:36:22,860] {logging_mixin.py:115} INFO - [2023-10-27 05:36:22,860] {dagbag.py:508} INFO - Filling up the DagBag from /home/airflow/.local/lib/python3.7/site-packages/airflow/example_dags/tutorial_taskflow_api_etl_virtualenv.py
[2023-10-27 05:36:22,883] {processor.py:651} INFO - DAG(s) dict_keys(['tutorial_taskflow_api_etl_virtualenv']) retrieved from /home/airflow/.local/lib/python3.7/site-packages/airflow/example_dags/tutorial_taskflow_api_etl_virtualenv.py
[2023-10-27 05:36:23,117] {logging_mixin.py:115} INFO - [2023-10-27 05:36:23,117] {dag.py:2420} INFO - Sync 1 DAGs
[2023-10-27 05:36:23,138] {logging_mixin.py:115} INFO - [2023-10-27 05:36:23,138] {dag.py:2972} INFO - Setting next_dagrun for tutorial_taskflow_api_etl_virtualenv to None, run_after=None
[2023-10-27 05:36:23,151] {processor.py:161} INFO - Processing /home/airflow/.local/lib/python3.7/site-packages/airflow/example_dags/tutorial_taskflow_api_etl_virtualenv.py took 0.297 seconds
[2023-10-27 05:36:53,278] {processor.py:153} INFO - Started process (PID=1018) to work on /home/airflow/.local/lib/python3.7/site-packages/airflow/example_dags/tutorial_taskflow_api_etl_virtualenv.py
[2023-10-27 05:36:53,279] {processor.py:641} INFO - Processing file /home/airflow/.local/lib/python3.7/site-packages/airflow/example_dags/tutorial_taskflow_api_etl_virtualenv.py for tasks to queue
[2023-10-27 05:36:53,280] {logging_mixin.py:115} INFO - [2023-10-27 05:36:53,279] {dagbag.py:508} INFO - Filling up the DagBag from /home/airflow/.local/lib/python3.7/site-packages/airflow/example_dags/tutorial_taskflow_api_etl_virtualenv.py
[2023-10-27 05:36:53,303] {processor.py:651} INFO - DAG(s) dict_keys(['tutorial_taskflow_api_etl_virtualenv']) retrieved from /home/airflow/.local/lib/python3.7/site-packages/airflow/example_dags/tutorial_taskflow_api_etl_virtualenv.py
[2023-10-27 05:36:53,539] {logging_mixin.py:115} INFO - [2023-10-27 05:36:53,539] {dag.py:2420} INFO - Sync 1 DAGs
[2023-10-27 05:36:53,560] {logging_mixin.py:115} INFO - [2023-10-27 05:36:53,560] {dag.py:2972} INFO - Setting next_dagrun for tutorial_taskflow_api_etl_virtualenv to None, run_after=None
[2023-10-27 05:36:53,573] {processor.py:161} INFO - Processing /home/airflow/.local/lib/python3.7/site-packages/airflow/example_dags/tutorial_taskflow_api_etl_virtualenv.py took 0.300 seconds
[2023-10-27 05:37:23,620] {processor.py:153} INFO - Started process (PID=1070) to work on /home/airflow/.local/lib/python3.7/site-packages/airflow/example_dags/tutorial_taskflow_api_etl_virtualenv.py
[2023-10-27 05:37:23,621] {processor.py:641} INFO - Processing file /home/airflow/.local/lib/python3.7/site-packages/airflow/example_dags/tutorial_taskflow_api_etl_virtualenv.py for tasks to queue
[2023-10-27 05:37:23,621] {logging_mixin.py:115} INFO - [2023-10-27 05:37:23,621] {dagbag.py:508} INFO - Filling up the DagBag from /home/airflow/.local/lib/python3.7/site-packages/airflow/example_dags/tutorial_taskflow_api_etl_virtualenv.py
[2023-10-27 05:37:23,645] {processor.py:651} INFO - DAG(s) dict_keys(['tutorial_taskflow_api_etl_virtualenv']) retrieved from /home/airflow/.local/lib/python3.7/site-packages/airflow/example_dags/tutorial_taskflow_api_etl_virtualenv.py
[2023-10-27 05:37:23,826] {logging_mixin.py:115} INFO - [2023-10-27 05:37:23,826] {dag.py:2420} INFO - Sync 1 DAGs
[2023-10-27 05:37:23,848] {logging_mixin.py:115} INFO - [2023-10-27 05:37:23,848] {dag.py:2972} INFO - Setting next_dagrun for tutorial_taskflow_api_etl_virtualenv to None, run_after=None
[2023-10-27 05:37:23,861] {processor.py:161} INFO - Processing /home/airflow/.local/lib/python3.7/site-packages/airflow/example_dags/tutorial_taskflow_api_etl_virtualenv.py took 0.245 seconds
[2023-10-27 05:37:54,548] {processor.py:153} INFO - Started process (PID=1131) to work on /home/airflow/.local/lib/python3.7/site-packages/airflow/example_dags/tutorial_taskflow_api_etl_virtualenv.py
[2023-10-27 05:37:54,549] {processor.py:641} INFO - Processing file /home/airflow/.local/lib/python3.7/site-packages/airflow/example_dags/tutorial_taskflow_api_etl_virtualenv.py for tasks to queue
[2023-10-27 05:37:54,550] {logging_mixin.py:115} INFO - [2023-10-27 05:37:54,549] {dagbag.py:508} INFO - Filling up the DagBag from /home/airflow/.local/lib/python3.7/site-packages/airflow/example_dags/tutorial_taskflow_api_etl_virtualenv.py
[2023-10-27 05:37:54,573] {processor.py:651} INFO - DAG(s) dict_keys(['tutorial_taskflow_api_etl_virtualenv']) retrieved from /home/airflow/.local/lib/python3.7/site-packages/airflow/example_dags/tutorial_taskflow_api_etl_virtualenv.py
[2023-10-27 05:37:54,755] {logging_mixin.py:115} INFO - [2023-10-27 05:37:54,755] {dag.py:2420} INFO - Sync 1 DAGs
[2023-10-27 05:37:54,777] {logging_mixin.py:115} INFO - [2023-10-27 05:37:54,777] {dag.py:2972} INFO - Setting next_dagrun for tutorial_taskflow_api_etl_virtualenv to None, run_after=None
[2023-10-27 05:37:54,789] {processor.py:161} INFO - Processing /home/airflow/.local/lib/python3.7/site-packages/airflow/example_dags/tutorial_taskflow_api_etl_virtualenv.py took 0.245 seconds
[2023-10-27 05:38:24,942] {processor.py:153} INFO - Started process (PID=1191) to work on /home/airflow/.local/lib/python3.7/site-packages/airflow/example_dags/tutorial_taskflow_api_etl_virtualenv.py
[2023-10-27 05:38:24,942] {processor.py:641} INFO - Processing file /home/airflow/.local/lib/python3.7/site-packages/airflow/example_dags/tutorial_taskflow_api_etl_virtualenv.py for tasks to queue
[2023-10-27 05:38:24,943] {logging_mixin.py:115} INFO - [2023-10-27 05:38:24,943] {dagbag.py:508} INFO - Filling up the DagBag from /home/airflow/.local/lib/python3.7/site-packages/airflow/example_dags/tutorial_taskflow_api_etl_virtualenv.py
[2023-10-27 05:38:24,966] {processor.py:651} INFO - DAG(s) dict_keys(['tutorial_taskflow_api_etl_virtualenv']) retrieved from /home/airflow/.local/lib/python3.7/site-packages/airflow/example_dags/tutorial_taskflow_api_etl_virtualenv.py
[2023-10-27 05:38:25,196] {logging_mixin.py:115} INFO - [2023-10-27 05:38:25,196] {dag.py:2420} INFO - Sync 1 DAGs
[2023-10-27 05:38:25,217] {logging_mixin.py:115} INFO - [2023-10-27 05:38:25,217] {dag.py:2972} INFO - Setting next_dagrun for tutorial_taskflow_api_etl_virtualenv to None, run_after=None
[2023-10-27 05:38:25,231] {processor.py:161} INFO - Processing /home/airflow/.local/lib/python3.7/site-packages/airflow/example_dags/tutorial_taskflow_api_etl_virtualenv.py took 0.294 seconds
[2023-10-27 05:38:55,327] {processor.py:153} INFO - Started process (PID=1245) to work on /home/airflow/.local/lib/python3.7/site-packages/airflow/example_dags/tutorial_taskflow_api_etl_virtualenv.py
[2023-10-27 05:38:55,328] {processor.py:641} INFO - Processing file /home/airflow/.local/lib/python3.7/site-packages/airflow/example_dags/tutorial_taskflow_api_etl_virtualenv.py for tasks to queue
[2023-10-27 05:38:55,329] {logging_mixin.py:115} INFO - [2023-10-27 05:38:55,329] {dagbag.py:508} INFO - Filling up the DagBag from /home/airflow/.local/lib/python3.7/site-packages/airflow/example_dags/tutorial_taskflow_api_etl_virtualenv.py
[2023-10-27 05:38:55,352] {processor.py:651} INFO - DAG(s) dict_keys(['tutorial_taskflow_api_etl_virtualenv']) retrieved from /home/airflow/.local/lib/python3.7/site-packages/airflow/example_dags/tutorial_taskflow_api_etl_virtualenv.py
[2023-10-27 05:38:55,576] {logging_mixin.py:115} INFO - [2023-10-27 05:38:55,576] {dag.py:2420} INFO - Sync 1 DAGs
[2023-10-27 05:38:55,598] {logging_mixin.py:115} INFO - [2023-10-27 05:38:55,598] {dag.py:2972} INFO - Setting next_dagrun for tutorial_taskflow_api_etl_virtualenv to None, run_after=None
[2023-10-27 05:38:55,612] {processor.py:161} INFO - Processing /home/airflow/.local/lib/python3.7/site-packages/airflow/example_dags/tutorial_taskflow_api_etl_virtualenv.py took 0.289 seconds
[2023-10-27 05:39:25,740] {processor.py:153} INFO - Started process (PID=1306) to work on /home/airflow/.local/lib/python3.7/site-packages/airflow/example_dags/tutorial_taskflow_api_etl_virtualenv.py
[2023-10-27 05:39:25,741] {processor.py:641} INFO - Processing file /home/airflow/.local/lib/python3.7/site-packages/airflow/example_dags/tutorial_taskflow_api_etl_virtualenv.py for tasks to queue
[2023-10-27 05:39:25,741] {logging_mixin.py:115} INFO - [2023-10-27 05:39:25,741] {dagbag.py:508} INFO - Filling up the DagBag from /home/airflow/.local/lib/python3.7/site-packages/airflow/example_dags/tutorial_taskflow_api_etl_virtualenv.py
[2023-10-27 05:39:25,765] {processor.py:651} INFO - DAG(s) dict_keys(['tutorial_taskflow_api_etl_virtualenv']) retrieved from /home/airflow/.local/lib/python3.7/site-packages/airflow/example_dags/tutorial_taskflow_api_etl_virtualenv.py
[2023-10-27 05:39:25,984] {logging_mixin.py:115} INFO - [2023-10-27 05:39:25,984] {dag.py:2420} INFO - Sync 1 DAGs
[2023-10-27 05:39:26,004] {logging_mixin.py:115} INFO - [2023-10-27 05:39:26,004] {dag.py:2972} INFO - Setting next_dagrun for tutorial_taskflow_api_etl_virtualenv to None, run_after=None
[2023-10-27 05:39:26,018] {processor.py:161} INFO - Processing /home/airflow/.local/lib/python3.7/site-packages/airflow/example_dags/tutorial_taskflow_api_etl_virtualenv.py took 0.282 seconds
[2023-10-27 05:39:56,188] {processor.py:153} INFO - Started process (PID=1357) to work on /home/airflow/.local/lib/python3.7/site-packages/airflow/example_dags/tutorial_taskflow_api_etl_virtualenv.py
[2023-10-27 05:39:56,189] {processor.py:641} INFO - Processing file /home/airflow/.local/lib/python3.7/site-packages/airflow/example_dags/tutorial_taskflow_api_etl_virtualenv.py for tasks to queue
[2023-10-27 05:39:56,189] {logging_mixin.py:115} INFO - [2023-10-27 05:39:56,189] {dagbag.py:508} INFO - Filling up the DagBag from /home/airflow/.local/lib/python3.7/site-packages/airflow/example_dags/tutorial_taskflow_api_etl_virtualenv.py
[2023-10-27 05:39:56,216] {processor.py:651} INFO - DAG(s) dict_keys(['tutorial_taskflow_api_etl_virtualenv']) retrieved from /home/airflow/.local/lib/python3.7/site-packages/airflow/example_dags/tutorial_taskflow_api_etl_virtualenv.py
[2023-10-27 05:39:56,448] {logging_mixin.py:115} INFO - [2023-10-27 05:39:56,448] {dag.py:2420} INFO - Sync 1 DAGs
[2023-10-27 05:39:56,468] {logging_mixin.py:115} INFO - [2023-10-27 05:39:56,468] {dag.py:2972} INFO - Setting next_dagrun for tutorial_taskflow_api_etl_virtualenv to None, run_after=None
[2023-10-27 05:39:56,482] {processor.py:161} INFO - Processing /home/airflow/.local/lib/python3.7/site-packages/airflow/example_dags/tutorial_taskflow_api_etl_virtualenv.py took 0.298 seconds
[2023-10-27 05:40:26,797] {processor.py:153} INFO - Started process (PID=1419) to work on /home/airflow/.local/lib/python3.7/site-packages/airflow/example_dags/tutorial_taskflow_api_etl_virtualenv.py
[2023-10-27 05:40:26,797] {processor.py:641} INFO - Processing file /home/airflow/.local/lib/python3.7/site-packages/airflow/example_dags/tutorial_taskflow_api_etl_virtualenv.py for tasks to queue
[2023-10-27 05:40:26,798] {logging_mixin.py:115} INFO - [2023-10-27 05:40:26,798] {dagbag.py:508} INFO - Filling up the DagBag from /home/airflow/.local/lib/python3.7/site-packages/airflow/example_dags/tutorial_taskflow_api_etl_virtualenv.py
[2023-10-27 05:40:26,821] {processor.py:651} INFO - DAG(s) dict_keys(['tutorial_taskflow_api_etl_virtualenv']) retrieved from /home/airflow/.local/lib/python3.7/site-packages/airflow/example_dags/tutorial_taskflow_api_etl_virtualenv.py
[2023-10-27 05:40:27,047] {logging_mixin.py:115} INFO - [2023-10-27 05:40:27,047] {dag.py:2420} INFO - Sync 1 DAGs
[2023-10-27 05:40:27,068] {logging_mixin.py:115} INFO - [2023-10-27 05:40:27,068] {dag.py:2972} INFO - Setting next_dagrun for tutorial_taskflow_api_etl_virtualenv to None, run_after=None
[2023-10-27 05:40:27,082] {processor.py:161} INFO - Processing /home/airflow/.local/lib/python3.7/site-packages/airflow/example_dags/tutorial_taskflow_api_etl_virtualenv.py took 0.289 seconds
[2023-10-27 05:40:57,173] {processor.py:153} INFO - Started process (PID=1480) to work on /home/airflow/.local/lib/python3.7/site-packages/airflow/example_dags/tutorial_taskflow_api_etl_virtualenv.py
[2023-10-27 05:40:57,174] {processor.py:641} INFO - Processing file /home/airflow/.local/lib/python3.7/site-packages/airflow/example_dags/tutorial_taskflow_api_etl_virtualenv.py for tasks to queue
[2023-10-27 05:40:57,174] {logging_mixin.py:115} INFO - [2023-10-27 05:40:57,174] {dagbag.py:508} INFO - Filling up the DagBag from /home/airflow/.local/lib/python3.7/site-packages/airflow/example_dags/tutorial_taskflow_api_etl_virtualenv.py
[2023-10-27 05:40:57,198] {processor.py:651} INFO - DAG(s) dict_keys(['tutorial_taskflow_api_etl_virtualenv']) retrieved from /home/airflow/.local/lib/python3.7/site-packages/airflow/example_dags/tutorial_taskflow_api_etl_virtualenv.py
[2023-10-27 05:40:57,386] {logging_mixin.py:115} INFO - [2023-10-27 05:40:57,386] {dag.py:2420} INFO - Sync 1 DAGs
[2023-10-27 05:40:57,411] {logging_mixin.py:115} INFO - [2023-10-27 05:40:57,411] {dag.py:2972} INFO - Setting next_dagrun for tutorial_taskflow_api_etl_virtualenv to None, run_after=None
[2023-10-27 05:40:57,423] {processor.py:161} INFO - Processing /home/airflow/.local/lib/python3.7/site-packages/airflow/example_dags/tutorial_taskflow_api_etl_virtualenv.py took 0.255 seconds
[2023-10-27 05:41:27,942] {processor.py:153} INFO - Started process (PID=1532) to work on /home/airflow/.local/lib/python3.7/site-packages/airflow/example_dags/tutorial_taskflow_api_etl_virtualenv.py
[2023-10-27 05:41:27,943] {processor.py:641} INFO - Processing file /home/airflow/.local/lib/python3.7/site-packages/airflow/example_dags/tutorial_taskflow_api_etl_virtualenv.py for tasks to queue
[2023-10-27 05:41:27,943] {logging_mixin.py:115} INFO - [2023-10-27 05:41:27,943] {dagbag.py:508} INFO - Filling up the DagBag from /home/airflow/.local/lib/python3.7/site-packages/airflow/example_dags/tutorial_taskflow_api_etl_virtualenv.py
[2023-10-27 05:41:27,968] {processor.py:651} INFO - DAG(s) dict_keys(['tutorial_taskflow_api_etl_virtualenv']) retrieved from /home/airflow/.local/lib/python3.7/site-packages/airflow/example_dags/tutorial_taskflow_api_etl_virtualenv.py
[2023-10-27 05:41:28,152] {logging_mixin.py:115} INFO - [2023-10-27 05:41:28,152] {dag.py:2420} INFO - Sync 1 DAGs
[2023-10-27 05:41:28,174] {logging_mixin.py:115} INFO - [2023-10-27 05:41:28,174] {dag.py:2972} INFO - Setting next_dagrun for tutorial_taskflow_api_etl_virtualenv to None, run_after=None
[2023-10-27 05:41:28,185] {processor.py:161} INFO - Processing /home/airflow/.local/lib/python3.7/site-packages/airflow/example_dags/tutorial_taskflow_api_etl_virtualenv.py took 0.248 seconds
[2023-10-27 05:41:58,694] {processor.py:153} INFO - Started process (PID=1584) to work on /home/airflow/.local/lib/python3.7/site-packages/airflow/example_dags/tutorial_taskflow_api_etl_virtualenv.py
[2023-10-27 05:41:58,695] {processor.py:641} INFO - Processing file /home/airflow/.local/lib/python3.7/site-packages/airflow/example_dags/tutorial_taskflow_api_etl_virtualenv.py for tasks to queue
[2023-10-27 05:41:58,696] {logging_mixin.py:115} INFO - [2023-10-27 05:41:58,696] {dagbag.py:508} INFO - Filling up the DagBag from /home/airflow/.local/lib/python3.7/site-packages/airflow/example_dags/tutorial_taskflow_api_etl_virtualenv.py
[2023-10-27 05:41:58,719] {processor.py:651} INFO - DAG(s) dict_keys(['tutorial_taskflow_api_etl_virtualenv']) retrieved from /home/airflow/.local/lib/python3.7/site-packages/airflow/example_dags/tutorial_taskflow_api_etl_virtualenv.py
[2023-10-27 05:41:58,899] {logging_mixin.py:115} INFO - [2023-10-27 05:41:58,899] {dag.py:2420} INFO - Sync 1 DAGs
[2023-10-27 05:41:58,922] {logging_mixin.py:115} INFO - [2023-10-27 05:41:58,921] {dag.py:2972} INFO - Setting next_dagrun for tutorial_taskflow_api_etl_virtualenv to None, run_after=None
[2023-10-27 05:41:58,933] {processor.py:161} INFO - Processing /home/airflow/.local/lib/python3.7/site-packages/airflow/example_dags/tutorial_taskflow_api_etl_virtualenv.py took 0.243 seconds
[2023-10-27 05:42:29,535] {processor.py:153} INFO - Started process (PID=1645) to work on /home/airflow/.local/lib/python3.7/site-packages/airflow/example_dags/tutorial_taskflow_api_etl_virtualenv.py
[2023-10-27 05:42:29,536] {processor.py:641} INFO - Processing file /home/airflow/.local/lib/python3.7/site-packages/airflow/example_dags/tutorial_taskflow_api_etl_virtualenv.py for tasks to queue
[2023-10-27 05:42:29,537] {logging_mixin.py:115} INFO - [2023-10-27 05:42:29,537] {dagbag.py:508} INFO - Filling up the DagBag from /home/airflow/.local/lib/python3.7/site-packages/airflow/example_dags/tutorial_taskflow_api_etl_virtualenv.py
[2023-10-27 05:42:29,561] {processor.py:651} INFO - DAG(s) dict_keys(['tutorial_taskflow_api_etl_virtualenv']) retrieved from /home/airflow/.local/lib/python3.7/site-packages/airflow/example_dags/tutorial_taskflow_api_etl_virtualenv.py
[2023-10-27 05:42:29,751] {logging_mixin.py:115} INFO - [2023-10-27 05:42:29,751] {dag.py:2420} INFO - Sync 1 DAGs
[2023-10-27 05:42:29,772] {logging_mixin.py:115} INFO - [2023-10-27 05:42:29,772] {dag.py:2972} INFO - Setting next_dagrun for tutorial_taskflow_api_etl_virtualenv to None, run_after=None
[2023-10-27 05:42:29,784] {processor.py:161} INFO - Processing /home/airflow/.local/lib/python3.7/site-packages/airflow/example_dags/tutorial_taskflow_api_etl_virtualenv.py took 0.254 seconds
[2023-10-27 05:42:59,929] {processor.py:153} INFO - Started process (PID=1706) to work on /home/airflow/.local/lib/python3.7/site-packages/airflow/example_dags/tutorial_taskflow_api_etl_virtualenv.py
[2023-10-27 05:42:59,930] {processor.py:641} INFO - Processing file /home/airflow/.local/lib/python3.7/site-packages/airflow/example_dags/tutorial_taskflow_api_etl_virtualenv.py for tasks to queue
[2023-10-27 05:42:59,931] {logging_mixin.py:115} INFO - [2023-10-27 05:42:59,931] {dagbag.py:508} INFO - Filling up the DagBag from /home/airflow/.local/lib/python3.7/site-packages/airflow/example_dags/tutorial_taskflow_api_etl_virtualenv.py
[2023-10-27 05:42:59,954] {processor.py:651} INFO - DAG(s) dict_keys(['tutorial_taskflow_api_etl_virtualenv']) retrieved from /home/airflow/.local/lib/python3.7/site-packages/airflow/example_dags/tutorial_taskflow_api_etl_virtualenv.py
[2023-10-27 05:43:00,139] {logging_mixin.py:115} INFO - [2023-10-27 05:43:00,139] {dag.py:2420} INFO - Sync 1 DAGs
[2023-10-27 05:43:00,161] {logging_mixin.py:115} INFO - [2023-10-27 05:43:00,161] {dag.py:2972} INFO - Setting next_dagrun for tutorial_taskflow_api_etl_virtualenv to None, run_after=None
[2023-10-27 05:43:00,173] {processor.py:161} INFO - Processing /home/airflow/.local/lib/python3.7/site-packages/airflow/example_dags/tutorial_taskflow_api_etl_virtualenv.py took 0.248 seconds
[2023-10-27 05:43:30,974] {processor.py:153} INFO - Started process (PID=1757) to work on /home/airflow/.local/lib/python3.7/site-packages/airflow/example_dags/tutorial_taskflow_api_etl_virtualenv.py
[2023-10-27 05:43:30,975] {processor.py:641} INFO - Processing file /home/airflow/.local/lib/python3.7/site-packages/airflow/example_dags/tutorial_taskflow_api_etl_virtualenv.py for tasks to queue
[2023-10-27 05:43:30,976] {logging_mixin.py:115} INFO - [2023-10-27 05:43:30,975] {dagbag.py:508} INFO - Filling up the DagBag from /home/airflow/.local/lib/python3.7/site-packages/airflow/example_dags/tutorial_taskflow_api_etl_virtualenv.py
[2023-10-27 05:43:31,160] {processor.py:651} INFO - DAG(s) dict_keys(['tutorial_taskflow_api_etl_virtualenv']) retrieved from /home/airflow/.local/lib/python3.7/site-packages/airflow/example_dags/tutorial_taskflow_api_etl_virtualenv.py
[2023-10-27 05:43:31,228] {logging_mixin.py:115} INFO - [2023-10-27 05:43:31,228] {dag.py:2420} INFO - Sync 1 DAGs
[2023-10-27 05:43:31,248] {logging_mixin.py:115} INFO - [2023-10-27 05:43:31,248] {dag.py:2972} INFO - Setting next_dagrun for tutorial_taskflow_api_etl_virtualenv to None, run_after=None
[2023-10-27 05:43:31,263] {processor.py:161} INFO - Processing /home/airflow/.local/lib/python3.7/site-packages/airflow/example_dags/tutorial_taskflow_api_etl_virtualenv.py took 0.294 seconds
[2023-10-27 05:44:01,442] {processor.py:153} INFO - Started process (PID=1817) to work on /home/airflow/.local/lib/python3.7/site-packages/airflow/example_dags/tutorial_taskflow_api_etl_virtualenv.py
[2023-10-27 05:44:01,443] {processor.py:641} INFO - Processing file /home/airflow/.local/lib/python3.7/site-packages/airflow/example_dags/tutorial_taskflow_api_etl_virtualenv.py for tasks to queue
[2023-10-27 05:44:01,444] {logging_mixin.py:115} INFO - [2023-10-27 05:44:01,443] {dagbag.py:508} INFO - Filling up the DagBag from /home/airflow/.local/lib/python3.7/site-packages/airflow/example_dags/tutorial_taskflow_api_etl_virtualenv.py
[2023-10-27 05:44:01,632] {processor.py:651} INFO - DAG(s) dict_keys(['tutorial_taskflow_api_etl_virtualenv']) retrieved from /home/airflow/.local/lib/python3.7/site-packages/airflow/example_dags/tutorial_taskflow_api_etl_virtualenv.py
[2023-10-27 05:44:01,701] {logging_mixin.py:115} INFO - [2023-10-27 05:44:01,701] {dag.py:2420} INFO - Sync 1 DAGs
[2023-10-27 05:44:01,723] {logging_mixin.py:115} INFO - [2023-10-27 05:44:01,723] {dag.py:2972} INFO - Setting next_dagrun for tutorial_taskflow_api_etl_virtualenv to None, run_after=None
[2023-10-27 05:44:01,739] {processor.py:161} INFO - Processing /home/airflow/.local/lib/python3.7/site-packages/airflow/example_dags/tutorial_taskflow_api_etl_virtualenv.py took 0.301 seconds
[2023-10-27 05:44:31,780] {processor.py:153} INFO - Started process (PID=1869) to work on /home/airflow/.local/lib/python3.7/site-packages/airflow/example_dags/tutorial_taskflow_api_etl_virtualenv.py
[2023-10-27 05:44:31,781] {processor.py:641} INFO - Processing file /home/airflow/.local/lib/python3.7/site-packages/airflow/example_dags/tutorial_taskflow_api_etl_virtualenv.py for tasks to queue
[2023-10-27 05:44:31,782] {logging_mixin.py:115} INFO - [2023-10-27 05:44:31,782] {dagbag.py:508} INFO - Filling up the DagBag from /home/airflow/.local/lib/python3.7/site-packages/airflow/example_dags/tutorial_taskflow_api_etl_virtualenv.py
[2023-10-27 05:44:31,963] {processor.py:651} INFO - DAG(s) dict_keys(['tutorial_taskflow_api_etl_virtualenv']) retrieved from /home/airflow/.local/lib/python3.7/site-packages/airflow/example_dags/tutorial_taskflow_api_etl_virtualenv.py
[2023-10-27 05:44:31,985] {logging_mixin.py:115} INFO - [2023-10-27 05:44:31,985] {dag.py:2420} INFO - Sync 1 DAGs
[2023-10-27 05:44:32,007] {logging_mixin.py:115} INFO - [2023-10-27 05:44:32,007] {dag.py:2972} INFO - Setting next_dagrun for tutorial_taskflow_api_etl_virtualenv to None, run_after=None
[2023-10-27 05:44:32,018] {processor.py:161} INFO - Processing /home/airflow/.local/lib/python3.7/site-packages/airflow/example_dags/tutorial_taskflow_api_etl_virtualenv.py took 0.242 seconds
[2023-10-27 05:45:02,233] {processor.py:153} INFO - Started process (PID=1930) to work on /home/airflow/.local/lib/python3.7/site-packages/airflow/example_dags/tutorial_taskflow_api_etl_virtualenv.py
[2023-10-27 05:45:02,233] {processor.py:641} INFO - Processing file /home/airflow/.local/lib/python3.7/site-packages/airflow/example_dags/tutorial_taskflow_api_etl_virtualenv.py for tasks to queue
[2023-10-27 05:45:02,234] {logging_mixin.py:115} INFO - [2023-10-27 05:45:02,234] {dagbag.py:508} INFO - Filling up the DagBag from /home/airflow/.local/lib/python3.7/site-packages/airflow/example_dags/tutorial_taskflow_api_etl_virtualenv.py
[2023-10-27 05:45:02,418] {processor.py:651} INFO - DAG(s) dict_keys(['tutorial_taskflow_api_etl_virtualenv']) retrieved from /home/airflow/.local/lib/python3.7/site-packages/airflow/example_dags/tutorial_taskflow_api_etl_virtualenv.py
[2023-10-27 05:45:02,441] {logging_mixin.py:115} INFO - [2023-10-27 05:45:02,441] {dag.py:2420} INFO - Sync 1 DAGs
[2023-10-27 05:45:02,463] {logging_mixin.py:115} INFO - [2023-10-27 05:45:02,463] {dag.py:2972} INFO - Setting next_dagrun for tutorial_taskflow_api_etl_virtualenv to None, run_after=None
[2023-10-27 05:45:02,475] {processor.py:161} INFO - Processing /home/airflow/.local/lib/python3.7/site-packages/airflow/example_dags/tutorial_taskflow_api_etl_virtualenv.py took 0.246 seconds
[2023-10-27 05:45:32,850] {processor.py:153} INFO - Started process (PID=1983) to work on /home/airflow/.local/lib/python3.7/site-packages/airflow/example_dags/tutorial_taskflow_api_etl_virtualenv.py
[2023-10-27 05:45:32,851] {processor.py:641} INFO - Processing file /home/airflow/.local/lib/python3.7/site-packages/airflow/example_dags/tutorial_taskflow_api_etl_virtualenv.py for tasks to queue
[2023-10-27 05:45:32,851] {logging_mixin.py:115} INFO - [2023-10-27 05:45:32,851] {dagbag.py:508} INFO - Filling up the DagBag from /home/airflow/.local/lib/python3.7/site-packages/airflow/example_dags/tutorial_taskflow_api_etl_virtualenv.py
[2023-10-27 05:45:33,039] {processor.py:651} INFO - DAG(s) dict_keys(['tutorial_taskflow_api_etl_virtualenv']) retrieved from /home/airflow/.local/lib/python3.7/site-packages/airflow/example_dags/tutorial_taskflow_api_etl_virtualenv.py
[2023-10-27 05:45:33,061] {logging_mixin.py:115} INFO - [2023-10-27 05:45:33,061] {dag.py:2420} INFO - Sync 1 DAGs
[2023-10-27 05:45:33,083] {logging_mixin.py:115} INFO - [2023-10-27 05:45:33,083] {dag.py:2972} INFO - Setting next_dagrun for tutorial_taskflow_api_etl_virtualenv to None, run_after=None
[2023-10-27 05:45:33,095] {processor.py:161} INFO - Processing /home/airflow/.local/lib/python3.7/site-packages/airflow/example_dags/tutorial_taskflow_api_etl_virtualenv.py took 0.249 seconds
[2023-10-27 05:46:03,290] {processor.py:153} INFO - Started process (PID=2045) to work on /home/airflow/.local/lib/python3.7/site-packages/airflow/example_dags/tutorial_taskflow_api_etl_virtualenv.py
[2023-10-27 05:46:03,291] {processor.py:641} INFO - Processing file /home/airflow/.local/lib/python3.7/site-packages/airflow/example_dags/tutorial_taskflow_api_etl_virtualenv.py for tasks to queue
[2023-10-27 05:46:03,292] {logging_mixin.py:115} INFO - [2023-10-27 05:46:03,292] {dagbag.py:508} INFO - Filling up the DagBag from /home/airflow/.local/lib/python3.7/site-packages/airflow/example_dags/tutorial_taskflow_api_etl_virtualenv.py
[2023-10-27 05:46:03,479] {processor.py:651} INFO - DAG(s) dict_keys(['tutorial_taskflow_api_etl_virtualenv']) retrieved from /home/airflow/.local/lib/python3.7/site-packages/airflow/example_dags/tutorial_taskflow_api_etl_virtualenv.py
[2023-10-27 05:46:03,502] {logging_mixin.py:115} INFO - [2023-10-27 05:46:03,502] {dag.py:2420} INFO - Sync 1 DAGs
[2023-10-27 05:46:03,524] {logging_mixin.py:115} INFO - [2023-10-27 05:46:03,524] {dag.py:2972} INFO - Setting next_dagrun for tutorial_taskflow_api_etl_virtualenv to None, run_after=None
[2023-10-27 05:46:03,536] {processor.py:161} INFO - Processing /home/airflow/.local/lib/python3.7/site-packages/airflow/example_dags/tutorial_taskflow_api_etl_virtualenv.py took 0.250 seconds
[2023-10-27 05:46:33,819] {processor.py:153} INFO - Started process (PID=2099) to work on /home/airflow/.local/lib/python3.7/site-packages/airflow/example_dags/tutorial_taskflow_api_etl_virtualenv.py
[2023-10-27 05:46:33,820] {processor.py:641} INFO - Processing file /home/airflow/.local/lib/python3.7/site-packages/airflow/example_dags/tutorial_taskflow_api_etl_virtualenv.py for tasks to queue
[2023-10-27 05:46:33,820] {logging_mixin.py:115} INFO - [2023-10-27 05:46:33,820] {dagbag.py:508} INFO - Filling up the DagBag from /home/airflow/.local/lib/python3.7/site-packages/airflow/example_dags/tutorial_taskflow_api_etl_virtualenv.py
[2023-10-27 05:46:34,024] {processor.py:651} INFO - DAG(s) dict_keys(['tutorial_taskflow_api_etl_virtualenv']) retrieved from /home/airflow/.local/lib/python3.7/site-packages/airflow/example_dags/tutorial_taskflow_api_etl_virtualenv.py
[2023-10-27 05:46:34,050] {logging_mixin.py:115} INFO - [2023-10-27 05:46:34,050] {dag.py:2420} INFO - Sync 1 DAGs
[2023-10-27 05:46:34,073] {logging_mixin.py:115} INFO - [2023-10-27 05:46:34,073] {dag.py:2972} INFO - Setting next_dagrun for tutorial_taskflow_api_etl_virtualenv to None, run_after=None
[2023-10-27 05:46:34,086] {processor.py:161} INFO - Processing /home/airflow/.local/lib/python3.7/site-packages/airflow/example_dags/tutorial_taskflow_api_etl_virtualenv.py took 0.271 seconds
[2023-10-27 05:47:04,238] {processor.py:153} INFO - Started process (PID=2162) to work on /home/airflow/.local/lib/python3.7/site-packages/airflow/example_dags/tutorial_taskflow_api_etl_virtualenv.py
[2023-10-27 05:47:04,238] {processor.py:641} INFO - Processing file /home/airflow/.local/lib/python3.7/site-packages/airflow/example_dags/tutorial_taskflow_api_etl_virtualenv.py for tasks to queue
[2023-10-27 05:47:04,239] {logging_mixin.py:115} INFO - [2023-10-27 05:47:04,239] {dagbag.py:508} INFO - Filling up the DagBag from /home/airflow/.local/lib/python3.7/site-packages/airflow/example_dags/tutorial_taskflow_api_etl_virtualenv.py
[2023-10-27 05:47:04,421] {processor.py:651} INFO - DAG(s) dict_keys(['tutorial_taskflow_api_etl_virtualenv']) retrieved from /home/airflow/.local/lib/python3.7/site-packages/airflow/example_dags/tutorial_taskflow_api_etl_virtualenv.py
[2023-10-27 05:47:04,443] {logging_mixin.py:115} INFO - [2023-10-27 05:47:04,443] {dag.py:2420} INFO - Sync 1 DAGs
[2023-10-27 05:47:04,467] {logging_mixin.py:115} INFO - [2023-10-27 05:47:04,467] {dag.py:2972} INFO - Setting next_dagrun for tutorial_taskflow_api_etl_virtualenv to None, run_after=None
[2023-10-27 05:47:04,478] {processor.py:161} INFO - Processing /home/airflow/.local/lib/python3.7/site-packages/airflow/example_dags/tutorial_taskflow_api_etl_virtualenv.py took 0.245 seconds
[2023-10-27 05:47:34,882] {processor.py:153} INFO - Started process (PID=2224) to work on /home/airflow/.local/lib/python3.7/site-packages/airflow/example_dags/tutorial_taskflow_api_etl_virtualenv.py
[2023-10-27 05:47:34,883] {processor.py:641} INFO - Processing file /home/airflow/.local/lib/python3.7/site-packages/airflow/example_dags/tutorial_taskflow_api_etl_virtualenv.py for tasks to queue
[2023-10-27 05:47:34,884] {logging_mixin.py:115} INFO - [2023-10-27 05:47:34,883] {dagbag.py:508} INFO - Filling up the DagBag from /home/airflow/.local/lib/python3.7/site-packages/airflow/example_dags/tutorial_taskflow_api_etl_virtualenv.py
[2023-10-27 05:47:35,071] {processor.py:651} INFO - DAG(s) dict_keys(['tutorial_taskflow_api_etl_virtualenv']) retrieved from /home/airflow/.local/lib/python3.7/site-packages/airflow/example_dags/tutorial_taskflow_api_etl_virtualenv.py
[2023-10-27 05:47:35,094] {logging_mixin.py:115} INFO - [2023-10-27 05:47:35,093] {dag.py:2420} INFO - Sync 1 DAGs
[2023-10-27 05:47:35,116] {logging_mixin.py:115} INFO - [2023-10-27 05:47:35,116] {dag.py:2972} INFO - Setting next_dagrun for tutorial_taskflow_api_etl_virtualenv to None, run_after=None
[2023-10-27 05:47:35,127] {processor.py:161} INFO - Processing /home/airflow/.local/lib/python3.7/site-packages/airflow/example_dags/tutorial_taskflow_api_etl_virtualenv.py took 0.249 seconds
[2023-10-27 05:48:05,241] {processor.py:153} INFO - Started process (PID=2276) to work on /home/airflow/.local/lib/python3.7/site-packages/airflow/example_dags/tutorial_taskflow_api_etl_virtualenv.py
[2023-10-27 05:48:05,242] {processor.py:641} INFO - Processing file /home/airflow/.local/lib/python3.7/site-packages/airflow/example_dags/tutorial_taskflow_api_etl_virtualenv.py for tasks to queue
[2023-10-27 05:48:05,242] {logging_mixin.py:115} INFO - [2023-10-27 05:48:05,242] {dagbag.py:508} INFO - Filling up the DagBag from /home/airflow/.local/lib/python3.7/site-packages/airflow/example_dags/tutorial_taskflow_api_etl_virtualenv.py
[2023-10-27 05:48:05,423] {processor.py:651} INFO - DAG(s) dict_keys(['tutorial_taskflow_api_etl_virtualenv']) retrieved from /home/airflow/.local/lib/python3.7/site-packages/airflow/example_dags/tutorial_taskflow_api_etl_virtualenv.py
[2023-10-27 05:48:05,444] {logging_mixin.py:115} INFO - [2023-10-27 05:48:05,444] {dag.py:2420} INFO - Sync 1 DAGs
[2023-10-27 05:48:05,466] {logging_mixin.py:115} INFO - [2023-10-27 05:48:05,466] {dag.py:2972} INFO - Setting next_dagrun for tutorial_taskflow_api_etl_virtualenv to None, run_after=None
[2023-10-27 05:48:05,478] {processor.py:161} INFO - Processing /home/airflow/.local/lib/python3.7/site-packages/airflow/example_dags/tutorial_taskflow_api_etl_virtualenv.py took 0.241 seconds
[2023-10-27 05:48:35,610] {processor.py:153} INFO - Started process (PID=2338) to work on /home/airflow/.local/lib/python3.7/site-packages/airflow/example_dags/tutorial_taskflow_api_etl_virtualenv.py
[2023-10-27 05:48:35,610] {processor.py:641} INFO - Processing file /home/airflow/.local/lib/python3.7/site-packages/airflow/example_dags/tutorial_taskflow_api_etl_virtualenv.py for tasks to queue
[2023-10-27 05:48:35,611] {logging_mixin.py:115} INFO - [2023-10-27 05:48:35,611] {dagbag.py:508} INFO - Filling up the DagBag from /home/airflow/.local/lib/python3.7/site-packages/airflow/example_dags/tutorial_taskflow_api_etl_virtualenv.py
[2023-10-27 05:48:35,794] {processor.py:651} INFO - DAG(s) dict_keys(['tutorial_taskflow_api_etl_virtualenv']) retrieved from /home/airflow/.local/lib/python3.7/site-packages/airflow/example_dags/tutorial_taskflow_api_etl_virtualenv.py
[2023-10-27 05:48:35,860] {logging_mixin.py:115} INFO - [2023-10-27 05:48:35,860] {dag.py:2420} INFO - Sync 1 DAGs
[2023-10-27 05:48:35,881] {logging_mixin.py:115} INFO - [2023-10-27 05:48:35,880] {dag.py:2972} INFO - Setting next_dagrun for tutorial_taskflow_api_etl_virtualenv to None, run_after=None
[2023-10-27 05:48:35,896] {processor.py:161} INFO - Processing /home/airflow/.local/lib/python3.7/site-packages/airflow/example_dags/tutorial_taskflow_api_etl_virtualenv.py took 0.290 seconds
[2023-10-27 05:49:06,394] {processor.py:153} INFO - Started process (PID=2398) to work on /home/airflow/.local/lib/python3.7/site-packages/airflow/example_dags/tutorial_taskflow_api_etl_virtualenv.py
[2023-10-27 05:49:06,395] {processor.py:641} INFO - Processing file /home/airflow/.local/lib/python3.7/site-packages/airflow/example_dags/tutorial_taskflow_api_etl_virtualenv.py for tasks to queue
[2023-10-27 05:49:06,396] {logging_mixin.py:115} INFO - [2023-10-27 05:49:06,396] {dagbag.py:508} INFO - Filling up the DagBag from /home/airflow/.local/lib/python3.7/site-packages/airflow/example_dags/tutorial_taskflow_api_etl_virtualenv.py
[2023-10-27 05:49:06,586] {processor.py:651} INFO - DAG(s) dict_keys(['tutorial_taskflow_api_etl_virtualenv']) retrieved from /home/airflow/.local/lib/python3.7/site-packages/airflow/example_dags/tutorial_taskflow_api_etl_virtualenv.py
[2023-10-27 05:49:06,664] {logging_mixin.py:115} INFO - [2023-10-27 05:49:06,664] {dag.py:2420} INFO - Sync 1 DAGs
[2023-10-27 05:49:06,690] {logging_mixin.py:115} INFO - [2023-10-27 05:49:06,690] {dag.py:2972} INFO - Setting next_dagrun for tutorial_taskflow_api_etl_virtualenv to None, run_after=None
[2023-10-27 05:49:06,707] {processor.py:161} INFO - Processing /home/airflow/.local/lib/python3.7/site-packages/airflow/example_dags/tutorial_taskflow_api_etl_virtualenv.py took 0.318 seconds
[2023-10-27 05:49:36,907] {processor.py:153} INFO - Started process (PID=2451) to work on /home/airflow/.local/lib/python3.7/site-packages/airflow/example_dags/tutorial_taskflow_api_etl_virtualenv.py
[2023-10-27 05:49:36,908] {processor.py:641} INFO - Processing file /home/airflow/.local/lib/python3.7/site-packages/airflow/example_dags/tutorial_taskflow_api_etl_virtualenv.py for tasks to queue
[2023-10-27 05:49:36,908] {logging_mixin.py:115} INFO - [2023-10-27 05:49:36,908] {dagbag.py:508} INFO - Filling up the DagBag from /home/airflow/.local/lib/python3.7/site-packages/airflow/example_dags/tutorial_taskflow_api_etl_virtualenv.py
[2023-10-27 05:49:37,094] {processor.py:651} INFO - DAG(s) dict_keys(['tutorial_taskflow_api_etl_virtualenv']) retrieved from /home/airflow/.local/lib/python3.7/site-packages/airflow/example_dags/tutorial_taskflow_api_etl_virtualenv.py
[2023-10-27 05:49:37,161] {logging_mixin.py:115} INFO - [2023-10-27 05:49:37,161] {dag.py:2420} INFO - Sync 1 DAGs
[2023-10-27 05:49:37,182] {logging_mixin.py:115} INFO - [2023-10-27 05:49:37,182] {dag.py:2972} INFO - Setting next_dagrun for tutorial_taskflow_api_etl_virtualenv to None, run_after=None
[2023-10-27 05:49:37,197] {processor.py:161} INFO - Processing /home/airflow/.local/lib/python3.7/site-packages/airflow/example_dags/tutorial_taskflow_api_etl_virtualenv.py took 0.294 seconds
[2023-10-27 05:50:07,248] {processor.py:153} INFO - Started process (PID=2514) to work on /home/airflow/.local/lib/python3.7/site-packages/airflow/example_dags/tutorial_taskflow_api_etl_virtualenv.py
[2023-10-27 05:50:07,249] {processor.py:641} INFO - Processing file /home/airflow/.local/lib/python3.7/site-packages/airflow/example_dags/tutorial_taskflow_api_etl_virtualenv.py for tasks to queue
[2023-10-27 05:50:07,250] {logging_mixin.py:115} INFO - [2023-10-27 05:50:07,250] {dagbag.py:508} INFO - Filling up the DagBag from /home/airflow/.local/lib/python3.7/site-packages/airflow/example_dags/tutorial_taskflow_api_etl_virtualenv.py
[2023-10-27 05:50:07,438] {processor.py:651} INFO - DAG(s) dict_keys(['tutorial_taskflow_api_etl_virtualenv']) retrieved from /home/airflow/.local/lib/python3.7/site-packages/airflow/example_dags/tutorial_taskflow_api_etl_virtualenv.py
[2023-10-27 05:50:07,504] {logging_mixin.py:115} INFO - [2023-10-27 05:50:07,504] {dag.py:2420} INFO - Sync 1 DAGs
[2023-10-27 05:50:07,524] {logging_mixin.py:115} INFO - [2023-10-27 05:50:07,524] {dag.py:2972} INFO - Setting next_dagrun for tutorial_taskflow_api_etl_virtualenv to None, run_after=None
[2023-10-27 05:50:07,539] {processor.py:161} INFO - Processing /home/airflow/.local/lib/python3.7/site-packages/airflow/example_dags/tutorial_taskflow_api_etl_virtualenv.py took 0.295 seconds
[2023-10-27 05:50:37,802] {processor.py:153} INFO - Started process (PID=2566) to work on /home/airflow/.local/lib/python3.7/site-packages/airflow/example_dags/tutorial_taskflow_api_etl_virtualenv.py
[2023-10-27 05:50:37,802] {processor.py:641} INFO - Processing file /home/airflow/.local/lib/python3.7/site-packages/airflow/example_dags/tutorial_taskflow_api_etl_virtualenv.py for tasks to queue
[2023-10-27 05:50:37,803] {logging_mixin.py:115} INFO - [2023-10-27 05:50:37,803] {dagbag.py:508} INFO - Filling up the DagBag from /home/airflow/.local/lib/python3.7/site-packages/airflow/example_dags/tutorial_taskflow_api_etl_virtualenv.py
[2023-10-27 05:50:37,988] {processor.py:651} INFO - DAG(s) dict_keys(['tutorial_taskflow_api_etl_virtualenv']) retrieved from /home/airflow/.local/lib/python3.7/site-packages/airflow/example_dags/tutorial_taskflow_api_etl_virtualenv.py
[2023-10-27 05:50:43,060] {logging_mixin.py:115} INFO - [2023-10-27 05:50:43,060] {dag.py:2420} INFO - Sync 1 DAGs
[2023-10-27 05:50:43,081] {logging_mixin.py:115} INFO - [2023-10-27 05:50:43,081] {dag.py:2972} INFO - Setting next_dagrun for tutorial_taskflow_api_etl_virtualenv to None, run_after=None
[2023-10-27 05:50:43,097] {processor.py:161} INFO - Processing /home/airflow/.local/lib/python3.7/site-packages/airflow/example_dags/tutorial_taskflow_api_etl_virtualenv.py took 5.300 seconds
[2023-10-27 05:51:13,176] {processor.py:153} INFO - Started process (PID=2631) to work on /home/airflow/.local/lib/python3.7/site-packages/airflow/example_dags/tutorial_taskflow_api_etl_virtualenv.py
[2023-10-27 05:51:13,177] {processor.py:641} INFO - Processing file /home/airflow/.local/lib/python3.7/site-packages/airflow/example_dags/tutorial_taskflow_api_etl_virtualenv.py for tasks to queue
[2023-10-27 05:51:13,177] {logging_mixin.py:115} INFO - [2023-10-27 05:51:13,177] {dagbag.py:508} INFO - Filling up the DagBag from /home/airflow/.local/lib/python3.7/site-packages/airflow/example_dags/tutorial_taskflow_api_etl_virtualenv.py
[2023-10-27 05:51:13,360] {processor.py:651} INFO - DAG(s) dict_keys(['tutorial_taskflow_api_etl_virtualenv']) retrieved from /home/airflow/.local/lib/python3.7/site-packages/airflow/example_dags/tutorial_taskflow_api_etl_virtualenv.py
[2023-10-27 05:51:13,427] {logging_mixin.py:115} INFO - [2023-10-27 05:51:13,427] {dag.py:2420} INFO - Sync 1 DAGs
[2023-10-27 05:51:13,448] {logging_mixin.py:115} INFO - [2023-10-27 05:51:13,448] {dag.py:2972} INFO - Setting next_dagrun for tutorial_taskflow_api_etl_virtualenv to None, run_after=None
[2023-10-27 05:51:13,463] {processor.py:161} INFO - Processing /home/airflow/.local/lib/python3.7/site-packages/airflow/example_dags/tutorial_taskflow_api_etl_virtualenv.py took 0.291 seconds
[2023-10-27 05:51:43,665] {processor.py:153} INFO - Started process (PID=2692) to work on /home/airflow/.local/lib/python3.7/site-packages/airflow/example_dags/tutorial_taskflow_api_etl_virtualenv.py
[2023-10-27 05:51:43,666] {processor.py:641} INFO - Processing file /home/airflow/.local/lib/python3.7/site-packages/airflow/example_dags/tutorial_taskflow_api_etl_virtualenv.py for tasks to queue
[2023-10-27 05:51:43,667] {logging_mixin.py:115} INFO - [2023-10-27 05:51:43,667] {dagbag.py:508} INFO - Filling up the DagBag from /home/airflow/.local/lib/python3.7/site-packages/airflow/example_dags/tutorial_taskflow_api_etl_virtualenv.py
[2023-10-27 05:51:43,854] {processor.py:651} INFO - DAG(s) dict_keys(['tutorial_taskflow_api_etl_virtualenv']) retrieved from /home/airflow/.local/lib/python3.7/site-packages/airflow/example_dags/tutorial_taskflow_api_etl_virtualenv.py
[2023-10-27 05:51:43,921] {logging_mixin.py:115} INFO - [2023-10-27 05:51:43,921] {dag.py:2420} INFO - Sync 1 DAGs
[2023-10-27 05:51:43,943] {logging_mixin.py:115} INFO - [2023-10-27 05:51:43,942] {dag.py:2972} INFO - Setting next_dagrun for tutorial_taskflow_api_etl_virtualenv to None, run_after=None
[2023-10-27 05:51:43,958] {processor.py:161} INFO - Processing /home/airflow/.local/lib/python3.7/site-packages/airflow/example_dags/tutorial_taskflow_api_etl_virtualenv.py took 0.297 seconds
[2023-10-27 05:52:14,132] {processor.py:153} INFO - Started process (PID=2754) to work on /home/airflow/.local/lib/python3.7/site-packages/airflow/example_dags/tutorial_taskflow_api_etl_virtualenv.py
[2023-10-27 05:52:14,133] {processor.py:641} INFO - Processing file /home/airflow/.local/lib/python3.7/site-packages/airflow/example_dags/tutorial_taskflow_api_etl_virtualenv.py for tasks to queue
[2023-10-27 05:52:14,133] {logging_mixin.py:115} INFO - [2023-10-27 05:52:14,133] {dagbag.py:508} INFO - Filling up the DagBag from /home/airflow/.local/lib/python3.7/site-packages/airflow/example_dags/tutorial_taskflow_api_etl_virtualenv.py
[2023-10-27 05:52:14,314] {processor.py:651} INFO - DAG(s) dict_keys(['tutorial_taskflow_api_etl_virtualenv']) retrieved from /home/airflow/.local/lib/python3.7/site-packages/airflow/example_dags/tutorial_taskflow_api_etl_virtualenv.py
[2023-10-27 05:52:14,383] {logging_mixin.py:115} INFO - [2023-10-27 05:52:14,383] {dag.py:2420} INFO - Sync 1 DAGs
[2023-10-27 05:52:14,405] {logging_mixin.py:115} INFO - [2023-10-27 05:52:14,405] {dag.py:2972} INFO - Setting next_dagrun for tutorial_taskflow_api_etl_virtualenv to None, run_after=None
[2023-10-27 05:52:14,421] {processor.py:161} INFO - Processing /home/airflow/.local/lib/python3.7/site-packages/airflow/example_dags/tutorial_taskflow_api_etl_virtualenv.py took 0.294 seconds
[2023-10-27 05:52:44,833] {processor.py:153} INFO - Started process (PID=2806) to work on /home/airflow/.local/lib/python3.7/site-packages/airflow/example_dags/tutorial_taskflow_api_etl_virtualenv.py
[2023-10-27 05:52:44,834] {processor.py:641} INFO - Processing file /home/airflow/.local/lib/python3.7/site-packages/airflow/example_dags/tutorial_taskflow_api_etl_virtualenv.py for tasks to queue
[2023-10-27 05:52:44,834] {logging_mixin.py:115} INFO - [2023-10-27 05:52:44,834] {dagbag.py:508} INFO - Filling up the DagBag from /home/airflow/.local/lib/python3.7/site-packages/airflow/example_dags/tutorial_taskflow_api_etl_virtualenv.py
[2023-10-27 05:52:45,022] {processor.py:651} INFO - DAG(s) dict_keys(['tutorial_taskflow_api_etl_virtualenv']) retrieved from /home/airflow/.local/lib/python3.7/site-packages/airflow/example_dags/tutorial_taskflow_api_etl_virtualenv.py
[2023-10-27 05:52:45,107] {logging_mixin.py:115} INFO - [2023-10-27 05:52:45,107] {dag.py:2420} INFO - Sync 1 DAGs
[2023-10-27 05:52:45,138] {logging_mixin.py:115} INFO - [2023-10-27 05:52:45,138] {dag.py:2972} INFO - Setting next_dagrun for tutorial_taskflow_api_etl_virtualenv to None, run_after=None
[2023-10-27 05:52:45,153] {processor.py:161} INFO - Processing /home/airflow/.local/lib/python3.7/site-packages/airflow/example_dags/tutorial_taskflow_api_etl_virtualenv.py took 0.324 seconds
[2023-10-27 05:53:15,355] {processor.py:153} INFO - Started process (PID=2867) to work on /home/airflow/.local/lib/python3.7/site-packages/airflow/example_dags/tutorial_taskflow_api_etl_virtualenv.py
[2023-10-27 05:53:15,355] {processor.py:641} INFO - Processing file /home/airflow/.local/lib/python3.7/site-packages/airflow/example_dags/tutorial_taskflow_api_etl_virtualenv.py for tasks to queue
[2023-10-27 05:53:15,356] {logging_mixin.py:115} INFO - [2023-10-27 05:53:15,356] {dagbag.py:508} INFO - Filling up the DagBag from /home/airflow/.local/lib/python3.7/site-packages/airflow/example_dags/tutorial_taskflow_api_etl_virtualenv.py
[2023-10-27 05:53:15,536] {processor.py:651} INFO - DAG(s) dict_keys(['tutorial_taskflow_api_etl_virtualenv']) retrieved from /home/airflow/.local/lib/python3.7/site-packages/airflow/example_dags/tutorial_taskflow_api_etl_virtualenv.py
[2023-10-27 05:53:15,610] {logging_mixin.py:115} INFO - [2023-10-27 05:53:15,609] {dag.py:2420} INFO - Sync 1 DAGs
[2023-10-27 05:53:15,634] {logging_mixin.py:115} INFO - [2023-10-27 05:53:15,633] {dag.py:2972} INFO - Setting next_dagrun for tutorial_taskflow_api_etl_virtualenv to None, run_after=None
[2023-10-27 05:53:15,648] {processor.py:161} INFO - Processing /home/airflow/.local/lib/python3.7/site-packages/airflow/example_dags/tutorial_taskflow_api_etl_virtualenv.py took 0.298 seconds
[2023-10-27 05:53:45,704] {processor.py:153} INFO - Started process (PID=2919) to work on /home/airflow/.local/lib/python3.7/site-packages/airflow/example_dags/tutorial_taskflow_api_etl_virtualenv.py
[2023-10-27 05:53:45,705] {processor.py:641} INFO - Processing file /home/airflow/.local/lib/python3.7/site-packages/airflow/example_dags/tutorial_taskflow_api_etl_virtualenv.py for tasks to queue
[2023-10-27 05:53:45,705] {logging_mixin.py:115} INFO - [2023-10-27 05:53:45,705] {dagbag.py:508} INFO - Filling up the DagBag from /home/airflow/.local/lib/python3.7/site-packages/airflow/example_dags/tutorial_taskflow_api_etl_virtualenv.py
[2023-10-27 05:53:45,888] {processor.py:651} INFO - DAG(s) dict_keys(['tutorial_taskflow_api_etl_virtualenv']) retrieved from /home/airflow/.local/lib/python3.7/site-packages/airflow/example_dags/tutorial_taskflow_api_etl_virtualenv.py
[2023-10-27 05:53:45,955] {logging_mixin.py:115} INFO - [2023-10-27 05:53:45,955] {dag.py:2420} INFO - Sync 1 DAGs
[2023-10-27 05:53:45,978] {logging_mixin.py:115} INFO - [2023-10-27 05:53:45,978] {dag.py:2972} INFO - Setting next_dagrun for tutorial_taskflow_api_etl_virtualenv to None, run_after=None
[2023-10-27 05:53:45,994] {processor.py:161} INFO - Processing /home/airflow/.local/lib/python3.7/site-packages/airflow/example_dags/tutorial_taskflow_api_etl_virtualenv.py took 0.295 seconds
