[2023-10-27 05:19:31,623] {processor.py:153} INFO - Started process (PID=42) to work on /home/airflow/.local/lib/python3.7/site-packages/airflow/example_dags/tutorial.py
[2023-10-27 05:19:31,623] {processor.py:641} INFO - Processing file /home/airflow/.local/lib/python3.7/site-packages/airflow/example_dags/tutorial.py for tasks to queue
[2023-10-27 05:19:31,633] {logging_mixin.py:115} INFO - [2023-10-27 05:19:31,633] {dagbag.py:508} INFO - Filling up the DagBag from /home/airflow/.local/lib/python3.7/site-packages/airflow/example_dags/tutorial.py
[2023-10-27 05:19:31,650] {processor.py:651} INFO - DAG(s) dict_keys(['tutorial']) retrieved from /home/airflow/.local/lib/python3.7/site-packages/airflow/example_dags/tutorial.py
[2023-10-27 05:19:31,870] {logging_mixin.py:115} INFO - [2023-10-27 05:19:31,869] {manager.py:508} INFO - Created Permission View: can delete on DAG:tutorial
[2023-10-27 05:19:31,885] {logging_mixin.py:115} INFO - [2023-10-27 05:19:31,885] {manager.py:508} INFO - Created Permission View: can read on DAG:tutorial
[2023-10-27 05:19:31,895] {logging_mixin.py:115} INFO - [2023-10-27 05:19:31,895] {manager.py:508} INFO - Created Permission View: can edit on DAG:tutorial
[2023-10-27 05:19:31,895] {logging_mixin.py:115} INFO - [2023-10-27 05:19:31,895] {dag.py:2420} INFO - Sync 1 DAGs
[2023-10-27 05:19:31,911] {logging_mixin.py:115} INFO - [2023-10-27 05:19:31,910] {dag.py:2439} INFO - Creating ORM DAG for tutorial
[2023-10-27 05:19:31,932] {logging_mixin.py:115} INFO - [2023-10-27 05:19:31,932] {dag.py:2972} INFO - Setting next_dagrun for tutorial to 2023-10-26T05:19:31.932453+00:00, run_after=2023-10-27T05:19:31.932453+00:00
[2023-10-27 05:19:31,961] {processor.py:161} INFO - Processing /home/airflow/.local/lib/python3.7/site-packages/airflow/example_dags/tutorial.py took 0.344 seconds
[2023-10-27 05:20:02,327] {processor.py:153} INFO - Started process (PID=105) to work on /home/airflow/.local/lib/python3.7/site-packages/airflow/example_dags/tutorial.py
[2023-10-27 05:20:02,328] {processor.py:641} INFO - Processing file /home/airflow/.local/lib/python3.7/site-packages/airflow/example_dags/tutorial.py for tasks to queue
[2023-10-27 05:20:02,328] {logging_mixin.py:115} INFO - [2023-10-27 05:20:02,328] {dagbag.py:508} INFO - Filling up the DagBag from /home/airflow/.local/lib/python3.7/site-packages/airflow/example_dags/tutorial.py
[2023-10-27 05:20:02,336] {processor.py:651} INFO - DAG(s) dict_keys(['tutorial']) retrieved from /home/airflow/.local/lib/python3.7/site-packages/airflow/example_dags/tutorial.py
[2023-10-27 05:20:02,367] {logging_mixin.py:115} INFO - [2023-10-27 05:20:02,367] {dag.py:2420} INFO - Sync 1 DAGs
[2023-10-27 05:20:02,397] {logging_mixin.py:115} INFO - [2023-10-27 05:20:02,397] {dag.py:2972} INFO - Setting next_dagrun for tutorial to 2023-10-26T05:20:02.396745+00:00, run_after=2023-10-27T05:20:02.396745+00:00
[2023-10-27 05:20:02,411] {processor.py:161} INFO - Processing /home/airflow/.local/lib/python3.7/site-packages/airflow/example_dags/tutorial.py took 0.088 seconds
[2023-10-27 05:20:32,912] {processor.py:153} INFO - Started process (PID=157) to work on /home/airflow/.local/lib/python3.7/site-packages/airflow/example_dags/tutorial.py
[2023-10-27 05:20:32,913] {processor.py:641} INFO - Processing file /home/airflow/.local/lib/python3.7/site-packages/airflow/example_dags/tutorial.py for tasks to queue
[2023-10-27 05:20:32,914] {logging_mixin.py:115} INFO - [2023-10-27 05:20:32,914] {dagbag.py:508} INFO - Filling up the DagBag from /home/airflow/.local/lib/python3.7/site-packages/airflow/example_dags/tutorial.py
[2023-10-27 05:20:32,921] {processor.py:651} INFO - DAG(s) dict_keys(['tutorial']) retrieved from /home/airflow/.local/lib/python3.7/site-packages/airflow/example_dags/tutorial.py
[2023-10-27 05:20:32,953] {logging_mixin.py:115} INFO - [2023-10-27 05:20:32,952] {dag.py:2420} INFO - Sync 1 DAGs
[2023-10-27 05:20:32,979] {logging_mixin.py:115} INFO - [2023-10-27 05:20:32,978] {dag.py:2972} INFO - Setting next_dagrun for tutorial to 2023-10-26T05:20:32.978608+00:00, run_after=2023-10-27T05:20:32.978608+00:00
[2023-10-27 05:20:32,992] {processor.py:161} INFO - Processing /home/airflow/.local/lib/python3.7/site-packages/airflow/example_dags/tutorial.py took 0.084 seconds
[2023-10-27 05:21:03,166] {processor.py:153} INFO - Started process (PID=218) to work on /home/airflow/.local/lib/python3.7/site-packages/airflow/example_dags/tutorial.py
[2023-10-27 05:21:03,167] {processor.py:641} INFO - Processing file /home/airflow/.local/lib/python3.7/site-packages/airflow/example_dags/tutorial.py for tasks to queue
[2023-10-27 05:21:03,167] {logging_mixin.py:115} INFO - [2023-10-27 05:21:03,167] {dagbag.py:508} INFO - Filling up the DagBag from /home/airflow/.local/lib/python3.7/site-packages/airflow/example_dags/tutorial.py
[2023-10-27 05:21:03,174] {processor.py:651} INFO - DAG(s) dict_keys(['tutorial']) retrieved from /home/airflow/.local/lib/python3.7/site-packages/airflow/example_dags/tutorial.py
[2023-10-27 05:21:03,206] {logging_mixin.py:115} INFO - [2023-10-27 05:21:03,206] {dag.py:2420} INFO - Sync 1 DAGs
[2023-10-27 05:21:03,233] {logging_mixin.py:115} INFO - [2023-10-27 05:21:03,233] {dag.py:2972} INFO - Setting next_dagrun for tutorial to 2023-10-26T05:21:03.233438+00:00, run_after=2023-10-27T05:21:03.233438+00:00
[2023-10-27 05:21:03,247] {processor.py:161} INFO - Processing /home/airflow/.local/lib/python3.7/site-packages/airflow/example_dags/tutorial.py took 0.085 seconds
[2023-10-27 05:21:33,374] {processor.py:153} INFO - Started process (PID=277) to work on /home/airflow/.local/lib/python3.7/site-packages/airflow/example_dags/tutorial.py
[2023-10-27 05:21:33,375] {processor.py:641} INFO - Processing file /home/airflow/.local/lib/python3.7/site-packages/airflow/example_dags/tutorial.py for tasks to queue
[2023-10-27 05:21:33,376] {logging_mixin.py:115} INFO - [2023-10-27 05:21:33,375] {dagbag.py:508} INFO - Filling up the DagBag from /home/airflow/.local/lib/python3.7/site-packages/airflow/example_dags/tutorial.py
[2023-10-27 05:21:33,384] {processor.py:651} INFO - DAG(s) dict_keys(['tutorial']) retrieved from /home/airflow/.local/lib/python3.7/site-packages/airflow/example_dags/tutorial.py
[2023-10-27 05:21:33,431] {logging_mixin.py:115} INFO - [2023-10-27 05:21:33,431] {dag.py:2420} INFO - Sync 1 DAGs
[2023-10-27 05:21:33,463] {logging_mixin.py:115} INFO - [2023-10-27 05:21:33,463] {dag.py:2972} INFO - Setting next_dagrun for tutorial to 2023-10-26T05:21:33.462818+00:00, run_after=2023-10-27T05:21:33.462818+00:00
[2023-10-27 05:21:33,477] {processor.py:161} INFO - Processing /home/airflow/.local/lib/python3.7/site-packages/airflow/example_dags/tutorial.py took 0.107 seconds
[2023-10-27 05:22:03,539] {processor.py:153} INFO - Started process (PID=332) to work on /home/airflow/.local/lib/python3.7/site-packages/airflow/example_dags/tutorial.py
[2023-10-27 05:22:03,539] {processor.py:641} INFO - Processing file /home/airflow/.local/lib/python3.7/site-packages/airflow/example_dags/tutorial.py for tasks to queue
[2023-10-27 05:22:03,540] {logging_mixin.py:115} INFO - [2023-10-27 05:22:03,540] {dagbag.py:508} INFO - Filling up the DagBag from /home/airflow/.local/lib/python3.7/site-packages/airflow/example_dags/tutorial.py
[2023-10-27 05:22:03,547] {processor.py:651} INFO - DAG(s) dict_keys(['tutorial']) retrieved from /home/airflow/.local/lib/python3.7/site-packages/airflow/example_dags/tutorial.py
[2023-10-27 05:22:03,579] {logging_mixin.py:115} INFO - [2023-10-27 05:22:03,579] {dag.py:2420} INFO - Sync 1 DAGs
[2023-10-27 05:22:03,606] {logging_mixin.py:115} INFO - [2023-10-27 05:22:03,606] {dag.py:2972} INFO - Setting next_dagrun for tutorial to 2023-10-26T05:22:03.606180+00:00, run_after=2023-10-27T05:22:03.606180+00:00
[2023-10-27 05:22:03,620] {processor.py:161} INFO - Processing /home/airflow/.local/lib/python3.7/site-packages/airflow/example_dags/tutorial.py took 0.085 seconds
[2023-10-27 05:22:33,794] {processor.py:153} INFO - Started process (PID=384) to work on /home/airflow/.local/lib/python3.7/site-packages/airflow/example_dags/tutorial.py
[2023-10-27 05:22:33,795] {processor.py:641} INFO - Processing file /home/airflow/.local/lib/python3.7/site-packages/airflow/example_dags/tutorial.py for tasks to queue
[2023-10-27 05:22:33,796] {logging_mixin.py:115} INFO - [2023-10-27 05:22:33,796] {dagbag.py:508} INFO - Filling up the DagBag from /home/airflow/.local/lib/python3.7/site-packages/airflow/example_dags/tutorial.py
[2023-10-27 05:22:33,803] {processor.py:651} INFO - DAG(s) dict_keys(['tutorial']) retrieved from /home/airflow/.local/lib/python3.7/site-packages/airflow/example_dags/tutorial.py
[2023-10-27 05:22:33,833] {logging_mixin.py:115} INFO - [2023-10-27 05:22:33,833] {dag.py:2420} INFO - Sync 1 DAGs
[2023-10-27 05:22:33,859] {logging_mixin.py:115} INFO - [2023-10-27 05:22:33,859] {dag.py:2972} INFO - Setting next_dagrun for tutorial to 2023-10-26T05:22:33.859065+00:00, run_after=2023-10-27T05:22:33.859065+00:00
[2023-10-27 05:22:33,873] {processor.py:161} INFO - Processing /home/airflow/.local/lib/python3.7/site-packages/airflow/example_dags/tutorial.py took 0.082 seconds
[2023-10-27 05:23:03,987] {processor.py:153} INFO - Started process (PID=444) to work on /home/airflow/.local/lib/python3.7/site-packages/airflow/example_dags/tutorial.py
[2023-10-27 05:23:03,988] {processor.py:641} INFO - Processing file /home/airflow/.local/lib/python3.7/site-packages/airflow/example_dags/tutorial.py for tasks to queue
[2023-10-27 05:23:03,988] {logging_mixin.py:115} INFO - [2023-10-27 05:23:03,988] {dagbag.py:508} INFO - Filling up the DagBag from /home/airflow/.local/lib/python3.7/site-packages/airflow/example_dags/tutorial.py
[2023-10-27 05:23:03,995] {processor.py:651} INFO - DAG(s) dict_keys(['tutorial']) retrieved from /home/airflow/.local/lib/python3.7/site-packages/airflow/example_dags/tutorial.py
[2023-10-27 05:23:04,026] {logging_mixin.py:115} INFO - [2023-10-27 05:23:04,026] {dag.py:2420} INFO - Sync 1 DAGs
[2023-10-27 05:23:04,052] {logging_mixin.py:115} INFO - [2023-10-27 05:23:04,052] {dag.py:2972} INFO - Setting next_dagrun for tutorial to 2023-10-26T05:23:04.052218+00:00, run_after=2023-10-27T05:23:04.052218+00:00
[2023-10-27 05:23:04,067] {processor.py:161} INFO - Processing /home/airflow/.local/lib/python3.7/site-packages/airflow/example_dags/tutorial.py took 0.084 seconds
[2023-10-27 05:23:34,195] {processor.py:153} INFO - Started process (PID=496) to work on /home/airflow/.local/lib/python3.7/site-packages/airflow/example_dags/tutorial.py
[2023-10-27 05:23:34,196] {processor.py:641} INFO - Processing file /home/airflow/.local/lib/python3.7/site-packages/airflow/example_dags/tutorial.py for tasks to queue
[2023-10-27 05:23:34,197] {logging_mixin.py:115} INFO - [2023-10-27 05:23:34,197] {dagbag.py:508} INFO - Filling up the DagBag from /home/airflow/.local/lib/python3.7/site-packages/airflow/example_dags/tutorial.py
[2023-10-27 05:23:34,204] {processor.py:651} INFO - DAG(s) dict_keys(['tutorial']) retrieved from /home/airflow/.local/lib/python3.7/site-packages/airflow/example_dags/tutorial.py
[2023-10-27 05:23:34,235] {logging_mixin.py:115} INFO - [2023-10-27 05:23:34,235] {dag.py:2420} INFO - Sync 1 DAGs
[2023-10-27 05:23:34,266] {logging_mixin.py:115} INFO - [2023-10-27 05:23:34,266] {dag.py:2972} INFO - Setting next_dagrun for tutorial to 2023-10-26T05:23:34.265709+00:00, run_after=2023-10-27T05:23:34.265709+00:00
[2023-10-27 05:23:34,279] {processor.py:161} INFO - Processing /home/airflow/.local/lib/python3.7/site-packages/airflow/example_dags/tutorial.py took 0.088 seconds
[2023-10-27 05:24:55,706] {processor.py:153} INFO - Started process (PID=33) to work on /home/airflow/.local/lib/python3.7/site-packages/airflow/example_dags/tutorial.py
[2023-10-27 05:24:55,709] {processor.py:641} INFO - Processing file /home/airflow/.local/lib/python3.7/site-packages/airflow/example_dags/tutorial.py for tasks to queue
[2023-10-27 05:24:55,712] {logging_mixin.py:115} INFO - [2023-10-27 05:24:55,712] {dagbag.py:508} INFO - Filling up the DagBag from /home/airflow/.local/lib/python3.7/site-packages/airflow/example_dags/tutorial.py
[2023-10-27 05:24:55,721] {processor.py:651} INFO - DAG(s) dict_keys(['tutorial']) retrieved from /home/airflow/.local/lib/python3.7/site-packages/airflow/example_dags/tutorial.py
[2023-10-27 05:24:55,770] {logging_mixin.py:115} INFO - [2023-10-27 05:24:55,770] {dag.py:2420} INFO - Sync 1 DAGs
[2023-10-27 05:24:56,024] {logging_mixin.py:115} INFO - [2023-10-27 05:24:56,024] {dag.py:2972} INFO - Setting next_dagrun for tutorial to 2023-10-26T05:24:56.023832+00:00, run_after=2023-10-27T05:24:56.023832+00:00
[2023-10-27 05:24:56,037] {processor.py:161} INFO - Processing /home/airflow/.local/lib/python3.7/site-packages/airflow/example_dags/tutorial.py took 0.357 seconds
[2023-10-27 05:25:26,187] {processor.py:153} INFO - Started process (PID=94) to work on /home/airflow/.local/lib/python3.7/site-packages/airflow/example_dags/tutorial.py
[2023-10-27 05:25:26,187] {processor.py:641} INFO - Processing file /home/airflow/.local/lib/python3.7/site-packages/airflow/example_dags/tutorial.py for tasks to queue
[2023-10-27 05:25:26,188] {logging_mixin.py:115} INFO - [2023-10-27 05:25:26,188] {dagbag.py:508} INFO - Filling up the DagBag from /home/airflow/.local/lib/python3.7/site-packages/airflow/example_dags/tutorial.py
[2023-10-27 05:25:26,194] {processor.py:651} INFO - DAG(s) dict_keys(['tutorial']) retrieved from /home/airflow/.local/lib/python3.7/site-packages/airflow/example_dags/tutorial.py
[2023-10-27 05:25:26,224] {logging_mixin.py:115} INFO - [2023-10-27 05:25:26,224] {dag.py:2420} INFO - Sync 1 DAGs
[2023-10-27 05:25:26,403] {logging_mixin.py:115} INFO - [2023-10-27 05:25:26,403] {dag.py:2972} INFO - Setting next_dagrun for tutorial to 2023-10-26T05:25:26.403002+00:00, run_after=2023-10-27T05:25:26.403002+00:00
[2023-10-27 05:25:26,416] {processor.py:161} INFO - Processing /home/airflow/.local/lib/python3.7/site-packages/airflow/example_dags/tutorial.py took 0.233 seconds
[2023-10-27 05:25:56,684] {processor.py:153} INFO - Started process (PID=146) to work on /home/airflow/.local/lib/python3.7/site-packages/airflow/example_dags/tutorial.py
[2023-10-27 05:25:56,685] {processor.py:641} INFO - Processing file /home/airflow/.local/lib/python3.7/site-packages/airflow/example_dags/tutorial.py for tasks to queue
[2023-10-27 05:25:56,686] {logging_mixin.py:115} INFO - [2023-10-27 05:25:56,686] {dagbag.py:508} INFO - Filling up the DagBag from /home/airflow/.local/lib/python3.7/site-packages/airflow/example_dags/tutorial.py
[2023-10-27 05:25:56,692] {processor.py:651} INFO - DAG(s) dict_keys(['tutorial']) retrieved from /home/airflow/.local/lib/python3.7/site-packages/airflow/example_dags/tutorial.py
[2023-10-27 05:25:56,723] {logging_mixin.py:115} INFO - [2023-10-27 05:25:56,723] {dag.py:2420} INFO - Sync 1 DAGs
[2023-10-27 05:25:56,904] {logging_mixin.py:115} INFO - [2023-10-27 05:25:56,903] {dag.py:2972} INFO - Setting next_dagrun for tutorial to 2023-10-26T05:25:56.903738+00:00, run_after=2023-10-27T05:25:56.903738+00:00
[2023-10-27 05:25:56,916] {processor.py:161} INFO - Processing /home/airflow/.local/lib/python3.7/site-packages/airflow/example_dags/tutorial.py took 0.235 seconds
[2023-10-27 05:26:27,533] {processor.py:153} INFO - Started process (PID=206) to work on /home/airflow/.local/lib/python3.7/site-packages/airflow/example_dags/tutorial.py
[2023-10-27 05:26:27,534] {processor.py:641} INFO - Processing file /home/airflow/.local/lib/python3.7/site-packages/airflow/example_dags/tutorial.py for tasks to queue
[2023-10-27 05:26:27,534] {logging_mixin.py:115} INFO - [2023-10-27 05:26:27,534] {dagbag.py:508} INFO - Filling up the DagBag from /home/airflow/.local/lib/python3.7/site-packages/airflow/example_dags/tutorial.py
[2023-10-27 05:26:27,541] {processor.py:651} INFO - DAG(s) dict_keys(['tutorial']) retrieved from /home/airflow/.local/lib/python3.7/site-packages/airflow/example_dags/tutorial.py
[2023-10-27 05:26:27,573] {logging_mixin.py:115} INFO - [2023-10-27 05:26:27,572] {dag.py:2420} INFO - Sync 1 DAGs
[2023-10-27 05:26:27,757] {logging_mixin.py:115} INFO - [2023-10-27 05:26:27,757] {dag.py:2972} INFO - Setting next_dagrun for tutorial to 2023-10-26T05:26:27.757423+00:00, run_after=2023-10-27T05:26:27.757423+00:00
[2023-10-27 05:26:27,769] {processor.py:161} INFO - Processing /home/airflow/.local/lib/python3.7/site-packages/airflow/example_dags/tutorial.py took 0.240 seconds
[2023-10-27 05:26:58,352] {processor.py:153} INFO - Started process (PID=267) to work on /home/airflow/.local/lib/python3.7/site-packages/airflow/example_dags/tutorial.py
[2023-10-27 05:26:58,352] {processor.py:641} INFO - Processing file /home/airflow/.local/lib/python3.7/site-packages/airflow/example_dags/tutorial.py for tasks to queue
[2023-10-27 05:26:58,353] {logging_mixin.py:115} INFO - [2023-10-27 05:26:58,353] {dagbag.py:508} INFO - Filling up the DagBag from /home/airflow/.local/lib/python3.7/site-packages/airflow/example_dags/tutorial.py
[2023-10-27 05:26:58,360] {processor.py:651} INFO - DAG(s) dict_keys(['tutorial']) retrieved from /home/airflow/.local/lib/python3.7/site-packages/airflow/example_dags/tutorial.py
[2023-10-27 05:26:58,390] {logging_mixin.py:115} INFO - [2023-10-27 05:26:58,390] {dag.py:2420} INFO - Sync 1 DAGs
[2023-10-27 05:26:58,571] {logging_mixin.py:115} INFO - [2023-10-27 05:26:58,571] {dag.py:2972} INFO - Setting next_dagrun for tutorial to 2023-10-26T05:26:58.571016+00:00, run_after=2023-10-27T05:26:58.571016+00:00
[2023-10-27 05:26:58,583] {processor.py:161} INFO - Processing /home/airflow/.local/lib/python3.7/site-packages/airflow/example_dags/tutorial.py took 0.236 seconds
[2023-10-27 05:28:12,754] {processor.py:153} INFO - Started process (PID=33) to work on /home/airflow/.local/lib/python3.7/site-packages/airflow/example_dags/tutorial.py
[2023-10-27 05:28:12,771] {processor.py:641} INFO - Processing file /home/airflow/.local/lib/python3.7/site-packages/airflow/example_dags/tutorial.py for tasks to queue
[2023-10-27 05:28:12,772] {logging_mixin.py:115} INFO - [2023-10-27 05:28:12,772] {dagbag.py:508} INFO - Filling up the DagBag from /home/airflow/.local/lib/python3.7/site-packages/airflow/example_dags/tutorial.py
[2023-10-27 05:28:12,780] {processor.py:651} INFO - DAG(s) dict_keys(['tutorial']) retrieved from /home/airflow/.local/lib/python3.7/site-packages/airflow/example_dags/tutorial.py
[2023-10-27 05:28:12,820] {logging_mixin.py:115} INFO - [2023-10-27 05:28:12,820] {dag.py:2420} INFO - Sync 1 DAGs
[2023-10-27 05:28:13,052] {logging_mixin.py:115} INFO - [2023-10-27 05:28:13,052] {dag.py:2972} INFO - Setting next_dagrun for tutorial to 2023-10-26T05:28:13.051843+00:00, run_after=2023-10-27T05:28:13.051843+00:00
[2023-10-27 05:28:13,083] {processor.py:161} INFO - Processing /home/airflow/.local/lib/python3.7/site-packages/airflow/example_dags/tutorial.py took 0.333 seconds
[2023-10-27 05:28:43,132] {processor.py:153} INFO - Started process (PID=95) to work on /home/airflow/.local/lib/python3.7/site-packages/airflow/example_dags/tutorial.py
[2023-10-27 05:28:43,133] {processor.py:641} INFO - Processing file /home/airflow/.local/lib/python3.7/site-packages/airflow/example_dags/tutorial.py for tasks to queue
[2023-10-27 05:28:43,133] {logging_mixin.py:115} INFO - [2023-10-27 05:28:43,133] {dagbag.py:508} INFO - Filling up the DagBag from /home/airflow/.local/lib/python3.7/site-packages/airflow/example_dags/tutorial.py
[2023-10-27 05:28:43,140] {processor.py:651} INFO - DAG(s) dict_keys(['tutorial']) retrieved from /home/airflow/.local/lib/python3.7/site-packages/airflow/example_dags/tutorial.py
[2023-10-27 05:28:43,171] {logging_mixin.py:115} INFO - [2023-10-27 05:28:43,170] {dag.py:2420} INFO - Sync 1 DAGs
[2023-10-27 05:28:43,360] {logging_mixin.py:115} INFO - [2023-10-27 05:28:43,360] {dag.py:2972} INFO - Setting next_dagrun for tutorial to 2023-10-26T05:28:43.359785+00:00, run_after=2023-10-27T05:28:43.359785+00:00
[2023-10-27 05:28:43,373] {processor.py:161} INFO - Processing /home/airflow/.local/lib/python3.7/site-packages/airflow/example_dags/tutorial.py took 0.245 seconds
[2023-10-27 05:29:13,538] {processor.py:153} INFO - Started process (PID=147) to work on /home/airflow/.local/lib/python3.7/site-packages/airflow/example_dags/tutorial.py
[2023-10-27 05:29:13,539] {processor.py:641} INFO - Processing file /home/airflow/.local/lib/python3.7/site-packages/airflow/example_dags/tutorial.py for tasks to queue
[2023-10-27 05:29:13,540] {logging_mixin.py:115} INFO - [2023-10-27 05:29:13,540] {dagbag.py:508} INFO - Filling up the DagBag from /home/airflow/.local/lib/python3.7/site-packages/airflow/example_dags/tutorial.py
[2023-10-27 05:29:13,547] {processor.py:651} INFO - DAG(s) dict_keys(['tutorial']) retrieved from /home/airflow/.local/lib/python3.7/site-packages/airflow/example_dags/tutorial.py
[2023-10-27 05:29:18,580] {logging_mixin.py:115} INFO - [2023-10-27 05:29:18,580] {dag.py:2420} INFO - Sync 1 DAGs
[2023-10-27 05:29:18,765] {logging_mixin.py:115} INFO - [2023-10-27 05:29:18,765] {dag.py:2972} INFO - Setting next_dagrun for tutorial to 2023-10-26T05:29:18.765364+00:00, run_after=2023-10-27T05:29:18.765364+00:00
[2023-10-27 05:29:18,778] {processor.py:161} INFO - Processing /home/airflow/.local/lib/python3.7/site-packages/airflow/example_dags/tutorial.py took 5.244 seconds
[2023-10-27 05:29:49,555] {processor.py:153} INFO - Started process (PID=211) to work on /home/airflow/.local/lib/python3.7/site-packages/airflow/example_dags/tutorial.py
[2023-10-27 05:29:49,556] {processor.py:641} INFO - Processing file /home/airflow/.local/lib/python3.7/site-packages/airflow/example_dags/tutorial.py for tasks to queue
[2023-10-27 05:29:49,557] {logging_mixin.py:115} INFO - [2023-10-27 05:29:49,557] {dagbag.py:508} INFO - Filling up the DagBag from /home/airflow/.local/lib/python3.7/site-packages/airflow/example_dags/tutorial.py
[2023-10-27 05:29:49,564] {processor.py:651} INFO - DAG(s) dict_keys(['tutorial']) retrieved from /home/airflow/.local/lib/python3.7/site-packages/airflow/example_dags/tutorial.py
[2023-10-27 05:29:49,598] {logging_mixin.py:115} INFO - [2023-10-27 05:29:49,598] {dag.py:2420} INFO - Sync 1 DAGs
[2023-10-27 05:29:49,783] {logging_mixin.py:115} INFO - [2023-10-27 05:29:49,782] {dag.py:2972} INFO - Setting next_dagrun for tutorial to 2023-10-26T05:29:49.782720+00:00, run_after=2023-10-27T05:29:49.782720+00:00
[2023-10-27 05:29:49,794] {processor.py:161} INFO - Processing /home/airflow/.local/lib/python3.7/site-packages/airflow/example_dags/tutorial.py took 0.243 seconds
[2023-10-27 05:30:20,035] {processor.py:153} INFO - Started process (PID=271) to work on /home/airflow/.local/lib/python3.7/site-packages/airflow/example_dags/tutorial.py
[2023-10-27 05:30:20,035] {processor.py:641} INFO - Processing file /home/airflow/.local/lib/python3.7/site-packages/airflow/example_dags/tutorial.py for tasks to queue
[2023-10-27 05:30:20,036] {logging_mixin.py:115} INFO - [2023-10-27 05:30:20,036] {dagbag.py:508} INFO - Filling up the DagBag from /home/airflow/.local/lib/python3.7/site-packages/airflow/example_dags/tutorial.py
[2023-10-27 05:30:20,043] {processor.py:651} INFO - DAG(s) dict_keys(['tutorial']) retrieved from /home/airflow/.local/lib/python3.7/site-packages/airflow/example_dags/tutorial.py
[2023-10-27 05:30:20,074] {logging_mixin.py:115} INFO - [2023-10-27 05:30:20,074] {dag.py:2420} INFO - Sync 1 DAGs
[2023-10-27 05:30:20,259] {logging_mixin.py:115} INFO - [2023-10-27 05:30:20,259] {dag.py:2972} INFO - Setting next_dagrun for tutorial to 2023-10-26T05:30:20.259405+00:00, run_after=2023-10-27T05:30:20.259405+00:00
[2023-10-27 05:30:20,272] {processor.py:161} INFO - Processing /home/airflow/.local/lib/python3.7/site-packages/airflow/example_dags/tutorial.py took 0.241 seconds
[2023-10-27 05:30:50,310] {processor.py:153} INFO - Started process (PID=333) to work on /home/airflow/.local/lib/python3.7/site-packages/airflow/example_dags/tutorial.py
[2023-10-27 05:30:50,311] {processor.py:641} INFO - Processing file /home/airflow/.local/lib/python3.7/site-packages/airflow/example_dags/tutorial.py for tasks to queue
[2023-10-27 05:30:50,311] {logging_mixin.py:115} INFO - [2023-10-27 05:30:50,311] {dagbag.py:508} INFO - Filling up the DagBag from /home/airflow/.local/lib/python3.7/site-packages/airflow/example_dags/tutorial.py
[2023-10-27 05:30:50,319] {processor.py:651} INFO - DAG(s) dict_keys(['tutorial']) retrieved from /home/airflow/.local/lib/python3.7/site-packages/airflow/example_dags/tutorial.py
[2023-10-27 05:30:50,351] {logging_mixin.py:115} INFO - [2023-10-27 05:30:50,351] {dag.py:2420} INFO - Sync 1 DAGs
[2023-10-27 05:30:50,532] {logging_mixin.py:115} INFO - [2023-10-27 05:30:50,532] {dag.py:2972} INFO - Setting next_dagrun for tutorial to 2023-10-26T05:30:50.532386+00:00, run_after=2023-10-27T05:30:50.532386+00:00
[2023-10-27 05:30:50,545] {processor.py:161} INFO - Processing /home/airflow/.local/lib/python3.7/site-packages/airflow/example_dags/tutorial.py took 0.240 seconds
[2023-10-27 05:31:20,667] {processor.py:153} INFO - Started process (PID=386) to work on /home/airflow/.local/lib/python3.7/site-packages/airflow/example_dags/tutorial.py
[2023-10-27 05:31:20,668] {processor.py:641} INFO - Processing file /home/airflow/.local/lib/python3.7/site-packages/airflow/example_dags/tutorial.py for tasks to queue
[2023-10-27 05:31:20,669] {logging_mixin.py:115} INFO - [2023-10-27 05:31:20,669] {dagbag.py:508} INFO - Filling up the DagBag from /home/airflow/.local/lib/python3.7/site-packages/airflow/example_dags/tutorial.py
[2023-10-27 05:31:20,676] {processor.py:651} INFO - DAG(s) dict_keys(['tutorial']) retrieved from /home/airflow/.local/lib/python3.7/site-packages/airflow/example_dags/tutorial.py
[2023-10-27 05:31:20,707] {logging_mixin.py:115} INFO - [2023-10-27 05:31:20,706] {dag.py:2420} INFO - Sync 1 DAGs
[2023-10-27 05:31:20,895] {logging_mixin.py:115} INFO - [2023-10-27 05:31:20,895] {dag.py:2972} INFO - Setting next_dagrun for tutorial to 2023-10-26T05:31:20.895489+00:00, run_after=2023-10-27T05:31:20.895489+00:00
[2023-10-27 05:31:20,909] {processor.py:161} INFO - Processing /home/airflow/.local/lib/python3.7/site-packages/airflow/example_dags/tutorial.py took 0.246 seconds
[2023-10-27 05:31:51,307] {processor.py:153} INFO - Started process (PID=447) to work on /home/airflow/.local/lib/python3.7/site-packages/airflow/example_dags/tutorial.py
[2023-10-27 05:31:51,308] {processor.py:641} INFO - Processing file /home/airflow/.local/lib/python3.7/site-packages/airflow/example_dags/tutorial.py for tasks to queue
[2023-10-27 05:31:51,309] {logging_mixin.py:115} INFO - [2023-10-27 05:31:51,309] {dagbag.py:508} INFO - Filling up the DagBag from /home/airflow/.local/lib/python3.7/site-packages/airflow/example_dags/tutorial.py
[2023-10-27 05:31:51,316] {processor.py:651} INFO - DAG(s) dict_keys(['tutorial']) retrieved from /home/airflow/.local/lib/python3.7/site-packages/airflow/example_dags/tutorial.py
[2023-10-27 05:31:51,347] {logging_mixin.py:115} INFO - [2023-10-27 05:31:51,347] {dag.py:2420} INFO - Sync 1 DAGs
[2023-10-27 05:31:51,528] {logging_mixin.py:115} INFO - [2023-10-27 05:31:51,528] {dag.py:2972} INFO - Setting next_dagrun for tutorial to 2023-10-26T05:31:51.528546+00:00, run_after=2023-10-27T05:31:51.528546+00:00
[2023-10-27 05:31:51,542] {processor.py:161} INFO - Processing /home/airflow/.local/lib/python3.7/site-packages/airflow/example_dags/tutorial.py took 0.238 seconds
[2023-10-27 05:32:21,631] {processor.py:153} INFO - Started process (PID=499) to work on /home/airflow/.local/lib/python3.7/site-packages/airflow/example_dags/tutorial.py
[2023-10-27 05:32:21,632] {processor.py:641} INFO - Processing file /home/airflow/.local/lib/python3.7/site-packages/airflow/example_dags/tutorial.py for tasks to queue
[2023-10-27 05:32:21,633] {logging_mixin.py:115} INFO - [2023-10-27 05:32:21,633] {dagbag.py:508} INFO - Filling up the DagBag from /home/airflow/.local/lib/python3.7/site-packages/airflow/example_dags/tutorial.py
[2023-10-27 05:32:21,640] {processor.py:651} INFO - DAG(s) dict_keys(['tutorial']) retrieved from /home/airflow/.local/lib/python3.7/site-packages/airflow/example_dags/tutorial.py
[2023-10-27 05:32:21,673] {logging_mixin.py:115} INFO - [2023-10-27 05:32:21,673] {dag.py:2420} INFO - Sync 1 DAGs
[2023-10-27 05:32:21,871] {logging_mixin.py:115} INFO - [2023-10-27 05:32:21,871] {dag.py:2972} INFO - Setting next_dagrun for tutorial to 2023-10-26T05:32:21.871510+00:00, run_after=2023-10-27T05:32:21.871510+00:00
[2023-10-27 05:32:21,892] {processor.py:161} INFO - Processing /home/airflow/.local/lib/python3.7/site-packages/airflow/example_dags/tutorial.py took 0.264 seconds
[2023-10-27 05:32:52,071] {processor.py:153} INFO - Started process (PID=560) to work on /home/airflow/.local/lib/python3.7/site-packages/airflow/example_dags/tutorial.py
[2023-10-27 05:32:52,072] {processor.py:641} INFO - Processing file /home/airflow/.local/lib/python3.7/site-packages/airflow/example_dags/tutorial.py for tasks to queue
[2023-10-27 05:32:52,073] {logging_mixin.py:115} INFO - [2023-10-27 05:32:52,073] {dagbag.py:508} INFO - Filling up the DagBag from /home/airflow/.local/lib/python3.7/site-packages/airflow/example_dags/tutorial.py
[2023-10-27 05:32:52,080] {processor.py:651} INFO - DAG(s) dict_keys(['tutorial']) retrieved from /home/airflow/.local/lib/python3.7/site-packages/airflow/example_dags/tutorial.py
[2023-10-27 05:32:52,112] {logging_mixin.py:115} INFO - [2023-10-27 05:32:52,111] {dag.py:2420} INFO - Sync 1 DAGs
[2023-10-27 05:32:52,295] {logging_mixin.py:115} INFO - [2023-10-27 05:32:52,295] {dag.py:2972} INFO - Setting next_dagrun for tutorial to 2023-10-26T05:32:52.295095+00:00, run_after=2023-10-27T05:32:52.295095+00:00
[2023-10-27 05:32:52,307] {processor.py:161} INFO - Processing /home/airflow/.local/lib/python3.7/site-packages/airflow/example_dags/tutorial.py took 0.240 seconds
[2023-10-27 05:33:22,351] {processor.py:153} INFO - Started process (PID=621) to work on /home/airflow/.local/lib/python3.7/site-packages/airflow/example_dags/tutorial.py
[2023-10-27 05:33:22,351] {processor.py:641} INFO - Processing file /home/airflow/.local/lib/python3.7/site-packages/airflow/example_dags/tutorial.py for tasks to queue
[2023-10-27 05:33:22,352] {logging_mixin.py:115} INFO - [2023-10-27 05:33:22,352] {dagbag.py:508} INFO - Filling up the DagBag from /home/airflow/.local/lib/python3.7/site-packages/airflow/example_dags/tutorial.py
[2023-10-27 05:33:22,359] {processor.py:651} INFO - DAG(s) dict_keys(['tutorial']) retrieved from /home/airflow/.local/lib/python3.7/site-packages/airflow/example_dags/tutorial.py
[2023-10-27 05:33:22,393] {logging_mixin.py:115} INFO - [2023-10-27 05:33:22,392] {dag.py:2420} INFO - Sync 1 DAGs
[2023-10-27 05:33:22,574] {logging_mixin.py:115} INFO - [2023-10-27 05:33:22,573] {dag.py:2972} INFO - Setting next_dagrun for tutorial to 2023-10-26T05:33:22.573630+00:00, run_after=2023-10-27T05:33:22.573630+00:00
[2023-10-27 05:33:22,586] {processor.py:161} INFO - Processing /home/airflow/.local/lib/python3.7/site-packages/airflow/example_dags/tutorial.py took 0.239 seconds
[2023-10-27 05:33:53,161] {processor.py:153} INFO - Started process (PID=673) to work on /home/airflow/.local/lib/python3.7/site-packages/airflow/example_dags/tutorial.py
[2023-10-27 05:33:53,162] {processor.py:641} INFO - Processing file /home/airflow/.local/lib/python3.7/site-packages/airflow/example_dags/tutorial.py for tasks to queue
[2023-10-27 05:33:53,162] {logging_mixin.py:115} INFO - [2023-10-27 05:33:53,162] {dagbag.py:508} INFO - Filling up the DagBag from /home/airflow/.local/lib/python3.7/site-packages/airflow/example_dags/tutorial.py
[2023-10-27 05:33:53,169] {processor.py:651} INFO - DAG(s) dict_keys(['tutorial']) retrieved from /home/airflow/.local/lib/python3.7/site-packages/airflow/example_dags/tutorial.py
[2023-10-27 05:33:53,204] {logging_mixin.py:115} INFO - [2023-10-27 05:33:53,204] {dag.py:2420} INFO - Sync 1 DAGs
[2023-10-27 05:33:53,380] {logging_mixin.py:115} INFO - [2023-10-27 05:33:53,380] {dag.py:2972} INFO - Setting next_dagrun for tutorial to 2023-10-26T05:33:53.380496+00:00, run_after=2023-10-27T05:33:53.380496+00:00
[2023-10-27 05:33:53,393] {processor.py:161} INFO - Processing /home/airflow/.local/lib/python3.7/site-packages/airflow/example_dags/tutorial.py took 0.236 seconds
[2023-10-27 05:34:23,986] {processor.py:153} INFO - Started process (PID=734) to work on /home/airflow/.local/lib/python3.7/site-packages/airflow/example_dags/tutorial.py
[2023-10-27 05:34:23,986] {processor.py:641} INFO - Processing file /home/airflow/.local/lib/python3.7/site-packages/airflow/example_dags/tutorial.py for tasks to queue
[2023-10-27 05:34:23,987] {logging_mixin.py:115} INFO - [2023-10-27 05:34:23,987] {dagbag.py:508} INFO - Filling up the DagBag from /home/airflow/.local/lib/python3.7/site-packages/airflow/example_dags/tutorial.py
[2023-10-27 05:34:23,993] {processor.py:651} INFO - DAG(s) dict_keys(['tutorial']) retrieved from /home/airflow/.local/lib/python3.7/site-packages/airflow/example_dags/tutorial.py
[2023-10-27 05:34:24,028] {logging_mixin.py:115} INFO - [2023-10-27 05:34:24,027] {dag.py:2420} INFO - Sync 1 DAGs
[2023-10-27 05:34:24,204] {logging_mixin.py:115} INFO - [2023-10-27 05:34:24,204] {dag.py:2972} INFO - Setting next_dagrun for tutorial to 2023-10-26T05:34:24.204071+00:00, run_after=2023-10-27T05:34:24.204071+00:00
[2023-10-27 05:34:24,216] {processor.py:161} INFO - Processing /home/airflow/.local/lib/python3.7/site-packages/airflow/example_dags/tutorial.py took 0.235 seconds
[2023-10-27 05:34:54,914] {processor.py:153} INFO - Started process (PID=795) to work on /home/airflow/.local/lib/python3.7/site-packages/airflow/example_dags/tutorial.py
[2023-10-27 05:34:54,915] {processor.py:641} INFO - Processing file /home/airflow/.local/lib/python3.7/site-packages/airflow/example_dags/tutorial.py for tasks to queue
[2023-10-27 05:34:54,916] {logging_mixin.py:115} INFO - [2023-10-27 05:34:54,916] {dagbag.py:508} INFO - Filling up the DagBag from /home/airflow/.local/lib/python3.7/site-packages/airflow/example_dags/tutorial.py
[2023-10-27 05:34:54,923] {processor.py:651} INFO - DAG(s) dict_keys(['tutorial']) retrieved from /home/airflow/.local/lib/python3.7/site-packages/airflow/example_dags/tutorial.py
[2023-10-27 05:34:54,961] {logging_mixin.py:115} INFO - [2023-10-27 05:34:54,960] {dag.py:2420} INFO - Sync 1 DAGs
[2023-10-27 05:34:55,176] {logging_mixin.py:115} INFO - [2023-10-27 05:34:55,176] {dag.py:2972} INFO - Setting next_dagrun for tutorial to 2023-10-26T05:34:55.175852+00:00, run_after=2023-10-27T05:34:55.175852+00:00
[2023-10-27 05:34:55,190] {processor.py:161} INFO - Processing /home/airflow/.local/lib/python3.7/site-packages/airflow/example_dags/tutorial.py took 0.279 seconds
[2023-10-27 05:35:25,248] {processor.py:153} INFO - Started process (PID=848) to work on /home/airflow/.local/lib/python3.7/site-packages/airflow/example_dags/tutorial.py
[2023-10-27 05:35:25,248] {processor.py:641} INFO - Processing file /home/airflow/.local/lib/python3.7/site-packages/airflow/example_dags/tutorial.py for tasks to queue
[2023-10-27 05:35:25,249] {logging_mixin.py:115} INFO - [2023-10-27 05:35:25,249] {dagbag.py:508} INFO - Filling up the DagBag from /home/airflow/.local/lib/python3.7/site-packages/airflow/example_dags/tutorial.py
[2023-10-27 05:35:25,255] {processor.py:651} INFO - DAG(s) dict_keys(['tutorial']) retrieved from /home/airflow/.local/lib/python3.7/site-packages/airflow/example_dags/tutorial.py
[2023-10-27 05:35:25,290] {logging_mixin.py:115} INFO - [2023-10-27 05:35:25,290] {dag.py:2420} INFO - Sync 1 DAGs
[2023-10-27 05:35:25,475] {logging_mixin.py:115} INFO - [2023-10-27 05:35:25,474] {dag.py:2972} INFO - Setting next_dagrun for tutorial to 2023-10-26T05:35:25.474755+00:00, run_after=2023-10-27T05:35:25.474755+00:00
[2023-10-27 05:35:25,488] {processor.py:161} INFO - Processing /home/airflow/.local/lib/python3.7/site-packages/airflow/example_dags/tutorial.py took 0.245 seconds
[2023-10-27 05:35:55,530] {processor.py:153} INFO - Started process (PID=909) to work on /home/airflow/.local/lib/python3.7/site-packages/airflow/example_dags/tutorial.py
[2023-10-27 05:35:55,531] {processor.py:641} INFO - Processing file /home/airflow/.local/lib/python3.7/site-packages/airflow/example_dags/tutorial.py for tasks to queue
[2023-10-27 05:35:55,532] {logging_mixin.py:115} INFO - [2023-10-27 05:35:55,532] {dagbag.py:508} INFO - Filling up the DagBag from /home/airflow/.local/lib/python3.7/site-packages/airflow/example_dags/tutorial.py
[2023-10-27 05:35:55,539] {processor.py:651} INFO - DAG(s) dict_keys(['tutorial']) retrieved from /home/airflow/.local/lib/python3.7/site-packages/airflow/example_dags/tutorial.py
[2023-10-27 05:36:00,578] {logging_mixin.py:115} INFO - [2023-10-27 05:36:00,578] {dag.py:2420} INFO - Sync 1 DAGs
[2023-10-27 05:36:00,758] {logging_mixin.py:115} INFO - [2023-10-27 05:36:00,758] {dag.py:2972} INFO - Setting next_dagrun for tutorial to 2023-10-26T05:36:00.757788+00:00, run_after=2023-10-27T05:36:00.757788+00:00
[2023-10-27 05:36:00,775] {processor.py:161} INFO - Processing /home/airflow/.local/lib/python3.7/site-packages/airflow/example_dags/tutorial.py took 5.250 seconds
[2023-10-27 05:36:31,346] {processor.py:153} INFO - Started process (PID=981) to work on /home/airflow/.local/lib/python3.7/site-packages/airflow/example_dags/tutorial.py
[2023-10-27 05:36:31,347] {processor.py:641} INFO - Processing file /home/airflow/.local/lib/python3.7/site-packages/airflow/example_dags/tutorial.py for tasks to queue
[2023-10-27 05:36:31,348] {logging_mixin.py:115} INFO - [2023-10-27 05:36:31,348] {dagbag.py:508} INFO - Filling up the DagBag from /home/airflow/.local/lib/python3.7/site-packages/airflow/example_dags/tutorial.py
[2023-10-27 05:36:31,354] {processor.py:651} INFO - DAG(s) dict_keys(['tutorial']) retrieved from /home/airflow/.local/lib/python3.7/site-packages/airflow/example_dags/tutorial.py
[2023-10-27 05:36:31,388] {logging_mixin.py:115} INFO - [2023-10-27 05:36:31,388] {dag.py:2420} INFO - Sync 1 DAGs
[2023-10-27 05:36:31,562] {logging_mixin.py:115} INFO - [2023-10-27 05:36:31,562] {dag.py:2972} INFO - Setting next_dagrun for tutorial to 2023-10-26T05:36:31.561897+00:00, run_after=2023-10-27T05:36:31.561897+00:00
[2023-10-27 05:36:31,574] {processor.py:161} INFO - Processing /home/airflow/.local/lib/python3.7/site-packages/airflow/example_dags/tutorial.py took 0.232 seconds
[2023-10-27 05:37:01,717] {processor.py:153} INFO - Started process (PID=1031) to work on /home/airflow/.local/lib/python3.7/site-packages/airflow/example_dags/tutorial.py
[2023-10-27 05:37:01,717] {processor.py:641} INFO - Processing file /home/airflow/.local/lib/python3.7/site-packages/airflow/example_dags/tutorial.py for tasks to queue
[2023-10-27 05:37:01,718] {logging_mixin.py:115} INFO - [2023-10-27 05:37:01,718] {dagbag.py:508} INFO - Filling up the DagBag from /home/airflow/.local/lib/python3.7/site-packages/airflow/example_dags/tutorial.py
[2023-10-27 05:37:01,724] {processor.py:651} INFO - DAG(s) dict_keys(['tutorial']) retrieved from /home/airflow/.local/lib/python3.7/site-packages/airflow/example_dags/tutorial.py
[2023-10-27 05:37:01,758] {logging_mixin.py:115} INFO - [2023-10-27 05:37:01,758] {dag.py:2420} INFO - Sync 1 DAGs
[2023-10-27 05:37:01,936] {logging_mixin.py:115} INFO - [2023-10-27 05:37:01,936] {dag.py:2972} INFO - Setting next_dagrun for tutorial to 2023-10-26T05:37:01.935877+00:00, run_after=2023-10-27T05:37:01.935877+00:00
[2023-10-27 05:37:01,948] {processor.py:161} INFO - Processing /home/airflow/.local/lib/python3.7/site-packages/airflow/example_dags/tutorial.py took 0.235 seconds
[2023-10-27 05:37:32,466] {processor.py:153} INFO - Started process (PID=1092) to work on /home/airflow/.local/lib/python3.7/site-packages/airflow/example_dags/tutorial.py
[2023-10-27 05:37:32,467] {processor.py:641} INFO - Processing file /home/airflow/.local/lib/python3.7/site-packages/airflow/example_dags/tutorial.py for tasks to queue
[2023-10-27 05:37:32,467] {logging_mixin.py:115} INFO - [2023-10-27 05:37:32,467] {dagbag.py:508} INFO - Filling up the DagBag from /home/airflow/.local/lib/python3.7/site-packages/airflow/example_dags/tutorial.py
[2023-10-27 05:37:32,474] {processor.py:651} INFO - DAG(s) dict_keys(['tutorial']) retrieved from /home/airflow/.local/lib/python3.7/site-packages/airflow/example_dags/tutorial.py
[2023-10-27 05:37:32,509] {logging_mixin.py:115} INFO - [2023-10-27 05:37:32,509] {dag.py:2420} INFO - Sync 1 DAGs
[2023-10-27 05:37:32,693] {logging_mixin.py:115} INFO - [2023-10-27 05:37:32,693] {dag.py:2972} INFO - Setting next_dagrun for tutorial to 2023-10-26T05:37:32.693509+00:00, run_after=2023-10-27T05:37:32.693509+00:00
[2023-10-27 05:37:32,706] {processor.py:161} INFO - Processing /home/airflow/.local/lib/python3.7/site-packages/airflow/example_dags/tutorial.py took 0.244 seconds
[2023-10-27 05:38:03,180] {processor.py:153} INFO - Started process (PID=1154) to work on /home/airflow/.local/lib/python3.7/site-packages/airflow/example_dags/tutorial.py
[2023-10-27 05:38:03,181] {processor.py:641} INFO - Processing file /home/airflow/.local/lib/python3.7/site-packages/airflow/example_dags/tutorial.py for tasks to queue
[2023-10-27 05:38:03,182] {logging_mixin.py:115} INFO - [2023-10-27 05:38:03,182] {dagbag.py:508} INFO - Filling up the DagBag from /home/airflow/.local/lib/python3.7/site-packages/airflow/example_dags/tutorial.py
[2023-10-27 05:38:03,189] {processor.py:651} INFO - DAG(s) dict_keys(['tutorial']) retrieved from /home/airflow/.local/lib/python3.7/site-packages/airflow/example_dags/tutorial.py
[2023-10-27 05:38:03,223] {logging_mixin.py:115} INFO - [2023-10-27 05:38:03,223] {dag.py:2420} INFO - Sync 1 DAGs
[2023-10-27 05:38:03,401] {logging_mixin.py:115} INFO - [2023-10-27 05:38:03,401] {dag.py:2972} INFO - Setting next_dagrun for tutorial to 2023-10-26T05:38:03.401053+00:00, run_after=2023-10-27T05:38:03.401053+00:00
[2023-10-27 05:38:03,413] {processor.py:161} INFO - Processing /home/airflow/.local/lib/python3.7/site-packages/airflow/example_dags/tutorial.py took 0.237 seconds
[2023-10-27 05:38:33,624] {processor.py:153} INFO - Started process (PID=1206) to work on /home/airflow/.local/lib/python3.7/site-packages/airflow/example_dags/tutorial.py
[2023-10-27 05:38:33,625] {processor.py:641} INFO - Processing file /home/airflow/.local/lib/python3.7/site-packages/airflow/example_dags/tutorial.py for tasks to queue
[2023-10-27 05:38:33,625] {logging_mixin.py:115} INFO - [2023-10-27 05:38:33,625] {dagbag.py:508} INFO - Filling up the DagBag from /home/airflow/.local/lib/python3.7/site-packages/airflow/example_dags/tutorial.py
[2023-10-27 05:38:33,633] {processor.py:651} INFO - DAG(s) dict_keys(['tutorial']) retrieved from /home/airflow/.local/lib/python3.7/site-packages/airflow/example_dags/tutorial.py
[2023-10-27 05:38:33,666] {logging_mixin.py:115} INFO - [2023-10-27 05:38:33,666] {dag.py:2420} INFO - Sync 1 DAGs
[2023-10-27 05:38:33,847] {logging_mixin.py:115} INFO - [2023-10-27 05:38:33,847] {dag.py:2972} INFO - Setting next_dagrun for tutorial to 2023-10-26T05:38:33.846815+00:00, run_after=2023-10-27T05:38:33.846815+00:00
[2023-10-27 05:38:33,859] {processor.py:161} INFO - Processing /home/airflow/.local/lib/python3.7/site-packages/airflow/example_dags/tutorial.py took 0.239 seconds
[2023-10-27 05:39:04,103] {processor.py:153} INFO - Started process (PID=1268) to work on /home/airflow/.local/lib/python3.7/site-packages/airflow/example_dags/tutorial.py
[2023-10-27 05:39:04,104] {processor.py:641} INFO - Processing file /home/airflow/.local/lib/python3.7/site-packages/airflow/example_dags/tutorial.py for tasks to queue
[2023-10-27 05:39:04,104] {logging_mixin.py:115} INFO - [2023-10-27 05:39:04,104] {dagbag.py:508} INFO - Filling up the DagBag from /home/airflow/.local/lib/python3.7/site-packages/airflow/example_dags/tutorial.py
[2023-10-27 05:39:04,112] {processor.py:651} INFO - DAG(s) dict_keys(['tutorial']) retrieved from /home/airflow/.local/lib/python3.7/site-packages/airflow/example_dags/tutorial.py
[2023-10-27 05:39:04,146] {logging_mixin.py:115} INFO - [2023-10-27 05:39:04,146] {dag.py:2420} INFO - Sync 1 DAGs
[2023-10-27 05:39:04,329] {logging_mixin.py:115} INFO - [2023-10-27 05:39:04,328] {dag.py:2972} INFO - Setting next_dagrun for tutorial to 2023-10-26T05:39:04.328649+00:00, run_after=2023-10-27T05:39:04.328649+00:00
[2023-10-27 05:39:04,341] {processor.py:161} INFO - Processing /home/airflow/.local/lib/python3.7/site-packages/airflow/example_dags/tutorial.py took 0.242 seconds
[2023-10-27 05:39:34,756] {processor.py:153} INFO - Started process (PID=1319) to work on /home/airflow/.local/lib/python3.7/site-packages/airflow/example_dags/tutorial.py
[2023-10-27 05:39:34,756] {processor.py:641} INFO - Processing file /home/airflow/.local/lib/python3.7/site-packages/airflow/example_dags/tutorial.py for tasks to queue
[2023-10-27 05:39:34,757] {logging_mixin.py:115} INFO - [2023-10-27 05:39:34,757] {dagbag.py:508} INFO - Filling up the DagBag from /home/airflow/.local/lib/python3.7/site-packages/airflow/example_dags/tutorial.py
[2023-10-27 05:39:34,764] {processor.py:651} INFO - DAG(s) dict_keys(['tutorial']) retrieved from /home/airflow/.local/lib/python3.7/site-packages/airflow/example_dags/tutorial.py
[2023-10-27 05:39:34,798] {logging_mixin.py:115} INFO - [2023-10-27 05:39:34,797] {dag.py:2420} INFO - Sync 1 DAGs
[2023-10-27 05:39:34,986] {logging_mixin.py:115} INFO - [2023-10-27 05:39:34,986] {dag.py:2972} INFO - Setting next_dagrun for tutorial to 2023-10-26T05:39:34.986457+00:00, run_after=2023-10-27T05:39:34.986457+00:00
[2023-10-27 05:39:35,003] {processor.py:161} INFO - Processing /home/airflow/.local/lib/python3.7/site-packages/airflow/example_dags/tutorial.py took 0.251 seconds
[2023-10-27 05:40:05,387] {processor.py:153} INFO - Started process (PID=1379) to work on /home/airflow/.local/lib/python3.7/site-packages/airflow/example_dags/tutorial.py
[2023-10-27 05:40:05,387] {processor.py:641} INFO - Processing file /home/airflow/.local/lib/python3.7/site-packages/airflow/example_dags/tutorial.py for tasks to queue
[2023-10-27 05:40:05,388] {logging_mixin.py:115} INFO - [2023-10-27 05:40:05,388] {dagbag.py:508} INFO - Filling up the DagBag from /home/airflow/.local/lib/python3.7/site-packages/airflow/example_dags/tutorial.py
[2023-10-27 05:40:05,395] {processor.py:651} INFO - DAG(s) dict_keys(['tutorial']) retrieved from /home/airflow/.local/lib/python3.7/site-packages/airflow/example_dags/tutorial.py
[2023-10-27 05:40:05,428] {logging_mixin.py:115} INFO - [2023-10-27 05:40:05,428] {dag.py:2420} INFO - Sync 1 DAGs
[2023-10-27 05:40:05,603] {logging_mixin.py:115} INFO - [2023-10-27 05:40:05,603] {dag.py:2972} INFO - Setting next_dagrun for tutorial to 2023-10-26T05:40:05.603295+00:00, run_after=2023-10-27T05:40:05.603295+00:00
[2023-10-27 05:40:05,615] {processor.py:161} INFO - Processing /home/airflow/.local/lib/python3.7/site-packages/airflow/example_dags/tutorial.py took 0.232 seconds
[2023-10-27 05:40:35,663] {processor.py:153} INFO - Started process (PID=1440) to work on /home/airflow/.local/lib/python3.7/site-packages/airflow/example_dags/tutorial.py
[2023-10-27 05:40:35,663] {processor.py:641} INFO - Processing file /home/airflow/.local/lib/python3.7/site-packages/airflow/example_dags/tutorial.py for tasks to queue
[2023-10-27 05:40:35,664] {logging_mixin.py:115} INFO - [2023-10-27 05:40:35,664] {dagbag.py:508} INFO - Filling up the DagBag from /home/airflow/.local/lib/python3.7/site-packages/airflow/example_dags/tutorial.py
[2023-10-27 05:40:35,671] {processor.py:651} INFO - DAG(s) dict_keys(['tutorial']) retrieved from /home/airflow/.local/lib/python3.7/site-packages/airflow/example_dags/tutorial.py
[2023-10-27 05:40:35,703] {logging_mixin.py:115} INFO - [2023-10-27 05:40:35,703] {dag.py:2420} INFO - Sync 1 DAGs
[2023-10-27 05:40:35,878] {logging_mixin.py:115} INFO - [2023-10-27 05:40:35,877] {dag.py:2972} INFO - Setting next_dagrun for tutorial to 2023-10-26T05:40:35.877673+00:00, run_after=2023-10-27T05:40:35.877673+00:00
[2023-10-27 05:40:35,889] {processor.py:161} INFO - Processing /home/airflow/.local/lib/python3.7/site-packages/airflow/example_dags/tutorial.py took 0.231 seconds
[2023-10-27 05:41:06,044] {processor.py:153} INFO - Started process (PID=1492) to work on /home/airflow/.local/lib/python3.7/site-packages/airflow/example_dags/tutorial.py
[2023-10-27 05:41:06,045] {processor.py:641} INFO - Processing file /home/airflow/.local/lib/python3.7/site-packages/airflow/example_dags/tutorial.py for tasks to queue
[2023-10-27 05:41:06,045] {logging_mixin.py:115} INFO - [2023-10-27 05:41:06,045] {dagbag.py:508} INFO - Filling up the DagBag from /home/airflow/.local/lib/python3.7/site-packages/airflow/example_dags/tutorial.py
[2023-10-27 05:41:06,052] {processor.py:651} INFO - DAG(s) dict_keys(['tutorial']) retrieved from /home/airflow/.local/lib/python3.7/site-packages/airflow/example_dags/tutorial.py
[2023-10-27 05:41:06,086] {logging_mixin.py:115} INFO - [2023-10-27 05:41:06,086] {dag.py:2420} INFO - Sync 1 DAGs
[2023-10-27 05:41:06,262] {logging_mixin.py:115} INFO - [2023-10-27 05:41:06,261] {dag.py:2972} INFO - Setting next_dagrun for tutorial to 2023-10-26T05:41:06.261692+00:00, run_after=2023-10-27T05:41:06.261692+00:00
[2023-10-27 05:41:06,276] {processor.py:161} INFO - Processing /home/airflow/.local/lib/python3.7/site-packages/airflow/example_dags/tutorial.py took 0.237 seconds
[2023-10-27 05:41:36,371] {processor.py:153} INFO - Started process (PID=1544) to work on /home/airflow/.local/lib/python3.7/site-packages/airflow/example_dags/tutorial.py
[2023-10-27 05:41:36,371] {processor.py:641} INFO - Processing file /home/airflow/.local/lib/python3.7/site-packages/airflow/example_dags/tutorial.py for tasks to queue
[2023-10-27 05:41:36,372] {logging_mixin.py:115} INFO - [2023-10-27 05:41:36,372] {dagbag.py:508} INFO - Filling up the DagBag from /home/airflow/.local/lib/python3.7/site-packages/airflow/example_dags/tutorial.py
[2023-10-27 05:41:36,379] {processor.py:651} INFO - DAG(s) dict_keys(['tutorial']) retrieved from /home/airflow/.local/lib/python3.7/site-packages/airflow/example_dags/tutorial.py
[2023-10-27 05:41:36,412] {logging_mixin.py:115} INFO - [2023-10-27 05:41:36,412] {dag.py:2420} INFO - Sync 1 DAGs
[2023-10-27 05:41:36,587] {logging_mixin.py:115} INFO - [2023-10-27 05:41:36,587] {dag.py:2972} INFO - Setting next_dagrun for tutorial to 2023-10-26T05:41:36.586778+00:00, run_after=2023-10-27T05:41:36.586778+00:00
[2023-10-27 05:41:36,599] {processor.py:161} INFO - Processing /home/airflow/.local/lib/python3.7/site-packages/airflow/example_dags/tutorial.py took 0.232 seconds
[2023-10-27 05:42:07,147] {processor.py:153} INFO - Started process (PID=1605) to work on /home/airflow/.local/lib/python3.7/site-packages/airflow/example_dags/tutorial.py
[2023-10-27 05:42:07,148] {processor.py:641} INFO - Processing file /home/airflow/.local/lib/python3.7/site-packages/airflow/example_dags/tutorial.py for tasks to queue
[2023-10-27 05:42:07,148] {logging_mixin.py:115} INFO - [2023-10-27 05:42:07,148] {dagbag.py:508} INFO - Filling up the DagBag from /home/airflow/.local/lib/python3.7/site-packages/airflow/example_dags/tutorial.py
[2023-10-27 05:42:07,155] {processor.py:651} INFO - DAG(s) dict_keys(['tutorial']) retrieved from /home/airflow/.local/lib/python3.7/site-packages/airflow/example_dags/tutorial.py
[2023-10-27 05:42:07,188] {logging_mixin.py:115} INFO - [2023-10-27 05:42:07,188] {dag.py:2420} INFO - Sync 1 DAGs
[2023-10-27 05:42:07,365] {logging_mixin.py:115} INFO - [2023-10-27 05:42:07,365] {dag.py:2972} INFO - Setting next_dagrun for tutorial to 2023-10-26T05:42:07.365141+00:00, run_after=2023-10-27T05:42:07.365141+00:00
[2023-10-27 05:42:07,377] {processor.py:161} INFO - Processing /home/airflow/.local/lib/python3.7/site-packages/airflow/example_dags/tutorial.py took 0.234 seconds
[2023-10-27 05:42:37,676] {processor.py:153} INFO - Started process (PID=1665) to work on /home/airflow/.local/lib/python3.7/site-packages/airflow/example_dags/tutorial.py
[2023-10-27 05:42:37,676] {processor.py:641} INFO - Processing file /home/airflow/.local/lib/python3.7/site-packages/airflow/example_dags/tutorial.py for tasks to queue
[2023-10-27 05:42:37,677] {logging_mixin.py:115} INFO - [2023-10-27 05:42:37,677] {dagbag.py:508} INFO - Filling up the DagBag from /home/airflow/.local/lib/python3.7/site-packages/airflow/example_dags/tutorial.py
[2023-10-27 05:42:37,684] {processor.py:651} INFO - DAG(s) dict_keys(['tutorial']) retrieved from /home/airflow/.local/lib/python3.7/site-packages/airflow/example_dags/tutorial.py
[2023-10-27 05:42:37,719] {logging_mixin.py:115} INFO - [2023-10-27 05:42:37,718] {dag.py:2420} INFO - Sync 1 DAGs
[2023-10-27 05:42:37,903] {logging_mixin.py:115} INFO - [2023-10-27 05:42:37,903] {dag.py:2972} INFO - Setting next_dagrun for tutorial to 2023-10-26T05:42:37.902949+00:00, run_after=2023-10-27T05:42:37.902949+00:00
[2023-10-27 05:42:37,915] {processor.py:161} INFO - Processing /home/airflow/.local/lib/python3.7/site-packages/airflow/example_dags/tutorial.py took 0.243 seconds
[2023-10-27 05:43:08,040] {processor.py:153} INFO - Started process (PID=1718) to work on /home/airflow/.local/lib/python3.7/site-packages/airflow/example_dags/tutorial.py
[2023-10-27 05:43:08,041] {processor.py:641} INFO - Processing file /home/airflow/.local/lib/python3.7/site-packages/airflow/example_dags/tutorial.py for tasks to queue
[2023-10-27 05:43:08,042] {logging_mixin.py:115} INFO - [2023-10-27 05:43:08,042] {dagbag.py:508} INFO - Filling up the DagBag from /home/airflow/.local/lib/python3.7/site-packages/airflow/example_dags/tutorial.py
[2023-10-27 05:43:08,049] {processor.py:651} INFO - DAG(s) dict_keys(['tutorial']) retrieved from /home/airflow/.local/lib/python3.7/site-packages/airflow/example_dags/tutorial.py
[2023-10-27 05:43:08,082] {logging_mixin.py:115} INFO - [2023-10-27 05:43:08,082] {dag.py:2420} INFO - Sync 1 DAGs
[2023-10-27 05:43:08,256] {logging_mixin.py:115} INFO - [2023-10-27 05:43:08,256] {dag.py:2972} INFO - Setting next_dagrun for tutorial to 2023-10-26T05:43:08.255964+00:00, run_after=2023-10-27T05:43:08.255964+00:00
[2023-10-27 05:43:08,268] {processor.py:161} INFO - Processing /home/airflow/.local/lib/python3.7/site-packages/airflow/example_dags/tutorial.py took 0.232 seconds
[2023-10-27 05:43:38,497] {processor.py:153} INFO - Started process (PID=1778) to work on /home/airflow/.local/lib/python3.7/site-packages/airflow/example_dags/tutorial.py
[2023-10-27 05:43:38,497] {processor.py:641} INFO - Processing file /home/airflow/.local/lib/python3.7/site-packages/airflow/example_dags/tutorial.py for tasks to queue
[2023-10-27 05:43:38,498] {logging_mixin.py:115} INFO - [2023-10-27 05:43:38,498] {dagbag.py:508} INFO - Filling up the DagBag from /home/airflow/.local/lib/python3.7/site-packages/airflow/example_dags/tutorial.py
[2023-10-27 05:43:38,505] {processor.py:651} INFO - DAG(s) dict_keys(['tutorial']) retrieved from /home/airflow/.local/lib/python3.7/site-packages/airflow/example_dags/tutorial.py
[2023-10-27 05:43:38,692] {logging_mixin.py:115} INFO - [2023-10-27 05:43:38,692] {dag.py:2420} INFO - Sync 1 DAGs
[2023-10-27 05:43:38,714] {logging_mixin.py:115} INFO - [2023-10-27 05:43:38,714] {dag.py:2972} INFO - Setting next_dagrun for tutorial to 2023-10-26T05:43:38.714429+00:00, run_after=2023-10-27T05:43:38.714429+00:00
[2023-10-27 05:43:38,727] {processor.py:161} INFO - Processing /home/airflow/.local/lib/python3.7/site-packages/airflow/example_dags/tutorial.py took 0.234 seconds
[2023-10-27 05:44:08,866] {processor.py:153} INFO - Started process (PID=1836) to work on /home/airflow/.local/lib/python3.7/site-packages/airflow/example_dags/tutorial.py
[2023-10-27 05:44:08,867] {processor.py:641} INFO - Processing file /home/airflow/.local/lib/python3.7/site-packages/airflow/example_dags/tutorial.py for tasks to queue
[2023-10-27 05:44:08,868] {logging_mixin.py:115} INFO - [2023-10-27 05:44:08,868] {dagbag.py:508} INFO - Filling up the DagBag from /home/airflow/.local/lib/python3.7/site-packages/airflow/example_dags/tutorial.py
[2023-10-27 05:44:08,875] {processor.py:651} INFO - DAG(s) dict_keys(['tutorial']) retrieved from /home/airflow/.local/lib/python3.7/site-packages/airflow/example_dags/tutorial.py
[2023-10-27 05:44:09,076] {logging_mixin.py:115} INFO - [2023-10-27 05:44:09,076] {dag.py:2420} INFO - Sync 1 DAGs
[2023-10-27 05:44:09,099] {logging_mixin.py:115} INFO - [2023-10-27 05:44:09,099] {dag.py:2972} INFO - Setting next_dagrun for tutorial to 2023-10-26T05:44:09.098941+00:00, run_after=2023-10-27T05:44:09.098941+00:00
[2023-10-27 05:44:09,112] {processor.py:161} INFO - Processing /home/airflow/.local/lib/python3.7/site-packages/airflow/example_dags/tutorial.py took 0.250 seconds
[2023-10-27 05:44:39,515] {processor.py:153} INFO - Started process (PID=1890) to work on /home/airflow/.local/lib/python3.7/site-packages/airflow/example_dags/tutorial.py
[2023-10-27 05:44:39,515] {processor.py:641} INFO - Processing file /home/airflow/.local/lib/python3.7/site-packages/airflow/example_dags/tutorial.py for tasks to queue
[2023-10-27 05:44:39,516] {logging_mixin.py:115} INFO - [2023-10-27 05:44:39,516] {dagbag.py:508} INFO - Filling up the DagBag from /home/airflow/.local/lib/python3.7/site-packages/airflow/example_dags/tutorial.py
[2023-10-27 05:44:39,522] {processor.py:651} INFO - DAG(s) dict_keys(['tutorial']) retrieved from /home/airflow/.local/lib/python3.7/site-packages/airflow/example_dags/tutorial.py
[2023-10-27 05:44:39,712] {logging_mixin.py:115} INFO - [2023-10-27 05:44:39,712] {dag.py:2420} INFO - Sync 1 DAGs
[2023-10-27 05:44:39,735] {logging_mixin.py:115} INFO - [2023-10-27 05:44:39,735] {dag.py:2972} INFO - Setting next_dagrun for tutorial to 2023-10-26T05:44:39.734895+00:00, run_after=2023-10-27T05:44:39.734895+00:00
[2023-10-27 05:44:39,747] {processor.py:161} INFO - Processing /home/airflow/.local/lib/python3.7/site-packages/airflow/example_dags/tutorial.py took 0.236 seconds
[2023-10-27 05:45:09,992] {processor.py:153} INFO - Started process (PID=1952) to work on /home/airflow/.local/lib/python3.7/site-packages/airflow/example_dags/tutorial.py
[2023-10-27 05:45:09,993] {processor.py:641} INFO - Processing file /home/airflow/.local/lib/python3.7/site-packages/airflow/example_dags/tutorial.py for tasks to queue
[2023-10-27 05:45:09,993] {logging_mixin.py:115} INFO - [2023-10-27 05:45:09,993] {dagbag.py:508} INFO - Filling up the DagBag from /home/airflow/.local/lib/python3.7/site-packages/airflow/example_dags/tutorial.py
[2023-10-27 05:45:10,000] {processor.py:651} INFO - DAG(s) dict_keys(['tutorial']) retrieved from /home/airflow/.local/lib/python3.7/site-packages/airflow/example_dags/tutorial.py
[2023-10-27 05:45:10,197] {logging_mixin.py:115} INFO - [2023-10-27 05:45:10,197] {dag.py:2420} INFO - Sync 1 DAGs
[2023-10-27 05:45:10,219] {logging_mixin.py:115} INFO - [2023-10-27 05:45:10,219] {dag.py:2972} INFO - Setting next_dagrun for tutorial to 2023-10-26T05:45:10.218822+00:00, run_after=2023-10-27T05:45:10.218822+00:00
[2023-10-27 05:45:10,231] {processor.py:161} INFO - Processing /home/airflow/.local/lib/python3.7/site-packages/airflow/example_dags/tutorial.py took 0.243 seconds
[2023-10-27 05:45:40,433] {processor.py:153} INFO - Started process (PID=2004) to work on /home/airflow/.local/lib/python3.7/site-packages/airflow/example_dags/tutorial.py
[2023-10-27 05:45:40,434] {processor.py:641} INFO - Processing file /home/airflow/.local/lib/python3.7/site-packages/airflow/example_dags/tutorial.py for tasks to queue
[2023-10-27 05:45:40,435] {logging_mixin.py:115} INFO - [2023-10-27 05:45:40,435] {dagbag.py:508} INFO - Filling up the DagBag from /home/airflow/.local/lib/python3.7/site-packages/airflow/example_dags/tutorial.py
[2023-10-27 05:45:40,441] {processor.py:651} INFO - DAG(s) dict_keys(['tutorial']) retrieved from /home/airflow/.local/lib/python3.7/site-packages/airflow/example_dags/tutorial.py
[2023-10-27 05:45:40,631] {logging_mixin.py:115} INFO - [2023-10-27 05:45:40,631] {dag.py:2420} INFO - Sync 1 DAGs
[2023-10-27 05:45:40,657] {logging_mixin.py:115} INFO - [2023-10-27 05:45:40,657] {dag.py:2972} INFO - Setting next_dagrun for tutorial to 2023-10-26T05:45:40.657112+00:00, run_after=2023-10-27T05:45:40.657112+00:00
[2023-10-27 05:45:40,670] {processor.py:161} INFO - Processing /home/airflow/.local/lib/python3.7/site-packages/airflow/example_dags/tutorial.py took 0.241 seconds
[2023-10-27 05:46:11,153] {processor.py:153} INFO - Started process (PID=2067) to work on /home/airflow/.local/lib/python3.7/site-packages/airflow/example_dags/tutorial.py
[2023-10-27 05:46:11,154] {processor.py:641} INFO - Processing file /home/airflow/.local/lib/python3.7/site-packages/airflow/example_dags/tutorial.py for tasks to queue
[2023-10-27 05:46:11,154] {logging_mixin.py:115} INFO - [2023-10-27 05:46:11,154] {dagbag.py:508} INFO - Filling up the DagBag from /home/airflow/.local/lib/python3.7/site-packages/airflow/example_dags/tutorial.py
[2023-10-27 05:46:11,161] {processor.py:651} INFO - DAG(s) dict_keys(['tutorial']) retrieved from /home/airflow/.local/lib/python3.7/site-packages/airflow/example_dags/tutorial.py
[2023-10-27 05:46:11,355] {logging_mixin.py:115} INFO - [2023-10-27 05:46:11,354] {dag.py:2420} INFO - Sync 1 DAGs
[2023-10-27 05:46:11,377] {logging_mixin.py:115} INFO - [2023-10-27 05:46:11,377] {dag.py:2972} INFO - Setting next_dagrun for tutorial to 2023-10-26T05:46:11.377160+00:00, run_after=2023-10-27T05:46:11.377160+00:00
[2023-10-27 05:46:11,389] {processor.py:161} INFO - Processing /home/airflow/.local/lib/python3.7/site-packages/airflow/example_dags/tutorial.py took 0.240 seconds
[2023-10-27 05:46:41,875] {processor.py:153} INFO - Started process (PID=2121) to work on /home/airflow/.local/lib/python3.7/site-packages/airflow/example_dags/tutorial.py
[2023-10-27 05:46:41,876] {processor.py:641} INFO - Processing file /home/airflow/.local/lib/python3.7/site-packages/airflow/example_dags/tutorial.py for tasks to queue
[2023-10-27 05:46:41,876] {logging_mixin.py:115} INFO - [2023-10-27 05:46:41,876] {dagbag.py:508} INFO - Filling up the DagBag from /home/airflow/.local/lib/python3.7/site-packages/airflow/example_dags/tutorial.py
[2023-10-27 05:46:41,883] {processor.py:651} INFO - DAG(s) dict_keys(['tutorial']) retrieved from /home/airflow/.local/lib/python3.7/site-packages/airflow/example_dags/tutorial.py
[2023-10-27 05:46:42,074] {logging_mixin.py:115} INFO - [2023-10-27 05:46:42,074] {dag.py:2420} INFO - Sync 1 DAGs
[2023-10-27 05:46:42,097] {logging_mixin.py:115} INFO - [2023-10-27 05:46:42,097] {dag.py:2972} INFO - Setting next_dagrun for tutorial to 2023-10-26T05:46:42.097312+00:00, run_after=2023-10-27T05:46:42.097312+00:00
[2023-10-27 05:46:42,110] {processor.py:161} INFO - Processing /home/airflow/.local/lib/python3.7/site-packages/airflow/example_dags/tutorial.py took 0.239 seconds
[2023-10-27 05:47:12,276] {processor.py:153} INFO - Started process (PID=2183) to work on /home/airflow/.local/lib/python3.7/site-packages/airflow/example_dags/tutorial.py
[2023-10-27 05:47:12,277] {processor.py:641} INFO - Processing file /home/airflow/.local/lib/python3.7/site-packages/airflow/example_dags/tutorial.py for tasks to queue
[2023-10-27 05:47:12,277] {logging_mixin.py:115} INFO - [2023-10-27 05:47:12,277] {dagbag.py:508} INFO - Filling up the DagBag from /home/airflow/.local/lib/python3.7/site-packages/airflow/example_dags/tutorial.py
[2023-10-27 05:47:12,284] {processor.py:651} INFO - DAG(s) dict_keys(['tutorial']) retrieved from /home/airflow/.local/lib/python3.7/site-packages/airflow/example_dags/tutorial.py
[2023-10-27 05:47:12,476] {logging_mixin.py:115} INFO - [2023-10-27 05:47:12,476] {dag.py:2420} INFO - Sync 1 DAGs
[2023-10-27 05:47:12,500] {logging_mixin.py:115} INFO - [2023-10-27 05:47:12,500] {dag.py:2972} INFO - Setting next_dagrun for tutorial to 2023-10-26T05:47:12.499802+00:00, run_after=2023-10-27T05:47:12.499802+00:00
[2023-10-27 05:47:12,513] {processor.py:161} INFO - Processing /home/airflow/.local/lib/python3.7/site-packages/airflow/example_dags/tutorial.py took 0.241 seconds
[2023-10-27 05:47:42,823] {processor.py:153} INFO - Started process (PID=2235) to work on /home/airflow/.local/lib/python3.7/site-packages/airflow/example_dags/tutorial.py
[2023-10-27 05:47:42,824] {processor.py:641} INFO - Processing file /home/airflow/.local/lib/python3.7/site-packages/airflow/example_dags/tutorial.py for tasks to queue
[2023-10-27 05:47:42,824] {logging_mixin.py:115} INFO - [2023-10-27 05:47:42,824] {dagbag.py:508} INFO - Filling up the DagBag from /home/airflow/.local/lib/python3.7/site-packages/airflow/example_dags/tutorial.py
[2023-10-27 05:47:42,831] {processor.py:651} INFO - DAG(s) dict_keys(['tutorial']) retrieved from /home/airflow/.local/lib/python3.7/site-packages/airflow/example_dags/tutorial.py
[2023-10-27 05:47:43,028] {logging_mixin.py:115} INFO - [2023-10-27 05:47:43,028] {dag.py:2420} INFO - Sync 1 DAGs
[2023-10-27 05:47:43,053] {logging_mixin.py:115} INFO - [2023-10-27 05:47:43,053] {dag.py:2972} INFO - Setting next_dagrun for tutorial to 2023-10-26T05:47:43.052789+00:00, run_after=2023-10-27T05:47:43.052789+00:00
[2023-10-27 05:47:43,073] {processor.py:161} INFO - Processing /home/airflow/.local/lib/python3.7/site-packages/airflow/example_dags/tutorial.py took 0.254 seconds
[2023-10-27 05:48:13,108] {processor.py:153} INFO - Started process (PID=2295) to work on /home/airflow/.local/lib/python3.7/site-packages/airflow/example_dags/tutorial.py
[2023-10-27 05:48:13,109] {processor.py:641} INFO - Processing file /home/airflow/.local/lib/python3.7/site-packages/airflow/example_dags/tutorial.py for tasks to queue
[2023-10-27 05:48:13,109] {logging_mixin.py:115} INFO - [2023-10-27 05:48:13,109] {dagbag.py:508} INFO - Filling up the DagBag from /home/airflow/.local/lib/python3.7/site-packages/airflow/example_dags/tutorial.py
[2023-10-27 05:48:13,116] {processor.py:651} INFO - DAG(s) dict_keys(['tutorial']) retrieved from /home/airflow/.local/lib/python3.7/site-packages/airflow/example_dags/tutorial.py
[2023-10-27 05:48:13,303] {logging_mixin.py:115} INFO - [2023-10-27 05:48:13,303] {dag.py:2420} INFO - Sync 1 DAGs
[2023-10-27 05:48:13,325] {logging_mixin.py:115} INFO - [2023-10-27 05:48:13,325] {dag.py:2972} INFO - Setting next_dagrun for tutorial to 2023-10-26T05:48:13.325337+00:00, run_after=2023-10-27T05:48:13.325337+00:00
[2023-10-27 05:48:13,337] {processor.py:161} INFO - Processing /home/airflow/.local/lib/python3.7/site-packages/airflow/example_dags/tutorial.py took 0.233 seconds
[2023-10-27 05:48:44,032] {processor.py:153} INFO - Started process (PID=2357) to work on /home/airflow/.local/lib/python3.7/site-packages/airflow/example_dags/tutorial.py
[2023-10-27 05:48:44,033] {processor.py:641} INFO - Processing file /home/airflow/.local/lib/python3.7/site-packages/airflow/example_dags/tutorial.py for tasks to queue
[2023-10-27 05:48:44,033] {logging_mixin.py:115} INFO - [2023-10-27 05:48:44,033] {dagbag.py:508} INFO - Filling up the DagBag from /home/airflow/.local/lib/python3.7/site-packages/airflow/example_dags/tutorial.py
[2023-10-27 05:48:44,044] {processor.py:651} INFO - DAG(s) dict_keys(['tutorial']) retrieved from /home/airflow/.local/lib/python3.7/site-packages/airflow/example_dags/tutorial.py
[2023-10-27 05:48:44,227] {logging_mixin.py:115} INFO - [2023-10-27 05:48:44,227] {dag.py:2420} INFO - Sync 1 DAGs
[2023-10-27 05:48:44,249] {logging_mixin.py:115} INFO - [2023-10-27 05:48:44,249] {dag.py:2972} INFO - Setting next_dagrun for tutorial to 2023-10-26T05:48:44.249558+00:00, run_after=2023-10-27T05:48:44.249558+00:00
[2023-10-27 05:48:44,262] {processor.py:161} INFO - Processing /home/airflow/.local/lib/python3.7/site-packages/airflow/example_dags/tutorial.py took 0.234 seconds
[2023-10-27 05:49:14,488] {processor.py:153} INFO - Started process (PID=2409) to work on /home/airflow/.local/lib/python3.7/site-packages/airflow/example_dags/tutorial.py
[2023-10-27 05:49:14,489] {processor.py:641} INFO - Processing file /home/airflow/.local/lib/python3.7/site-packages/airflow/example_dags/tutorial.py for tasks to queue
[2023-10-27 05:49:14,490] {logging_mixin.py:115} INFO - [2023-10-27 05:49:14,490] {dagbag.py:508} INFO - Filling up the DagBag from /home/airflow/.local/lib/python3.7/site-packages/airflow/example_dags/tutorial.py
[2023-10-27 05:49:14,496] {processor.py:651} INFO - DAG(s) dict_keys(['tutorial']) retrieved from /home/airflow/.local/lib/python3.7/site-packages/airflow/example_dags/tutorial.py
[2023-10-27 05:49:14,684] {logging_mixin.py:115} INFO - [2023-10-27 05:49:14,684] {dag.py:2420} INFO - Sync 1 DAGs
[2023-10-27 05:49:14,706] {logging_mixin.py:115} INFO - [2023-10-27 05:49:14,706] {dag.py:2972} INFO - Setting next_dagrun for tutorial to 2023-10-26T05:49:14.706238+00:00, run_after=2023-10-27T05:49:14.706238+00:00
[2023-10-27 05:49:14,718] {processor.py:161} INFO - Processing /home/airflow/.local/lib/python3.7/site-packages/airflow/example_dags/tutorial.py took 0.234 seconds
[2023-10-27 05:49:45,108] {processor.py:153} INFO - Started process (PID=2471) to work on /home/airflow/.local/lib/python3.7/site-packages/airflow/example_dags/tutorial.py
[2023-10-27 05:49:45,109] {processor.py:641} INFO - Processing file /home/airflow/.local/lib/python3.7/site-packages/airflow/example_dags/tutorial.py for tasks to queue
[2023-10-27 05:49:45,109] {logging_mixin.py:115} INFO - [2023-10-27 05:49:45,109] {dagbag.py:508} INFO - Filling up the DagBag from /home/airflow/.local/lib/python3.7/site-packages/airflow/example_dags/tutorial.py
[2023-10-27 05:49:45,120] {processor.py:651} INFO - DAG(s) dict_keys(['tutorial']) retrieved from /home/airflow/.local/lib/python3.7/site-packages/airflow/example_dags/tutorial.py
[2023-10-27 05:49:45,301] {logging_mixin.py:115} INFO - [2023-10-27 05:49:45,301] {dag.py:2420} INFO - Sync 1 DAGs
[2023-10-27 05:49:45,323] {logging_mixin.py:115} INFO - [2023-10-27 05:49:45,323] {dag.py:2972} INFO - Setting next_dagrun for tutorial to 2023-10-26T05:49:45.323048+00:00, run_after=2023-10-27T05:49:45.323048+00:00
[2023-10-27 05:49:45,335] {processor.py:161} INFO - Processing /home/airflow/.local/lib/python3.7/site-packages/airflow/example_dags/tutorial.py took 0.231 seconds
[2023-10-27 05:50:15,428] {processor.py:153} INFO - Started process (PID=2523) to work on /home/airflow/.local/lib/python3.7/site-packages/airflow/example_dags/tutorial.py
[2023-10-27 05:50:15,429] {processor.py:641} INFO - Processing file /home/airflow/.local/lib/python3.7/site-packages/airflow/example_dags/tutorial.py for tasks to queue
[2023-10-27 05:50:15,430] {logging_mixin.py:115} INFO - [2023-10-27 05:50:15,430] {dagbag.py:508} INFO - Filling up the DagBag from /home/airflow/.local/lib/python3.7/site-packages/airflow/example_dags/tutorial.py
[2023-10-27 05:50:15,439] {processor.py:651} INFO - DAG(s) dict_keys(['tutorial']) retrieved from /home/airflow/.local/lib/python3.7/site-packages/airflow/example_dags/tutorial.py
[2023-10-27 05:50:15,659] {logging_mixin.py:115} INFO - [2023-10-27 05:50:15,659] {dag.py:2420} INFO - Sync 1 DAGs
[2023-10-27 05:50:15,683] {logging_mixin.py:115} INFO - [2023-10-27 05:50:15,682] {dag.py:2972} INFO - Setting next_dagrun for tutorial to 2023-10-26T05:50:15.682641+00:00, run_after=2023-10-27T05:50:15.682641+00:00
[2023-10-27 05:50:15,695] {processor.py:161} INFO - Processing /home/airflow/.local/lib/python3.7/site-packages/airflow/example_dags/tutorial.py took 0.272 seconds
[2023-10-27 05:50:46,252] {processor.py:153} INFO - Started process (PID=2584) to work on /home/airflow/.local/lib/python3.7/site-packages/airflow/example_dags/tutorial.py
[2023-10-27 05:50:46,252] {processor.py:641} INFO - Processing file /home/airflow/.local/lib/python3.7/site-packages/airflow/example_dags/tutorial.py for tasks to queue
[2023-10-27 05:50:46,253] {logging_mixin.py:115} INFO - [2023-10-27 05:50:46,253] {dagbag.py:508} INFO - Filling up the DagBag from /home/airflow/.local/lib/python3.7/site-packages/airflow/example_dags/tutorial.py
[2023-10-27 05:50:46,260] {processor.py:651} INFO - DAG(s) dict_keys(['tutorial']) retrieved from /home/airflow/.local/lib/python3.7/site-packages/airflow/example_dags/tutorial.py
[2023-10-27 05:50:46,447] {logging_mixin.py:115} INFO - [2023-10-27 05:50:46,447] {dag.py:2420} INFO - Sync 1 DAGs
[2023-10-27 05:50:46,469] {logging_mixin.py:115} INFO - [2023-10-27 05:50:46,469] {dag.py:2972} INFO - Setting next_dagrun for tutorial to 2023-10-26T05:50:46.469476+00:00, run_after=2023-10-27T05:50:46.469476+00:00
[2023-10-27 05:50:46,481] {processor.py:161} INFO - Processing /home/airflow/.local/lib/python3.7/site-packages/airflow/example_dags/tutorial.py took 0.234 seconds
[2023-10-27 05:51:16,773] {processor.py:153} INFO - Started process (PID=2645) to work on /home/airflow/.local/lib/python3.7/site-packages/airflow/example_dags/tutorial.py
[2023-10-27 05:51:16,773] {processor.py:641} INFO - Processing file /home/airflow/.local/lib/python3.7/site-packages/airflow/example_dags/tutorial.py for tasks to queue
[2023-10-27 05:51:16,774] {logging_mixin.py:115} INFO - [2023-10-27 05:51:16,774] {dagbag.py:508} INFO - Filling up the DagBag from /home/airflow/.local/lib/python3.7/site-packages/airflow/example_dags/tutorial.py
[2023-10-27 05:51:16,780] {processor.py:651} INFO - DAG(s) dict_keys(['tutorial']) retrieved from /home/airflow/.local/lib/python3.7/site-packages/airflow/example_dags/tutorial.py
[2023-10-27 05:51:16,972] {logging_mixin.py:115} INFO - [2023-10-27 05:51:16,972] {dag.py:2420} INFO - Sync 1 DAGs
[2023-10-27 05:51:16,995] {logging_mixin.py:115} INFO - [2023-10-27 05:51:16,995] {dag.py:2972} INFO - Setting next_dagrun for tutorial to 2023-10-26T05:51:16.995022+00:00, run_after=2023-10-27T05:51:16.995022+00:00
[2023-10-27 05:51:17,007] {processor.py:161} INFO - Processing /home/airflow/.local/lib/python3.7/site-packages/airflow/example_dags/tutorial.py took 0.239 seconds
[2023-10-27 05:51:47,216] {processor.py:153} INFO - Started process (PID=2697) to work on /home/airflow/.local/lib/python3.7/site-packages/airflow/example_dags/tutorial.py
[2023-10-27 05:51:47,217] {processor.py:641} INFO - Processing file /home/airflow/.local/lib/python3.7/site-packages/airflow/example_dags/tutorial.py for tasks to queue
[2023-10-27 05:51:47,218] {logging_mixin.py:115} INFO - [2023-10-27 05:51:47,218] {dagbag.py:508} INFO - Filling up the DagBag from /home/airflow/.local/lib/python3.7/site-packages/airflow/example_dags/tutorial.py
[2023-10-27 05:51:47,224] {processor.py:651} INFO - DAG(s) dict_keys(['tutorial']) retrieved from /home/airflow/.local/lib/python3.7/site-packages/airflow/example_dags/tutorial.py
[2023-10-27 05:51:47,412] {logging_mixin.py:115} INFO - [2023-10-27 05:51:47,412] {dag.py:2420} INFO - Sync 1 DAGs
[2023-10-27 05:51:47,434] {logging_mixin.py:115} INFO - [2023-10-27 05:51:47,434] {dag.py:2972} INFO - Setting next_dagrun for tutorial to 2023-10-26T05:51:47.434487+00:00, run_after=2023-10-27T05:51:47.434487+00:00
[2023-10-27 05:51:47,447] {processor.py:161} INFO - Processing /home/airflow/.local/lib/python3.7/site-packages/airflow/example_dags/tutorial.py took 0.235 seconds
[2023-10-27 05:52:17,740] {processor.py:153} INFO - Started process (PID=2760) to work on /home/airflow/.local/lib/python3.7/site-packages/airflow/example_dags/tutorial.py
[2023-10-27 05:52:17,740] {processor.py:641} INFO - Processing file /home/airflow/.local/lib/python3.7/site-packages/airflow/example_dags/tutorial.py for tasks to queue
[2023-10-27 05:52:17,741] {logging_mixin.py:115} INFO - [2023-10-27 05:52:17,741] {dagbag.py:508} INFO - Filling up the DagBag from /home/airflow/.local/lib/python3.7/site-packages/airflow/example_dags/tutorial.py
[2023-10-27 05:52:17,747] {processor.py:651} INFO - DAG(s) dict_keys(['tutorial']) retrieved from /home/airflow/.local/lib/python3.7/site-packages/airflow/example_dags/tutorial.py
[2023-10-27 05:52:17,943] {logging_mixin.py:115} INFO - [2023-10-27 05:52:17,943] {dag.py:2420} INFO - Sync 1 DAGs
[2023-10-27 05:52:17,965] {logging_mixin.py:115} INFO - [2023-10-27 05:52:17,965] {dag.py:2972} INFO - Setting next_dagrun for tutorial to 2023-10-26T05:52:17.965304+00:00, run_after=2023-10-27T05:52:17.965304+00:00
[2023-10-27 05:52:17,977] {processor.py:161} INFO - Processing /home/airflow/.local/lib/python3.7/site-packages/airflow/example_dags/tutorial.py took 0.242 seconds
[2023-10-27 05:52:48,721] {processor.py:153} INFO - Started process (PID=2818) to work on /home/airflow/.local/lib/python3.7/site-packages/airflow/example_dags/tutorial.py
[2023-10-27 05:52:48,722] {processor.py:641} INFO - Processing file /home/airflow/.local/lib/python3.7/site-packages/airflow/example_dags/tutorial.py for tasks to queue
[2023-10-27 05:52:48,723] {logging_mixin.py:115} INFO - [2023-10-27 05:52:48,723] {dagbag.py:508} INFO - Filling up the DagBag from /home/airflow/.local/lib/python3.7/site-packages/airflow/example_dags/tutorial.py
[2023-10-27 05:52:48,730] {processor.py:651} INFO - DAG(s) dict_keys(['tutorial']) retrieved from /home/airflow/.local/lib/python3.7/site-packages/airflow/example_dags/tutorial.py
[2023-10-27 05:52:49,004] {logging_mixin.py:115} INFO - [2023-10-27 05:52:49,004] {dag.py:2420} INFO - Sync 1 DAGs
[2023-10-27 05:52:49,038] {logging_mixin.py:115} INFO - [2023-10-27 05:52:49,038] {dag.py:2972} INFO - Setting next_dagrun for tutorial to 2023-10-26T05:52:49.038328+00:00, run_after=2023-10-27T05:52:49.038328+00:00
[2023-10-27 05:52:49,052] {processor.py:161} INFO - Processing /home/airflow/.local/lib/python3.7/site-packages/airflow/example_dags/tutorial.py took 0.335 seconds
[2023-10-27 05:53:19,220] {processor.py:153} INFO - Started process (PID=2873) to work on /home/airflow/.local/lib/python3.7/site-packages/airflow/example_dags/tutorial.py
[2023-10-27 05:53:19,221] {processor.py:641} INFO - Processing file /home/airflow/.local/lib/python3.7/site-packages/airflow/example_dags/tutorial.py for tasks to queue
[2023-10-27 05:53:19,221] {logging_mixin.py:115} INFO - [2023-10-27 05:53:19,221] {dagbag.py:508} INFO - Filling up the DagBag from /home/airflow/.local/lib/python3.7/site-packages/airflow/example_dags/tutorial.py
[2023-10-27 05:53:19,228] {processor.py:651} INFO - DAG(s) dict_keys(['tutorial']) retrieved from /home/airflow/.local/lib/python3.7/site-packages/airflow/example_dags/tutorial.py
[2023-10-27 05:53:19,422] {logging_mixin.py:115} INFO - [2023-10-27 05:53:19,422] {dag.py:2420} INFO - Sync 1 DAGs
[2023-10-27 05:53:19,444] {logging_mixin.py:115} INFO - [2023-10-27 05:53:19,444] {dag.py:2972} INFO - Setting next_dagrun for tutorial to 2023-10-26T05:53:19.444227+00:00, run_after=2023-10-27T05:53:19.444227+00:00
[2023-10-27 05:53:19,456] {processor.py:161} INFO - Processing /home/airflow/.local/lib/python3.7/site-packages/airflow/example_dags/tutorial.py took 0.240 seconds
[2023-10-27 05:53:49,832] {processor.py:153} INFO - Started process (PID=2934) to work on /home/airflow/.local/lib/python3.7/site-packages/airflow/example_dags/tutorial.py
[2023-10-27 05:53:49,833] {processor.py:641} INFO - Processing file /home/airflow/.local/lib/python3.7/site-packages/airflow/example_dags/tutorial.py for tasks to queue
[2023-10-27 05:53:49,833] {logging_mixin.py:115} INFO - [2023-10-27 05:53:49,833] {dagbag.py:508} INFO - Filling up the DagBag from /home/airflow/.local/lib/python3.7/site-packages/airflow/example_dags/tutorial.py
[2023-10-27 05:53:49,840] {processor.py:651} INFO - DAG(s) dict_keys(['tutorial']) retrieved from /home/airflow/.local/lib/python3.7/site-packages/airflow/example_dags/tutorial.py
[2023-10-27 05:53:50,026] {logging_mixin.py:115} INFO - [2023-10-27 05:53:50,026] {dag.py:2420} INFO - Sync 1 DAGs
[2023-10-27 05:53:50,049] {logging_mixin.py:115} INFO - [2023-10-27 05:53:50,049] {dag.py:2972} INFO - Setting next_dagrun for tutorial to 2023-10-26T05:53:50.049093+00:00, run_after=2023-10-27T05:53:50.049093+00:00
[2023-10-27 05:53:50,062] {processor.py:161} INFO - Processing /home/airflow/.local/lib/python3.7/site-packages/airflow/example_dags/tutorial.py took 0.235 seconds
