[2023-10-27 05:19:33,008] {processor.py:153} INFO - Started process (PID=51) to work on /home/airflow/.local/lib/python3.7/site-packages/airflow/example_dags/tutorial_taskflow_api_etl.py
[2023-10-27 05:19:33,009] {processor.py:641} INFO - Processing file /home/airflow/.local/lib/python3.7/site-packages/airflow/example_dags/tutorial_taskflow_api_etl.py for tasks to queue
[2023-10-27 05:19:33,009] {logging_mixin.py:115} INFO - [2023-10-27 05:19:33,009] {dagbag.py:508} INFO - Filling up the DagBag from /home/airflow/.local/lib/python3.7/site-packages/airflow/example_dags/tutorial_taskflow_api_etl.py
[2023-10-27 05:19:33,052] {processor.py:651} INFO - DAG(s) dict_keys(['tutorial_taskflow_api_etl']) retrieved from /home/airflow/.local/lib/python3.7/site-packages/airflow/example_dags/tutorial_taskflow_api_etl.py
[2023-10-27 05:19:33,199] {logging_mixin.py:115} INFO - [2023-10-27 05:19:33,199] {manager.py:508} INFO - Created Permission View: can delete on DAG:tutorial_taskflow_api_etl
[2023-10-27 05:19:33,221] {logging_mixin.py:115} INFO - [2023-10-27 05:19:33,220] {manager.py:508} INFO - Created Permission View: can read on DAG:tutorial_taskflow_api_etl
[2023-10-27 05:19:33,230] {logging_mixin.py:115} INFO - [2023-10-27 05:19:33,230] {manager.py:508} INFO - Created Permission View: can edit on DAG:tutorial_taskflow_api_etl
[2023-10-27 05:19:33,230] {logging_mixin.py:115} INFO - [2023-10-27 05:19:33,230] {dag.py:2420} INFO - Sync 1 DAGs
[2023-10-27 05:19:33,244] {logging_mixin.py:115} INFO - [2023-10-27 05:19:33,244] {dag.py:2439} INFO - Creating ORM DAG for tutorial_taskflow_api_etl
[2023-10-27 05:19:33,273] {logging_mixin.py:115} INFO - [2023-10-27 05:19:33,273] {dag.py:2972} INFO - Setting next_dagrun for tutorial_taskflow_api_etl to None, run_after=None
[2023-10-27 05:19:33,298] {processor.py:161} INFO - Processing /home/airflow/.local/lib/python3.7/site-packages/airflow/example_dags/tutorial_taskflow_api_etl.py took 0.298 seconds
[2023-10-27 05:20:03,334] {processor.py:153} INFO - Started process (PID=114) to work on /home/airflow/.local/lib/python3.7/site-packages/airflow/example_dags/tutorial_taskflow_api_etl.py
[2023-10-27 05:20:03,334] {processor.py:641} INFO - Processing file /home/airflow/.local/lib/python3.7/site-packages/airflow/example_dags/tutorial_taskflow_api_etl.py for tasks to queue
[2023-10-27 05:20:03,335] {logging_mixin.py:115} INFO - [2023-10-27 05:20:03,335] {dagbag.py:508} INFO - Filling up the DagBag from /home/airflow/.local/lib/python3.7/site-packages/airflow/example_dags/tutorial_taskflow_api_etl.py
[2023-10-27 05:20:03,355] {processor.py:651} INFO - DAG(s) dict_keys(['tutorial_taskflow_api_etl']) retrieved from /home/airflow/.local/lib/python3.7/site-packages/airflow/example_dags/tutorial_taskflow_api_etl.py
[2023-10-27 05:20:03,433] {logging_mixin.py:115} INFO - [2023-10-27 05:20:03,433] {dag.py:2420} INFO - Sync 1 DAGs
[2023-10-27 05:20:03,459] {logging_mixin.py:115} INFO - [2023-10-27 05:20:03,459] {dag.py:2972} INFO - Setting next_dagrun for tutorial_taskflow_api_etl to None, run_after=None
[2023-10-27 05:20:03,474] {processor.py:161} INFO - Processing /home/airflow/.local/lib/python3.7/site-packages/airflow/example_dags/tutorial_taskflow_api_etl.py took 0.144 seconds
[2023-10-27 05:20:33,521] {processor.py:153} INFO - Started process (PID=166) to work on /home/airflow/.local/lib/python3.7/site-packages/airflow/example_dags/tutorial_taskflow_api_etl.py
[2023-10-27 05:20:33,522] {processor.py:641} INFO - Processing file /home/airflow/.local/lib/python3.7/site-packages/airflow/example_dags/tutorial_taskflow_api_etl.py for tasks to queue
[2023-10-27 05:20:33,523] {logging_mixin.py:115} INFO - [2023-10-27 05:20:33,522] {dagbag.py:508} INFO - Filling up the DagBag from /home/airflow/.local/lib/python3.7/site-packages/airflow/example_dags/tutorial_taskflow_api_etl.py
[2023-10-27 05:20:33,542] {processor.py:651} INFO - DAG(s) dict_keys(['tutorial_taskflow_api_etl']) retrieved from /home/airflow/.local/lib/python3.7/site-packages/airflow/example_dags/tutorial_taskflow_api_etl.py
[2023-10-27 05:20:33,621] {logging_mixin.py:115} INFO - [2023-10-27 05:20:33,621] {dag.py:2420} INFO - Sync 1 DAGs
[2023-10-27 05:20:33,647] {logging_mixin.py:115} INFO - [2023-10-27 05:20:33,646] {dag.py:2972} INFO - Setting next_dagrun for tutorial_taskflow_api_etl to None, run_after=None
[2023-10-27 05:20:33,661] {processor.py:161} INFO - Processing /home/airflow/.local/lib/python3.7/site-packages/airflow/example_dags/tutorial_taskflow_api_etl.py took 0.145 seconds
[2023-10-27 05:21:03,894] {processor.py:153} INFO - Started process (PID=227) to work on /home/airflow/.local/lib/python3.7/site-packages/airflow/example_dags/tutorial_taskflow_api_etl.py
[2023-10-27 05:21:03,895] {processor.py:641} INFO - Processing file /home/airflow/.local/lib/python3.7/site-packages/airflow/example_dags/tutorial_taskflow_api_etl.py for tasks to queue
[2023-10-27 05:21:03,895] {logging_mixin.py:115} INFO - [2023-10-27 05:21:03,895] {dagbag.py:508} INFO - Filling up the DagBag from /home/airflow/.local/lib/python3.7/site-packages/airflow/example_dags/tutorial_taskflow_api_etl.py
[2023-10-27 05:21:03,914] {processor.py:651} INFO - DAG(s) dict_keys(['tutorial_taskflow_api_etl']) retrieved from /home/airflow/.local/lib/python3.7/site-packages/airflow/example_dags/tutorial_taskflow_api_etl.py
[2023-10-27 05:21:03,993] {logging_mixin.py:115} INFO - [2023-10-27 05:21:03,993] {dag.py:2420} INFO - Sync 1 DAGs
[2023-10-27 05:21:04,030] {logging_mixin.py:115} INFO - [2023-10-27 05:21:04,030] {dag.py:2972} INFO - Setting next_dagrun for tutorial_taskflow_api_etl to None, run_after=None
[2023-10-27 05:21:04,045] {processor.py:161} INFO - Processing /home/airflow/.local/lib/python3.7/site-packages/airflow/example_dags/tutorial_taskflow_api_etl.py took 0.155 seconds
[2023-10-27 05:21:34,096] {processor.py:153} INFO - Started process (PID=288) to work on /home/airflow/.local/lib/python3.7/site-packages/airflow/example_dags/tutorial_taskflow_api_etl.py
[2023-10-27 05:21:34,097] {processor.py:641} INFO - Processing file /home/airflow/.local/lib/python3.7/site-packages/airflow/example_dags/tutorial_taskflow_api_etl.py for tasks to queue
[2023-10-27 05:21:34,097] {logging_mixin.py:115} INFO - [2023-10-27 05:21:34,097] {dagbag.py:508} INFO - Filling up the DagBag from /home/airflow/.local/lib/python3.7/site-packages/airflow/example_dags/tutorial_taskflow_api_etl.py
[2023-10-27 05:21:34,123] {processor.py:651} INFO - DAG(s) dict_keys(['tutorial_taskflow_api_etl']) retrieved from /home/airflow/.local/lib/python3.7/site-packages/airflow/example_dags/tutorial_taskflow_api_etl.py
[2023-10-27 05:21:34,209] {logging_mixin.py:115} INFO - [2023-10-27 05:21:34,209] {dag.py:2420} INFO - Sync 1 DAGs
[2023-10-27 05:21:34,238] {logging_mixin.py:115} INFO - [2023-10-27 05:21:34,238] {dag.py:2972} INFO - Setting next_dagrun for tutorial_taskflow_api_etl to None, run_after=None
[2023-10-27 05:21:34,254] {processor.py:161} INFO - Processing /home/airflow/.local/lib/python3.7/site-packages/airflow/example_dags/tutorial_taskflow_api_etl.py took 0.162 seconds
[2023-10-27 05:22:04,279] {processor.py:153} INFO - Started process (PID=341) to work on /home/airflow/.local/lib/python3.7/site-packages/airflow/example_dags/tutorial_taskflow_api_etl.py
[2023-10-27 05:22:04,279] {processor.py:641} INFO - Processing file /home/airflow/.local/lib/python3.7/site-packages/airflow/example_dags/tutorial_taskflow_api_etl.py for tasks to queue
[2023-10-27 05:22:04,280] {logging_mixin.py:115} INFO - [2023-10-27 05:22:04,280] {dagbag.py:508} INFO - Filling up the DagBag from /home/airflow/.local/lib/python3.7/site-packages/airflow/example_dags/tutorial_taskflow_api_etl.py
[2023-10-27 05:22:04,299] {processor.py:651} INFO - DAG(s) dict_keys(['tutorial_taskflow_api_etl']) retrieved from /home/airflow/.local/lib/python3.7/site-packages/airflow/example_dags/tutorial_taskflow_api_etl.py
[2023-10-27 05:22:04,376] {logging_mixin.py:115} INFO - [2023-10-27 05:22:04,376] {dag.py:2420} INFO - Sync 1 DAGs
[2023-10-27 05:22:04,401] {logging_mixin.py:115} INFO - [2023-10-27 05:22:04,401] {dag.py:2972} INFO - Setting next_dagrun for tutorial_taskflow_api_etl to None, run_after=None
[2023-10-27 05:22:04,417] {processor.py:161} INFO - Processing /home/airflow/.local/lib/python3.7/site-packages/airflow/example_dags/tutorial_taskflow_api_etl.py took 0.143 seconds
[2023-10-27 05:22:34,439] {processor.py:153} INFO - Started process (PID=393) to work on /home/airflow/.local/lib/python3.7/site-packages/airflow/example_dags/tutorial_taskflow_api_etl.py
[2023-10-27 05:22:34,440] {processor.py:641} INFO - Processing file /home/airflow/.local/lib/python3.7/site-packages/airflow/example_dags/tutorial_taskflow_api_etl.py for tasks to queue
[2023-10-27 05:22:34,440] {logging_mixin.py:115} INFO - [2023-10-27 05:22:34,440] {dagbag.py:508} INFO - Filling up the DagBag from /home/airflow/.local/lib/python3.7/site-packages/airflow/example_dags/tutorial_taskflow_api_etl.py
[2023-10-27 05:22:34,460] {processor.py:651} INFO - DAG(s) dict_keys(['tutorial_taskflow_api_etl']) retrieved from /home/airflow/.local/lib/python3.7/site-packages/airflow/example_dags/tutorial_taskflow_api_etl.py
[2023-10-27 05:22:34,539] {logging_mixin.py:115} INFO - [2023-10-27 05:22:34,539] {dag.py:2420} INFO - Sync 1 DAGs
[2023-10-27 05:22:34,564] {logging_mixin.py:115} INFO - [2023-10-27 05:22:34,564] {dag.py:2972} INFO - Setting next_dagrun for tutorial_taskflow_api_etl to None, run_after=None
[2023-10-27 05:22:34,580] {processor.py:161} INFO - Processing /home/airflow/.local/lib/python3.7/site-packages/airflow/example_dags/tutorial_taskflow_api_etl.py took 0.145 seconds
[2023-10-27 05:23:04,603] {processor.py:153} INFO - Started process (PID=453) to work on /home/airflow/.local/lib/python3.7/site-packages/airflow/example_dags/tutorial_taskflow_api_etl.py
[2023-10-27 05:23:04,603] {processor.py:641} INFO - Processing file /home/airflow/.local/lib/python3.7/site-packages/airflow/example_dags/tutorial_taskflow_api_etl.py for tasks to queue
[2023-10-27 05:23:04,604] {logging_mixin.py:115} INFO - [2023-10-27 05:23:04,604] {dagbag.py:508} INFO - Filling up the DagBag from /home/airflow/.local/lib/python3.7/site-packages/airflow/example_dags/tutorial_taskflow_api_etl.py
[2023-10-27 05:23:04,622] {processor.py:651} INFO - DAG(s) dict_keys(['tutorial_taskflow_api_etl']) retrieved from /home/airflow/.local/lib/python3.7/site-packages/airflow/example_dags/tutorial_taskflow_api_etl.py
[2023-10-27 05:23:04,654] {logging_mixin.py:115} INFO - [2023-10-27 05:23:04,654] {dag.py:2420} INFO - Sync 1 DAGs
[2023-10-27 05:23:04,680] {logging_mixin.py:115} INFO - [2023-10-27 05:23:04,680] {dag.py:2972} INFO - Setting next_dagrun for tutorial_taskflow_api_etl to None, run_after=None
[2023-10-27 05:23:04,693] {processor.py:161} INFO - Processing /home/airflow/.local/lib/python3.7/site-packages/airflow/example_dags/tutorial_taskflow_api_etl.py took 0.094 seconds
[2023-10-27 05:23:34,811] {processor.py:153} INFO - Started process (PID=505) to work on /home/airflow/.local/lib/python3.7/site-packages/airflow/example_dags/tutorial_taskflow_api_etl.py
[2023-10-27 05:23:34,812] {processor.py:641} INFO - Processing file /home/airflow/.local/lib/python3.7/site-packages/airflow/example_dags/tutorial_taskflow_api_etl.py for tasks to queue
[2023-10-27 05:23:34,813] {logging_mixin.py:115} INFO - [2023-10-27 05:23:34,813] {dagbag.py:508} INFO - Filling up the DagBag from /home/airflow/.local/lib/python3.7/site-packages/airflow/example_dags/tutorial_taskflow_api_etl.py
[2023-10-27 05:23:34,834] {processor.py:651} INFO - DAG(s) dict_keys(['tutorial_taskflow_api_etl']) retrieved from /home/airflow/.local/lib/python3.7/site-packages/airflow/example_dags/tutorial_taskflow_api_etl.py
[2023-10-27 05:23:34,931] {logging_mixin.py:115} INFO - [2023-10-27 05:23:34,931] {dag.py:2420} INFO - Sync 1 DAGs
[2023-10-27 05:23:34,960] {logging_mixin.py:115} INFO - [2023-10-27 05:23:34,960] {dag.py:2972} INFO - Setting next_dagrun for tutorial_taskflow_api_etl to None, run_after=None
[2023-10-27 05:23:34,976] {processor.py:161} INFO - Processing /home/airflow/.local/lib/python3.7/site-packages/airflow/example_dags/tutorial_taskflow_api_etl.py took 0.169 seconds
[2023-10-27 05:24:57,993] {processor.py:153} INFO - Started process (PID=51) to work on /home/airflow/.local/lib/python3.7/site-packages/airflow/example_dags/tutorial_taskflow_api_etl.py
[2023-10-27 05:24:58,005] {processor.py:641} INFO - Processing file /home/airflow/.local/lib/python3.7/site-packages/airflow/example_dags/tutorial_taskflow_api_etl.py for tasks to queue
[2023-10-27 05:24:58,006] {logging_mixin.py:115} INFO - [2023-10-27 05:24:58,006] {dagbag.py:508} INFO - Filling up the DagBag from /home/airflow/.local/lib/python3.7/site-packages/airflow/example_dags/tutorial_taskflow_api_etl.py
[2023-10-27 05:24:58,077] {processor.py:651} INFO - DAG(s) dict_keys(['tutorial_taskflow_api_etl']) retrieved from /home/airflow/.local/lib/python3.7/site-packages/airflow/example_dags/tutorial_taskflow_api_etl.py
[2023-10-27 05:24:58,887] {logging_mixin.py:115} INFO - [2023-10-27 05:24:58,887] {dag.py:2420} INFO - Sync 1 DAGs
[2023-10-27 05:24:58,942] {logging_mixin.py:115} INFO - [2023-10-27 05:24:58,942] {dag.py:2972} INFO - Setting next_dagrun for tutorial_taskflow_api_etl to None, run_after=None
[2023-10-27 05:24:58,980] {processor.py:161} INFO - Processing /home/airflow/.local/lib/python3.7/site-packages/airflow/example_dags/tutorial_taskflow_api_etl.py took 0.996 seconds
[2023-10-27 05:25:29,541] {processor.py:153} INFO - Started process (PID=103) to work on /home/airflow/.local/lib/python3.7/site-packages/airflow/example_dags/tutorial_taskflow_api_etl.py
[2023-10-27 05:25:29,542] {processor.py:641} INFO - Processing file /home/airflow/.local/lib/python3.7/site-packages/airflow/example_dags/tutorial_taskflow_api_etl.py for tasks to queue
[2023-10-27 05:25:29,542] {logging_mixin.py:115} INFO - [2023-10-27 05:25:29,542] {dagbag.py:508} INFO - Filling up the DagBag from /home/airflow/.local/lib/python3.7/site-packages/airflow/example_dags/tutorial_taskflow_api_etl.py
[2023-10-27 05:25:29,562] {processor.py:651} INFO - DAG(s) dict_keys(['tutorial_taskflow_api_etl']) retrieved from /home/airflow/.local/lib/python3.7/site-packages/airflow/example_dags/tutorial_taskflow_api_etl.py
[2023-10-27 05:25:29,796] {logging_mixin.py:115} INFO - [2023-10-27 05:25:29,796] {dag.py:2420} INFO - Sync 1 DAGs
[2023-10-27 05:25:29,818] {logging_mixin.py:115} INFO - [2023-10-27 05:25:29,817] {dag.py:2972} INFO - Setting next_dagrun for tutorial_taskflow_api_etl to None, run_after=None
[2023-10-27 05:25:29,831] {processor.py:161} INFO - Processing /home/airflow/.local/lib/python3.7/site-packages/airflow/example_dags/tutorial_taskflow_api_etl.py took 0.294 seconds
[2023-10-27 05:26:00,168] {processor.py:153} INFO - Started process (PID=164) to work on /home/airflow/.local/lib/python3.7/site-packages/airflow/example_dags/tutorial_taskflow_api_etl.py
[2023-10-27 05:26:00,169] {processor.py:641} INFO - Processing file /home/airflow/.local/lib/python3.7/site-packages/airflow/example_dags/tutorial_taskflow_api_etl.py for tasks to queue
[2023-10-27 05:26:00,170] {logging_mixin.py:115} INFO - [2023-10-27 05:26:00,170] {dagbag.py:508} INFO - Filling up the DagBag from /home/airflow/.local/lib/python3.7/site-packages/airflow/example_dags/tutorial_taskflow_api_etl.py
[2023-10-27 05:26:00,189] {processor.py:651} INFO - DAG(s) dict_keys(['tutorial_taskflow_api_etl']) retrieved from /home/airflow/.local/lib/python3.7/site-packages/airflow/example_dags/tutorial_taskflow_api_etl.py
[2023-10-27 05:26:00,415] {logging_mixin.py:115} INFO - [2023-10-27 05:26:00,415] {dag.py:2420} INFO - Sync 1 DAGs
[2023-10-27 05:26:00,435] {logging_mixin.py:115} INFO - [2023-10-27 05:26:00,435] {dag.py:2972} INFO - Setting next_dagrun for tutorial_taskflow_api_etl to None, run_after=None
[2023-10-27 05:26:00,449] {processor.py:161} INFO - Processing /home/airflow/.local/lib/python3.7/site-packages/airflow/example_dags/tutorial_taskflow_api_etl.py took 0.285 seconds
[2023-10-27 05:26:30,686] {processor.py:153} INFO - Started process (PID=214) to work on /home/airflow/.local/lib/python3.7/site-packages/airflow/example_dags/tutorial_taskflow_api_etl.py
[2023-10-27 05:26:30,687] {processor.py:641} INFO - Processing file /home/airflow/.local/lib/python3.7/site-packages/airflow/example_dags/tutorial_taskflow_api_etl.py for tasks to queue
[2023-10-27 05:26:30,687] {logging_mixin.py:115} INFO - [2023-10-27 05:26:30,687] {dagbag.py:508} INFO - Filling up the DagBag from /home/airflow/.local/lib/python3.7/site-packages/airflow/example_dags/tutorial_taskflow_api_etl.py
[2023-10-27 05:26:30,707] {processor.py:651} INFO - DAG(s) dict_keys(['tutorial_taskflow_api_etl']) retrieved from /home/airflow/.local/lib/python3.7/site-packages/airflow/example_dags/tutorial_taskflow_api_etl.py
[2023-10-27 05:26:30,949] {logging_mixin.py:115} INFO - [2023-10-27 05:26:30,949] {dag.py:2420} INFO - Sync 1 DAGs
[2023-10-27 05:26:30,970] {logging_mixin.py:115} INFO - [2023-10-27 05:26:30,970] {dag.py:2972} INFO - Setting next_dagrun for tutorial_taskflow_api_etl to None, run_after=None
[2023-10-27 05:26:30,984] {processor.py:161} INFO - Processing /home/airflow/.local/lib/python3.7/site-packages/airflow/example_dags/tutorial_taskflow_api_etl.py took 0.302 seconds
[2023-10-27 05:27:01,254] {processor.py:153} INFO - Started process (PID=275) to work on /home/airflow/.local/lib/python3.7/site-packages/airflow/example_dags/tutorial_taskflow_api_etl.py
[2023-10-27 05:27:01,255] {processor.py:641} INFO - Processing file /home/airflow/.local/lib/python3.7/site-packages/airflow/example_dags/tutorial_taskflow_api_etl.py for tasks to queue
[2023-10-27 05:27:01,255] {logging_mixin.py:115} INFO - [2023-10-27 05:27:01,255] {dagbag.py:508} INFO - Filling up the DagBag from /home/airflow/.local/lib/python3.7/site-packages/airflow/example_dags/tutorial_taskflow_api_etl.py
[2023-10-27 05:27:01,278] {processor.py:651} INFO - DAG(s) dict_keys(['tutorial_taskflow_api_etl']) retrieved from /home/airflow/.local/lib/python3.7/site-packages/airflow/example_dags/tutorial_taskflow_api_etl.py
[2023-10-27 05:27:01,545] {logging_mixin.py:115} INFO - [2023-10-27 05:27:01,545] {dag.py:2420} INFO - Sync 1 DAGs
[2023-10-27 05:27:01,567] {logging_mixin.py:115} INFO - [2023-10-27 05:27:01,567] {dag.py:2972} INFO - Setting next_dagrun for tutorial_taskflow_api_etl to None, run_after=None
[2023-10-27 05:27:01,583] {processor.py:161} INFO - Processing /home/airflow/.local/lib/python3.7/site-packages/airflow/example_dags/tutorial_taskflow_api_etl.py took 0.334 seconds
[2023-10-27 05:28:14,254] {processor.py:153} INFO - Started process (PID=42) to work on /home/airflow/.local/lib/python3.7/site-packages/airflow/example_dags/tutorial_taskflow_api_etl.py
[2023-10-27 05:28:14,256] {processor.py:641} INFO - Processing file /home/airflow/.local/lib/python3.7/site-packages/airflow/example_dags/tutorial_taskflow_api_etl.py for tasks to queue
[2023-10-27 05:28:14,257] {logging_mixin.py:115} INFO - [2023-10-27 05:28:14,257] {dagbag.py:508} INFO - Filling up the DagBag from /home/airflow/.local/lib/python3.7/site-packages/airflow/example_dags/tutorial_taskflow_api_etl.py
[2023-10-27 05:28:14,289] {processor.py:651} INFO - DAG(s) dict_keys(['tutorial_taskflow_api_etl']) retrieved from /home/airflow/.local/lib/python3.7/site-packages/airflow/example_dags/tutorial_taskflow_api_etl.py
[2023-10-27 05:28:14,661] {logging_mixin.py:115} INFO - [2023-10-27 05:28:14,661] {dag.py:2420} INFO - Sync 1 DAGs
[2023-10-27 05:28:14,712] {logging_mixin.py:115} INFO - [2023-10-27 05:28:14,712] {dag.py:2972} INFO - Setting next_dagrun for tutorial_taskflow_api_etl to None, run_after=None
[2023-10-27 05:28:14,730] {processor.py:161} INFO - Processing /home/airflow/.local/lib/python3.7/site-packages/airflow/example_dags/tutorial_taskflow_api_etl.py took 0.485 seconds
[2023-10-27 05:28:49,537] {processor.py:153} INFO - Started process (PID=104) to work on /home/airflow/.local/lib/python3.7/site-packages/airflow/example_dags/tutorial_taskflow_api_etl.py
[2023-10-27 05:28:49,538] {processor.py:641} INFO - Processing file /home/airflow/.local/lib/python3.7/site-packages/airflow/example_dags/tutorial_taskflow_api_etl.py for tasks to queue
[2023-10-27 05:28:49,538] {logging_mixin.py:115} INFO - [2023-10-27 05:28:49,538] {dagbag.py:508} INFO - Filling up the DagBag from /home/airflow/.local/lib/python3.7/site-packages/airflow/example_dags/tutorial_taskflow_api_etl.py
[2023-10-27 05:28:49,558] {processor.py:651} INFO - DAG(s) dict_keys(['tutorial_taskflow_api_etl']) retrieved from /home/airflow/.local/lib/python3.7/site-packages/airflow/example_dags/tutorial_taskflow_api_etl.py
[2023-10-27 05:28:49,782] {logging_mixin.py:115} INFO - [2023-10-27 05:28:49,782] {dag.py:2420} INFO - Sync 1 DAGs
[2023-10-27 05:28:49,802] {logging_mixin.py:115} INFO - [2023-10-27 05:28:49,802] {dag.py:2972} INFO - Setting next_dagrun for tutorial_taskflow_api_etl to None, run_after=None
[2023-10-27 05:28:49,816] {processor.py:161} INFO - Processing /home/airflow/.local/lib/python3.7/site-packages/airflow/example_dags/tutorial_taskflow_api_etl.py took 0.283 seconds
[2023-10-27 05:29:19,904] {processor.py:153} INFO - Started process (PID=164) to work on /home/airflow/.local/lib/python3.7/site-packages/airflow/example_dags/tutorial_taskflow_api_etl.py
[2023-10-27 05:29:19,905] {processor.py:641} INFO - Processing file /home/airflow/.local/lib/python3.7/site-packages/airflow/example_dags/tutorial_taskflow_api_etl.py for tasks to queue
[2023-10-27 05:29:19,905] {logging_mixin.py:115} INFO - [2023-10-27 05:29:19,905] {dagbag.py:508} INFO - Filling up the DagBag from /home/airflow/.local/lib/python3.7/site-packages/airflow/example_dags/tutorial_taskflow_api_etl.py
[2023-10-27 05:29:19,924] {processor.py:651} INFO - DAG(s) dict_keys(['tutorial_taskflow_api_etl']) retrieved from /home/airflow/.local/lib/python3.7/site-packages/airflow/example_dags/tutorial_taskflow_api_etl.py
[2023-10-27 05:29:20,152] {logging_mixin.py:115} INFO - [2023-10-27 05:29:20,152] {dag.py:2420} INFO - Sync 1 DAGs
[2023-10-27 05:29:20,173] {logging_mixin.py:115} INFO - [2023-10-27 05:29:20,173] {dag.py:2972} INFO - Setting next_dagrun for tutorial_taskflow_api_etl to None, run_after=None
[2023-10-27 05:29:20,187] {processor.py:161} INFO - Processing /home/airflow/.local/lib/python3.7/site-packages/airflow/example_dags/tutorial_taskflow_api_etl.py took 0.287 seconds
[2023-10-27 05:29:50,391] {processor.py:153} INFO - Started process (PID=225) to work on /home/airflow/.local/lib/python3.7/site-packages/airflow/example_dags/tutorial_taskflow_api_etl.py
[2023-10-27 05:29:50,392] {processor.py:641} INFO - Processing file /home/airflow/.local/lib/python3.7/site-packages/airflow/example_dags/tutorial_taskflow_api_etl.py for tasks to queue
[2023-10-27 05:29:50,392] {logging_mixin.py:115} INFO - [2023-10-27 05:29:50,392] {dagbag.py:508} INFO - Filling up the DagBag from /home/airflow/.local/lib/python3.7/site-packages/airflow/example_dags/tutorial_taskflow_api_etl.py
[2023-10-27 05:29:50,411] {processor.py:651} INFO - DAG(s) dict_keys(['tutorial_taskflow_api_etl']) retrieved from /home/airflow/.local/lib/python3.7/site-packages/airflow/example_dags/tutorial_taskflow_api_etl.py
[2023-10-27 05:29:50,645] {logging_mixin.py:115} INFO - [2023-10-27 05:29:50,645] {dag.py:2420} INFO - Sync 1 DAGs
[2023-10-27 05:29:50,667] {logging_mixin.py:115} INFO - [2023-10-27 05:29:50,667] {dag.py:2972} INFO - Setting next_dagrun for tutorial_taskflow_api_etl to None, run_after=None
[2023-10-27 05:29:50,681] {processor.py:161} INFO - Processing /home/airflow/.local/lib/python3.7/site-packages/airflow/example_dags/tutorial_taskflow_api_etl.py took 0.294 seconds
[2023-10-27 05:30:20,828] {processor.py:153} INFO - Started process (PID=276) to work on /home/airflow/.local/lib/python3.7/site-packages/airflow/example_dags/tutorial_taskflow_api_etl.py
[2023-10-27 05:30:20,828] {processor.py:641} INFO - Processing file /home/airflow/.local/lib/python3.7/site-packages/airflow/example_dags/tutorial_taskflow_api_etl.py for tasks to queue
[2023-10-27 05:30:20,829] {logging_mixin.py:115} INFO - [2023-10-27 05:30:20,829] {dagbag.py:508} INFO - Filling up the DagBag from /home/airflow/.local/lib/python3.7/site-packages/airflow/example_dags/tutorial_taskflow_api_etl.py
[2023-10-27 05:30:20,848] {processor.py:651} INFO - DAG(s) dict_keys(['tutorial_taskflow_api_etl']) retrieved from /home/airflow/.local/lib/python3.7/site-packages/airflow/example_dags/tutorial_taskflow_api_etl.py
[2023-10-27 05:30:21,080] {logging_mixin.py:115} INFO - [2023-10-27 05:30:21,080] {dag.py:2420} INFO - Sync 1 DAGs
[2023-10-27 05:30:21,101] {logging_mixin.py:115} INFO - [2023-10-27 05:30:21,101] {dag.py:2972} INFO - Setting next_dagrun for tutorial_taskflow_api_etl to None, run_after=None
[2023-10-27 05:30:21,115] {processor.py:161} INFO - Processing /home/airflow/.local/lib/python3.7/site-packages/airflow/example_dags/tutorial_taskflow_api_etl.py took 0.291 seconds
[2023-10-27 05:30:51,150] {processor.py:153} INFO - Started process (PID=338) to work on /home/airflow/.local/lib/python3.7/site-packages/airflow/example_dags/tutorial_taskflow_api_etl.py
[2023-10-27 05:30:51,151] {processor.py:641} INFO - Processing file /home/airflow/.local/lib/python3.7/site-packages/airflow/example_dags/tutorial_taskflow_api_etl.py for tasks to queue
[2023-10-27 05:30:51,151] {logging_mixin.py:115} INFO - [2023-10-27 05:30:51,151] {dagbag.py:508} INFO - Filling up the DagBag from /home/airflow/.local/lib/python3.7/site-packages/airflow/example_dags/tutorial_taskflow_api_etl.py
[2023-10-27 05:30:51,170] {processor.py:651} INFO - DAG(s) dict_keys(['tutorial_taskflow_api_etl']) retrieved from /home/airflow/.local/lib/python3.7/site-packages/airflow/example_dags/tutorial_taskflow_api_etl.py
[2023-10-27 05:30:51,357] {logging_mixin.py:115} INFO - [2023-10-27 05:30:51,357] {dag.py:2420} INFO - Sync 1 DAGs
[2023-10-27 05:30:51,379] {logging_mixin.py:115} INFO - [2023-10-27 05:30:51,379] {dag.py:2972} INFO - Setting next_dagrun for tutorial_taskflow_api_etl to None, run_after=None
[2023-10-27 05:30:51,391] {processor.py:161} INFO - Processing /home/airflow/.local/lib/python3.7/site-packages/airflow/example_dags/tutorial_taskflow_api_etl.py took 0.245 seconds
[2023-10-27 05:31:21,439] {processor.py:153} INFO - Started process (PID=391) to work on /home/airflow/.local/lib/python3.7/site-packages/airflow/example_dags/tutorial_taskflow_api_etl.py
[2023-10-27 05:31:21,440] {processor.py:641} INFO - Processing file /home/airflow/.local/lib/python3.7/site-packages/airflow/example_dags/tutorial_taskflow_api_etl.py for tasks to queue
[2023-10-27 05:31:21,440] {logging_mixin.py:115} INFO - [2023-10-27 05:31:21,440] {dagbag.py:508} INFO - Filling up the DagBag from /home/airflow/.local/lib/python3.7/site-packages/airflow/example_dags/tutorial_taskflow_api_etl.py
[2023-10-27 05:31:21,459] {processor.py:651} INFO - DAG(s) dict_keys(['tutorial_taskflow_api_etl']) retrieved from /home/airflow/.local/lib/python3.7/site-packages/airflow/example_dags/tutorial_taskflow_api_etl.py
[2023-10-27 05:31:21,697] {logging_mixin.py:115} INFO - [2023-10-27 05:31:21,697] {dag.py:2420} INFO - Sync 1 DAGs
[2023-10-27 05:31:21,718] {logging_mixin.py:115} INFO - [2023-10-27 05:31:21,718] {dag.py:2972} INFO - Setting next_dagrun for tutorial_taskflow_api_etl to None, run_after=None
[2023-10-27 05:31:21,732] {processor.py:161} INFO - Processing /home/airflow/.local/lib/python3.7/site-packages/airflow/example_dags/tutorial_taskflow_api_etl.py took 0.297 seconds
[2023-10-27 05:31:51,900] {processor.py:153} INFO - Started process (PID=452) to work on /home/airflow/.local/lib/python3.7/site-packages/airflow/example_dags/tutorial_taskflow_api_etl.py
[2023-10-27 05:31:51,901] {processor.py:641} INFO - Processing file /home/airflow/.local/lib/python3.7/site-packages/airflow/example_dags/tutorial_taskflow_api_etl.py for tasks to queue
[2023-10-27 05:31:51,901] {logging_mixin.py:115} INFO - [2023-10-27 05:31:51,901] {dagbag.py:508} INFO - Filling up the DagBag from /home/airflow/.local/lib/python3.7/site-packages/airflow/example_dags/tutorial_taskflow_api_etl.py
[2023-10-27 05:31:51,920] {processor.py:651} INFO - DAG(s) dict_keys(['tutorial_taskflow_api_etl']) retrieved from /home/airflow/.local/lib/python3.7/site-packages/airflow/example_dags/tutorial_taskflow_api_etl.py
[2023-10-27 05:31:52,150] {logging_mixin.py:115} INFO - [2023-10-27 05:31:52,150] {dag.py:2420} INFO - Sync 1 DAGs
[2023-10-27 05:31:52,171] {logging_mixin.py:115} INFO - [2023-10-27 05:31:52,171] {dag.py:2972} INFO - Setting next_dagrun for tutorial_taskflow_api_etl to None, run_after=None
[2023-10-27 05:31:52,185] {processor.py:161} INFO - Processing /home/airflow/.local/lib/python3.7/site-packages/airflow/example_dags/tutorial_taskflow_api_etl.py took 0.290 seconds
[2023-10-27 05:32:22,314] {processor.py:153} INFO - Started process (PID=511) to work on /home/airflow/.local/lib/python3.7/site-packages/airflow/example_dags/tutorial_taskflow_api_etl.py
[2023-10-27 05:32:22,315] {processor.py:641} INFO - Processing file /home/airflow/.local/lib/python3.7/site-packages/airflow/example_dags/tutorial_taskflow_api_etl.py for tasks to queue
[2023-10-27 05:32:22,315] {logging_mixin.py:115} INFO - [2023-10-27 05:32:22,315] {dagbag.py:508} INFO - Filling up the DagBag from /home/airflow/.local/lib/python3.7/site-packages/airflow/example_dags/tutorial_taskflow_api_etl.py
[2023-10-27 05:32:22,336] {processor.py:651} INFO - DAG(s) dict_keys(['tutorial_taskflow_api_etl']) retrieved from /home/airflow/.local/lib/python3.7/site-packages/airflow/example_dags/tutorial_taskflow_api_etl.py
[2023-10-27 05:32:22,594] {logging_mixin.py:115} INFO - [2023-10-27 05:32:22,594] {dag.py:2420} INFO - Sync 1 DAGs
[2023-10-27 05:32:22,620] {logging_mixin.py:115} INFO - [2023-10-27 05:32:22,620] {dag.py:2972} INFO - Setting next_dagrun for tutorial_taskflow_api_etl to None, run_after=None
[2023-10-27 05:32:22,634] {processor.py:161} INFO - Processing /home/airflow/.local/lib/python3.7/site-packages/airflow/example_dags/tutorial_taskflow_api_etl.py took 0.325 seconds
[2023-10-27 05:32:52,912] {processor.py:153} INFO - Started process (PID=565) to work on /home/airflow/.local/lib/python3.7/site-packages/airflow/example_dags/tutorial_taskflow_api_etl.py
[2023-10-27 05:32:52,913] {processor.py:641} INFO - Processing file /home/airflow/.local/lib/python3.7/site-packages/airflow/example_dags/tutorial_taskflow_api_etl.py for tasks to queue
[2023-10-27 05:32:52,914] {logging_mixin.py:115} INFO - [2023-10-27 05:32:52,914] {dagbag.py:508} INFO - Filling up the DagBag from /home/airflow/.local/lib/python3.7/site-packages/airflow/example_dags/tutorial_taskflow_api_etl.py
[2023-10-27 05:32:52,932] {processor.py:651} INFO - DAG(s) dict_keys(['tutorial_taskflow_api_etl']) retrieved from /home/airflow/.local/lib/python3.7/site-packages/airflow/example_dags/tutorial_taskflow_api_etl.py
[2023-10-27 05:32:53,162] {logging_mixin.py:115} INFO - [2023-10-27 05:32:53,162] {dag.py:2420} INFO - Sync 1 DAGs
[2023-10-27 05:32:53,183] {logging_mixin.py:115} INFO - [2023-10-27 05:32:53,183] {dag.py:2972} INFO - Setting next_dagrun for tutorial_taskflow_api_etl to None, run_after=None
[2023-10-27 05:32:53,197] {processor.py:161} INFO - Processing /home/airflow/.local/lib/python3.7/site-packages/airflow/example_dags/tutorial_taskflow_api_etl.py took 0.289 seconds
[2023-10-27 05:33:23,894] {processor.py:153} INFO - Started process (PID=626) to work on /home/airflow/.local/lib/python3.7/site-packages/airflow/example_dags/tutorial_taskflow_api_etl.py
[2023-10-27 05:33:23,894] {processor.py:641} INFO - Processing file /home/airflow/.local/lib/python3.7/site-packages/airflow/example_dags/tutorial_taskflow_api_etl.py for tasks to queue
[2023-10-27 05:33:23,895] {logging_mixin.py:115} INFO - [2023-10-27 05:33:23,895] {dagbag.py:508} INFO - Filling up the DagBag from /home/airflow/.local/lib/python3.7/site-packages/airflow/example_dags/tutorial_taskflow_api_etl.py
[2023-10-27 05:33:23,918] {processor.py:651} INFO - DAG(s) dict_keys(['tutorial_taskflow_api_etl']) retrieved from /home/airflow/.local/lib/python3.7/site-packages/airflow/example_dags/tutorial_taskflow_api_etl.py
[2023-10-27 05:33:24,153] {logging_mixin.py:115} INFO - [2023-10-27 05:33:24,153] {dag.py:2420} INFO - Sync 1 DAGs
[2023-10-27 05:33:24,174] {logging_mixin.py:115} INFO - [2023-10-27 05:33:24,174] {dag.py:2972} INFO - Setting next_dagrun for tutorial_taskflow_api_etl to None, run_after=None
[2023-10-27 05:33:24,189] {processor.py:161} INFO - Processing /home/airflow/.local/lib/python3.7/site-packages/airflow/example_dags/tutorial_taskflow_api_etl.py took 0.299 seconds
[2023-10-27 05:33:54,690] {processor.py:153} INFO - Started process (PID=678) to work on /home/airflow/.local/lib/python3.7/site-packages/airflow/example_dags/tutorial_taskflow_api_etl.py
[2023-10-27 05:33:54,691] {processor.py:641} INFO - Processing file /home/airflow/.local/lib/python3.7/site-packages/airflow/example_dags/tutorial_taskflow_api_etl.py for tasks to queue
[2023-10-27 05:33:54,692] {logging_mixin.py:115} INFO - [2023-10-27 05:33:54,692] {dagbag.py:508} INFO - Filling up the DagBag from /home/airflow/.local/lib/python3.7/site-packages/airflow/example_dags/tutorial_taskflow_api_etl.py
[2023-10-27 05:33:54,716] {processor.py:651} INFO - DAG(s) dict_keys(['tutorial_taskflow_api_etl']) retrieved from /home/airflow/.local/lib/python3.7/site-packages/airflow/example_dags/tutorial_taskflow_api_etl.py
[2023-10-27 05:33:54,904] {logging_mixin.py:115} INFO - [2023-10-27 05:33:54,904] {dag.py:2420} INFO - Sync 1 DAGs
[2023-10-27 05:33:54,927] {logging_mixin.py:115} INFO - [2023-10-27 05:33:54,927] {dag.py:2972} INFO - Setting next_dagrun for tutorial_taskflow_api_etl to None, run_after=None
[2023-10-27 05:33:54,941] {processor.py:161} INFO - Processing /home/airflow/.local/lib/python3.7/site-packages/airflow/example_dags/tutorial_taskflow_api_etl.py took 0.256 seconds
[2023-10-27 05:34:25,251] {processor.py:153} INFO - Started process (PID=738) to work on /home/airflow/.local/lib/python3.7/site-packages/airflow/example_dags/tutorial_taskflow_api_etl.py
[2023-10-27 05:34:25,252] {processor.py:641} INFO - Processing file /home/airflow/.local/lib/python3.7/site-packages/airflow/example_dags/tutorial_taskflow_api_etl.py for tasks to queue
[2023-10-27 05:34:25,252] {logging_mixin.py:115} INFO - [2023-10-27 05:34:25,252] {dagbag.py:508} INFO - Filling up the DagBag from /home/airflow/.local/lib/python3.7/site-packages/airflow/example_dags/tutorial_taskflow_api_etl.py
[2023-10-27 05:34:25,280] {processor.py:651} INFO - DAG(s) dict_keys(['tutorial_taskflow_api_etl']) retrieved from /home/airflow/.local/lib/python3.7/site-packages/airflow/example_dags/tutorial_taskflow_api_etl.py
[2023-10-27 05:34:25,465] {logging_mixin.py:115} INFO - [2023-10-27 05:34:25,464] {dag.py:2420} INFO - Sync 1 DAGs
[2023-10-27 05:34:25,488] {logging_mixin.py:115} INFO - [2023-10-27 05:34:25,487] {dag.py:2972} INFO - Setting next_dagrun for tutorial_taskflow_api_etl to None, run_after=None
[2023-10-27 05:34:25,500] {processor.py:161} INFO - Processing /home/airflow/.local/lib/python3.7/site-packages/airflow/example_dags/tutorial_taskflow_api_etl.py took 0.253 seconds
[2023-10-27 05:34:55,800] {processor.py:153} INFO - Started process (PID=799) to work on /home/airflow/.local/lib/python3.7/site-packages/airflow/example_dags/tutorial_taskflow_api_etl.py
[2023-10-27 05:34:55,801] {processor.py:641} INFO - Processing file /home/airflow/.local/lib/python3.7/site-packages/airflow/example_dags/tutorial_taskflow_api_etl.py for tasks to queue
[2023-10-27 05:34:55,802] {logging_mixin.py:115} INFO - [2023-10-27 05:34:55,802] {dagbag.py:508} INFO - Filling up the DagBag from /home/airflow/.local/lib/python3.7/site-packages/airflow/example_dags/tutorial_taskflow_api_etl.py
[2023-10-27 05:34:55,827] {processor.py:651} INFO - DAG(s) dict_keys(['tutorial_taskflow_api_etl']) retrieved from /home/airflow/.local/lib/python3.7/site-packages/airflow/example_dags/tutorial_taskflow_api_etl.py
[2023-10-27 05:34:56,142] {logging_mixin.py:115} INFO - [2023-10-27 05:34:56,142] {dag.py:2420} INFO - Sync 1 DAGs
[2023-10-27 05:34:56,175] {logging_mixin.py:115} INFO - [2023-10-27 05:34:56,175] {dag.py:2972} INFO - Setting next_dagrun for tutorial_taskflow_api_etl to None, run_after=None
[2023-10-27 05:34:56,190] {processor.py:161} INFO - Processing /home/airflow/.local/lib/python3.7/site-packages/airflow/example_dags/tutorial_taskflow_api_etl.py took 0.395 seconds
[2023-10-27 05:35:26,528] {processor.py:153} INFO - Started process (PID=852) to work on /home/airflow/.local/lib/python3.7/site-packages/airflow/example_dags/tutorial_taskflow_api_etl.py
[2023-10-27 05:35:26,529] {processor.py:641} INFO - Processing file /home/airflow/.local/lib/python3.7/site-packages/airflow/example_dags/tutorial_taskflow_api_etl.py for tasks to queue
[2023-10-27 05:35:26,529] {logging_mixin.py:115} INFO - [2023-10-27 05:35:26,529] {dagbag.py:508} INFO - Filling up the DagBag from /home/airflow/.local/lib/python3.7/site-packages/airflow/example_dags/tutorial_taskflow_api_etl.py
[2023-10-27 05:35:26,553] {processor.py:651} INFO - DAG(s) dict_keys(['tutorial_taskflow_api_etl']) retrieved from /home/airflow/.local/lib/python3.7/site-packages/airflow/example_dags/tutorial_taskflow_api_etl.py
[2023-10-27 05:35:26,787] {logging_mixin.py:115} INFO - [2023-10-27 05:35:26,787] {dag.py:2420} INFO - Sync 1 DAGs
[2023-10-27 05:35:26,809] {logging_mixin.py:115} INFO - [2023-10-27 05:35:26,809] {dag.py:2972} INFO - Setting next_dagrun for tutorial_taskflow_api_etl to None, run_after=None
[2023-10-27 05:35:26,823] {processor.py:161} INFO - Processing /home/airflow/.local/lib/python3.7/site-packages/airflow/example_dags/tutorial_taskflow_api_etl.py took 0.298 seconds
[2023-10-27 05:35:57,110] {processor.py:153} INFO - Started process (PID=913) to work on /home/airflow/.local/lib/python3.7/site-packages/airflow/example_dags/tutorial_taskflow_api_etl.py
[2023-10-27 05:35:57,111] {processor.py:641} INFO - Processing file /home/airflow/.local/lib/python3.7/site-packages/airflow/example_dags/tutorial_taskflow_api_etl.py for tasks to queue
[2023-10-27 05:35:57,112] {logging_mixin.py:115} INFO - [2023-10-27 05:35:57,112] {dagbag.py:508} INFO - Filling up the DagBag from /home/airflow/.local/lib/python3.7/site-packages/airflow/example_dags/tutorial_taskflow_api_etl.py
[2023-10-27 05:35:57,139] {processor.py:651} INFO - DAG(s) dict_keys(['tutorial_taskflow_api_etl']) retrieved from /home/airflow/.local/lib/python3.7/site-packages/airflow/example_dags/tutorial_taskflow_api_etl.py
[2023-10-27 05:35:57,323] {logging_mixin.py:115} INFO - [2023-10-27 05:35:57,323] {dag.py:2420} INFO - Sync 1 DAGs
[2023-10-27 05:35:57,345] {logging_mixin.py:115} INFO - [2023-10-27 05:35:57,345] {dag.py:2972} INFO - Setting next_dagrun for tutorial_taskflow_api_etl to None, run_after=None
[2023-10-27 05:35:57,357] {processor.py:161} INFO - Processing /home/airflow/.local/lib/python3.7/site-packages/airflow/example_dags/tutorial_taskflow_api_etl.py took 0.252 seconds
[2023-10-27 05:36:27,421] {processor.py:153} INFO - Started process (PID=964) to work on /home/airflow/.local/lib/python3.7/site-packages/airflow/example_dags/tutorial_taskflow_api_etl.py
[2023-10-27 05:36:27,422] {processor.py:641} INFO - Processing file /home/airflow/.local/lib/python3.7/site-packages/airflow/example_dags/tutorial_taskflow_api_etl.py for tasks to queue
[2023-10-27 05:36:27,422] {logging_mixin.py:115} INFO - [2023-10-27 05:36:27,422] {dagbag.py:508} INFO - Filling up the DagBag from /home/airflow/.local/lib/python3.7/site-packages/airflow/example_dags/tutorial_taskflow_api_etl.py
[2023-10-27 05:36:27,446] {processor.py:651} INFO - DAG(s) dict_keys(['tutorial_taskflow_api_etl']) retrieved from /home/airflow/.local/lib/python3.7/site-packages/airflow/example_dags/tutorial_taskflow_api_etl.py
[2023-10-27 05:36:27,671] {logging_mixin.py:115} INFO - [2023-10-27 05:36:27,671] {dag.py:2420} INFO - Sync 1 DAGs
[2023-10-27 05:36:27,693] {logging_mixin.py:115} INFO - [2023-10-27 05:36:27,693] {dag.py:2972} INFO - Setting next_dagrun for tutorial_taskflow_api_etl to None, run_after=None
[2023-10-27 05:36:27,707] {processor.py:161} INFO - Processing /home/airflow/.local/lib/python3.7/site-packages/airflow/example_dags/tutorial_taskflow_api_etl.py took 0.290 seconds
[2023-10-27 05:36:57,794] {processor.py:153} INFO - Started process (PID=1023) to work on /home/airflow/.local/lib/python3.7/site-packages/airflow/example_dags/tutorial_taskflow_api_etl.py
[2023-10-27 05:36:57,795] {processor.py:641} INFO - Processing file /home/airflow/.local/lib/python3.7/site-packages/airflow/example_dags/tutorial_taskflow_api_etl.py for tasks to queue
[2023-10-27 05:36:57,795] {logging_mixin.py:115} INFO - [2023-10-27 05:36:57,795] {dagbag.py:508} INFO - Filling up the DagBag from /home/airflow/.local/lib/python3.7/site-packages/airflow/example_dags/tutorial_taskflow_api_etl.py
[2023-10-27 05:36:57,819] {processor.py:651} INFO - DAG(s) dict_keys(['tutorial_taskflow_api_etl']) retrieved from /home/airflow/.local/lib/python3.7/site-packages/airflow/example_dags/tutorial_taskflow_api_etl.py
[2023-10-27 05:36:58,056] {logging_mixin.py:115} INFO - [2023-10-27 05:36:58,056] {dag.py:2420} INFO - Sync 1 DAGs
[2023-10-27 05:36:58,078] {logging_mixin.py:115} INFO - [2023-10-27 05:36:58,078] {dag.py:2972} INFO - Setting next_dagrun for tutorial_taskflow_api_etl to None, run_after=None
[2023-10-27 05:36:58,092] {processor.py:161} INFO - Processing /home/airflow/.local/lib/python3.7/site-packages/airflow/example_dags/tutorial_taskflow_api_etl.py took 0.302 seconds
[2023-10-27 05:37:28,125] {processor.py:153} INFO - Started process (PID=1084) to work on /home/airflow/.local/lib/python3.7/site-packages/airflow/example_dags/tutorial_taskflow_api_etl.py
[2023-10-27 05:37:28,125] {processor.py:641} INFO - Processing file /home/airflow/.local/lib/python3.7/site-packages/airflow/example_dags/tutorial_taskflow_api_etl.py for tasks to queue
[2023-10-27 05:37:28,126] {logging_mixin.py:115} INFO - [2023-10-27 05:37:28,126] {dagbag.py:508} INFO - Filling up the DagBag from /home/airflow/.local/lib/python3.7/site-packages/airflow/example_dags/tutorial_taskflow_api_etl.py
[2023-10-27 05:37:28,150] {processor.py:651} INFO - DAG(s) dict_keys(['tutorial_taskflow_api_etl']) retrieved from /home/airflow/.local/lib/python3.7/site-packages/airflow/example_dags/tutorial_taskflow_api_etl.py
[2023-10-27 05:37:28,331] {logging_mixin.py:115} INFO - [2023-10-27 05:37:28,331] {dag.py:2420} INFO - Sync 1 DAGs
[2023-10-27 05:37:28,354] {logging_mixin.py:115} INFO - [2023-10-27 05:37:28,354] {dag.py:2972} INFO - Setting next_dagrun for tutorial_taskflow_api_etl to None, run_after=None
[2023-10-27 05:37:28,369] {processor.py:161} INFO - Processing /home/airflow/.local/lib/python3.7/site-packages/airflow/example_dags/tutorial_taskflow_api_etl.py took 0.249 seconds
[2023-10-27 05:37:59,044] {processor.py:153} INFO - Started process (PID=1136) to work on /home/airflow/.local/lib/python3.7/site-packages/airflow/example_dags/tutorial_taskflow_api_etl.py
[2023-10-27 05:37:59,045] {processor.py:641} INFO - Processing file /home/airflow/.local/lib/python3.7/site-packages/airflow/example_dags/tutorial_taskflow_api_etl.py for tasks to queue
[2023-10-27 05:37:59,046] {logging_mixin.py:115} INFO - [2023-10-27 05:37:59,046] {dagbag.py:508} INFO - Filling up the DagBag from /home/airflow/.local/lib/python3.7/site-packages/airflow/example_dags/tutorial_taskflow_api_etl.py
[2023-10-27 05:37:59,069] {processor.py:651} INFO - DAG(s) dict_keys(['tutorial_taskflow_api_etl']) retrieved from /home/airflow/.local/lib/python3.7/site-packages/airflow/example_dags/tutorial_taskflow_api_etl.py
[2023-10-27 05:37:59,281] {logging_mixin.py:115} INFO - [2023-10-27 05:37:59,280] {dag.py:2420} INFO - Sync 1 DAGs
[2023-10-27 05:37:59,311] {logging_mixin.py:115} INFO - [2023-10-27 05:37:59,311] {dag.py:2972} INFO - Setting next_dagrun for tutorial_taskflow_api_etl to None, run_after=None
[2023-10-27 05:37:59,323] {processor.py:161} INFO - Processing /home/airflow/.local/lib/python3.7/site-packages/airflow/example_dags/tutorial_taskflow_api_etl.py took 0.282 seconds
[2023-10-27 05:38:29,506] {processor.py:153} INFO - Started process (PID=1198) to work on /home/airflow/.local/lib/python3.7/site-packages/airflow/example_dags/tutorial_taskflow_api_etl.py
[2023-10-27 05:38:29,507] {processor.py:641} INFO - Processing file /home/airflow/.local/lib/python3.7/site-packages/airflow/example_dags/tutorial_taskflow_api_etl.py for tasks to queue
[2023-10-27 05:38:29,507] {logging_mixin.py:115} INFO - [2023-10-27 05:38:29,507] {dagbag.py:508} INFO - Filling up the DagBag from /home/airflow/.local/lib/python3.7/site-packages/airflow/example_dags/tutorial_taskflow_api_etl.py
[2023-10-27 05:38:29,531] {processor.py:651} INFO - DAG(s) dict_keys(['tutorial_taskflow_api_etl']) retrieved from /home/airflow/.local/lib/python3.7/site-packages/airflow/example_dags/tutorial_taskflow_api_etl.py
[2023-10-27 05:38:29,756] {logging_mixin.py:115} INFO - [2023-10-27 05:38:29,756] {dag.py:2420} INFO - Sync 1 DAGs
[2023-10-27 05:38:29,778] {logging_mixin.py:115} INFO - [2023-10-27 05:38:29,778] {dag.py:2972} INFO - Setting next_dagrun for tutorial_taskflow_api_etl to None, run_after=None
[2023-10-27 05:38:29,792] {processor.py:161} INFO - Processing /home/airflow/.local/lib/python3.7/site-packages/airflow/example_dags/tutorial_taskflow_api_etl.py took 0.289 seconds
[2023-10-27 05:38:59,997] {processor.py:153} INFO - Started process (PID=1258) to work on /home/airflow/.local/lib/python3.7/site-packages/airflow/example_dags/tutorial_taskflow_api_etl.py
[2023-10-27 05:38:59,998] {processor.py:641} INFO - Processing file /home/airflow/.local/lib/python3.7/site-packages/airflow/example_dags/tutorial_taskflow_api_etl.py for tasks to queue
[2023-10-27 05:38:59,999] {logging_mixin.py:115} INFO - [2023-10-27 05:38:59,999] {dagbag.py:508} INFO - Filling up the DagBag from /home/airflow/.local/lib/python3.7/site-packages/airflow/example_dags/tutorial_taskflow_api_etl.py
[2023-10-27 05:39:00,025] {processor.py:651} INFO - DAG(s) dict_keys(['tutorial_taskflow_api_etl']) retrieved from /home/airflow/.local/lib/python3.7/site-packages/airflow/example_dags/tutorial_taskflow_api_etl.py
[2023-10-27 05:39:00,222] {logging_mixin.py:115} INFO - [2023-10-27 05:39:00,222] {dag.py:2420} INFO - Sync 1 DAGs
[2023-10-27 05:39:00,246] {logging_mixin.py:115} INFO - [2023-10-27 05:39:00,246] {dag.py:2972} INFO - Setting next_dagrun for tutorial_taskflow_api_etl to None, run_after=None
[2023-10-27 05:39:00,260] {processor.py:161} INFO - Processing /home/airflow/.local/lib/python3.7/site-packages/airflow/example_dags/tutorial_taskflow_api_etl.py took 0.268 seconds
[2023-10-27 05:39:30,381] {processor.py:153} INFO - Started process (PID=1311) to work on /home/airflow/.local/lib/python3.7/site-packages/airflow/example_dags/tutorial_taskflow_api_etl.py
[2023-10-27 05:39:30,381] {processor.py:641} INFO - Processing file /home/airflow/.local/lib/python3.7/site-packages/airflow/example_dags/tutorial_taskflow_api_etl.py for tasks to queue
[2023-10-27 05:39:30,382] {logging_mixin.py:115} INFO - [2023-10-27 05:39:30,382] {dagbag.py:508} INFO - Filling up the DagBag from /home/airflow/.local/lib/python3.7/site-packages/airflow/example_dags/tutorial_taskflow_api_etl.py
[2023-10-27 05:39:30,407] {processor.py:651} INFO - DAG(s) dict_keys(['tutorial_taskflow_api_etl']) retrieved from /home/airflow/.local/lib/python3.7/site-packages/airflow/example_dags/tutorial_taskflow_api_etl.py
[2023-10-27 05:39:30,586] {logging_mixin.py:115} INFO - [2023-10-27 05:39:30,586] {dag.py:2420} INFO - Sync 1 DAGs
[2023-10-27 05:39:30,608] {logging_mixin.py:115} INFO - [2023-10-27 05:39:30,608] {dag.py:2972} INFO - Setting next_dagrun for tutorial_taskflow_api_etl to None, run_after=None
[2023-10-27 05:39:30,620] {processor.py:161} INFO - Processing /home/airflow/.local/lib/python3.7/site-packages/airflow/example_dags/tutorial_taskflow_api_etl.py took 0.244 seconds
[2023-10-27 05:40:00,789] {processor.py:153} INFO - Started process (PID=1371) to work on /home/airflow/.local/lib/python3.7/site-packages/airflow/example_dags/tutorial_taskflow_api_etl.py
[2023-10-27 05:40:00,789] {processor.py:641} INFO - Processing file /home/airflow/.local/lib/python3.7/site-packages/airflow/example_dags/tutorial_taskflow_api_etl.py for tasks to queue
[2023-10-27 05:40:00,790] {logging_mixin.py:115} INFO - [2023-10-27 05:40:00,790] {dagbag.py:508} INFO - Filling up the DagBag from /home/airflow/.local/lib/python3.7/site-packages/airflow/example_dags/tutorial_taskflow_api_etl.py
[2023-10-27 05:40:00,815] {processor.py:651} INFO - DAG(s) dict_keys(['tutorial_taskflow_api_etl']) retrieved from /home/airflow/.local/lib/python3.7/site-packages/airflow/example_dags/tutorial_taskflow_api_etl.py
[2023-10-27 05:40:01,047] {logging_mixin.py:115} INFO - [2023-10-27 05:40:01,047] {dag.py:2420} INFO - Sync 1 DAGs
[2023-10-27 05:40:01,069] {logging_mixin.py:115} INFO - [2023-10-27 05:40:01,069] {dag.py:2972} INFO - Setting next_dagrun for tutorial_taskflow_api_etl to None, run_after=None
[2023-10-27 05:40:01,083] {processor.py:161} INFO - Processing /home/airflow/.local/lib/python3.7/site-packages/airflow/example_dags/tutorial_taskflow_api_etl.py took 0.298 seconds
[2023-10-27 05:40:31,309] {processor.py:153} INFO - Started process (PID=1424) to work on /home/airflow/.local/lib/python3.7/site-packages/airflow/example_dags/tutorial_taskflow_api_etl.py
[2023-10-27 05:40:31,310] {processor.py:641} INFO - Processing file /home/airflow/.local/lib/python3.7/site-packages/airflow/example_dags/tutorial_taskflow_api_etl.py for tasks to queue
[2023-10-27 05:40:31,310] {logging_mixin.py:115} INFO - [2023-10-27 05:40:31,310] {dagbag.py:508} INFO - Filling up the DagBag from /home/airflow/.local/lib/python3.7/site-packages/airflow/example_dags/tutorial_taskflow_api_etl.py
[2023-10-27 05:40:31,335] {processor.py:651} INFO - DAG(s) dict_keys(['tutorial_taskflow_api_etl']) retrieved from /home/airflow/.local/lib/python3.7/site-packages/airflow/example_dags/tutorial_taskflow_api_etl.py
[2023-10-27 05:40:31,567] {logging_mixin.py:115} INFO - [2023-10-27 05:40:31,567] {dag.py:2420} INFO - Sync 1 DAGs
[2023-10-27 05:40:31,588] {logging_mixin.py:115} INFO - [2023-10-27 05:40:31,588] {dag.py:2972} INFO - Setting next_dagrun for tutorial_taskflow_api_etl to None, run_after=None
[2023-10-27 05:40:31,602] {processor.py:161} INFO - Processing /home/airflow/.local/lib/python3.7/site-packages/airflow/example_dags/tutorial_taskflow_api_etl.py took 0.297 seconds
[2023-10-27 05:41:01,707] {processor.py:153} INFO - Started process (PID=1485) to work on /home/airflow/.local/lib/python3.7/site-packages/airflow/example_dags/tutorial_taskflow_api_etl.py
[2023-10-27 05:41:01,708] {processor.py:641} INFO - Processing file /home/airflow/.local/lib/python3.7/site-packages/airflow/example_dags/tutorial_taskflow_api_etl.py for tasks to queue
[2023-10-27 05:41:01,708] {logging_mixin.py:115} INFO - [2023-10-27 05:41:01,708] {dagbag.py:508} INFO - Filling up the DagBag from /home/airflow/.local/lib/python3.7/site-packages/airflow/example_dags/tutorial_taskflow_api_etl.py
[2023-10-27 05:41:01,731] {processor.py:651} INFO - DAG(s) dict_keys(['tutorial_taskflow_api_etl']) retrieved from /home/airflow/.local/lib/python3.7/site-packages/airflow/example_dags/tutorial_taskflow_api_etl.py
[2023-10-27 05:41:01,960] {logging_mixin.py:115} INFO - [2023-10-27 05:41:01,959] {dag.py:2420} INFO - Sync 1 DAGs
[2023-10-27 05:41:01,981] {logging_mixin.py:115} INFO - [2023-10-27 05:41:01,981] {dag.py:2972} INFO - Setting next_dagrun for tutorial_taskflow_api_etl to None, run_after=None
[2023-10-27 05:41:01,995] {processor.py:161} INFO - Processing /home/airflow/.local/lib/python3.7/site-packages/airflow/example_dags/tutorial_taskflow_api_etl.py took 0.292 seconds
[2023-10-27 05:41:32,282] {processor.py:153} INFO - Started process (PID=1537) to work on /home/airflow/.local/lib/python3.7/site-packages/airflow/example_dags/tutorial_taskflow_api_etl.py
[2023-10-27 05:41:32,282] {processor.py:641} INFO - Processing file /home/airflow/.local/lib/python3.7/site-packages/airflow/example_dags/tutorial_taskflow_api_etl.py for tasks to queue
[2023-10-27 05:41:32,283] {logging_mixin.py:115} INFO - [2023-10-27 05:41:32,282] {dagbag.py:508} INFO - Filling up the DagBag from /home/airflow/.local/lib/python3.7/site-packages/airflow/example_dags/tutorial_taskflow_api_etl.py
[2023-10-27 05:41:32,306] {processor.py:651} INFO - DAG(s) dict_keys(['tutorial_taskflow_api_etl']) retrieved from /home/airflow/.local/lib/python3.7/site-packages/airflow/example_dags/tutorial_taskflow_api_etl.py
[2023-10-27 05:41:32,487] {logging_mixin.py:115} INFO - [2023-10-27 05:41:32,487] {dag.py:2420} INFO - Sync 1 DAGs
[2023-10-27 05:41:32,509] {logging_mixin.py:115} INFO - [2023-10-27 05:41:32,509] {dag.py:2972} INFO - Setting next_dagrun for tutorial_taskflow_api_etl to None, run_after=None
[2023-10-27 05:41:32,520] {processor.py:161} INFO - Processing /home/airflow/.local/lib/python3.7/site-packages/airflow/example_dags/tutorial_taskflow_api_etl.py took 0.242 seconds
[2023-10-27 05:42:03,032] {processor.py:153} INFO - Started process (PID=1598) to work on /home/airflow/.local/lib/python3.7/site-packages/airflow/example_dags/tutorial_taskflow_api_etl.py
[2023-10-27 05:42:03,032] {processor.py:641} INFO - Processing file /home/airflow/.local/lib/python3.7/site-packages/airflow/example_dags/tutorial_taskflow_api_etl.py for tasks to queue
[2023-10-27 05:42:03,033] {logging_mixin.py:115} INFO - [2023-10-27 05:42:03,033] {dagbag.py:508} INFO - Filling up the DagBag from /home/airflow/.local/lib/python3.7/site-packages/airflow/example_dags/tutorial_taskflow_api_etl.py
[2023-10-27 05:42:03,056] {processor.py:651} INFO - DAG(s) dict_keys(['tutorial_taskflow_api_etl']) retrieved from /home/airflow/.local/lib/python3.7/site-packages/airflow/example_dags/tutorial_taskflow_api_etl.py
[2023-10-27 05:42:03,236] {logging_mixin.py:115} INFO - [2023-10-27 05:42:03,236] {dag.py:2420} INFO - Sync 1 DAGs
[2023-10-27 05:42:03,258] {logging_mixin.py:115} INFO - [2023-10-27 05:42:03,258] {dag.py:2972} INFO - Setting next_dagrun for tutorial_taskflow_api_etl to None, run_after=None
[2023-10-27 05:42:03,270] {processor.py:161} INFO - Processing /home/airflow/.local/lib/python3.7/site-packages/airflow/example_dags/tutorial_taskflow_api_etl.py took 0.242 seconds
[2023-10-27 05:42:33,529] {processor.py:153} INFO - Started process (PID=1650) to work on /home/airflow/.local/lib/python3.7/site-packages/airflow/example_dags/tutorial_taskflow_api_etl.py
[2023-10-27 05:42:33,529] {processor.py:641} INFO - Processing file /home/airflow/.local/lib/python3.7/site-packages/airflow/example_dags/tutorial_taskflow_api_etl.py for tasks to queue
[2023-10-27 05:42:33,530] {logging_mixin.py:115} INFO - [2023-10-27 05:42:33,530] {dagbag.py:508} INFO - Filling up the DagBag from /home/airflow/.local/lib/python3.7/site-packages/airflow/example_dags/tutorial_taskflow_api_etl.py
[2023-10-27 05:42:33,553] {processor.py:651} INFO - DAG(s) dict_keys(['tutorial_taskflow_api_etl']) retrieved from /home/airflow/.local/lib/python3.7/site-packages/airflow/example_dags/tutorial_taskflow_api_etl.py
[2023-10-27 05:42:33,780] {logging_mixin.py:115} INFO - [2023-10-27 05:42:33,780] {dag.py:2420} INFO - Sync 1 DAGs
[2023-10-27 05:42:33,801] {logging_mixin.py:115} INFO - [2023-10-27 05:42:33,801] {dag.py:2972} INFO - Setting next_dagrun for tutorial_taskflow_api_etl to None, run_after=None
[2023-10-27 05:42:33,815] {processor.py:161} INFO - Processing /home/airflow/.local/lib/python3.7/site-packages/airflow/example_dags/tutorial_taskflow_api_etl.py took 0.290 seconds
[2023-10-27 05:43:03,961] {processor.py:153} INFO - Started process (PID=1711) to work on /home/airflow/.local/lib/python3.7/site-packages/airflow/example_dags/tutorial_taskflow_api_etl.py
[2023-10-27 05:43:03,962] {processor.py:641} INFO - Processing file /home/airflow/.local/lib/python3.7/site-packages/airflow/example_dags/tutorial_taskflow_api_etl.py for tasks to queue
[2023-10-27 05:43:03,962] {logging_mixin.py:115} INFO - [2023-10-27 05:43:03,962] {dagbag.py:508} INFO - Filling up the DagBag from /home/airflow/.local/lib/python3.7/site-packages/airflow/example_dags/tutorial_taskflow_api_etl.py
[2023-10-27 05:43:03,986] {processor.py:651} INFO - DAG(s) dict_keys(['tutorial_taskflow_api_etl']) retrieved from /home/airflow/.local/lib/python3.7/site-packages/airflow/example_dags/tutorial_taskflow_api_etl.py
[2023-10-27 05:43:04,168] {logging_mixin.py:115} INFO - [2023-10-27 05:43:04,167] {dag.py:2420} INFO - Sync 1 DAGs
[2023-10-27 05:43:04,189] {logging_mixin.py:115} INFO - [2023-10-27 05:43:04,189] {dag.py:2972} INFO - Setting next_dagrun for tutorial_taskflow_api_etl to None, run_after=None
[2023-10-27 05:43:04,201] {processor.py:161} INFO - Processing /home/airflow/.local/lib/python3.7/site-packages/airflow/example_dags/tutorial_taskflow_api_etl.py took 0.245 seconds
[2023-10-27 05:43:34,672] {processor.py:153} INFO - Started process (PID=1771) to work on /home/airflow/.local/lib/python3.7/site-packages/airflow/example_dags/tutorial_taskflow_api_etl.py
[2023-10-27 05:43:34,672] {processor.py:641} INFO - Processing file /home/airflow/.local/lib/python3.7/site-packages/airflow/example_dags/tutorial_taskflow_api_etl.py for tasks to queue
[2023-10-27 05:43:34,673] {logging_mixin.py:115} INFO - [2023-10-27 05:43:34,673] {dagbag.py:508} INFO - Filling up the DagBag from /home/airflow/.local/lib/python3.7/site-packages/airflow/example_dags/tutorial_taskflow_api_etl.py
[2023-10-27 05:43:34,852] {processor.py:651} INFO - DAG(s) dict_keys(['tutorial_taskflow_api_etl']) retrieved from /home/airflow/.local/lib/python3.7/site-packages/airflow/example_dags/tutorial_taskflow_api_etl.py
[2023-10-27 05:43:34,919] {logging_mixin.py:115} INFO - [2023-10-27 05:43:34,919] {dag.py:2420} INFO - Sync 1 DAGs
[2023-10-27 05:43:34,942] {logging_mixin.py:115} INFO - [2023-10-27 05:43:34,942] {dag.py:2972} INFO - Setting next_dagrun for tutorial_taskflow_api_etl to None, run_after=None
[2023-10-27 05:43:34,959] {processor.py:161} INFO - Processing /home/airflow/.local/lib/python3.7/site-packages/airflow/example_dags/tutorial_taskflow_api_etl.py took 0.291 seconds
[2023-10-27 05:44:05,034] {processor.py:153} INFO - Started process (PID=1822) to work on /home/airflow/.local/lib/python3.7/site-packages/airflow/example_dags/tutorial_taskflow_api_etl.py
[2023-10-27 05:44:05,035] {processor.py:641} INFO - Processing file /home/airflow/.local/lib/python3.7/site-packages/airflow/example_dags/tutorial_taskflow_api_etl.py for tasks to queue
[2023-10-27 05:44:05,036] {logging_mixin.py:115} INFO - [2023-10-27 05:44:05,036] {dagbag.py:508} INFO - Filling up the DagBag from /home/airflow/.local/lib/python3.7/site-packages/airflow/example_dags/tutorial_taskflow_api_etl.py
[2023-10-27 05:44:05,220] {processor.py:651} INFO - DAG(s) dict_keys(['tutorial_taskflow_api_etl']) retrieved from /home/airflow/.local/lib/python3.7/site-packages/airflow/example_dags/tutorial_taskflow_api_etl.py
[2023-10-27 05:44:05,289] {logging_mixin.py:115} INFO - [2023-10-27 05:44:05,289] {dag.py:2420} INFO - Sync 1 DAGs
[2023-10-27 05:44:05,311] {logging_mixin.py:115} INFO - [2023-10-27 05:44:05,311] {dag.py:2972} INFO - Setting next_dagrun for tutorial_taskflow_api_etl to None, run_after=None
[2023-10-27 05:44:05,327] {processor.py:161} INFO - Processing /home/airflow/.local/lib/python3.7/site-packages/airflow/example_dags/tutorial_taskflow_api_etl.py took 0.297 seconds
[2023-10-27 05:44:35,691] {processor.py:153} INFO - Started process (PID=1883) to work on /home/airflow/.local/lib/python3.7/site-packages/airflow/example_dags/tutorial_taskflow_api_etl.py
[2023-10-27 05:44:35,692] {processor.py:641} INFO - Processing file /home/airflow/.local/lib/python3.7/site-packages/airflow/example_dags/tutorial_taskflow_api_etl.py for tasks to queue
[2023-10-27 05:44:35,692] {logging_mixin.py:115} INFO - [2023-10-27 05:44:35,692] {dagbag.py:508} INFO - Filling up the DagBag from /home/airflow/.local/lib/python3.7/site-packages/airflow/example_dags/tutorial_taskflow_api_etl.py
[2023-10-27 05:44:35,875] {processor.py:651} INFO - DAG(s) dict_keys(['tutorial_taskflow_api_etl']) retrieved from /home/airflow/.local/lib/python3.7/site-packages/airflow/example_dags/tutorial_taskflow_api_etl.py
[2023-10-27 05:44:35,942] {logging_mixin.py:115} INFO - [2023-10-27 05:44:35,942] {dag.py:2420} INFO - Sync 1 DAGs
[2023-10-27 05:44:35,963] {logging_mixin.py:115} INFO - [2023-10-27 05:44:35,963] {dag.py:2972} INFO - Setting next_dagrun for tutorial_taskflow_api_etl to None, run_after=None
[2023-10-27 05:44:35,978] {processor.py:161} INFO - Processing /home/airflow/.local/lib/python3.7/site-packages/airflow/example_dags/tutorial_taskflow_api_etl.py took 0.291 seconds
[2023-10-27 05:45:06,166] {processor.py:153} INFO - Started process (PID=1935) to work on /home/airflow/.local/lib/python3.7/site-packages/airflow/example_dags/tutorial_taskflow_api_etl.py
[2023-10-27 05:45:06,167] {processor.py:641} INFO - Processing file /home/airflow/.local/lib/python3.7/site-packages/airflow/example_dags/tutorial_taskflow_api_etl.py for tasks to queue
[2023-10-27 05:45:06,168] {logging_mixin.py:115} INFO - [2023-10-27 05:45:06,168] {dagbag.py:508} INFO - Filling up the DagBag from /home/airflow/.local/lib/python3.7/site-packages/airflow/example_dags/tutorial_taskflow_api_etl.py
[2023-10-27 05:45:06,354] {processor.py:651} INFO - DAG(s) dict_keys(['tutorial_taskflow_api_etl']) retrieved from /home/airflow/.local/lib/python3.7/site-packages/airflow/example_dags/tutorial_taskflow_api_etl.py
[2023-10-27 05:45:06,376] {logging_mixin.py:115} INFO - [2023-10-27 05:45:06,376] {dag.py:2420} INFO - Sync 1 DAGs
[2023-10-27 05:45:06,398] {logging_mixin.py:115} INFO - [2023-10-27 05:45:06,398] {dag.py:2972} INFO - Setting next_dagrun for tutorial_taskflow_api_etl to None, run_after=None
[2023-10-27 05:45:06,409] {processor.py:161} INFO - Processing /home/airflow/.local/lib/python3.7/site-packages/airflow/example_dags/tutorial_taskflow_api_etl.py took 0.247 seconds
[2023-10-27 05:45:36,623] {processor.py:153} INFO - Started process (PID=1997) to work on /home/airflow/.local/lib/python3.7/site-packages/airflow/example_dags/tutorial_taskflow_api_etl.py
[2023-10-27 05:45:36,623] {processor.py:641} INFO - Processing file /home/airflow/.local/lib/python3.7/site-packages/airflow/example_dags/tutorial_taskflow_api_etl.py for tasks to queue
[2023-10-27 05:45:36,624] {logging_mixin.py:115} INFO - [2023-10-27 05:45:36,624] {dagbag.py:508} INFO - Filling up the DagBag from /home/airflow/.local/lib/python3.7/site-packages/airflow/example_dags/tutorial_taskflow_api_etl.py
[2023-10-27 05:45:36,811] {processor.py:651} INFO - DAG(s) dict_keys(['tutorial_taskflow_api_etl']) retrieved from /home/airflow/.local/lib/python3.7/site-packages/airflow/example_dags/tutorial_taskflow_api_etl.py
[2023-10-27 05:45:36,880] {logging_mixin.py:115} INFO - [2023-10-27 05:45:36,880] {dag.py:2420} INFO - Sync 1 DAGs
[2023-10-27 05:45:36,903] {logging_mixin.py:115} INFO - [2023-10-27 05:45:36,903] {dag.py:2972} INFO - Setting next_dagrun for tutorial_taskflow_api_etl to None, run_after=None
[2023-10-27 05:45:36,920] {processor.py:161} INFO - Processing /home/airflow/.local/lib/python3.7/site-packages/airflow/example_dags/tutorial_taskflow_api_etl.py took 0.301 seconds
[2023-10-27 05:46:07,335] {processor.py:153} INFO - Started process (PID=2050) to work on /home/airflow/.local/lib/python3.7/site-packages/airflow/example_dags/tutorial_taskflow_api_etl.py
[2023-10-27 05:46:07,336] {processor.py:641} INFO - Processing file /home/airflow/.local/lib/python3.7/site-packages/airflow/example_dags/tutorial_taskflow_api_etl.py for tasks to queue
[2023-10-27 05:46:07,337] {logging_mixin.py:115} INFO - [2023-10-27 05:46:07,337] {dagbag.py:508} INFO - Filling up the DagBag from /home/airflow/.local/lib/python3.7/site-packages/airflow/example_dags/tutorial_taskflow_api_etl.py
[2023-10-27 05:46:07,519] {processor.py:651} INFO - DAG(s) dict_keys(['tutorial_taskflow_api_etl']) retrieved from /home/airflow/.local/lib/python3.7/site-packages/airflow/example_dags/tutorial_taskflow_api_etl.py
[2023-10-27 05:46:07,587] {logging_mixin.py:115} INFO - [2023-10-27 05:46:07,587] {dag.py:2420} INFO - Sync 1 DAGs
[2023-10-27 05:46:07,608] {logging_mixin.py:115} INFO - [2023-10-27 05:46:07,608] {dag.py:2972} INFO - Setting next_dagrun for tutorial_taskflow_api_etl to None, run_after=None
[2023-10-27 05:46:07,624] {processor.py:161} INFO - Processing /home/airflow/.local/lib/python3.7/site-packages/airflow/example_dags/tutorial_taskflow_api_etl.py took 0.293 seconds
[2023-10-27 05:46:38,264] {processor.py:153} INFO - Started process (PID=2114) to work on /home/airflow/.local/lib/python3.7/site-packages/airflow/example_dags/tutorial_taskflow_api_etl.py
[2023-10-27 05:46:38,265] {processor.py:641} INFO - Processing file /home/airflow/.local/lib/python3.7/site-packages/airflow/example_dags/tutorial_taskflow_api_etl.py for tasks to queue
[2023-10-27 05:46:38,265] {logging_mixin.py:115} INFO - [2023-10-27 05:46:38,265] {dagbag.py:508} INFO - Filling up the DagBag from /home/airflow/.local/lib/python3.7/site-packages/airflow/example_dags/tutorial_taskflow_api_etl.py
[2023-10-27 05:46:38,444] {processor.py:651} INFO - DAG(s) dict_keys(['tutorial_taskflow_api_etl']) retrieved from /home/airflow/.local/lib/python3.7/site-packages/airflow/example_dags/tutorial_taskflow_api_etl.py
[2023-10-27 05:46:38,511] {logging_mixin.py:115} INFO - [2023-10-27 05:46:38,510] {dag.py:2420} INFO - Sync 1 DAGs
[2023-10-27 05:46:38,532] {logging_mixin.py:115} INFO - [2023-10-27 05:46:38,532] {dag.py:2972} INFO - Setting next_dagrun for tutorial_taskflow_api_etl to None, run_after=None
[2023-10-27 05:46:38,547] {processor.py:161} INFO - Processing /home/airflow/.local/lib/python3.7/site-packages/airflow/example_dags/tutorial_taskflow_api_etl.py took 0.287 seconds
[2023-10-27 05:47:08,607] {processor.py:153} INFO - Started process (PID=2166) to work on /home/airflow/.local/lib/python3.7/site-packages/airflow/example_dags/tutorial_taskflow_api_etl.py
[2023-10-27 05:47:08,608] {processor.py:641} INFO - Processing file /home/airflow/.local/lib/python3.7/site-packages/airflow/example_dags/tutorial_taskflow_api_etl.py for tasks to queue
[2023-10-27 05:47:08,608] {logging_mixin.py:115} INFO - [2023-10-27 05:47:08,608] {dagbag.py:508} INFO - Filling up the DagBag from /home/airflow/.local/lib/python3.7/site-packages/airflow/example_dags/tutorial_taskflow_api_etl.py
[2023-10-27 05:47:08,790] {processor.py:651} INFO - DAG(s) dict_keys(['tutorial_taskflow_api_etl']) retrieved from /home/airflow/.local/lib/python3.7/site-packages/airflow/example_dags/tutorial_taskflow_api_etl.py
[2023-10-27 05:47:08,868] {logging_mixin.py:115} INFO - [2023-10-27 05:47:08,867] {dag.py:2420} INFO - Sync 1 DAGs
[2023-10-27 05:47:08,889] {logging_mixin.py:115} INFO - [2023-10-27 05:47:08,889] {dag.py:2972} INFO - Setting next_dagrun for tutorial_taskflow_api_etl to None, run_after=None
[2023-10-27 05:47:08,907] {processor.py:161} INFO - Processing /home/airflow/.local/lib/python3.7/site-packages/airflow/example_dags/tutorial_taskflow_api_etl.py took 0.304 seconds
[2023-10-27 05:47:39,221] {processor.py:153} INFO - Started process (PID=2228) to work on /home/airflow/.local/lib/python3.7/site-packages/airflow/example_dags/tutorial_taskflow_api_etl.py
[2023-10-27 05:47:39,221] {processor.py:641} INFO - Processing file /home/airflow/.local/lib/python3.7/site-packages/airflow/example_dags/tutorial_taskflow_api_etl.py for tasks to queue
[2023-10-27 05:47:39,222] {logging_mixin.py:115} INFO - [2023-10-27 05:47:39,222] {dagbag.py:508} INFO - Filling up the DagBag from /home/airflow/.local/lib/python3.7/site-packages/airflow/example_dags/tutorial_taskflow_api_etl.py
[2023-10-27 05:47:39,402] {processor.py:651} INFO - DAG(s) dict_keys(['tutorial_taskflow_api_etl']) retrieved from /home/airflow/.local/lib/python3.7/site-packages/airflow/example_dags/tutorial_taskflow_api_etl.py
[2023-10-27 05:47:39,470] {logging_mixin.py:115} INFO - [2023-10-27 05:47:39,470] {dag.py:2420} INFO - Sync 1 DAGs
[2023-10-27 05:47:39,490] {logging_mixin.py:115} INFO - [2023-10-27 05:47:39,490] {dag.py:2972} INFO - Setting next_dagrun for tutorial_taskflow_api_etl to None, run_after=None
[2023-10-27 05:47:39,505] {processor.py:161} INFO - Processing /home/airflow/.local/lib/python3.7/site-packages/airflow/example_dags/tutorial_taskflow_api_etl.py took 0.289 seconds
[2023-10-27 05:48:09,529] {processor.py:153} INFO - Started process (PID=2288) to work on /home/airflow/.local/lib/python3.7/site-packages/airflow/example_dags/tutorial_taskflow_api_etl.py
[2023-10-27 05:48:09,529] {processor.py:641} INFO - Processing file /home/airflow/.local/lib/python3.7/site-packages/airflow/example_dags/tutorial_taskflow_api_etl.py for tasks to queue
[2023-10-27 05:48:09,530] {logging_mixin.py:115} INFO - [2023-10-27 05:48:09,530] {dagbag.py:508} INFO - Filling up the DagBag from /home/airflow/.local/lib/python3.7/site-packages/airflow/example_dags/tutorial_taskflow_api_etl.py
[2023-10-27 05:48:09,709] {processor.py:651} INFO - DAG(s) dict_keys(['tutorial_taskflow_api_etl']) retrieved from /home/airflow/.local/lib/python3.7/site-packages/airflow/example_dags/tutorial_taskflow_api_etl.py
[2023-10-27 05:48:09,777] {logging_mixin.py:115} INFO - [2023-10-27 05:48:09,777] {dag.py:2420} INFO - Sync 1 DAGs
[2023-10-27 05:48:09,798] {logging_mixin.py:115} INFO - [2023-10-27 05:48:09,798] {dag.py:2972} INFO - Setting next_dagrun for tutorial_taskflow_api_etl to None, run_after=None
[2023-10-27 05:48:09,813] {processor.py:161} INFO - Processing /home/airflow/.local/lib/python3.7/site-packages/airflow/example_dags/tutorial_taskflow_api_etl.py took 0.288 seconds
[2023-10-27 05:48:40,017] {processor.py:153} INFO - Started process (PID=2341) to work on /home/airflow/.local/lib/python3.7/site-packages/airflow/example_dags/tutorial_taskflow_api_etl.py
[2023-10-27 05:48:40,017] {processor.py:641} INFO - Processing file /home/airflow/.local/lib/python3.7/site-packages/airflow/example_dags/tutorial_taskflow_api_etl.py for tasks to queue
[2023-10-27 05:48:40,018] {logging_mixin.py:115} INFO - [2023-10-27 05:48:40,018] {dagbag.py:508} INFO - Filling up the DagBag from /home/airflow/.local/lib/python3.7/site-packages/airflow/example_dags/tutorial_taskflow_api_etl.py
[2023-10-27 05:48:40,205] {processor.py:651} INFO - DAG(s) dict_keys(['tutorial_taskflow_api_etl']) retrieved from /home/airflow/.local/lib/python3.7/site-packages/airflow/example_dags/tutorial_taskflow_api_etl.py
[2023-10-27 05:48:40,276] {logging_mixin.py:115} INFO - [2023-10-27 05:48:40,276] {dag.py:2420} INFO - Sync 1 DAGs
[2023-10-27 05:48:40,298] {logging_mixin.py:115} INFO - [2023-10-27 05:48:40,297] {dag.py:2972} INFO - Setting next_dagrun for tutorial_taskflow_api_etl to None, run_after=None
[2023-10-27 05:48:40,313] {processor.py:161} INFO - Processing /home/airflow/.local/lib/python3.7/site-packages/airflow/example_dags/tutorial_taskflow_api_etl.py took 0.301 seconds
[2023-10-27 05:49:10,671] {processor.py:153} INFO - Started process (PID=2403) to work on /home/airflow/.local/lib/python3.7/site-packages/airflow/example_dags/tutorial_taskflow_api_etl.py
[2023-10-27 05:49:10,672] {processor.py:641} INFO - Processing file /home/airflow/.local/lib/python3.7/site-packages/airflow/example_dags/tutorial_taskflow_api_etl.py for tasks to queue
[2023-10-27 05:49:10,673] {logging_mixin.py:115} INFO - [2023-10-27 05:49:10,673] {dagbag.py:508} INFO - Filling up the DagBag from /home/airflow/.local/lib/python3.7/site-packages/airflow/example_dags/tutorial_taskflow_api_etl.py
[2023-10-27 05:49:10,854] {processor.py:651} INFO - DAG(s) dict_keys(['tutorial_taskflow_api_etl']) retrieved from /home/airflow/.local/lib/python3.7/site-packages/airflow/example_dags/tutorial_taskflow_api_etl.py
[2023-10-27 05:49:10,922] {logging_mixin.py:115} INFO - [2023-10-27 05:49:10,922] {dag.py:2420} INFO - Sync 1 DAGs
[2023-10-27 05:49:10,945] {logging_mixin.py:115} INFO - [2023-10-27 05:49:10,945] {dag.py:2972} INFO - Setting next_dagrun for tutorial_taskflow_api_etl to None, run_after=None
[2023-10-27 05:49:10,959] {processor.py:161} INFO - Processing /home/airflow/.local/lib/python3.7/site-packages/airflow/example_dags/tutorial_taskflow_api_etl.py took 0.292 seconds
[2023-10-27 05:49:41,522] {processor.py:153} INFO - Started process (PID=2463) to work on /home/airflow/.local/lib/python3.7/site-packages/airflow/example_dags/tutorial_taskflow_api_etl.py
[2023-10-27 05:49:41,522] {processor.py:641} INFO - Processing file /home/airflow/.local/lib/python3.7/site-packages/airflow/example_dags/tutorial_taskflow_api_etl.py for tasks to queue
[2023-10-27 05:49:41,523] {logging_mixin.py:115} INFO - [2023-10-27 05:49:41,523] {dagbag.py:508} INFO - Filling up the DagBag from /home/airflow/.local/lib/python3.7/site-packages/airflow/example_dags/tutorial_taskflow_api_etl.py
[2023-10-27 05:49:41,734] {processor.py:651} INFO - DAG(s) dict_keys(['tutorial_taskflow_api_etl']) retrieved from /home/airflow/.local/lib/python3.7/site-packages/airflow/example_dags/tutorial_taskflow_api_etl.py
[2023-10-27 05:49:41,800] {logging_mixin.py:115} INFO - [2023-10-27 05:49:41,800] {dag.py:2420} INFO - Sync 1 DAGs
[2023-10-27 05:49:41,820] {logging_mixin.py:115} INFO - [2023-10-27 05:49:41,820] {dag.py:2972} INFO - Setting next_dagrun for tutorial_taskflow_api_etl to None, run_after=None
[2023-10-27 05:49:41,835] {processor.py:161} INFO - Processing /home/airflow/.local/lib/python3.7/site-packages/airflow/example_dags/tutorial_taskflow_api_etl.py took 0.318 seconds
[2023-10-27 05:50:11,864] {processor.py:153} INFO - Started process (PID=2518) to work on /home/airflow/.local/lib/python3.7/site-packages/airflow/example_dags/tutorial_taskflow_api_etl.py
[2023-10-27 05:50:11,865] {processor.py:641} INFO - Processing file /home/airflow/.local/lib/python3.7/site-packages/airflow/example_dags/tutorial_taskflow_api_etl.py for tasks to queue
[2023-10-27 05:50:11,865] {logging_mixin.py:115} INFO - [2023-10-27 05:50:11,865] {dagbag.py:508} INFO - Filling up the DagBag from /home/airflow/.local/lib/python3.7/site-packages/airflow/example_dags/tutorial_taskflow_api_etl.py
[2023-10-27 05:50:12,044] {processor.py:651} INFO - DAG(s) dict_keys(['tutorial_taskflow_api_etl']) retrieved from /home/airflow/.local/lib/python3.7/site-packages/airflow/example_dags/tutorial_taskflow_api_etl.py
[2023-10-27 05:50:12,110] {logging_mixin.py:115} INFO - [2023-10-27 05:50:12,110] {dag.py:2420} INFO - Sync 1 DAGs
[2023-10-27 05:50:12,132] {logging_mixin.py:115} INFO - [2023-10-27 05:50:12,132] {dag.py:2972} INFO - Setting next_dagrun for tutorial_taskflow_api_etl to None, run_after=None
[2023-10-27 05:50:12,147] {processor.py:161} INFO - Processing /home/airflow/.local/lib/python3.7/site-packages/airflow/example_dags/tutorial_taskflow_api_etl.py took 0.287 seconds
[2023-10-27 05:50:42,411] {processor.py:153} INFO - Started process (PID=2579) to work on /home/airflow/.local/lib/python3.7/site-packages/airflow/example_dags/tutorial_taskflow_api_etl.py
[2023-10-27 05:50:42,412] {processor.py:641} INFO - Processing file /home/airflow/.local/lib/python3.7/site-packages/airflow/example_dags/tutorial_taskflow_api_etl.py for tasks to queue
[2023-10-27 05:50:42,412] {logging_mixin.py:115} INFO - [2023-10-27 05:50:42,412] {dagbag.py:508} INFO - Filling up the DagBag from /home/airflow/.local/lib/python3.7/site-packages/airflow/example_dags/tutorial_taskflow_api_etl.py
[2023-10-27 05:50:42,590] {processor.py:651} INFO - DAG(s) dict_keys(['tutorial_taskflow_api_etl']) retrieved from /home/airflow/.local/lib/python3.7/site-packages/airflow/example_dags/tutorial_taskflow_api_etl.py
[2023-10-27 05:50:42,657] {logging_mixin.py:115} INFO - [2023-10-27 05:50:42,657] {dag.py:2420} INFO - Sync 1 DAGs
[2023-10-27 05:50:42,678] {logging_mixin.py:115} INFO - [2023-10-27 05:50:42,677] {dag.py:2972} INFO - Setting next_dagrun for tutorial_taskflow_api_etl to None, run_after=None
[2023-10-27 05:50:42,693] {processor.py:161} INFO - Processing /home/airflow/.local/lib/python3.7/site-packages/airflow/example_dags/tutorial_taskflow_api_etl.py took 0.285 seconds
[2023-10-27 05:51:12,918] {processor.py:153} INFO - Started process (PID=2630) to work on /home/airflow/.local/lib/python3.7/site-packages/airflow/example_dags/tutorial_taskflow_api_etl.py
[2023-10-27 05:51:12,919] {processor.py:641} INFO - Processing file /home/airflow/.local/lib/python3.7/site-packages/airflow/example_dags/tutorial_taskflow_api_etl.py for tasks to queue
[2023-10-27 05:51:12,920] {logging_mixin.py:115} INFO - [2023-10-27 05:51:12,920] {dagbag.py:508} INFO - Filling up the DagBag from /home/airflow/.local/lib/python3.7/site-packages/airflow/example_dags/tutorial_taskflow_api_etl.py
[2023-10-27 05:51:13,099] {processor.py:651} INFO - DAG(s) dict_keys(['tutorial_taskflow_api_etl']) retrieved from /home/airflow/.local/lib/python3.7/site-packages/airflow/example_dags/tutorial_taskflow_api_etl.py
[2023-10-27 05:51:13,121] {logging_mixin.py:115} INFO - [2023-10-27 05:51:13,121] {dag.py:2420} INFO - Sync 1 DAGs
[2023-10-27 05:51:13,142] {logging_mixin.py:115} INFO - [2023-10-27 05:51:13,142] {dag.py:2972} INFO - Setting next_dagrun for tutorial_taskflow_api_etl to None, run_after=None
[2023-10-27 05:51:13,154] {processor.py:161} INFO - Processing /home/airflow/.local/lib/python3.7/site-packages/airflow/example_dags/tutorial_taskflow_api_etl.py took 0.240 seconds
[2023-10-27 05:51:43,351] {processor.py:153} INFO - Started process (PID=2691) to work on /home/airflow/.local/lib/python3.7/site-packages/airflow/example_dags/tutorial_taskflow_api_etl.py
[2023-10-27 05:51:43,352] {processor.py:641} INFO - Processing file /home/airflow/.local/lib/python3.7/site-packages/airflow/example_dags/tutorial_taskflow_api_etl.py for tasks to queue
[2023-10-27 05:51:43,352] {logging_mixin.py:115} INFO - [2023-10-27 05:51:43,352] {dagbag.py:508} INFO - Filling up the DagBag from /home/airflow/.local/lib/python3.7/site-packages/airflow/example_dags/tutorial_taskflow_api_etl.py
[2023-10-27 05:51:43,537] {processor.py:651} INFO - DAG(s) dict_keys(['tutorial_taskflow_api_etl']) retrieved from /home/airflow/.local/lib/python3.7/site-packages/airflow/example_dags/tutorial_taskflow_api_etl.py
[2023-10-27 05:51:43,604] {logging_mixin.py:115} INFO - [2023-10-27 05:51:43,604] {dag.py:2420} INFO - Sync 1 DAGs
[2023-10-27 05:51:43,626] {logging_mixin.py:115} INFO - [2023-10-27 05:51:43,626] {dag.py:2972} INFO - Setting next_dagrun for tutorial_taskflow_api_etl to None, run_after=None
[2023-10-27 05:51:43,642] {processor.py:161} INFO - Processing /home/airflow/.local/lib/python3.7/site-packages/airflow/example_dags/tutorial_taskflow_api_etl.py took 0.295 seconds
[2023-10-27 05:52:14,136] {processor.py:153} INFO - Started process (PID=2755) to work on /home/airflow/.local/lib/python3.7/site-packages/airflow/example_dags/tutorial_taskflow_api_etl.py
[2023-10-27 05:52:14,136] {processor.py:641} INFO - Processing file /home/airflow/.local/lib/python3.7/site-packages/airflow/example_dags/tutorial_taskflow_api_etl.py for tasks to queue
[2023-10-27 05:52:14,137] {logging_mixin.py:115} INFO - [2023-10-27 05:52:14,137] {dagbag.py:508} INFO - Filling up the DagBag from /home/airflow/.local/lib/python3.7/site-packages/airflow/example_dags/tutorial_taskflow_api_etl.py
[2023-10-27 05:52:14,314] {processor.py:651} INFO - DAG(s) dict_keys(['tutorial_taskflow_api_etl']) retrieved from /home/airflow/.local/lib/python3.7/site-packages/airflow/example_dags/tutorial_taskflow_api_etl.py
[2023-10-27 05:52:14,383] {logging_mixin.py:115} INFO - [2023-10-27 05:52:14,383] {dag.py:2420} INFO - Sync 1 DAGs
[2023-10-27 05:52:14,405] {logging_mixin.py:115} INFO - [2023-10-27 05:52:14,405] {dag.py:2972} INFO - Setting next_dagrun for tutorial_taskflow_api_etl to None, run_after=None
[2023-10-27 05:52:14,420] {processor.py:161} INFO - Processing /home/airflow/.local/lib/python3.7/site-packages/airflow/example_dags/tutorial_taskflow_api_etl.py took 0.288 seconds
[2023-10-27 05:52:44,837] {processor.py:153} INFO - Started process (PID=2807) to work on /home/airflow/.local/lib/python3.7/site-packages/airflow/example_dags/tutorial_taskflow_api_etl.py
[2023-10-27 05:52:44,838] {processor.py:641} INFO - Processing file /home/airflow/.local/lib/python3.7/site-packages/airflow/example_dags/tutorial_taskflow_api_etl.py for tasks to queue
[2023-10-27 05:52:44,838] {logging_mixin.py:115} INFO - [2023-10-27 05:52:44,838] {dagbag.py:508} INFO - Filling up the DagBag from /home/airflow/.local/lib/python3.7/site-packages/airflow/example_dags/tutorial_taskflow_api_etl.py
[2023-10-27 05:52:45,022] {processor.py:651} INFO - DAG(s) dict_keys(['tutorial_taskflow_api_etl']) retrieved from /home/airflow/.local/lib/python3.7/site-packages/airflow/example_dags/tutorial_taskflow_api_etl.py
[2023-10-27 05:52:45,104] {logging_mixin.py:115} INFO - [2023-10-27 05:52:45,104] {dag.py:2420} INFO - Sync 1 DAGs
[2023-10-27 05:52:45,135] {logging_mixin.py:115} INFO - [2023-10-27 05:52:45,135] {dag.py:2972} INFO - Setting next_dagrun for tutorial_taskflow_api_etl to None, run_after=None
[2023-10-27 05:52:45,151] {processor.py:161} INFO - Processing /home/airflow/.local/lib/python3.7/site-packages/airflow/example_dags/tutorial_taskflow_api_etl.py took 0.318 seconds
[2023-10-27 05:53:15,361] {processor.py:153} INFO - Started process (PID=2868) to work on /home/airflow/.local/lib/python3.7/site-packages/airflow/example_dags/tutorial_taskflow_api_etl.py
[2023-10-27 05:53:15,361] {processor.py:641} INFO - Processing file /home/airflow/.local/lib/python3.7/site-packages/airflow/example_dags/tutorial_taskflow_api_etl.py for tasks to queue
[2023-10-27 05:53:15,362] {logging_mixin.py:115} INFO - [2023-10-27 05:53:15,362] {dagbag.py:508} INFO - Filling up the DagBag from /home/airflow/.local/lib/python3.7/site-packages/airflow/example_dags/tutorial_taskflow_api_etl.py
[2023-10-27 05:53:15,553] {processor.py:651} INFO - DAG(s) dict_keys(['tutorial_taskflow_api_etl']) retrieved from /home/airflow/.local/lib/python3.7/site-packages/airflow/example_dags/tutorial_taskflow_api_etl.py
[2023-10-27 05:53:15,637] {logging_mixin.py:115} INFO - [2023-10-27 05:53:15,637] {dag.py:2420} INFO - Sync 1 DAGs
[2023-10-27 05:53:15,664] {logging_mixin.py:115} INFO - [2023-10-27 05:53:15,664] {dag.py:2972} INFO - Setting next_dagrun for tutorial_taskflow_api_etl to None, run_after=None
[2023-10-27 05:53:15,678] {processor.py:161} INFO - Processing /home/airflow/.local/lib/python3.7/site-packages/airflow/example_dags/tutorial_taskflow_api_etl.py took 0.322 seconds
[2023-10-27 05:53:46,017] {processor.py:153} INFO - Started process (PID=2920) to work on /home/airflow/.local/lib/python3.7/site-packages/airflow/example_dags/tutorial_taskflow_api_etl.py
[2023-10-27 05:53:46,018] {processor.py:641} INFO - Processing file /home/airflow/.local/lib/python3.7/site-packages/airflow/example_dags/tutorial_taskflow_api_etl.py for tasks to queue
[2023-10-27 05:53:46,019] {logging_mixin.py:115} INFO - [2023-10-27 05:53:46,019] {dagbag.py:508} INFO - Filling up the DagBag from /home/airflow/.local/lib/python3.7/site-packages/airflow/example_dags/tutorial_taskflow_api_etl.py
[2023-10-27 05:53:46,200] {processor.py:651} INFO - DAG(s) dict_keys(['tutorial_taskflow_api_etl']) retrieved from /home/airflow/.local/lib/python3.7/site-packages/airflow/example_dags/tutorial_taskflow_api_etl.py
[2023-10-27 05:53:46,224] {logging_mixin.py:115} INFO - [2023-10-27 05:53:46,224] {dag.py:2420} INFO - Sync 1 DAGs
[2023-10-27 05:53:46,248] {logging_mixin.py:115} INFO - [2023-10-27 05:53:46,248] {dag.py:2972} INFO - Setting next_dagrun for tutorial_taskflow_api_etl to None, run_after=None
[2023-10-27 05:53:46,261] {processor.py:161} INFO - Processing /home/airflow/.local/lib/python3.7/site-packages/airflow/example_dags/tutorial_taskflow_api_etl.py took 0.248 seconds
