[2023-10-31 00:41:54,016] {taskinstance.py:1179} INFO - Dependencies all met for <TaskInstance: update_data.update_data manual__2023-10-31T00:41:52.958441+00:00 [queued]>
[2023-10-31 00:41:54,028] {taskinstance.py:1179} INFO - Dependencies all met for <TaskInstance: update_data.update_data manual__2023-10-31T00:41:52.958441+00:00 [queued]>
[2023-10-31 00:41:54,028] {taskinstance.py:1376} INFO - 
--------------------------------------------------------------------------------
[2023-10-31 00:41:54,028] {taskinstance.py:1377} INFO - Starting attempt 1 of 11
[2023-10-31 00:41:54,028] {taskinstance.py:1378} INFO - 
--------------------------------------------------------------------------------
[2023-10-31 00:41:54,043] {taskinstance.py:1397} INFO - Executing <Task(PythonOperator): update_data> on 2023-10-31 00:41:52.958441+00:00
[2023-10-31 00:41:54,048] {standard_task_runner.py:52} INFO - Started process 143 to run task
[2023-10-31 00:41:54,052] {standard_task_runner.py:79} INFO - Running: ['***', 'tasks', 'run', 'update_data', 'update_data', 'manual__2023-10-31T00:41:52.958441+00:00', '--job-id', '159', '--raw', '--subdir', 'DAGS_FOLDER/update_data_dag.py', '--cfg-path', '/tmp/tmp01mxxv3v', '--error-file', '/tmp/tmpb9d4j36n']
[2023-10-31 00:41:54,052] {standard_task_runner.py:80} INFO - Job 159: Subtask update_data
[2023-10-31 00:41:54,126] {task_command.py:371} INFO - Running <TaskInstance: update_data.update_data manual__2023-10-31T00:41:52.958441+00:00 [running]> on host 52e532200d5f
[2023-10-31 00:41:54,215] {taskinstance.py:1591} INFO - Exporting the following env vars:
AIRFLOW_CTX_DAG_OWNER=Admin
AIRFLOW_CTX_DAG_ID=update_data
AIRFLOW_CTX_TASK_ID=update_data
AIRFLOW_CTX_EXECUTION_DATE=2023-10-31T00:41:52.958441+00:00
AIRFLOW_CTX_TRY_NUMBER=1
AIRFLOW_CTX_DAG_RUN_ID=manual__2023-10-31T00:41:52.958441+00:00
[2023-10-31 00:41:54,344] {python.py:173} INFO - Done. Returned value was: None
[2023-10-31 00:41:59,366] {taskinstance.py:1420} INFO - Marking task as SUCCESS. dag_id=update_data, task_id=update_data, execution_date=20231031T004152, start_date=20231031T004154, end_date=20231031T004159
[2023-10-31 00:41:59,409] {local_task_job.py:156} INFO - Task exited with return code 0
[2023-10-31 00:41:59,438] {local_task_job.py:273} INFO - 0 downstream tasks scheduled from follow-on schedule check
