[2023-10-27 07:11:32,646] {processor.py:153} INFO - Started process (PID=43) to work on /opt/airflow/dags/update_data_dag.py
[2023-10-27 07:11:32,648] {processor.py:641} INFO - Processing file /opt/airflow/dags/update_data_dag.py for tasks to queue
[2023-10-27 07:11:32,648] {logging_mixin.py:115} INFO - [2023-10-27 07:11:32,648] {dagbag.py:508} INFO - Filling up the DagBag from /opt/airflow/dags/update_data_dag.py
[2023-10-27 07:11:32,948] {logging_mixin.py:115} INFO - [2023-10-27 07:11:32,947] {dagbag.py:321} ERROR - Failed to import: /opt/airflow/dags/update_data_dag.py
Traceback (most recent call last):
  File "/home/airflow/.local/lib/python3.7/site-packages/airflow/models/dagbag.py", line 318, in parse
    loader.exec_module(new_module)
  File "<frozen importlib._bootstrap_external>", line 728, in exec_module
  File "<frozen importlib._bootstrap>", line 219, in _call_with_frames_removed
  File "/opt/airflow/dags/update_data_dag.py", line 28, in <module>
    run_container
NameError: name 'run_container' is not defined
[2023-10-27 07:11:32,948] {processor.py:653} WARNING - No viable dags retrieved from /opt/airflow/dags/update_data_dag.py
[2023-10-27 07:11:32,971] {processor.py:161} INFO - Processing /opt/airflow/dags/update_data_dag.py took 0.328 seconds
[2023-10-27 07:12:03,031] {processor.py:153} INFO - Started process (PID=62) to work on /opt/airflow/dags/update_data_dag.py
[2023-10-27 07:12:03,032] {processor.py:641} INFO - Processing file /opt/airflow/dags/update_data_dag.py for tasks to queue
[2023-10-27 07:12:03,032] {logging_mixin.py:115} INFO - [2023-10-27 07:12:03,032] {dagbag.py:508} INFO - Filling up the DagBag from /opt/airflow/dags/update_data_dag.py
[2023-10-27 07:12:03,119] {logging_mixin.py:115} INFO - [2023-10-27 07:12:03,118] {dagbag.py:321} ERROR - Failed to import: /opt/airflow/dags/update_data_dag.py
Traceback (most recent call last):
  File "/home/airflow/.local/lib/python3.7/site-packages/airflow/models/dagbag.py", line 318, in parse
    loader.exec_module(new_module)
  File "<frozen importlib._bootstrap_external>", line 728, in exec_module
  File "<frozen importlib._bootstrap>", line 219, in _call_with_frames_removed
  File "/opt/airflow/dags/update_data_dag.py", line 28, in <module>
    run_container
NameError: name 'run_container' is not defined
[2023-10-27 07:12:03,120] {processor.py:653} WARNING - No viable dags retrieved from /opt/airflow/dags/update_data_dag.py
[2023-10-27 07:12:03,143] {processor.py:161} INFO - Processing /opt/airflow/dags/update_data_dag.py took 0.117 seconds
[2023-10-27 07:12:33,204] {processor.py:153} INFO - Started process (PID=89) to work on /opt/airflow/dags/update_data_dag.py
[2023-10-27 07:12:33,205] {processor.py:641} INFO - Processing file /opt/airflow/dags/update_data_dag.py for tasks to queue
[2023-10-27 07:12:33,205] {logging_mixin.py:115} INFO - [2023-10-27 07:12:33,205] {dagbag.py:508} INFO - Filling up the DagBag from /opt/airflow/dags/update_data_dag.py
[2023-10-27 07:12:33,291] {logging_mixin.py:115} INFO - [2023-10-27 07:12:33,290] {dagbag.py:321} ERROR - Failed to import: /opt/airflow/dags/update_data_dag.py
Traceback (most recent call last):
  File "/home/airflow/.local/lib/python3.7/site-packages/airflow/models/dagbag.py", line 318, in parse
    loader.exec_module(new_module)
  File "<frozen importlib._bootstrap_external>", line 728, in exec_module
  File "<frozen importlib._bootstrap>", line 219, in _call_with_frames_removed
  File "/opt/airflow/dags/update_data_dag.py", line 28, in <module>
    run_container
NameError: name 'run_container' is not defined
[2023-10-27 07:12:33,291] {processor.py:653} WARNING - No viable dags retrieved from /opt/airflow/dags/update_data_dag.py
[2023-10-27 07:12:33,314] {processor.py:161} INFO - Processing /opt/airflow/dags/update_data_dag.py took 0.114 seconds
[2023-10-27 07:13:03,374] {processor.py:153} INFO - Started process (PID=118) to work on /opt/airflow/dags/update_data_dag.py
[2023-10-27 07:13:03,375] {processor.py:641} INFO - Processing file /opt/airflow/dags/update_data_dag.py for tasks to queue
[2023-10-27 07:13:03,376] {logging_mixin.py:115} INFO - [2023-10-27 07:13:03,375] {dagbag.py:508} INFO - Filling up the DagBag from /opt/airflow/dags/update_data_dag.py
[2023-10-27 07:13:03,464] {logging_mixin.py:115} INFO - [2023-10-27 07:13:03,463] {dagbag.py:321} ERROR - Failed to import: /opt/airflow/dags/update_data_dag.py
Traceback (most recent call last):
  File "/home/airflow/.local/lib/python3.7/site-packages/airflow/models/dagbag.py", line 318, in parse
    loader.exec_module(new_module)
  File "<frozen importlib._bootstrap_external>", line 728, in exec_module
  File "<frozen importlib._bootstrap>", line 219, in _call_with_frames_removed
  File "/opt/airflow/dags/update_data_dag.py", line 28, in <module>
    run_container
NameError: name 'run_container' is not defined
[2023-10-27 07:13:03,465] {processor.py:653} WARNING - No viable dags retrieved from /opt/airflow/dags/update_data_dag.py
[2023-10-27 07:13:03,488] {processor.py:161} INFO - Processing /opt/airflow/dags/update_data_dag.py took 0.118 seconds
[2023-10-27 07:13:33,547] {processor.py:153} INFO - Started process (PID=141) to work on /opt/airflow/dags/update_data_dag.py
[2023-10-27 07:13:33,548] {processor.py:641} INFO - Processing file /opt/airflow/dags/update_data_dag.py for tasks to queue
[2023-10-27 07:13:33,548] {logging_mixin.py:115} INFO - [2023-10-27 07:13:33,548] {dagbag.py:508} INFO - Filling up the DagBag from /opt/airflow/dags/update_data_dag.py
[2023-10-27 07:13:33,630] {logging_mixin.py:115} INFO - [2023-10-27 07:13:33,629] {dagbag.py:321} ERROR - Failed to import: /opt/airflow/dags/update_data_dag.py
Traceback (most recent call last):
  File "/home/airflow/.local/lib/python3.7/site-packages/airflow/models/dagbag.py", line 318, in parse
    loader.exec_module(new_module)
  File "<frozen importlib._bootstrap_external>", line 728, in exec_module
  File "<frozen importlib._bootstrap>", line 219, in _call_with_frames_removed
  File "/opt/airflow/dags/update_data_dag.py", line 28, in <module>
    run_container
NameError: name 'run_container' is not defined
[2023-10-27 07:13:33,630] {processor.py:653} WARNING - No viable dags retrieved from /opt/airflow/dags/update_data_dag.py
[2023-10-27 07:13:33,652] {processor.py:161} INFO - Processing /opt/airflow/dags/update_data_dag.py took 0.109 seconds
[2023-10-27 07:14:03,711] {processor.py:153} INFO - Started process (PID=170) to work on /opt/airflow/dags/update_data_dag.py
[2023-10-27 07:14:03,712] {processor.py:641} INFO - Processing file /opt/airflow/dags/update_data_dag.py for tasks to queue
[2023-10-27 07:14:03,712] {logging_mixin.py:115} INFO - [2023-10-27 07:14:03,712] {dagbag.py:508} INFO - Filling up the DagBag from /opt/airflow/dags/update_data_dag.py
[2023-10-27 07:14:03,794] {logging_mixin.py:115} INFO - [2023-10-27 07:14:03,793] {dagbag.py:321} ERROR - Failed to import: /opt/airflow/dags/update_data_dag.py
Traceback (most recent call last):
  File "/home/airflow/.local/lib/python3.7/site-packages/airflow/models/dagbag.py", line 318, in parse
    loader.exec_module(new_module)
  File "<frozen importlib._bootstrap_external>", line 728, in exec_module
  File "<frozen importlib._bootstrap>", line 219, in _call_with_frames_removed
  File "/opt/airflow/dags/update_data_dag.py", line 28, in <module>
    run_container
NameError: name 'run_container' is not defined
[2023-10-27 07:14:03,794] {processor.py:653} WARNING - No viable dags retrieved from /opt/airflow/dags/update_data_dag.py
[2023-10-27 07:14:03,817] {processor.py:161} INFO - Processing /opt/airflow/dags/update_data_dag.py took 0.111 seconds
[2023-10-27 07:14:33,875] {processor.py:153} INFO - Started process (PID=189) to work on /opt/airflow/dags/update_data_dag.py
[2023-10-27 07:14:33,876] {processor.py:641} INFO - Processing file /opt/airflow/dags/update_data_dag.py for tasks to queue
[2023-10-27 07:14:33,876] {logging_mixin.py:115} INFO - [2023-10-27 07:14:33,876] {dagbag.py:508} INFO - Filling up the DagBag from /opt/airflow/dags/update_data_dag.py
[2023-10-27 07:14:33,961] {logging_mixin.py:115} INFO - [2023-10-27 07:14:33,960] {dagbag.py:321} ERROR - Failed to import: /opt/airflow/dags/update_data_dag.py
Traceback (most recent call last):
  File "/home/airflow/.local/lib/python3.7/site-packages/airflow/models/dagbag.py", line 318, in parse
    loader.exec_module(new_module)
  File "<frozen importlib._bootstrap_external>", line 728, in exec_module
  File "<frozen importlib._bootstrap>", line 219, in _call_with_frames_removed
  File "/opt/airflow/dags/update_data_dag.py", line 28, in <module>
    run_container
NameError: name 'run_container' is not defined
[2023-10-27 07:14:33,961] {processor.py:653} WARNING - No viable dags retrieved from /opt/airflow/dags/update_data_dag.py
[2023-10-27 07:14:33,984] {processor.py:161} INFO - Processing /opt/airflow/dags/update_data_dag.py took 0.113 seconds
[2023-10-27 07:15:04,045] {processor.py:153} INFO - Started process (PID=217) to work on /opt/airflow/dags/update_data_dag.py
[2023-10-27 07:15:04,045] {processor.py:641} INFO - Processing file /opt/airflow/dags/update_data_dag.py for tasks to queue
[2023-10-27 07:15:04,046] {logging_mixin.py:115} INFO - [2023-10-27 07:15:04,046] {dagbag.py:508} INFO - Filling up the DagBag from /opt/airflow/dags/update_data_dag.py
[2023-10-27 07:15:04,127] {logging_mixin.py:115} INFO - [2023-10-27 07:15:04,127] {dagbag.py:321} ERROR - Failed to import: /opt/airflow/dags/update_data_dag.py
Traceback (most recent call last):
  File "/home/airflow/.local/lib/python3.7/site-packages/airflow/models/dagbag.py", line 318, in parse
    loader.exec_module(new_module)
  File "<frozen importlib._bootstrap_external>", line 728, in exec_module
  File "<frozen importlib._bootstrap>", line 219, in _call_with_frames_removed
  File "/opt/airflow/dags/update_data_dag.py", line 28, in <module>
    run_container
NameError: name 'run_container' is not defined
[2023-10-27 07:15:04,128] {processor.py:653} WARNING - No viable dags retrieved from /opt/airflow/dags/update_data_dag.py
[2023-10-27 07:15:04,150] {processor.py:161} INFO - Processing /opt/airflow/dags/update_data_dag.py took 0.110 seconds
[2023-10-27 07:15:34,209] {processor.py:153} INFO - Started process (PID=235) to work on /opt/airflow/dags/update_data_dag.py
[2023-10-27 07:15:34,209] {processor.py:641} INFO - Processing file /opt/airflow/dags/update_data_dag.py for tasks to queue
[2023-10-27 07:15:34,210] {logging_mixin.py:115} INFO - [2023-10-27 07:15:34,210] {dagbag.py:508} INFO - Filling up the DagBag from /opt/airflow/dags/update_data_dag.py
[2023-10-27 07:15:34,301] {logging_mixin.py:115} INFO - [2023-10-27 07:15:34,301] {dagbag.py:321} ERROR - Failed to import: /opt/airflow/dags/update_data_dag.py
Traceback (most recent call last):
  File "/home/airflow/.local/lib/python3.7/site-packages/airflow/models/dagbag.py", line 318, in parse
    loader.exec_module(new_module)
  File "<frozen importlib._bootstrap_external>", line 728, in exec_module
  File "<frozen importlib._bootstrap>", line 219, in _call_with_frames_removed
  File "/opt/airflow/dags/update_data_dag.py", line 28, in <module>
    run_container
NameError: name 'run_container' is not defined
[2023-10-27 07:15:34,302] {processor.py:653} WARNING - No viable dags retrieved from /opt/airflow/dags/update_data_dag.py
[2023-10-27 07:15:34,327] {processor.py:161} INFO - Processing /opt/airflow/dags/update_data_dag.py took 0.122 seconds
[2023-10-27 07:16:04,389] {processor.py:153} INFO - Started process (PID=264) to work on /opt/airflow/dags/update_data_dag.py
[2023-10-27 07:16:04,390] {processor.py:641} INFO - Processing file /opt/airflow/dags/update_data_dag.py for tasks to queue
[2023-10-27 07:16:04,391] {logging_mixin.py:115} INFO - [2023-10-27 07:16:04,391] {dagbag.py:508} INFO - Filling up the DagBag from /opt/airflow/dags/update_data_dag.py
[2023-10-27 07:16:04,472] {logging_mixin.py:115} INFO - [2023-10-27 07:16:04,472] {dagbag.py:321} ERROR - Failed to import: /opt/airflow/dags/update_data_dag.py
Traceback (most recent call last):
  File "/home/airflow/.local/lib/python3.7/site-packages/airflow/models/dagbag.py", line 318, in parse
    loader.exec_module(new_module)
  File "<frozen importlib._bootstrap_external>", line 728, in exec_module
  File "<frozen importlib._bootstrap>", line 219, in _call_with_frames_removed
  File "/opt/airflow/dags/update_data_dag.py", line 28, in <module>
    run_container
NameError: name 'run_container' is not defined
[2023-10-27 07:16:04,473] {processor.py:653} WARNING - No viable dags retrieved from /opt/airflow/dags/update_data_dag.py
[2023-10-27 07:16:04,497] {processor.py:161} INFO - Processing /opt/airflow/dags/update_data_dag.py took 0.112 seconds
[2023-10-27 07:20:40,507] {processor.py:153} INFO - Started process (PID=32) to work on /opt/airflow/dags/update_data_dag.py
[2023-10-27 07:20:40,508] {processor.py:641} INFO - Processing file /opt/airflow/dags/update_data_dag.py for tasks to queue
[2023-10-27 07:20:40,509] {logging_mixin.py:115} INFO - [2023-10-27 07:20:40,509] {dagbag.py:508} INFO - Filling up the DagBag from /opt/airflow/dags/update_data_dag.py
[2023-10-27 07:20:40,823] {logging_mixin.py:115} INFO - [2023-10-27 07:20:40,822] {dagbag.py:321} ERROR - Failed to import: /opt/airflow/dags/update_data_dag.py
Traceback (most recent call last):
  File "/home/airflow/.local/lib/python3.7/site-packages/airflow/models/dagbag.py", line 318, in parse
    loader.exec_module(new_module)
  File "<frozen importlib._bootstrap_external>", line 728, in exec_module
  File "<frozen importlib._bootstrap>", line 219, in _call_with_frames_removed
  File "/opt/airflow/dags/update_data_dag.py", line 27, in <module>
    run_container
NameError: name 'run_container' is not defined
[2023-10-27 07:20:40,824] {processor.py:653} WARNING - No viable dags retrieved from /opt/airflow/dags/update_data_dag.py
[2023-10-27 07:20:40,850] {processor.py:161} INFO - Processing /opt/airflow/dags/update_data_dag.py took 0.349 seconds
[2023-10-27 07:21:10,917] {processor.py:153} INFO - Started process (PID=62) to work on /opt/airflow/dags/update_data_dag.py
[2023-10-27 07:21:10,918] {processor.py:641} INFO - Processing file /opt/airflow/dags/update_data_dag.py for tasks to queue
[2023-10-27 07:21:10,918] {logging_mixin.py:115} INFO - [2023-10-27 07:21:10,918] {dagbag.py:508} INFO - Filling up the DagBag from /opt/airflow/dags/update_data_dag.py
[2023-10-27 07:21:11,157] {logging_mixin.py:115} INFO - [2023-10-27 07:21:11,156] {dagbag.py:321} ERROR - Failed to import: /opt/airflow/dags/update_data_dag.py
Traceback (most recent call last):
  File "/home/airflow/.local/lib/python3.7/site-packages/airflow/models/dagbag.py", line 318, in parse
    loader.exec_module(new_module)
  File "<frozen importlib._bootstrap_external>", line 728, in exec_module
  File "<frozen importlib._bootstrap>", line 219, in _call_with_frames_removed
  File "/opt/airflow/dags/update_data_dag.py", line 27, in <module>
    run_container
NameError: name 'run_container' is not defined
[2023-10-27 07:21:11,157] {processor.py:653} WARNING - No viable dags retrieved from /opt/airflow/dags/update_data_dag.py
[2023-10-27 07:21:11,177] {processor.py:161} INFO - Processing /opt/airflow/dags/update_data_dag.py took 0.264 seconds
[2023-10-27 07:55:10,844] {processor.py:153} INFO - Started process (PID=43) to work on /opt/airflow/dags/update_data_dag.py
[2023-10-27 07:55:10,845] {processor.py:641} INFO - Processing file /opt/airflow/dags/update_data_dag.py for tasks to queue
[2023-10-27 07:55:10,845] {logging_mixin.py:115} INFO - [2023-10-27 07:55:10,845] {dagbag.py:508} INFO - Filling up the DagBag from /opt/airflow/dags/update_data_dag.py
[2023-10-27 07:55:11,109] {processor.py:651} INFO - DAG(s) dict_keys(['update_data_dag']) retrieved from /opt/airflow/dags/update_data_dag.py
[2023-10-27 07:55:11,227] {logging_mixin.py:115} INFO - [2023-10-27 07:55:11,227] {manager.py:508} INFO - Created Permission View: can read on DAG:update_data_dag
[2023-10-27 07:55:11,240] {logging_mixin.py:115} INFO - [2023-10-27 07:55:11,240] {manager.py:508} INFO - Created Permission View: can edit on DAG:update_data_dag
[2023-10-27 07:55:11,250] {logging_mixin.py:115} INFO - [2023-10-27 07:55:11,250] {manager.py:508} INFO - Created Permission View: can delete on DAG:update_data_dag
[2023-10-27 07:55:11,251] {logging_mixin.py:115} INFO - [2023-10-27 07:55:11,251] {dag.py:2420} INFO - Sync 1 DAGs
[2023-10-27 07:55:11,262] {logging_mixin.py:115} INFO - [2023-10-27 07:55:11,262] {dag.py:2439} INFO - Creating ORM DAG for update_data_dag
[2023-10-27 07:55:11,277] {logging_mixin.py:115} INFO - [2023-10-27 07:55:11,277] {dag.py:2972} INFO - Setting next_dagrun for update_data_dag to 2023-10-26T15:30:00+00:00, run_after=2023-10-26T15:30:00+00:00
[2023-10-27 07:55:11,296] {processor.py:161} INFO - Processing /opt/airflow/dags/update_data_dag.py took 0.460 seconds
[2023-10-27 07:55:41,368] {processor.py:153} INFO - Started process (PID=62) to work on /opt/airflow/dags/update_data_dag.py
[2023-10-27 07:55:41,368] {processor.py:641} INFO - Processing file /opt/airflow/dags/update_data_dag.py for tasks to queue
[2023-10-27 07:55:41,369] {logging_mixin.py:115} INFO - [2023-10-27 07:55:41,369] {dagbag.py:508} INFO - Filling up the DagBag from /opt/airflow/dags/update_data_dag.py
[2023-10-27 07:55:41,448] {processor.py:651} INFO - DAG(s) dict_keys(['update_data_dag']) retrieved from /opt/airflow/dags/update_data_dag.py
[2023-10-27 07:55:41,475] {logging_mixin.py:115} INFO - [2023-10-27 07:55:41,475] {dag.py:2420} INFO - Sync 1 DAGs
[2023-10-27 07:55:41,503] {logging_mixin.py:115} INFO - [2023-10-27 07:55:41,503] {dag.py:2972} INFO - Setting next_dagrun for update_data_dag to None, run_after=None
[2023-10-27 07:55:41,514] {processor.py:161} INFO - Processing /opt/airflow/dags/update_data_dag.py took 0.150 seconds
[2023-10-27 07:56:11,574] {processor.py:153} INFO - Started process (PID=92) to work on /opt/airflow/dags/update_data_dag.py
[2023-10-27 07:56:11,575] {processor.py:641} INFO - Processing file /opt/airflow/dags/update_data_dag.py for tasks to queue
[2023-10-27 07:56:11,575] {logging_mixin.py:115} INFO - [2023-10-27 07:56:11,575] {dagbag.py:508} INFO - Filling up the DagBag from /opt/airflow/dags/update_data_dag.py
[2023-10-27 07:56:11,654] {processor.py:651} INFO - DAG(s) dict_keys(['update_data_dag']) retrieved from /opt/airflow/dags/update_data_dag.py
[2023-10-27 07:56:11,682] {logging_mixin.py:115} INFO - [2023-10-27 07:56:11,682] {dag.py:2420} INFO - Sync 1 DAGs
[2023-10-27 07:56:11,709] {logging_mixin.py:115} INFO - [2023-10-27 07:56:11,709] {dag.py:2972} INFO - Setting next_dagrun for update_data_dag to None, run_after=None
[2023-10-27 07:56:11,720] {processor.py:161} INFO - Processing /opt/airflow/dags/update_data_dag.py took 0.150 seconds
[2023-10-27 07:56:41,779] {processor.py:153} INFO - Started process (PID=121) to work on /opt/airflow/dags/update_data_dag.py
[2023-10-27 07:56:41,780] {processor.py:641} INFO - Processing file /opt/airflow/dags/update_data_dag.py for tasks to queue
[2023-10-27 07:56:41,781] {logging_mixin.py:115} INFO - [2023-10-27 07:56:41,780] {dagbag.py:508} INFO - Filling up the DagBag from /opt/airflow/dags/update_data_dag.py
[2023-10-27 07:56:41,862] {processor.py:651} INFO - DAG(s) dict_keys(['update_data_dag']) retrieved from /opt/airflow/dags/update_data_dag.py
[2023-10-27 07:56:41,891] {logging_mixin.py:115} INFO - [2023-10-27 07:56:41,891] {dag.py:2420} INFO - Sync 1 DAGs
[2023-10-27 07:56:41,920] {logging_mixin.py:115} INFO - [2023-10-27 07:56:41,919] {dag.py:2972} INFO - Setting next_dagrun for update_data_dag to None, run_after=None
[2023-10-27 07:56:41,932] {processor.py:161} INFO - Processing /opt/airflow/dags/update_data_dag.py took 0.156 seconds
[2023-10-27 07:57:11,994] {processor.py:153} INFO - Started process (PID=141) to work on /opt/airflow/dags/update_data_dag.py
[2023-10-27 07:57:11,995] {processor.py:641} INFO - Processing file /opt/airflow/dags/update_data_dag.py for tasks to queue
[2023-10-27 07:57:11,995] {logging_mixin.py:115} INFO - [2023-10-27 07:57:11,995] {dagbag.py:508} INFO - Filling up the DagBag from /opt/airflow/dags/update_data_dag.py
[2023-10-27 07:57:12,077] {processor.py:651} INFO - DAG(s) dict_keys(['update_data_dag']) retrieved from /opt/airflow/dags/update_data_dag.py
[2023-10-27 07:57:12,106] {logging_mixin.py:115} INFO - [2023-10-27 07:57:12,105] {dag.py:2420} INFO - Sync 1 DAGs
[2023-10-27 07:57:12,133] {logging_mixin.py:115} INFO - [2023-10-27 07:57:12,133] {dag.py:2972} INFO - Setting next_dagrun for update_data_dag to None, run_after=None
[2023-10-27 07:57:12,145] {processor.py:161} INFO - Processing /opt/airflow/dags/update_data_dag.py took 0.155 seconds
[2023-10-27 07:57:42,207] {processor.py:153} INFO - Started process (PID=168) to work on /opt/airflow/dags/update_data_dag.py
[2023-10-27 07:57:42,208] {processor.py:641} INFO - Processing file /opt/airflow/dags/update_data_dag.py for tasks to queue
[2023-10-27 07:57:42,209] {logging_mixin.py:115} INFO - [2023-10-27 07:57:42,208] {dagbag.py:508} INFO - Filling up the DagBag from /opt/airflow/dags/update_data_dag.py
[2023-10-27 07:57:42,288] {processor.py:651} INFO - DAG(s) dict_keys(['update_data_dag']) retrieved from /opt/airflow/dags/update_data_dag.py
[2023-10-27 07:57:42,315] {logging_mixin.py:115} INFO - [2023-10-27 07:57:42,315] {dag.py:2420} INFO - Sync 1 DAGs
[2023-10-27 07:57:42,342] {logging_mixin.py:115} INFO - [2023-10-27 07:57:42,342] {dag.py:2972} INFO - Setting next_dagrun for update_data_dag to None, run_after=None
[2023-10-27 07:57:42,354] {processor.py:161} INFO - Processing /opt/airflow/dags/update_data_dag.py took 0.151 seconds
[2023-10-27 07:58:12,416] {processor.py:153} INFO - Started process (PID=187) to work on /opt/airflow/dags/update_data_dag.py
[2023-10-27 07:58:12,416] {processor.py:641} INFO - Processing file /opt/airflow/dags/update_data_dag.py for tasks to queue
[2023-10-27 07:58:12,417] {logging_mixin.py:115} INFO - [2023-10-27 07:58:12,417] {dagbag.py:508} INFO - Filling up the DagBag from /opt/airflow/dags/update_data_dag.py
[2023-10-27 07:58:12,501] {processor.py:651} INFO - DAG(s) dict_keys(['update_data_dag']) retrieved from /opt/airflow/dags/update_data_dag.py
[2023-10-27 07:58:12,530] {logging_mixin.py:115} INFO - [2023-10-27 07:58:12,530] {dag.py:2420} INFO - Sync 1 DAGs
[2023-10-27 07:58:12,558] {logging_mixin.py:115} INFO - [2023-10-27 07:58:12,558] {dag.py:2972} INFO - Setting next_dagrun for update_data_dag to None, run_after=None
[2023-10-27 07:58:12,570] {processor.py:161} INFO - Processing /opt/airflow/dags/update_data_dag.py took 0.158 seconds
[2023-10-27 07:58:42,632] {processor.py:153} INFO - Started process (PID=215) to work on /opt/airflow/dags/update_data_dag.py
[2023-10-27 07:58:42,632] {processor.py:641} INFO - Processing file /opt/airflow/dags/update_data_dag.py for tasks to queue
[2023-10-27 07:58:42,633] {logging_mixin.py:115} INFO - [2023-10-27 07:58:42,633] {dagbag.py:508} INFO - Filling up the DagBag from /opt/airflow/dags/update_data_dag.py
[2023-10-27 07:58:42,716] {processor.py:651} INFO - DAG(s) dict_keys(['update_data_dag']) retrieved from /opt/airflow/dags/update_data_dag.py
[2023-10-27 07:58:42,745] {logging_mixin.py:115} INFO - [2023-10-27 07:58:42,745] {dag.py:2420} INFO - Sync 1 DAGs
[2023-10-27 07:58:42,772] {logging_mixin.py:115} INFO - [2023-10-27 07:58:42,772] {dag.py:2972} INFO - Setting next_dagrun for update_data_dag to None, run_after=None
[2023-10-27 07:58:42,783] {processor.py:161} INFO - Processing /opt/airflow/dags/update_data_dag.py took 0.156 seconds
[2023-10-27 07:59:12,842] {processor.py:153} INFO - Started process (PID=243) to work on /opt/airflow/dags/update_data_dag.py
[2023-10-27 07:59:12,843] {processor.py:641} INFO - Processing file /opt/airflow/dags/update_data_dag.py for tasks to queue
[2023-10-27 07:59:12,843] {logging_mixin.py:115} INFO - [2023-10-27 07:59:12,843] {dagbag.py:508} INFO - Filling up the DagBag from /opt/airflow/dags/update_data_dag.py
[2023-10-27 07:59:12,922] {processor.py:651} INFO - DAG(s) dict_keys(['update_data_dag']) retrieved from /opt/airflow/dags/update_data_dag.py
[2023-10-27 07:59:12,951] {logging_mixin.py:115} INFO - [2023-10-27 07:59:12,951] {dag.py:2420} INFO - Sync 1 DAGs
[2023-10-27 07:59:12,978] {logging_mixin.py:115} INFO - [2023-10-27 07:59:12,978] {dag.py:2972} INFO - Setting next_dagrun for update_data_dag to None, run_after=None
[2023-10-27 07:59:12,989] {processor.py:161} INFO - Processing /opt/airflow/dags/update_data_dag.py took 0.151 seconds
[2023-10-27 07:59:43,051] {processor.py:153} INFO - Started process (PID=262) to work on /opt/airflow/dags/update_data_dag.py
[2023-10-27 07:59:43,052] {processor.py:641} INFO - Processing file /opt/airflow/dags/update_data_dag.py for tasks to queue
[2023-10-27 07:59:43,052] {logging_mixin.py:115} INFO - [2023-10-27 07:59:43,052] {dagbag.py:508} INFO - Filling up the DagBag from /opt/airflow/dags/update_data_dag.py
[2023-10-27 07:59:43,131] {processor.py:651} INFO - DAG(s) dict_keys(['update_data_dag']) retrieved from /opt/airflow/dags/update_data_dag.py
[2023-10-27 07:59:43,159] {logging_mixin.py:115} INFO - [2023-10-27 07:59:43,159] {dag.py:2420} INFO - Sync 1 DAGs
[2023-10-27 07:59:43,188] {logging_mixin.py:115} INFO - [2023-10-27 07:59:43,187] {dag.py:2972} INFO - Setting next_dagrun for update_data_dag to None, run_after=None
[2023-10-27 07:59:43,199] {processor.py:161} INFO - Processing /opt/airflow/dags/update_data_dag.py took 0.152 seconds
[2023-10-27 08:00:13,261] {processor.py:153} INFO - Started process (PID=282) to work on /opt/airflow/dags/update_data_dag.py
[2023-10-27 08:00:13,262] {processor.py:641} INFO - Processing file /opt/airflow/dags/update_data_dag.py for tasks to queue
[2023-10-27 08:00:13,263] {logging_mixin.py:115} INFO - [2023-10-27 08:00:13,262] {dagbag.py:508} INFO - Filling up the DagBag from /opt/airflow/dags/update_data_dag.py
[2023-10-27 08:00:13,343] {processor.py:651} INFO - DAG(s) dict_keys(['update_data_dag']) retrieved from /opt/airflow/dags/update_data_dag.py
[2023-10-27 08:00:13,371] {logging_mixin.py:115} INFO - [2023-10-27 08:00:13,371] {dag.py:2420} INFO - Sync 1 DAGs
[2023-10-27 08:00:13,399] {logging_mixin.py:115} INFO - [2023-10-27 08:00:13,399] {dag.py:2972} INFO - Setting next_dagrun for update_data_dag to None, run_after=None
[2023-10-27 08:00:13,411] {processor.py:161} INFO - Processing /opt/airflow/dags/update_data_dag.py took 0.154 seconds
[2023-10-27 08:00:43,472] {processor.py:153} INFO - Started process (PID=311) to work on /opt/airflow/dags/update_data_dag.py
[2023-10-27 08:00:43,473] {processor.py:641} INFO - Processing file /opt/airflow/dags/update_data_dag.py for tasks to queue
[2023-10-27 08:00:43,474] {logging_mixin.py:115} INFO - [2023-10-27 08:00:43,473] {dagbag.py:508} INFO - Filling up the DagBag from /opt/airflow/dags/update_data_dag.py
[2023-10-27 08:00:43,553] {processor.py:651} INFO - DAG(s) dict_keys(['update_data_dag']) retrieved from /opt/airflow/dags/update_data_dag.py
[2023-10-27 08:00:43,580] {logging_mixin.py:115} INFO - [2023-10-27 08:00:43,580] {dag.py:2420} INFO - Sync 1 DAGs
[2023-10-27 08:00:43,608] {logging_mixin.py:115} INFO - [2023-10-27 08:00:43,608] {dag.py:2972} INFO - Setting next_dagrun for update_data_dag to None, run_after=None
[2023-10-27 08:00:43,620] {processor.py:161} INFO - Processing /opt/airflow/dags/update_data_dag.py took 0.152 seconds
[2023-10-27 08:01:13,677] {processor.py:153} INFO - Started process (PID=330) to work on /opt/airflow/dags/update_data_dag.py
[2023-10-27 08:01:13,678] {processor.py:641} INFO - Processing file /opt/airflow/dags/update_data_dag.py for tasks to queue
[2023-10-27 08:01:13,678] {logging_mixin.py:115} INFO - [2023-10-27 08:01:13,678] {dagbag.py:508} INFO - Filling up the DagBag from /opt/airflow/dags/update_data_dag.py
[2023-10-27 08:01:13,761] {processor.py:651} INFO - DAG(s) dict_keys(['update_data_dag']) retrieved from /opt/airflow/dags/update_data_dag.py
[2023-10-27 08:01:13,790] {logging_mixin.py:115} INFO - [2023-10-27 08:01:13,790] {dag.py:2420} INFO - Sync 1 DAGs
[2023-10-27 08:01:13,817] {logging_mixin.py:115} INFO - [2023-10-27 08:01:13,817] {dag.py:2972} INFO - Setting next_dagrun for update_data_dag to None, run_after=None
[2023-10-27 08:01:13,830] {processor.py:161} INFO - Processing /opt/airflow/dags/update_data_dag.py took 0.157 seconds
[2023-10-27 08:01:43,890] {processor.py:153} INFO - Started process (PID=360) to work on /opt/airflow/dags/update_data_dag.py
[2023-10-27 08:01:43,891] {processor.py:641} INFO - Processing file /opt/airflow/dags/update_data_dag.py for tasks to queue
[2023-10-27 08:01:43,892] {logging_mixin.py:115} INFO - [2023-10-27 08:01:43,891] {dagbag.py:508} INFO - Filling up the DagBag from /opt/airflow/dags/update_data_dag.py
[2023-10-27 08:01:43,971] {processor.py:651} INFO - DAG(s) dict_keys(['update_data_dag']) retrieved from /opt/airflow/dags/update_data_dag.py
[2023-10-27 08:01:43,998] {logging_mixin.py:115} INFO - [2023-10-27 08:01:43,998] {dag.py:2420} INFO - Sync 1 DAGs
[2023-10-27 08:01:44,025] {logging_mixin.py:115} INFO - [2023-10-27 08:01:44,025] {dag.py:2972} INFO - Setting next_dagrun for update_data_dag to None, run_after=None
[2023-10-27 08:01:44,037] {processor.py:161} INFO - Processing /opt/airflow/dags/update_data_dag.py took 0.151 seconds
[2023-10-27 08:02:14,099] {processor.py:153} INFO - Started process (PID=387) to work on /opt/airflow/dags/update_data_dag.py
[2023-10-27 08:02:14,100] {processor.py:641} INFO - Processing file /opt/airflow/dags/update_data_dag.py for tasks to queue
[2023-10-27 08:02:14,100] {logging_mixin.py:115} INFO - [2023-10-27 08:02:14,100] {dagbag.py:508} INFO - Filling up the DagBag from /opt/airflow/dags/update_data_dag.py
[2023-10-27 08:02:14,179] {processor.py:651} INFO - DAG(s) dict_keys(['update_data_dag']) retrieved from /opt/airflow/dags/update_data_dag.py
[2023-10-27 08:02:14,208] {logging_mixin.py:115} INFO - [2023-10-27 08:02:14,208] {dag.py:2420} INFO - Sync 1 DAGs
[2023-10-27 08:02:14,236] {logging_mixin.py:115} INFO - [2023-10-27 08:02:14,236] {dag.py:2972} INFO - Setting next_dagrun for update_data_dag to None, run_after=None
[2023-10-27 08:02:14,263] {processor.py:161} INFO - Processing /opt/airflow/dags/update_data_dag.py took 0.168 seconds
[2023-10-27 08:02:44,326] {processor.py:153} INFO - Started process (PID=407) to work on /opt/airflow/dags/update_data_dag.py
[2023-10-27 08:02:44,326] {processor.py:641} INFO - Processing file /opt/airflow/dags/update_data_dag.py for tasks to queue
[2023-10-27 08:02:44,327] {logging_mixin.py:115} INFO - [2023-10-27 08:02:44,327] {dagbag.py:508} INFO - Filling up the DagBag from /opt/airflow/dags/update_data_dag.py
[2023-10-27 08:02:44,411] {processor.py:651} INFO - DAG(s) dict_keys(['update_data_dag']) retrieved from /opt/airflow/dags/update_data_dag.py
[2023-10-27 08:02:44,439] {logging_mixin.py:115} INFO - [2023-10-27 08:02:44,439] {dag.py:2420} INFO - Sync 1 DAGs
[2023-10-27 08:02:44,467] {logging_mixin.py:115} INFO - [2023-10-27 08:02:44,467] {dag.py:2972} INFO - Setting next_dagrun for update_data_dag to None, run_after=None
[2023-10-27 08:02:44,479] {processor.py:161} INFO - Processing /opt/airflow/dags/update_data_dag.py took 0.157 seconds
[2023-10-27 08:03:14,538] {processor.py:153} INFO - Started process (PID=435) to work on /opt/airflow/dags/update_data_dag.py
[2023-10-27 08:03:14,538] {processor.py:641} INFO - Processing file /opt/airflow/dags/update_data_dag.py for tasks to queue
[2023-10-27 08:03:14,539] {logging_mixin.py:115} INFO - [2023-10-27 08:03:14,539] {dagbag.py:508} INFO - Filling up the DagBag from /opt/airflow/dags/update_data_dag.py
[2023-10-27 08:03:14,619] {processor.py:651} INFO - DAG(s) dict_keys(['update_data_dag']) retrieved from /opt/airflow/dags/update_data_dag.py
[2023-10-27 08:03:14,647] {logging_mixin.py:115} INFO - [2023-10-27 08:03:14,647] {dag.py:2420} INFO - Sync 1 DAGs
[2023-10-27 08:03:14,675] {logging_mixin.py:115} INFO - [2023-10-27 08:03:14,675] {dag.py:2972} INFO - Setting next_dagrun for update_data_dag to None, run_after=None
[2023-10-27 08:03:14,687] {processor.py:161} INFO - Processing /opt/airflow/dags/update_data_dag.py took 0.153 seconds
[2023-10-27 08:03:44,749] {processor.py:153} INFO - Started process (PID=454) to work on /opt/airflow/dags/update_data_dag.py
[2023-10-27 08:03:44,751] {processor.py:641} INFO - Processing file /opt/airflow/dags/update_data_dag.py for tasks to queue
[2023-10-27 08:03:44,752] {logging_mixin.py:115} INFO - [2023-10-27 08:03:44,752] {dagbag.py:508} INFO - Filling up the DagBag from /opt/airflow/dags/update_data_dag.py
[2023-10-27 08:03:44,844] {processor.py:651} INFO - DAG(s) dict_keys(['update_data_dag']) retrieved from /opt/airflow/dags/update_data_dag.py
[2023-10-27 08:03:44,874] {logging_mixin.py:115} INFO - [2023-10-27 08:03:44,874] {dag.py:2420} INFO - Sync 1 DAGs
[2023-10-27 08:03:44,905] {logging_mixin.py:115} INFO - [2023-10-27 08:03:44,905] {dag.py:2972} INFO - Setting next_dagrun for update_data_dag to None, run_after=None
[2023-10-27 08:03:44,919] {processor.py:161} INFO - Processing /opt/airflow/dags/update_data_dag.py took 0.173 seconds
[2023-10-27 08:04:14,980] {processor.py:153} INFO - Started process (PID=482) to work on /opt/airflow/dags/update_data_dag.py
[2023-10-27 08:04:14,980] {processor.py:641} INFO - Processing file /opt/airflow/dags/update_data_dag.py for tasks to queue
[2023-10-27 08:04:14,981] {logging_mixin.py:115} INFO - [2023-10-27 08:04:14,981] {dagbag.py:508} INFO - Filling up the DagBag from /opt/airflow/dags/update_data_dag.py
[2023-10-27 08:04:15,065] {processor.py:651} INFO - DAG(s) dict_keys(['update_data_dag']) retrieved from /opt/airflow/dags/update_data_dag.py
[2023-10-27 08:04:15,093] {logging_mixin.py:115} INFO - [2023-10-27 08:04:15,093] {dag.py:2420} INFO - Sync 1 DAGs
[2023-10-27 08:04:15,121] {logging_mixin.py:115} INFO - [2023-10-27 08:04:15,121] {dag.py:2972} INFO - Setting next_dagrun for update_data_dag to None, run_after=None
[2023-10-27 08:04:15,133] {processor.py:161} INFO - Processing /opt/airflow/dags/update_data_dag.py took 0.157 seconds
[2023-10-27 08:04:45,195] {processor.py:153} INFO - Started process (PID=511) to work on /opt/airflow/dags/update_data_dag.py
[2023-10-27 08:04:45,196] {processor.py:641} INFO - Processing file /opt/airflow/dags/update_data_dag.py for tasks to queue
[2023-10-27 08:04:45,196] {logging_mixin.py:115} INFO - [2023-10-27 08:04:45,196] {dagbag.py:508} INFO - Filling up the DagBag from /opt/airflow/dags/update_data_dag.py
[2023-10-27 08:04:45,278] {processor.py:651} INFO - DAG(s) dict_keys(['update_data_dag']) retrieved from /opt/airflow/dags/update_data_dag.py
[2023-10-27 08:04:45,307] {logging_mixin.py:115} INFO - [2023-10-27 08:04:45,307] {dag.py:2420} INFO - Sync 1 DAGs
[2023-10-27 08:04:45,335] {logging_mixin.py:115} INFO - [2023-10-27 08:04:45,335] {dag.py:2972} INFO - Setting next_dagrun for update_data_dag to None, run_after=None
[2023-10-27 08:04:45,348] {processor.py:161} INFO - Processing /opt/airflow/dags/update_data_dag.py took 0.157 seconds
[2023-10-27 08:05:15,412] {processor.py:153} INFO - Started process (PID=530) to work on /opt/airflow/dags/update_data_dag.py
[2023-10-27 08:05:15,412] {processor.py:641} INFO - Processing file /opt/airflow/dags/update_data_dag.py for tasks to queue
[2023-10-27 08:05:15,413] {logging_mixin.py:115} INFO - [2023-10-27 08:05:15,413] {dagbag.py:508} INFO - Filling up the DagBag from /opt/airflow/dags/update_data_dag.py
[2023-10-27 08:05:15,493] {processor.py:651} INFO - DAG(s) dict_keys(['update_data_dag']) retrieved from /opt/airflow/dags/update_data_dag.py
[2023-10-27 08:05:15,522] {logging_mixin.py:115} INFO - [2023-10-27 08:05:15,522] {dag.py:2420} INFO - Sync 1 DAGs
[2023-10-27 08:05:15,564] {logging_mixin.py:115} INFO - [2023-10-27 08:05:15,564] {dag.py:2972} INFO - Setting next_dagrun for update_data_dag to None, run_after=None
[2023-10-27 08:05:15,578] {processor.py:161} INFO - Processing /opt/airflow/dags/update_data_dag.py took 0.170 seconds
[2023-10-27 08:05:45,639] {processor.py:153} INFO - Started process (PID=559) to work on /opt/airflow/dags/update_data_dag.py
[2023-10-27 08:05:45,640] {processor.py:641} INFO - Processing file /opt/airflow/dags/update_data_dag.py for tasks to queue
[2023-10-27 08:05:45,640] {logging_mixin.py:115} INFO - [2023-10-27 08:05:45,640] {dagbag.py:508} INFO - Filling up the DagBag from /opt/airflow/dags/update_data_dag.py
[2023-10-27 08:05:45,725] {processor.py:651} INFO - DAG(s) dict_keys(['update_data_dag']) retrieved from /opt/airflow/dags/update_data_dag.py
[2023-10-27 08:05:45,768] {logging_mixin.py:115} INFO - [2023-10-27 08:05:45,768] {dag.py:2420} INFO - Sync 1 DAGs
[2023-10-27 08:05:45,799] {logging_mixin.py:115} INFO - [2023-10-27 08:05:45,799] {dag.py:2972} INFO - Setting next_dagrun for update_data_dag to None, run_after=None
[2023-10-27 08:05:45,818] {processor.py:161} INFO - Processing /opt/airflow/dags/update_data_dag.py took 0.183 seconds
[2023-10-27 08:06:15,879] {processor.py:153} INFO - Started process (PID=577) to work on /opt/airflow/dags/update_data_dag.py
[2023-10-27 08:06:15,880] {processor.py:641} INFO - Processing file /opt/airflow/dags/update_data_dag.py for tasks to queue
[2023-10-27 08:06:15,881] {logging_mixin.py:115} INFO - [2023-10-27 08:06:15,880] {dagbag.py:508} INFO - Filling up the DagBag from /opt/airflow/dags/update_data_dag.py
[2023-10-27 08:06:15,968] {processor.py:651} INFO - DAG(s) dict_keys(['update_data_dag']) retrieved from /opt/airflow/dags/update_data_dag.py
[2023-10-27 08:06:15,998] {logging_mixin.py:115} INFO - [2023-10-27 08:06:15,998] {dag.py:2420} INFO - Sync 1 DAGs
[2023-10-27 08:06:16,028] {logging_mixin.py:115} INFO - [2023-10-27 08:06:16,027] {dag.py:2972} INFO - Setting next_dagrun for update_data_dag to None, run_after=None
[2023-10-27 08:06:16,041] {processor.py:161} INFO - Processing /opt/airflow/dags/update_data_dag.py took 0.166 seconds
[2023-10-27 08:06:46,107] {processor.py:153} INFO - Started process (PID=607) to work on /opt/airflow/dags/update_data_dag.py
[2023-10-27 08:06:46,108] {processor.py:641} INFO - Processing file /opt/airflow/dags/update_data_dag.py for tasks to queue
[2023-10-27 08:06:46,109] {logging_mixin.py:115} INFO - [2023-10-27 08:06:46,109] {dagbag.py:508} INFO - Filling up the DagBag from /opt/airflow/dags/update_data_dag.py
[2023-10-27 08:06:46,193] {processor.py:651} INFO - DAG(s) dict_keys(['update_data_dag']) retrieved from /opt/airflow/dags/update_data_dag.py
[2023-10-27 08:06:46,222] {logging_mixin.py:115} INFO - [2023-10-27 08:06:46,222] {dag.py:2420} INFO - Sync 1 DAGs
[2023-10-27 08:06:46,252] {logging_mixin.py:115} INFO - [2023-10-27 08:06:46,252] {dag.py:2972} INFO - Setting next_dagrun for update_data_dag to None, run_after=None
[2023-10-27 08:06:46,265] {processor.py:161} INFO - Processing /opt/airflow/dags/update_data_dag.py took 0.162 seconds
[2023-10-27 08:07:16,327] {processor.py:153} INFO - Started process (PID=626) to work on /opt/airflow/dags/update_data_dag.py
[2023-10-27 08:07:16,328] {processor.py:641} INFO - Processing file /opt/airflow/dags/update_data_dag.py for tasks to queue
[2023-10-27 08:07:16,328] {logging_mixin.py:115} INFO - [2023-10-27 08:07:16,328] {dagbag.py:508} INFO - Filling up the DagBag from /opt/airflow/dags/update_data_dag.py
[2023-10-27 08:07:16,411] {processor.py:651} INFO - DAG(s) dict_keys(['update_data_dag']) retrieved from /opt/airflow/dags/update_data_dag.py
[2023-10-27 08:07:16,439] {logging_mixin.py:115} INFO - [2023-10-27 08:07:16,439] {dag.py:2420} INFO - Sync 1 DAGs
[2023-10-27 08:07:16,468] {logging_mixin.py:115} INFO - [2023-10-27 08:07:16,468] {dag.py:2972} INFO - Setting next_dagrun for update_data_dag to None, run_after=None
[2023-10-27 08:07:16,480] {processor.py:161} INFO - Processing /opt/airflow/dags/update_data_dag.py took 0.158 seconds
[2023-10-27 08:07:46,541] {processor.py:153} INFO - Started process (PID=654) to work on /opt/airflow/dags/update_data_dag.py
[2023-10-27 08:07:46,542] {processor.py:641} INFO - Processing file /opt/airflow/dags/update_data_dag.py for tasks to queue
[2023-10-27 08:07:46,543] {logging_mixin.py:115} INFO - [2023-10-27 08:07:46,543] {dagbag.py:508} INFO - Filling up the DagBag from /opt/airflow/dags/update_data_dag.py
[2023-10-27 08:07:46,628] {processor.py:651} INFO - DAG(s) dict_keys(['update_data_dag']) retrieved from /opt/airflow/dags/update_data_dag.py
[2023-10-27 08:07:46,657] {logging_mixin.py:115} INFO - [2023-10-27 08:07:46,657] {dag.py:2420} INFO - Sync 1 DAGs
[2023-10-27 08:07:46,687] {logging_mixin.py:115} INFO - [2023-10-27 08:07:46,686] {dag.py:2972} INFO - Setting next_dagrun for update_data_dag to None, run_after=None
[2023-10-27 08:07:46,699] {processor.py:161} INFO - Processing /opt/airflow/dags/update_data_dag.py took 0.162 seconds
[2023-10-27 08:08:16,764] {processor.py:153} INFO - Started process (PID=682) to work on /opt/airflow/dags/update_data_dag.py
[2023-10-27 08:08:16,765] {processor.py:641} INFO - Processing file /opt/airflow/dags/update_data_dag.py for tasks to queue
[2023-10-27 08:08:16,765] {logging_mixin.py:115} INFO - [2023-10-27 08:08:16,765] {dagbag.py:508} INFO - Filling up the DagBag from /opt/airflow/dags/update_data_dag.py
[2023-10-27 08:08:16,849] {processor.py:651} INFO - DAG(s) dict_keys(['update_data_dag']) retrieved from /opt/airflow/dags/update_data_dag.py
[2023-10-27 08:08:16,885] {logging_mixin.py:115} INFO - [2023-10-27 08:08:16,885] {dag.py:2420} INFO - Sync 1 DAGs
[2023-10-27 08:08:16,914] {logging_mixin.py:115} INFO - [2023-10-27 08:08:16,913] {dag.py:2972} INFO - Setting next_dagrun for update_data_dag to None, run_after=None
[2023-10-27 08:08:16,925] {processor.py:161} INFO - Processing /opt/airflow/dags/update_data_dag.py took 0.165 seconds
[2023-10-27 08:08:46,987] {processor.py:153} INFO - Started process (PID=702) to work on /opt/airflow/dags/update_data_dag.py
[2023-10-27 08:08:46,988] {processor.py:641} INFO - Processing file /opt/airflow/dags/update_data_dag.py for tasks to queue
[2023-10-27 08:08:46,989] {logging_mixin.py:115} INFO - [2023-10-27 08:08:46,989] {dagbag.py:508} INFO - Filling up the DagBag from /opt/airflow/dags/update_data_dag.py
[2023-10-27 08:08:47,073] {processor.py:651} INFO - DAG(s) dict_keys(['update_data_dag']) retrieved from /opt/airflow/dags/update_data_dag.py
[2023-10-27 08:08:47,101] {logging_mixin.py:115} INFO - [2023-10-27 08:08:47,101] {dag.py:2420} INFO - Sync 1 DAGs
[2023-10-27 08:08:47,129] {logging_mixin.py:115} INFO - [2023-10-27 08:08:47,129] {dag.py:2972} INFO - Setting next_dagrun for update_data_dag to None, run_after=None
[2023-10-27 08:08:47,140] {processor.py:161} INFO - Processing /opt/airflow/dags/update_data_dag.py took 0.157 seconds
[2023-10-27 08:09:17,201] {processor.py:153} INFO - Started process (PID=732) to work on /opt/airflow/dags/update_data_dag.py
[2023-10-27 08:09:17,201] {processor.py:641} INFO - Processing file /opt/airflow/dags/update_data_dag.py for tasks to queue
[2023-10-27 08:09:17,202] {logging_mixin.py:115} INFO - [2023-10-27 08:09:17,202] {dagbag.py:508} INFO - Filling up the DagBag from /opt/airflow/dags/update_data_dag.py
[2023-10-27 08:09:17,291] {processor.py:651} INFO - DAG(s) dict_keys(['update_data_dag']) retrieved from /opt/airflow/dags/update_data_dag.py
[2023-10-27 08:09:17,322] {logging_mixin.py:115} INFO - [2023-10-27 08:09:17,322] {dag.py:2420} INFO - Sync 1 DAGs
[2023-10-27 08:09:17,368] {logging_mixin.py:115} INFO - [2023-10-27 08:09:17,368] {dag.py:2972} INFO - Setting next_dagrun for update_data_dag to None, run_after=None
[2023-10-27 08:09:17,381] {processor.py:161} INFO - Processing /opt/airflow/dags/update_data_dag.py took 0.184 seconds
[2023-10-27 08:09:47,445] {processor.py:153} INFO - Started process (PID=751) to work on /opt/airflow/dags/update_data_dag.py
[2023-10-27 08:09:47,446] {processor.py:641} INFO - Processing file /opt/airflow/dags/update_data_dag.py for tasks to queue
[2023-10-27 08:09:47,447] {logging_mixin.py:115} INFO - [2023-10-27 08:09:47,447] {dagbag.py:508} INFO - Filling up the DagBag from /opt/airflow/dags/update_data_dag.py
[2023-10-27 08:09:47,532] {processor.py:651} INFO - DAG(s) dict_keys(['update_data_dag']) retrieved from /opt/airflow/dags/update_data_dag.py
[2023-10-27 08:09:47,564] {logging_mixin.py:115} INFO - [2023-10-27 08:09:47,564] {dag.py:2420} INFO - Sync 1 DAGs
[2023-10-27 08:09:47,592] {logging_mixin.py:115} INFO - [2023-10-27 08:09:47,592] {dag.py:2972} INFO - Setting next_dagrun for update_data_dag to None, run_after=None
[2023-10-27 08:09:47,604] {processor.py:161} INFO - Processing /opt/airflow/dags/update_data_dag.py took 0.163 seconds
[2023-10-27 08:10:17,667] {processor.py:153} INFO - Started process (PID=779) to work on /opt/airflow/dags/update_data_dag.py
[2023-10-27 08:10:17,668] {processor.py:641} INFO - Processing file /opt/airflow/dags/update_data_dag.py for tasks to queue
[2023-10-27 08:10:17,668] {logging_mixin.py:115} INFO - [2023-10-27 08:10:17,668] {dagbag.py:508} INFO - Filling up the DagBag from /opt/airflow/dags/update_data_dag.py
[2023-10-27 08:10:17,750] {processor.py:651} INFO - DAG(s) dict_keys(['update_data_dag']) retrieved from /opt/airflow/dags/update_data_dag.py
[2023-10-27 08:10:17,779] {logging_mixin.py:115} INFO - [2023-10-27 08:10:17,778] {dag.py:2420} INFO - Sync 1 DAGs
[2023-10-27 08:10:17,806] {logging_mixin.py:115} INFO - [2023-10-27 08:10:17,806] {dag.py:2972} INFO - Setting next_dagrun for update_data_dag to None, run_after=None
[2023-10-27 08:10:17,817] {processor.py:161} INFO - Processing /opt/airflow/dags/update_data_dag.py took 0.154 seconds
[2023-10-27 08:10:47,879] {processor.py:153} INFO - Started process (PID=808) to work on /opt/airflow/dags/update_data_dag.py
[2023-10-27 08:10:47,880] {processor.py:641} INFO - Processing file /opt/airflow/dags/update_data_dag.py for tasks to queue
[2023-10-27 08:10:47,881] {logging_mixin.py:115} INFO - [2023-10-27 08:10:47,881] {dagbag.py:508} INFO - Filling up the DagBag from /opt/airflow/dags/update_data_dag.py
[2023-10-27 08:10:47,967] {processor.py:651} INFO - DAG(s) dict_keys(['update_data_dag']) retrieved from /opt/airflow/dags/update_data_dag.py
[2023-10-27 08:10:47,996] {logging_mixin.py:115} INFO - [2023-10-27 08:10:47,995] {dag.py:2420} INFO - Sync 1 DAGs
[2023-10-27 08:10:48,025] {logging_mixin.py:115} INFO - [2023-10-27 08:10:48,025] {dag.py:2972} INFO - Setting next_dagrun for update_data_dag to None, run_after=None
[2023-10-27 08:10:48,038] {processor.py:161} INFO - Processing /opt/airflow/dags/update_data_dag.py took 0.163 seconds
[2023-10-27 08:11:18,100] {processor.py:153} INFO - Started process (PID=828) to work on /opt/airflow/dags/update_data_dag.py
[2023-10-27 08:11:18,100] {processor.py:641} INFO - Processing file /opt/airflow/dags/update_data_dag.py for tasks to queue
[2023-10-27 08:11:18,101] {logging_mixin.py:115} INFO - [2023-10-27 08:11:18,101] {dagbag.py:508} INFO - Filling up the DagBag from /opt/airflow/dags/update_data_dag.py
[2023-10-27 08:11:18,182] {processor.py:651} INFO - DAG(s) dict_keys(['update_data_dag']) retrieved from /opt/airflow/dags/update_data_dag.py
[2023-10-27 08:11:18,209] {logging_mixin.py:115} INFO - [2023-10-27 08:11:18,209] {dag.py:2420} INFO - Sync 1 DAGs
[2023-10-27 08:11:18,235] {logging_mixin.py:115} INFO - [2023-10-27 08:11:18,235] {dag.py:2972} INFO - Setting next_dagrun for update_data_dag to None, run_after=None
[2023-10-27 08:11:18,247] {processor.py:161} INFO - Processing /opt/airflow/dags/update_data_dag.py took 0.152 seconds
[2023-10-27 08:11:48,309] {processor.py:153} INFO - Started process (PID=857) to work on /opt/airflow/dags/update_data_dag.py
[2023-10-27 08:11:48,310] {processor.py:641} INFO - Processing file /opt/airflow/dags/update_data_dag.py for tasks to queue
[2023-10-27 08:11:48,310] {logging_mixin.py:115} INFO - [2023-10-27 08:11:48,310] {dagbag.py:508} INFO - Filling up the DagBag from /opt/airflow/dags/update_data_dag.py
[2023-10-27 08:11:48,389] {processor.py:651} INFO - DAG(s) dict_keys(['update_data_dag']) retrieved from /opt/airflow/dags/update_data_dag.py
[2023-10-27 08:11:48,417] {logging_mixin.py:115} INFO - [2023-10-27 08:11:48,417] {dag.py:2420} INFO - Sync 1 DAGs
[2023-10-27 08:11:48,444] {logging_mixin.py:115} INFO - [2023-10-27 08:11:48,444] {dag.py:2972} INFO - Setting next_dagrun for update_data_dag to None, run_after=None
[2023-10-27 08:11:48,457] {processor.py:161} INFO - Processing /opt/airflow/dags/update_data_dag.py took 0.152 seconds
[2023-10-27 08:12:18,523] {processor.py:153} INFO - Started process (PID=877) to work on /opt/airflow/dags/update_data_dag.py
[2023-10-27 08:12:18,524] {processor.py:641} INFO - Processing file /opt/airflow/dags/update_data_dag.py for tasks to queue
[2023-10-27 08:12:18,524] {logging_mixin.py:115} INFO - [2023-10-27 08:12:18,524] {dagbag.py:508} INFO - Filling up the DagBag from /opt/airflow/dags/update_data_dag.py
[2023-10-27 08:12:18,604] {processor.py:651} INFO - DAG(s) dict_keys(['update_data_dag']) retrieved from /opt/airflow/dags/update_data_dag.py
[2023-10-27 08:12:18,632] {logging_mixin.py:115} INFO - [2023-10-27 08:12:18,632] {dag.py:2420} INFO - Sync 1 DAGs
[2023-10-27 08:12:18,672] {logging_mixin.py:115} INFO - [2023-10-27 08:12:18,672] {dag.py:2972} INFO - Setting next_dagrun for update_data_dag to None, run_after=None
[2023-10-27 08:12:18,684] {processor.py:161} INFO - Processing /opt/airflow/dags/update_data_dag.py took 0.165 seconds
[2023-10-27 08:12:48,746] {processor.py:153} INFO - Started process (PID=905) to work on /opt/airflow/dags/update_data_dag.py
[2023-10-27 08:12:48,747] {processor.py:641} INFO - Processing file /opt/airflow/dags/update_data_dag.py for tasks to queue
[2023-10-27 08:12:48,747] {logging_mixin.py:115} INFO - [2023-10-27 08:12:48,747] {dagbag.py:508} INFO - Filling up the DagBag from /opt/airflow/dags/update_data_dag.py
[2023-10-27 08:12:48,830] {processor.py:651} INFO - DAG(s) dict_keys(['update_data_dag']) retrieved from /opt/airflow/dags/update_data_dag.py
[2023-10-27 08:12:48,868] {logging_mixin.py:115} INFO - [2023-10-27 08:12:48,868] {dag.py:2420} INFO - Sync 1 DAGs
[2023-10-27 08:12:48,898] {logging_mixin.py:115} INFO - [2023-10-27 08:12:48,898] {dag.py:2972} INFO - Setting next_dagrun for update_data_dag to None, run_after=None
[2023-10-27 08:12:48,910] {processor.py:161} INFO - Processing /opt/airflow/dags/update_data_dag.py took 0.168 seconds
[2023-10-27 08:13:18,972] {processor.py:153} INFO - Started process (PID=932) to work on /opt/airflow/dags/update_data_dag.py
[2023-10-27 08:13:18,973] {processor.py:641} INFO - Processing file /opt/airflow/dags/update_data_dag.py for tasks to queue
[2023-10-27 08:13:18,974] {logging_mixin.py:115} INFO - [2023-10-27 08:13:18,974] {dagbag.py:508} INFO - Filling up the DagBag from /opt/airflow/dags/update_data_dag.py
[2023-10-27 08:13:19,073] {processor.py:651} INFO - DAG(s) dict_keys(['update_data_dag']) retrieved from /opt/airflow/dags/update_data_dag.py
[2023-10-27 08:13:19,115] {logging_mixin.py:115} INFO - [2023-10-27 08:13:19,115] {dag.py:2420} INFO - Sync 1 DAGs
[2023-10-27 08:13:19,159] {logging_mixin.py:115} INFO - [2023-10-27 08:13:19,159] {dag.py:2972} INFO - Setting next_dagrun for update_data_dag to None, run_after=None
[2023-10-27 08:13:19,177] {processor.py:161} INFO - Processing /opt/airflow/dags/update_data_dag.py took 0.211 seconds
[2023-10-27 08:13:49,240] {processor.py:153} INFO - Started process (PID=953) to work on /opt/airflow/dags/update_data_dag.py
[2023-10-27 08:13:49,241] {processor.py:641} INFO - Processing file /opt/airflow/dags/update_data_dag.py for tasks to queue
[2023-10-27 08:13:49,242] {logging_mixin.py:115} INFO - [2023-10-27 08:13:49,241] {dagbag.py:508} INFO - Filling up the DagBag from /opt/airflow/dags/update_data_dag.py
[2023-10-27 08:13:49,322] {processor.py:651} INFO - DAG(s) dict_keys(['update_data_dag']) retrieved from /opt/airflow/dags/update_data_dag.py
[2023-10-27 08:13:49,350] {logging_mixin.py:115} INFO - [2023-10-27 08:13:49,350] {dag.py:2420} INFO - Sync 1 DAGs
[2023-10-27 08:13:49,377] {logging_mixin.py:115} INFO - [2023-10-27 08:13:49,377] {dag.py:2972} INFO - Setting next_dagrun for update_data_dag to None, run_after=None
[2023-10-27 08:13:49,389] {processor.py:161} INFO - Processing /opt/airflow/dags/update_data_dag.py took 0.153 seconds
[2023-10-27 08:14:19,452] {processor.py:153} INFO - Started process (PID=981) to work on /opt/airflow/dags/update_data_dag.py
[2023-10-27 08:14:19,452] {processor.py:641} INFO - Processing file /opt/airflow/dags/update_data_dag.py for tasks to queue
[2023-10-27 08:14:19,453] {logging_mixin.py:115} INFO - [2023-10-27 08:14:19,453] {dagbag.py:508} INFO - Filling up the DagBag from /opt/airflow/dags/update_data_dag.py
[2023-10-27 08:14:19,535] {processor.py:651} INFO - DAG(s) dict_keys(['update_data_dag']) retrieved from /opt/airflow/dags/update_data_dag.py
[2023-10-27 08:14:19,590] {logging_mixin.py:115} INFO - [2023-10-27 08:14:19,590] {dag.py:2420} INFO - Sync 1 DAGs
[2023-10-27 08:14:19,619] {logging_mixin.py:115} INFO - [2023-10-27 08:14:19,619] {dag.py:2972} INFO - Setting next_dagrun for update_data_dag to None, run_after=None
[2023-10-27 08:14:19,631] {processor.py:161} INFO - Processing /opt/airflow/dags/update_data_dag.py took 0.183 seconds
[2023-10-27 08:14:49,697] {processor.py:153} INFO - Started process (PID=1000) to work on /opt/airflow/dags/update_data_dag.py
[2023-10-27 08:14:49,698] {processor.py:641} INFO - Processing file /opt/airflow/dags/update_data_dag.py for tasks to queue
[2023-10-27 08:14:49,699] {logging_mixin.py:115} INFO - [2023-10-27 08:14:49,698] {dagbag.py:508} INFO - Filling up the DagBag from /opt/airflow/dags/update_data_dag.py
[2023-10-27 08:14:49,783] {processor.py:651} INFO - DAG(s) dict_keys(['update_data_dag']) retrieved from /opt/airflow/dags/update_data_dag.py
[2023-10-27 08:14:49,815] {logging_mixin.py:115} INFO - [2023-10-27 08:14:49,815] {dag.py:2420} INFO - Sync 1 DAGs
[2023-10-27 08:14:49,845] {logging_mixin.py:115} INFO - [2023-10-27 08:14:49,845] {dag.py:2972} INFO - Setting next_dagrun for update_data_dag to None, run_after=None
[2023-10-27 08:14:49,857] {processor.py:161} INFO - Processing /opt/airflow/dags/update_data_dag.py took 0.165 seconds
[2023-10-27 08:15:19,920] {processor.py:153} INFO - Started process (PID=1027) to work on /opt/airflow/dags/update_data_dag.py
[2023-10-27 08:15:19,921] {processor.py:641} INFO - Processing file /opt/airflow/dags/update_data_dag.py for tasks to queue
[2023-10-27 08:15:19,922] {logging_mixin.py:115} INFO - [2023-10-27 08:15:19,921] {dagbag.py:508} INFO - Filling up the DagBag from /opt/airflow/dags/update_data_dag.py
[2023-10-27 08:15:20,005] {processor.py:651} INFO - DAG(s) dict_keys(['update_data_dag']) retrieved from /opt/airflow/dags/update_data_dag.py
[2023-10-27 08:15:20,034] {logging_mixin.py:115} INFO - [2023-10-27 08:15:20,034] {dag.py:2420} INFO - Sync 1 DAGs
[2023-10-27 08:15:20,063] {logging_mixin.py:115} INFO - [2023-10-27 08:15:20,063] {dag.py:2972} INFO - Setting next_dagrun for update_data_dag to None, run_after=None
[2023-10-27 08:15:20,077] {processor.py:161} INFO - Processing /opt/airflow/dags/update_data_dag.py took 0.162 seconds
[2023-10-27 08:15:50,138] {processor.py:153} INFO - Started process (PID=1046) to work on /opt/airflow/dags/update_data_dag.py
[2023-10-27 08:15:50,139] {processor.py:641} INFO - Processing file /opt/airflow/dags/update_data_dag.py for tasks to queue
[2023-10-27 08:15:50,140] {logging_mixin.py:115} INFO - [2023-10-27 08:15:50,140] {dagbag.py:508} INFO - Filling up the DagBag from /opt/airflow/dags/update_data_dag.py
[2023-10-27 08:15:50,223] {processor.py:651} INFO - DAG(s) dict_keys(['update_data_dag']) retrieved from /opt/airflow/dags/update_data_dag.py
[2023-10-27 08:15:50,252] {logging_mixin.py:115} INFO - [2023-10-27 08:15:50,252] {dag.py:2420} INFO - Sync 1 DAGs
[2023-10-27 08:15:50,281] {logging_mixin.py:115} INFO - [2023-10-27 08:15:50,281] {dag.py:2972} INFO - Setting next_dagrun for update_data_dag to None, run_after=None
[2023-10-27 08:15:50,293] {processor.py:161} INFO - Processing /opt/airflow/dags/update_data_dag.py took 0.159 seconds
[2023-10-27 08:16:20,350] {processor.py:153} INFO - Started process (PID=1075) to work on /opt/airflow/dags/update_data_dag.py
[2023-10-27 08:16:20,351] {processor.py:641} INFO - Processing file /opt/airflow/dags/update_data_dag.py for tasks to queue
[2023-10-27 08:16:20,351] {logging_mixin.py:115} INFO - [2023-10-27 08:16:20,351] {dagbag.py:508} INFO - Filling up the DagBag from /opt/airflow/dags/update_data_dag.py
[2023-10-27 08:16:20,436] {processor.py:651} INFO - DAG(s) dict_keys(['update_data_dag']) retrieved from /opt/airflow/dags/update_data_dag.py
[2023-10-27 08:16:20,465] {logging_mixin.py:115} INFO - [2023-10-27 08:16:20,464] {dag.py:2420} INFO - Sync 1 DAGs
[2023-10-27 08:16:20,493] {logging_mixin.py:115} INFO - [2023-10-27 08:16:20,493] {dag.py:2972} INFO - Setting next_dagrun for update_data_dag to None, run_after=None
[2023-10-27 08:16:20,505] {processor.py:161} INFO - Processing /opt/airflow/dags/update_data_dag.py took 0.159 seconds
[2023-10-27 08:16:50,569] {processor.py:153} INFO - Started process (PID=1103) to work on /opt/airflow/dags/update_data_dag.py
[2023-10-27 08:16:50,570] {processor.py:641} INFO - Processing file /opt/airflow/dags/update_data_dag.py for tasks to queue
[2023-10-27 08:16:50,570] {logging_mixin.py:115} INFO - [2023-10-27 08:16:50,570] {dagbag.py:508} INFO - Filling up the DagBag from /opt/airflow/dags/update_data_dag.py
[2023-10-27 08:16:50,659] {processor.py:651} INFO - DAG(s) dict_keys(['update_data_dag']) retrieved from /opt/airflow/dags/update_data_dag.py
[2023-10-27 08:16:50,698] {logging_mixin.py:115} INFO - [2023-10-27 08:16:50,698] {dag.py:2420} INFO - Sync 1 DAGs
[2023-10-27 08:16:50,727] {logging_mixin.py:115} INFO - [2023-10-27 08:16:50,727] {dag.py:2972} INFO - Setting next_dagrun for update_data_dag to None, run_after=None
[2023-10-27 08:16:50,739] {processor.py:161} INFO - Processing /opt/airflow/dags/update_data_dag.py took 0.175 seconds
[2023-10-27 08:17:20,807] {processor.py:153} INFO - Started process (PID=1122) to work on /opt/airflow/dags/update_data_dag.py
[2023-10-27 08:17:20,807] {processor.py:641} INFO - Processing file /opt/airflow/dags/update_data_dag.py for tasks to queue
[2023-10-27 08:17:20,808] {logging_mixin.py:115} INFO - [2023-10-27 08:17:20,808] {dagbag.py:508} INFO - Filling up the DagBag from /opt/airflow/dags/update_data_dag.py
[2023-10-27 08:17:20,888] {processor.py:651} INFO - DAG(s) dict_keys(['update_data_dag']) retrieved from /opt/airflow/dags/update_data_dag.py
[2023-10-27 08:17:20,916] {logging_mixin.py:115} INFO - [2023-10-27 08:17:20,916] {dag.py:2420} INFO - Sync 1 DAGs
[2023-10-27 08:17:20,943] {logging_mixin.py:115} INFO - [2023-10-27 08:17:20,943] {dag.py:2972} INFO - Setting next_dagrun for update_data_dag to None, run_after=None
[2023-10-27 08:17:20,955] {processor.py:161} INFO - Processing /opt/airflow/dags/update_data_dag.py took 0.152 seconds
[2023-10-27 08:17:51,014] {processor.py:153} INFO - Started process (PID=1150) to work on /opt/airflow/dags/update_data_dag.py
[2023-10-27 08:17:51,015] {processor.py:641} INFO - Processing file /opt/airflow/dags/update_data_dag.py for tasks to queue
[2023-10-27 08:17:51,015] {logging_mixin.py:115} INFO - [2023-10-27 08:17:51,015] {dagbag.py:508} INFO - Filling up the DagBag from /opt/airflow/dags/update_data_dag.py
[2023-10-27 08:17:51,099] {processor.py:651} INFO - DAG(s) dict_keys(['update_data_dag']) retrieved from /opt/airflow/dags/update_data_dag.py
[2023-10-27 08:17:51,128] {logging_mixin.py:115} INFO - [2023-10-27 08:17:51,128] {dag.py:2420} INFO - Sync 1 DAGs
[2023-10-27 08:17:51,158] {logging_mixin.py:115} INFO - [2023-10-27 08:17:51,158] {dag.py:2972} INFO - Setting next_dagrun for update_data_dag to None, run_after=None
[2023-10-27 08:17:51,174] {processor.py:161} INFO - Processing /opt/airflow/dags/update_data_dag.py took 0.164 seconds
[2023-10-27 08:18:21,239] {processor.py:153} INFO - Started process (PID=1169) to work on /opt/airflow/dags/update_data_dag.py
[2023-10-27 08:18:21,241] {processor.py:641} INFO - Processing file /opt/airflow/dags/update_data_dag.py for tasks to queue
[2023-10-27 08:18:21,241] {logging_mixin.py:115} INFO - [2023-10-27 08:18:21,241] {dagbag.py:508} INFO - Filling up the DagBag from /opt/airflow/dags/update_data_dag.py
[2023-10-27 08:18:21,322] {processor.py:651} INFO - DAG(s) dict_keys(['update_data_dag']) retrieved from /opt/airflow/dags/update_data_dag.py
[2023-10-27 08:18:21,352] {logging_mixin.py:115} INFO - [2023-10-27 08:18:21,351] {dag.py:2420} INFO - Sync 1 DAGs
[2023-10-27 08:18:21,387] {logging_mixin.py:115} INFO - [2023-10-27 08:18:21,387] {dag.py:2972} INFO - Setting next_dagrun for update_data_dag to None, run_after=None
[2023-10-27 08:18:21,400] {processor.py:161} INFO - Processing /opt/airflow/dags/update_data_dag.py took 0.165 seconds
[2023-10-27 08:18:51,465] {processor.py:153} INFO - Started process (PID=1199) to work on /opt/airflow/dags/update_data_dag.py
[2023-10-27 08:18:51,467] {processor.py:641} INFO - Processing file /opt/airflow/dags/update_data_dag.py for tasks to queue
[2023-10-27 08:18:51,467] {logging_mixin.py:115} INFO - [2023-10-27 08:18:51,467] {dagbag.py:508} INFO - Filling up the DagBag from /opt/airflow/dags/update_data_dag.py
[2023-10-27 08:18:51,547] {processor.py:651} INFO - DAG(s) dict_keys(['update_data_dag']) retrieved from /opt/airflow/dags/update_data_dag.py
[2023-10-27 08:18:51,576] {logging_mixin.py:115} INFO - [2023-10-27 08:18:51,576] {dag.py:2420} INFO - Sync 1 DAGs
[2023-10-27 08:18:51,603] {logging_mixin.py:115} INFO - [2023-10-27 08:18:51,603] {dag.py:2972} INFO - Setting next_dagrun for update_data_dag to None, run_after=None
[2023-10-27 08:18:51,615] {processor.py:161} INFO - Processing /opt/airflow/dags/update_data_dag.py took 0.153 seconds
[2023-10-27 08:19:21,686] {processor.py:153} INFO - Started process (PID=1224) to work on /opt/airflow/dags/update_data_dag.py
[2023-10-27 08:19:21,688] {processor.py:641} INFO - Processing file /opt/airflow/dags/update_data_dag.py for tasks to queue
[2023-10-27 08:19:21,689] {logging_mixin.py:115} INFO - [2023-10-27 08:19:21,688] {dagbag.py:508} INFO - Filling up the DagBag from /opt/airflow/dags/update_data_dag.py
[2023-10-27 08:19:21,822] {processor.py:651} INFO - DAG(s) dict_keys(['update_data_dag']) retrieved from /opt/airflow/dags/update_data_dag.py
[2023-10-27 08:19:21,860] {logging_mixin.py:115} INFO - [2023-10-27 08:19:21,860] {dag.py:2420} INFO - Sync 1 DAGs
[2023-10-27 08:19:21,894] {logging_mixin.py:115} INFO - [2023-10-27 08:19:21,894] {dag.py:2972} INFO - Setting next_dagrun for update_data_dag to None, run_after=None
[2023-10-27 08:19:21,907] {processor.py:161} INFO - Processing /opt/airflow/dags/update_data_dag.py took 0.225 seconds
[2023-10-27 08:19:51,971] {processor.py:153} INFO - Started process (PID=1245) to work on /opt/airflow/dags/update_data_dag.py
[2023-10-27 08:19:51,972] {processor.py:641} INFO - Processing file /opt/airflow/dags/update_data_dag.py for tasks to queue
[2023-10-27 08:19:51,972] {logging_mixin.py:115} INFO - [2023-10-27 08:19:51,972] {dagbag.py:508} INFO - Filling up the DagBag from /opt/airflow/dags/update_data_dag.py
[2023-10-27 08:19:52,057] {processor.py:651} INFO - DAG(s) dict_keys(['update_data_dag']) retrieved from /opt/airflow/dags/update_data_dag.py
[2023-10-27 08:19:52,086] {logging_mixin.py:115} INFO - [2023-10-27 08:19:52,086] {dag.py:2420} INFO - Sync 1 DAGs
[2023-10-27 08:19:52,116] {logging_mixin.py:115} INFO - [2023-10-27 08:19:52,115] {dag.py:2972} INFO - Setting next_dagrun for update_data_dag to None, run_after=None
[2023-10-27 08:19:52,128] {processor.py:161} INFO - Processing /opt/airflow/dags/update_data_dag.py took 0.161 seconds
[2023-10-27 08:20:22,190] {processor.py:153} INFO - Started process (PID=1264) to work on /opt/airflow/dags/update_data_dag.py
[2023-10-27 08:20:22,191] {processor.py:641} INFO - Processing file /opt/airflow/dags/update_data_dag.py for tasks to queue
[2023-10-27 08:20:22,192] {logging_mixin.py:115} INFO - [2023-10-27 08:20:22,192] {dagbag.py:508} INFO - Filling up the DagBag from /opt/airflow/dags/update_data_dag.py
[2023-10-27 08:20:22,279] {processor.py:651} INFO - DAG(s) dict_keys(['update_data_dag']) retrieved from /opt/airflow/dags/update_data_dag.py
[2023-10-27 08:20:22,307] {logging_mixin.py:115} INFO - [2023-10-27 08:20:22,307] {dag.py:2420} INFO - Sync 1 DAGs
[2023-10-27 08:20:22,336] {logging_mixin.py:115} INFO - [2023-10-27 08:20:22,336] {dag.py:2972} INFO - Setting next_dagrun for update_data_dag to None, run_after=None
[2023-10-27 08:20:22,348] {processor.py:161} INFO - Processing /opt/airflow/dags/update_data_dag.py took 0.163 seconds
[2023-10-27 08:20:52,410] {processor.py:153} INFO - Started process (PID=1292) to work on /opt/airflow/dags/update_data_dag.py
[2023-10-27 08:20:52,411] {processor.py:641} INFO - Processing file /opt/airflow/dags/update_data_dag.py for tasks to queue
[2023-10-27 08:20:52,411] {logging_mixin.py:115} INFO - [2023-10-27 08:20:52,411] {dagbag.py:508} INFO - Filling up the DagBag from /opt/airflow/dags/update_data_dag.py
[2023-10-27 08:20:52,494] {processor.py:651} INFO - DAG(s) dict_keys(['update_data_dag']) retrieved from /opt/airflow/dags/update_data_dag.py
[2023-10-27 08:20:52,522] {logging_mixin.py:115} INFO - [2023-10-27 08:20:52,522] {dag.py:2420} INFO - Sync 1 DAGs
[2023-10-27 08:20:52,549] {logging_mixin.py:115} INFO - [2023-10-27 08:20:52,549] {dag.py:2972} INFO - Setting next_dagrun for update_data_dag to None, run_after=None
[2023-10-27 08:20:52,561] {processor.py:161} INFO - Processing /opt/airflow/dags/update_data_dag.py took 0.155 seconds
[2023-10-27 08:21:22,622] {processor.py:153} INFO - Started process (PID=1311) to work on /opt/airflow/dags/update_data_dag.py
[2023-10-27 08:21:22,622] {processor.py:641} INFO - Processing file /opt/airflow/dags/update_data_dag.py for tasks to queue
[2023-10-27 08:21:22,623] {logging_mixin.py:115} INFO - [2023-10-27 08:21:22,623] {dagbag.py:508} INFO - Filling up the DagBag from /opt/airflow/dags/update_data_dag.py
[2023-10-27 08:21:22,703] {processor.py:651} INFO - DAG(s) dict_keys(['update_data_dag']) retrieved from /opt/airflow/dags/update_data_dag.py
[2023-10-27 08:21:22,732] {logging_mixin.py:115} INFO - [2023-10-27 08:21:22,732] {dag.py:2420} INFO - Sync 1 DAGs
[2023-10-27 08:21:22,762] {logging_mixin.py:115} INFO - [2023-10-27 08:21:22,762] {dag.py:2972} INFO - Setting next_dagrun for update_data_dag to None, run_after=None
[2023-10-27 08:21:22,778] {processor.py:161} INFO - Processing /opt/airflow/dags/update_data_dag.py took 0.160 seconds
[2023-10-27 08:21:52,842] {processor.py:153} INFO - Started process (PID=1339) to work on /opt/airflow/dags/update_data_dag.py
[2023-10-27 08:21:52,843] {processor.py:641} INFO - Processing file /opt/airflow/dags/update_data_dag.py for tasks to queue
[2023-10-27 08:21:52,843] {logging_mixin.py:115} INFO - [2023-10-27 08:21:52,843] {dagbag.py:508} INFO - Filling up the DagBag from /opt/airflow/dags/update_data_dag.py
[2023-10-27 08:21:52,924] {processor.py:651} INFO - DAG(s) dict_keys(['update_data_dag']) retrieved from /opt/airflow/dags/update_data_dag.py
[2023-10-27 08:21:52,954] {logging_mixin.py:115} INFO - [2023-10-27 08:21:52,954] {dag.py:2420} INFO - Sync 1 DAGs
[2023-10-27 08:21:52,983] {logging_mixin.py:115} INFO - [2023-10-27 08:21:52,983] {dag.py:2972} INFO - Setting next_dagrun for update_data_dag to None, run_after=None
[2023-10-27 08:21:52,996] {processor.py:161} INFO - Processing /opt/airflow/dags/update_data_dag.py took 0.158 seconds
[2023-10-27 08:22:23,058] {processor.py:153} INFO - Started process (PID=1368) to work on /opt/airflow/dags/update_data_dag.py
[2023-10-27 08:22:23,059] {processor.py:641} INFO - Processing file /opt/airflow/dags/update_data_dag.py for tasks to queue
[2023-10-27 08:22:23,060] {logging_mixin.py:115} INFO - [2023-10-27 08:22:23,060] {dagbag.py:508} INFO - Filling up the DagBag from /opt/airflow/dags/update_data_dag.py
[2023-10-27 08:22:23,144] {processor.py:651} INFO - DAG(s) dict_keys(['update_data_dag']) retrieved from /opt/airflow/dags/update_data_dag.py
[2023-10-27 08:22:23,171] {logging_mixin.py:115} INFO - [2023-10-27 08:22:23,171] {dag.py:2420} INFO - Sync 1 DAGs
[2023-10-27 08:22:23,200] {logging_mixin.py:115} INFO - [2023-10-27 08:22:23,200] {dag.py:2972} INFO - Setting next_dagrun for update_data_dag to None, run_after=None
[2023-10-27 08:22:23,212] {processor.py:161} INFO - Processing /opt/airflow/dags/update_data_dag.py took 0.157 seconds
[2023-10-27 08:22:53,273] {processor.py:153} INFO - Started process (PID=1388) to work on /opt/airflow/dags/update_data_dag.py
[2023-10-27 08:22:53,274] {processor.py:641} INFO - Processing file /opt/airflow/dags/update_data_dag.py for tasks to queue
[2023-10-27 08:22:53,274] {logging_mixin.py:115} INFO - [2023-10-27 08:22:53,274] {dagbag.py:508} INFO - Filling up the DagBag from /opt/airflow/dags/update_data_dag.py
[2023-10-27 08:22:53,356] {processor.py:651} INFO - DAG(s) dict_keys(['update_data_dag']) retrieved from /opt/airflow/dags/update_data_dag.py
[2023-10-27 08:22:53,384] {logging_mixin.py:115} INFO - [2023-10-27 08:22:53,384] {dag.py:2420} INFO - Sync 1 DAGs
[2023-10-27 08:22:53,411] {logging_mixin.py:115} INFO - [2023-10-27 08:22:53,410] {dag.py:2972} INFO - Setting next_dagrun for update_data_dag to None, run_after=None
[2023-10-27 08:22:53,422] {processor.py:161} INFO - Processing /opt/airflow/dags/update_data_dag.py took 0.153 seconds
[2023-10-27 08:23:23,484] {processor.py:153} INFO - Started process (PID=1416) to work on /opt/airflow/dags/update_data_dag.py
[2023-10-27 08:23:23,485] {processor.py:641} INFO - Processing file /opt/airflow/dags/update_data_dag.py for tasks to queue
[2023-10-27 08:23:23,486] {logging_mixin.py:115} INFO - [2023-10-27 08:23:23,485] {dagbag.py:508} INFO - Filling up the DagBag from /opt/airflow/dags/update_data_dag.py
[2023-10-27 08:23:23,563] {processor.py:651} INFO - DAG(s) dict_keys(['update_data_dag']) retrieved from /opt/airflow/dags/update_data_dag.py
[2023-10-27 08:23:23,592] {logging_mixin.py:115} INFO - [2023-10-27 08:23:23,591] {dag.py:2420} INFO - Sync 1 DAGs
[2023-10-27 08:23:23,620] {logging_mixin.py:115} INFO - [2023-10-27 08:23:23,620] {dag.py:2972} INFO - Setting next_dagrun for update_data_dag to None, run_after=None
[2023-10-27 08:23:23,632] {processor.py:161} INFO - Processing /opt/airflow/dags/update_data_dag.py took 0.152 seconds
[2023-10-27 08:23:53,692] {processor.py:153} INFO - Started process (PID=1435) to work on /opt/airflow/dags/update_data_dag.py
[2023-10-27 08:23:53,693] {processor.py:641} INFO - Processing file /opt/airflow/dags/update_data_dag.py for tasks to queue
[2023-10-27 08:23:53,693] {logging_mixin.py:115} INFO - [2023-10-27 08:23:53,693] {dagbag.py:508} INFO - Filling up the DagBag from /opt/airflow/dags/update_data_dag.py
[2023-10-27 08:23:53,773] {processor.py:651} INFO - DAG(s) dict_keys(['update_data_dag']) retrieved from /opt/airflow/dags/update_data_dag.py
[2023-10-27 08:23:53,805] {logging_mixin.py:115} INFO - [2023-10-27 08:23:53,804] {dag.py:2420} INFO - Sync 1 DAGs
[2023-10-27 08:23:53,836] {logging_mixin.py:115} INFO - [2023-10-27 08:23:53,835] {dag.py:2972} INFO - Setting next_dagrun for update_data_dag to None, run_after=None
[2023-10-27 08:23:53,848] {processor.py:161} INFO - Processing /opt/airflow/dags/update_data_dag.py took 0.159 seconds
[2023-10-27 08:24:23,910] {processor.py:153} INFO - Started process (PID=1464) to work on /opt/airflow/dags/update_data_dag.py
[2023-10-27 08:24:23,911] {processor.py:641} INFO - Processing file /opt/airflow/dags/update_data_dag.py for tasks to queue
[2023-10-27 08:24:23,911] {logging_mixin.py:115} INFO - [2023-10-27 08:24:23,911] {dagbag.py:508} INFO - Filling up the DagBag from /opt/airflow/dags/update_data_dag.py
[2023-10-27 08:24:23,991] {processor.py:651} INFO - DAG(s) dict_keys(['update_data_dag']) retrieved from /opt/airflow/dags/update_data_dag.py
[2023-10-27 08:24:24,019] {logging_mixin.py:115} INFO - [2023-10-27 08:24:24,019] {dag.py:2420} INFO - Sync 1 DAGs
[2023-10-27 08:24:24,046] {logging_mixin.py:115} INFO - [2023-10-27 08:24:24,045] {dag.py:2972} INFO - Setting next_dagrun for update_data_dag to None, run_after=None
[2023-10-27 08:24:24,057] {processor.py:161} INFO - Processing /opt/airflow/dags/update_data_dag.py took 0.151 seconds
[2023-10-27 08:24:54,120] {processor.py:153} INFO - Started process (PID=1484) to work on /opt/airflow/dags/update_data_dag.py
[2023-10-27 08:24:54,120] {processor.py:641} INFO - Processing file /opt/airflow/dags/update_data_dag.py for tasks to queue
[2023-10-27 08:24:54,121] {logging_mixin.py:115} INFO - [2023-10-27 08:24:54,121] {dagbag.py:508} INFO - Filling up the DagBag from /opt/airflow/dags/update_data_dag.py
[2023-10-27 08:24:54,204] {processor.py:651} INFO - DAG(s) dict_keys(['update_data_dag']) retrieved from /opt/airflow/dags/update_data_dag.py
[2023-10-27 08:24:54,233] {logging_mixin.py:115} INFO - [2023-10-27 08:24:54,233] {dag.py:2420} INFO - Sync 1 DAGs
[2023-10-27 08:24:54,261] {logging_mixin.py:115} INFO - [2023-10-27 08:24:54,261] {dag.py:2972} INFO - Setting next_dagrun for update_data_dag to None, run_after=None
[2023-10-27 08:24:54,274] {processor.py:161} INFO - Processing /opt/airflow/dags/update_data_dag.py took 0.158 seconds
[2023-10-27 08:25:24,334] {processor.py:153} INFO - Started process (PID=1513) to work on /opt/airflow/dags/update_data_dag.py
[2023-10-27 08:25:24,335] {processor.py:641} INFO - Processing file /opt/airflow/dags/update_data_dag.py for tasks to queue
[2023-10-27 08:25:24,336] {logging_mixin.py:115} INFO - [2023-10-27 08:25:24,336] {dagbag.py:508} INFO - Filling up the DagBag from /opt/airflow/dags/update_data_dag.py
[2023-10-27 08:25:24,415] {processor.py:651} INFO - DAG(s) dict_keys(['update_data_dag']) retrieved from /opt/airflow/dags/update_data_dag.py
[2023-10-27 08:25:24,443] {logging_mixin.py:115} INFO - [2023-10-27 08:25:24,443] {dag.py:2420} INFO - Sync 1 DAGs
[2023-10-27 08:25:24,470] {logging_mixin.py:115} INFO - [2023-10-27 08:25:24,470] {dag.py:2972} INFO - Setting next_dagrun for update_data_dag to None, run_after=None
[2023-10-27 08:25:24,481] {processor.py:161} INFO - Processing /opt/airflow/dags/update_data_dag.py took 0.151 seconds
[2023-10-27 08:54:42,454] {processor.py:153} INFO - Started process (PID=32) to work on /opt/airflow/dags/update_data_dag.py
[2023-10-27 08:54:42,456] {processor.py:641} INFO - Processing file /opt/airflow/dags/update_data_dag.py for tasks to queue
[2023-10-27 08:54:42,456] {logging_mixin.py:115} INFO - [2023-10-27 08:54:42,456] {dagbag.py:508} INFO - Filling up the DagBag from /opt/airflow/dags/update_data_dag.py
[2023-10-27 08:54:42,466] {processor.py:651} INFO - DAG(s) dict_keys(['my_dag']) retrieved from /opt/airflow/dags/update_data_dag.py
[2023-10-27 08:54:42,725] {logging_mixin.py:115} INFO - [2023-10-27 08:54:42,725] {manager.py:508} INFO - Created Permission View: can read on DAG:my_dag
[2023-10-27 08:54:42,739] {logging_mixin.py:115} INFO - [2023-10-27 08:54:42,739] {manager.py:508} INFO - Created Permission View: can edit on DAG:my_dag
[2023-10-27 08:54:42,748] {logging_mixin.py:115} INFO - [2023-10-27 08:54:42,747] {manager.py:508} INFO - Created Permission View: can delete on DAG:my_dag
[2023-10-27 08:54:42,748] {logging_mixin.py:115} INFO - [2023-10-27 08:54:42,748] {dag.py:2420} INFO - Sync 1 DAGs
[2023-10-27 08:54:42,758] {logging_mixin.py:115} INFO - [2023-10-27 08:54:42,758] {dag.py:2439} INFO - Creating ORM DAG for my_dag
[2023-10-27 08:54:42,772] {logging_mixin.py:115} INFO - [2023-10-27 08:54:42,772] {dag.py:2972} INFO - Setting next_dagrun for my_dag to 2023-10-23T00:00:00+00:00, run_after=2023-10-23T00:00:00+00:00
[2023-10-27 08:54:42,788] {processor.py:161} INFO - Processing /opt/airflow/dags/update_data_dag.py took 0.338 seconds
[2023-10-27 08:55:12,855] {processor.py:153} INFO - Started process (PID=60) to work on /opt/airflow/dags/update_data_dag.py
[2023-10-27 08:55:12,856] {processor.py:641} INFO - Processing file /opt/airflow/dags/update_data_dag.py for tasks to queue
[2023-10-27 08:55:12,856] {logging_mixin.py:115} INFO - [2023-10-27 08:55:12,856] {dagbag.py:508} INFO - Filling up the DagBag from /opt/airflow/dags/update_data_dag.py
[2023-10-27 08:55:12,862] {processor.py:651} INFO - DAG(s) dict_keys(['my_dag']) retrieved from /opt/airflow/dags/update_data_dag.py
[2023-10-27 08:55:12,890] {logging_mixin.py:115} INFO - [2023-10-27 08:55:12,890] {dag.py:2420} INFO - Sync 1 DAGs
[2023-10-27 08:55:13,066] {logging_mixin.py:115} INFO - [2023-10-27 08:55:13,066] {dag.py:2972} INFO - Setting next_dagrun for my_dag to 2023-10-23T00:00:00+00:00, run_after=2023-10-23T00:00:00+00:00
[2023-10-27 08:55:13,077] {processor.py:161} INFO - Processing /opt/airflow/dags/update_data_dag.py took 0.226 seconds
[2023-10-27 08:55:43,137] {processor.py:153} INFO - Started process (PID=88) to work on /opt/airflow/dags/update_data_dag.py
[2023-10-27 08:55:43,138] {processor.py:641} INFO - Processing file /opt/airflow/dags/update_data_dag.py for tasks to queue
[2023-10-27 08:55:43,139] {logging_mixin.py:115} INFO - [2023-10-27 08:55:43,138] {dagbag.py:508} INFO - Filling up the DagBag from /opt/airflow/dags/update_data_dag.py
[2023-10-27 08:55:43,144] {processor.py:651} INFO - DAG(s) dict_keys(['my_dag']) retrieved from /opt/airflow/dags/update_data_dag.py
[2023-10-27 08:55:43,186] {logging_mixin.py:115} INFO - [2023-10-27 08:55:43,186] {dag.py:2420} INFO - Sync 1 DAGs
[2023-10-27 08:55:43,366] {logging_mixin.py:115} INFO - [2023-10-27 08:55:43,366] {dag.py:2972} INFO - Setting next_dagrun for my_dag to 2023-10-23T00:00:00+00:00, run_after=2023-10-23T00:00:00+00:00
[2023-10-27 08:55:43,379] {processor.py:161} INFO - Processing /opt/airflow/dags/update_data_dag.py took 0.246 seconds
[2023-10-27 08:56:13,441] {processor.py:153} INFO - Started process (PID=107) to work on /opt/airflow/dags/update_data_dag.py
[2023-10-27 08:56:13,442] {processor.py:641} INFO - Processing file /opt/airflow/dags/update_data_dag.py for tasks to queue
[2023-10-27 08:56:13,442] {logging_mixin.py:115} INFO - [2023-10-27 08:56:13,442] {dagbag.py:508} INFO - Filling up the DagBag from /opt/airflow/dags/update_data_dag.py
[2023-10-27 08:56:13,448] {processor.py:651} INFO - DAG(s) dict_keys(['my_dag']) retrieved from /opt/airflow/dags/update_data_dag.py
[2023-10-27 08:56:13,481] {logging_mixin.py:115} INFO - [2023-10-27 08:56:13,481] {dag.py:2420} INFO - Sync 1 DAGs
[2023-10-27 08:56:13,657] {logging_mixin.py:115} INFO - [2023-10-27 08:56:13,656] {dag.py:2972} INFO - Setting next_dagrun for my_dag to None, run_after=None
[2023-10-27 08:56:13,668] {processor.py:161} INFO - Processing /opt/airflow/dags/update_data_dag.py took 0.231 seconds
[2023-10-27 08:56:43,733] {processor.py:153} INFO - Started process (PID=136) to work on /opt/airflow/dags/update_data_dag.py
[2023-10-27 08:56:43,734] {processor.py:641} INFO - Processing file /opt/airflow/dags/update_data_dag.py for tasks to queue
[2023-10-27 08:56:43,734] {logging_mixin.py:115} INFO - [2023-10-27 08:56:43,734] {dagbag.py:508} INFO - Filling up the DagBag from /opt/airflow/dags/update_data_dag.py
[2023-10-27 08:56:43,740] {processor.py:651} INFO - DAG(s) dict_keys(['my_dag']) retrieved from /opt/airflow/dags/update_data_dag.py
[2023-10-27 08:56:43,773] {logging_mixin.py:115} INFO - [2023-10-27 08:56:43,772] {dag.py:2420} INFO - Sync 1 DAGs
[2023-10-27 08:56:43,945] {logging_mixin.py:115} INFO - [2023-10-27 08:56:43,945] {dag.py:2972} INFO - Setting next_dagrun for my_dag to None, run_after=None
[2023-10-27 08:56:43,956] {processor.py:161} INFO - Processing /opt/airflow/dags/update_data_dag.py took 0.228 seconds
[2023-10-27 08:57:14,031] {processor.py:153} INFO - Started process (PID=155) to work on /opt/airflow/dags/update_data_dag.py
[2023-10-27 08:57:14,032] {processor.py:641} INFO - Processing file /opt/airflow/dags/update_data_dag.py for tasks to queue
[2023-10-27 08:57:14,033] {logging_mixin.py:115} INFO - [2023-10-27 08:57:14,032] {dagbag.py:508} INFO - Filling up the DagBag from /opt/airflow/dags/update_data_dag.py
[2023-10-27 08:57:14,038] {processor.py:651} INFO - DAG(s) dict_keys(['my_dag']) retrieved from /opt/airflow/dags/update_data_dag.py
[2023-10-27 08:57:14,071] {logging_mixin.py:115} INFO - [2023-10-27 08:57:14,071] {dag.py:2420} INFO - Sync 1 DAGs
[2023-10-27 08:57:14,239] {logging_mixin.py:115} INFO - [2023-10-27 08:57:14,239] {dag.py:2972} INFO - Setting next_dagrun for my_dag to None, run_after=None
[2023-10-27 08:57:14,249] {processor.py:161} INFO - Processing /opt/airflow/dags/update_data_dag.py took 0.222 seconds
[2023-10-27 08:57:44,321] {processor.py:153} INFO - Started process (PID=183) to work on /opt/airflow/dags/update_data_dag.py
[2023-10-27 08:57:44,322] {processor.py:641} INFO - Processing file /opt/airflow/dags/update_data_dag.py for tasks to queue
[2023-10-27 08:57:44,323] {logging_mixin.py:115} INFO - [2023-10-27 08:57:44,323] {dagbag.py:508} INFO - Filling up the DagBag from /opt/airflow/dags/update_data_dag.py
[2023-10-27 08:57:44,328] {processor.py:651} INFO - DAG(s) dict_keys(['my_dag']) retrieved from /opt/airflow/dags/update_data_dag.py
[2023-10-27 08:57:44,361] {logging_mixin.py:115} INFO - [2023-10-27 08:57:44,361] {dag.py:2420} INFO - Sync 1 DAGs
[2023-10-27 08:57:44,538] {logging_mixin.py:115} INFO - [2023-10-27 08:57:44,538] {dag.py:2972} INFO - Setting next_dagrun for my_dag to None, run_after=None
[2023-10-27 08:57:44,550] {processor.py:161} INFO - Processing /opt/airflow/dags/update_data_dag.py took 0.232 seconds
[2023-10-27 08:58:14,613] {processor.py:153} INFO - Started process (PID=202) to work on /opt/airflow/dags/update_data_dag.py
[2023-10-27 08:58:14,614] {processor.py:641} INFO - Processing file /opt/airflow/dags/update_data_dag.py for tasks to queue
[2023-10-27 08:58:14,615] {logging_mixin.py:115} INFO - [2023-10-27 08:58:14,615] {dagbag.py:508} INFO - Filling up the DagBag from /opt/airflow/dags/update_data_dag.py
[2023-10-27 08:58:14,620] {processor.py:651} INFO - DAG(s) dict_keys(['my_dag']) retrieved from /opt/airflow/dags/update_data_dag.py
[2023-10-27 08:58:14,653] {logging_mixin.py:115} INFO - [2023-10-27 08:58:14,653] {dag.py:2420} INFO - Sync 1 DAGs
[2023-10-27 08:58:14,826] {logging_mixin.py:115} INFO - [2023-10-27 08:58:14,826] {dag.py:2972} INFO - Setting next_dagrun for my_dag to None, run_after=None
[2023-10-27 08:58:14,837] {processor.py:161} INFO - Processing /opt/airflow/dags/update_data_dag.py took 0.228 seconds
[2023-10-27 08:58:44,899] {processor.py:153} INFO - Started process (PID=230) to work on /opt/airflow/dags/update_data_dag.py
[2023-10-27 08:58:44,900] {processor.py:641} INFO - Processing file /opt/airflow/dags/update_data_dag.py for tasks to queue
[2023-10-27 08:58:44,901] {logging_mixin.py:115} INFO - [2023-10-27 08:58:44,901] {dagbag.py:508} INFO - Filling up the DagBag from /opt/airflow/dags/update_data_dag.py
[2023-10-27 08:58:44,906] {processor.py:651} INFO - DAG(s) dict_keys(['my_dag']) retrieved from /opt/airflow/dags/update_data_dag.py
[2023-10-27 08:58:44,939] {logging_mixin.py:115} INFO - [2023-10-27 08:58:44,939] {dag.py:2420} INFO - Sync 1 DAGs
[2023-10-27 08:58:45,110] {logging_mixin.py:115} INFO - [2023-10-27 08:58:45,110] {dag.py:2972} INFO - Setting next_dagrun for my_dag to None, run_after=None
[2023-10-27 08:58:45,121] {processor.py:161} INFO - Processing /opt/airflow/dags/update_data_dag.py took 0.226 seconds
[2023-10-27 08:59:15,184] {processor.py:153} INFO - Started process (PID=258) to work on /opt/airflow/dags/update_data_dag.py
[2023-10-27 08:59:15,184] {processor.py:641} INFO - Processing file /opt/airflow/dags/update_data_dag.py for tasks to queue
[2023-10-27 08:59:15,185] {logging_mixin.py:115} INFO - [2023-10-27 08:59:15,185] {dagbag.py:508} INFO - Filling up the DagBag from /opt/airflow/dags/update_data_dag.py
[2023-10-27 08:59:15,190] {processor.py:651} INFO - DAG(s) dict_keys(['my_dag']) retrieved from /opt/airflow/dags/update_data_dag.py
[2023-10-27 08:59:15,224] {logging_mixin.py:115} INFO - [2023-10-27 08:59:15,224] {dag.py:2420} INFO - Sync 1 DAGs
[2023-10-27 08:59:15,402] {logging_mixin.py:115} INFO - [2023-10-27 08:59:15,402] {dag.py:2972} INFO - Setting next_dagrun for my_dag to None, run_after=None
[2023-10-27 08:59:15,414] {processor.py:161} INFO - Processing /opt/airflow/dags/update_data_dag.py took 0.234 seconds
[2023-10-27 08:59:45,492] {processor.py:153} INFO - Started process (PID=276) to work on /opt/airflow/dags/update_data_dag.py
[2023-10-27 08:59:45,493] {processor.py:641} INFO - Processing file /opt/airflow/dags/update_data_dag.py for tasks to queue
[2023-10-27 08:59:45,494] {logging_mixin.py:115} INFO - [2023-10-27 08:59:45,493] {dagbag.py:508} INFO - Filling up the DagBag from /opt/airflow/dags/update_data_dag.py
[2023-10-27 08:59:45,499] {processor.py:651} INFO - DAG(s) dict_keys(['my_dag']) retrieved from /opt/airflow/dags/update_data_dag.py
[2023-10-27 08:59:45,534] {logging_mixin.py:115} INFO - [2023-10-27 08:59:45,534] {dag.py:2420} INFO - Sync 1 DAGs
[2023-10-27 08:59:45,715] {logging_mixin.py:115} INFO - [2023-10-27 08:59:45,715] {dag.py:2972} INFO - Setting next_dagrun for my_dag to None, run_after=None
[2023-10-27 08:59:45,727] {processor.py:161} INFO - Processing /opt/airflow/dags/update_data_dag.py took 0.239 seconds
[2023-10-27 09:00:15,791] {processor.py:153} INFO - Started process (PID=305) to work on /opt/airflow/dags/update_data_dag.py
[2023-10-27 09:00:15,791] {processor.py:641} INFO - Processing file /opt/airflow/dags/update_data_dag.py for tasks to queue
[2023-10-27 09:00:15,792] {logging_mixin.py:115} INFO - [2023-10-27 09:00:15,792] {dagbag.py:508} INFO - Filling up the DagBag from /opt/airflow/dags/update_data_dag.py
[2023-10-27 09:00:15,797] {processor.py:651} INFO - DAG(s) dict_keys(['my_dag']) retrieved from /opt/airflow/dags/update_data_dag.py
[2023-10-27 09:00:15,830] {logging_mixin.py:115} INFO - [2023-10-27 09:00:15,830] {dag.py:2420} INFO - Sync 1 DAGs
[2023-10-27 09:00:16,011] {logging_mixin.py:115} INFO - [2023-10-27 09:00:16,011] {dag.py:2972} INFO - Setting next_dagrun for my_dag to None, run_after=None
[2023-10-27 09:00:16,023] {processor.py:161} INFO - Processing /opt/airflow/dags/update_data_dag.py took 0.237 seconds
[2023-10-27 09:00:46,092] {processor.py:153} INFO - Started process (PID=323) to work on /opt/airflow/dags/update_data_dag.py
[2023-10-27 09:00:46,093] {processor.py:641} INFO - Processing file /opt/airflow/dags/update_data_dag.py for tasks to queue
[2023-10-27 09:00:46,094] {logging_mixin.py:115} INFO - [2023-10-27 09:00:46,094] {dagbag.py:508} INFO - Filling up the DagBag from /opt/airflow/dags/update_data_dag.py
[2023-10-27 09:00:46,100] {processor.py:651} INFO - DAG(s) dict_keys(['my_dag']) retrieved from /opt/airflow/dags/update_data_dag.py
[2023-10-27 09:00:46,138] {logging_mixin.py:115} INFO - [2023-10-27 09:00:46,138] {dag.py:2420} INFO - Sync 1 DAGs
[2023-10-27 09:00:46,309] {logging_mixin.py:115} INFO - [2023-10-27 09:00:46,309] {dag.py:2972} INFO - Setting next_dagrun for my_dag to None, run_after=None
[2023-10-27 09:00:46,321] {processor.py:161} INFO - Processing /opt/airflow/dags/update_data_dag.py took 0.234 seconds
[2023-10-27 09:01:16,383] {processor.py:153} INFO - Started process (PID=352) to work on /opt/airflow/dags/update_data_dag.py
[2023-10-27 09:01:16,384] {processor.py:641} INFO - Processing file /opt/airflow/dags/update_data_dag.py for tasks to queue
[2023-10-27 09:01:16,384] {logging_mixin.py:115} INFO - [2023-10-27 09:01:16,384] {dagbag.py:508} INFO - Filling up the DagBag from /opt/airflow/dags/update_data_dag.py
[2023-10-27 09:01:16,389] {processor.py:651} INFO - DAG(s) dict_keys(['my_dag']) retrieved from /opt/airflow/dags/update_data_dag.py
[2023-10-27 09:01:16,423] {logging_mixin.py:115} INFO - [2023-10-27 09:01:16,423] {dag.py:2420} INFO - Sync 1 DAGs
[2023-10-27 09:01:16,601] {logging_mixin.py:115} INFO - [2023-10-27 09:01:16,601] {dag.py:2972} INFO - Setting next_dagrun for my_dag to None, run_after=None
[2023-10-27 09:01:16,613] {processor.py:161} INFO - Processing /opt/airflow/dags/update_data_dag.py took 0.234 seconds
[2023-10-27 09:01:46,675] {processor.py:153} INFO - Started process (PID=380) to work on /opt/airflow/dags/update_data_dag.py
[2023-10-27 09:01:46,676] {processor.py:641} INFO - Processing file /opt/airflow/dags/update_data_dag.py for tasks to queue
[2023-10-27 09:01:46,676] {logging_mixin.py:115} INFO - [2023-10-27 09:01:46,676] {dagbag.py:508} INFO - Filling up the DagBag from /opt/airflow/dags/update_data_dag.py
[2023-10-27 09:01:46,682] {processor.py:651} INFO - DAG(s) dict_keys(['my_dag']) retrieved from /opt/airflow/dags/update_data_dag.py
[2023-10-27 09:01:46,715] {logging_mixin.py:115} INFO - [2023-10-27 09:01:46,715] {dag.py:2420} INFO - Sync 1 DAGs
[2023-10-27 09:01:46,885] {logging_mixin.py:115} INFO - [2023-10-27 09:01:46,885] {dag.py:2972} INFO - Setting next_dagrun for my_dag to None, run_after=None
[2023-10-27 09:01:46,896] {processor.py:161} INFO - Processing /opt/airflow/dags/update_data_dag.py took 0.226 seconds
[2023-10-27 09:02:16,959] {processor.py:153} INFO - Started process (PID=399) to work on /opt/airflow/dags/update_data_dag.py
[2023-10-27 09:02:16,959] {processor.py:641} INFO - Processing file /opt/airflow/dags/update_data_dag.py for tasks to queue
[2023-10-27 09:02:16,960] {logging_mixin.py:115} INFO - [2023-10-27 09:02:16,960] {dagbag.py:508} INFO - Filling up the DagBag from /opt/airflow/dags/update_data_dag.py
[2023-10-27 09:02:16,965] {processor.py:651} INFO - DAG(s) dict_keys(['my_dag']) retrieved from /opt/airflow/dags/update_data_dag.py
[2023-10-27 09:02:16,997] {logging_mixin.py:115} INFO - [2023-10-27 09:02:16,997] {dag.py:2420} INFO - Sync 1 DAGs
[2023-10-27 09:02:17,168] {logging_mixin.py:115} INFO - [2023-10-27 09:02:17,168] {dag.py:2972} INFO - Setting next_dagrun for my_dag to None, run_after=None
[2023-10-27 09:02:17,180] {processor.py:161} INFO - Processing /opt/airflow/dags/update_data_dag.py took 0.225 seconds
