[2023-10-30 08:42:01,320] {taskinstance.py:1179} INFO - Dependencies all met for <TaskInstance: predict.predict manual__2023-10-30T08:42:00.459238+00:00 [queued]>
[2023-10-30 08:42:01,332] {taskinstance.py:1179} INFO - Dependencies all met for <TaskInstance: predict.predict manual__2023-10-30T08:42:00.459238+00:00 [queued]>
[2023-10-30 08:42:01,333] {taskinstance.py:1376} INFO - 
--------------------------------------------------------------------------------
[2023-10-30 08:42:01,333] {taskinstance.py:1377} INFO - Starting attempt 1 of 11
[2023-10-30 08:42:01,333] {taskinstance.py:1378} INFO - 
--------------------------------------------------------------------------------
[2023-10-30 08:42:01,348] {taskinstance.py:1397} INFO - Executing <Task(PythonOperator): predict> on 2023-10-30 08:42:00.459238+00:00
[2023-10-30 08:42:01,353] {standard_task_runner.py:52} INFO - Started process 558 to run task
[2023-10-30 08:42:01,357] {standard_task_runner.py:79} INFO - Running: ['***', 'tasks', 'run', 'predict', 'predict', 'manual__2023-10-30T08:42:00.459238+00:00', '--job-id', '152', '--raw', '--subdir', 'DAGS_FOLDER/predict_dag.py', '--cfg-path', '/tmp/tmpnaardu2p', '--error-file', '/tmp/tmpmpkx3q3q']
[2023-10-30 08:42:01,357] {standard_task_runner.py:80} INFO - Job 152: Subtask predict
[2023-10-30 08:42:01,429] {task_command.py:371} INFO - Running <TaskInstance: predict.predict manual__2023-10-30T08:42:00.459238+00:00 [running]> on host 5447ec3a28c0
[2023-10-30 08:42:01,522] {taskinstance.py:1591} INFO - Exporting the following env vars:
AIRFLOW_CTX_DAG_OWNER=Admin
AIRFLOW_CTX_DAG_ID=predict
AIRFLOW_CTX_TASK_ID=predict
AIRFLOW_CTX_EXECUTION_DATE=2023-10-30T08:42:00.459238+00:00
AIRFLOW_CTX_TRY_NUMBER=1
AIRFLOW_CTX_DAG_RUN_ID=manual__2023-10-30T08:42:00.459238+00:00
[2023-10-30 08:42:01,648] {python.py:173} INFO - Done. Returned value was: None
[2023-10-30 08:42:01,667] {taskinstance.py:1420} INFO - Marking task as SUCCESS. dag_id=predict, task_id=predict, execution_date=20231030T084200, start_date=20231030T084201, end_date=20231030T084201
[2023-10-30 08:42:01,688] {local_task_job.py:156} INFO - Task exited with return code 0
[2023-10-30 08:42:01,724] {local_task_job.py:273} INFO - 0 downstream tasks scheduled from follow-on schedule check
