[2023-10-31 04:24:32,628] {taskinstance.py:1179} INFO - Dependencies all met for <TaskInstance: update_data.update_data manual__2023-10-31T04:24:31.818673+00:00 [queued]>
[2023-10-31 04:24:32,642] {taskinstance.py:1179} INFO - Dependencies all met for <TaskInstance: update_data.update_data manual__2023-10-31T04:24:31.818673+00:00 [queued]>
[2023-10-31 04:24:32,642] {taskinstance.py:1376} INFO - 
--------------------------------------------------------------------------------
[2023-10-31 04:24:32,642] {taskinstance.py:1377} INFO - Starting attempt 1 of 11
[2023-10-31 04:24:32,642] {taskinstance.py:1378} INFO - 
--------------------------------------------------------------------------------
[2023-10-31 04:24:32,659] {taskinstance.py:1397} INFO - Executing <Task(PythonOperator): update_data> on 2023-10-31 04:24:31.818673+00:00
[2023-10-31 04:24:32,665] {standard_task_runner.py:52} INFO - Started process 5910 to run task
[2023-10-31 04:24:32,670] {standard_task_runner.py:79} INFO - Running: ['***', 'tasks', 'run', 'update_data', 'update_data', 'manual__2023-10-31T04:24:31.818673+00:00', '--job-id', '207', '--raw', '--subdir', 'DAGS_FOLDER/update_data_dag.py', '--cfg-path', '/tmp/tmpkf285xzu', '--error-file', '/tmp/tmpezlqzadx']
[2023-10-31 04:24:32,670] {standard_task_runner.py:80} INFO - Job 207: Subtask update_data
[2023-10-31 04:24:32,753] {task_command.py:371} INFO - Running <TaskInstance: update_data.update_data manual__2023-10-31T04:24:31.818673+00:00 [running]> on host a2541d93efc1
[2023-10-31 04:24:32,841] {taskinstance.py:1591} INFO - Exporting the following env vars:
AIRFLOW_CTX_DAG_OWNER=Admin
AIRFLOW_CTX_DAG_ID=update_data
AIRFLOW_CTX_TASK_ID=update_data
AIRFLOW_CTX_EXECUTION_DATE=2023-10-31T04:24:31.818673+00:00
AIRFLOW_CTX_TRY_NUMBER=1
AIRFLOW_CTX_DAG_RUN_ID=manual__2023-10-31T04:24:31.818673+00:00
[2023-10-31 04:24:32,971] {python.py:173} INFO - Done. Returned value was: None
[2023-10-31 04:24:32,993] {taskinstance.py:1420} INFO - Marking task as SUCCESS. dag_id=update_data, task_id=update_data, execution_date=20231031T042431, start_date=20231031T042432, end_date=20231031T042432
[2023-10-31 04:24:33,042] {local_task_job.py:156} INFO - Task exited with return code 0
[2023-10-31 04:24:33,082] {local_task_job.py:273} INFO - 0 downstream tasks scheduled from follow-on schedule check
