[2023-10-31 02:27:32,733] {taskinstance.py:1179} INFO - Dependencies all met for <TaskInstance: update_data.update_data manual__2023-10-31T02:18:28.547270+00:00 [queued]>
[2023-10-31 02:27:32,747] {taskinstance.py:1179} INFO - Dependencies all met for <TaskInstance: update_data.update_data manual__2023-10-31T02:18:28.547270+00:00 [queued]>
[2023-10-31 02:27:32,747] {taskinstance.py:1376} INFO - 
--------------------------------------------------------------------------------
[2023-10-31 02:27:32,747] {taskinstance.py:1377} INFO - Starting attempt 4 of 11
[2023-10-31 02:27:32,747] {taskinstance.py:1378} INFO - 
--------------------------------------------------------------------------------
[2023-10-31 02:27:32,766] {taskinstance.py:1397} INFO - Executing <Task(PythonOperator): update_data> on 2023-10-31 02:18:28.547270+00:00
[2023-10-31 02:27:32,771] {standard_task_runner.py:52} INFO - Started process 638 to run task
[2023-10-31 02:27:32,776] {standard_task_runner.py:79} INFO - Running: ['***', 'tasks', 'run', 'update_data', 'update_data', 'manual__2023-10-31T02:18:28.547270+00:00', '--job-id', '205', '--raw', '--subdir', 'DAGS_FOLDER/update_data_dag.py', '--cfg-path', '/tmp/tmp48k59cdn', '--error-file', '/tmp/tmpzkiz2kc6']
[2023-10-31 02:27:32,777] {standard_task_runner.py:80} INFO - Job 205: Subtask update_data
[2023-10-31 02:27:32,869] {task_command.py:371} INFO - Running <TaskInstance: update_data.update_data manual__2023-10-31T02:18:28.547270+00:00 [running]> on host a2541d93efc1
[2023-10-31 02:27:32,970] {taskinstance.py:1591} INFO - Exporting the following env vars:
AIRFLOW_CTX_DAG_OWNER=Admin
AIRFLOW_CTX_DAG_ID=update_data
AIRFLOW_CTX_TASK_ID=update_data
AIRFLOW_CTX_EXECUTION_DATE=2023-10-31T02:18:28.547270+00:00
AIRFLOW_CTX_TRY_NUMBER=4
AIRFLOW_CTX_DAG_RUN_ID=manual__2023-10-31T02:18:28.547270+00:00
[2023-10-31 02:27:33,097] {python.py:173} INFO - Done. Returned value was: None
[2023-10-31 02:27:33,119] {taskinstance.py:1420} INFO - Marking task as SUCCESS. dag_id=update_data, task_id=update_data, execution_date=20231031T021828, start_date=20231031T022732, end_date=20231031T022733
[2023-10-31 02:27:33,148] {local_task_job.py:156} INFO - Task exited with return code 0
[2023-10-31 02:27:33,186] {local_task_job.py:273} INFO - 0 downstream tasks scheduled from follow-on schedule check
