[2023-10-31 02:30:16,549] {taskinstance.py:1179} INFO - Dependencies all met for <TaskInstance: update_data.update_data manual__2023-10-31T02:30:15.730050+00:00 [queued]>
[2023-10-31 02:30:16,565] {taskinstance.py:1179} INFO - Dependencies all met for <TaskInstance: update_data.update_data manual__2023-10-31T02:30:15.730050+00:00 [queued]>
[2023-10-31 02:30:16,566] {taskinstance.py:1376} INFO - 
--------------------------------------------------------------------------------
[2023-10-31 02:30:16,566] {taskinstance.py:1377} INFO - Starting attempt 1 of 11
[2023-10-31 02:30:16,566] {taskinstance.py:1378} INFO - 
--------------------------------------------------------------------------------
[2023-10-31 02:30:16,590] {taskinstance.py:1397} INFO - Executing <Task(PythonOperator): update_data> on 2023-10-31 02:30:15.730050+00:00
[2023-10-31 02:30:16,596] {standard_task_runner.py:52} INFO - Started process 758 to run task
[2023-10-31 02:30:16,601] {standard_task_runner.py:79} INFO - Running: ['***', 'tasks', 'run', 'update_data', 'update_data', 'manual__2023-10-31T02:30:15.730050+00:00', '--job-id', '206', '--raw', '--subdir', 'DAGS_FOLDER/update_data_dag.py', '--cfg-path', '/tmp/tmp8pxhgfbd', '--error-file', '/tmp/tmpkpqy7k9n']
[2023-10-31 02:30:16,602] {standard_task_runner.py:80} INFO - Job 206: Subtask update_data
[2023-10-31 02:30:16,716] {task_command.py:371} INFO - Running <TaskInstance: update_data.update_data manual__2023-10-31T02:30:15.730050+00:00 [running]> on host a2541d93efc1
[2023-10-31 02:30:16,854] {taskinstance.py:1591} INFO - Exporting the following env vars:
AIRFLOW_CTX_DAG_OWNER=Admin
AIRFLOW_CTX_DAG_ID=update_data
AIRFLOW_CTX_TASK_ID=update_data
AIRFLOW_CTX_EXECUTION_DATE=2023-10-31T02:30:15.730050+00:00
AIRFLOW_CTX_TRY_NUMBER=1
AIRFLOW_CTX_DAG_RUN_ID=manual__2023-10-31T02:30:15.730050+00:00
[2023-10-31 02:30:17,017] {python.py:173} INFO - Done. Returned value was: None
[2023-10-31 02:30:17,039] {taskinstance.py:1420} INFO - Marking task as SUCCESS. dag_id=update_data, task_id=update_data, execution_date=20231031T023015, start_date=20231031T023016, end_date=20231031T023017
[2023-10-31 02:30:17,098] {local_task_job.py:156} INFO - Task exited with return code 0
[2023-10-31 02:30:17,141] {local_task_job.py:273} INFO - 0 downstream tasks scheduled from follow-on schedule check
